============================================================
NEW GAME STARTED
Agent: HERO_08 vs Opponent: HERO_05
Action Masking: OFF
============================================================

[Turn 1] === Opponent's Turn ===
[Turn 1, Step 0] Opponent: 턴 종료
[Turn 1, Step 1] Agent: 유효하지 않은 액션 인덱스(10) → 1로 보정
[Turn 1, Step 1] Agent: 카드 플레이 - Clockwork Gnome (코스트: 1)
[Turn 1, Step 2] Agent: 유효하지 않은 액션 인덱스(70) → 0로 보정
[Turn 1, Step 2] Agent: 턴 종료

[Turn 1] === Opponent's Turn ===
[Turn 1, Step 2] Opponent: 카드 플레이 - Spitting Camel (코스트: 2)
[Turn 1, Step 2] Opponent: 턴 종료
[Turn 2, Step 3] Agent: 유효하지 않은 액션 인덱스(41) → 5로 보정
[Turn 2, Step 3] Agent: 영웅 능력 사용 -> Clockwork Gnome
[Turn 2, Step 4] Agent: 유효하지 않은 액션 인덱스(91) → 1로 보정
[Turn 2, Step 4] Agent: 카드 플레이 - The Coin (코스트: 0)

--- Game State (Turn 2, Step 5) ---
Agent: Jaina Proudmoore HP: 30, Mana: 1/2
  Hand (6): Unstable Ghoul, Dragon's Breath, Anubisath Sentinel, Loose Specimen, Azure Explorer, Emergency Coolant
Opponent: Rexxar HP: 30, Mana: 0/2
  Hand (4)
  Field: Spitting Camel[2/4]
[Turn 2, Step 5] Agent: 유효하지 않은 액션 인덱스(3) → 1로 보정
[Turn 2, Step 5] Agent: 카드 플레이 - Emergency Coolant -> Spitting Camel (코스트: 1)
[Turn 2, Step 6] Agent: 유효하지 않은 액션 인덱스(9) → 0로 보정
[Turn 2, Step 6] Agent: 턴 종료

[Turn 2] === Opponent's Turn ===
[Turn 2, Step 6] Opponent: 영웅 능력 사용
[Turn 2, Step 6] Opponent: 턴 종료
[Turn 3, Step 7] Agent: 유효하지 않은 액션 인덱스(84) → 0로 보정
[Turn 3, Step 7] Agent: 턴 종료

[Turn 3] === Opponent's Turn ===
[Turn 3, Step 7] Opponent: 공격 - Spitting Camel[2/4] -> Jaina Proudmoore
[Turn 3, Step 7] Opponent: 턴 종료
[Turn 4, Step 8] Agent: 유효하지 않은 액션 인덱스(88) → 0로 보정
[Turn 4, Step 8] Agent: 턴 종료

[Turn 4] === Opponent's Turn ===
[Turn 4, Step 8] Opponent: 턴 종료
[Turn 5, Step 9] Agent: 유효하지 않은 액션 인덱스(20) → 7로 보정
[Turn 5, Step 9] Agent: 카드 플레이 - Azure Explorer (코스트: 4)

--- Game State (Turn 5, Step 10) ---
Agent: Jaina Proudmoore HP: 26, Mana: 1/5
  Hand (7): Spellweaver, Unstable Ghoul, Dragon's Breath, Anubisath Sentinel, Loose Specimen, Shattered Sun Cleric, Kezan Mystic
  Field: Azure Explorer[2/3]
Opponent: Rexxar HP: 30, Mana: 5/5
  Hand (7)
  Field: Spitting Camel[2/4]
[Turn 5, Step 10] Agent: 선택 - Primordial Drake
[Turn 5, Step 10] Agent: 유효하지 않은 액션 인덱스(19) → 0로 보정
[Turn 5, Step 10] Agent: 턴 종료

[Turn 5] === Opponent's Turn ===
[Turn 5, Step 10] Opponent: 공격 - Spitting Camel[2/4] -> Jaina Proudmoore
[Turn 5, Step 10] Opponent: 카드 플레이 - Cobalt Scalebane (코스트: 5)
[Turn 5, Step 10] Opponent: 턴 종료
[Turn 6, Step 11] Agent: 유효하지 않은 액션 인덱스(95) → 11로 보정
[Turn 6, Step 11] Agent: 카드 플레이 - Kezan Mystic (코스트: 4)
[Turn 6, Step 12] Agent: 유효하지 않은 액션 인덱스(30) → 6로 보정
[Turn 6, Step 12] Agent: 영웅 능력 사용 -> Azure Explorer
[Turn 6, Step 13] Agent: 유효하지 않은 액션 인덱스(30) → 2로 보정
[Turn 6, Step 13] Agent: 공격 - Azure Explorer[2/2] -> Spitting Camel
[Turn 6, Step 14] Agent: 유효하지 않은 액션 인덱스(68) → 0로 보정
[Turn 6, Step 14] Agent: 턴 종료

[Turn 6] === Opponent's Turn ===
[Turn 6, Step 14] Opponent: 공격 - Cobalt Scalebane[5/4] -> Kezan Mystic
[Turn 6, Step 14] Opponent: 카드 플레이 - Gahz'rilla (코스트: 7)
[Turn 6, Step 14] Opponent: 공격 - Spitting Camel[5/2] -> Jaina Proudmoore
[Turn 6, Step 14] Opponent: 턴 종료

--- Game State (Turn 7, Step 15) ---
Agent: Jaina Proudmoore HP: 19, Mana: 7/7
  Hand (9): Spellweaver, Unstable Ghoul, Dragon's Breath, Anubisath Sentinel, Loose Specimen, Shattered Sun Cleric, Primordial Drake, Emerald Hive Queen, Curio Collector
Opponent: Rexxar HP: 30, Mana: 0/7
  Hand (7)
  Field: Spitting Camel[5/2], Gahz'rilla[12/8]
[Turn 7, Step 15] Agent: 유효하지 않은 액션 인덱스(57) → 9로 보정
[Turn 7, Step 15] Agent: 카드 플레이 - Shattered Sun Cleric (코스트: 3)
[Turn 7, Step 16] Agent: 유효하지 않은 액션 인덱스(14) → 6로 보정
[Turn 7, Step 16] Agent: 영웅 능력 사용 -> Gahz'rilla
[Turn 7, Step 17] Agent: 유효하지 않은 액션 인덱스(98) → 2로 보정
[Turn 7, Step 17] Agent: 카드 플레이 - Emerald Hive Queen (코스트: 1)
[Turn 7, Step 18] Agent: 유효하지 않은 액션 인덱스(82) → 0로 보정
[Turn 7, Step 18] Agent: 턴 종료

[Turn 7] === Opponent's Turn ===
[Turn 7, Step 18] Opponent: 영웅 능력 사용
[Turn 7, Step 18] Opponent: 턴 종료
[Turn 8, Step 19] Agent: 공격 - Emerald Hive Queen[2/3] -> Rexxar

--- Game State (Turn 8, Step 20) ---
Agent: Jaina Proudmoore HP: 17, Mana: 8/8
  Hand (8): Spellweaver, Unstable Ghoul, Dragon's Breath, Anubisath Sentinel, Loose Specimen, Primordial Drake, Curio Collector, Learn Draconic
  Field: Shattered Sun Cleric[3/2], Emerald Hive Queen[2/3]
Opponent: Rexxar HP: 28, Mana: 6/8
  Hand (8)
  Field: Spitting Camel[5/2], Gahz'rilla[48/6]
[Turn 8, Step 20] Agent: 유효하지 않은 액션 인덱스(75) → 9로 보정
[Turn 8, Step 20] Agent: 카드 플레이 - Anubisath Sentinel (코스트: 7)
[Turn 8, Step 21] Agent: 유효하지 않은 액션 인덱스(32) → 2로 보정
[Turn 8, Step 21] Agent: 공격 - Shattered Sun Cleric[3/2] -> Rexxar
[Turn 8, Step 22] Agent: 유효하지 않은 액션 인덱스(97) → 1로 보정
[Turn 8, Step 22] Agent: 카드 플레이 - Learn Draconic (코스트: 1)
[Turn 8, Step 23] Agent: 유효하지 않은 액션 인덱스(8) → 0로 보정
[Turn 8, Step 23] Agent: 턴 종료

[Turn 8] === Opponent's Turn ===
[Turn 8, Step 23] Opponent: 영웅 능력 사용
[Turn 8, Step 23] Opponent: 턴 종료
[Turn 9, Step 24] Agent: 유효하지 않은 액션 인덱스(96) → 9로 보정
[Turn 9, Step 24] Agent: 카드 플레이 - Dragon's Breath -> Anubisath Sentinel (코스트: 5)

--- Game State (Turn 9, Step 25) ---
Agent: Jaina Proudmoore HP: 15, Mana: 4/9
  Hand (6): Spellweaver, Unstable Ghoul, Loose Specimen, Primordial Drake, Curio Collector, Corrupted Healbot
  Field: Shattered Sun Cleric[3/2], Emerald Hive Queen[5/6]
Opponent: Rexxar HP: 25, Mana: 7/9
  Hand (9)
  Field: Spitting Camel[5/2], Gahz'rilla[96/5]
[Turn 9, Step 25] Agent: 유효하지 않은 액션 인덱스(29) → 1로 보정
[Turn 9, Step 25] Agent: 카드 플레이 - Unstable Ghoul (코스트: 4)
[Turn 9, Step 26] Agent: 유효하지 않은 액션 인덱스(32) → 4로 보정
[Turn 9, Step 26] Agent: 공격 - Emerald Hive Queen[5/6] -> Rexxar
[Turn 9, Step 27] Agent: 유효하지 않은 액션 인덱스(73) → 1로 보정
[Turn 9, Step 27] Agent: 공격 - Shattered Sun Cleric[3/2] -> Rexxar
[Turn 9, Step 28] Agent: 유효하지 않은 액션 인덱스(11) → 0로 보정
[Turn 9, Step 28] Agent: 턴 종료

[Turn 9] === Opponent's Turn ===
[Turn 9, Step 28] Opponent: 카드 플레이 - Powershot -> Spitting Camel (코스트: 3)
[Turn 9, Step 28] Opponent: 턴 종료
[Turn 10, Step 29] Agent: 유효하지 않은 액션 인덱스(69) → 12로 보정
[Turn 10, Step 29] Agent: 영웅 능력 사용 -> Unstable Ghoul

--- Game State (Turn 10, Step 30) ---
Agent: Jaina Proudmoore HP: 15, Mana: 8/10
  Hand (6): Spellweaver, Loose Specimen, Primordial Drake, Curio Collector, Corrupted Healbot, Mad Bomber
  Field: Shattered Sun Cleric[3/2], Emerald Hive Queen[5/6], Unstable Ghoul[1/2]
Opponent: Rexxar HP: 17, Mana: 7/10
  Hand (9)
  Field: Gahz'rilla[192/3]
[Turn 10, Step 30] Agent: 유효하지 않은 액션 인덱스(24) → 0로 보정
[Turn 10, Step 30] Agent: 턴 종료

[Turn 10] === Opponent's Turn ===
[Turn 10, Step 30] Opponent: 카드 플레이 - Faerie Dragon (코스트: 2)
[Turn 10, Step 30] Opponent: 카드 플레이 - Recombobulator -> Faerie Dragon (코스트: 2)
[Turn 10, Step 30] Opponent: 턴 종료
[Turn 10, Step 31] Agent: 영웅 능력 사용 -> Shattered Sun Cleric
[Turn 10, Step 32] Agent: 유효하지 않은 액션 인덱스(90) → 14로 보정
[Turn 10, Step 32] Agent: 공격 - Emerald Hive Queen[5/6] -> Recombobulator
[Turn 10, Step 33] Agent: 카드 플레이 - Corrupted Healbot (코스트: 7)
[Turn 10, Step 34] Agent: 유효하지 않은 액션 인덱스(44) → 2로 보정
[Turn 10, Step 34] Agent: 공격 - Shattered Sun Cleric[3/1] -> Gahz'rilla

--- Game State (Turn 10, Step 35) ---
Agent: Jaina Proudmoore HP: 15, Mana: 1/10
  Hand (6): Spellweaver, Loose Specimen, Primordial Drake, Curio Collector, Mad Bomber, Wild Pyromancer
  Field: Emerald Hive Queen[5/3], Unstable Ghoul[1/2], Corrupted Healbot[6/6]
Opponent: Rexxar HP: 17, Mana: 6/10
  Hand (8)
  Field: Beckoner of Evil[2/3]
[Turn 10, Step 35] Agent: 유효하지 않은 액션 인덱스(36) → 0로 보정
[Turn 10, Step 35] Agent: 턴 종료

[Turn 10] === Opponent's Turn ===
[Turn 10, Step 35] Opponent: 턴 종료
[Turn 10, Step 36] Agent: 유효하지 않은 액션 인덱스(79) → 19로 보정
[Turn 10, Step 36] Agent: 공격 - Corrupted Healbot[6/6] -> Beckoner of Evil
[Turn 10, Step 37] Agent: 유효하지 않은 액션 인덱스(27) → 12로 보정
[Turn 10, Step 37] Agent: 영웅 능력 사용 -> Corrupted Healbot
[Turn 10, Step 38] Agent: 유효하지 않은 액션 인덱스(98) → 8로 보정
[Turn 10, Step 38] Agent: 공격 - Unstable Ghoul[1/2] -> Rexxar
[Turn 10, Step 39] Agent: 유효하지 않은 액션 인덱스(21) → 5로 보정
[Turn 10, Step 39] Agent: 카드 플레이 - Wild Pyromancer (코스트: 4)

--- Game State (Turn 10, Step 40) ---
Agent: Jaina Proudmoore HP: 15, Mana: 4/10
  Hand (6): Spellweaver, Loose Specimen, Primordial Drake, Curio Collector, Mad Bomber, Murloc Warleader
  Field: Emerald Hive Queen[5/3], Unstable Ghoul[1/2], Corrupted Healbot[6/3], Wild Pyromancer[3/2]
Opponent: Rexxar HP: 16, Mana: 10/10
  Hand (9)
[Turn 10, Step 40] Agent: 유효하지 않은 액션 인덱스(26) → 2로 보정
[Turn 10, Step 40] Agent: 공격 - Emerald Hive Queen[5/3] -> Rexxar
[Turn 10, Step 41] Agent: 카드 플레이 - Mad Bomber (코스트: 4)
[Turn 10, Step 42] Agent: 유효하지 않은 액션 인덱스(47) → 0로 보정
[Turn 10, Step 42] Agent: 턴 종료

[Turn 10] === Opponent's Turn ===
[Turn 10, Step 42] Opponent: 카드 플레이 - Nerubian Unraveler (코스트: 6)
[Turn 10, Step 42] Opponent: 영웅 능력 사용
[Turn 10, Step 42] Opponent: 턴 종료
[Turn 10, Step 43] Agent: 유효하지 않은 액션 인덱스(76) → 1로 보정
[Turn 10, Step 43] Agent: 카드 플레이 - Spellweaver (코스트: 8)
[Turn 10, Step 44] Agent: 유효하지 않은 액션 인덱스(84) → 4로 보정
[Turn 10, Step 44] Agent: 영웅 능력 사용 -> Unstable Ghoul

--- Game State (Turn 10, Step 45) ---
Agent: Jaina Proudmoore HP: 13, Mana: 0/10
  Hand (5): Loose Specimen, Primordial Drake, Curio Collector, Murloc Warleader, Infested Tauren
  Field: Emerald Hive Queen[5/2], Unstable Ghoul[1/1], Corrupted Healbot[6/3], Wild Pyromancer[3/2], Mad Bomber[3/2], Spellweaver[4/4]
Opponent: Rexxar HP: 9, Mana: 2/10
  Hand (9)
  Field: Nerubian Unraveler[5/5]
[Turn 10, Step 45] Agent: 유효하지 않은 액션 인덱스(94) → 6로 보정
[Turn 10, Step 45] Agent: 공격 - Corrupted Healbot[6/3] -> Nerubian Unraveler
[Turn 10, Step 46] Agent: 유효하지 않은 액션 인덱스(93) → 3로 보정
[Turn 10, Step 46] Agent: 공격 - Wild Pyromancer[3/2] -> Rexxar
[Turn 10, Step 47] Agent: 유효하지 않은 액션 인덱스(69) → 1로 보정
[Turn 10, Step 47] Agent: 공격 - Emerald Hive Queen[5/2] -> Rexxar
[Turn 10, Step 48] Agent: 유효하지 않은 액션 인덱스(39) → 0로 보정
[Turn 10, Step 48] Agent: 턴 종료

[Turn 10] === Opponent's Turn ===
[Turn 10, Step 48] Opponent: 영웅 능력 사용
[Turn 10, Step 48] Opponent: 카드 플레이 - Spellzerker (코스트: 2)
[Turn 10, Step 48] Opponent: 카드 플레이 - Nerub'ar Weblord (코스트: 2)
[Turn 10, Step 48] Opponent: 카드 플레이 - Weaponized Piñata (코스트: 4)
[Turn 10, Step 48] Opponent: 턴 종료
[Turn 10, Step 49] Agent: 유효하지 않은 액션 인덱스(44) → 8로 보정
[Turn 10, Step 49] Agent: 영웅 능력 사용 -> Emerald Hive Queen

--- Game State (Turn 10, Step 50) ---
Agent: Jaina Proudmoore HP: 11, Mana: 8/10
  Hand (6): Loose Specimen, Primordial Drake, Curio Collector, Murloc Warleader, Infested Tauren, Temple Berserker
  Field: Emerald Hive Queen[5/1], Unstable Ghoul[1/1], Wild Pyromancer[3/2], Mad Bomber[3/2], Spellweaver[4/4]
Opponent: Rexxar HP: 9, Mana: 0/10
  Hand (7)
  Field: Spellzerker[2/3], Nerub'ar Weblord[1/4], Weaponized Piñata[4/3]
[Turn 10, Step 50] Agent: 유효하지 않은 액션 인덱스(47) → 22로 보정
[Turn 10, Step 50] Agent: 공격 - Spellweaver[4/4] -> Spellzerker
[Turn 10, Step 51] Agent: 카드 플레이 - Curio Collector (코스트: 7)
[Turn 10, Step 52] Agent: 유효하지 않은 액션 인덱스(58) → 6로 보정
[Turn 10, Step 52] Agent: 공격 - Unstable Ghoul[1/1] -> Weaponized Piñata
[Turn 10, Step 53] Agent: 유효하지 않은 액션 인덱스(74) → 4로 보정
[Turn 10, Step 53] Agent: 공격 - Mad Bomber[3/1] -> Rexxar
[Turn 10, Step 54] Agent: 유효하지 않은 액션 인덱스(77) → 1로 보정
[Turn 10, Step 54] Agent: 공격 - Wild Pyromancer[3/1] -> Rexxar

--- Game State (Turn 10, Step 55) ---
Agent: Jaina Proudmoore HP: 11, Mana: 1/10
  Hand (5): Loose Specimen, Primordial Drake, Murloc Warleader, Infested Tauren, Temple Berserker
  Field: Wild Pyromancer[3/1], Mad Bomber[3/1], Spellweaver[4/1], Curio Collector[4/3]
Opponent: Rexxar HP: 3, Mana: 0/10
  Hand (7)
  Field: Nerub'ar Weblord[1/3], Weaponized Piñata[4/1]
[Turn 10, Step 55] Agent: 유효하지 않은 액션 인덱스(75) → 0로 보정
[Turn 10, Step 55] Agent: 턴 종료

[Turn 10] === Opponent's Turn ===
[Turn 10, Step 55] Opponent: 카드 플레이 - Bolf Ramshield (코스트: 6)
[Turn 10, Step 55] Opponent: 턴 종료
[Turn 10, Step 56] Agent: 영웅 능력 사용 -> Curio Collector
[Turn 10, Step 57] Agent: 카드 플레이 - Murloc Warleader (코스트: 3)
[Turn 10, Step 58] Agent: 유효하지 않은 액션 인덱스(64) → 4로 보정
[Turn 10, Step 58] Agent: 공격 - Wild Pyromancer[3/1] -> Rexxar
[Turn 10, Step 59] Agent: 유효하지 않은 액션 인덱스(92) → 12로 보정
[Turn 10, Step 59] Agent: 공격 - Curio Collector[4/2] -> Rexxar

--- Game State (Turn 10, Step 60) ---
Agent: Jaina Proudmoore HP: 11, Mana: 5/10
  Hand (5): Loose Specimen, Primordial Drake, Infested Tauren, Temple Berserker, Ticking Abomination
  Field: Wild Pyromancer[3/1], Mad Bomber[3/1], Spellweaver[4/1], Curio Collector[4/2], Murloc Warleader[3/3]
Opponent: Rexxar HP: 3, Mana: 4/10
  Hand (7)
  Field: Nerub'ar Weblord[1/3], Weaponized Piñata[4/1], Bolf Ramshield[3/2]
[Turn 10, Step 60] Agent: 유효하지 않은 액션 인덱스(40) → 4로 보정
[Turn 10, Step 60] Agent: 공격 - Mad Bomber[3/1] -> Rexxar
[Turn 10, Step 61] Agent: 유효하지 않은 액션 인덱스(13) → 6로 보정
[Turn 10, Step 61] Agent: 공격 - Spellweaver[4/1] -> Weaponized Piñata
[Turn 10, Step 62] Agent: 유효하지 않은 액션 인덱스(62) → 2로 보정
[Turn 10, Step 62] Agent: 카드 플레이 - Temple Berserker (코스트: 2)
[Turn 10, Step 63] Agent: 유효하지 않은 액션 인덱스(2) → 0로 보정
[Turn 10, Step 63] Agent: 턴 종료

[Turn 10] === Opponent's Turn ===
[Turn 10, Step 63] Opponent: 공격 - Nerub'ar Weblord[1/3] -> Wild Pyromancer
[Turn 10, Step 63] Opponent: 카드 플레이 - Humongous Razorleaf (코스트: 3)
[Turn 10, Step 63] Opponent: 카드 플레이 - Unseen Saboteur (코스트: 6)
[Turn 10, Step 63] Opponent: 턴 종료
[Turn 10, Step 64] Agent: 유효하지 않은 액션 인덱스(65) → 32로 보정
[Turn 10, Step 64] Agent: 공격 - Temple Berserker[1/2] -> Unseen Saboteur

--- Game State (Turn 10, Step 65) ---
Agent: Jaina Proudmoore HP: 11, Mana: 10/10
  Hand (5): Loose Specimen, Primordial Drake, Infested Tauren, Ticking Abomination, Spring Rocket
  Field: Mad Bomber[3/1], Curio Collector[4/2], Murloc Warleader[3/3], Temple Berserker[3/1]
Opponent: Rexxar HP: 3, Mana: 1/10
  Hand (7)
  Field: Humongous Razorleaf[4/8], Unseen Saboteur[5/5]
[Turn 10, Step 65] Agent: 유효하지 않은 액션 인덱스(61) → 1로 보정
[Turn 10, Step 65] Agent: 카드 플레이 - Loose Specimen (코스트: 5)
[Turn 10, Step 66] Agent: 유효하지 않은 액션 인덱스(93) → 1로 보정
[Turn 10, Step 66] Agent: 카드 플레이 - Infested Tauren (코스트: 4)
[Turn 10, Step 67] Agent: 유효하지 않은 액션 인덱스(73) → 3로 보정
[Turn 10, Step 67] Agent: 공격 - Curio Collector[4/2] -> Unseen Saboteur
[Turn 10, Step 68] Agent: 유효하지 않은 액션 인덱스(87) → 3로 보정
[Turn 10, Step 68] Agent: 공격 - Murloc Warleader[3/3] -> Unseen Saboteur
[Turn 10, Step 69] Agent: 유효하지 않은 액션 인덱스(58) → 0로 보정
[Turn 10, Step 69] Agent: 턴 종료

[Turn 10] === Opponent's Turn ===
[Turn 10, Step 69] Opponent: 카드 플레이 - Sideshow Spelleater (코스트: 6)
[Turn 10, Step 69] Opponent: 영웅 능력 사용 -> Sideshow Spelleater
[Turn 10, Step 69] Opponent: 턴 종료

--- Game State (Turn 10, Step 70) ---
Agent: Jaina Proudmoore HP: 11, Mana: 10/10
  Hand (4): Primordial Drake, Ticking Abomination, Spring Rocket, Big Bad Archmage
  Field: Loose Specimen[6/5], Infested Tauren[2/3]
Opponent: Rexxar HP: 3, Mana: 2/10
  Hand (7)
  Field: Humongous Razorleaf[4/8], Sideshow Spelleater[6/4]
[Turn 10, Step 70] Agent: 유효하지 않은 액션 인덱스(45) → 1로 보정
[Turn 10, Step 70] Agent: 카드 플레이 - Primordial Drake (코스트: 8)
[Turn 10, Step 71] Agent: 유효하지 않은 액션 인덱스(83) → 13로 보정
[Turn 10, Step 71] Agent: 공격 - Infested Tauren[2/1] -> Sideshow Spelleater
[Turn 10, Step 72] Agent: 유효하지 않은 액션 인덱스(54) → 0로 보정
[Turn 10, Step 72] Agent: 턴 종료

[Turn 10] === Opponent's Turn ===
[Turn 10, Step 72] Opponent: 카드 플레이 - Demolisher (코스트: 3)
[Turn 10, Step 72] Opponent: 턴 종료
[Turn 10, Step 73] Agent: 유효하지 않은 액션 인덱스(79) → 25로 보정
[Turn 10, Step 73] Agent: 공격 - Primordial Drake[4/6] -> Humongous Razorleaf
[Turn 10, Step 74] Agent: 유효하지 않은 액션 인덱스(83) → 11로 보정
[Turn 10, Step 74] Agent: 영웅 능력 사용 -> Jaina Proudmoore

--- Game State (Turn 10, Step 75) ---
Agent: Jaina Proudmoore HP: 10, Mana: 8/10
  Hand (4): Ticking Abomination, Spring Rocket, Big Bad Archmage, Half-Time Scavenger
  Field: Loose Specimen[6/3], Slime[2/2], Primordial Drake[4/2]
Opponent: Rexxar HP: 3, Mana: 7/10
  Hand (7)
  Field: Humongous Razorleaf[4/2], Demolisher[1/4]
[Turn 10, Step 75] Agent: 유효하지 않은 액션 인덱스(29) → 13로 보정
[Turn 10, Step 75] Agent: 공격 - Slime[2/2] -> Rexxar
[Turn 10, Step 76] Agent: 유효하지 않은 액션 인덱스(72) → 7로 보정
[Turn 10, Step 76] Agent: 카드 플레이 - Spring Rocket -> Slime (코스트: 3)
[Turn 10, Step 77] Agent: 유효하지 않은 액션 인덱스(20) → 2로 보정
[Turn 10, Step 77] Agent: 카드 플레이 - Half-Time Scavenger (코스트: 4)
[Turn 10, Step 78] Agent: 유효하지 않은 액션 인덱스(88) → 0로 보정
[Turn 10, Step 78] Agent: 턴 종료

[Turn 10] === Opponent's Turn ===
[Turn 10, Step 78] Opponent: 영웅 능력 사용 -> Loose Specimen
[Turn 10, Step 78] Opponent: 카드 플레이 - Justicar Trueheart (코스트: 6)
[Turn 10, Step 78] Opponent: 영웅 능력 사용 -> Spring Rocket
[Turn 10, Step 78] Opponent: 공격 - Demolisher[1/4] -> Primordial Drake
[Turn 10, Step 78] Opponent: 턴 종료
[Turn 10, Step 79] Agent: 유효하지 않은 액션 인덱스(86) → 6로 보정
[Turn 10, Step 79] Agent: 영웅 능력 사용 -> Humongous Razorleaf

--- Game State (Turn 10, Step 80) ---
Agent: Jaina Proudmoore HP: 8, Mana: 8/10
  Hand (3): Ticking Abomination, Big Bad Archmage, Demolisher
  Field: Loose Specimen[6/2], Primordial Drake[4/1], Half-Time Scavenger[3/5]
Opponent: Rexxar HP: 1, Mana: 0/10
  Hand (7)
  Field: Humongous Razorleaf[4/1], Justicar Trueheart[6/3]
[Turn 10, Step 80] Agent: 유효하지 않은 액션 인덱스(57) → 9로 보정
[Turn 10, Step 80] Agent: 공격 - Half-Time Scavenger[3/5] -> Rexxar

--- Game State (Turn 10, Step 81) ---
Agent: Jaina Proudmoore HP: 8, Mana: 8/10
  Hand (3): Ticking Abomination, Big Bad Archmage, Demolisher
  Field: Loose Specimen[6/2], Primordial Drake[4/1], Half-Time Scavenger[3/5]
Opponent: Rexxar HP: 0, Mana: 0/10
  Hand (7)
  Field: Humongous Razorleaf[4/1], Justicar Trueheart[6/3]

============================================================
게임 종료 - Terminated: True, Truncated: False
승자: Agent
============================================================

