============================================================
NEW GAME STARTED
Agent: HERO_08 vs Opponent: HERO_05
Action Masking: OFF
============================================================
[Turn 1, Step 0] Agent: 유효하지 않은 액션 인덱스(9) → 0로 보정
[Turn 1, Step 0] Agent: 턴 종료

[Turn 1] === Opponent's Turn ===
[Turn 1, Step 0] Opponent: 카드 플레이 - The Coin (코스트: 0)
[Turn 1, Step 0] Opponent: 영웅 능력 사용
[Turn 1, Step 0] Opponent: 턴 종료
[Turn 2, Step 1] Agent: 유효하지 않은 액션 인덱스(9) → 1로 보정
[Turn 2, Step 1] Agent: 카드 플레이 - Dwarven Archaeologist (코스트: 2)
[Turn 2, Step 2] Agent: 유효하지 않은 액션 인덱스(27) → 0로 보정
[Turn 2, Step 2] Agent: 턴 종료

[Turn 2] === Opponent's Turn ===
[Turn 2, Step 2] Opponent: 턴 종료
[Turn 3, Step 3] Agent: 유효하지 않은 액션 인덱스(29) → 4로 보정
[Turn 3, Step 3] Agent: 공격 - Dwarven Archaeologist[2/3] -> Rexxar
[Turn 3, Step 4] Agent: 유효하지 않은 액션 인덱스(74) → 2로 보정
[Turn 3, Step 4] Agent: 영웅 능력 사용 -> Rexxar

--- Game State (Turn 3, Step 5) ---
Agent: Jaina Proudmoore HP: 28, Mana: 1/3
  Hand (5): Dark Iron Dwarf, Bittertide Hydra, Burly Rockjaw Trogg, Recruiter, Corpse Raiser
  Field: Dwarven Archaeologist[2/3]
Opponent: Rexxar HP: 27, Mana: 2/2
  Hand (6)
[Turn 3, Step 5] Agent: 유효하지 않은 액션 인덱스(36) → 0로 보정
[Turn 3, Step 5] Agent: 턴 종료

[Turn 3] === Opponent's Turn ===
[Turn 3, Step 5] Opponent: 턴 종료
[Turn 4, Step 6] Agent: 유효하지 않은 액션 인덱스(25) → 1로 보정
[Turn 4, Step 6] Agent: 카드 플레이 - Dark Iron Dwarf -> Dwarven Archaeologist (코스트: 4)
[Turn 4, Step 7] Agent: 유효하지 않은 액션 인덱스(4) → 0로 보정
[Turn 4, Step 7] Agent: 턴 종료

[Turn 4] === Opponent's Turn ===
[Turn 4, Step 7] Opponent: 영웅 능력 사용
[Turn 4, Step 7] Opponent: 카드 플레이 - Stubborn Gastropod (코스트: 2)
[Turn 4, Step 7] Opponent: 턴 종료
[Turn 5, Step 8] Agent: 카드 플레이 - Corpse Raiser -> Dark Iron Dwarf (코스트: 5)
[Turn 5, Step 9] Agent: 유효하지 않은 액션 인덱스(92) → 2로 보정
[Turn 5, Step 9] Agent: 공격 - Dark Iron Dwarf[4/4] -> Stubborn Gastropod

--- Game State (Turn 5, Step 10) ---
Agent: Jaina Proudmoore HP: 26, Mana: 0/5
  Hand (5): Bittertide Hydra, Burly Rockjaw Trogg, Recruiter, Spellshifter, Bolf Ramshield
  Field: Dwarven Archaeologist[2/3], Corpse Raiser[3/3], Dark Iron Dwarf[4/4]
Opponent: Rexxar HP: 27, Mana: 0/4
  Hand (7)
[Turn 5, Step 10] Agent: 유효하지 않은 액션 인덱스(50) → 0로 보정
[Turn 5, Step 10] Agent: 턴 종료

[Turn 5] === Opponent's Turn ===
[Turn 5, Step 10] Opponent: 턴 종료
[Turn 6, Step 11] Agent: 유효하지 않은 액션 인덱스(27) → 12로 보정
[Turn 6, Step 11] Agent: 공격 - Dwarven Archaeologist[2/3] -> Rexxar
[Turn 6, Step 12] Agent: 영웅 능력 사용 -> Jaina Proudmoore
[Turn 6, Step 13] Agent: 턴 종료

[Turn 6] === Opponent's Turn ===
[Turn 6, Step 13] Opponent: 카드 플레이 - Half-Time Scavenger (코스트: 4)
[Turn 6, Step 13] Opponent: 영웅 능력 사용
[Turn 6, Step 13] Opponent: 턴 종료
[Turn 7, Step 14] Agent: 유효하지 않은 액션 인덱스(94) → 4로 보정
[Turn 7, Step 14] Agent: 카드 플레이 - Spellshifter (코스트: 2)

--- Game State (Turn 7, Step 15) ---
Agent: Jaina Proudmoore HP: 23, Mana: 5/7
  Hand (6): Bittertide Hydra, Burly Rockjaw Trogg, Recruiter, Bolf Ramshield, Jeeves, Mosh'Ogg Enforcer
  Field: Dwarven Archaeologist[2/3], Corpse Raiser[3/3], Dark Iron Dwarf[4/4], Spellshifter[4/1]
Opponent: Rexxar HP: 25, Mana: 0/6
  Hand (8)
  Field: Half-Time Scavenger[3/5]
[Turn 7, Step 15] Agent: 영웅 능력 사용 -> Rexxar
[Turn 7, Step 16] Agent: 유효하지 않은 액션 인덱스(16) → 0로 보정
[Turn 7, Step 16] Agent: 턴 종료

[Turn 7] === Opponent's Turn ===
[Turn 7, Step 16] Opponent: 턴 종료
[Turn 8, Step 17] Agent: 유효하지 않은 액션 인덱스(69) → 15로 보정
[Turn 8, Step 17] Agent: 공격 - Corpse Raiser[3/3] -> Rexxar
[Turn 8, Step 18] Agent: 유효하지 않은 액션 인덱스(97) → 12로 보정
[Turn 8, Step 18] Agent: 영웅 능력 사용 -> Dark Iron Dwarf
[Turn 8, Step 19] Agent: 유효하지 않은 액션 인덱스(65) → 2로 보정
[Turn 8, Step 19] Agent: 카드 플레이 - Burly Rockjaw Trogg (코스트: 4)

--- Game State (Turn 8, Step 20) ---
Agent: Jaina Proudmoore HP: 23, Mana: 2/8
  Hand (6): Bittertide Hydra, Recruiter, Bolf Ramshield, Jeeves, Mosh'Ogg Enforcer, Volcanosaur
  Field: Dwarven Archaeologist[2/3], Corpse Raiser[3/3], Dark Iron Dwarf[4/3], Spellshifter[4/1], Burly Rockjaw Trogg[3/5]
Opponent: Rexxar HP: 21, Mana: 7/7
  Hand (9)
  Field: Half-Time Scavenger[3/5]
[Turn 8, Step 20] Agent: 유효하지 않은 액션 인덱스(58) → 2로 보정
[Turn 8, Step 20] Agent: 공격 - Dark Iron Dwarf[4/3] -> Rexxar
[Turn 8, Step 21] Agent: 유효하지 않은 액션 인덱스(58) → 1로 보정
[Turn 8, Step 21] Agent: 공격 - Dwarven Archaeologist[2/3] -> Rexxar
[Turn 8, Step 22] Agent: 유효하지 않은 액션 인덱스(85) → 1로 보정
[Turn 8, Step 22] Agent: 공격 - Spellshifter[4/1] -> Rexxar
[Turn 8, Step 23] Agent: 유효하지 않은 액션 인덱스(75) → 0로 보정
[Turn 8, Step 23] Agent: 턴 종료

[Turn 8] === Opponent's Turn ===
[Turn 8, Step 23] Opponent: 턴 종료
[Turn 9, Step 24] Agent: 유효하지 않은 액션 인덱스(36) → 16로 보정
[Turn 9, Step 24] Agent: 공격 - Corpse Raiser[3/3] -> Rexxar

--- Game State (Turn 9, Step 25) ---
Agent: Jaina Proudmoore HP: 23, Mana: 9/9
  Hand (7): Bittertide Hydra, Recruiter, Bolf Ramshield, Jeeves, Mosh'Ogg Enforcer, Volcanosaur, Dragoncaller Alanna
  Field: Dwarven Archaeologist[2/3], Corpse Raiser[3/3], Dark Iron Dwarf[4/3], Spellshifter[4/1], Burly Rockjaw Trogg[3/5]
Opponent: Rexxar HP: 8, Mana: 8/8
  Hand (10)
  Field: Half-Time Scavenger[3/5]
[Turn 9, Step 25] Agent: 유효하지 않은 액션 인덱스(52) → 14로 보정
[Turn 9, Step 25] Agent: 영웅 능력 사용 -> Burly Rockjaw Trogg
[Turn 9, Step 26] Agent: 유효하지 않은 액션 인덱스(78) → 8로 보정
[Turn 9, Step 26] Agent: 공격 - Spellshifter[4/1] -> Rexxar
[Turn 9, Step 27] Agent: 유효하지 않은 액션 인덱스(99) → 0로 보정
[Turn 9, Step 27] Agent: 턴 종료

[Turn 9] === Opponent's Turn ===
[Turn 9, Step 27] Opponent: 카드 플레이 - Wrathion (코스트: 6)
[Turn 9, Step 27] Opponent: 영웅 능력 사용
[Turn 9, Step 27] Opponent: 공격 - Half-Time Scavenger[3/5] -> Burly Rockjaw Trogg
[Turn 9, Step 27] Opponent: 턴 종료
[Turn 10, Step 28] Agent: 영웅 능력 사용 -> Corpse Raiser
[Turn 10, Step 29] Agent: 유효하지 않은 액션 인덱스(59) → 7로 보정
[Turn 10, Step 29] Agent: 카드 플레이 - Wing Commander (코스트: 4)

--- Game State (Turn 10, Step 30) ---
Agent: Jaina Proudmoore HP: 21, Mana: 4/10
  Hand (7): Bittertide Hydra, Recruiter, Bolf Ramshield, Jeeves, Mosh'Ogg Enforcer, Volcanosaur, Dragoncaller Alanna
  Field: Dwarven Archaeologist[2/3], Corpse Raiser[3/2], Dark Iron Dwarf[4/3], Spellshifter[4/1], Burly Rockjaw Trogg[3/1], Wing Commander[2/5]
Opponent: Rexxar HP: 4, Mana: 1/9
  Hand (10)
  Field: Half-Time Scavenger[3/2], Wrathion[4/5]
[Turn 10, Step 30] Agent: 유효하지 않은 액션 인덱스(84) → 0로 보정
[Turn 10, Step 30] Agent: 턴 종료

[Turn 10] === Opponent's Turn ===
[Turn 10, Step 30] Opponent: 공격 - Wrathion[4/5] -> Jaina Proudmoore
[Turn 10, Step 30] Opponent: 카드 플레이 - Cult Apothecary (코스트: 5)
[Turn 10, Step 30] Opponent: 턴 종료
[Turn 10, Step 31] Agent: 유효하지 않은 액션 인덱스(91) → 13로 보정
[Turn 10, Step 31] Agent: 영웅 능력 사용 -> Dark Iron Dwarf
[Turn 10, Step 32] Agent: 유효하지 않은 액션 인덱스(19) → 5로 보정
[Turn 10, Step 32] Agent: 카드 플레이 - Mosh'Ogg Enforcer (코스트: 8)
[Turn 10, Step 33] Agent: 유효하지 않은 액션 인덱스(73) → 3로 보정
[Turn 10, Step 33] Agent: 공격 - Dark Iron Dwarf[4/2] -> Wrathion
[Turn 10, Step 34] Agent: 유효하지 않은 액션 인덱스(18) → 0로 보정
[Turn 10, Step 34] Agent: 턴 종료

[Turn 10] === Opponent's Turn ===
[Turn 10, Step 34] Opponent: 카드 플레이 - Evasive Wyrm (코스트: 6)
[Turn 10, Step 34] Opponent: 턴 종료

--- Game State (Turn 10, Step 35) ---
Agent: Jaina Proudmoore HP: 17, Mana: 10/10
  Hand (8): Bittertide Hydra, Recruiter, Bolf Ramshield, Jeeves, Volcanosaur, Dragoncaller Alanna, Alarm-o-Bot, Mechwarper
  Field: Dwarven Archaeologist[2/3], Corpse Raiser[3/2], Spellshifter[4/1], Burly Rockjaw Trogg[3/1], Wing Commander[2/5], Mosh'Ogg Enforcer[2/14]
Opponent: Rexxar HP: 16, Mana: 4/10
  Hand (9)
  Field: Half-Time Scavenger[3/2], Wrathion[4/1], Cult Apothecary[4/4], Evasive Wyrm[5/3]
[Turn 10, Step 35] Agent: 유효하지 않은 액션 인덱스(80) → 2로 보정
[Turn 10, Step 35] Agent: 카드 플레이 - Recruiter (코스트: 5)
[Turn 10, Step 36] Agent: 공격 - Spellshifter[4/1] -> Wrathion
[Turn 10, Step 37] Agent: 유효하지 않은 액션 인덱스(63) → 28로 보정
[Turn 10, Step 37] Agent: 공격 - Wing Commander[2/5] -> Half-Time Scavenger
[Turn 10, Step 38] Agent: 유효하지 않은 액션 인덱스(50) → 24로 보정
[Turn 10, Step 38] Agent: 공격 - Mosh'Ogg Enforcer[2/14] -> Cult Apothecary
[Turn 10, Step 39] Agent: 유효하지 않은 액션 인덱스(29) → 6로 보정
[Turn 10, Step 39] Agent: 영웅 능력 사용 -> Rexxar

--- Game State (Turn 10, Step 40) ---
Agent: Jaina Proudmoore HP: 17, Mana: 3/10
  Hand (8): Bittertide Hydra, Bolf Ramshield, Jeeves, Volcanosaur, Dragoncaller Alanna, Alarm-o-Bot, Mechwarper, Squire
  Field: Dwarven Archaeologist[2/3], Corpse Raiser[3/2], Burly Rockjaw Trogg[3/1], Wing Commander[2/2], Mosh'Ogg Enforcer[2/14], Recruiter[5/4]
Opponent: Rexxar HP: 15, Mana: 4/10
  Hand (9)
  Field: Cult Apothecary[4/2], Evasive Wyrm[5/3]
[Turn 10, Step 40] Agent: 유효하지 않은 액션 인덱스(34) → 8로 보정
[Turn 10, Step 40] Agent: 공격 - Corpse Raiser[3/2] -> Cult Apothecary
[Turn 10, Step 41] Agent: 유효하지 않은 액션 인덱스(23) → 7로 보정
[Turn 10, Step 41] Agent: 공격 - Burly Rockjaw Trogg[3/1] -> Evasive Wyrm
[Turn 10, Step 42] Agent: 유효하지 않은 액션 인덱스(28) → 4로 보정
[Turn 10, Step 42] Agent: 공격 - Dwarven Archaeologist[2/3] -> Rexxar
[Turn 10, Step 43] Agent: 유효하지 않은 액션 인덱스(35) → 3로 보정
[Turn 10, Step 43] Agent: 카드 플레이 - Squire (코스트: 1)
[Turn 10, Step 44] Agent: 유효하지 않은 액션 인덱스(19) → 1로 보정
[Turn 10, Step 44] Agent: 카드 플레이 - Mechwarper (코스트: 2)

--- Game State (Turn 10, Step 45) ---
Agent: Jaina Proudmoore HP: 17, Mana: 0/10
  Hand (6): Bittertide Hydra, Bolf Ramshield, Jeeves, Volcanosaur, Dragoncaller Alanna, Alarm-o-Bot
  Field: Dwarven Archaeologist[2/3], Wing Commander[2/2], Mosh'Ogg Enforcer[2/14], Recruiter[5/4], Squire[2/2], Mechwarper[2/3]
Opponent: Rexxar HP: 13, Mana: 4/10
  Hand (9)
  Field: Evasive Wyrm[5/3]
[Turn 10, Step 45] Agent: 유효하지 않은 액션 인덱스(94) → 0로 보정
[Turn 10, Step 45] Agent: 턴 종료

[Turn 10] === Opponent's Turn ===
[Turn 10, Step 45] Opponent: 카드 플레이 - Grim Patron (코스트: 5)
[Turn 10, Step 45] Opponent: 영웅 능력 사용
[Turn 10, Step 45] Opponent: 공격 - Evasive Wyrm[5/3] -> Mosh'Ogg Enforcer
[Turn 10, Step 45] Opponent: 턴 종료
[Turn 10, Step 46] Agent: 유효하지 않은 액션 인덱스(44) → 9로 보정
[Turn 10, Step 46] Agent: 영웅 능력 사용 -> Rexxar
[Turn 10, Step 47] Agent: 공격 - Squire[2/2] -> Rexxar
[Turn 10, Step 48] Agent: 유효하지 않은 액션 인덱스(44) → 21로 보정
[Turn 10, Step 48] Agent: 공격 - Mechwarper[2/3] -> Evasive Wyrm
[Turn 10, Step 49] Agent: 유효하지 않은 액션 인덱스(96) → 0로 보정
[Turn 10, Step 49] Agent: 턴 종료

[Turn 10] === Opponent's Turn ===
[Turn 10, Step 49] Opponent: 카드 플레이 - Stegodon (코스트: 4)
[Turn 10, Step 49] Opponent: 카드 플레이 - Doppelgangster (코스트: 5)
[Turn 10, Step 49] Opponent: 턴 종료

--- Game State (Turn 10, Step 50) ---
Agent: Jaina Proudmoore HP: 15, Mana: 10/10
  Hand (9): Bittertide Hydra, Bolf Ramshield, Jeeves, Volcanosaur, Dragoncaller Alanna, Alarm-o-Bot, Dread Raven, Squire, Forbidden Flame
  Field: Dwarven Archaeologist[2/3], Wing Commander[2/2], Mosh'Ogg Enforcer[2/9], Recruiter[5/4], Squire[2/2]
Opponent: Rexxar HP: 10, Mana: 1/10
  Hand (8)
  Field: Grim Patron[3/3], Stegodon[2/6], Doppelgangster[2/2], Doppelgangster[2/2], Doppelgangster[2/2]
[Turn 10, Step 50] Agent: 유효하지 않은 액션 인덱스(46) → 10로 보정
[Turn 10, Step 50] Agent: 카드 플레이 - Forbidden Flame -> Wing Commander (코스트: 0)
[Turn 10, Step 51] Agent: 유효하지 않은 액션 인덱스(72) → 2로 보정
[Turn 10, Step 51] Agent: 공격 - Mosh'Ogg Enforcer[2/9] -> Stegodon
[Turn 10, Step 52] Agent: 유효하지 않은 액션 인덱스(4) → 0로 보정
[Turn 10, Step 52] Agent: 턴 종료

[Turn 10] === Opponent's Turn ===
[Turn 10, Step 52] Opponent: 카드 플레이 - Zixor, Apex Predator (코스트: 3)
[Turn 10, Step 52] Opponent: 턴 종료
[Turn 10, Step 53] Agent: 유효하지 않은 액션 인덱스(67) → 15로 보정
[Turn 10, Step 53] Agent: 영웅 능력 사용 -> Squire
[Turn 10, Step 54] Agent: 유효하지 않은 액션 인덱스(91) → 0로 보정
[Turn 10, Step 54] Agent: 턴 종료

[Turn 10] === Opponent's Turn ===
[Turn 10, Step 54] Opponent: 카드 플레이 - Ancient Harbinger (코스트: 6)
[Turn 10, Step 54] Opponent: 턴 종료

--- Game State (Turn 10, Step 55) ---
Agent: Jaina Proudmoore HP: 15, Mana: 10/10
  Hand (10): Bittertide Hydra, Bolf Ramshield, Jeeves, Volcanosaur, Dragoncaller Alanna, Alarm-o-Bot, Dread Raven, Squire, Nozdormu, Squire
  Field: Dwarven Archaeologist[2/3], Mosh'Ogg Enforcer[2/7], Recruiter[5/4], Squire[2/1]
Opponent: Rexxar HP: 10, Mana: 4/10
  Hand (8)
  Field: Grim Patron[3/3], Stegodon[2/4], Doppelgangster[2/2], Doppelgangster[2/2], Doppelgangster[2/2], Zixor, Apex Predator[2/4], Ancient Harbinger[4/6]
[Turn 10, Step 55] Agent: 유효하지 않은 액션 인덱스(62) → 6로 보정
[Turn 10, Step 55] Agent: 카드 플레이 - Alarm-o-Bot (코스트: 3)
[Turn 10, Step 56] Agent: 유효하지 않은 액션 인덱스(33) → 7로 보정
[Turn 10, Step 56] Agent: 카드 플레이 - Squire (코스트: 1)
[Turn 10, Step 57] Agent: 유효하지 않은 액션 인덱스(28) → 3로 보정
[Turn 10, Step 57] Agent: 카드 플레이 - Jeeves (코스트: 4)
[Turn 10, Step 58] Agent: 턴 종료

[Turn 10] === Opponent's Turn ===
[Turn 10, Step 58] Opponent: 공격 - Doppelgangster[2/2] -> Mosh'Ogg Enforcer
[Turn 10, Step 58] Opponent: 카드 플레이 - Swarm of Locusts (코스트: 6)
[Turn 10, Step 58] Opponent: 공격 - Ancient Harbinger[4/6] -> Mosh'Ogg Enforcer
[Turn 10, Step 58] Opponent: 공격 - Doppelgangster[2/2] -> Mosh'Ogg Enforcer
[Turn 10, Step 58] Opponent: 턴 종료
[Turn 10, Step 59] Agent: 유효하지 않은 액션 인덱스(63) → 5로 보정
[Turn 10, Step 59] Agent: 카드 플레이 - Dread Raven (코스트: 3)

--- Game State (Turn 10, Step 60) ---
Agent: Jaina Proudmoore HP: 15, Mana: 7/10
  Hand (7): Bittertide Hydra, Bolf Ramshield, Volcanosaur, Dragoncaller Alanna, Alarm-o-Bot, Nozdormu, Cloud Prince
  Field: Dwarven Archaeologist[2/3], Recruiter[5/4], Squire[2/1], Squire[2/2], Squire[2/2], Jeeves[1/4], Dread Raven[6/4]
Opponent: Rexxar HP: 10, Mana: 4/10
  Hand (8)
  Field: Grim Patron[3/3], Stegodon[2/4], Doppelgangster[2/2], Zixor, Apex Predator[2/4], Ancient Harbinger[4/4], Locust[1/1]
[Turn 10, Step 60] Agent: 공격 - Jeeves[1/4] -> Stegodon
[Turn 10, Step 61] Agent: 유효하지 않은 액션 인덱스(33) → 12로 보정
[Turn 10, Step 61] Agent: 영웅 능력 사용 -> Jeeves
[Turn 10, Step 62] Agent: 유효하지 않은 액션 인덱스(74) → 2로 보정
[Turn 10, Step 62] Agent: 공격 - Recruiter[5/4] -> Stegodon
[Turn 10, Step 63] Agent: 유효하지 않은 액션 인덱스(68) → 18로 보정
[Turn 10, Step 63] Agent: 공격 - Squire[2/2] -> Locust
[Turn 10, Step 64] Agent: 공격 - Squire[2/1] -> Rexxar

--- Game State (Turn 10, Step 65) ---
Agent: Jaina Proudmoore HP: 15, Mana: 5/10
  Hand (8): Bittertide Hydra, Bolf Ramshield, Volcanosaur, Dragoncaller Alanna, Alarm-o-Bot, Nozdormu, Cloud Prince, Squire
  Field: Dwarven Archaeologist[2/3], Recruiter[5/2], Squire[2/1], Squire[2/1], Squire[2/2], Jeeves[1/1], Dread Raven[6/4]
Opponent: Rexxar HP: 8, Mana: 4/10
  Hand (8)
  Field: Grim Patron[3/3], Doppelgangster[2/2], Zixor, Apex Predator[2/4], Ancient Harbinger[4/4]
[Turn 10, Step 65] Agent: 유효하지 않은 액션 인덱스(24) → 2로 보정
[Turn 10, Step 65] Agent: 공격 - Dwarven Archaeologist[2/3] -> Grim Patron
[Turn 10, Step 66] Agent: 유효하지 않은 액션 인덱스(69) → 3로 보정
[Turn 10, Step 66] Agent: 카드 플레이 - Cloud Prince (코스트: 5)
[Turn 10, Step 67] Agent: 유효하지 않은 액션 인덱스(53) → 4로 보정
[Turn 10, Step 67] Agent: 공격 - Squire[2/2] -> Doppelgangster
[Turn 10, Step 68] Agent: 유효하지 않은 액션 인덱스(50) → 0로 보정
[Turn 10, Step 68] Agent: 턴 종료

[Turn 10] === Opponent's Turn ===
[Turn 10, Step 68] Opponent: 공격 - Zixor, Apex Predator[2/4] -> Squire
[Turn 10, Step 68] Opponent: 턴 종료
[Turn 10, Step 69] Agent: 유효하지 않은 액션 인덱스(63) → 18로 보정
[Turn 10, Step 69] Agent: 영웅 능력 사용 -> Grim Patron

--- Game State (Turn 10, Step 70) ---
Agent: Jaina Proudmoore HP: 15, Mana: 8/10
  Hand (9): Bittertide Hydra, Bolf Ramshield, Volcanosaur, Dragoncaller Alanna, Alarm-o-Bot, Nozdormu, Squire, Hex Lord Malacrass, Squire
  Field: Recruiter[5/2], Squire[2/1], Jeeves[1/1], Dread Raven[6/4], Cloud Prince[4/4]
Opponent: Rexxar HP: 8, Mana: 10/10
  Hand (9)
  Field: Grim Patron[3/1], Grim Patron[3/2], Grim Patron[3/3], Zixor, Apex Predator[2/2], Ancient Harbinger[4/4]
[Turn 10, Step 70] Agent: 유효하지 않은 액션 인덱스(71) → 33로 보정
[Turn 10, Step 70] Agent: 공격 - Cloud Prince[4/4] -> Grim Patron
[Turn 10, Step 71] Agent: 카드 플레이 - Alarm-o-Bot (코스트: 3)
[Turn 10, Step 72] Agent: 유효하지 않은 액션 인덱스(45) → 21로 보정
[Turn 10, Step 72] Agent: 공격 - Dread Raven[6/4] -> Grim Patron
[Turn 10, Step 73] Agent: 공격 - Jeeves[1/1] -> Grim Patron
[Turn 10, Step 74] Agent: 유효하지 않은 액션 인덱스(81) → 11로 보정
[Turn 10, Step 74] Agent: 공격 - Squire[2/1] -> Grim Patron

--- Game State (Turn 10, Step 75) ---
Agent: Jaina Proudmoore HP: 15, Mana: 5/10
  Hand (8): Bittertide Hydra, Bolf Ramshield, Volcanosaur, Dragoncaller Alanna, Nozdormu, Squire, Hex Lord Malacrass, Squire
  Field: Recruiter[5/2], Dread Raven[6/1], Cloud Prince[4/1], Alarm-o-Bot[0/3]
Opponent: Rexxar HP: 8, Mana: 10/10
  Hand (9)
  Field: Grim Patron[3/1], Grim Patron[3/1], Grim Patron[3/3], Zixor, Apex Predator[2/2], Ancient Harbinger[4/4]
[Turn 10, Step 75] Agent: 유효하지 않은 액션 인덱스(78) → 8로 보정
[Turn 10, Step 75] Agent: 공격 - Recruiter[5/2] -> Zixor, Apex Predator
[Turn 10, Step 76] Agent: 유효하지 않은 액션 인덱스(74) → 2로 보정
[Turn 10, Step 76] Agent: 카드 플레이 - Squire (코스트: 1)
[Turn 10, Step 77] Agent: 유효하지 않은 액션 인덱스(91) → 1로 보정
[Turn 10, Step 77] Agent: 카드 플레이 - Squire (코스트: 1)
[Turn 10, Step 78] Agent: 유효하지 않은 액션 인덱스(20) → 0로 보정
[Turn 10, Step 78] Agent: 턴 종료

[Turn 10] === Opponent's Turn ===
[Turn 10, Step 78] Opponent: 공격 - Grim Patron[3/1] -> Dread Raven
[Turn 10, Step 78] Opponent: 공격 - Grim Patron[3/3] -> Squire
[Turn 10, Step 78] Opponent: 카드 플레이 - Kel'Thuzad (코스트: 8)
[Turn 10, Step 78] Opponent: 턴 종료
[Turn 10, Step 79] Agent: 카드 플레이 - Volcanosaur (코스트: 7)

--- Game State (Turn 10, Step 80) ---
Agent: Jaina Proudmoore HP: 15, Mana: 3/10
  Hand (6): Tentacled Menace, Bittertide Hydra, Alarm-o-Bot, Dragoncaller Alanna, Nozdormu, Hex Lord Malacrass
  Field: Cloud Prince[4/1], Bolf Ramshield[3/9], Squire[2/2], Volcanosaur[5/6]
Opponent: Rexxar HP: 8, Mana: 2/10
  Hand (9)
  Field: Grim Patron[3/1], Grim Patron[3/1], Grim Patron[3/3], Ancient Harbinger[4/4], Kel'Thuzad[6/8], Grim Patron[3/3]
[Turn 10, Step 80] Agent: 선택 - Rocky Carapace
[Turn 10, Step 80] Agent: 선택 - Volcanic Might
[Turn 10, Step 80] Agent: 유효하지 않은 액션 인덱스(59) → 24로 보정
[Turn 10, Step 80] Agent: 공격 - Bolf Ramshield[3/9] -> Grim Patron
[Turn 10, Step 81] Agent: 유효하지 않은 액션 인덱스(39) → 14로 보정
[Turn 10, Step 81] Agent: 공격 - Cloud Prince[4/1] -> Grim Patron
[Turn 10, Step 82] Agent: 유효하지 않은 액션 인덱스(22) → 6로 보정
[Turn 10, Step 82] Agent: 영웅 능력 사용 -> Squire
[Turn 10, Step 83] Agent: 유효하지 않은 액션 인덱스(41) → 5로 보정
[Turn 10, Step 83] Agent: 공격 - Squire[2/1] -> Grim Patron
[Turn 10, Step 84] Agent: 유효하지 않은 액션 인덱스(67) → 0로 보정
[Turn 10, Step 84] Agent: 턴 종료

[Turn 10] === Opponent's Turn ===
[Turn 10, Step 84] Opponent: 턴 종료

--- Game State (Turn 10, Step 85) ---
Agent: Jaina Proudmoore HP: 15, Mana: 10/10
  Hand (7): Tentacled Menace, Bittertide Hydra, Alarm-o-Bot, Dragoncaller Alanna, Nozdormu, Hex Lord Malacrass, Gnomish Experimenter
  Field: Bolf Ramshield[3/6], Volcanosaur[6/10]
Opponent: Rexxar HP: 8, Mana: 10/10
  Hand (10)
  Field: Grim Patron[3/1], Ancient Harbinger[4/4], Kel'Thuzad[6/8], Grim Patron[3/3], Grim Patron[3/3], Grim Patron[3/1], Grim Patron[3/3]
[Turn 10, Step 85] Agent: 공격 - Bolf Ramshield[3/6] -> Grim Patron
[Turn 10, Step 86] Agent: 유효하지 않은 액션 인덱스(49) → 24로 보정
[Turn 10, Step 86] Agent: 공격 - Volcanosaur[6/10] -> Grim Patron
[Turn 10, Step 87] Agent: 유효하지 않은 액션 인덱스(39) → 5로 보정
[Turn 10, Step 87] Agent: 카드 플레이 - Nozdormu (코스트: 9)
[Turn 10, Step 88] Agent: 유효하지 않은 액션 인덱스(28) → 0로 보정
[Turn 10, Step 88] Agent: 턴 종료

[Turn 10] === Opponent's Turn ===
[Turn 10, Step 88] Opponent: 공격 - Grim Patron[3/3] -> Nozdormu
[Turn 10, Step 88] Opponent: 턴 종료
[Turn 10, Step 89] Agent: 유효하지 않은 액션 인덱스(58) → 14로 보정
[Turn 10, Step 89] Agent: 영웅 능력 사용 -> Volcanosaur

--- Game State (Turn 10, Step 90) ---
Agent: Jaina Proudmoore HP: 15, Mana: 8/10
  Hand (7): Tentacled Menace, Bittertide Hydra, Alarm-o-Bot, Dragoncaller Alanna, Hex Lord Malacrass, Gnomish Experimenter, Wicked Skeleton
  Field: Bolf Ramshield[3/3], Volcanosaur[6/6], Nozdormu[8/5]
Opponent: Rexxar HP: 8, Mana: 10/10
  Hand (10)
  Field: Ancient Harbinger[4/4], Kel'Thuzad[6/8], Grim Patron[3/3], Grim Patron[3/3], Grim Patron[3/3], Grim Patron[3/3], Grim Patron[3/1]
[Turn 10, Step 90] Agent: 공격 - Volcanosaur[6/6] -> Ancient Harbinger
[Turn 10, Step 91] Agent: 공격 - Nozdormu[8/5] -> Grim Patron
[Turn 10, Step 92] Agent: 유효하지 않은 액션 인덱스(86) → 8로 보정
[Turn 10, Step 92] Agent: 공격 - Bolf Ramshield[3/3] -> Kel'Thuzad
[Turn 10, Step 93] Agent: 유효하지 않은 액션 인덱스(17) → 3로 보정
[Turn 10, Step 93] Agent: 카드 플레이 - Alarm-o-Bot (코스트: 3)
[Turn 10, Step 94] Agent: 유효하지 않은 액션 인덱스(44) → 4로 보정
[Turn 10, Step 94] Agent: 카드 플레이 - Wicked Skeleton (코스트: 4)

--- Game State (Turn 10, Step 95) ---
Agent: Jaina Proudmoore HP: 15, Mana: 1/10
  Hand (5): Tentacled Menace, Bittertide Hydra, Dragoncaller Alanna, Hex Lord Malacrass, Gnomish Experimenter
  Field: Volcanosaur[6/2], Nozdormu[8/2], Alarm-o-Bot[0/3], Wicked Skeleton[4/4]
Opponent: Rexxar HP: 8, Mana: 10/10
  Hand (10)
  Field: Kel'Thuzad[6/5], Grim Patron[3/3], Grim Patron[3/3], Grim Patron[3/3], Grim Patron[3/1]
[Turn 10, Step 95] Agent: 유효하지 않은 액션 인덱스(28) → 0로 보정
[Turn 10, Step 95] Agent: 턴 종료

[Turn 10] === Opponent's Turn ===
[Turn 10, Step 95] Opponent: 턴 종료
[Turn 10, Step 96] Agent: 유효하지 않은 액션 인덱스(95) → 43로 보정
[Turn 10, Step 96] Agent: 공격 - Dragoncaller Alanna[3/3] -> Grim Patron
[Turn 10, Step 97] Agent: 유효하지 않은 액션 인덱스(77) → 38로 보정
[Turn 10, Step 97] Agent: 공격 - Wicked Skeleton[4/4] -> Grim Patron
[Turn 10, Step 98] Agent: 유효하지 않은 액션 인덱스(68) → 10로 보정
[Turn 10, Step 98] Agent: 영웅 능력 사용 -> Volcanosaur
[Turn 10, Step 99] Agent: 유효하지 않은 액션 인덱스(53) → 15로 보정
[Turn 10, Step 99] Agent: 공격 - Nozdormu[8/2] -> Ancient Harbinger

--- Game State (Turn 10, Step 100) ---
Agent: Jaina Proudmoore HP: 15, Mana: 8/10
  Hand (6): Tentacled Menace, Bittertide Hydra, Alarm-o-Bot, Hex Lord Malacrass, Gnomish Experimenter, Tar Creeper
  Field: Volcanosaur[6/1], Wicked Skeleton[4/1]
Opponent: Rexxar HP: 8, Mana: 10/10
  Hand (10)
  Field: Kel'Thuzad[6/5], Grim Patron[3/3], Grim Patron[3/3], Grim Patron[3/3]
[Turn 10, Step 100] Agent: 유효하지 않은 액션 인덱스(56) → 8로 보정
[Turn 10, Step 100] Agent: 공격 - Volcanosaur[6/1] -> Kel'Thuzad
[Turn 10, Step 101] Agent: 유효하지 않은 액션 인덱스(49) → 0로 보정
[Turn 10, Step 101] Agent: 턴 종료

[Turn 10] === Opponent's Turn ===
[Turn 10, Step 101] Opponent: 공격 - Grim Patron[3/3] -> Wicked Skeleton
[Turn 10, Step 101] Opponent: 턴 종료
[Turn 10, Step 102] Agent: 유효하지 않은 액션 인덱스(31) → 7로 보정
[Turn 10, Step 102] Agent: 카드 플레이 - Bronze Gatekeeper (코스트: 3)
[Turn 10, Step 103] Agent: 유효하지 않은 액션 인덱스(76) → 10로 보정
[Turn 10, Step 103] Agent: 영웅 능력 사용 -> Bronze Gatekeeper
[Turn 10, Step 104] Agent: 유효하지 않은 액션 인덱스(63) → 3로 보정
[Turn 10, Step 104] Agent: 카드 플레이 - Alarm-o-Bot (코스트: 3)

--- Game State (Turn 10, Step 105) ---
Agent: Jaina Proudmoore HP: 15, Mana: 2/10
  Hand (5): Tentacled Menace, Bittertide Hydra, Hex Lord Malacrass, Gnomish Experimenter, Tar Creeper
  Field: Bronze Gatekeeper[1/4], Alarm-o-Bot[0/3]
Opponent: Rexxar HP: 8, Mana: 10/10
  Hand (10)
  Field: Grim Patron[3/3], Grim Patron[3/3]
[Turn 10, Step 105] Agent: 유효하지 않은 액션 인덱스(44) → 0로 보정
[Turn 10, Step 105] Agent: 턴 종료

[Turn 10] === Opponent's Turn ===
[Turn 10, Step 105] Opponent: 카드 플레이 - Baku the Mooneater (코스트: 9)
[Turn 10, Step 105] Opponent: 카드 플레이 - Bestial Wrath -> Baku the Mooneater (코스트: 1)
[Turn 10, Step 105] Opponent: 공격 - Grim Patron[3/3] -> Bronze Gatekeeper
[Turn 10, Step 105] Opponent: 턴 종료
[Turn 10, Step 106] Agent: 공격 - Tar Creeper[1/5] -> Grim Patron
[Turn 10, Step 107] Agent: 공격 - Bronze Gatekeeper[1/1] -> Rexxar
[Turn 10, Step 108] Agent: 유효하지 않은 액션 인덱스(61) → 17로 보정
[Turn 10, Step 108] Agent: 영웅 능력 사용 -> Bronze Gatekeeper
[Turn 10, Step 109] Agent: 유효하지 않은 액션 인덱스(80) → 8로 보정
[Turn 10, Step 109] Agent: 카드 플레이 - Conjurer's Calling -> Baku the Mooneater (코스트: 4)

--- Game State (Turn 10, Step 110) ---
Agent: Jaina Proudmoore HP: 15, Mana: 4/10
  Hand (6): Tentacled Menace, Bittertide Hydra, Hex Lord Malacrass, Gnomish Experimenter, Alarm-o-Bot, Conjurer's Calling
  Field: Tar Creeper[1/2], Oondasta[7/7], North Sea Kraken[9/7]
Opponent: Rexxar HP: 7, Mana: 0/10
  Hand (8)
  Field: Grim Patron[3/3], Grim Patron[3/1], Grim Patron[3/3], Grim Patron[3/3]
[Turn 10, Step 110] Agent: 유효하지 않은 액션 인덱스(79) → 9로 보정
[Turn 10, Step 110] Agent: 카드 플레이 - Conjurer's Calling -> North Sea Kraken (코스트: 4)
[Turn 10, Step 111] Agent: 유효하지 않은 액션 인덱스(35) → 0로 보정
[Turn 10, Step 111] Agent: 턴 종료

[Turn 10] === Opponent's Turn ===
[Turn 10, Step 111] Opponent: 카드 플레이 - Youthful Brewmaster -> Grim Patron (코스트: 2)
[Turn 10, Step 111] Opponent: 공격 - Grim Patron[3/3] -> Obsidian Statue
[Turn 10, Step 111] Opponent: 카드 플레이 - Nine Lives (코스트: 3)
[Turn 10, Step 111] Opponent: 선택 - Zixor, Apex Predator
[Turn 10, Step 111] Opponent: 공격 - Grim Patron[3/3] -> Obsidian Statue
[Turn 10, Step 111] Opponent: 카드 플레이 - Kill Command -> Tar Creeper (코스트: 3)
[Turn 10, Step 111] Opponent: 카드 플레이 - Young Priestess (코스트: 1)
[Turn 10, Step 111] Opponent: 카드 플레이 - Wax Elemental (코스트: 1)
[Turn 10, Step 111] Opponent: 공격 - Grim Patron[3/3] -> Pit Commander
[Turn 10, Step 111] Opponent: 턴 종료
[Turn 10, Step 112] Agent: 유효하지 않은 액션 인덱스(88) → 16로 보정
[Turn 10, Step 112] Agent: 공격 - Pit Commander[7/6] -> Wax Elemental
[Turn 10, Step 113] Agent: 유효하지 않은 액션 인덱스(97) → 12로 보정
[Turn 10, Step 113] Agent: 영웅 능력 사용 -> Youthful Brewmaster
[Turn 10, Step 114] Agent: 유효하지 않은 액션 인덱스(57) → 3로 보정
[Turn 10, Step 114] Agent: 카드 플레이 - Bittertide Hydra (코스트: 5)

--- Game State (Turn 10, Step 115) ---
Agent: Jaina Proudmoore HP: 23, Mana: 3/10
  Hand (5): Exotic Mountseller, Tentacled Menace, Hex Lord Malacrass, Gnomish Experimenter, Alarm-o-Bot
  Field: Oondasta[7/7], Pit Commander[7/6], Obsidian Statue[4/2], Bittertide Hydra[8/8]
Opponent: Rexxar HP: 7, Mana: 0/10
  Hand (6)
  Field: Youthful Brewmaster[3/1], Young Priestess[2/1], Wax Elemental[0/3]
[Turn 10, Step 115] Agent: 유효하지 않은 액션 인덱스(24) → 4로 보정
[Turn 10, Step 115] Agent: 공격 - Obsidian Statue[4/2] -> Wax Elemental
[Turn 10, Step 116] Agent: 유효하지 않은 액션 인덱스(44) → 2로 보정
[Turn 10, Step 116] Agent: 카드 플레이 - Alarm-o-Bot (코스트: 3)
[Turn 10, Step 117] Agent: 유효하지 않은 액션 인덱스(92) → 0로 보정
[Turn 10, Step 117] Agent: 턴 종료

[Turn 10] === Opponent's Turn ===
[Turn 10, Step 117] Opponent: 영웅 능력 사용
[Turn 10, Step 117] Opponent: 카드 플레이 - Blingtron 3000 (코스트: 5)
[Turn 10, Step 117] Opponent: 공격 - Young Priestess[2/1] -> Obsidian Statue
[Turn 10, Step 117] Opponent: 카드 플레이 - Zixor, Apex Predator (코스트: 3)
[Turn 10, Step 117] Opponent: 공격 - Rexxar[4/7] -> Pit Commander

--- Game State (Turn 10, Step 118) ---
Agent: Jaina Proudmoore HP: 29, Mana: 0/10
  Hand (4): Exotic Mountseller, Tentacled Menace, Hex Lord Malacrass, Gnomish Experimenter
  Field: Oondasta[7/7], Pit Commander[7/2], Bittertide Hydra[8/8], Alarm-o-Bot[0/3]
Opponent: Rexxar HP: 0, Mana: 0/10
  Hand (5)
  Field: Youthful Brewmaster[3/1], Zixor, Apex Predator[2/4]

============================================================
게임 종료 - Terminated: True, Truncated: False
승자: Agent
============================================================

