============================================================
NEW GAME STARTED
Agent: HERO_08 vs Opponent: HERO_05
Action Masking: OFF
Masking Expected: OFF
============================================================

[Turn 1] === Opponent's Turn ===
[Turn 1, Step 0] Opponent: 턴 종료
[Turn 1, Step 1] Agent: 카드 플레이 - The Coin (코스트: 0)
[Turn 1, Step 2] Agent: 카드 플레이 - Belligerent Gnome (코스트: 2)
[Turn 1, Step 3] Agent: 턴 종료

[Turn 1] === Opponent's Turn ===
[Turn 1, Step 3] Opponent: 턴 종료
[Turn 2, Step 4] Agent: 카드 플레이 - Toxfin (코스트: 1)

--- Game State (Turn 2, Step 5) ---
Agent: Jaina Proudmoore HP: 30, Mana: 1/2
  Hand (4): Fight Promoter, Rummaging Kobold, Fen Creeper, Mayor Noggenfogger
  Field: Belligerent Gnome[1/4], Toxfin[1/2]
Opponent: Rexxar HP: 30, Mana: 2/2
  Hand (5)
[Turn 2, Step 5] Agent: 공격 - Belligerent Gnome[1/4] -> Rexxar
[Turn 2, Step 6] Agent: 턴 종료

[Turn 2] === Opponent's Turn ===
[Turn 2, Step 6] Opponent: 카드 플레이 - Amani Berserker (코스트: 2)
[Turn 2, Step 6] Opponent: 턴 종료
[Turn 3, Step 7] Agent: 공격 - Toxfin[1/2] -> Rexxar
[Turn 3, Step 8] Agent: 카드 플레이 - Rummaging Kobold (코스트: 3)
[Turn 3, Step 9] Agent: 공격 - Belligerent Gnome[1/4] -> Rexxar

--- Game State (Turn 3, Step 10) ---
Agent: Jaina Proudmoore HP: 30, Mana: 0/3
  Hand (4): Fight Promoter, Fen Creeper, Mayor Noggenfogger, Bronze Gatekeeper
  Field: Belligerent Gnome[1/4], Toxfin[1/2], Rummaging Kobold[1/3]
Opponent: Rexxar HP: 27, Mana: 1/3
  Hand (5)
  Field: Amani Berserker[2/3]
[Turn 3, Step 10] Agent: 턴 종료

[Turn 3] === Opponent's Turn ===
[Turn 3, Step 10] Opponent: 카드 플레이 - Kabal Courier (코스트: 3)
[Turn 3, Step 10] Opponent: 선택 - Sinister Deal
[Turn 3, Step 10] Opponent: 공격 - Amani Berserker[2/3] -> Belligerent Gnome
[Turn 3, Step 10] Opponent: 턴 종료
[Turn 4, Step 11] Agent: 공격 - Toxfin[1/2] -> Kabal Courier
[Turn 4, Step 12] Agent: 공격 - Belligerent Gnome[1/2] -> Amani Berserker
[Turn 4, Step 13] Agent: 공격 - Rummaging Kobold[1/3] -> Kabal Courier
[Turn 4, Step 14] Agent: 카드 플레이 - Walnut Sprite (코스트: 3)

--- Game State (Turn 4, Step 15) ---
Agent: Jaina Proudmoore HP: 30, Mana: 1/4
  Hand (5): Fight Promoter, Fen Creeper, Mayor Noggenfogger, Bronze Gatekeeper, Walnut Sprite
  Field: Rummaging Kobold[1/1], Walnut Sprite[3/3]
Opponent: Rexxar HP: 27, Mana: 1/4
  Hand (6)
  Field: Amani Berserker[5/1]
[Turn 4, Step 15] Agent: 턴 종료

[Turn 4] === Opponent's Turn ===
[Turn 4, Step 15] Opponent: 공격 - Amani Berserker[5/1] -> Jaina Proudmoore
[Turn 4, Step 15] Opponent: 카드 플레이 - Sinister Deal (코스트: 1)
[Turn 4, Step 15] Opponent: 선택 - Ethereal Lackey
[Turn 4, Step 15] Opponent: 카드 플레이 - Ethereal Lackey (코스트: 1)
[Turn 4, Step 15] Opponent: 선택 - Snipe
[Turn 4, Step 15] Opponent: 영웅 능력 사용
[Turn 4, Step 15] Opponent: 턴 종료
[Turn 5, Step 16] Agent: 공격 - Walnut Sprite[3/3] -> Ethereal Lackey
[Turn 5, Step 17] Agent: 공격 - Rummaging Kobold[1/1] -> Amani Berserker
[Turn 5, Step 18] Agent: 카드 플레이 - Fen Creeper (코스트: 5)
[Turn 5, Step 19] Agent: 턴 종료

[Turn 5] === Opponent's Turn ===
[Turn 5, Step 19] Opponent: 영웅 능력 사용
[Turn 5, Step 19] Opponent: 카드 플레이 - Walnut Sprite (코스트: 3)
[Turn 5, Step 19] Opponent: 턴 종료

--- Game State (Turn 6, Step 20) ---
Agent: Jaina Proudmoore HP: 21, Mana: 6/6
  Hand (5): Fight Promoter, Mayor Noggenfogger, Bronze Gatekeeper, Zephrys the Great, Scavenging Shivarra
  Field: Walnut Sprite[3/2], Fen Creeper[3/6]
Opponent: Rexxar HP: 27, Mana: 1/6
  Hand (7)
  Field: Walnut Sprite[3/3]
[Turn 6, Step 20] Agent: 공격 - Walnut Sprite[3/2] -> Rexxar
[Turn 6, Step 21] Agent: 공격 - Fen Creeper[3/6] -> Rexxar
[Turn 6, Step 22] Agent: 카드 플레이 - Fight Promoter (코스트: 6)
[Turn 6, Step 23] Agent: 턴 종료

[Turn 6] === Opponent's Turn ===
[Turn 6, Step 23] Opponent: 카드 플레이 - Skelemancer (코스트: 5)
[Turn 6, Step 23] Opponent: 턴 종료
[Turn 7, Step 24] Agent: 공격 - Walnut Sprite[3/2] -> Walnut Sprite

--- Game State (Turn 7, Step 25) ---
Agent: Jaina Proudmoore HP: 21, Mana: 7/7
  Hand (7): Evasive Drakonid, Mayor Noggenfogger, Bronze Gatekeeper, Zephrys the Great, Scavenging Shivarra, Thrallmar Farseer, Eydis Darkbane
  Field: Fen Creeper[3/6], Fight Promoter[4/4]
Opponent: Rexxar HP: 21, Mana: 2/7
  Hand (7)
  Field: Skelemancer[2/2]
[Turn 7, Step 25] Agent: 공격 - Fight Promoter[4/4] -> Skelemancer
[Turn 7, Step 26] Agent: 영웅 능력 사용 -> Fight Promoter
[Turn 7, Step 27] Agent: 카드 플레이 - Bronze Gatekeeper (코스트: 3)
[Turn 7, Step 28] Agent: 카드 플레이 - Zephrys the Great (코스트: 2)
[Turn 7, Step 29] Agent: 선택 - Power of the Wild
[Turn 7, Step 29] Agent: 턴 종료

[Turn 7] === Opponent's Turn ===
[Turn 7, Step 29] Opponent: 공격 - Skeletal Flayer[8/8] -> Fen Creeper
[Turn 7, Step 29] Opponent: 카드 플레이 - Snipe (코스트: 2)
[Turn 7, Step 29] Opponent: 카드 플레이 - Barnes (코스트: 5)
[Turn 7, Step 29] Opponent: 턴 종료

--- Game State (Turn 8, Step 30) ---
Agent: Jaina Proudmoore HP: 21, Mana: 8/8
  Hand (7): Evasive Drakonid, Mayor Noggenfogger, Scavenging Shivarra, Thrallmar Farseer, Eydis Darkbane, Power of the Wild, Validated Doomsayer
  Field: Fight Promoter[4/1], Bronze Gatekeeper[1/5], Zephrys the Great[3/2]
Opponent: Rexxar HP: 21, Mana: 1/8
  Hand (6)
  Field: Skeletal Flayer[8/5], Barnes[3/4], Booty Bay Bookie[1/1]
[Turn 8, Step 30] Agent: 공격 - Zephrys the Great[3/2] -> Skeletal Flayer
[Turn 8, Step 31] Agent: 공격 - Fight Promoter[4/1] -> Skeletal Flayer
[Turn 8, Step 32] Agent: 영웅 능력 사용 -> Barnes
[Turn 8, Step 33] Agent: 카드 플레이 - Scavenging Shivarra (코스트: 6)
[Turn 8, Step 34] Agent: 공격 - Bronze Gatekeeper[1/1] -> Rexxar

--- Game State (Turn 8, Step 35) ---
Agent: Jaina Proudmoore HP: 21, Mana: 0/8
  Hand (6): Evasive Drakonid, Mayor Noggenfogger, Thrallmar Farseer, Eydis Darkbane, Power of the Wild, Validated Doomsayer
  Field: Bronze Gatekeeper[1/1]
Opponent: Rexxar HP: 20, Mana: 1/8
  Hand (6)
  Field: Barnes[3/1], Booty Bay Bookie[1/1]
[Turn 8, Step 35] Agent: 턴 종료

[Turn 8] === Opponent's Turn ===
[Turn 8, Step 35] Opponent: 카드 플레이 - Mosh'Ogg Announcer (코스트: 5)
[Turn 8, Step 35] Opponent: 공격 - Booty Bay Bookie[1/1] -> Bronze Gatekeeper
[Turn 8, Step 35] Opponent: 카드 플레이 - King Mukla (코스트: 3)
[Turn 8, Step 35] Opponent: 카드 플레이 - The Beast Within -> King Mukla (코스트: 1)
[Turn 8, Step 35] Opponent: 공격 - Barnes[3/1] -> Jaina Proudmoore
[Turn 8, Step 35] Opponent: 턴 종료
[Turn 9, Step 36] Agent: 영웅 능력 사용 -> Rexxar
[Turn 9, Step 37] Agent: 카드 플레이 - Bananas -> Mosh'Ogg Announcer (코스트: 1)
[Turn 9, Step 38] Agent: 카드 플레이 - Thrallmar Farseer (코스트: 3)
[Turn 9, Step 39] Agent: 카드 플레이 - Eydis Darkbane (코스트: 3)

--- Game State (Turn 9, Step 40) ---
Agent: Jaina Proudmoore HP: 18, Mana: 0/9
  Hand (6): Evasive Drakonid, Mayor Noggenfogger, Power of the Wild, Validated Doomsayer, Bananas, Mana Addict
  Field: Thrallmar Farseer[2/3], Eydis Darkbane[3/4]
Opponent: Rexxar HP: 19, Mana: 0/9
  Hand (4)
  Field: Barnes[3/1], Mosh'Ogg Announcer[7/6], King Mukla[6/6]
[Turn 9, Step 40] Agent: 턴 종료

[Turn 9] === Opponent's Turn ===
[Turn 9, Step 40] Opponent: 공격 - Barnes[3/1] -> Jaina Proudmoore
[Turn 9, Step 40] Opponent: 카드 플레이 - Khartut Defender (코스트: 6)
[Turn 9, Step 40] Opponent: 카드 플레이 - Licensed Adventurer (코스트: 2)
[Turn 9, Step 40] Opponent: 카드 플레이 - Plated Beetle (코스트: 2)
[Turn 9, Step 40] Opponent: 공격 - Mosh'Ogg Announcer[7/6] -> Jaina Proudmoore
[Turn 9, Step 40] Opponent: 공격 - King Mukla[6/6] -> Jaina Proudmoore
[Turn 9, Step 40] Opponent: 턴 종료
[Turn 10, Step 41] Agent: 영웅 능력 사용 -> Plated Beetle
[Turn 10, Step 42] Agent: 공격 - Eydis Darkbane[3/4] -> Khartut Defender
[Turn 10, Step 43] Agent: 카드 플레이 - Bananas -> Licensed Adventurer (코스트: 1)
[Turn 10, Step 44] Agent: 카드 플레이 - Evasive Drakonid (코스트: 7)

--- Game State (Turn 10, Step 45) ---
Agent: Jaina Proudmoore HP: 2, Mana: 0/10
  Hand (5): Mayor Noggenfogger, Power of the Wild, Validated Doomsayer, Mana Addict, Cursed Disciple
  Field: Thrallmar Farseer[2/3], Eydis Darkbane[3/1], Evasive Drakonid[7/7]
Opponent: Rexxar HP: 19, Mana: 0/10
  Hand (2)
  Field: Barnes[3/1], Mosh'Ogg Announcer[7/6], King Mukla[6/6], Khartut Defender[3/1], Licensed Adventurer[4/3], Plated Beetle[2/2]
[Turn 10, Step 45] Agent: 공격 - Thrallmar Farseer[2/3] -> Khartut Defender
[Turn 10, Step 46] Agent: 턴 종료

[Turn 10] === Opponent's Turn ===
[Turn 10, Step 46] Opponent: 공격 - King Mukla[6/6] -> Evasive Drakonid
[Turn 10, Step 46] Opponent: 공격 - Plated Beetle[2/2] -> Evasive Drakonid
[Turn 10, Step 46] Opponent: 공격 - Khartut Defender[3/1] -> Eydis Darkbane
[Turn 10, Step 46] Opponent: 카드 플레이 - Ice Rager (코스트: 3)
[Turn 10, Step 46] Opponent: 공격 - Mosh'Ogg Announcer[7/6] -> Jaina Proudmoore

--- Game State (Turn 10, Step 47) ---
Agent: Jaina Proudmoore HP: 0, Mana: 0/10
  Hand (5): Mayor Noggenfogger, Power of the Wild, Validated Doomsayer, Mana Addict, Cursed Disciple
Opponent: Rexxar HP: 25, Mana: 7/10
  Hand (2)
  Field: Barnes[3/1], Mosh'Ogg Announcer[7/6], Licensed Adventurer[4/3], Ice Rager[5/2]

============================================================
게임 종료 - Terminated: True, Truncated: False
승자: Opponent
============================================================

