============================================================
NEW GAME STARTED
Agent: HERO_08 vs Opponent: HERO_05
Action Masking: ON
Masking Expected: ON
============================================================

[Turn 1] === Opponent's Turn ===
[Turn 1, Step 0] Opponent: 턴 종료
[Turn 1, Step 1] Agent: 카드 플레이 - The Coin (코스트: 0)
[Turn 1, Step 2] Agent: 턴 종료

[Turn 1] === Opponent's Turn ===
[Turn 1, Step 2] Opponent: 카드 플레이 - Scarab Egg (코스트: 2)
[Turn 1, Step 2] Opponent: 턴 종료
[Turn 2, Step 3] Agent: 카드 플레이 - Sunfury Protector (코스트: 2)
[Turn 2, Step 4] Agent: 턴 종료

[Turn 2] === Opponent's Turn ===
[Turn 2, Step 4] Opponent: 영웅 능력 사용
[Turn 2, Step 4] Opponent: 턴 종료

--- Game State (Turn 3, Step 5) ---
Agent: Jaina Proudmoore HP: 28, Mana: 3/3
  Hand (6): Pompous Thespian, Raging Worgen, Lesser Ruby Spellstone, Skulking Geist, The Darkness, Dark Iron Dwarf
  Field: Sunfury Protector[2/3]
Opponent: Rexxar HP: 30, Mana: 1/3
  Hand (5)
  Field: Scarab Egg[0/2]
[Turn 3, Step 5] Agent: 영웅 능력 사용 -> Rexxar
[Turn 3, Step 6] Agent: 턴 종료

[Turn 3] === Opponent's Turn ===
[Turn 3, Step 6] Opponent: 턴 종료
[Turn 4, Step 7] Agent: 카드 플레이 - Pompous Thespian (코스트: 2)
[Turn 4, Step 8] Agent: 영웅 능력 사용 -> Jaina Proudmoore
[Turn 4, Step 9] Agent: 공격 - Sunfury Protector[2/3] -> Rexxar

--- Game State (Turn 4, Step 10) ---
Agent: Jaina Proudmoore HP: 27, Mana: 0/4
  Hand (6): Raging Worgen, Lesser Ruby Spellstone, Skulking Geist, The Darkness, Dark Iron Dwarf, Pint-Sized Summoner
  Field: Sunfury Protector[2/3], Pompous Thespian[3/2]
Opponent: Rexxar HP: 27, Mana: 4/4
  Hand (6)
  Field: Scarab Egg[0/2]
[Turn 4, Step 10] Agent: 턴 종료

[Turn 4] === Opponent's Turn ===
[Turn 4, Step 10] Opponent: 카드 플레이 - Rabble Bouncer (코스트: 5)
[Turn 4, Step 10] Opponent: 턴 종료
[Turn 5, Step 11] Agent: 영웅 능력 사용 -> Pompous Thespian
[Turn 5, Step 12] Agent: 공격 - Sunfury Protector[2/3] -> Rabble Bouncer
[Turn 5, Step 13] Agent: 카드 플레이 - Pint-Sized Summoner (코스트: 2)
[Turn 5, Step 14] Agent: 공격 - Pompous Thespian[3/1] -> Rabble Bouncer

--- Game State (Turn 5, Step 15) ---
Agent: Jaina Proudmoore HP: 27, Mana: 1/5
  Hand (6): Raging Worgen, Lesser Ruby Spellstone, Skulking Geist, The Darkness, Dark Iron Dwarf, Imp Master
  Field: Sunfury Protector[2/1], Pint-Sized Summoner[2/2]
Opponent: Rexxar HP: 27, Mana: 0/5
  Hand (6)
  Field: Scarab Egg[0/2], Rabble Bouncer[2/2]
[Turn 5, Step 15] Agent: 턴 종료

[Turn 5] === Opponent's Turn ===
[Turn 5, Step 15] Opponent: 공격 - Rabble Bouncer[2/2] -> Sunfury Protector
[Turn 5, Step 15] Opponent: 카드 플레이 - Stampeding Kodo (코스트: 5)
[Turn 5, Step 15] Opponent: 턴 종료
[Turn 6, Step 16] Agent: 영웅 능력 사용 -> Stampeding Kodo
[Turn 6, Step 17] Agent: 카드 플레이 - Raging Worgen (코스트: 3)
[Turn 6, Step 18] Agent: 턴 종료

[Turn 6] === Opponent's Turn ===
[Turn 6, Step 18] Opponent: 카드 플레이 - Hench-Clan Hogsteed (코스트: 2)
[Turn 6, Step 18] Opponent: 영웅 능력 사용
[Turn 6, Step 18] Opponent: 공격 - Hench-Clan Hogsteed[2/1] -> Raging Worgen
[Turn 6, Step 18] Opponent: 공격 - Stampeding Kodo[3/4] -> Raging Worgen
[Turn 6, Step 18] Opponent: 카드 플레이 - Mana Wraith (코스트: 2)
[Turn 6, Step 18] Opponent: 턴 종료
[Turn 7, Step 19] Agent: 카드 플레이 - Lesser Ruby Spellstone (코스트: 2)

--- Game State (Turn 7, Step 20) ---
Agent: Jaina Proudmoore HP: 25, Mana: 5/7
  Hand (7): Skulking Geist, The Darkness, Dark Iron Dwarf, Imp Master, Red Mana Wyrm, Millhouse Manastorm, Shifting Scroll
Opponent: Rexxar HP: 27, Mana: 1/7
  Hand (5)
  Field: Scarab Egg[0/2], Hench-Clan Squire[1/1], Mana Wraith[2/2]
[Turn 7, Step 20] Agent: 영웅 능력 사용 -> Scarab Egg
[Turn 7, Step 21] Agent: 카드 플레이 - Millhouse Manastorm (코스트: 3)
[Turn 7, Step 22] Agent: 턴 종료

[Turn 7] === Opponent's Turn ===
[Turn 7, Step 22] Opponent: 카드 플레이 - Fungalmancer (코스트: 6)
[Turn 7, Step 22] Opponent: 공격 - Hench-Clan Squire[1/1] -> Millhouse Manastorm
[Turn 7, Step 22] Opponent: 영웅 능력 사용
[Turn 7, Step 22] Opponent: 턴 종료
[Turn 8, Step 23] Agent: 영웅 능력 사용 -> Rexxar
[Turn 8, Step 24] Agent: 카드 플레이 - The Darkness (코스트: 5)

--- Game State (Turn 8, Step 25) ---
Agent: Jaina Proudmoore HP: 23, Mana: 1/8
  Hand (6): Phantom Militia, Skulking Geist, Dark Iron Dwarf, Imp Master, Red Mana Wyrm, Power of Creation
  Field: Millhouse Manastorm[4/3], The Darkness[20/20]
Opponent: Rexxar HP: 26, Mana: 0/8
  Hand (5)
  Field: Scarab Egg[0/1], Mana Wraith[4/4], Fungalmancer[2/2]
[Turn 8, Step 25] Agent: 공격 - Millhouse Manastorm[4/3] -> Mana Wraith
[Turn 8, Step 26] Agent: 턴 종료

[Turn 8] === Opponent's Turn ===
[Turn 8, Step 26] Opponent: 턴 종료
[Turn 9, Step 27] Agent: 카드 플레이 - Skulking Geist (코스트: 6)
[Turn 9, Step 28] Agent: 영웅 능력 사용 -> Fungalmancer
[Turn 9, Step 29] Agent: 턴 종료

[Turn 9] === Opponent's Turn ===
[Turn 9, Step 29] Opponent: 카드 플레이 - Blowtorch Saboteur (코스트: 3)
[Turn 9, Step 29] Opponent: 카드 플레이 - Undertaker (코스트: 1)
[Turn 9, Step 29] Opponent: 공격 - Fungalmancer[2/1] -> Jaina Proudmoore
[Turn 9, Step 29] Opponent: 카드 플레이 - Loatheb (코스트: 5)
[Turn 9, Step 29] Opponent: 턴 종료

--- Game State (Turn 10, Step 30) ---
Agent: Jaina Proudmoore HP: 21, Mana: 10/10
  Hand (7): Mecha'thun, Phantom Militia, Dark Iron Dwarf, Imp Master, Red Mana Wyrm, Volcanic Potion, Injured Tol'vir
  Field: The Darkness[20/20], Skulking Geist[4/6]
Opponent: Rexxar HP: 26, Mana: 1/10
  Hand (4)
  Field: Scarab Egg[0/1], Fungalmancer[2/1], Blowtorch Saboteur[3/4], Undertaker[1/2], Loatheb[5/5]
[Turn 10, Step 30] Agent: 영웅 능력 사용 -> Skulking Geist
[Turn 10, Step 31] Agent: 카드 플레이 - Dark Iron Dwarf -> Scarab Egg (코스트: 4)
[Turn 10, Step 32] Agent: 공격 - Skulking Geist[4/5] -> Scarab Egg
[Turn 10, Step 33] Agent: 카드 플레이 - Imp Master (코스트: 3)
[Turn 10, Step 34] Agent: 턴 종료

[Turn 10] === Opponent's Turn ===
[Turn 10, Step 34] Opponent: 공격 - Scarab[1/1] -> Dark Iron Dwarf
[Turn 10, Step 34] Opponent: 공격 - Scarab[1/1] -> Skulking Geist
[Turn 10, Step 34] Opponent: 카드 플레이 - Azalina Soulthief (코스트: 7)
[Turn 10, Step 34] Opponent: 공격 - Blowtorch Saboteur[3/4] -> Skulking Geist
[Turn 10, Step 34] Opponent: 공격 - Undertaker[1/2] -> Imp Master
[Turn 10, Step 34] Opponent: 공격 - Fungalmancer[2/1] -> Imp Master
[Turn 10, Step 34] Opponent: 카드 플레이 - Volcanic Potion (코스트: 3)
[Turn 10, Step 34] Opponent: 턴 종료

--- Game State (Turn 10, Step 35) ---
Agent: Jaina Proudmoore HP: 21, Mana: 10/10
  Hand (6): Dollmaster Dorian, Mecha'thun, Phantom Militia, Red Mana Wyrm, Unstable Portal, Injured Tol'vir
  Field: The Darkness[20/20], Dark Iron Dwarf[4/1]
Opponent: Rexxar HP: 26, Mana: 0/10
  Hand (4)
  Field: Loatheb[5/3], Azalina Soulthief[3/1]
[Turn 10, Step 35] Agent: 카드 플레이 - Dollmaster Dorian (코스트: 5)
[Turn 10, Step 36] Agent: 카드 플레이 - Unstable Portal (코스트: 2)
[Turn 10, Step 37] Agent: 영웅 능력 사용 -> Jaina Proudmoore
[Turn 10, Step 38] Agent: 공격 - Dark Iron Dwarf[4/1] -> Loatheb
[Turn 10, Step 39] Agent: 턴 종료

[Turn 10] === Opponent's Turn ===
[Turn 10, Step 39] Opponent: 카드 플레이 - Phantom Militia (코스트: 3)
[Turn 10, Step 39] Opponent: 영웅 능력 사용
[Turn 10, Step 39] Opponent: 공격 - Azalina Soulthief[3/1] -> Jaina Proudmoore
[Turn 10, Step 39] Opponent: 카드 플레이 - Red Mana Wyrm (코스트: 5)
[Turn 10, Step 39] Opponent: 턴 종료

--- Game State (Turn 10, Step 40) ---
Agent: Jaina Proudmoore HP: 15, Mana: 10/10
  Hand (6): Mecha'thun, Phantom Militia, Red Mana Wyrm, Injured Tol'vir, Houndmaster Shaw, Zola the Gorgon
  Field: The Darkness[20/20], Dollmaster Dorian[2/6]
Opponent: Rexxar HP: 26, Mana: 0/10
  Hand (3)
  Field: Azalina Soulthief[3/1], Phantom Militia[2/4], Red Mana Wyrm[2/6]
[Turn 10, Step 40] Agent: 영웅 능력 사용 -> Red Mana Wyrm
[Turn 10, Step 41] Agent: 카드 플레이 - Red Mana Wyrm (코스트: 5)
[Turn 10, Step 42] Agent: 카드 플레이 - Zola the Gorgon -> Dollmaster Dorian (코스트: 3)
[Turn 10, Step 43] Agent: 공격 - Dollmaster Dorian[2/6] -> Phantom Militia
[Turn 10, Step 44] Agent: 턴 종료

[Turn 10] === Opponent's Turn ===
[Turn 10, Step 44] Opponent: 카드 플레이 - Voodoo Doll -> Phantom Militia (코스트: 3)
[Turn 10, Step 44] Opponent: 공격 - Red Mana Wyrm[2/5] -> Zola the Gorgon
[Turn 10, Step 44] Opponent: 공격 - Phantom Militia[2/2] -> Red Mana Wyrm
[Turn 10, Step 44] Opponent: 카드 플레이 - Clockwork Knight (코스트: 5)
[Turn 10, Step 44] Opponent: 카드 플레이 - Injured Tol'vir (코스트: 2)
[Turn 10, Step 44] Opponent: 공격 - Azalina Soulthief[3/1] -> Jaina Proudmoore
[Turn 10, Step 44] Opponent: 턴 종료

--- Game State (Turn 10, Step 45) ---
Agent: Jaina Proudmoore HP: 12, Mana: 10/10
  Hand (6): Mecha'thun, Phantom Militia, Injured Tol'vir, Houndmaster Shaw, Dollmaster Dorian, Ironbeak Owl
  Field: The Darkness[20/20], Dollmaster Dorian[2/4], Red Mana Wyrm[2/4]
Opponent: Rexxar HP: 26, Mana: 0/10
  Hand (1)
  Field: Azalina Soulthief[3/1], Red Mana Wyrm[2/3], Voodoo Doll[1/1], Clockwork Knight[5/5], Injured Tol'vir[2/3]
[Turn 10, Step 45] Agent: 카드 플레이 - Mecha'thun (코스트: 10)
[Turn 10, Step 46] Agent: 공격 - Red Mana Wyrm[2/4] -> Injured Tol'vir
[Turn 10, Step 47] Agent: 공격 - Dollmaster Dorian[2/4] -> Injured Tol'vir
[Turn 10, Step 48] Agent: 턴 종료

[Turn 10] === Opponent's Turn ===
[Turn 10, Step 48] Opponent: 공격 - Azalina Soulthief[3/1] -> Red Mana Wyrm
[Turn 10, Step 48] Opponent: 공격 - Red Mana Wyrm[2/3] -> Mecha'thun
[Turn 10, Step 48] Opponent: 공격 - Voodoo Doll[1/1] -> Mecha'thun
[Turn 10, Step 48] Opponent: 영웅 능력 사용
[Turn 10, Step 48] Opponent: 공격 - Clockwork Knight[5/5] -> Jaina Proudmoore
[Turn 10, Step 48] Opponent: 턴 종료
[Turn 10, Step 49] Agent: 공격 - Dollmaster Dorian[2/2] -> Rexxar

--- Game State (Turn 10, Step 50) ---
Agent: Jaina Proudmoore HP: 5, Mana: 10/10
  Hand (6): Phantom Militia, Injured Tol'vir, Houndmaster Shaw, Dollmaster Dorian, Ironbeak Owl, Emerald Reaver
  Field: The Darkness[20/20], Dollmaster Dorian[2/2], Mecha'thun[10/7]
Opponent: Rexxar HP: 24, Mana: 8/10
  Hand (2)
  Field: Clockwork Knight[5/5]
[Turn 10, Step 50] Agent: 영웅 능력 사용 -> Dollmaster Dorian
[Turn 10, Step 51] Agent: 카드 플레이 - Ironbeak Owl -> Dollmaster Dorian (코스트: 3)
[Turn 10, Step 52] Agent: 카드 플레이 - Dollmaster Dorian (코스트: 5)
[Turn 10, Step 53] Agent: 공격 - Mecha'thun[10/7] -> Clockwork Knight
[Turn 10, Step 54] Agent: 턴 종료

[Turn 10] === Opponent's Turn ===
[Turn 10, Step 54] Opponent: 카드 플레이 - Mecha'thun (코스트: 10)
[Turn 10, Step 54] Opponent: 턴 종료

--- Game State (Turn 10, Step 55) ---
Agent: Jaina Proudmoore HP: 5, Mana: 10/10
  Hand (5): Phantom Militia, Injured Tol'vir, Houndmaster Shaw, Emerald Reaver, Disguised Wanderer
  Field: The Darkness[20/20], Dollmaster Dorian[2/1], Mecha'thun[10/2], Ironbeak Owl[2/1], Dollmaster Dorian[2/6]
Opponent: Rexxar HP: 24, Mana: 0/10
  Hand (2)
  Field: Mecha'thun[10/10]
[Turn 10, Step 55] Agent: 공격 - Dollmaster Dorian[2/1] -> Rexxar
[Turn 10, Step 56] Agent: 카드 플레이 - Injured Tol'vir (코스트: 2)
[Turn 10, Step 57] Agent: 영웅 능력 사용 -> Injured Tol'vir
[Turn 10, Step 58] Agent: 공격 - Dollmaster Dorian[2/6] -> Mecha'thun
[Turn 10, Step 59] Agent: 공격 - Ironbeak Owl[2/1] -> Rexxar

--- Game State (Turn 10, Step 60) ---
Agent: Jaina Proudmoore HP: 5, Mana: 6/10
  Hand (4): Phantom Militia, Houndmaster Shaw, Emerald Reaver, Disguised Wanderer
  Field: The Darkness[20/20], Dollmaster Dorian[2/1], Mecha'thun[10/2], Ironbeak Owl[2/1], Injured Tol'vir[2/2]
Opponent: Rexxar HP: 20, Mana: 0/10
  Hand (2)
  Field: Mecha'thun[10/8]
[Turn 10, Step 60] Agent: 공격 - Mecha'thun[10/2] -> Mecha'thun
[Turn 10, Step 61] Agent: 카드 플레이 - Houndmaster Shaw (코스트: 1)
[Turn 10, Step 62] Agent: 카드 플레이 - Phantom Militia (코스트: 3)
[Turn 10, Step 63] Agent: 카드 플레이 - Emerald Reaver (코스트: 1)
[Turn 10, Step 64] Agent: 턴 종료

[Turn 10] === Opponent's Turn ===
[Turn 10, Step 64] Opponent: 카드 플레이 - Volatile Elemental (코스트: 2)
[Turn 10, Step 64] Opponent: 카드 플레이 - Da Undatakah (코스트: 8)
[Turn 10, Step 64] Opponent: 턴 종료

--- Game State (Turn 10, Step 65) ---
Agent: Jaina Proudmoore HP: 4, Mana: 10/10
  Hand (2): Disguised Wanderer, History Buff
  Field: The Darkness[20/20], Dollmaster Dorian[2/1], Ironbeak Owl[2/1], Injured Tol'vir[2/2], Houndmaster Shaw[3/6], Phantom Militia[2/4], Emerald Reaver[2/1]
Opponent: Rexxar HP: 19, Mana: 0/10
  Hand (1)
  Field: Volatile Elemental[1/1], Da Undatakah[8/5]
[Turn 10, Step 65] Agent: 공격 - Phantom Militia[2/4] -> Da Undatakah
[Turn 10, Step 66] Agent: 공격 - Dollmaster Dorian[2/1] -> Da Undatakah
[Turn 10, Step 67] Agent: 공격 - Houndmaster Shaw[3/6] -> Da Undatakah
[Turn 10, Step 68] Agent: 영웅 능력 사용 -> Ironbeak Owl
[Turn 10, Step 69] Agent: 공격 - Injured Tol'vir[2/2] -> Scarab

--- Game State (Turn 10, Step 70) ---
Agent: Jaina Proudmoore HP: 4, Mana: 8/10
  Hand (2): Disguised Wanderer, History Buff
  Field: The Darkness[20/20], Injured Tol'vir[2/1], Emerald Reaver[2/1]
Opponent: Rexxar HP: 19, Mana: 0/10
  Hand (1)
  Field: Volatile Elemental[1/1], Scarab[1/1], Scarab[1/1], Hench-Clan Squire[1/1]
[Turn 10, Step 70] Agent: 공격 - Emerald Reaver[2/1] -> Volatile Elemental
[Turn 10, Step 71] Agent: 카드 플레이 - Disguised Wanderer (코스트: 4)
[Turn 10, Step 72] Agent: 턴 종료

[Turn 10] === Opponent's Turn ===
[Turn 10, Step 72] Opponent: 카드 플레이 - Sleepy Dragon (코스트: 9)
[Turn 10, Step 72] Opponent: 공격 - Hench-Clan Squire[1/1] -> Disguised Wanderer
[Turn 10, Step 72] Opponent: 공격 - Scarab[1/1] -> Jaina Proudmoore
[Turn 10, Step 72] Opponent: 턴 종료
[Turn 10, Step 73] Agent: 영웅 능력 사용 -> Rexxar
[Turn 10, Step 74] Agent: 카드 플레이 - History Buff (코스트: 3)

--- Game State (Turn 10, Step 75) ---
Agent: Jaina Proudmoore HP: 3, Mana: 5/10
  Hand (1): Goblin Blastmage
  Field: The Darkness[20/20], Disguised Wanderer[3/2], History Buff[3/4]
Opponent: Rexxar HP: 18, Mana: 1/10
  Hand (1)
  Field: Scarab[1/1], Scarab[1/1], Sleepy Dragon[4/12]
[Turn 10, Step 75] Agent: 공격 - Disguised Wanderer[3/2] -> Sleepy Dragon
[Turn 10, Step 76] Agent: 턴 종료

[Turn 10] === Opponent's Turn ===
[Turn 10, Step 76] Opponent: 턴 종료
[Turn 10, Step 77] Agent: 영웅 능력 사용 -> Rexxar
[Turn 10, Step 78] Agent: 카드 플레이 - Goblin Blastmage (코스트: 4)
[Turn 10, Step 79] Agent: 공격 - Rustsworn Inquisitor[9/1] -> Sleepy Dragon

--- Game State (Turn 10, Step 80) ---
Agent: Jaina Proudmoore HP: 3, Mana: 4/10
  Hand (1): Mosh'Ogg Announcer
  Field: The Darkness[20/20], History Buff[3/4], Goblin Blastmage[5/4]
Opponent: Rexxar HP: 17, Mana: 10/10
  Hand (2)
  Field: Scarab[1/1], Scarab[1/1]
[Turn 10, Step 80] Agent: 턴 종료

[Turn 10] === Opponent's Turn ===
[Turn 10, Step 80] Opponent: 영웅 능력 사용
[Turn 10, Step 80] Opponent: 카드 플레이 - Soldier of Fortune (코스트: 4)
[Turn 10, Step 80] Opponent: 공격 - Scarab[1/1] -> Goblin Blastmage
[Turn 10, Step 80] Opponent: 턴 종료
[Turn 10, Step 81] Agent: 영웅 능력 사용 -> Goblin Blastmage
[Turn 10, Step 82] Agent: 공격 - History Buff[3/4] -> Rexxar
[Turn 10, Step 83] Agent: 공격 - Goblin Blastmage[5/2] -> Soldier of Fortune
[Turn 10, Step 84] Agent: 카드 플레이 - Mosh'Ogg Announcer (코스트: 5)

--- Game State (Turn 10, Step 85) ---
Agent: Jaina Proudmoore HP: 1, Mana: 3/10
  Hand (1): Tol'vir Stoneshaper
  Field: The Darkness[20/20], History Buff[3/4], Mosh'Ogg Announcer[7/6]
Opponent: Rexxar HP: 14, Mana: 4/10
  Hand (2)
  Field: Scarab[1/1], Soldier of Fortune[5/1]
[Turn 10, Step 85] Agent: 턴 종료

[Turn 10] === Opponent's Turn ===
[Turn 10, Step 85] Opponent: 공격 - Soldier of Fortune[5/1] -> Mosh'Ogg Announcer
[Turn 10, Step 85] Opponent: 카드 플레이 - Ozruk (코스트: 9)
[Turn 10, Step 85] Opponent: 공격 - Scarab[1/1] -> Mosh'Ogg Announcer

--- Game State (Turn 10, Step 86) ---
Agent: Jaina Proudmoore HP: 0, Mana: 3/10
  Hand (2): Tol'vir Stoneshaper, The Coin
  Field: The Darkness[20/20], History Buff[3/4], Mosh'Ogg Announcer[7/1]
Opponent: Rexxar HP: 14, Mana: 1/10
  Hand (2)
  Field: Scarab[1/1], Ozruk[5/10]

============================================================
게임 종료 - Terminated: True, Truncated: False
승자: Opponent
============================================================

