============================================================
NEW GAME STARTED
Agent: HERO_08 vs Opponent: HERO_05
Action Masking: ON
Masking Expected: ON
============================================================

[Turn 1] === Opponent's Turn ===
[Turn 1, Step 0] Opponent: 카드 플레이 - The Marsh Queen (코스트: 1)
[Turn 1, Step 0] Opponent: 턴 종료
[Turn 1, Step 1] Agent: 카드 플레이 - The Coin (코스트: 0)
[Turn 1, Step 2] Agent: 턴 종료

[Turn 1] === Opponent's Turn ===
[Turn 1, Step 2] Opponent: 카드 플레이 - Gilblin Stalker (코스트: 2)
[Turn 1, Step 2] Opponent: 턴 종료
[Turn 2, Step 3] Agent: 턴 종료

[Turn 2] === Opponent's Turn ===
[Turn 2, Step 3] Opponent: 카드 플레이 - Bloodfen Raptor (코스트: 2)
[Turn 2, Step 3] Opponent: 공격 - Gilblin Stalker[2/3] -> Jaina Proudmoore
[Turn 2, Step 3] Opponent: 턴 종료
[Turn 3, Step 4] Agent: 카드 플레이 - Southsea Captain (코스트: 3)

--- Game State (Turn 3, Step 5) ---
Agent: Jaina Proudmoore HP: 28, Mana: 0/3
  Hand (6): Wind-up Burglebot, Sylvanas Windrunner, Arcane Devourer, The Boogeymonster, Bolf Ramshield, Cult Sorcerer
  Field: Southsea Captain[3/3]
Opponent: Rexxar HP: 30, Mana: 1/3
  Hand (3)
  Field: Gilblin Stalker[2/3], Bloodfen Raptor[3/2]
[Turn 3, Step 5] Agent: 턴 종료

[Turn 3] === Opponent's Turn ===
[Turn 3, Step 5] Opponent: 공격 - Gilblin Stalker[2/3] -> Southsea Captain
[Turn 3, Step 5] Opponent: 공격 - Bloodfen Raptor[3/2] -> Jaina Proudmoore
[Turn 3, Step 5] Opponent: 영웅 능력 사용
[Turn 3, Step 5] Opponent: 카드 플레이 - Arcane Servant (코스트: 2)
[Turn 3, Step 5] Opponent: 턴 종료
[Turn 4, Step 6] Agent: 공격 - Southsea Captain[3/1] -> Rexxar
[Turn 4, Step 7] Agent: 카드 플레이 - Cult Sorcerer (코스트: 2)
[Turn 4, Step 8] Agent: 영웅 능력 사용 -> Bloodfen Raptor
[Turn 4, Step 9] Agent: 턴 종료

[Turn 4] === Opponent's Turn ===
[Turn 4, Step 9] Opponent: 카드 플레이 - Night Prowler (코스트: 4)
[Turn 4, Step 9] Opponent: 공격 - Bloodfen Raptor[3/1] -> Jaina Proudmoore
[Turn 4, Step 9] Opponent: 공격 - Arcane Servant[2/3] -> Southsea Captain
[Turn 4, Step 9] Opponent: 턴 종료

--- Game State (Turn 5, Step 10) ---
Agent: Jaina Proudmoore HP: 20, Mana: 5/5
  Hand (7): Auctionmaster Beardo, Wind-up Burglebot, Sylvanas Windrunner, Arcane Devourer, The Boogeymonster, Bolf Ramshield, Corpsetaker
  Field: Cult Sorcerer[3/2]
Opponent: Rexxar HP: 27, Mana: 1/5
  Hand (3)
  Field: Bloodfen Raptor[3/1], Night Prowler[3/3]
[Turn 5, Step 10] Agent: 영웅 능력 사용 -> Rexxar
[Turn 5, Step 11] Agent: 공격 - Cult Sorcerer[3/2] -> Night Prowler
[Turn 5, Step 12] Agent: 턴 종료

[Turn 5] === Opponent's Turn ===
[Turn 5, Step 12] Opponent: 공격 - Bloodfen Raptor[3/1] -> Jaina Proudmoore
[Turn 5, Step 12] Opponent: 카드 플레이 - Loatheb (코스트: 5)
[Turn 5, Step 12] Opponent: 턴 종료
[Turn 6, Step 13] Agent: 영웅 능력 사용 -> Loatheb
[Turn 6, Step 14] Agent: 턴 종료

[Turn 6] === Opponent's Turn ===
[Turn 6, Step 14] Opponent: 카드 플레이 - Lotus Agents (코스트: 5)
[Turn 6, Step 14] Opponent: 선택 - Razorpetal Lasher
[Turn 6, Step 14] Opponent: 영웅 능력 사용
[Turn 6, Step 14] Opponent: 공격 - Loatheb[5/4] -> Jaina Proudmoore
[Turn 6, Step 14] Opponent: 공격 - Bloodfen Raptor[3/1] -> Jaina Proudmoore
[Turn 6, Step 14] Opponent: 턴 종료

--- Game State (Turn 7, Step 15) ---
Agent: Jaina Proudmoore HP: 7, Mana: 7/7
  Hand (9): Doomcaller, Auctionmaster Beardo, Wind-up Burglebot, Sylvanas Windrunner, Arcane Devourer, The Boogeymonster, Bolf Ramshield, Corpsetaker, Hakkar, the Soulflayer
Opponent: Rexxar HP: 26, Mana: 0/7
  Hand (4)
  Field: Bloodfen Raptor[3/1], Loatheb[5/4], Lotus Agents[5/3]
[Turn 7, Step 15] Agent: 영웅 능력 사용 -> Bloodfen Raptor
[Turn 7, Step 16] Agent: 턴 종료

[Turn 7] === Opponent's Turn ===
[Turn 7, Step 16] Opponent: 카드 플레이 - Stormhammer (코스트: 3)
[Turn 7, Step 16] Opponent: 카드 플레이 - Razorpetal Lasher (코스트: 2)
[Turn 7, Step 16] Opponent: 카드 플레이 - Razorpetal -> Loatheb (코스트: 1)
[Turn 7, Step 16] Opponent: 공격 - Rexxar[3/26] -> Jaina Proudmoore
[Turn 7, Step 16] Opponent: 공격 - Lotus Agents[5/3] -> Jaina Proudmoore

--- Game State (Turn 7, Step 17) ---
Agent: Jaina Proudmoore HP: 0, Mana: 5/7
  Hand (9): Doomcaller, Auctionmaster Beardo, Wind-up Burglebot, Sylvanas Windrunner, Arcane Devourer, The Boogeymonster, Bolf Ramshield, Corpsetaker, Hakkar, the Soulflayer
Opponent: Rexxar HP: 26, Mana: 2/8
  Hand (3)
  Field: Loatheb[5/3], Lotus Agents[5/3], Razorpetal Lasher[2/2]

============================================================
게임 종료 - Terminated: True, Truncated: False
승자: Opponent
============================================================

