============================================================
NEW GAME STARTED
Agent: HERO_08 vs Opponent: HERO_05
Action Masking: ON
Masking Expected: ON
============================================================
[Turn 1, Step 0] Agent: 카드 플레이 - Gravelsnout Knight (코스트: 1)
[Turn 1, Step 1] Agent: 턴 종료

[Turn 1] === Opponent's Turn ===
[Turn 1, Step 1] Opponent: 공격 - Goldshire Footman[1/2] -> Jaina Proudmoore
[Turn 1, Step 1] Opponent: 카드 플레이 - The Coin (코스트: 0)
[Turn 1, Step 1] Opponent: 영웅 능력 사용
[Turn 1, Step 1] Opponent: 턴 종료
[Turn 2, Step 2] Agent: 영웅 능력 사용 -> Jaina Proudmoore
[Turn 2, Step 3] Agent: 공격 - Gravelsnout Knight[2/3] -> Goldshire Footman
[Turn 2, Step 4] Agent: 턴 종료

[Turn 2] === Opponent's Turn ===
[Turn 2, Step 4] Opponent: 카드 플레이 - Crazed Alchemist -> Gravelsnout Knight (코스트: 2)
[Turn 2, Step 4] Opponent: 턴 종료

--- Game State (Turn 3, Step 5) ---
Agent: Jaina Proudmoore HP: 26, Mana: 3/3
  Hand (5): Novice Engineer, Nexus-Champion Saraad, Duplicate, Twilight Geomancer, River Crocolisk
  Field: Gravelsnout Knight[2/2]
Opponent: Rexxar HP: 30, Mana: 0/2
  Hand (5)
  Field: Crazed Alchemist[2/2]
[Turn 3, Step 5] Agent: 카드 플레이 - River Crocolisk (코스트: 2)
[Turn 3, Step 6] Agent: 공격 - Gravelsnout Knight[2/2] -> Rexxar
[Turn 3, Step 7] Agent: 턴 종료

[Turn 3] === Opponent's Turn ===
[Turn 3, Step 7] Opponent: 공격 - Crazed Alchemist[2/2] -> River Crocolisk
[Turn 3, Step 7] Opponent: 카드 플레이 - Scavenger's Ingenuity (코스트: 2)
[Turn 3, Step 7] Opponent: 턴 종료
[Turn 4, Step 8] Agent: 영웅 능력 사용 -> Jaina Proudmoore
[Turn 4, Step 9] Agent: 카드 플레이 - Novice Engineer (코스트: 2)

--- Game State (Turn 4, Step 10) ---
Agent: Jaina Proudmoore HP: 25, Mana: 0/4
  Hand (5): Nexus-Champion Saraad, Duplicate, Twilight Geomancer, Goblin Sapper, Faerie Dragon
  Field: Gravelsnout Knight[2/2], River Crocolisk[2/1], Novice Engineer[1/1]
Opponent: Rexxar HP: 28, Mana: 1/3
  Hand (6)
[Turn 4, Step 10] Agent: 턴 종료

[Turn 4] === Opponent's Turn ===
[Turn 4, Step 10] Opponent: 턴 종료
[Turn 5, Step 11] Agent: 영웅 능력 사용 -> Novice Engineer
[Turn 5, Step 12] Agent: 카드 플레이 - Duplicate (코스트: 3)
[Turn 5, Step 13] Agent: 공격 - Gravelsnout Knight[2/2] -> Rexxar
[Turn 5, Step 14] Agent: 공격 - River Crocolisk[2/1] -> Rexxar

--- Game State (Turn 5, Step 15) ---
Agent: Jaina Proudmoore HP: 25, Mana: 0/5
  Hand (5): Nexus-Champion Saraad, Twilight Geomancer, Goblin Sapper, Faerie Dragon, Kronx Dragonhoof
  Field: Gravelsnout Knight[2/2], River Crocolisk[2/1]
Opponent: Rexxar HP: 24, Mana: 4/4
  Hand (7)
[Turn 5, Step 15] Agent: 턴 종료

[Turn 5] === Opponent's Turn ===
[Turn 5, Step 15] Opponent: 카드 플레이 - Deathlord (코스트: 3)
[Turn 5, Step 15] Opponent: 영웅 능력 사용
[Turn 5, Step 15] Opponent: 턴 종료
[Turn 6, Step 16] Agent: 영웅 능력 사용 -> Jaina Proudmoore
[Turn 6, Step 17] Agent: 공격 - Gravelsnout Knight[2/2] -> Deathlord
[Turn 6, Step 18] Agent: 턴 종료

[Turn 6] === Opponent's Turn ===
[Turn 6, Step 18] Opponent: 영웅 능력 사용
[Turn 6, Step 18] Opponent: 카드 플레이 - Feral Gibberer (코스트: 1)
[Turn 6, Step 18] Opponent: 공격 - Deathlord[2/6] -> Jaina Proudmoore
[Turn 6, Step 18] Opponent: 턴 종료
[Turn 7, Step 19] Agent: 카드 플레이 - Faerie Dragon (코스트: 2)

--- Game State (Turn 7, Step 20) ---
Agent: Jaina Proudmoore HP: 18, Mana: 5/7
  Hand (6): Nexus-Champion Saraad, Twilight Geomancer, Goblin Sapper, Kronx Dragonhoof, Menagerie Magician, Temple Berserker
  Field: River Crocolisk[2/1], Faerie Dragon[3/2]
Opponent: Rexxar HP: 24, Mana: 3/6
  Hand (7)
  Field: Deathlord[2/6], Feral Gibberer[1/1]
[Turn 7, Step 20] Agent: 턴 종료

[Turn 7] === Opponent's Turn ===
[Turn 7, Step 20] Opponent: 공격 - Deathlord[2/6] -> Jaina Proudmoore
[Turn 7, Step 20] Opponent: 카드 플레이 - Volcanosaur (코스트: 7)
[Turn 7, Step 20] Opponent: 선택 - Living Spores
[Turn 7, Step 20] Opponent: 선택 - Shrouding Mist
[Turn 7, Step 20] Opponent: 공격 - Feral Gibberer[1/1] -> River Crocolisk
[Turn 7, Step 20] Opponent: 턴 종료
[Turn 8, Step 21] Agent: 카드 플레이 - Goblin Sapper (코스트: 3)
[Turn 8, Step 22] Agent: 카드 플레이 - Temple Berserker (코스트: 2)
[Turn 8, Step 23] Agent: 공격 - Faerie Dragon[3/2] -> Deathlord
[Turn 8, Step 24] Agent: 영웅 능력 사용 -> Jaina Proudmoore

--- Game State (Turn 8, Step 25) ---
Agent: Jaina Proudmoore HP: 15, Mana: 1/8
  Hand (7): Nexus-Champion Saraad, Twilight Geomancer, Kronx Dragonhoof, Menagerie Magician, River Crocolisk, River Crocolisk, Kazakus
  Field: Goblin Sapper[6/4], Temple Berserker[1/2]
Opponent: Rexxar HP: 24, Mana: 0/7
  Hand (7)
  Field: Deathlord[2/3], Volcanosaur[7/8]
[Turn 8, Step 25] Agent: 턴 종료

[Turn 8] === Opponent's Turn ===
[Turn 8, Step 25] Opponent: 턴 종료
[Turn 9, Step 26] Agent: 카드 플레이 - Kronx Dragonhoof (코스트: 6)
[Turn 9, Step 27] Agent: 카드 플레이 - River Crocolisk (코스트: 2)
[Turn 9, Step 28] Agent: 공격 - Goblin Sapper[6/4] -> Deathlord
[Turn 9, Step 29] Agent: 공격 - Temple Berserker[1/2] -> Rexxar

--- Game State (Turn 9, Step 30) ---
Agent: Jaina Proudmoore HP: 15, Mana: 1/9
  Hand (6): Nexus-Champion Saraad, Twilight Geomancer, Menagerie Magician, River Crocolisk, Kazakus, Overconfident Orc
  Field: Tanglefur Mystic[3/4], Goblin Sapper[6/2], Temple Berserker[1/2], Kronx Dragonhoof[6/6], River Crocolisk[2/3]
Opponent: Rexxar HP: 23, Mana: 8/8
  Hand (8)
  Field: Volcanosaur[7/8]
[Turn 9, Step 30] Agent: 턴 종료

[Turn 9] === Opponent's Turn ===
[Turn 9, Step 30] Opponent: 카드 플레이 - Mad Hatter (코스트: 4)
[Turn 9, Step 30] Opponent: 카드 플레이 - Dragonbane (코스트: 4)
[Turn 9, Step 30] Opponent: 공격 - Volcanosaur[7/8] -> Tanglefur Mystic
[Turn 9, Step 30] Opponent: 카드 플레이 - Rocket Augmerchant -> River Crocolisk (코스트: 1)
[Turn 9, Step 30] Opponent: 턴 종료
[Turn 10, Step 31] Agent: 카드 플레이 - River Crocolisk (코스트: 2)
[Turn 10, Step 32] Agent: 공격 - Kronx Dragonhoof[7/7] -> Rocket Augmerchant
[Turn 10, Step 33] Agent: 영웅 능력 사용 -> Rexxar
[Turn 10, Step 34] Agent: 공격 - Temple Berserker[2/3] -> Volcanosaur

--- Game State (Turn 10, Step 35) ---
Agent: Jaina Proudmoore HP: 15, Mana: 6/10
  Hand (6): Nexus-Champion Saraad, Twilight Geomancer, Menagerie Magician, Kazakus, Overconfident Orc, Cobalt Scalebane
  Field: Goblin Sapper[6/2], Temple Berserker[3/1], Kronx Dragonhoof[7/5], River Crocolisk[3/3], River Crocolisk[2/3]
Opponent: Rexxar HP: 22, Mana: 0/9
  Hand (6)
  Field: Volcanosaur[7/3], Mad Hatter[3/2], Dragonbane[3/5]
[Turn 10, Step 35] Agent: 카드 플레이 - Overconfident Orc (코스트: 3)
[Turn 10, Step 36] Agent: 공격 - Goblin Sapper[6/2] -> Dragonbane
[Turn 10, Step 37] Agent: 공격 - River Crocolisk[3/3] -> Rexxar
[Turn 10, Step 38] Agent: 카드 플레이 - Twilight Geomancer (코스트: 2)
[Turn 10, Step 39] Agent: 턴 종료

[Turn 10] === Opponent's Turn ===
[Turn 10, Step 39] Opponent: 영웅 능력 사용
[Turn 10, Step 39] Opponent: 카드 플레이 - Clockwork Automaton (코스트: 5)
[Turn 10, Step 39] Opponent: 공격 - Mad Hatter[3/2] -> Twilight Geomancer
[Turn 10, Step 39] Opponent: 턴 종료

--- Game State (Turn 10, Step 40) ---
Agent: Jaina Proudmoore HP: 13, Mana: 10/10
  Hand (5): Nexus-Champion Saraad, Menagerie Magician, Kazakus, Cobalt Scalebane, Kabal Courier
  Field: Temple Berserker[3/1], Kronx Dragonhoof[7/5], River Crocolisk[3/3], River Crocolisk[2/3], Overconfident Orc[3/6], Twilight Geomancer[1/1]
Opponent: Rexxar HP: 19, Mana: 3/10
  Hand (6)
  Field: Volcanosaur[7/3], Mad Hatter[3/1], Clockwork Automaton[4/4]
[Turn 10, Step 40] Agent: 영웅 능력 사용 -> Overconfident Orc
[Turn 10, Step 41] Agent: 공격 - River Crocolisk[3/3] -> Mad Hatter
[Turn 10, Step 42] Agent: 공격 - Temple Berserker[3/1] -> Clockwork Automaton
[Turn 10, Step 43] Agent: 카드 플레이 - Nexus-Champion Saraad (코스트: 5)
[Turn 10, Step 44] Agent: 공격 - Overconfident Orc[1/5] -> Volcanosaur

--- Game State (Turn 10, Step 45) ---
Agent: Jaina Proudmoore HP: 13, Mana: 3/10
  Hand (4): Menagerie Magician, Kazakus, Cobalt Scalebane, Kabal Courier
  Field: Kronx Dragonhoof[7/5], River Crocolisk[2/3], Twilight Geomancer[1/1], Nexus-Champion Saraad[4/5]
Opponent: Rexxar HP: 19, Mana: 3/10
  Hand (6)
  Field: Volcanosaur[7/2], Clockwork Automaton[4/1]
[Turn 10, Step 45] Agent: 공격 - River Crocolisk[2/3] -> Rexxar
[Turn 10, Step 46] Agent: 공격 - Kronx Dragonhoof[7/5] -> Rexxar
[Turn 10, Step 47] Agent: 공격 - Twilight Geomancer[1/1] -> Clockwork Automaton
[Turn 10, Step 48] Agent: 카드 플레이 - Kabal Courier (코스트: 3)
[Turn 10, Step 49] Agent: 선택 - Cryomancer
[Turn 10, Step 49] Agent: 턴 종료

[Turn 10] === Opponent's Turn ===
[Turn 10, Step 49] Opponent: 공격 - Volcanosaur[7/2] -> Nexus-Champion Saraad
[Turn 10, Step 49] Opponent: 카드 플레이 - Mukla, Tyrant of the Vale (코스트: 6)
[Turn 10, Step 49] Opponent: 카드 플레이 - Kabal Chemist (코스트: 4)
[Turn 10, Step 49] Opponent: 턴 종료

--- Game State (Turn 10, Step 50) ---
Agent: Jaina Proudmoore HP: 13, Mana: 10/10
  Hand (5): Menagerie Magician, Kazakus, Cobalt Scalebane, Cryomancer, Ebon Dragonsmith
  Field: Kronx Dragonhoof[7/5], River Crocolisk[2/3], Kabal Courier[2/2]
Opponent: Rexxar HP: 10, Mana: 0/10
  Hand (8)
  Field: Mukla, Tyrant of the Vale[5/5], Kabal Chemist[3/3]
[Turn 10, Step 50] Agent: 턴 종료

[Turn 10] === Opponent's Turn ===
[Turn 10, Step 50] Opponent: 카드 플레이 - Wrapped Golem (코스트: 7)
[Turn 10, Step 50] Opponent: 공격 - Kabal Chemist[3/3] -> Kronx Dragonhoof
[Turn 10, Step 50] Opponent: 턴 종료
[Turn 10, Step 51] Agent: 공격 - River Crocolisk[2/3] -> Scarab
[Turn 10, Step 52] Agent: 영웅 능력 사용 -> Jaina Proudmoore
[Turn 10, Step 53] Agent: 카드 플레이 - Cryomancer (코스트: 5)
[Turn 10, Step 54] Agent: 공격 - Kabal Courier[2/2] -> Rexxar

--- Game State (Turn 10, Step 55) ---
Agent: Jaina Proudmoore HP: 12, Mana: 3/10
  Hand (5): Menagerie Magician, Kazakus, Cobalt Scalebane, Ebon Dragonsmith, Swamp Dragon Egg
  Field: Kronx Dragonhoof[7/2], River Crocolisk[2/2], Kabal Courier[2/2], Cryomancer[5/5]
Opponent: Rexxar HP: 8, Mana: 3/10
  Hand (8)
  Field: Mukla, Tyrant of the Vale[5/5], Wrapped Golem[7/5]
[Turn 10, Step 55] Agent: 공격 - Kronx Dragonhoof[7/2] -> Mukla, Tyrant of the Vale
[Turn 10, Step 56] Agent: 턴 종료

[Turn 10] === Opponent's Turn ===
[Turn 10, Step 56] Opponent: 카드 플레이 - Waterboy (코스트: 2)
[Turn 10, Step 56] Opponent: 카드 플레이 - Baron Geddon (코스트: 7)
[Turn 10, Step 56] Opponent: 카드 플레이 - Bananas -> Kabal Courier (코스트: 1)
[Turn 10, Step 56] Opponent: 공격 - Wrapped Golem[7/5] -> Kabal Courier
[Turn 10, Step 56] Opponent: 턴 종료
[Turn 10, Step 57] Agent: 카드 플레이 - Tauren Warrior (코스트: 3)
[Turn 10, Step 58] Agent: 카드 플레이 - Cobalt Scalebane (코스트: 5)
[Turn 10, Step 59] Agent: 영웅 능력 사용 -> Cobalt Scalebane

--- Game State (Turn 10, Step 60) ---
Agent: Jaina Proudmoore HP: 10, Mana: 0/10
  Hand (4): Menagerie Magician, Kazakus, Ebon Dragonsmith, Swamp Dragon Egg
  Field: Cryomancer[5/3], Tauren Warrior[2/3], Cobalt Scalebane[5/4]
Opponent: Rexxar HP: 6, Mana: 0/10
  Hand (6)
  Field: Wrapped Golem[7/1], Baron Geddon[7/5]
[Turn 10, Step 60] Agent: 턴 종료

[Turn 10] === Opponent's Turn ===
[Turn 10, Step 60] Opponent: 카드 플레이 - Fen Creeper (코스트: 5)
[Turn 10, Step 60] Opponent: 카드 플레이 - Bananas -> Cryomancer (코스트: 1)
[Turn 10, Step 60] Opponent: 영웅 능력 사용
[Turn 10, Step 60] Opponent: 턴 종료
[Turn 10, Step 61] Agent: 카드 플레이 - Kazakus (코스트: 4)
[Turn 10, Step 62] Agent: 선택 - Greater Potion
[Turn 10, Step 62] Agent: 선택 - Mystic Wool
[Turn 10, Step 62] Agent: 선택 - Heart of Fire
[Turn 10, Step 62] Agent: 턴 종료

[Turn 10] === Opponent's Turn ===
[Turn 10, Step 62] Opponent: 턴 종료
[Turn 10, Step 63] Agent: 카드 플레이 - Menagerie Magician (코스트: 5)
[Turn 10, Step 64] Agent: 카드 플레이 - Doomsayer (코스트: 2)

--- Game State (Turn 10, Step 65) ---
Agent: Jaina Proudmoore HP: 4, Mana: 3/10
  Hand (4): Ebon Dragonsmith, Swamp Dragon Egg, Kazakus Potion, Illuminator
  Field: Kazakus[6/1], Menagerie Magician[4/4], Doomsayer[0/7]
Opponent: Rexxar HP: 2, Mana: 10/10
  Hand (6)
  Field: Baron Geddon[7/5], Fen Creeper[3/2]
[Turn 10, Step 65] Agent: 영웅 능력 사용 -> Doomsayer
[Turn 10, Step 66] Agent: 턴 종료

[Turn 10] === Opponent's Turn ===
[Turn 10, Step 66] Opponent: 공격 - Baron Geddon[7/5] -> Menagerie Magician
[Turn 10, Step 66] Opponent: 카드 플레이 - Squirming Tentacle (코스트: 3)
[Turn 10, Step 66] Opponent: 카드 플레이 - Hidden Cache (코스트: 2)
[Turn 10, Step 66] Opponent: 카드 플레이 - Grizzled Wizard (코스트: 2)
[Turn 10, Step 66] Opponent: 공격 - Fen Creeper[3/2] -> Doomsayer
[Turn 10, Step 66] Opponent: 턴 종료

--- Game State (Turn 10, Step 67) ---
Agent: Jaina Proudmoore HP: 2, Mana: 1/10
  Hand (4): Ebon Dragonsmith, Swamp Dragon Egg, Kazakus Potion, Illuminator
  Field: Kazakus[6/-1], Doomsayer[0/1]
Opponent: Rexxar HP: 0, Mana: 3/10
  Hand (4)
  Field: Baron Geddon[7/1], Fen Creeper[3/0], Squirming Tentacle[2/2], Grizzled Wizard[3/0]

============================================================
게임 종료 - Terminated: True, Truncated: False
승자: Agent
============================================================

