============================================================
NEW GAME STARTED
Agent: HERO_08 vs Opponent: HERO_05
Action Masking: OFF
Masking Expected: OFF
============================================================
[Turn 1, Step 0] Agent: 카드 플레이 - Cogmaster (코스트: 1)
[Turn 1, Step 1] Agent: 턴 종료

[Turn 1] === Opponent's Turn ===
[Turn 1, Step 1] Opponent: 카드 플레이 - Dwarven Sharpshooter (코스트: 1)
[Turn 1, Step 1] Opponent: 카드 플레이 - The Coin (코스트: 0)
[Turn 1, Step 1] Opponent: 카드 플레이 - Potion Vendor (코스트: 1)
[Turn 1, Step 1] Opponent: 턴 종료
[Turn 2, Step 2] Agent: 영웅 능력 사용 -> Jaina Proudmoore
[Turn 2, Step 3] Agent: 공격 - Cogmaster[1/2] -> Rexxar
[Turn 2, Step 4] Agent: 턴 종료

[Turn 2] === Opponent's Turn ===
[Turn 2, Step 4] Opponent: 영웅 능력 사용 -> Jaina Proudmoore
[Turn 2, Step 4] Opponent: 턴 종료

--- Game State (Turn 3, Step 5) ---
Agent: Jaina Proudmoore HP: 27, Mana: 3/3
  Hand (5): Molten Giant, Carnivorous Cube, Skelemancer, Prince Liam, C'Thun
  Field: Cogmaster[1/2]
Opponent: Rexxar HP: 29, Mana: 0/2
  Hand (4)
  Field: Dwarven Sharpshooter[1/3], Potion Vendor[1/1]
[Turn 3, Step 5] Agent: 영웅 능력 사용 -> Jaina Proudmoore
[Turn 3, Step 6] Agent: 공격 - Cogmaster[1/2] -> Rexxar
[Turn 3, Step 7] Agent: 턴 종료

[Turn 3] === Opponent's Turn ===
[Turn 3, Step 7] Opponent: 공격 - Dwarven Sharpshooter[1/3] -> Jaina Proudmoore
[Turn 3, Step 7] Opponent: 턴 종료
[Turn 4, Step 8] Agent: 카드 플레이 - SI:7 Infiltrator (코스트: 4)
[Turn 4, Step 9] Agent: 공격 - Cogmaster[1/2] -> Rexxar

--- Game State (Turn 4, Step 10) ---
Agent: Jaina Proudmoore HP: 25, Mana: 0/4
  Hand (5): Molten Giant, Carnivorous Cube, Skelemancer, Prince Liam, C'Thun
  Field: Cogmaster[1/2], SI:7 Infiltrator[5/4]
Opponent: Rexxar HP: 27, Mana: 3/3
  Hand (5)
  Field: Dwarven Sharpshooter[1/3], Potion Vendor[1/1]
[Turn 4, Step 10] Agent: 턴 종료

[Turn 4] === Opponent's Turn ===
[Turn 4, Step 10] Opponent: 턴 종료
[Turn 5, Step 11] Agent: 카드 플레이 - Carnivorous Cube -> Cogmaster (코스트: 5)
[Turn 5, Step 12] Agent: 공격 - SI:7 Infiltrator[5/4] -> Rexxar
[Turn 5, Step 13] Agent: 턴 종료

[Turn 5] === Opponent's Turn ===
[Turn 5, Step 13] Opponent: 턴 종료
[Turn 6, Step 14] Agent: 카드 플레이 - Skelemancer (코스트: 5)

--- Game State (Turn 6, Step 15) ---
Agent: Jaina Proudmoore HP: 25, Mana: 1/6
  Hand (5): Molten Giant, Prince Liam, C'Thun, Sewer Crawler, Bug Collector
  Field: SI:7 Infiltrator[5/4], Carnivorous Cube[4/6], Skelemancer[2/2]
Opponent: Rexxar HP: 22, Mana: 5/5
  Hand (7)
  Field: Dwarven Sharpshooter[1/3], Potion Vendor[1/1]
[Turn 6, Step 15] Agent: 공격 - SI:7 Infiltrator[5/4] -> Rexxar
[Turn 6, Step 16] Agent: 공격 - Carnivorous Cube[4/6] -> Rexxar
[Turn 6, Step 17] Agent: 턴 종료

[Turn 6] === Opponent's Turn ===
[Turn 6, Step 17] Opponent: 턴 종료
[Turn 7, Step 18] Agent: 카드 플레이 - Prince Liam (코스트: 5)
[Turn 7, Step 19] Agent: 카드 플레이 - Bug Collector (코스트: 2)

--- Game State (Turn 7, Step 20) ---
Agent: Jaina Proudmoore HP: 25, Mana: 0/7
  Hand (4): Molten Giant, C'Thun, Sewer Crawler, Plated Beetle
  Field: SI:7 Infiltrator[5/4], Carnivorous Cube[4/6], Skelemancer[2/2], Prince Liam[5/5], Bug Collector[2/1], Locust[1/1]
Opponent: Rexxar HP: 13, Mana: 6/6
  Hand (8)
  Field: Dwarven Sharpshooter[1/3], Potion Vendor[1/1]
[Turn 7, Step 20] Agent: 공격 - SI:7 Infiltrator[5/4] -> Rexxar
[Turn 7, Step 21] Agent: 공격 - Carnivorous Cube[4/6] -> Rexxar
[Turn 7, Step 22] Agent: 공격 - Skelemancer[2/2] -> Rexxar
[Turn 7, Step 23] Agent: 공격 - Locust[1/1] -> Dwarven Sharpshooter
[Turn 7, Step 24] Agent: 턴 종료

[Turn 7] === Opponent's Turn ===
[Turn 7, Step 24] Opponent: 카드 플레이 - Swamp Leech (코스트: 1)
[Turn 7, Step 24] Opponent: 카드 플레이 - Mukla's Champion (코스트: 5)
[Turn 7, Step 24] Opponent: 공격 - Dwarven Sharpshooter[1/2] -> Bug Collector
[Turn 7, Step 24] Opponent: 턴 종료

--- Game State (Turn 8, Step 25) ---
Agent: Jaina Proudmoore HP: 25, Mana: 8/8
  Hand (5): Molten Giant, C'Thun, Sewer Crawler, Plated Beetle, Mirror Entity
  Field: SI:7 Infiltrator[5/4], Carnivorous Cube[4/6], Skelemancer[2/2], Prince Liam[5/5]
Opponent: Rexxar HP: 2, Mana: 1/7
  Hand (7)
  Field: Potion Vendor[1/1], Swamp Leech[2/1], Mukla's Champion[4/3]
[Turn 8, Step 25] Agent: 카드 플레이 - Sewer Crawler (코스트: 3)
[Turn 8, Step 26] Agent: 카드 플레이 - Plated Beetle (코스트: 2)
[Turn 8, Step 27] Agent: 카드 플레이 - Mirror Entity (코스트: 3)
[Turn 8, Step 28] Agent: 공격 - SI:7 Infiltrator[5/4] -> Rexxar

--- Game State (Turn 8, Step 29) ---
Agent: Jaina Proudmoore HP: 25, Mana: 0/8
  Hand (2): Molten Giant, C'Thun
  Field: SI:7 Infiltrator[5/4], Carnivorous Cube[4/6], Skelemancer[2/2], Prince Liam[5/5], Sewer Crawler[1/1], Giant Rat[2/3], Plated Beetle[2/3]
Opponent: Rexxar HP: 0, Mana: 1/7
  Hand (7)
  Field: Potion Vendor[1/1], Swamp Leech[2/1], Mukla's Champion[4/3]

============================================================
게임 종료 - Terminated: True, Truncated: False
승자: Agent
============================================================

