============================================================
NEW GAME STARTED
Agent: HERO_08 vs Opponent: HERO_05
Action Masking: OFF
Masking Expected: OFF
============================================================

[Turn 1] === Opponent's Turn ===
[Turn 1, Step 0] Opponent: 턴 종료
[Turn 1, Step 1] Agent: 유효하지 않은 액션 인덱스(80) → 2로 보정
[Turn 1, Step 1] Agent: 카드 플레이 - The Coin (코스트: 0)
[Turn 1, Step 2] Agent: 유효하지 않은 액션 인덱스(48) → 0로 보정
[Turn 1, Step 2] Agent: 턴 종료

[Turn 1] === Opponent's Turn ===
[Turn 1, Step 2] Opponent: 턴 종료
[Turn 2, Step 3] Agent: 유효하지 않은 액션 인덱스(16) → 4로 보정
[Turn 2, Step 3] Agent: 영웅 능력 사용 -> Jaina Proudmoore
[Turn 2, Step 4] Agent: 유효하지 않은 액션 인덱스(48) → 0로 보정
[Turn 2, Step 4] Agent: 턴 종료

[Turn 2] === Opponent's Turn ===
[Turn 2, Step 4] Opponent: 카드 플레이 - Rat Trap (코스트: 2)
[Turn 2, Step 4] Opponent: 턴 종료

--- Game State (Turn 3, Step 5) ---
Agent: Jaina Proudmoore HP: 29, Mana: 3/3
  Hand (7): Astromancer Solarian, The Beast, Font of Power, Azure Explorer, Kobold Sandtrooper, Vicious Fledgling, Alarm-o-Bot
Opponent: Rexxar HP: 30, Mana: 1/3
  Hand (5)
[Turn 3, Step 5] Agent: 유효하지 않은 액션 인덱스(93) → 5로 보정
[Turn 3, Step 5] Agent: 카드 플레이 - Alarm-o-Bot (코스트: 3)
[Turn 3, Step 6] Agent: 유효하지 않은 액션 인덱스(34) → 0로 보정
[Turn 3, Step 6] Agent: 턴 종료

[Turn 3] === Opponent's Turn ===
[Turn 3, Step 6] Opponent: 카드 플레이 - Murloc Tastyfin (코스트: 4)
[Turn 3, Step 6] Opponent: 턴 종료
[Turn 4, Step 7] Agent: 유효하지 않은 액션 인덱스(78) → 14로 보정
[Turn 4, Step 7] Agent: 공격 - Kobold Sandtrooper[2/1] -> Rexxar
[Turn 4, Step 8] Agent: 유효하지 않은 액션 인덱스(33) → 5로 보정
[Turn 4, Step 8] Agent: 카드 플레이 - Astromancer Solarian (코스트: 2)
[Turn 4, Step 9] Agent: 유효하지 않은 액션 인덱스(40) → 5로 보정
[Turn 4, Step 9] Agent: 영웅 능력 사용 -> Kobold Sandtrooper

--- Game State (Turn 4, Step 10) ---
Agent: Jaina Proudmoore HP: 29, Mana: 0/4
  Hand (6): Fire Plume Phoenix, The Beast, Font of Power, Azure Explorer, Alarm-o-Bot, Vicious Fledgling
  Field: Astromancer Solarian[3/2]
Opponent: Rexxar HP: 25, Mana: 0/4
  Hand (5)
  Field: Murloc Tastyfin[3/2]
[Turn 4, Step 10] Agent: 유효하지 않은 액션 인덱스(93) → 0로 보정
[Turn 4, Step 10] Agent: 턴 종료

[Turn 4] === Opponent's Turn ===
[Turn 4, Step 10] Opponent: 공격 - Murloc Tastyfin[3/2] -> Astromancer Solarian
[Turn 4, Step 10] Opponent: 카드 플레이 - Booty Bay Bodyguard (코스트: 5)
[Turn 4, Step 10] Opponent: 턴 종료
[Turn 5, Step 11] Agent: 영웅 능력 사용 -> Rexxar
[Turn 5, Step 12] Agent: 유효하지 않은 액션 인덱스(40) → 0로 보정
[Turn 5, Step 12] Agent: 턴 종료

[Turn 5] === Opponent's Turn ===
[Turn 5, Step 12] Opponent: 턴 종료
[Turn 6, Step 13] Agent: 유효하지 않은 액션 인덱스(47) → 5로 보정
[Turn 6, Step 13] Agent: 카드 플레이 - Font of Power (코스트: 1)
[Turn 6, Step 14] Agent: 선택 - Kirin Tor Mage
[Turn 6, Step 14] Agent: 유효하지 않은 액션 인덱스(30) → 4로 보정
[Turn 6, Step 14] Agent: 카드 플레이 - Azure Explorer (코스트: 4)

--- Game State (Turn 6, Step 15) ---
Agent: Jaina Proudmoore HP: 29, Mana: 1/6
  Hand (7): Fire Plume Phoenix, The Beast, Alarm-o-Bot, Vicious Fledgling, Cone of Cold, Spellshifter, Kirin Tor Mage
  Field: Azure Explorer[2/3]
Opponent: Rexxar HP: 24, Mana: 6/6
  Hand (6)
  Field: Booty Bay Bodyguard[5/4]
[Turn 6, Step 15] Agent: 선택 - Hungry Dragon
[Turn 6, Step 15] Agent: 유효하지 않은 액션 인덱스(80) → 0로 보정
[Turn 6, Step 15] Agent: 턴 종료

[Turn 6] === Opponent's Turn ===
[Turn 6, Step 15] Opponent: 공격 - Booty Bay Bodyguard[5/4] -> Azure Explorer
[Turn 6, Step 15] Opponent: 턴 종료
[Turn 7, Step 16] Agent: 유효하지 않은 액션 인덱스(71) → 11로 보정
[Turn 7, Step 16] Agent: 카드 플레이 - Hobgoblin (코스트: 3)
[Turn 7, Step 17] Agent: 유효하지 않은 액션 인덱스(26) → 10로 보정
[Turn 7, Step 17] Agent: 카드 플레이 - Kirin Tor Mage (코스트: 3)
[Turn 7, Step 18] Agent: 유효하지 않은 액션 인덱스(45) → 0로 보정
[Turn 7, Step 18] Agent: 턴 종료

[Turn 7] === Opponent's Turn ===
[Turn 7, Step 18] Opponent: 공격 - Booty Bay Bodyguard[5/2] -> Hobgoblin
[Turn 7, Step 18] Opponent: 턴 종료
[Turn 8, Step 19] Agent: 유효하지 않은 액션 인덱스(48) → 3로 보정
[Turn 8, Step 19] Agent: 카드 플레이 - Fire Plume Phoenix -> Kirin Tor Mage (코스트: 4)

--- Game State (Turn 8, Step 20) ---
Agent: Jaina Proudmoore HP: 29, Mana: 4/8
  Hand (7): The Beast, Alarm-o-Bot, Vicious Fledgling, Cone of Cold, Spellshifter, Hungry Dragon, Bonfire Elemental
  Field: Kirin Tor Mage[4/1], Fire Plume Phoenix[3/3]
Opponent: Rexxar HP: 24, Mana: 8/8
  Hand (8)
[Turn 8, Step 20] Agent: 유효하지 않은 액션 인덱스(44) → 8로 보정
[Turn 8, Step 20] Agent: 영웅 능력 사용 -> Rexxar
[Turn 8, Step 21] Agent: 유효하지 않은 액션 인덱스(67) → 1로 보정
[Turn 8, Step 21] Agent: 카드 플레이 - Spellshifter (코스트: 2)
[Turn 8, Step 22] Agent: 유효하지 않은 액션 인덱스(58) → 0로 보정
[Turn 8, Step 22] Agent: 턴 종료

[Turn 8] === Opponent's Turn ===
[Turn 8, Step 22] Opponent: 카드 플레이 - Naga Corsair (코스트: 4)
[Turn 8, Step 22] Opponent: 카드 플레이 - Corrosive Breath -> Fire Plume Phoenix (코스트: 2)
[Turn 8, Step 22] Opponent: 카드 플레이 - Deadly Shot (코스트: 3)
[Turn 8, Step 22] Opponent: 턴 종료
[Turn 9, Step 23] Agent: 유효하지 않은 액션 인덱스(90) → 0로 보정
[Turn 9, Step 23] Agent: 턴 종료

[Turn 9] === Opponent's Turn ===
[Turn 9, Step 23] Opponent: 공격 - Naga Corsair[5/4] -> Jaina Proudmoore
[Turn 9, Step 23] Opponent: 카드 플레이 - Oasis Snapjaw (코스트: 4)
[Turn 9, Step 23] Opponent: 영웅 능력 사용
[Turn 9, Step 23] Opponent: 카드 플레이 - Arcane Servant (코스트: 2)
[Turn 9, Step 23] Opponent: 카드 플레이 - Cat Trick (코스트: 2)
[Turn 9, Step 23] Opponent: 턴 종료
[Turn 10, Step 24] Agent: 공격 - Kirin Tor Mage[4/1] -> Naga Corsair

--- Game State (Turn 10, Step 25) ---
Agent: Jaina Proudmoore HP: 22, Mana: 10/10
  Hand (8): The Beast, Alarm-o-Bot, Vicious Fledgling, Cone of Cold, Hungry Dragon, Bonfire Elemental, Utgarde Grapplesniper, Apexis Blast
Opponent: Rexxar HP: 23, Mana: 0/10
  Hand (4)
  Field: Oasis Snapjaw[2/7], Arcane Servant[2/3]
[Turn 10, Step 25] Agent: 유효하지 않은 액션 인덱스(79) → 11로 보정
[Turn 10, Step 25] Agent: 카드 플레이 - Apexis Blast -> Oasis Snapjaw (코스트: 5)
[Turn 10, Step 26] Agent: 유효하지 않은 액션 인덱스(11) → 0로 보정
[Turn 10, Step 26] Agent: 턴 종료

[Turn 10] === Opponent's Turn ===
[Turn 10, Step 26] Opponent: 카드 플레이 - Ramkahen Wildtamer (코스트: 3)
[Turn 10, Step 26] Opponent: 턴 종료
[Turn 10, Step 27] Agent: 유효하지 않은 액션 인덱스(42) → 2로 보정
[Turn 10, Step 27] Agent: 카드 플레이 - Alarm-o-Bot (코스트: 3)
[Turn 10, Step 28] Agent: 유효하지 않은 액션 인덱스(58) → 14로 보정
[Turn 10, Step 28] Agent: 카드 플레이 - Blackwing Corruptor -> Ramkahen Wildtamer (코스트: 5)
[Turn 10, Step 29] Agent: 유효하지 않은 액션 인덱스(33) → 5로 보정
[Turn 10, Step 29] Agent: 영웅 능력 사용 -> Alarm-o-Bot

--- Game State (Turn 10, Step 30) ---
Agent: Jaina Proudmoore HP: 22, Mana: 0/10
  Hand (6): The Beast, Vicious Fledgling, Cone of Cold, Hungry Dragon, Bonfire Elemental, Utgarde Grapplesniper
  Field: Alarm-o-Bot[0/2], Blackwing Corruptor[5/4]
Opponent: Rexxar HP: 23, Mana: 7/10
  Hand (4)
  Field: Oasis Snapjaw[2/2], Arcane Servant[2/3], Cat in a Hat[4/2]
[Turn 10, Step 30] Agent: 유효하지 않은 액션 인덱스(63) → 0로 보정
[Turn 10, Step 30] Agent: 턴 종료

[Turn 10] === Opponent's Turn ===
[Turn 10, Step 30] Opponent: 턴 종료
[Turn 10, Step 31] Agent: 유효하지 않은 액션 인덱스(23) → 0로 보정
[Turn 10, Step 31] Agent: 턴 종료

[Turn 10] === Opponent's Turn ===
[Turn 10, Step 31] Opponent: 카드 플레이 - Twin Tyrant (코스트: 8)
[Turn 10, Step 31] Opponent: 공격 - Oasis Snapjaw[2/2] -> Jaina Proudmoore
[Turn 10, Step 31] Opponent: 턴 종료
[Turn 10, Step 32] Agent: 유효하지 않은 액션 인덱스(47) → 3로 보정
[Turn 10, Step 32] Agent: 카드 플레이 - Vicious Fledgling (코스트: 3)
[Turn 10, Step 33] Agent: 유효하지 않은 액션 인덱스(52) → 6로 보정
[Turn 10, Step 33] Agent: 카드 플레이 - Cone of Cold -> Twin Tyrant (코스트: 4)
[Turn 10, Step 34] Agent: 유효하지 않은 액션 인덱스(42) → 0로 보정
[Turn 10, Step 34] Agent: 턴 종료

[Turn 10] === Opponent's Turn ===
[Turn 10, Step 34] Opponent: 공격 - Arcane Servant[2/3] -> Vicious Fledgling
[Turn 10, Step 34] Opponent: 카드 플레이 - Camouflaged Dirigible (코스트: 6)
[Turn 10, Step 34] Opponent: 공격 - Oasis Snapjaw[2/2] -> Vicious Fledgling
[Turn 10, Step 34] Opponent: 공격 - Cat in a Hat[4/2] -> Utgarde Grapplesniper
[Turn 10, Step 34] Opponent: 영웅 능력 사용
[Turn 10, Step 34] Opponent: 카드 플레이 - Spark Engine (코스트: 2)
[Turn 10, Step 34] Opponent: 턴 종료

--- Game State (Turn 10, Step 35) ---
Agent: Jaina Proudmoore HP: 18, Mana: 10/10
  Hand (7): Dragonslayer, The Beast, Hungry Dragon, Bonfire Elemental, Alarm-o-Bot, Drakonid Crusher, Tome of Intellect
Opponent: Rexxar HP: 23, Mana: 0/10
  Hand (5)
  Field: Cat in a Hat[4/1], Twin Tyrant[4/9], Camouflaged Dirigible[6/6], Spark Engine[2/1]
[Turn 10, Step 35] Agent: 유효하지 않은 액션 인덱스(81) → 3로 보정
[Turn 10, Step 35] Agent: 카드 플레이 - Hungry Dragon (코스트: 4)
[Turn 10, Step 36] Agent: 유효하지 않은 액션 인덱스(92) → 2로 보정
[Turn 10, Step 36] Agent: 카드 플레이 - Dragonslayer -> Hungry Dragon (코스트: 3)
[Turn 10, Step 37] Agent: 영웅 능력 사용 -> Spark Engine
[Turn 10, Step 38] Agent: 유효하지 않은 액션 인덱스(40) → 0로 보정
[Turn 10, Step 38] Agent: 턴 종료

[Turn 10] === Opponent's Turn ===
[Turn 10, Step 38] Opponent: 카드 플레이 - Spark (코스트: 1)
[Turn 10, Step 38] Opponent: 턴 종료
[Turn 10, Step 39] Agent: 유효하지 않은 액션 인덱스(26) → 7로 보정
[Turn 10, Step 39] Agent: 영웅 능력 사용 -> Jaina Proudmoore

--- Game State (Turn 10, Step 40) ---
Agent: Jaina Proudmoore HP: 17, Mana: 8/10
  Hand (6): The Beast, Bonfire Elemental, Alarm-o-Bot, Drakonid Crusher, Tome of Intellect, Ice Block
  Field: Dragonslayer[4/3]
Opponent: Rexxar HP: 23, Mana: 9/10
  Hand (5)
  Field: Cat in a Hat[4/1], Mistress of Mixtures[2/2], Twin Tyrant[4/9], Camouflaged Dirigible[6/6], Spark[1/1]
[Turn 10, Step 40] Agent: 유효하지 않은 액션 인덱스(34) → 10로 보정
[Turn 10, Step 40] Agent: 공격 - Dragonslayer[4/3] -> Camouflaged Dirigible
[Turn 10, Step 41] Agent: 유효하지 않은 액션 인덱스(21) → 0로 보정
[Turn 10, Step 41] Agent: 턴 종료

[Turn 10] === Opponent's Turn ===
[Turn 10, Step 41] Opponent: 카드 플레이 - Rotten Applebaum (코스트: 5)
[Turn 10, Step 41] Opponent: 공격 - Camouflaged Dirigible[6/2] -> Jaina Proudmoore
[Turn 10, Step 41] Opponent: 공격 - Mistress of Mixtures[2/2] -> Jaina Proudmoore
[Turn 10, Step 41] Opponent: 공격 - Spark[1/1] -> Jaina Proudmoore
[Turn 10, Step 41] Opponent: 영웅 능력 사용
[Turn 10, Step 41] Opponent: 공격 - Twin Tyrant[4/9] -> Jaina Proudmoore
[Turn 10, Step 41] Opponent: 공격 - Cat in a Hat[4/1] -> Jaina Proudmoore

--- Game State (Turn 10, Step 42) ---
Agent: Jaina Proudmoore HP: 0, Mana: 8/10
  Hand (6): The Beast, Bonfire Elemental, Alarm-o-Bot, Drakonid Crusher, Tome of Intellect, Ice Block
Opponent: Rexxar HP: 23, Mana: 3/10
  Hand (5)
  Field: Cat in a Hat[4/1], Mistress of Mixtures[2/2], Twin Tyrant[4/9], Camouflaged Dirigible[6/2], Spark[1/1], Rotten Applebaum[4/5]

============================================================
게임 종료 - Terminated: True, Truncated: False
승자: Opponent
============================================================

