============================================================
NEW GAME STARTED
Agent: HERO_08 vs Opponent: HERO_05
Action Masking: OFF
============================================================
[Turn 1, Step 0] Agent: 유효하지 않은 액션 인덱스(55) → 1로 보정
[Turn 1, Step 0] Agent: 카드 플레이 - Hungry Crab (코스트: 1)
[Turn 1, Step 1] Agent: 유효하지 않은 액션 인덱스(47) → 0로 보정
[Turn 1, Step 1] Agent: 턴 종료

[Turn 1] === Opponent's Turn ===
[Turn 1, Step 1] Opponent: 카드 플레이 - Acherus Veteran (코스트: 1)
[Turn 1, Step 1] Opponent: 카드 플레이 - The Coin (코스트: 0)
[Turn 1, Step 1] Opponent: 카드 플레이 - Injured Kvaldir (코스트: 1)
[Turn 1, Step 1] Opponent: 턴 종료
[Turn 2, Step 2] Agent: 유효하지 않은 액션 인덱스(29) → 2로 보정
[Turn 2, Step 2] Agent: 영웅 능력 사용 -> Rexxar
[Turn 2, Step 3] Agent: 유효하지 않은 액션 인덱스(95) → 3로 보정
[Turn 2, Step 3] Agent: 공격 - Hungry Crab[1/2] -> Injured Kvaldir
[Turn 2, Step 4] Agent: 유효하지 않은 액션 인덱스(57) → 0로 보정
[Turn 2, Step 4] Agent: 턴 종료

[Turn 2] === Opponent's Turn ===
[Turn 2, Step 4] Opponent: 턴 종료

--- Game State (Turn 3, Step 5) ---
Agent: Jaina Proudmoore HP: 30, Mana: 3/3
  Hand (5): Arcane Intellect, Silent Knight, Da Undatakah, Arcane Amplifier, Blowgill Sniper
Opponent: Rexxar HP: 29, Mana: 2/2
  Hand (4)
  Field: Acherus Veteran[2/1]
[Turn 3, Step 5] Agent: 유효하지 않은 액션 인덱스(40) → 0로 보정
[Turn 3, Step 5] Agent: 턴 종료

[Turn 3] === Opponent's Turn ===
[Turn 3, Step 5] Opponent: 카드 플레이 - Faerie Dragon (코스트: 2)
[Turn 3, Step 5] Opponent: 공격 - Acherus Veteran[2/1] -> Jaina Proudmoore
[Turn 3, Step 5] Opponent: 턴 종료
[Turn 4, Step 6] Agent: 카드 플레이 - Frostbolt -> Jaina Proudmoore (코스트: 2)
[Turn 4, Step 7] Agent: 유효하지 않은 액션 인덱스(95) → 7로 보정
[Turn 4, Step 7] Agent: 영웅 능력 사용 -> Acherus Veteran
[Turn 4, Step 8] Agent: 유효하지 않은 액션 인덱스(5) → 0로 보정
[Turn 4, Step 8] Agent: 턴 종료

[Turn 4] === Opponent's Turn ===
[Turn 4, Step 8] Opponent: 영웅 능력 사용
[Turn 4, Step 8] Opponent: 공격 - Faerie Dragon[3/2] -> Jaina Proudmoore
[Turn 4, Step 8] Opponent: 턴 종료
[Turn 5, Step 9] Agent: 유효하지 않은 액션 인덱스(72) → 0로 보정
[Turn 5, Step 9] Agent: 턴 종료

[Turn 5] === Opponent's Turn ===
[Turn 5, Step 9] Opponent: 카드 플레이 - Frostwolf Warlord (코스트: 5)
[Turn 5, Step 9] Opponent: 턴 종료

--- Game State (Turn 6, Step 10) ---
Agent: Jaina Proudmoore HP: 20, Mana: 6/6
  Hand (7): Arcane Intellect, Silent Knight, Da Undatakah, Arcane Amplifier, Blowgill Sniper, Blowgill Sniper, Wax Elemental
Opponent: Rexxar HP: 29, Mana: 0/5
  Hand (5)
  Field: Faerie Dragon[3/2], Frostwolf Warlord[5/5]
[Turn 6, Step 10] Agent: 유효하지 않은 액션 인덱스(95) → 15로 보정
[Turn 6, Step 10] Agent: 영웅 능력 사용 -> Frostwolf Warlord
[Turn 6, Step 11] Agent: 유효하지 않은 액션 인덱스(27) → 1로 보정
[Turn 6, Step 11] Agent: 카드 플레이 - Arcane Intellect (코스트: 3)
[Turn 6, Step 12] Agent: 유효하지 않은 액션 인덱스(67) → 1로 보정
[Turn 6, Step 12] Agent: 카드 플레이 - Wax Elemental (코스트: 1)
[Turn 6, Step 13] Agent: 유효하지 않은 액션 인덱스(35) → 0로 보정
[Turn 6, Step 13] Agent: 턴 종료

[Turn 6] === Opponent's Turn ===
[Turn 6, Step 13] Opponent: 공격 - Faerie Dragon[3/2] -> Wax Elemental
[Turn 6, Step 13] Opponent: 공격 - Frostwolf Warlord[5/4] -> Wax Elemental
[Turn 6, Step 13] Opponent: 카드 플레이 - Felsoul Inquisitor (코스트: 4)
[Turn 6, Step 13] Opponent: 턴 종료
[Turn 7, Step 14] Agent: 유효하지 않은 액션 인덱스(82) → 2로 보정
[Turn 7, Step 14] Agent: 카드 플레이 - Arcane Amplifier (코스트: 3)

--- Game State (Turn 7, Step 15) ---
Agent: Jaina Proudmoore HP: 20, Mana: 4/7
  Hand (7): Silent Knight, Da Undatakah, Blowgill Sniper, Blowgill Sniper, Arcane Flakmage, Stalagg, Emperor Cobra
  Field: Arcane Amplifier[2/5]
Opponent: Rexxar HP: 29, Mana: 2/6
  Hand (5)
  Field: Faerie Dragon[3/2], Frostwolf Warlord[5/4], Felsoul Inquisitor[1/6]
[Turn 7, Step 15] Agent: 유효하지 않은 액션 인덱스(34) → 13로 보정
[Turn 7, Step 15] Agent: 카드 플레이 - Blowgill Sniper -> Arcane Amplifier (코스트: 2)
[Turn 7, Step 16] Agent: 유효하지 않은 액션 인덱스(71) → 11로 보정
[Turn 7, Step 16] Agent: 영웅 능력 사용 -> Frostwolf Warlord
[Turn 7, Step 17] Agent: 유효하지 않은 액션 인덱스(63) → 0로 보정
[Turn 7, Step 17] Agent: 턴 종료

[Turn 7] === Opponent's Turn ===
[Turn 7, Step 17] Opponent: 공격 - Frostwolf Warlord[5/2] -> Jaina Proudmoore
[Turn 7, Step 17] Opponent: 턴 종료
[Turn 8, Step 18] Agent: 유효하지 않은 액션 인덱스(46) → 2로 보정
[Turn 8, Step 18] Agent: 카드 플레이 - Da Undatakah (코스트: 8)
[Turn 8, Step 19] Agent: 유효하지 않은 액션 인덱스(87) → 0로 보정
[Turn 8, Step 19] Agent: 턴 종료

[Turn 8] === Opponent's Turn ===
[Turn 8, Step 19] Opponent: 턴 종료

--- Game State (Turn 9, Step 20) ---
Agent: Jaina Proudmoore HP: 15, Mana: 9/9
  Hand (7): Silent Knight, Blowgill Sniper, Arcane Flakmage, Stalagg, Emperor Cobra, Gyrocopter, Aberrant Berserker
  Field: Arcane Amplifier[2/4], Blowgill Sniper[2/1], Da Undatakah[8/5]
Opponent: Rexxar HP: 29, Mana: 8/8
  Hand (7)
  Field: Faerie Dragon[3/2], Frostwolf Warlord[5/2], Felsoul Inquisitor[1/6]
[Turn 9, Step 20] Agent: 유효하지 않은 액션 인덱스(95) → 20로 보정
[Turn 9, Step 20] Agent: 영웅 능력 사용 -> Blowgill Sniper
[Turn 9, Step 21] Agent: 유효하지 않은 액션 인덱스(23) → 7로 보정
[Turn 9, Step 21] Agent: 카드 플레이 - Blowgill Sniper -> Arcane Amplifier (코스트: 2)
[Turn 9, Step 22] Agent: 턴 종료

[Turn 9] === Opponent's Turn ===
[Turn 9, Step 22] Opponent: 공격 - Felsoul Inquisitor[1/6] -> Jaina Proudmoore
[Turn 9, Step 22] Opponent: 카드 플레이 - Terrorguard Escapee (코스트: 3)
[Turn 9, Step 22] Opponent: 턴 종료
[Turn 10, Step 23] Agent: 영웅 능력 사용 -> Da Undatakah
[Turn 10, Step 24] Agent: 유효하지 않은 액션 인덱스(48) → 0로 보정
[Turn 10, Step 24] Agent: 턴 종료

[Turn 10] === Opponent's Turn ===
[Turn 10, Step 24] Opponent: 공격 - Terrorguard Escapee[3/7] -> Da Undatakah
[Turn 10, Step 24] Opponent: 공격 - Faerie Dragon[3/2] -> Huntress
[Turn 10, Step 24] Opponent: 공격 - Frostwolf Warlord[5/2] -> Arcane Amplifier
[Turn 10, Step 24] Opponent: 카드 플레이 - Gladiator's Longbow (코스트: 7)
[Turn 10, Step 24] Opponent: 공격 - Felsoul Inquisitor[1/6] -> Blowgill Sniper
[Turn 10, Step 24] Opponent: 카드 플레이 - Giant Wasp (코스트: 3)
[Turn 10, Step 24] Opponent: 공격 - Rexxar[5/30] -> Jaina Proudmoore
[Turn 10, Step 24] Opponent: 턴 종료

--- Game State (Turn 10, Step 25) ---
Agent: Jaina Proudmoore HP: 9, Mana: 10/10
  Hand (8): Silent Knight, Arcane Flakmage, Stalagg, Emperor Cobra, Gyrocopter, Aberrant Berserker, Magtheridon, Mekgineer Thermaplugg
Opponent: Rexxar HP: 30, Mana: 0/10
  Hand (6)
  Field: Faerie Dragon[3/1], Felsoul Inquisitor[1/4], Giant Wasp[2/2]
[Turn 10, Step 25] Agent: 유효하지 않은 액션 인덱스(53) → 5로 보정
[Turn 10, Step 25] Agent: 카드 플레이 - Gyrocopter (코스트: 6)
[Turn 10, Step 26] Agent: 유효하지 않은 액션 인덱스(86) → 9로 보정
[Turn 10, Step 26] Agent: 영웅 능력 사용 -> Gyrocopter
[Turn 10, Step 27] Agent: 유효하지 않은 액션 인덱스(43) → 1로 보정
[Turn 10, Step 27] Agent: 카드 플레이 - Arcane Flakmage (코스트: 2)
[Turn 10, Step 28] Agent: 유효하지 않은 액션 인덱스(11) → 1로 보정
[Turn 10, Step 28] Agent: 공격 - Gyrocopter[4/4] -> Felsoul Inquisitor
[Turn 10, Step 29] Agent: 유효하지 않은 액션 인덱스(86) → 0로 보정
[Turn 10, Step 29] Agent: 턴 종료

[Turn 10] === Opponent's Turn ===
[Turn 10, Step 29] Opponent: 턴 종료

--- Game State (Turn 10, Step 30) ---
Agent: Jaina Proudmoore HP: 9, Mana: 10/10
  Hand (7): Silent Knight, Stalagg, Emperor Cobra, Aberrant Berserker, Magtheridon, Mekgineer Thermaplugg, Steel Rager
  Field: Gyrocopter[4/3], Arcane Flakmage[3/2]
Opponent: Rexxar HP: 30, Mana: 10/10
  Hand (7)
  Field: Faerie Dragon[3/1], Giant Wasp[2/2]
[Turn 10, Step 30] Agent: 유효하지 않은 액션 인덱스(62) → 14로 보정
[Turn 10, Step 30] Agent: 공격 - Arcane Flakmage[3/2] -> Rexxar
[Turn 10, Step 31] Agent: 유효하지 않은 액션 인덱스(91) → 7로 보정
[Turn 10, Step 31] Agent: 카드 플레이 - Steel Rager (코스트: 4)
[Turn 10, Step 32] Agent: 유효하지 않은 액션 인덱스(29) → 1로 보정
[Turn 10, Step 32] Agent: 카드 플레이 - Silent Knight (코스트: 3)
[Turn 10, Step 33] Agent: 유효하지 않은 액션 인덱스(80) → 3로 보정
[Turn 10, Step 33] Agent: 영웅 능력 사용 -> Rexxar
[Turn 10, Step 34] Agent: 유효하지 않은 액션 인덱스(88) → 0로 보정
[Turn 10, Step 34] Agent: 턴 종료

[Turn 10] === Opponent's Turn ===
[Turn 10, Step 34] Opponent: 카드 플레이 - Waste Warden -> Steel Rager (코스트: 5)
[Turn 10, Step 34] Opponent: 카드 플레이 - Mosh'Ogg Announcer (코스트: 5)
[Turn 10, Step 34] Opponent: 턴 종료

--- Game State (Turn 10, Step 35) ---
Agent: Jaina Proudmoore HP: 9, Mana: 10/10
  Hand (6): Stalagg, Emperor Cobra, Aberrant Berserker, Magtheridon, Mekgineer Thermaplugg, Arena Treasure Chest
  Field: Arcane Flakmage[3/2], Silent Knight[2/2]
Opponent: Rexxar HP: 26, Mana: 0/10
  Hand (6)
  Field: Faerie Dragon[3/1], Giant Wasp[2/2], Waste Warden[3/3], Mosh'Ogg Announcer[6/5]
[Turn 10, Step 35] Agent: 유효하지 않은 액션 인덱스(71) → 8로 보정
[Turn 10, Step 35] Agent: 영웅 능력 사용 -> Rexxar
[Turn 10, Step 36] Agent: 공격 - Arcane Flakmage[3/2] -> Waste Warden
[Turn 10, Step 37] Agent: 유효하지 않은 액션 인덱스(24) → 6로 보정
[Turn 10, Step 37] Agent: 공격 - Silent Knight[2/2] -> Rexxar
[Turn 10, Step 38] Agent: 유효하지 않은 액션 인덱스(58) → 4로 보정
[Turn 10, Step 38] Agent: 카드 플레이 - Magtheridon (코스트: 4)
[Turn 10, Step 39] Agent: 유효하지 않은 액션 인덱스(54) → 2로 보정
[Turn 10, Step 39] Agent: 카드 플레이 - Aberrant Berserker (코스트: 4)

--- Game State (Turn 10, Step 40) ---
Agent: Jaina Proudmoore HP: 9, Mana: 0/10
  Hand (4): Stalagg, Emperor Cobra, Mekgineer Thermaplugg, Arena Treasure Chest
  Field: Silent Knight[2/2], Magtheridon[12/12], Aberrant Berserker[3/5]
Opponent: Rexxar HP: 23, Mana: 0/10
  Hand (6)
  Field: Faerie Dragon[3/1], Giant Wasp[2/2], Hellfire Warder[1/3], Hellfire Warder[1/3], Hellfire Warder[1/3], Mosh'Ogg Announcer[6/5]
[Turn 10, Step 40] Agent: 유효하지 않은 액션 인덱스(16) → 0로 보정
[Turn 10, Step 40] Agent: 턴 종료

[Turn 10] === Opponent's Turn ===
[Turn 10, Step 40] Opponent: 턴 종료
[Turn 10, Step 41] Agent: 유효하지 않은 액션 인덱스(54) → 2로 보정
[Turn 10, Step 41] Agent: 카드 플레이 - Emperor Cobra (코스트: 3)
[Turn 10, Step 42] Agent: 유효하지 않은 액션 인덱스(88) → 16로 보정
[Turn 10, Step 42] Agent: 공격 - Silent Knight[2/2] -> Hellfire Warder
[Turn 10, Step 43] Agent: 유효하지 않은 액션 인덱스(80) → 8로 보정
[Turn 10, Step 43] Agent: 영웅 능력 사용 -> Hellfire Warder
[Turn 10, Step 44] Agent: 유효하지 않은 액션 인덱스(26) → 8로 보정
[Turn 10, Step 44] Agent: 공격 - Aberrant Berserker[3/5] -> Mosh'Ogg Announcer

--- Game State (Turn 10, Step 45) ---
Agent: Jaina Proudmoore HP: 9, Mana: 5/10
  Hand (4): Stalagg, Mekgineer Thermaplugg, Arena Treasure Chest, Power of Creation
  Field: Silent Knight[2/2], Magtheridon[12/12], Emperor Cobra[2/3]
Opponent: Rexxar HP: 23, Mana: 10/10
  Hand (7)
  Field: Faerie Dragon[3/1], Giant Wasp[2/2], Hellfire Warder[1/3], Hellfire Warder[1/2], Hellfire Warder[1/1], Mosh'Ogg Announcer[6/2]
[Turn 10, Step 45] Agent: 유효하지 않은 액션 인덱스(61) → 1로 보정
[Turn 10, Step 45] Agent: 카드 플레이 - Stalagg (코스트: 5)
[Turn 10, Step 46] Agent: 유효하지 않은 액션 인덱스(10) → 0로 보정
[Turn 10, Step 46] Agent: 턴 종료

[Turn 10] === Opponent's Turn ===
[Turn 10, Step 46] Opponent: 턴 종료
[Turn 10, Step 47] Agent: 공격 - Emperor Cobra[2/3] -> Faerie Dragon
[Turn 10, Step 48] Agent: 유효하지 않은 액션 인덱스(49) → 3로 보정
[Turn 10, Step 48] Agent: 카드 플레이 - Arena Treasure Chest (코스트: 4)
[Turn 10, Step 49] Agent: 유효하지 않은 액션 인덱스(33) → 13로 보정
[Turn 10, Step 49] Agent: 공격 - Silent Knight[2/2] -> Hellfire Warder

--- Game State (Turn 10, Step 50) ---
Agent: Jaina Proudmoore HP: 9, Mana: 6/10
  Hand (3): Burly Shovelfist, Mekgineer Thermaplugg, Power of Creation
  Field: Silent Knight[2/1], Magtheridon[12/12], Stalagg[7/4], Arena Treasure Chest[0/4]
Opponent: Rexxar HP: 23, Mana: 10/10
  Hand (8)
  Field: Giant Wasp[2/2], Hellfire Warder[1/3], Hellfire Warder[1/2], Mosh'Ogg Announcer[6/2]
[Turn 10, Step 50] Agent: 유효하지 않은 액션 인덱스(43) → 4로 보정
[Turn 10, Step 50] Agent: 영웅 능력 사용 -> Mosh'Ogg Announcer
[Turn 10, Step 51] Agent: 턴 종료

[Turn 10] === Opponent's Turn ===
[Turn 10, Step 51] Opponent: 공격 - Mosh'Ogg Announcer[6/1] -> Silent Knight
[Turn 10, Step 51] Opponent: 공격 - Hellfire Warder[1/3] -> Stalagg
[Turn 10, Step 51] Opponent: 카드 플레이 - Kazakus (코스트: 4)
[Turn 10, Step 51] Opponent: 선택 - Greater Potion
[Turn 10, Step 51] Opponent: 선택 - Heart of Fire
[Turn 10, Step 51] Opponent: 선택 - Goldthorn
[Turn 10, Step 51] Opponent: 턴 종료
[Turn 10, Step 52] Agent: 유효하지 않은 액션 인덱스(94) → 10로 보정
[Turn 10, Step 52] Agent: 영웅 능력 사용 -> Kazakus
[Turn 10, Step 53] Agent: 유효하지 않은 액션 인덱스(62) → 2로 보정
[Turn 10, Step 53] Agent: 카드 플레이 - Grim Necromancer (코스트: 4)
[Turn 10, Step 54] Agent: 유효하지 않은 액션 인덱스(36) → 0로 보정
[Turn 10, Step 54] Agent: 턴 종료

[Turn 10] === Opponent's Turn ===
[Turn 10, Step 54] Opponent: 턴 종료

--- Game State (Turn 10, Step 55) ---
Agent: Jaina Proudmoore HP: 9, Mana: 10/10
  Hand (4): Burly Shovelfist, Mekgineer Thermaplugg, Power of Creation, Witchwood Grizzly
  Field: Magtheridon[12/12], Stalagg[7/3], Arena Treasure Chest[0/4], Skeleton[1/1], Grim Necromancer[2/4], Skeleton[1/1]
Opponent: Rexxar HP: 23, Mana: 10/10
  Hand (10)
  Field: Giant Wasp[2/2], Hellfire Warder[1/2], Kazakus[3/2]
[Turn 10, Step 55] Agent: 유효하지 않은 액션 인덱스(80) → 2로 보정
[Turn 10, Step 55] Agent: 카드 플레이 - Mekgineer Thermaplugg (코스트: 9)
[Turn 10, Step 56] Agent: 유효하지 않은 액션 인덱스(30) → 4로 보정
[Turn 10, Step 56] Agent: 공격 - Skeleton[1/1] -> Rexxar
[Turn 10, Step 57] Agent: 유효하지 않은 액션 인덱스(42) → 2로 보정
[Turn 10, Step 57] Agent: 공격 - Stalagg[7/3] -> Hellfire Warder
[Turn 10, Step 58] Agent: 유효하지 않은 액션 인덱스(13) → 3로 보정
[Turn 10, Step 58] Agent: 공격 - Skeleton[1/1] -> Rexxar
[Turn 10, Step 59] Agent: 유효하지 않은 액션 인덱스(14) → 2로 보정
[Turn 10, Step 59] Agent: 공격 - Grim Necromancer[2/4] -> Kazakus

--- Game State (Turn 10, Step 60) ---
Agent: Jaina Proudmoore HP: 9, Mana: 1/10
  Hand (3): Burly Shovelfist, Power of Creation, Witchwood Grizzly
  Field: Magtheridon[12/12], Stalagg[7/2], Arena Treasure Chest[0/4], Skeleton[1/1], Grim Necromancer[2/1], Skeleton[1/1], Mekgineer Thermaplugg[9/7]
Opponent: Rexxar HP: 21, Mana: 10/10
  Hand (10)
  Field: Giant Wasp[2/2]
[Turn 10, Step 60] Agent: 유효하지 않은 액션 인덱스(16) → 0로 보정
[Turn 10, Step 60] Agent: 턴 종료

[Turn 10] === Opponent's Turn ===
[Turn 10, Step 60] Opponent: 카드 플레이 - Deranged Doctor (코스트: 8)
[Turn 10, Step 60] Opponent: 공격 - Rexxar[5/21] -> Grim Necromancer
[Turn 10, Step 60] Opponent: 턴 종료
[Turn 10, Step 61] Agent: 유효하지 않은 액션 인덱스(45) → 3로 보정
[Turn 10, Step 61] Agent: 카드 플레이 - Witchwood Grizzly (코스트: 5)
[Turn 10, Step 62] Agent: 유효하지 않은 액션 인덱스(43) → 7로 보정
[Turn 10, Step 62] Agent: 영웅 능력 사용 -> Mekgineer Thermaplugg
[Turn 10, Step 63] Agent: 유효하지 않은 액션 인덱스(45) → 0로 보정
[Turn 10, Step 63] Agent: 턴 종료

[Turn 10] === Opponent's Turn ===
[Turn 10, Step 63] Opponent: 카드 플레이 - Kazakus Potion -> Jaina Proudmoore (코스트: 5)
[Turn 10, Step 63] Opponent: 카드 플레이 - The Beast Within -> Giant Wasp (코스트: 1)
[Turn 10, Step 63] Opponent: 공격 - Giant Wasp[3/4] -> Mekgineer Thermaplugg
[Turn 10, Step 63] Opponent: 카드 플레이 - Houndmaster (코스트: 4)
[Turn 10, Step 63] Opponent: 공격 - Deranged Doctor[8/12] -> Skeleton
[Turn 10, Step 63] Opponent: 턴 종료
[Turn 10, Step 64] Agent: 유효하지 않은 액션 인덱스(86) → 14로 보정
[Turn 10, Step 64] Agent: 공격 - Stalagg[7/2] -> Houndmaster

--- Game State (Turn 10, Step 65) ---
Agent: Jaina Proudmoore HP: 4, Mana: 10/10
  Hand (4): Burly Shovelfist, Power of Creation, The Beast, Elemental Allies
  Field: Magtheridon[12/12], Arena Treasure Chest[0/4], Skeleton[1/1]
Opponent: Rexxar HP: 21, Mana: 0/10
  Hand (7)
  Field: Deranged Doctor[8/11]
[Turn 10, Step 65] Agent: 유효하지 않은 액션 인덱스(55) → 7로 보정
[Turn 10, Step 65] Agent: 영웅 능력 사용 -> Arena Treasure Chest
[Turn 10, Step 66] Agent: 유효하지 않은 액션 인덱스(42) → 0로 보정
[Turn 10, Step 66] Agent: 턴 종료

[Turn 10] === Opponent's Turn ===
[Turn 10, Step 66] Opponent: 턴 종료
[Turn 10, Step 67] Agent: 유효하지 않은 액션 인덱스(57) → 5로 보정
[Turn 10, Step 67] Agent: 카드 플레이 - Elise Starseeker (코스트: 4)
[Turn 10, Step 68] Agent: 유효하지 않은 액션 인덱스(51) → 7로 보정
[Turn 10, Step 68] Agent: 영웅 능력 사용 -> Deranged Doctor
[Turn 10, Step 69] Agent: 유효하지 않은 액션 인덱스(94) → 2로 보정
[Turn 10, Step 69] Agent: 공격 - Skeleton[1/1] -> Rexxar

--- Game State (Turn 10, Step 70) ---
Agent: Jaina Proudmoore HP: 4, Mana: 4/10
  Hand (4): Burly Shovelfist, Power of Creation, The Beast, Elemental Allies
  Field: Magtheridon[12/12], Arena Treasure Chest[0/3], Skeleton[1/1], Elise Starseeker[3/5]
Opponent: Rexxar HP: 20, Mana: 10/10
  Hand (8)
  Field: Deranged Doctor[8/10]
[Turn 10, Step 70] Agent: 유효하지 않은 액션 인덱스(85) → 1로 보정
[Turn 10, Step 70] Agent: 카드 플레이 - Elemental Allies (코스트: 1)
[Turn 10, Step 71] Agent: 유효하지 않은 액션 인덱스(43) → 0로 보정
[Turn 10, Step 71] Agent: 턴 종료

[Turn 10] === Opponent's Turn ===
[Turn 10, Step 71] Opponent: 턴 종료
[Turn 10, Step 72] Agent: 카드 플레이 - Burly Shovelfist (코스트: 9)
[Turn 10, Step 73] Agent: 유효하지 않은 액션 인덱스(64) → 4로 보정
[Turn 10, Step 73] Agent: 공격 - Elise Starseeker[3/5] -> Deranged Doctor
[Turn 10, Step 74] Agent: 유효하지 않은 액션 인덱스(55) → 3로 보정
[Turn 10, Step 74] Agent: 공격 - Burly Shovelfist[9/9] -> Deranged Doctor

--- Game State (Turn 10, Step 75) ---
Agent: Jaina Proudmoore HP: 4, Mana: 1/10
  Hand (3): Power of Creation, The Beast, Flesheating Ghoul
  Field: Magtheridon[12/12], Arena Treasure Chest[0/3], Skeleton[1/1], Burly Shovelfist[9/1]
Opponent: Rexxar HP: 28, Mana: 10/10
  Hand (9)
[Turn 10, Step 75] Agent: 유효하지 않은 액션 인덱스(7) → 1로 보정
[Turn 10, Step 75] Agent: 공격 - Skeleton[1/1] -> Rexxar
[Turn 10, Step 76] Agent: 유효하지 않은 액션 인덱스(86) → 0로 보정
[Turn 10, Step 76] Agent: 턴 종료

[Turn 10] === Opponent's Turn ===
[Turn 10, Step 76] Opponent: 카드 플레이 - Nesting Roc (코스트: 5)
[Turn 10, Step 76] Opponent: 카드 플레이 - Fel Reaver (코스트: 5)
[Turn 10, Step 76] Opponent: 턴 종료
[Turn 10, Step 77] Agent: 유효하지 않은 액션 인덱스(48) → 12로 보정
[Turn 10, Step 77] Agent: 공격 - Skeleton[1/1] -> Rexxar
[Turn 10, Step 78] Agent: 유효하지 않은 액션 인덱스(69) → 9로 보정
[Turn 10, Step 78] Agent: 영웅 능력 사용 -> Burly Shovelfist
[Turn 10, Step 79] Agent: 유효하지 않은 액션 인덱스(24) → 4로 보정
[Turn 10, Step 79] Agent: 카드 플레이 - Tinkmaster Overspark (코스트: 3)

--- Game State (Turn 10, Step 80) ---
Agent: Jaina Proudmoore HP: 4, Mana: 5/10
  Hand (3): Power of Creation, The Beast, Flesheating Ghoul
  Field: Magtheridon[12/12], Squirrel[1/1], Skeleton[1/1], Tinkmaster Overspark[3/3]
Opponent: Rexxar HP: 26, Mana: 0/10
  Hand (8)
  Field: Nesting Roc[4/7], Fel Reaver[8/8]
[Turn 10, Step 80] Agent: 유효하지 않은 액션 인덱스(38) → 0로 보정
[Turn 10, Step 80] Agent: 턴 종료

[Turn 10] === Opponent's Turn ===
[Turn 10, Step 80] Opponent: 턴 종료
[Turn 10, Step 81] Agent: 유효하지 않은 액션 인덱스(68) → 5로 보정
[Turn 10, Step 81] Agent: 영웅 능력 사용 -> Jaina Proudmoore
[Turn 10, Step 82] Agent: 유효하지 않은 액션 인덱스(74) → 4로 보정
[Turn 10, Step 82] Agent: 카드 플레이 - Map to the Golden Monkey (코스트: 2)
[Turn 10, Step 83] Agent: 유효하지 않은 액션 인덱스(15) → 3로 보정
[Turn 10, Step 83] Agent: 공격 - Squirrel[1/1] -> Rexxar
[Turn 10, Step 84] Agent: 유효하지 않은 액션 인덱스(19) → 1로 보정
[Turn 10, Step 84] Agent: 카드 플레이 - The Beast (코스트: 6)

--- Game State (Turn 10, Step 85) ---
Agent: Jaina Proudmoore HP: 3, Mana: 0/10
  Hand (3): Power of Creation, Flesheating Ghoul, C'Thun
  Field: Magtheridon[12/12], Squirrel[1/1], Skeleton[1/1], Tinkmaster Overspark[3/3], The Beast[9/7]
Opponent: Rexxar HP: 25, Mana: 10/10
  Hand (9)
  Field: Nesting Roc[4/7], Fel Reaver[8/8]
[Turn 10, Step 85] Agent: 유효하지 않은 액션 인덱스(95) → 4로 보정
[Turn 10, Step 85] Agent: 공격 - Tinkmaster Overspark[3/3] -> Rexxar
[Turn 10, Step 86] Agent: 유효하지 않은 액션 인덱스(66) → 2로 보정
[Turn 10, Step 86] Agent: 공격 - Skeleton[1/1] -> Nesting Roc
[Turn 10, Step 87] Agent: 유효하지 않은 액션 인덱스(33) → 0로 보정
[Turn 10, Step 87] Agent: 턴 종료

[Turn 10] === Opponent's Turn ===
[Turn 10, Step 87] Opponent: 턴 종료
[Turn 10, Step 88] Agent: 유효하지 않은 액션 인덱스(85) → 1로 보정
[Turn 10, Step 88] Agent: 카드 플레이 - Oondasta (코스트: 9)
[Turn 10, Step 89] Agent: 유효하지 않은 액션 인덱스(87) → 3로 보정
[Turn 10, Step 89] Agent: 공격 - Squirrel[1/1] -> Fel Reaver

--- Game State (Turn 10, Step 90) ---
Agent: Jaina Proudmoore HP: 3, Mana: 1/10
  Hand (3): Power of Creation, Flesheating Ghoul, C'Thun
  Field: Magtheridon[12/12], Tinkmaster Overspark[3/3], The Beast[9/7], Oondasta[7/7]
Opponent: Rexxar HP: 21, Mana: 10/10
  Hand (9)
  Field: Nesting Roc[4/6], Fel Reaver[8/7]
[Turn 10, Step 90] Agent: 유효하지 않은 액션 인덱스(66) → 3로 보정
[Turn 10, Step 90] Agent: 공격 - Tinkmaster Overspark[3/3] -> Fel Reaver
[Turn 10, Step 91] Agent: 공격 - Oondasta[7/7] -> Fel Reaver
[Turn 10, Step 92] Agent: 유효하지 않은 액션 인덱스(63) → 0로 보정
[Turn 10, Step 92] Agent: 턴 종료

[Turn 10] === Opponent's Turn ===
[Turn 10, Step 92] Opponent: 카드 플레이 - Chromatic Egg (코스트: 5)
[Turn 10, Step 92] Opponent: 선택 - Evasive Wyrm
[Turn 10, Step 92] Opponent: 영웅 능력 사용
[Turn 10, Step 92] Opponent: 턴 종료
[Turn 10, Step 93] Agent: 유효하지 않은 액션 인덱스(73) → 8로 보정
[Turn 10, Step 93] Agent: 영웅 능력 사용 -> The Beast
[Turn 10, Step 94] Agent: 공격 - The Beast[9/6] -> Rexxar

--- Game State (Turn 10, Step 95) ---
Agent: Jaina Proudmoore HP: 1, Mana: 8/10
  Hand (4): Power of Creation, Flesheating Ghoul, C'Thun, Dragonkin Sorcerer
  Field: Magtheridon[12/12], The Beast[9/6]
Opponent: Rexxar HP: 10, Mana: 3/10
  Hand (8)
  Field: Nesting Roc[4/6], Chromatic Egg[0/3]
[Turn 10, Step 95] Agent: 유효하지 않은 액션 인덱스(92) → 0로 보정
[Turn 10, Step 95] Agent: 턴 종료

[Turn 10] === Opponent's Turn ===
[Turn 10, Step 95] Opponent: 턴 종료
[Turn 10, Step 96] Agent: 유효하지 않은 액션 인덱스(89) → 5로 보정
[Turn 10, Step 96] Agent: 카드 플레이 - Golden Monkey (코스트: 4)
[Turn 10, Step 97] Agent: 유효하지 않은 액션 인덱스(45) → 3로 보정
[Turn 10, Step 97] Agent: 카드 플레이 - Darius Crowley (코스트: 5)
[Turn 10, Step 98] Agent: 유효하지 않은 액션 인덱스(74) → 2로 보정
[Turn 10, Step 98] Agent: 공격 - The Beast[9/6] -> Nesting Roc
[Turn 10, Step 99] Agent: 유효하지 않은 액션 인덱스(61) → 1로 보정
[Turn 10, Step 99] Agent: 공격 - Darius Crowley[4/4] -> Chromatic Egg

--- Game State (Turn 10, Step 100) ---
Agent: Jaina Proudmoore HP: 1, Mana: 1/10
  Hand (3): Tinkmaster Overspark, Prince Keleseth, Zentimo
  Field: Magtheridon[12/12], The Beast[9/2], Golden Monkey[6/6], Darius Crowley[6/6]
Opponent: Rexxar HP: 7, Mana: 10/10
  Hand (8)
  Field: Evasive Wyrm[5/3]
[Turn 10, Step 100] Agent: 유효하지 않은 액션 인덱스(24) → 0로 보정
[Turn 10, Step 100] Agent: 턴 종료

[Turn 10] === Opponent's Turn ===
[Turn 10, Step 100] Opponent: 영웅 능력 사용

--- Game State (Turn 10, Step 101) ---
Agent: Jaina Proudmoore HP: 0, Mana: 1/10
  Hand (3): Tinkmaster Overspark, Prince Keleseth, Zentimo
  Field: Magtheridon[12/12], The Beast[9/2], Golden Monkey[6/6], Darius Crowley[6/6]
Opponent: Rexxar HP: 3, Mana: 8/10
  Hand (8)
  Field: Evasive Wyrm[5/3]

============================================================
게임 종료 - Terminated: True, Truncated: False
승자: Opponent
============================================================

