============================================================
NEW GAME STARTED
Agent: HERO_08 vs Opponent: HERO_05
Action Masking: OFF
Masking Expected: OFF
============================================================

[Turn 1] === Opponent's Turn ===
[Turn 1, Step 0] Opponent: 카드 플레이 - Alleycat (코스트: 1)
[Turn 1, Step 0] Opponent: 턴 종료
[Turn 1, Step 1] Agent: 카드 플레이 - Emerald Hive Queen (코스트: 1)
[Turn 1, Step 2] Agent: 카드 플레이 - The Coin (코스트: 0)
[Turn 1, Step 3] Agent: 턴 종료

[Turn 1] === Opponent's Turn ===
[Turn 1, Step 3] Opponent: 카드 플레이 - Saronite Taskmaster (코스트: 1)
[Turn 1, Step 3] Opponent: 턴 종료
[Turn 2, Step 4] Agent: 영웅 능력 사용 -> Jaina Proudmoore

--- Game State (Turn 2, Step 5) ---
Agent: Jaina Proudmoore HP: 29, Mana: 0/2
  Hand (5): Cheaty Anklebiter, Nerubian Egg, Hozen Healer, Coldarra Drake, Zilliax
  Field: Emerald Hive Queen[2/3]
Opponent: Rexxar HP: 30, Mana: 1/2
  Hand (3)
  Field: Alleycat[1/1], Tabbycat[1/1], Saronite Taskmaster[2/3]
[Turn 2, Step 5] Agent: 공격 - Emerald Hive Queen[2/3] -> Rexxar
[Turn 2, Step 6] Agent: 턴 종료

[Turn 2] === Opponent's Turn ===
[Turn 2, Step 6] Opponent: 공격 - Saronite Taskmaster[2/3] -> Jaina Proudmoore
[Turn 2, Step 6] Opponent: 턴 종료
[Turn 3, Step 7] Agent: 영웅 능력 사용 -> Jaina Proudmoore
[Turn 3, Step 8] Agent: 공격 - Emerald Hive Queen[2/3] -> Rexxar
[Turn 3, Step 9] Agent: 턴 종료

[Turn 3] === Opponent's Turn ===
[Turn 3, Step 9] Opponent: 공격 - Tabbycat[1/1] -> Jaina Proudmoore
[Turn 3, Step 9] Opponent: 카드 플레이 - Twilight Guardian (코스트: 4)
[Turn 3, Step 9] Opponent: 공격 - Alleycat[1/1] -> Emerald Hive Queen
[Turn 3, Step 9] Opponent: 턴 종료

--- Game State (Turn 4, Step 10) ---
Agent: Jaina Proudmoore HP: 25, Mana: 4/4
  Hand (7): Cheaty Anklebiter, Nerubian Egg, Hozen Healer, Coldarra Drake, Zilliax, Scorch, Guardian Augmerchant
  Field: Emerald Hive Queen[2/2]
Opponent: Rexxar HP: 26, Mana: 0/4
  Hand (4)
  Field: Tabbycat[1/1], Saronite Taskmaster[2/3], Twilight Guardian[2/6]
[Turn 4, Step 10] Agent: 카드 플레이 - Cheaty Anklebiter -> Jaina Proudmoore (코스트: 4)
[Turn 4, Step 11] Agent: 공격 - Emerald Hive Queen[2/2] -> Rexxar
[Turn 4, Step 12] Agent: 턴 종료

[Turn 4] === Opponent's Turn ===
[Turn 4, Step 12] Opponent: 공격 - Tabbycat[1/1] -> Cheaty Anklebiter
[Turn 4, Step 12] Opponent: 영웅 능력 사용
[Turn 4, Step 12] Opponent: 공격 - Twilight Guardian[2/6] -> Jaina Proudmoore
[Turn 4, Step 12] Opponent: 카드 플레이 - Infest (코스트: 3)
[Turn 4, Step 12] Opponent: 턴 종료
[Turn 5, Step 13] Agent: 카드 플레이 - Nerubian Egg (코스트: 4)
[Turn 5, Step 14] Agent: 공격 - Emerald Hive Queen[2/2] -> Rexxar

--- Game State (Turn 5, Step 15) ---
Agent: Jaina Proudmoore HP: 23, Mana: 1/5
  Hand (6): Hozen Healer, Coldarra Drake, Zilliax, Scorch, Guardian Augmerchant, Unpowered Mauler
  Field: Emerald Hive Queen[2/2], Nerubian Egg[0/2]
Opponent: Rexxar HP: 22, Mana: 0/5
  Hand (4)
  Field: Saronite Taskmaster[2/3], Twilight Guardian[2/6]
[Turn 5, Step 15] Agent: 턴 종료

[Turn 5] === Opponent's Turn ===
[Turn 5, Step 15] Opponent: 카드 플레이 - Mortuary Machine (코스트: 5)
[Turn 5, Step 15] Opponent: 공격 - Twilight Guardian[2/6] -> Emerald Hive Queen
[Turn 5, Step 15] Opponent: 공격 - Saronite Taskmaster[2/3] -> Nerubian Egg
[Turn 5, Step 15] Opponent: 턴 종료
[Turn 6, Step 16] Agent: 카드 플레이 - Hozen Healer -> Saronite Taskmaster (코스트: 4)
[Turn 6, Step 17] Agent: 카드 플레이 - Guardian Augmerchant -> Saronite Taskmaster (코스트: 1)
[Turn 6, Step 18] Agent: 공격 - Nerubian[4/4] -> Rexxar
[Turn 6, Step 19] Agent: 턴 종료

[Turn 6] === Opponent's Turn ===
[Turn 6, Step 19] Opponent: 카드 플레이 - Scaleworm (코스트: 4)
[Turn 6, Step 19] Opponent: 공격 - Twilight Guardian[2/4] -> Jaina Proudmoore
[Turn 6, Step 19] Opponent: 공격 - Mortuary Machine[8/8] -> Guardian Augmerchant
[Turn 6, Step 19] Opponent: 턴 종료

--- Game State (Turn 7, Step 20) ---
Agent: Jaina Proudmoore HP: 21, Mana: 7/7
  Hand (6): Coldarra Drake, Zilliax, Scorch, Unpowered Mauler, Piloted Shredder, Gurubashi Berserker
  Field: Nerubian[4/4], Hozen Healer[2/6], Guardian Augmerchant[2/1]
Opponent: Rexxar HP: 18, Mana: 3/7
  Hand (4)
  Field: Saronite Taskmaster[2/2], Twilight Guardian[2/4], Mortuary Machine[8/6], Scaleworm[4/4]
[Turn 7, Step 20] Agent: 공격 - Hozen Healer[2/6] -> Twilight Guardian
[Turn 7, Step 21] Agent: 공격 - Guardian Augmerchant[2/1] -> Twilight Guardian
[Turn 7, Step 22] Agent: 카드 플레이 - Coldarra Drake (코스트: 6)
[Turn 7, Step 23] Agent: 공격 - Nerubian[4/4] -> Rexxar
[Turn 7, Step 24] Agent: 턴 종료

[Turn 7] === Opponent's Turn ===
[Turn 7, Step 24] Opponent: 공격 - Scaleworm[4/4] -> Jaina Proudmoore
[Turn 7, Step 24] Opponent: 카드 플레이 - Vereesa Windrunner (코스트: 7)
[Turn 7, Step 24] Opponent: 턴 종료

--- Game State (Turn 8, Step 25) ---
Agent: Jaina Proudmoore HP: 17, Mana: 8/8
  Hand (6): Zilliax, Scorch, Unpowered Mauler, Piloted Shredder, Gurubashi Berserker, Keening Banshee
  Field: Nerubian[4/4], Hozen Healer[2/4], Coldarra Drake[6/6]
Opponent: Rexxar HP: 14, Mana: 1/8
  Hand (5)
  Field: Saronite Taskmaster[2/2], Mortuary Machine[8/6], Scaleworm[4/4], Vereesa Windrunner[5/6]
[Turn 8, Step 25] Agent: 공격 - Hozen Healer[2/4] -> Mortuary Machine
[Turn 8, Step 26] Agent: 공격 - Coldarra Drake[6/6] -> Mortuary Machine
[Turn 8, Step 27] Agent: 카드 플레이 - Zilliax (코스트: 5)
[Turn 8, Step 28] Agent: 카드 플레이 - Unpowered Mauler (코스트: 2)
[Turn 8, Step 29] Agent: 공격 - Nerubian[4/4] -> Rexxar

--- Game State (Turn 8, Step 30) ---
Agent: Jaina Proudmoore HP: 17, Mana: 1/8
  Hand (4): Scorch, Piloted Shredder, Gurubashi Berserker, Keening Banshee
  Field: Nerubian[4/4], Hozen Healer[2/1], Coldarra Drake[6/1], Zilliax[3/2], Unpowered Mauler[2/4]
Opponent: Rexxar HP: 10, Mana: 1/8
  Hand (5)
  Field: Saronite Taskmaster[2/2], Scaleworm[4/4], Vereesa Windrunner[5/6]
[Turn 8, Step 30] Agent: 공격 - Zilliax[3/2] -> Saronite Taskmaster
[Turn 8, Step 31] Agent: 턴 종료

[Turn 8] === Opponent's Turn ===
[Turn 8, Step 31] Opponent: 카드 플레이 - Vulpera Scoundrel (코스트: 3)
[Turn 8, Step 31] Opponent: 선택 - Multi-Shot
[Turn 8, Step 31] Opponent: 카드 플레이 - Scorp-o-matic (코스트: 2)
[Turn 8, Step 31] Opponent: 카드 플레이 - Oasis Snapjaw (코스트: 4)
[Turn 8, Step 31] Opponent: 공격 - Scaleworm[4/4] -> Zilliax
[Turn 8, Step 31] Opponent: 공격 - Rexxar[2/10] -> Hozen Healer
[Turn 8, Step 31] Opponent: 공격 - Saronite Taskmaster[2/2] -> Jaina Proudmoore
[Turn 8, Step 31] Opponent: 공격 - Vereesa Windrunner[5/6] -> Nerubian
[Turn 8, Step 31] Opponent: 턴 종료
[Turn 9, Step 32] Agent: 공격 - Coldarra Drake[6/1] -> Oasis Snapjaw
[Turn 9, Step 33] Agent: 카드 플레이 - Scorch -> Saronite Taskmaster (코스트: 4)
[Turn 9, Step 34] Agent: 카드 플레이 - Piloted Shredder (코스트: 4)

--- Game State (Turn 9, Step 35) ---
Agent: Jaina Proudmoore HP: 18, Mana: 1/9
  Hand (3): Gurubashi Berserker, Keening Banshee, Violet Spellwing
  Field: Free Agent[0/3], Unpowered Mauler[2/4], Piloted Shredder[4/3]
Opponent: Rexxar HP: 8, Mana: 0/9
  Hand (5)
  Field: Scaleworm[4/1], Vereesa Windrunner[5/2], Vulpera Scoundrel[2/3], Scorp-o-matic[1/2], Oasis Snapjaw[2/1]
[Turn 9, Step 35] Agent: 카드 플레이 - Violet Spellwing (코스트: 1)
[Turn 9, Step 36] Agent: 공격 - Unpowered Mauler[2/4] -> Rexxar
[Turn 9, Step 37] Agent: 턴 종료

[Turn 9] === Opponent's Turn ===
[Turn 9, Step 37] Opponent: 턴 종료
[Turn 10, Step 38] Agent: 카드 플레이 - Gurubashi Berserker (코스트: 5)
[Turn 10, Step 39] Agent: 카드 플레이 - Keening Banshee (코스트: 4)

--- Game State (Turn 10, Step 40) ---
Agent: Jaina Proudmoore HP: 18, Mana: 1/10
  Hand (1): Infested Goblin
  Field: Free Agent[0/3], Unpowered Mauler[2/4], Piloted Shredder[4/3], Violet Spellwing[1/1], Gurubashi Berserker[2/7], Keening Banshee[5/5]
Opponent: Rexxar HP: 6, Mana: 10/10
  Hand (6)
  Field: Scaleworm[4/1], Vereesa Windrunner[5/2], Vulpera Scoundrel[2/3], Scorp-o-matic[1/2], Oasis Snapjaw[2/1]
[Turn 10, Step 40] Agent: 공격 - Piloted Shredder[4/3] -> Rexxar
[Turn 10, Step 41] Agent: 공격 - Violet Spellwing[1/1] -> Rexxar
[Turn 10, Step 42] Agent: 턴 종료

[Turn 10] === Opponent's Turn ===
[Turn 10, Step 42] Opponent: 카드 플레이 - Gyrocopter (코스트: 6)
[Turn 10, Step 42] Opponent: 턴 종료
[Turn 10, Step 43] Agent: 공격 - Keening Banshee[5/5] -> Rexxar

--- Game State (Turn 10, Step 44) ---
Agent: Jaina Proudmoore HP: 18, Mana: 10/10
  Hand (2): Pit Fighter, Infested Goblin
  Field: Free Agent[0/3], Unpowered Mauler[2/4], Piloted Shredder[4/3], Violet Spellwing[1/1], Gurubashi Berserker[2/7], Keening Banshee[5/5]
Opponent: Rexxar HP: 0, Mana: 4/10
  Hand (6)
  Field: Scaleworm[4/1], Vereesa Windrunner[5/2], Vulpera Scoundrel[2/3], Scorp-o-matic[1/2], Oasis Snapjaw[2/1], Gyrocopter[4/5]

============================================================
게임 종료 - Terminated: True, Truncated: False
승자: Agent
============================================================

