============================================================
NEW GAME STARTED
Agent: HERO_08 vs Opponent: HERO_05
Action Masking: ON
Masking Expected: ON
============================================================

[Turn 1] === Opponent's Turn ===
[Turn 1, Step 0] Opponent: 턴 종료
[Turn 1, Step 1] Agent: 카드 플레이 - Toxfin (코스트: 1)
[Turn 1, Step 2] Agent: 카드 플레이 - The Coin (코스트: 0)
[Turn 1, Step 3] Agent: 턴 종료

[Turn 1] === Opponent's Turn ===
[Turn 1, Step 3] Opponent: 턴 종료
[Turn 2, Step 4] Agent: 영웅 능력 사용 -> Toxfin

--- Game State (Turn 2, Step 5) ---
Agent: Jaina Proudmoore HP: 30, Mana: 0/2
  Hand (5): Mogor's Champion, Mana Wraith, Ice Walker, Steam Surger, Volcanic Potion
  Field: Toxfin[1/1]
Opponent: Rexxar HP: 30, Mana: 2/2
  Hand (5)
[Turn 2, Step 5] Agent: 공격 - Toxfin[1/1] -> Rexxar
[Turn 2, Step 6] Agent: 턴 종료

[Turn 2] === Opponent's Turn ===
[Turn 2, Step 6] Opponent: 카드 플레이 - Youthful Brewmaster (코스트: 2)
[Turn 2, Step 6] Opponent: 턴 종료
[Turn 3, Step 7] Agent: 턴 종료

[Turn 3] === Opponent's Turn ===
[Turn 3, Step 7] Opponent: 턴 종료
[Turn 4, Step 8] Agent: 카드 플레이 - Omega Defender (코스트: 4)
[Turn 4, Step 9] Agent: 공격 - Toxfin[1/1] -> Rexxar

--- Game State (Turn 4, Step 10) ---
Agent: Jaina Proudmoore HP: 30, Mana: 0/4
  Hand (6): Prince Valanar, Mogor's Champion, Mana Wraith, Ice Walker, Steam Surger, Volcanic Potion
  Field: Toxfin[1/1], Omega Defender[2/6]
Opponent: Rexxar HP: 28, Mana: 4/4
  Hand (6)
  Field: Youthful Brewmaster[3/2]
[Turn 4, Step 10] Agent: 턴 종료

[Turn 4] === Opponent's Turn ===
[Turn 4, Step 10] Opponent: 카드 플레이 - Blowgill Sniper -> Rexxar (코스트: 2)
[Turn 4, Step 10] Opponent: 턴 종료
[Turn 5, Step 11] Agent: 영웅 능력 사용 -> Youthful Brewmaster
[Turn 5, Step 12] Agent: 공격 - Omega Defender[2/6] -> Rexxar
[Turn 5, Step 13] Agent: 카드 플레이 - Volcanic Potion (코스트: 3)
[Turn 5, Step 14] Agent: 턴 종료

[Turn 5] === Opponent's Turn ===
[Turn 5, Step 14] Opponent: 카드 플레이 - Antique Healbot (코스트: 5)
[Turn 5, Step 14] Opponent: 카드 플레이 - Dwarven Sharpshooter (코스트: 1)
[Turn 5, Step 14] Opponent: 턴 종료

--- Game State (Turn 6, Step 15) ---
Agent: Jaina Proudmoore HP: 30, Mana: 6/6
  Hand (7): Prince Valanar, Mogor's Champion, Mana Wraith, Ice Walker, Steam Surger, Volatile Elemental, Evolved Kobold
  Field: Omega Defender[2/4]
Opponent: Rexxar HP: 30, Mana: 0/6
  Hand (5)
  Field: Antique Healbot[3/3], Dwarven Sharpshooter[1/3]
[Turn 6, Step 15] Agent: 카드 플레이 - Prince Valanar (코스트: 4)
[Turn 6, Step 16] Agent: 카드 플레이 - Mana Wraith (코스트: 2)
[Turn 6, Step 17] Agent: 공격 - Omega Defender[2/4] -> Dwarven Sharpshooter
[Turn 6, Step 18] Agent: 턴 종료

[Turn 6] === Opponent's Turn ===
[Turn 6, Step 18] Opponent: 영웅 능력 사용 -> Dwarven Sharpshooter
[Turn 6, Step 18] Opponent: 턴 종료
[Turn 7, Step 19] Agent: 영웅 능력 사용 -> Mana Wraith

--- Game State (Turn 7, Step 20) ---
Agent: Jaina Proudmoore HP: 30, Mana: 5/7
  Hand (6): Mogor's Champion, Ice Walker, Steam Surger, Volatile Elemental, Evolved Kobold, Wicked Skeleton
  Field: Omega Defender[2/3], Prince Valanar[4/4], Mana Wraith[2/1]
Opponent: Rexxar HP: 30, Mana: 5/7
  Hand (6)
  Field: Antique Healbot[3/3]
[Turn 7, Step 20] Agent: 공격 - Prince Valanar[4/4] -> Rexxar
[Turn 7, Step 21] Agent: 카드 플레이 - Wicked Skeleton (코스트: 5)
[Turn 7, Step 22] Agent: 공격 - Mana Wraith[2/1] -> Antique Healbot
[Turn 7, Step 23] Agent: 공격 - Omega Defender[2/3] -> Rexxar
[Turn 7, Step 24] Agent: 턴 종료

[Turn 7] === Opponent's Turn ===
[Turn 7, Step 24] Opponent: 카드 플레이 - Carrion Drake (코스트: 5)
[Turn 7, Step 24] Opponent: 카드 플레이 - Am'gam Rager (코스트: 3)
[Turn 7, Step 24] Opponent: 공격 - Antique Healbot[3/1] -> Omega Defender
[Turn 7, Step 24] Opponent: 턴 종료

--- Game State (Turn 8, Step 25) ---
Agent: Jaina Proudmoore HP: 30, Mana: 8/8
  Hand (6): Mogor's Champion, Ice Walker, Steam Surger, Volatile Elemental, Evolved Kobold, Hench-Clan Thug
  Field: Prince Valanar[4/4], Wicked Skeleton[1/1]
Opponent: Rexxar HP: 24, Mana: 0/8
  Hand (5)
  Field: Carrion Drake[3/7], Am'gam Rager[1/5]
[Turn 8, Step 25] Agent: 카드 플레이 - Ice Walker (코스트: 2)
[Turn 8, Step 26] Agent: 공격 - Prince Valanar[4/4] -> Carrion Drake
[Turn 8, Step 27] Agent: 영웅 능력 사용 -> Prince Valanar
[Turn 8, Step 28] Agent: 카드 플레이 - Steam Surger (코스트: 4)
[Turn 8, Step 29] Agent: 공격 - Wicked Skeleton[1/1] -> Rexxar

--- Game State (Turn 8, Step 30) ---
Agent: Jaina Proudmoore HP: 30, Mana: 0/8
  Hand (4): Mogor's Champion, Volatile Elemental, Evolved Kobold, Hench-Clan Thug
  Field: Wicked Skeleton[1/1], Ice Walker[1/3], Steam Surger[5/4]
Opponent: Rexxar HP: 23, Mana: 0/8
  Hand (5)
  Field: Carrion Drake[3/3], Am'gam Rager[1/5]
[Turn 8, Step 30] Agent: 턴 종료

[Turn 8] === Opponent's Turn ===
[Turn 8, Step 30] Opponent: 공격 - Carrion Drake[3/3] -> Steam Surger
[Turn 8, Step 30] Opponent: 카드 플레이 - Wrathion (코스트: 6)
[Turn 8, Step 30] Opponent: 공격 - Am'gam Rager[1/5] -> Jaina Proudmoore
[Turn 8, Step 30] Opponent: 턴 종료
[Turn 9, Step 31] Agent: 영웅 능력 사용 -> Jaina Proudmoore
[Turn 9, Step 32] Agent: 카드 플레이 - Mogor's Champion (코스트: 6)
[Turn 9, Step 33] Agent: 공격 - Ice Walker[1/3] -> Wrathion
[Turn 9, Step 34] Agent: 턴 종료

[Turn 9] === Opponent's Turn ===
[Turn 9, Step 34] Opponent: 공격 - Am'gam Rager[1/5] -> Wicked Skeleton
[Turn 9, Step 34] Opponent: 공격 - Wrathion[4/4] -> Jaina Proudmoore
[Turn 9, Step 34] Opponent: 카드 플레이 - Beaming Sidekick -> Am'gam Rager (코스트: 1)
[Turn 9, Step 34] Opponent: 영웅 능력 사용
[Turn 9, Step 34] Opponent: 카드 플레이 - Loatheb (코스트: 5)
[Turn 9, Step 34] Opponent: 카드 플레이 - Baleful Banker -> Wrathion (코스트: 2)
[Turn 9, Step 34] Opponent: 턴 종료

--- Game State (Turn 10, Step 35) ---
Agent: Jaina Proudmoore HP: 22, Mana: 10/10
  Hand (5): Volatile Elemental, Evolved Kobold, Hench-Clan Thug, Raging Worgen, Rockpool Hunter
  Field: Steam Surger[5/1], Mogor's Champion[8/5]
Opponent: Rexxar HP: 23, Mana: 0/10
  Hand (4)
  Field: Am'gam Rager[1/6], Wrathion[4/4], Beaming Sidekick[1/2], Loatheb[5/5], Baleful Banker[2/2]
[Turn 10, Step 35] Agent: 영웅 능력 사용 -> Mogor's Champion
[Turn 10, Step 36] Agent: 카드 플레이 - Evolved Kobold (코스트: 4)
[Turn 10, Step 37] Agent: 턴 종료

[Turn 10] === Opponent's Turn ===
[Turn 10, Step 37] Opponent: 공격 - Loatheb[5/5] -> Mogor's Champion
[Turn 10, Step 37] Opponent: 카드 플레이 - Foe Reaper 4000 (코스트: 8)
[Turn 10, Step 37] Opponent: 영웅 능력 사용
[Turn 10, Step 37] Opponent: 공격 - Am'gam Rager[1/6] -> Jaina Proudmoore
[Turn 10, Step 37] Opponent: 공격 - Baleful Banker[2/2] -> Evolved Kobold
[Turn 10, Step 37] Opponent: 공격 - Wrathion[4/4] -> Steam Surger
[Turn 10, Step 37] Opponent: 공격 - Beaming Sidekick[1/2] -> Jaina Proudmoore
[Turn 10, Step 37] Opponent: 턴 종료
[Turn 10, Step 38] Agent: 카드 플레이 - Volatile Elemental (코스트: 2)
[Turn 10, Step 39] Agent: 카드 플레이 - Raging Worgen (코스트: 3)

--- Game State (Turn 10, Step 40) ---
Agent: Jaina Proudmoore HP: 18, Mana: 5/10
  Hand (3): Hench-Clan Thug, Rockpool Hunter, Traveling Healer
  Field: Volatile Elemental[1/1], Raging Worgen[3/3]
Opponent: Rexxar HP: 23, Mana: 0/10
  Hand (4)
  Field: Am'gam Rager[1/6], Beaming Sidekick[1/2], Foe Reaper 4000[6/9]
[Turn 10, Step 40] Agent: 영웅 능력 사용 -> Volatile Elemental
[Turn 10, Step 41] Agent: 카드 플레이 - Rockpool Hunter (코스트: 2)
[Turn 10, Step 42] Agent: 턴 종료

[Turn 10] === Opponent's Turn ===
[Turn 10, Step 42] Opponent: 카드 플레이 - Faceless Behemoth (코스트: 10)
[Turn 10, Step 42] Opponent: 공격 - Foe Reaper 4000[6/9] -> Raging Worgen
[Turn 10, Step 42] Opponent: 공격 - Beaming Sidekick[1/2] -> Jaina Proudmoore
[Turn 10, Step 42] Opponent: 공격 - Am'gam Rager[1/3] -> Rockpool Hunter
[Turn 10, Step 42] Opponent: 턴 종료
[Turn 10, Step 43] Agent: 카드 플레이 - Traveling Healer -> Rockpool Hunter (코스트: 4)
[Turn 10, Step 44] Agent: 영웅 능력 사용 -> Traveling Healer

--- Game State (Turn 10, Step 45) ---
Agent: Jaina Proudmoore HP: 17, Mana: 4/10
  Hand (2): Hench-Clan Thug, Terrorguard Escapee
  Field: Rockpool Hunter[2/3], Traveling Healer[3/2]
Opponent: Rexxar HP: 23, Mana: 0/10
  Hand (4)
  Field: Am'gam Rager[1/1], Beaming Sidekick[1/2], Foe Reaper 4000[6/6], Faceless Behemoth[10/10]
[Turn 10, Step 45] Agent: 공격 - Rockpool Hunter[2/3] -> Rexxar
[Turn 10, Step 46] Agent: 카드 플레이 - Hench-Clan Thug (코스트: 3)
[Turn 10, Step 47] Agent: 턴 종료

[Turn 10] === Opponent's Turn ===
[Turn 10, Step 47] Opponent: 공격 - Beaming Sidekick[1/2] -> Rockpool Hunter
[Turn 10, Step 47] Opponent: 공격 - Faceless Behemoth[10/10] -> Hench-Clan Thug
[Turn 10, Step 47] Opponent: 카드 플레이 - Mad Hatter (코스트: 4)
[Turn 10, Step 47] Opponent: 공격 - Foe Reaper 4000[6/6] -> Rockpool Hunter
[Turn 10, Step 47] Opponent: 공격 - Am'gam Rager[2/2] -> Traveling Healer
[Turn 10, Step 47] Opponent: 카드 플레이 - Griftah (코스트: 4)
[Turn 10, Step 47] Opponent: 선택 - Grave Shambler
[Turn 10, Step 47] Opponent: 선택 - Stablemaster
[Turn 10, Step 47] Opponent: 영웅 능력 사용
[Turn 10, Step 47] Opponent: 턴 종료
[Turn 10, Step 48] Agent: 턴 종료

[Turn 10] === Opponent's Turn ===
[Turn 10, Step 48] Opponent: 카드 플레이 - Stablemaster (코스트: 3)
[Turn 10, Step 48] Opponent: 카드 플레이 - Squirming Tentacle (코스트: 3)
[Turn 10, Step 48] Opponent: 카드 플레이 - Razorfen Hunter (코스트: 3)
[Turn 10, Step 48] Opponent: 공격 - Mad Hatter[3/2] -> Jaina Proudmoore
[Turn 10, Step 48] Opponent: 공격 - Griftah[4/5] -> Jaina Proudmoore
[Turn 10, Step 48] Opponent: 턴 종료
[Turn 10, Step 49] Agent: 영웅 능력 사용 -> Mad Hatter

--- Game State (Turn 10, Step 50) ---
Agent: Jaina Proudmoore HP: 8, Mana: 8/10
  Hand (4): Terrorguard Escapee, Grave Shambler, Arcane Amplifier, Sathrovarr
Opponent: Rexxar HP: 21, Mana: 1/10
  Hand (2)
  Field: Foe Reaper 4000[6/3], Faceless Behemoth[11/8], Mad Hatter[3/1], Griftah[4/5], Stablemaster[4/2], Squirming Tentacle[2/4], Razorfen Hunter[2/3]
[Turn 10, Step 50] Agent: 카드 플레이 - Arcane Amplifier (코스트: 3)
[Turn 10, Step 51] Agent: 카드 플레이 - Grave Shambler (코스트: 4)
[Turn 10, Step 52] Agent: 턴 종료

[Turn 10] === Opponent's Turn ===
[Turn 10, Step 52] Opponent: 공격 - Stablemaster[4/2] -> Grave Shambler
[Turn 10, Step 52] Opponent: 카드 플레이 - Jepetto Joybuzz (코스트: 8)
[Turn 10, Step 52] Opponent: 공격 - Mad Hatter[3/1] -> Arcane Amplifier
[Turn 10, Step 52] Opponent: 공격 - Squirming Tentacle[2/4] -> Arcane Amplifier
[Turn 10, Step 52] Opponent: 공격 - Foe Reaper 4000[6/3] -> Jaina Proudmoore
[Turn 10, Step 52] Opponent: 영웅 능력 사용

--- Game State (Turn 10, Step 53) ---
Agent: Jaina Proudmoore HP: 0, Mana: 1/10
  Hand (2): Terrorguard Escapee, Sathrovarr
Opponent: Rexxar HP: 21, Mana: 0/10
  Hand (4)
  Field: Foe Reaper 4000[6/3], Faceless Behemoth[11/8], Griftah[4/5], Squirming Tentacle[2/2], Razorfen Hunter[2/3], Jepetto Joybuzz[6/6]

============================================================
게임 종료 - Terminated: True, Truncated: False
승자: Opponent
============================================================

