============================================================
NEW GAME STARTED
Agent: HERO_08 vs Opponent: HERO_05
Action Masking: OFF
Masking Expected: OFF
============================================================
[Turn 1, Step 0] Agent: 턴 종료

[Turn 1] === Opponent's Turn ===
[Turn 1, Step 0] Opponent: 카드 플레이 - The Coin (코스트: 0)
[Turn 1, Step 0] Opponent: 카드 플레이 - Lance Carrier (코스트: 2)
[Turn 1, Step 0] Opponent: 턴 종료
[Turn 2, Step 1] Agent: 카드 플레이 - Unstable Ghoul (코스트: 2)
[Turn 2, Step 2] Agent: 턴 종료

[Turn 2] === Opponent's Turn ===
[Turn 2, Step 2] Opponent: 카드 플레이 - Wild Pyromancer (코스트: 2)
[Turn 2, Step 2] Opponent: 턴 종료
[Turn 3, Step 3] Agent: 카드 플레이 - Magma Rager (코스트: 3)
[Turn 3, Step 4] Agent: 공격 - Unstable Ghoul[1/3] -> Rexxar

--- Game State (Turn 3, Step 5) ---
Agent: Jaina Proudmoore HP: 30, Mana: 0/3
  Hand (4): Sunborne Val'kyr, Force-Tank MAX, Stargazer Luna, Ship's Cannon
  Field: Unstable Ghoul[1/3], Magma Rager[5/1]
Opponent: Rexxar HP: 29, Mana: 0/2
  Hand (4)
  Field: Lance Carrier[1/2], Wild Pyromancer[3/2]
[Turn 3, Step 5] Agent: 턴 종료

[Turn 3] === Opponent's Turn ===
[Turn 3, Step 5] Opponent: 카드 플레이 - Fjola Lightbane (코스트: 3)
[Turn 3, Step 5] Opponent: 공격 - Lance Carrier[1/2] -> Unstable Ghoul
[Turn 3, Step 5] Opponent: 공격 - Wild Pyromancer[3/2] -> Unstable Ghoul
[Turn 3, Step 5] Opponent: 턴 종료
[Turn 4, Step 6] Agent: 카드 플레이 - Stargazer Luna (코스트: 3)
[Turn 4, Step 7] Agent: 턴 종료

[Turn 4] === Opponent's Turn ===
[Turn 4, Step 7] Opponent: 턴 종료
[Turn 5, Step 8] Agent: 카드 플레이 - Sunborne Val'kyr (코스트: 5)
[Turn 5, Step 9] Agent: 공격 - Stargazer Luna[2/6] -> Rexxar

--- Game State (Turn 5, Step 10) ---
Agent: Jaina Proudmoore HP: 30, Mana: 0/5
  Hand (4): Force-Tank MAX, Ship's Cannon, Dread Corsair, Jepetto Joybuzz
  Field: Stargazer Luna[2/6], Sunborne Val'kyr[5/4]
Opponent: Rexxar HP: 27, Mana: 4/4
  Hand (5)
  Field: Fjola Lightbane[3/3]
[Turn 5, Step 10] Agent: 턴 종료

[Turn 5] === Opponent's Turn ===
[Turn 5, Step 10] Opponent: 영웅 능력 사용
[Turn 5, Step 10] Opponent: 카드 플레이 - Lowly Squire (코스트: 1)
[Turn 5, Step 10] Opponent: 공격 - Fjola Lightbane[3/3] -> Stargazer Luna
[Turn 5, Step 10] Opponent: 턴 종료
[Turn 6, Step 11] Agent: 카드 플레이 - Ship's Cannon (코스트: 2)
[Turn 6, Step 12] Agent: 카드 플레이 - Dread Corsair (코스트: 4)
[Turn 6, Step 13] Agent: 공격 - Stargazer Luna[2/3] -> Rexxar
[Turn 6, Step 14] Agent: 공격 - Sunborne Val'kyr[5/4] -> Rexxar

--- Game State (Turn 6, Step 15) ---
Agent: Jaina Proudmoore HP: 28, Mana: 0/6
  Hand (3): Force-Tank MAX, Jepetto Joybuzz, Toxicologist
  Field: Stargazer Luna[2/3], Sunborne Val'kyr[5/4], Ship's Cannon[2/3], Dread Corsair[3/3]
Opponent: Rexxar HP: 18, Mana: 2/5
  Hand (5)
  Field: Fjola Lightbane[3/1], Lowly Squire[1/2]
[Turn 6, Step 15] Agent: 턴 종료

[Turn 6] === Opponent's Turn ===
[Turn 6, Step 15] Opponent: 턴 종료
[Turn 7, Step 16] Agent: 카드 플레이 - Toxicologist (코스트: 2)
[Turn 7, Step 17] Agent: 카드 플레이 - Maiev Shadowsong -> Fjola Lightbane (코스트: 4)
[Turn 7, Step 18] Agent: 공격 - Stargazer Luna[2/3] -> Rexxar
[Turn 7, Step 19] Agent: 공격 - Sunborne Val'kyr[5/4] -> Rexxar

--- Game State (Turn 7, Step 20) ---
Agent: Jaina Proudmoore HP: 28, Mana: 1/7
  Hand (3): Grook Fu Master, Force-Tank MAX, Jepetto Joybuzz
  Field: Stargazer Luna[2/3], Sunborne Val'kyr[5/4], Ship's Cannon[2/3], Dread Corsair[3/3], Toxicologist[2/2], Maiev Shadowsong[4/3]
Opponent: Rexxar HP: 11, Mana: 6/6
  Hand (6)
  Field: Fjola Lightbane[3/1], Lowly Squire[1/2]
[Turn 7, Step 20] Agent: 공격 - Ship's Cannon[2/3] -> Rexxar
[Turn 7, Step 21] Agent: 공격 - Dread Corsair[3/3] -> Rexxar
[Turn 7, Step 22] Agent: 턴 종료

[Turn 7] === Opponent's Turn ===
[Turn 7, Step 22] Opponent: 카드 플레이 - Abominable Bowman (코스트: 7)
[Turn 7, Step 22] Opponent: 턴 종료
[Turn 8, Step 23] Agent: 공격 - Maiev Shadowsong[4/3] -> Abominable Bowman
[Turn 8, Step 24] Agent: 카드 플레이 - Grook Fu Master (코스트: 5)

--- Game State (Turn 8, Step 25) ---
Agent: Jaina Proudmoore HP: 28, Mana: 3/8
  Hand (3): Force-Tank MAX, Jepetto Joybuzz, Crowd Favorite
  Field: Stargazer Luna[2/3], Sunborne Val'kyr[5/4], Ship's Cannon[2/3], Dread Corsair[3/3], Toxicologist[2/2], Grook Fu Master[3/5]
Opponent: Rexxar HP: 6, Mana: 0/7
  Hand (6)
  Field: Fjola Lightbane[3/1], Lowly Squire[1/2], Abominable Bowman[6/3]
[Turn 8, Step 25] Agent: 영웅 능력 사용 -> Jaina Proudmoore
[Turn 8, Step 26] Agent: 공격 - Stargazer Luna[2/3] -> Rexxar
[Turn 8, Step 27] Agent: 공격 - Sunborne Val'kyr[5/4] -> Rexxar

--- Game State (Turn 8, Step 28) ---
Agent: Jaina Proudmoore HP: 27, Mana: 1/8
  Hand (3): Force-Tank MAX, Jepetto Joybuzz, Crowd Favorite
  Field: Stargazer Luna[2/3], Sunborne Val'kyr[5/4], Ship's Cannon[2/3], Dread Corsair[3/3], Toxicologist[2/2], Grook Fu Master[3/5]
Opponent: Rexxar HP: 0, Mana: 0/7
  Hand (6)
  Field: Fjola Lightbane[3/1], Lowly Squire[1/2], Abominable Bowman[6/3]

============================================================
게임 종료 - Terminated: True, Truncated: False
승자: Agent
============================================================

