============================================================
NEW GAME STARTED
Agent: HERO_08 vs Opponent: HERO_05
Action Masking: OFF
============================================================

[Turn 1] === Opponent's Turn ===
[Turn 1, Step 0] Opponent: 턴 종료
[Turn 1, Step 1] Agent: 유효하지 않은 액션 인덱스(14) → 2로 보정
[Turn 1, Step 1] Agent: 카드 플레이 - The Coin (코스트: 0)
[Turn 1, Step 2] Agent: 유효하지 않은 액션 인덱스(27) → 3로 보정
[Turn 1, Step 2] Agent: 카드 플레이 - Southsea Deckhand (코스트: 1)
[Turn 1, Step 3] Agent: 유효하지 않은 액션 인덱스(86) → 0로 보정
[Turn 1, Step 3] Agent: 턴 종료

[Turn 1] === Opponent's Turn ===
[Turn 1, Step 3] Opponent: 영웅 능력 사용
[Turn 1, Step 3] Opponent: 턴 종료
[Turn 2, Step 4] Agent: 유효하지 않은 액션 인덱스(25) → 4로 보정
[Turn 2, Step 4] Agent: 영웅 능력 사용 -> Rexxar

--- Game State (Turn 2, Step 5) ---
Agent: Jaina Proudmoore HP: 28, Mana: 0/2
  Hand (5): Friendly Bartender, Scorp-o-matic, Apexis Blast, Sewer Crawler, Drakkari Trickster
  Field: Southsea Deckhand[2/1]
Opponent: Rexxar HP: 29, Mana: 0/2
  Hand (5)
[Turn 2, Step 5] Agent: 유효하지 않은 액션 인덱스(78) → 0로 보정
[Turn 2, Step 5] Agent: 턴 종료

[Turn 2] === Opponent's Turn ===
[Turn 2, Step 5] Opponent: 카드 플레이 - Golden Scarab (코스트: 3)
[Turn 2, Step 5] Opponent: 선택 - Hozen Healer
[Turn 2, Step 5] Opponent: 턴 종료
[Turn 3, Step 6] Agent: 유효하지 않은 액션 인덱스(89) → 1로 보정
[Turn 3, Step 6] Agent: 카드 플레이 - Friendly Bartender (코스트: 2)
[Turn 3, Step 7] Agent: 유효하지 않은 액션 인덱스(25) → 1로 보정
[Turn 3, Step 7] Agent: 공격 - Southsea Deckhand[2/1] -> Rexxar
[Turn 3, Step 8] Agent: 유효하지 않은 액션 인덱스(17) → 0로 보정
[Turn 3, Step 8] Agent: 턴 종료

[Turn 3] === Opponent's Turn ===
[Turn 3, Step 8] Opponent: 카드 플레이 - Hozen Healer -> Golden Scarab (코스트: 4)
[Turn 3, Step 8] Opponent: 공격 - Golden Scarab[2/2] -> Southsea Deckhand
[Turn 3, Step 8] Opponent: 턴 종료
[Turn 4, Step 9] Agent: 유효하지 않은 액션 인덱스(39) → 6로 보정
[Turn 4, Step 9] Agent: 영웅 능력 사용 -> Rexxar

--- Game State (Turn 4, Step 10) ---
Agent: Jaina Proudmoore HP: 29, Mana: 2/4
  Hand (6): Naga Corsair, Scorp-o-matic, Apexis Blast, Sewer Crawler, Drakkari Trickster, Drakonid Crusher
  Field: Friendly Bartender[2/3]
Opponent: Rexxar HP: 26, Mana: 0/4
  Hand (6)
  Field: Hozen Healer[2/6]
[Turn 4, Step 10] Agent: 유효하지 않은 액션 인덱스(68) → 0로 보정
[Turn 4, Step 10] Agent: 턴 종료

[Turn 4] === Opponent's Turn ===
[Turn 4, Step 10] Opponent: 카드 플레이 - Desert Hare (코스트: 3)
[Turn 4, Step 10] Opponent: 공격 - Hozen Healer[2/6] -> Jaina Proudmoore
[Turn 4, Step 10] Opponent: 턴 종료
[Turn 5, Step 11] Agent: 유효하지 않은 액션 인덱스(26) → 0로 보정
[Turn 5, Step 11] Agent: 턴 종료

[Turn 5] === Opponent's Turn ===
[Turn 5, Step 11] Opponent: 공격 - Desert Hare[1/1] -> Jaina Proudmoore
[Turn 5, Step 11] Opponent: 턴 종료
[Turn 6, Step 12] Agent: 카드 플레이 - Apexis Blast -> Jaina Proudmoore (코스트: 5)
[Turn 6, Step 13] Agent: 유효하지 않은 액션 인덱스(61) → 1로 보정
[Turn 6, Step 13] Agent: 공격 - Friendly Bartender[2/3] -> Rexxar
[Turn 6, Step 14] Agent: 유효하지 않은 액션 인덱스(98) → 0로 보정
[Turn 6, Step 14] Agent: 턴 종료

[Turn 6] === Opponent's Turn ===
[Turn 6, Step 14] Opponent: 턴 종료

--- Game State (Turn 7, Step 15) ---
Agent: Jaina Proudmoore HP: 24, Mana: 7/7
  Hand (8): Frost Giant, Naga Corsair, Scorp-o-matic, Sewer Crawler, Drakkari Trickster, Drakonid Crusher, Subject 9, Kezan Mystic
  Field: Friendly Bartender[2/3]
Opponent: Rexxar HP: 24, Mana: 7/7
  Hand (8)
  Field: Hozen Healer[2/6], Desert Hare[1/1], Desert Hare[1/1], Desert Hare[1/1]
[Turn 7, Step 15] Agent: 유효하지 않은 액션 인덱스(83) → 17로 보정
[Turn 7, Step 15] Agent: 공격 - Friendly Bartender[2/3] -> Rexxar
[Turn 7, Step 16] Agent: 유효하지 않은 액션 인덱스(98) → 13로 보정
[Turn 7, Step 16] Agent: 영웅 능력 사용 -> Hozen Healer
[Turn 7, Step 17] Agent: 유효하지 않은 액션 인덱스(57) → 3로 보정
[Turn 7, Step 17] Agent: 카드 플레이 - Scorp-o-matic -> Desert Hare (코스트: 2)
[Turn 7, Step 18] Agent: 유효하지 않은 액션 인덱스(92) → 2로 보정
[Turn 7, Step 18] Agent: 카드 플레이 - Drakkari Trickster (코스트: 3)
[Turn 7, Step 19] Agent: 유효하지 않은 액션 인덱스(44) → 0로 보정
[Turn 7, Step 19] Agent: 턴 종료

[Turn 7] === Opponent's Turn ===
[Turn 7, Step 19] Opponent: 공격 - Desert Hare[1/1] -> Drakkari Trickster
[Turn 7, Step 19] Opponent: 공격 - Desert Hare[1/1] -> Jaina Proudmoore
[Turn 7, Step 19] Opponent: 카드 플레이 - Dread Raven (코스트: 3)
[Turn 7, Step 19] Opponent: 공격 - Hozen Healer[2/5] -> Friendly Bartender
[Turn 7, Step 19] Opponent: 카드 플레이 - Spawn of N'Zoth (코스트: 3)
[Turn 7, Step 19] Opponent: 턴 종료

--- Game State (Turn 8, Step 20) ---
Agent: Jaina Proudmoore HP: 24, Mana: 8/8
  Hand (8): Frost Giant, Naga Corsair, Sewer Crawler, Drakonid Crusher, Subject 9, Kezan Mystic, Walnut Sprite, Hemet, Jungle Hunter
  Field: Friendly Bartender[2/1], Scorp-o-matic[1/2], Drakkari Trickster[3/3]
Opponent: Rexxar HP: 22, Mana: 2/8
  Hand (8)
  Field: Hozen Healer[2/3], Desert Hare[1/1], Dread Raven[6/4], Spawn of N'Zoth[2/2]
[Turn 8, Step 20] Agent: 공격 - Scorp-o-matic[1/2] -> Desert Hare
[Turn 8, Step 21] Agent: 유효하지 않은 액션 인덱스(63) → 13로 보정
[Turn 8, Step 21] Agent: 영웅 능력 사용 -> Scorp-o-matic
[Turn 8, Step 22] Agent: 카드 플레이 - Hemet, Jungle Hunter (코스트: 6)
[Turn 8, Step 23] Agent: 유효하지 않은 액션 인덱스(31) → 4로 보정
[Turn 8, Step 23] Agent: 공격 - Friendly Bartender[2/1] -> Spawn of N'Zoth
[Turn 8, Step 24] Agent: 유효하지 않은 액션 인덱스(46) → 2로 보정
[Turn 8, Step 24] Agent: 공격 - Drakkari Trickster[3/3] -> Hozen Healer

--- Game State (Turn 8, Step 25) ---
Agent: Jaina Proudmoore HP: 24, Mana: 0/8
  Hand (7): Frost Giant, Naga Corsair, Sewer Crawler, Drakonid Crusher, Subject 9, Kezan Mystic, Walnut Sprite
  Field: Hemet, Jungle Hunter[6/6]
Opponent: Rexxar HP: 22, Mana: 2/8
  Hand (8)
  Field: Hozen Healer[3/1], Dread Raven[7/5]
[Turn 8, Step 25] Agent: 유효하지 않은 액션 인덱스(43) → 0로 보정
[Turn 8, Step 25] Agent: 턴 종료

[Turn 8] === Opponent's Turn ===
[Turn 8, Step 25] Opponent: 영웅 능력 사용
[Turn 8, Step 25] Opponent: 카드 플레이 - Silver Hand Knight (코스트: 5)
[Turn 8, Step 25] Opponent: 공격 - Dread Raven[7/5] -> Jaina Proudmoore
[Turn 8, Step 25] Opponent: 카드 플레이 - Galvanizer (코스트: 2)
[Turn 8, Step 25] Opponent: 공격 - Hozen Healer[3/1] -> Hemet, Jungle Hunter
[Turn 8, Step 25] Opponent: 턴 종료
[Turn 9, Step 26] Agent: 카드 플레이 - Drakonid Crusher (코스트: 6)
[Turn 9, Step 27] Agent: 유효하지 않은 액션 인덱스(68) → 4로 보정
[Turn 9, Step 27] Agent: 영웅 능력 사용 -> Rexxar
[Turn 9, Step 28] Agent: 유효하지 않은 액션 인덱스(79) → 1로 보정
[Turn 9, Step 28] Agent: 공격 - Hemet, Jungle Hunter[6/3] -> Rexxar
[Turn 9, Step 29] Agent: 유효하지 않은 액션 인덱스(35) → 0로 보정
[Turn 9, Step 29] Agent: 턴 종료

[Turn 9] === Opponent's Turn ===
[Turn 9, Step 29] Opponent: 공격 - Squire[2/2] -> Hemet, Jungle Hunter
[Turn 9, Step 29] Opponent: 턴 종료

--- Game State (Turn 10, Step 30) ---
Agent: Jaina Proudmoore HP: 15, Mana: 10/10
  Hand (8): Frost Giant, Naga Corsair, Sewer Crawler, Subject 9, Kezan Mystic, Walnut Sprite, The Skeleton Knight, Supreme Abyssal
  Field: Hemet, Jungle Hunter[6/1], Drakonid Crusher[6/6]
Opponent: Rexxar HP: 15, Mana: 10/10
  Hand (8)
  Field: Dread Raven[7/5], Silver Hand Knight[4/4], Galvanizer[1/2]
[Turn 10, Step 30] Agent: 유효하지 않은 액션 인덱스(48) → 0로 보정
[Turn 10, Step 30] Agent: 턴 종료

[Turn 10] === Opponent's Turn ===
[Turn 10, Step 30] Opponent: 턴 종료
[Turn 10, Step 31] Agent: 유효하지 않은 액션 인덱스(87) → 12로 보정
[Turn 10, Step 31] Agent: 영웅 능력 사용 -> Dread Raven
[Turn 10, Step 32] Agent: 유효하지 않은 액션 인덱스(67) → 13로 보정
[Turn 10, Step 32] Agent: 공격 - Hemet, Jungle Hunter[6/1] -> Galvanizer
[Turn 10, Step 33] Agent: 유효하지 않은 액션 인덱스(16) → 3로 보정
[Turn 10, Step 33] Agent: 카드 플레이 - Sewer Crawler (코스트: 3)
[Turn 10, Step 34] Agent: 유효하지 않은 액션 인덱스(70) → 7로 보정
[Turn 10, Step 34] Agent: 공격 - Drakonid Crusher[6/6] -> Dread Raven

--- Game State (Turn 10, Step 35) ---
Agent: Jaina Proudmoore HP: 15, Mana: 5/10
  Hand (8): Frost Giant, Naga Corsair, Subject 9, Kezan Mystic, Walnut Sprite, The Skeleton Knight, Supreme Abyssal, Camouflaged Dirigible
  Field: Sewer Crawler[1/1], Giant Rat[2/3]
Opponent: Rexxar HP: 15, Mana: 10/10
  Hand (9)
  Field: Silver Hand Knight[4/4]
[Turn 10, Step 35] Agent: 유효하지 않은 액션 인덱스(82) → 4로 보정
[Turn 10, Step 35] Agent: 카드 플레이 - Kezan Mystic (코스트: 4)
[Turn 10, Step 36] Agent: 유효하지 않은 액션 인덱스(39) → 0로 보정
[Turn 10, Step 36] Agent: 턴 종료

[Turn 10] === Opponent's Turn ===
[Turn 10, Step 36] Opponent: 공격 - Silver Hand Knight[4/4] -> Sewer Crawler
[Turn 10, Step 36] Opponent: 카드 플레이 - Mo'arg Artificer (코스트: 2)
[Turn 10, Step 36] Opponent: 턴 종료
[Turn 10, Step 37] Agent: 유효하지 않은 액션 인덱스(85) → 1로 보정
[Turn 10, Step 37] Agent: 카드 플레이 - Frost Giant (코스트: 4)
[Turn 10, Step 38] Agent: 유효하지 않은 액션 인덱스(42) → 2로 보정
[Turn 10, Step 38] Agent: 카드 플레이 - Subject 9 (코스트: 5)
[Turn 10, Step 39] Agent: 유효하지 않은 액션 인덱스(12) → 5로 보정
[Turn 10, Step 39] Agent: 공격 - Kezan Mystic[4/3] -> Silver Hand Knight

--- Game State (Turn 10, Step 40) ---
Agent: Jaina Proudmoore HP: 15, Mana: 1/10
  Hand (6): Naga Corsair, Walnut Sprite, The Skeleton Knight, Supreme Abyssal, Camouflaged Dirigible, Abomination
  Field: Giant Rat[2/3], Frost Giant[8/8], Subject 9[4/4]
Opponent: Rexxar HP: 15, Mana: 8/10
  Hand (9)
  Field: Mo'arg Artificer[2/4]
[Turn 10, Step 40] Agent: 유효하지 않은 액션 인덱스(13) → 1로 보정
[Turn 10, Step 40] Agent: 공격 - Giant Rat[2/3] -> Rexxar
[Turn 10, Step 41] Agent: 유효하지 않은 액션 인덱스(88) → 0로 보정
[Turn 10, Step 41] Agent: 턴 종료

[Turn 10] === Opponent's Turn ===
[Turn 10, Step 41] Opponent: 턴 종료
[Turn 10, Step 42] Agent: 영웅 능력 사용 -> Rexxar
[Turn 10, Step 43] Agent: 유효하지 않은 액션 인덱스(43) → 1로 보정
[Turn 10, Step 43] Agent: 카드 플레이 - Naga Corsair (코스트: 4)
[Turn 10, Step 44] Agent: 유효하지 않은 액션 인덱스(81) → 1로 보정
[Turn 10, Step 44] Agent: 카드 플레이 - Walnut Sprite (코스트: 3)

--- Game State (Turn 10, Step 45) ---
Agent: Jaina Proudmoore HP: 15, Mana: 1/10
  Hand (6): The Skeleton Knight, Supreme Abyssal, Camouflaged Dirigible, Abomination, Blatant Decoy, Walnut Sprite
  Field: Giant Rat[2/3], Frost Giant[8/8], Subject 9[4/4], Naga Corsair[5/4], Walnut Sprite[3/3]
Opponent: Rexxar HP: 12, Mana: 10/10
  Hand (10)
  Field: Mo'arg Artificer[2/4]
[Turn 10, Step 45] Agent: 유효하지 않은 액션 인덱스(30) → 2로 보정
[Turn 10, Step 45] Agent: 공격 - Giant Rat[2/3] -> Mo'arg Artificer
[Turn 10, Step 46] Agent: 유효하지 않은 액션 인덱스(98) → 2로 보정
[Turn 10, Step 46] Agent: 공격 - Subject 9[4/4] -> Rexxar
[Turn 10, Step 47] Agent: 유효하지 않은 액션 인덱스(65) → 1로 보정
[Turn 10, Step 47] Agent: 공격 - Frost Giant[8/8] -> Rexxar

--- Game State (Turn 10, Step 48) ---
Agent: Jaina Proudmoore HP: 15, Mana: 1/10
  Hand (6): The Skeleton Knight, Supreme Abyssal, Camouflaged Dirigible, Abomination, Blatant Decoy, Walnut Sprite
  Field: Frost Giant[8/8], Subject 9[4/4], Naga Corsair[5/4], Walnut Sprite[3/3]
Opponent: Rexxar HP: 0, Mana: 10/10
  Hand (10)

============================================================
게임 종료 - Terminated: True, Truncated: False
승자: Agent
============================================================

