============================================================
NEW GAME STARTED
Agent: HERO_08 vs Opponent: HERO_05
Action Masking: ON
Masking Expected: ON
============================================================
[Turn 1, Step 0] Agent: 턴 종료

[Turn 1] === Opponent's Turn ===
[Turn 1, Step 0] Opponent: 카드 플레이 - Snowflipper Penguin (코스트: 0)
[Turn 1, Step 0] Opponent: 카드 플레이 - The Coin (코스트: 0)
[Turn 1, Step 0] Opponent: 카드 플레이 - Imprisoned Vilefiend (코스트: 2)
[Turn 1, Step 0] Opponent: 턴 종료
[Turn 2, Step 1] Agent: 턴 종료

[Turn 2] === Opponent's Turn ===
[Turn 2, Step 1] Opponent: 영웅 능력 사용
[Turn 2, Step 1] Opponent: 공격 - Snowflipper Penguin[1/1] -> Jaina Proudmoore
[Turn 2, Step 1] Opponent: 턴 종료
[Turn 3, Step 2] Agent: 카드 플레이 - Gilblin Stalker (코스트: 2)
[Turn 3, Step 3] Agent: 카드 플레이 - Jar Dealer (코스트: 1)
[Turn 3, Step 4] Agent: 턴 종료

[Turn 3] === Opponent's Turn ===
[Turn 3, Step 4] Opponent: 공격 - Snowflipper Penguin[1/1] -> Jaina Proudmoore
[Turn 3, Step 4] Opponent: 공격 - Imprisoned Vilefiend[3/5] -> Jar Dealer
[Turn 3, Step 4] Opponent: 카드 플레이 - Bearshark (코스트: 3)
[Turn 3, Step 4] Opponent: 턴 종료

--- Game State (Turn 4, Step 5) ---
Agent: Jaina Proudmoore HP: 26, Mana: 4/4
  Hand (6): Cursed Disciple, Scaled Nightmare, Jungle Panther, Ancient Brewmaster, Crimson Sigil Runner, Nerubian Egg
  Field: Gilblin Stalker[2/3]
Opponent: Rexxar HP: 30, Mana: 0/3
  Hand (4)
  Field: Snowflipper Penguin[1/1], Imprisoned Vilefiend[3/4], Bearshark[4/3]
[Turn 4, Step 5] Agent: 공격 - Gilblin Stalker[2/3] -> Bearshark
[Turn 4, Step 6] Agent: 카드 플레이 - Jungle Panther (코스트: 3)
[Turn 4, Step 7] Agent: 카드 플레이 - Crimson Sigil Runner (코스트: 1)
[Turn 4, Step 8] Agent: 턴 종료

[Turn 4] === Opponent's Turn ===
[Turn 4, Step 8] Opponent: 영웅 능력 사용
[Turn 4, Step 8] Opponent: 공격 - Snowflipper Penguin[1/1] -> Crimson Sigil Runner
[Turn 4, Step 8] Opponent: 공격 - Imprisoned Vilefiend[3/4] -> Jaina Proudmoore
[Turn 4, Step 8] Opponent: 공격 - Bearshark[4/1] -> Jaina Proudmoore
[Turn 4, Step 8] Opponent: 카드 플레이 - Southsea Deckhand (코스트: 1)
[Turn 4, Step 8] Opponent: 턴 종료
[Turn 5, Step 9] Agent: 영웅 능력 사용 -> Jungle Panther

--- Game State (Turn 5, Step 10) ---
Agent: Jaina Proudmoore HP: 17, Mana: 3/5
  Hand (5): Nightblade, Cursed Disciple, Scaled Nightmare, Ancient Brewmaster, Nerubian Egg
  Field: Jungle Panther[4/1]
Opponent: Rexxar HP: 30, Mana: 1/4
  Hand (4)
  Field: Imprisoned Vilefiend[3/4], Bearshark[4/1], Southsea Deckhand[2/1]
[Turn 5, Step 10] Agent: 턴 종료

[Turn 5] === Opponent's Turn ===
[Turn 5, Step 10] Opponent: 공격 - Southsea Deckhand[2/1] -> Jaina Proudmoore
[Turn 5, Step 10] Opponent: 카드 플레이 - Mind Control Tech (코스트: 3)
[Turn 5, Step 10] Opponent: 공격 - Imprisoned Vilefiend[3/4] -> Jaina Proudmoore
[Turn 5, Step 10] Opponent: 카드 플레이 - Injured Tol'vir (코스트: 2)
[Turn 5, Step 10] Opponent: 턴 종료
[Turn 6, Step 11] Agent: 영웅 능력 사용 -> Imprisoned Vilefiend
[Turn 6, Step 12] Agent: 공격 - Jungle Panther[4/1] -> Injured Tol'vir
[Turn 6, Step 13] Agent: 카드 플레이 - Cursed Disciple (코스트: 4)
[Turn 6, Step 14] Agent: 턴 종료

[Turn 6] === Opponent's Turn ===
[Turn 6, Step 14] Opponent: 영웅 능력 사용
[Turn 6, Step 14] Opponent: 공격 - Mind Control Tech[3/3] -> Cursed Disciple
[Turn 6, Step 14] Opponent: 공격 - Southsea Deckhand[2/1] -> Cursed Revenant
[Turn 6, Step 14] Opponent: 공격 - Imprisoned Vilefiend[3/3] -> Jaina Proudmoore
[Turn 6, Step 14] Opponent: 카드 플레이 - Clockwork Gnome (코스트: 1)
[Turn 6, Step 14] Opponent: 턴 종료

--- Game State (Turn 7, Step 15) ---
Agent: Jaina Proudmoore HP: 7, Mana: 7/7
  Hand (6): Nightblade, Scaled Nightmare, Ancient Brewmaster, Nerubian Egg, Hired Gun, Arcane Artificer
Opponent: Rexxar HP: 30, Mana: 3/6
  Hand (3)
  Field: Imprisoned Vilefiend[3/3], Bearshark[4/1], Clockwork Gnome[2/1]
[Turn 7, Step 15] Agent: 영웅 능력 사용 -> Jaina Proudmoore
[Turn 7, Step 16] Agent: 카드 플레이 - Nightblade (코스트: 5)
[Turn 7, Step 17] Agent: 턴 종료

[Turn 7] === Opponent's Turn ===
[Turn 7, Step 17] Opponent: 카드 플레이 - Mechanical Whelp (코스트: 6)
[Turn 7, Step 17] Opponent: 공격 - Imprisoned Vilefiend[3/3] -> Jaina Proudmoore
[Turn 7, Step 17] Opponent: 공격 - Clockwork Gnome[2/1] -> Jaina Proudmoore
[Turn 7, Step 17] Opponent: 공격 - Bearshark[4/1] -> Jaina Proudmoore

--- Game State (Turn 7, Step 18) ---
Agent: Jaina Proudmoore HP: 0, Mana: 0/7
  Hand (5): Scaled Nightmare, Ancient Brewmaster, Nerubian Egg, Hired Gun, Arcane Artificer
  Field: Nightblade[4/4]
Opponent: Rexxar HP: 27, Mana: 1/7
  Hand (3)
  Field: Imprisoned Vilefiend[3/3], Bearshark[4/1], Clockwork Gnome[2/1], Mechanical Whelp[2/2]

============================================================
게임 종료 - Terminated: True, Truncated: False
승자: Opponent
============================================================

