============================================================
NEW GAME STARTED
Agent: HERO_08 vs Opponent: HERO_05
Action Masking: OFF
Masking Expected: OFF
============================================================
[Turn 1, Step 0] Agent: 턴 종료

[Turn 1] === Opponent's Turn ===
[Turn 1, Step 0] Opponent: 카드 플레이 - The Coin (코스트: 0)
[Turn 1, Step 0] Opponent: 턴 종료
[Turn 2, Step 1] Agent: 카드 플레이 - Plated Beetle (코스트: 2)
[Turn 2, Step 2] Agent: 턴 종료

[Turn 2] === Opponent's Turn ===
[Turn 2, Step 2] Opponent: 영웅 능력 사용
[Turn 2, Step 2] Opponent: 턴 종료
[Turn 3, Step 3] Agent: 카드 플레이 - EVIL Cable Rat (코스트: 2)
[Turn 3, Step 4] Agent: 카드 플레이 - Ethereal Lackey (코스트: 1)

--- Game State (Turn 3, Step 5) ---
Agent: Jaina Proudmoore HP: 28, Mana: 0/3
  Hand (4): Waterboy, Moat Lurker, Scavenging Shivarra, Darkspeaker
  Field: Plated Beetle[2/3], EVIL Cable Rat[1/1], Ethereal Lackey[1/1]
Opponent: Rexxar HP: 30, Mana: 0/2
  Hand (6)
[Turn 3, Step 5] Agent: 선택 - Dragon's Fury
[Turn 3, Step 5] Agent: 턴 종료

[Turn 3] === Opponent's Turn ===
[Turn 3, Step 5] Opponent: 카드 플레이 - Ironforge Rifleman -> Rexxar (코스트: 3)
[Turn 3, Step 5] Opponent: 턴 종료
[Turn 4, Step 6] Agent: 카드 플레이 - Waterboy (코스트: 2)
[Turn 4, Step 7] Agent: 영웅 능력 사용 -> Jaina Proudmoore
[Turn 4, Step 8] Agent: 공격 - Plated Beetle[2/3] -> Rexxar
[Turn 4, Step 9] Agent: 공격 - EVIL Cable Rat[1/1] -> Rexxar

--- Game State (Turn 4, Step 10) ---
Agent: Jaina Proudmoore HP: 27, Mana: 2/4
  Hand (5): Moat Lurker, Scavenging Shivarra, Darkspeaker, Dragon's Fury, Hailbringer
  Field: Plated Beetle[2/3], EVIL Cable Rat[1/1], Ethereal Lackey[1/1], Waterboy[2/1]
Opponent: Rexxar HP: 26, Mana: 0/3
  Hand (6)
  Field: Ironforge Rifleman[2/2]
[Turn 4, Step 10] Agent: 공격 - Ethereal Lackey[1/1] -> Rexxar
[Turn 4, Step 11] Agent: 턴 종료

[Turn 4] === Opponent's Turn ===
[Turn 4, Step 11] Opponent: 카드 플레이 - Imprisoned Vilefiend (코스트: 2)
[Turn 4, Step 11] Opponent: 카드 플레이 - Toxic Arrow -> Plated Beetle (코스트: 2)
[Turn 4, Step 11] Opponent: 공격 - Ironforge Rifleman[2/2] -> Ethereal Lackey
[Turn 4, Step 11] Opponent: 턴 종료
[Turn 5, Step 12] Agent: 카드 플레이 - Darkspeaker -> Plated Beetle (코스트: 5)
[Turn 5, Step 13] Agent: 공격 - Plated Beetle[3/6] -> Rexxar
[Turn 5, Step 14] Agent: 공격 - EVIL Cable Rat[1/1] -> Rexxar

--- Game State (Turn 5, Step 15) ---
Agent: Jaina Proudmoore HP: 27, Mana: 0/5
  Hand (5): Moat Lurker, Scavenging Shivarra, Dragon's Fury, Hailbringer, Phantom Militia
  Field: Plated Beetle[3/6], EVIL Cable Rat[1/1], Waterboy[2/1], Darkspeaker[2/1]
Opponent: Rexxar HP: 21, Mana: 0/4
  Hand (5)
  Field: Ironforge Rifleman[2/1], Imprisoned Vilefiend[3/5]
[Turn 5, Step 15] Agent: 공격 - Waterboy[2/1] -> Rexxar
[Turn 5, Step 16] Agent: 턴 종료

[Turn 5] === Opponent's Turn ===
[Turn 5, Step 16] Opponent: 카드 플레이 - Darkscale Healer (코스트: 5)
[Turn 5, Step 16] Opponent: 공격 - Ironforge Rifleman[2/2] -> EVIL Cable Rat
[Turn 5, Step 16] Opponent: 턴 종료
[Turn 6, Step 17] Agent: 카드 플레이 - Moat Lurker -> Plated Beetle (코스트: 6)
[Turn 6, Step 18] Agent: 공격 - Waterboy[2/1] -> Rexxar
[Turn 6, Step 19] Agent: 공격 - Darkspeaker[2/1] -> Rexxar

--- Game State (Turn 6, Step 20) ---
Agent: Jaina Proudmoore HP: 27, Mana: 0/6
  Hand (5): Scavenging Shivarra, Dragon's Fury, Hailbringer, Phantom Militia, Eldritch Horror
  Field: Waterboy[2/1], Darkspeaker[2/1], Moat Lurker[3/3]
Opponent: Rexxar HP: 17, Mana: 0/5
  Hand (5)
  Field: Ironforge Rifleman[2/1], Imprisoned Vilefiend[3/5], Darkscale Healer[4/5]
[Turn 6, Step 20] Agent: 턴 종료

[Turn 6] === Opponent's Turn ===
[Turn 6, Step 20] Opponent: 카드 플레이 - Armored Warhorse (코스트: 4)
[Turn 6, Step 20] Opponent: 공격 - Ironforge Rifleman[2/1] -> Waterboy
[Turn 6, Step 20] Opponent: 공격 - Darkscale Healer[4/5] -> Moat Lurker
[Turn 6, Step 20] Opponent: 카드 플레이 - Boneguard Lieutenant (코스트: 2)
[Turn 6, Step 20] Opponent: 턴 종료
[Turn 7, Step 21] Agent: 카드 플레이 - Razorfen Hunter (코스트: 3)
[Turn 7, Step 22] Agent: 카드 플레이 - Phantom Militia (코스트: 3)
[Turn 7, Step 23] Agent: 공격 - Darkspeaker[2/1] -> Rexxar
[Turn 7, Step 24] Agent: 공격 - Plated Beetle[2/3] -> Rexxar

--- Game State (Turn 7, Step 25) ---
Agent: Jaina Proudmoore HP: 27, Mana: 1/7
  Hand (5): Scavenging Shivarra, Dragon's Fury, Hailbringer, Eldritch Horror, Phantom Militia
  Field: Darkspeaker[2/1], Plated Beetle[2/3], Razorfen Hunter[2/3], Boar[1/1], Phantom Militia[2/4]
Opponent: Rexxar HP: 13, Mana: 0/6
  Hand (4)
  Field: Imprisoned Vilefiend[3/5], Darkscale Healer[4/2], Armored Warhorse[5/3], Boneguard Lieutenant[3/2]
[Turn 7, Step 25] Agent: 턴 종료

[Turn 7] === Opponent's Turn ===
[Turn 7, Step 25] Opponent: 카드 플레이 - Tournament Medic (코스트: 4)
[Turn 7, Step 25] Opponent: 영웅 능력 사용
[Turn 7, Step 25] Opponent: 공격 - Armored Warhorse[5/3] -> Phantom Militia
[Turn 7, Step 25] Opponent: 공격 - Imprisoned Vilefiend[3/5] -> Darkspeaker
[Turn 7, Step 25] Opponent: 공격 - Boneguard Lieutenant[3/3] -> Jaina Proudmoore
[Turn 7, Step 25] Opponent: 공격 - Darkscale Healer[4/2] -> Jaina Proudmoore
[Turn 7, Step 25] Opponent: 턴 종료
[Turn 8, Step 26] Agent: 공격 - Boar[1/1] -> Imprisoned Vilefiend
[Turn 8, Step 27] Agent: 카드 플레이 - Scavenging Shivarra (코스트: 6)
[Turn 8, Step 28] Agent: 영웅 능력 사용 -> Jaina Proudmoore
[Turn 8, Step 29] Agent: 공격 - Plated Beetle[2/2] -> Rexxar

--- Game State (Turn 8, Step 30) ---
Agent: Jaina Proudmoore HP: 20, Mana: 0/8
  Hand (4): Dragon's Fury, Hailbringer, Eldritch Horror, Hoarding Dragon
  Field: Plated Beetle[2/2], Razorfen Hunter[2/3], Scavenging Shivarra[6/3]
Opponent: Rexxar HP: 13, Mana: 1/7
  Hand (4)
  Field: Imprisoned Vilefiend[3/2], Darkscale Healer[4/1], Boneguard Lieutenant[3/3], Tournament Medic[1/7]
[Turn 8, Step 30] Agent: 공격 - Razorfen Hunter[2/3] -> Rexxar
[Turn 8, Step 31] Agent: 턴 종료

[Turn 8] === Opponent's Turn ===
[Turn 8, Step 31] Opponent: 공격 - Imprisoned Vilefiend[3/2] -> Jaina Proudmoore
[Turn 8, Step 31] Opponent: 공격 - Tournament Medic[1/7] -> Razorfen Hunter
[Turn 8, Step 31] Opponent: 카드 플레이 - Skulking Geist (코스트: 6)
[Turn 8, Step 31] Opponent: 영웅 능력 사용
[Turn 8, Step 31] Opponent: 공격 - Darkscale Healer[4/1] -> Scavenging Shivarra
[Turn 8, Step 31] Opponent: 공격 - Boneguard Lieutenant[3/4] -> Jaina Proudmoore
[Turn 8, Step 31] Opponent: 턴 종료
[Turn 9, Step 32] Agent: 카드 플레이 - Dragon's Fury (코스트: 5)
[Turn 9, Step 33] Agent: 카드 플레이 - Hoarding Dragon (코스트: 4)
[Turn 9, Step 34] Agent: 턴 종료

[Turn 9] === Opponent's Turn ===
[Turn 9, Step 34] Opponent: 공격 - Tournament Medic[1/1] -> Hoarding Dragon
[Turn 9, Step 34] Opponent: 카드 플레이 - Beastmaster Leoroxx (코스트: 8)
[Turn 9, Step 34] Opponent: 공격 - Skulking Geist[4/2] -> Jaina Proudmoore
[Turn 9, Step 34] Opponent: 턴 종료

--- Game State (Turn 10, Step 35) ---
Agent: Jaina Proudmoore HP: 11, Mana: 10/10
  Hand (4): Hailbringer, Eldritch Horror, Blistering Rot, Dark Iron Dwarf
  Field: Hoarding Dragon[5/5]
Opponent: Rexxar HP: 13, Mana: 1/9
  Hand (3)
  Field: Skulking Geist[4/2], Beastmaster Leoroxx[5/5], Knuckles[3/7]
[Turn 10, Step 35] Agent: 카드 플레이 - Hailbringer (코스트: 5)
[Turn 10, Step 36] Agent: 카드 플레이 - Blistering Rot (코스트: 3)
[Turn 10, Step 37] Agent: 영웅 능력 사용 -> Jaina Proudmoore
[Turn 10, Step 38] Agent: 공격 - Hoarding Dragon[5/5] -> Rexxar
[Turn 10, Step 39] Agent: 턴 종료

[Turn 10] === Opponent's Turn ===
[Turn 10, Step 39] Opponent: 공격 - Knuckles[3/7] -> Living Rot
[Turn 10, Step 39] Opponent: 공격 - Beastmaster Leoroxx[5/5] -> Ice Shard
[Turn 10, Step 39] Opponent: 공격 - Skulking Geist[4/2] -> Jaina Proudmoore
[Turn 10, Step 39] Opponent: 카드 플레이 - Lesser Emerald Spellstone (코스트: 5)
[Turn 10, Step 39] Opponent: 카드 플레이 - Spark Engine (코스트: 2)
[Turn 10, Step 39] Opponent: 카드 플레이 - Spark (코스트: 1)
[Turn 10, Step 39] Opponent: 공격 - Spark[1/1] -> Hailbringer
[Turn 10, Step 39] Opponent: 영웅 능력 사용
[Turn 10, Step 39] Opponent: 턴 종료

--- Game State (Turn 10, Step 40) ---
Agent: Jaina Proudmoore HP: 1, Mana: 10/10
  Hand (3): Eldritch Horror, Dark Iron Dwarf, Mindbreaker
  Field: Hoarding Dragon[5/5], Hailbringer[3/3], Ice Shard[1/1], Blistering Rot[1/2]
Opponent: Rexxar HP: 8, Mana: 0/10
  Hand (2)
  Field: Skulking Geist[4/2], Beastmaster Leoroxx[5/4], Knuckles[3/6], Wolf[3/3], Wolf[3/3], Spark Engine[2/1]
[Turn 10, Step 40] Agent: 공격 - Hailbringer[3/3] -> Spark Engine
[Turn 10, Step 41] Agent: 공격 - Blistering Rot[1/2] -> Knuckles
[Turn 10, Step 42] Agent: 공격 - Ice Shard[1/1] -> Beastmaster Leoroxx
[Turn 10, Step 43] Agent: 카드 플레이 - Eldritch Horror (코스트: 8)
[Turn 10, Step 44] Agent: 영웅 능력 사용 -> Jaina Proudmoore

--- Game State (Turn 10, Step 45) ---
Agent: Jaina Proudmoore HP: 0, Mana: 0/10
  Hand (2): Dark Iron Dwarf, Mindbreaker
  Field: Hoarding Dragon[5/5], Hailbringer[3/1], Eldritch Horror[6/10]
Opponent: Rexxar HP: 8, Mana: 0/10
  Hand (2)
  Field: Skulking Geist[4/2], Beastmaster Leoroxx[5/3], Knuckles[3/5], Wolf[3/3], Wolf[3/3]

--- Game State (Turn 10, Step 45) ---
Agent: Jaina Proudmoore HP: 0, Mana: 0/10
  Hand (2): Dark Iron Dwarf, Mindbreaker
  Field: Hoarding Dragon[5/5], Hailbringer[3/1], Eldritch Horror[6/10]
Opponent: Rexxar HP: 8, Mana: 0/10
  Hand (2)
  Field: Skulking Geist[4/2], Beastmaster Leoroxx[5/3], Knuckles[3/5], Wolf[3/3], Wolf[3/3]

============================================================
게임 종료 - Terminated: True, Truncated: False
승자: Opponent
============================================================

