============================================================
NEW GAME STARTED
Agent: HERO_08 vs Opponent: HERO_05
Action Masking: ON
Masking Expected: ON
============================================================
[Turn 1, Step 0] Agent: 카드 플레이 - Hungry Crab (코스트: 1)
[Turn 1, Step 1] Agent: 턴 종료

[Turn 1] === Opponent's Turn ===
[Turn 1, Step 1] Opponent: 카드 플레이 - The Coin (코스트: 0)
[Turn 1, Step 1] Opponent: 카드 플레이 - Southsea Deckhand (코스트: 1)
[Turn 1, Step 1] Opponent: 턴 종료
[Turn 2, Step 2] Agent: 영웅 능력 사용 -> Rexxar
[Turn 2, Step 3] Agent: 턴 종료

[Turn 2] === Opponent's Turn ===
[Turn 2, Step 3] Opponent: 카드 플레이 - Weasel Tunneler (코스트: 1)
[Turn 2, Step 3] Opponent: 공격 - Southsea Deckhand[2/1] -> Jaina Proudmoore
[Turn 2, Step 3] Opponent: 턴 종료
[Turn 3, Step 4] Agent: 카드 플레이 - Spider Tank (코스트: 3)

--- Game State (Turn 3, Step 5) ---
Agent: Jaina Proudmoore HP: 28, Mana: 0/3
  Hand (4): The Darkness, Blood of The Ancient One, Emerald Reaver, Lorewalker Cho
  Field: Hungry Crab[1/2], Spider Tank[3/4]
Opponent: Rexxar HP: 29, Mana: 1/2
  Hand (4)
  Field: Southsea Deckhand[2/1], Weasel Tunneler[1/1]
[Turn 3, Step 5] Agent: 공격 - Hungry Crab[1/2] -> Southsea Deckhand
[Turn 3, Step 6] Agent: 턴 종료

[Turn 3] === Opponent's Turn ===
[Turn 3, Step 6] Opponent: 공격 - Weasel Tunneler[1/1] -> Jaina Proudmoore
[Turn 3, Step 6] Opponent: 턴 종료
[Turn 4, Step 7] Agent: 영웅 능력 사용 -> Jaina Proudmoore
[Turn 4, Step 8] Agent: 카드 플레이 - Lorewalker Cho (코스트: 2)
[Turn 4, Step 9] Agent: 공격 - Spider Tank[3/4] -> Weasel Tunneler

--- Game State (Turn 4, Step 10) ---
Agent: Jaina Proudmoore HP: 26, Mana: 0/4
  Hand (4): The Darkness, Blood of The Ancient One, Emerald Reaver, Unpowered Mauler
  Field: Spider Tank[3/3], Lorewalker Cho[0/4]
Opponent: Rexxar HP: 29, Mana: 3/3
  Hand (5)
[Turn 4, Step 10] Agent: 턴 종료

[Turn 4] === Opponent's Turn ===
[Turn 4, Step 10] Opponent: 카드 플레이 - Fjola Lightbane (코스트: 3)
[Turn 4, Step 10] Opponent: 턴 종료
[Turn 5, Step 11] Agent: 카드 플레이 - Unpowered Mauler (코스트: 2)
[Turn 5, Step 12] Agent: 영웅 능력 사용 -> Rexxar
[Turn 5, Step 13] Agent: 공격 - Spider Tank[3/3] -> Rexxar
[Turn 5, Step 14] Agent: 카드 플레이 - Emerald Reaver (코스트: 1)

--- Game State (Turn 5, Step 15) ---
Agent: Jaina Proudmoore HP: 25, Mana: 0/5
  Hand (3): The Darkness, Blood of The Ancient One, Vaporize
  Field: Spider Tank[3/3], Lorewalker Cho[0/4], Unpowered Mauler[2/4], Emerald Reaver[2/1]
Opponent: Rexxar HP: 24, Mana: 1/4
  Hand (5)
  Field: Fjola Lightbane[3/4]
[Turn 5, Step 15] Agent: 턴 종료

[Turn 5] === Opponent's Turn ===
[Turn 5, Step 15] Opponent: 카드 플레이 - Darkscale Healer (코스트: 5)
[Turn 5, Step 15] Opponent: 공격 - Fjola Lightbane[3/4] -> Spider Tank
[Turn 5, Step 15] Opponent: 턴 종료
[Turn 6, Step 16] Agent: 카드 플레이 - Ice Lance -> Jaina Proudmoore (코스트: 1)
[Turn 6, Step 17] Agent: 공격 - Emerald Reaver[2/1] -> Darkscale Healer
[Turn 6, Step 18] Agent: 영웅 능력 사용 -> Fjola Lightbane
[Turn 6, Step 19] Agent: 카드 플레이 - Vaporize (코스트: 3)

--- Game State (Turn 6, Step 20) ---
Agent: Jaina Proudmoore HP: 25, Mana: 0/6
  Hand (2): The Darkness, Blood of The Ancient One
  Field: Lorewalker Cho[0/4], Unpowered Mauler[2/4]
Opponent: Rexxar HP: 26, Mana: 0/5
  Hand (7)
  Field: Darkscale Healer[4/3]
[Turn 6, Step 20] Agent: 공격 - Unpowered Mauler[2/4] -> Rexxar
[Turn 6, Step 21] Agent: 턴 종료

[Turn 6] === Opponent's Turn ===
[Turn 6, Step 21] Opponent: 카드 플레이 - Big Ol' Whelp (코스트: 5)
[Turn 6, Step 21] Opponent: 카드 플레이 - Ice Lance -> Lorewalker Cho (코스트: 1)
[Turn 6, Step 21] Opponent: 공격 - Darkscale Healer[4/3] -> Lorewalker Cho
[Turn 6, Step 21] Opponent: 턴 종료
[Turn 7, Step 22] Agent: 영웅 능력 사용 -> Darkscale Healer
[Turn 7, Step 23] Agent: 카드 플레이 - Lesser Ruby Spellstone (코스트: 2)
[Turn 7, Step 24] Agent: 카드 플레이 - Ice Lance -> Unpowered Mauler (코스트: 1)

--- Game State (Turn 7, Step 25) ---
Agent: Jaina Proudmoore HP: 25, Mana: 2/7
  Hand (3): The Darkness, Blood of The Ancient One, Flame Ward
  Field: Unpowered Mauler[2/4]
Opponent: Rexxar HP: 24, Mana: 0/6
  Hand (7)
  Field: Darkscale Healer[4/2], Big Ol' Whelp[5/5]
[Turn 7, Step 25] Agent: 턴 종료

[Turn 7] === Opponent's Turn ===
[Turn 7, Step 25] Opponent: 카드 플레이 - Vaporize (코스트: 3)
[Turn 7, Step 25] Opponent: 카드 플레이 - Hench-Clan Sneak (코스트: 3)
[Turn 7, Step 25] Opponent: 공격 - Big Ol' Whelp[5/5] -> Jaina Proudmoore
[Turn 7, Step 25] Opponent: 공격 - Darkscale Healer[4/2] -> Unpowered Mauler
[Turn 7, Step 25] Opponent: 턴 종료
[Turn 8, Step 26] Agent: 영웅 능력 사용 -> Rexxar
[Turn 8, Step 27] Agent: 카드 플레이 - Mechwarper (코스트: 2)
[Turn 8, Step 28] Agent: 카드 플레이 - The Darkness (코스트: 4)
[Turn 8, Step 29] Agent: 턴 종료

[Turn 8] === Opponent's Turn ===
[Turn 8, Step 29] Opponent: 카드 플레이 - Elite Tauren Chieftain (코스트: 5)
[Turn 8, Step 29] Opponent: 카드 플레이 - Spider Bomb (코스트: 3)
[Turn 8, Step 29] Opponent: 공격 - Hench-Clan Sneak[3/3] -> Jaina Proudmoore
[Turn 8, Step 29] Opponent: 턴 종료

--- Game State (Turn 9, Step 30) ---
Agent: Jaina Proudmoore HP: 22, Mana: 9/9
  Hand (4): Blood of The Ancient One, Flame Ward, Power of the Horde, Recruiter
  Field: Mechwarper[2/3], The Darkness[20/20]
Opponent: Rexxar HP: 23, Mana: 0/8
  Hand (6)
  Field: Hench-Clan Sneak[3/3], Elite Tauren Chieftain[5/5], Spider Bomb[2/2]
[Turn 9, Step 30] Agent: 영웅 능력 사용 -> Spider Bomb
[Turn 9, Step 31] Agent: 카드 플레이 - Power of the Horde (코스트: 4)
[Turn 9, Step 32] Agent: 공격 - Mechwarper[2/3] -> Elite Tauren Chieftain
[Turn 9, Step 33] Agent: 턴 종료

[Turn 9] === Opponent's Turn ===
[Turn 9, Step 33] Opponent: 카드 플레이 - Gilnean Royal Guard (코스트: 8)
[Turn 9, Step 33] Opponent: 카드 플레이 - On the Hunt -> Spider Bomb (코스트: 1)
[Turn 9, Step 33] Opponent: 공격 - Hench-Clan Sneak[3/3] -> Jaina Proudmoore
[Turn 9, Step 33] Opponent: 공격 - Elite Tauren Chieftain[5/3] -> Jaina Proudmoore
[Turn 9, Step 33] Opponent: 턴 종료
[Turn 10, Step 34] Agent: 카드 플레이 - Flame Ward (코스트: 3)

--- Game State (Turn 10, Step 35) ---
Agent: Jaina Proudmoore HP: 14, Mana: 7/10
  Hand (3): Blood of The Ancient One, Recruiter, Cryomancer
  Field: The Darkness[20/20]
Opponent: Rexxar HP: 23, Mana: 0/9
  Hand (5)
  Field: Hench-Clan Sneak[3/3], Elite Tauren Chieftain[5/3], Gilnean Royal Guard[8/3], Mastiff[1/1]
[Turn 10, Step 35] Agent: 영웅 능력 사용 -> Hench-Clan Sneak
[Turn 10, Step 36] Agent: 카드 플레이 - Cryomancer (코스트: 5)
[Turn 10, Step 37] Agent: 턴 종료

[Turn 10] === Opponent's Turn ===
[Turn 10, Step 37] Opponent: 카드 플레이 - Booty Bay Bodyguard (코스트: 5)
[Turn 10, Step 37] Opponent: 공격 - Gilnean Royal Guard[8/3] -> Cryomancer
[Turn 10, Step 37] Opponent: 카드 플레이 - Rogues Do It... -> Booty Bay Bodyguard (코스트: 4)
[Turn 10, Step 37] Opponent: 공격 - Hench-Clan Sneak[3/2] -> Jaina Proudmoore
[Turn 10, Step 37] Opponent: 턴 종료
[Turn 10, Step 38] Agent: 카드 플레이 - Blood of The Ancient One (코스트: 9)
[Turn 10, Step 39] Agent: 카드 플레이 - Weasel Tunneler (코스트: 1)

--- Game State (Turn 10, Step 40) ---
Agent: Jaina Proudmoore HP: 11, Mana: 0/10
  Hand (1): Recruiter
  Field: The Darkness[20/20], Blood of The Ancient One[9/9], Weasel Tunneler[1/1]
Opponent: Rexxar HP: 23, Mana: 1/10
  Hand (5)
[Turn 10, Step 40] Agent: 턴 종료

[Turn 10] === Opponent's Turn ===
[Turn 10, Step 40] Opponent: 카드 플레이 - Hemet Nesingwary -> Weasel Tunneler (코스트: 5)
[Turn 10, Step 40] Opponent: 카드 플레이 - Doppelgangster (코스트: 5)
[Turn 10, Step 40] Opponent: 턴 종료
[Turn 10, Step 41] Agent: 공격 - Blood of The Ancient One[9/9] -> Doppelgangster
[Turn 10, Step 42] Agent: 카드 플레이 - Hoard Pillager (코스트: 4)
[Turn 10, Step 43] Agent: 카드 플레이 - Recruiter (코스트: 5)
[Turn 10, Step 44] Agent: 턴 종료

[Turn 10] === Opponent's Turn ===
[Turn 10, Step 44] Opponent: 공격 - Doppelgangster[2/2] -> Jaina Proudmoore
[Turn 10, Step 44] Opponent: 턴 종료

--- Game State (Turn 10, Step 45) ---
Agent: Jaina Proudmoore HP: 9, Mana: 10/10
  Hand (1): Dancing Swords
  Field: The Darkness[20/20], Blood of The Ancient One[9/7], Hoard Pillager[4/2], Recruiter[5/4]
Opponent: Rexxar HP: 23, Mana: 10/10
  Hand (5)
[Turn 10, Step 45] Agent: 영웅 능력 사용 -> Rexxar
[Turn 10, Step 46] Agent: 카드 플레이 - Dancing Swords (코스트: 3)
[Turn 10, Step 47] Agent: 공격 - Blood of The Ancient One[9/7] -> Rexxar
[Turn 10, Step 48] Agent: 카드 플레이 - Squire (코스트: 1)
[Turn 10, Step 49] Agent: 공격 - Recruiter[5/4] -> Rexxar

--- Game State (Turn 10, Step 50) ---
Agent: Jaina Proudmoore HP: 9, Mana: 4/10
  Hand (0): 
  Field: The Darkness[20/20], Hoard Pillager[4/2], Recruiter[5/4], Dancing Swords[4/4], Squire[2/2]
Opponent: Rexxar HP: 17, Mana: 10/10
  Hand (5)
[Turn 10, Step 50] Agent: 공격 - Hoard Pillager[4/2] -> Rexxar
[Turn 10, Step 51] Agent: 턴 종료

[Turn 10] === Opponent's Turn ===
[Turn 10, Step 51] Opponent: 카드 플레이 - Hench-Clan Hag (코스트: 4)
[Turn 10, Step 51] Opponent: 카드 플레이 - Spellshifter (코스트: 2)
[Turn 10, Step 51] Opponent: 카드 플레이 - Faceless Shambler -> Amalgam (코스트: 4)
[Turn 10, Step 51] Opponent: 턴 종료
[Turn 10, Step 52] Agent: 영웅 능력 사용 -> Rexxar
[Turn 10, Step 53] Agent: 공격 - Recruiter[5/4] -> Faceless Shambler
[Turn 10, Step 54] Agent: 공격 - Squire[2/2] -> Spellshifter

--- Game State (Turn 10, Step 55) ---
Agent: Jaina Proudmoore HP: 9, Mana: 8/10
  Hand (2): Fungalmancer, Squire
  Field: The Darkness[20/20], Hoard Pillager[4/2], Recruiter[5/3], Dancing Swords[4/4]
Opponent: Rexxar HP: 12, Mana: 0/10
  Hand (3)
  Field: Amalgam[1/1], Hench-Clan Hag[3/3], Amalgam[1/1]
[Turn 10, Step 55] Agent: 카드 플레이 - Fungalmancer (코스트: 5)
[Turn 10, Step 56] Agent: 카드 플레이 - Squire (코스트: 1)
[Turn 10, Step 57] Agent: 공격 - Hoard Pillager[4/2] -> Rexxar
[Turn 10, Step 58] Agent: 공격 - Dancing Swords[6/6] -> Amalgam
[Turn 10, Step 59] Agent: 턴 종료

[Turn 10] === Opponent's Turn ===
[Turn 10, Step 59] Opponent: 공격 - Amalgam[1/1] -> Hoard Pillager
[Turn 10, Step 59] Opponent: 카드 플레이 - Silver Hand Regent (코스트: 3)
[Turn 10, Step 59] Opponent: 영웅 능력 사용
[Turn 10, Step 59] Opponent: 공격 - Hench-Clan Hag[3/3] -> Hoard Pillager
[Turn 10, Step 59] Opponent: 턴 종료

--- Game State (Turn 10, Step 60) ---
Agent: Jaina Proudmoore HP: 7, Mana: 10/10
  Hand (1): Gurubashi Berserker
  Field: The Darkness[20/20], Recruiter[5/3], Dancing Swords[6/5], Fungalmancer[2/2], Squire[2/2]
Opponent: Rexxar HP: 8, Mana: 5/10
  Hand (3)
  Field: Silver Hand Regent[3/3], Silver Hand Recruit[1/1]
[Turn 10, Step 60] Agent: 영웅 능력 사용 -> Squire
[Turn 10, Step 61] Agent: 공격 - Recruiter[5/3] -> Silver Hand Regent
[Turn 10, Step 62] Agent: 공격 - Fungalmancer[2/2] -> Rexxar
[Turn 10, Step 63] Agent: 공격 - Dancing Swords[6/5] -> Silver Hand Recruit
[Turn 10, Step 64] Agent: 카드 플레이 - Gurubashi Berserker (코스트: 5)

--- Game State (Turn 10, Step 65) ---
Agent: Jaina Proudmoore HP: 7, Mana: 3/10
  Hand (1): Squire
  Field: The Darkness[20/20], Dancing Swords[6/4], Fungalmancer[2/2], Squire[2/1], Gurubashi Berserker[2/7]
Opponent: Rexxar HP: 6, Mana: 5/10
  Hand (3)
[Turn 10, Step 65] Agent: 턴 종료

[Turn 10] === Opponent's Turn ===
[Turn 10, Step 65] Opponent: 영웅 능력 사용
[Turn 10, Step 65] Opponent: 카드 플레이 - Weasel Tunneler (코스트: 1)
[Turn 10, Step 65] Opponent: 공격 - Weasel Tunneler[1/1] -> Jaina Proudmoore
[Turn 10, Step 65] Opponent: 카드 플레이 - Sideshow Spelleater (코스트: 6)
[Turn 10, Step 65] Opponent: 턴 종료
[Turn 10, Step 66] Agent: 카드 플레이 - Alexstrasza -> Rexxar (코스트: 9)
[Turn 10, Step 67] Agent: 턴 종료

[Turn 10] === Opponent's Turn ===
[Turn 10, Step 67] Opponent: 영웅 능력 사용 -> Rexxar
[Turn 10, Step 67] Opponent: 공격 - Sideshow Spelleater[6/5] -> Fungalmancer
[Turn 10, Step 67] Opponent: 카드 플레이 - Coldlight Oracle (코스트: 3)
[Turn 10, Step 67] Opponent: 턴 종료
[Turn 10, Step 68] Agent: 카드 플레이 - Squire (코스트: 1)
[Turn 10, Step 69] Agent: 카드 플레이 - Quicksand Elemental (코스트: 2)

--- Game State (Turn 10, Step 70) ---
Agent: Jaina Proudmoore HP: 4, Mana: 7/10
  Hand (2): Kobold Sandtrooper, Keening Banshee
  Field: The Darkness[20/20], Dancing Swords[6/4], Squire[2/1], Gurubashi Berserker[2/7], Alexstrasza[8/8], Squire[2/2], Quicksand Elemental[3/2]
Opponent: Rexxar HP: 14, Mana: 5/10
  Hand (4)
  Field: Sideshow Spelleater[4/3], Coldlight Oracle[0/2]
[Turn 10, Step 70] Agent: 영웅 능력 사용 -> Alexstrasza
[Turn 10, Step 71] Agent: 공격 - Dancing Swords[6/4] -> Rexxar
[Turn 10, Step 72] Agent: 공격 - Gurubashi Berserker[2/7] -> Sideshow Spelleater
[Turn 10, Step 73] Agent: 공격 - Squire[2/1] -> Coldlight Oracle
[Turn 10, Step 74] Agent: 공격 - Alexstrasza[8/7] -> Sideshow Spelleater

--- Game State (Turn 10, Step 75) ---
Agent: Jaina Proudmoore HP: 4, Mana: 5/10
  Hand (2): Kobold Sandtrooper, Keening Banshee
  Field: The Darkness[20/20], Dancing Swords[6/4], Squire[2/1], Gurubashi Berserker[5/3], Alexstrasza[8/3], Squire[2/2], Quicksand Elemental[3/2]
Opponent: Rexxar HP: 8, Mana: 5/10
  Hand (4)
[Turn 10, Step 75] Agent: 턴 종료

[Turn 10] === Opponent's Turn ===
[Turn 10, Step 75] Opponent: 영웅 능력 사용 -> Jaina Proudmoore
[Turn 10, Step 75] Opponent: 카드 플레이 - Barrens Stablehand (코스트: 7)
[Turn 10, Step 75] Opponent: 공격 - Diving Gryphon[4/1] -> Squire
[Turn 10, Step 75] Opponent: 턴 종료
[Turn 10, Step 76] Agent: 영웅 능력 사용 -> Barrens Stablehand
[Turn 10, Step 77] Agent: 카드 플레이 - Keening Banshee (코스트: 4)
[Turn 10, Step 78] Agent: 공격 - Dancing Swords[6/4] -> Rexxar
[Turn 10, Step 79] Agent: 공격 - Gurubashi Berserker[5/3] -> Barrens Stablehand

--- Game State (Turn 10, Step 80) ---
Agent: Jaina Proudmoore HP: 3, Mana: 4/10
  Hand (2): Salty Dog, Kobold Sandtrooper
  Field: The Darkness[20/20], Dancing Swords[6/4], Alexstrasza[8/3], Squire[2/2], Quicksand Elemental[3/2], Keening Banshee[5/5]
Opponent: Rexxar HP: 2, Mana: 1/10
  Hand (4)
[Turn 10, Step 80] Agent: 공격 - Quicksand Elemental[3/2] -> Rexxar

--- Game State (Turn 10, Step 81) ---
Agent: Jaina Proudmoore HP: 3, Mana: 4/10
  Hand (2): Salty Dog, Kobold Sandtrooper
  Field: The Darkness[20/20], Dancing Swords[6/4], Alexstrasza[8/3], Squire[2/2], Quicksand Elemental[3/2], Keening Banshee[5/5]
Opponent: Rexxar HP: 0, Mana: 1/10
  Hand (4)

============================================================
게임 종료 - Terminated: True, Truncated: False
승자: Agent
============================================================

