============================================================
NEW GAME STARTED
Agent: HERO_08 vs Opponent: HERO_05
Action Masking: OFF
============================================================
[Turn 1, Step 0] Agent: 유효하지 않은 액션 인덱스(97) → 0로 보정
[Turn 1, Step 0] Agent: 턴 종료

[Turn 1] === Opponent's Turn ===
[Turn 1, Step 0] Opponent: 턴 종료
[Turn 2, Step 1] Agent: 유효하지 않은 액션 인덱스(27) → 0로 보정
[Turn 2, Step 1] Agent: 턴 종료

[Turn 2] === Opponent's Turn ===
[Turn 2, Step 1] Opponent: 영웅 능력 사용
[Turn 2, Step 1] Opponent: 턴 종료
[Turn 3, Step 2] Agent: 유효하지 않은 액션 인덱스(77) → 2로 보정
[Turn 3, Step 2] Agent: 카드 플레이 - Deathlord (코스트: 3)
[Turn 3, Step 3] Agent: 유효하지 않은 액션 인덱스(79) → 0로 보정
[Turn 3, Step 3] Agent: 턴 종료

[Turn 3] === Opponent's Turn ===
[Turn 3, Step 3] Opponent: 카드 플레이 - Nat, the Darkfisher (코스트: 2)
[Turn 3, Step 3] Opponent: 턴 종료
[Turn 4, Step 4] Agent: 유효하지 않은 액션 인덱스(39) → 7로 보정
[Turn 4, Step 4] Agent: 공격 - Deathlord[2/8] -> Nat, the Darkfisher

--- Game State (Turn 4, Step 5) ---
Agent: Jaina Proudmoore HP: 28, Mana: 4/4
  Hand (7): Deathwing, Dragonlord, Anubisath Sentinel, Stampeding Kodo, Shrieking Shroom, Mogor's Champion, Clockwork Automaton, Darkspeaker
  Field: Deathlord[2/6]
Opponent: Rexxar HP: 30, Mana: 1/3
  Hand (7)
  Field: Nat, the Darkfisher[2/2]
[Turn 4, Step 5] Agent: 유효하지 않은 액션 인덱스(97) → 1로 보정
[Turn 4, Step 5] Agent: 카드 플레이 - Shrieking Shroom (코스트: 3)
[Turn 4, Step 6] Agent: 유효하지 않은 액션 인덱스(81) → 0로 보정
[Turn 4, Step 6] Agent: 턴 종료

[Turn 4] === Opponent's Turn ===
[Turn 4, Step 6] Opponent: 턴 종료
[Turn 5, Step 7] Agent: 턴 종료

[Turn 5] === Opponent's Turn ===
[Turn 5, Step 7] Opponent: 카드 플레이 - The Coin (코스트: 0)
[Turn 5, Step 7] Opponent: 턴 종료
[Turn 6, Step 8] Agent: 유효하지 않은 액션 인덱스(28) → 2로 보정
[Turn 6, Step 8] Agent: 카드 플레이 - Stampeding Kodo (코스트: 5)
[Turn 6, Step 9] Agent: 유효하지 않은 액션 인덱스(48) → 3로 보정
[Turn 6, Step 9] Agent: 공격 - Voidwalker[1/3] -> Rexxar

--- Game State (Turn 6, Step 10) ---
Agent: Jaina Proudmoore HP: 28, Mana: 1/6
  Hand (8): Deathwing, Dragonlord, Anubisath Sentinel, Mogor's Champion, Clockwork Automaton, Darkspeaker, Chief Inspector, Power of Creation, Doomsayer
  Field: Deathlord[2/6], Shrieking Shroom[1/2], Voidwalker[1/3], Zombie Chow[2/3], Stampeding Kodo[3/5]
Opponent: Rexxar HP: 29, Mana: 5/5
  Hand (8)
[Turn 6, Step 10] Agent: 유효하지 않은 액션 인덱스(75) → 3로 보정
[Turn 6, Step 10] Agent: 공격 - Zombie Chow[2/3] -> Rexxar
[Turn 6, Step 11] Agent: 유효하지 않은 액션 인덱스(7) → 1로 보정
[Turn 6, Step 11] Agent: 공격 - Deathlord[2/6] -> Rexxar
[Turn 6, Step 12] Agent: 유효하지 않은 액션 인덱스(14) → 0로 보정
[Turn 6, Step 12] Agent: 턴 종료

[Turn 6] === Opponent's Turn ===
[Turn 6, Step 12] Opponent: 카드 플레이 - Arfus (코스트: 4)
[Turn 6, Step 12] Opponent: 턴 종료
[Turn 7, Step 13] Agent: 유효하지 않은 액션 인덱스(84) → 16로 보정
[Turn 7, Step 13] Agent: 영웅 능력 사용 -> Shrieking Shroom
[Turn 7, Step 14] Agent: 유효하지 않은 액션 인덱스(73) → 1로 보정
[Turn 7, Step 14] Agent: 카드 플레이 - Anubisath Sentinel (코스트: 5)

--- Game State (Turn 7, Step 15) ---
Agent: Jaina Proudmoore HP: 28, Mana: 0/7
  Hand (8): Deathwing, Dragonlord, Mogor's Champion, Clockwork Automaton, Darkspeaker, Chief Inspector, Power of Creation, Doomsayer, Research Project
  Field: Deathlord[2/6], Shrieking Shroom[1/1], Kobold Librarian[2/1], Voidwalker[1/3], Zombie Chow[2/3], Stampeding Kodo[3/5], Anubisath Sentinel[4/4]
Opponent: Rexxar HP: 25, Mana: 2/6
  Hand (8)
  Field: Arfus[2/2]
[Turn 7, Step 15] Agent: 유효하지 않은 액션 인덱스(51) → 12로 보정
[Turn 7, Step 15] Agent: 공격 - Stampeding Kodo[3/5] -> Arfus
[Turn 7, Step 16] Agent: 유효하지 않은 액션 인덱스(92) → 2로 보정
[Turn 7, Step 16] Agent: 공격 - Shrieking Shroom[1/1] -> Rexxar
[Turn 7, Step 17] Agent: 유효하지 않은 액션 인덱스(83) → 3로 보정
[Turn 7, Step 17] Agent: 공격 - Voidwalker[1/3] -> Rexxar
[Turn 7, Step 18] Agent: 유효하지 않은 액션 인덱스(95) → 3로 보정
[Turn 7, Step 18] Agent: 공격 - Zombie Chow[2/3] -> Rexxar
[Turn 7, Step 19] Agent: 유효하지 않은 액션 인덱스(85) → 1로 보정
[Turn 7, Step 19] Agent: 공격 - Deathlord[2/6] -> Rexxar

--- Game State (Turn 7, Step 20) ---
Agent: Jaina Proudmoore HP: 28, Mana: 0/7
  Hand (8): Deathwing, Dragonlord, Mogor's Champion, Clockwork Automaton, Darkspeaker, Chief Inspector, Power of Creation, Doomsayer, Research Project
  Field: Deathlord[2/6], Shrieking Shroom[1/1], Kobold Librarian[2/1], Voidwalker[1/3], Zombie Chow[2/3], Stampeding Kodo[3/3], Anubisath Sentinel[4/4]
Opponent: Rexxar HP: 19, Mana: 2/6
  Hand (9)
[Turn 7, Step 20] Agent: 유효하지 않은 액션 인덱스(41) → 1로 보정
[Turn 7, Step 20] Agent: 공격 - Kobold Librarian[2/1] -> Rexxar
[Turn 7, Step 21] Agent: 유효하지 않은 액션 인덱스(61) → 0로 보정
[Turn 7, Step 21] Agent: 턴 종료

[Turn 7] === Opponent's Turn ===
[Turn 7, Step 21] Opponent: 턴 종료
[Turn 8, Step 22] Agent: 영웅 능력 사용 -> Kobold Librarian
[Turn 8, Step 23] Agent: 카드 플레이 - Ancient Harbinger (코스트: 6)
[Turn 8, Step 24] Agent: 유효하지 않은 액션 인덱스(16) → 2로 보정
[Turn 8, Step 24] Agent: 공격 - Shrieking Shroom[1/1] -> Rexxar

--- Game State (Turn 8, Step 25) ---
Agent: Jaina Proudmoore HP: 28, Mana: 0/8
  Hand (8): Deathwing, Dragonlord, Mogor's Champion, Clockwork Automaton, Darkspeaker, Chief Inspector, Power of Creation, Doomsayer, Research Project
  Field: Deathlord[2/6], Shrieking Shroom[1/1], Voidwalker[1/3], Zombie Chow[2/3], Stampeding Kodo[3/3], Anubisath Sentinel[4/4], Ancient Harbinger[4/6]
Opponent: Rexxar HP: 16, Mana: 7/7
  Hand (10)
[Turn 8, Step 25] Agent: 유효하지 않은 액션 인덱스(93) → 3로 보정
[Turn 8, Step 25] Agent: 공격 - Zombie Chow[2/3] -> Rexxar
[Turn 8, Step 26] Agent: 유효하지 않은 액션 인덱스(60) → 0로 보정
[Turn 8, Step 26] Agent: 턴 종료

[Turn 8] === Opponent's Turn ===
[Turn 8, Step 26] Opponent: 카드 플레이 - Young Dragonhawk (코스트: 1)
[Turn 8, Step 26] Opponent: 카드 플레이 - Moat Lurker -> Young Dragonhawk (코스트: 6)
[Turn 8, Step 26] Opponent: 턴 종료
[Turn 9, Step 27] Agent: 유효하지 않은 액션 인덱스(40) → 14로 보정
[Turn 9, Step 27] Agent: 공격 - Shrieking Shroom[1/1] -> Rexxar
[Turn 9, Step 28] Agent: 공격 - Ancient Harbinger[4/6] -> Moat Lurker
[Turn 9, Step 29] Agent: 유효하지 않은 액션 인덱스(60) → 16로 보정
[Turn 9, Step 29] Agent: 공격 - Zombie Chow[2/3] -> Rexxar

--- Game State (Turn 9, Step 30) ---
Agent: Jaina Proudmoore HP: 28, Mana: 9/9
  Hand (10): Deathwing, Dragonlord, Mogor's Champion, Clockwork Automaton, Darkspeaker, Chief Inspector, Power of Creation, Doomsayer, Research Project, C'Thun, Annoy-o-Tron
  Field: Deathlord[2/6], Shrieking Shroom[1/1], Voidwalker[1/3], Zombie Chow[2/3], Stampeding Kodo[3/3], Anubisath Sentinel[4/4], Ancient Harbinger[4/3]
Opponent: Rexxar HP: 11, Mana: 1/8
  Hand (8)
  Field: Young Dragonhawk[1/1]
[Turn 9, Step 30] Agent: 유효하지 않은 액션 인덱스(48) → 8로 보정
[Turn 9, Step 30] Agent: 영웅 능력 사용 -> Stampeding Kodo
[Turn 9, Step 31] Agent: 유효하지 않은 액션 인덱스(55) → 5로 보정
[Turn 9, Step 31] Agent: 공격 - Voidwalker[1/3] -> Young Dragonhawk
[Turn 9, Step 32] Agent: 카드 플레이 - Research Project (코스트: 2)
[Turn 9, Step 33] Agent: 유효하지 않은 액션 인덱스(33) → 1로 보정
[Turn 9, Step 33] Agent: 공격 - Deathlord[2/6] -> Rexxar
[Turn 9, Step 34] Agent: 유효하지 않은 액션 인덱스(13) → 1로 보정
[Turn 9, Step 34] Agent: 공격 - Stampeding Kodo[3/2] -> Rexxar

--- Game State (Turn 9, Step 35) ---
Agent: Jaina Proudmoore HP: 28, Mana: 5/9
  Hand (10): Deathwing, Dragonlord, Mogor's Champion, Clockwork Automaton, Darkspeaker, Chief Inspector, Power of Creation, Doomsayer, C'Thun, Annoy-o-Tron, Rusty Recycler
  Field: Deathlord[2/6], Shrieking Shroom[1/1], Voidwalker[1/2], Zombie Chow[2/3], Stampeding Kodo[3/2], Anubisath Sentinel[4/4], Ancient Harbinger[4/3]
Opponent: Rexxar HP: 6, Mana: 1/8
  Hand (10)
[Turn 9, Step 35] Agent: 유효하지 않은 액션 인덱스(29) → 1로 보정
[Turn 9, Step 35] Agent: 공격 - Anubisath Sentinel[4/4] -> Rexxar
[Turn 9, Step 36] Agent: 유효하지 않은 액션 인덱스(47) → 0로 보정
[Turn 9, Step 36] Agent: 턴 종료

[Turn 9] === Opponent's Turn ===
[Turn 9, Step 36] Opponent: 카드 플레이 - Bonechewer Vanguard (코스트: 7)
[Turn 9, Step 36] Opponent: 영웅 능력 사용
[Turn 9, Step 36] Opponent: 턴 종료
[Turn 10, Step 37] Agent: 유효하지 않은 액션 인덱스(69) → 15로 보정
[Turn 10, Step 37] Agent: 공격 - Stampeding Kodo[3/2] -> Bonechewer Vanguard
[Turn 10, Step 38] Agent: 유효하지 않은 액션 인덱스(51) → 20로 보정
[Turn 10, Step 38] Agent: 영웅 능력 사용 -> Zombie Chow
[Turn 10, Step 39] Agent: 유효하지 않은 액션 인덱스(59) → 19로 보정
[Turn 10, Step 39] Agent: 공격 - Ancient Harbinger[4/3] -> Bonechewer Vanguard

--- Game State (Turn 10, Step 40) ---
Agent: Jaina Proudmoore HP: 26, Mana: 8/10
  Hand (10): Deathwing, Dragonlord, Mogor's Champion, Clockwork Automaton, Darkspeaker, Chief Inspector, Power of Creation, Doomsayer, C'Thun, Annoy-o-Tron, Rusty Recycler
  Field: Deathlord[2/6], Shrieking Shroom[1/1], Voidwalker[1/2], Zombie Chow[2/2], Anubisath Sentinel[4/4]
Opponent: Rexxar HP: 2, Mana: 0/9
  Hand (9)
  Field: Bonechewer Vanguard[4/3]
[Turn 10, Step 40] Agent: 유효하지 않은 액션 인덱스(38) → 2로 보정
[Turn 10, Step 40] Agent: 카드 플레이 - Clockwork Automaton (코스트: 5)
[Turn 10, Step 41] Agent: 유효하지 않은 액션 인덱스(44) → 4로 보정
[Turn 10, Step 41] Agent: 공격 - Shrieking Shroom[1/1] -> Bonechewer Vanguard
[Turn 10, Step 42] Agent: 유효하지 않은 액션 인덱스(81) → 4로 보정
[Turn 10, Step 42] Agent: 공격 - Voidwalker[1/2] -> Bonechewer Vanguard
[Turn 10, Step 43] Agent: 공격 - Deathlord[2/6] -> Bonechewer Vanguard
[Turn 10, Step 44] Agent: 유효하지 않은 액션 인덱스(93) → 3로 보정
[Turn 10, Step 44] Agent: 공격 - Zombie Chow[2/2] -> Rexxar

--- Game State (Turn 10, Step 45) ---
Agent: Jaina Proudmoore HP: 26, Mana: 3/10
  Hand (9): Deathwing, Dragonlord, Mogor's Champion, Darkspeaker, Chief Inspector, Power of Creation, Doomsayer, C'Thun, Annoy-o-Tron, Rusty Recycler
  Field: Deathlord[2/2], Zombie Chow[2/2], Anubisath Sentinel[4/4], Clockwork Automaton[4/4]
Opponent: Rexxar HP: 0, Mana: 0/9
  Hand (9)

--- Game State (Turn 10, Step 45) ---
Agent: Jaina Proudmoore HP: 26, Mana: 3/10
  Hand (9): Deathwing, Dragonlord, Mogor's Champion, Darkspeaker, Chief Inspector, Power of Creation, Doomsayer, C'Thun, Annoy-o-Tron, Rusty Recycler
  Field: Deathlord[2/2], Zombie Chow[2/2], Anubisath Sentinel[4/4], Clockwork Automaton[4/4]
Opponent: Rexxar HP: 0, Mana: 0/9
  Hand (9)

============================================================
게임 종료 - Terminated: True, Truncated: False
승자: Agent
============================================================

