============================================================
NEW GAME STARTED
Agent: HERO_08 vs Opponent: HERO_05
Action Masking: OFF
Masking Expected: OFF
============================================================

[Turn 1] === Opponent's Turn ===
[Turn 1, Step 0] Opponent: 카드 플레이 - Timber Wolf (코스트: 1)
[Turn 1, Step 0] Opponent: 턴 종료
[Turn 1, Step 1] Agent: 유효하지 않은 액션 인덱스(42) → 0로 보정
[Turn 1, Step 1] Agent: 턴 종료

[Turn 1] === Opponent's Turn ===
[Turn 1, Step 1] Opponent: 카드 플레이 - Transfer Student (코스트: 2)
[Turn 1, Step 1] Opponent: 공격 - Timber Wolf[1/1] -> Jaina Proudmoore
[Turn 1, Step 1] Opponent: 턴 종료
[Turn 2, Step 2] Agent: 유효하지 않은 액션 인덱스(14) → 5로 보정
[Turn 2, Step 2] Agent: 영웅 능력 사용 -> Jaina Proudmoore
[Turn 2, Step 3] Agent: 유효하지 않은 액션 인덱스(71) → 2로 보정
[Turn 2, Step 3] Agent: 카드 플레이 - The Coin (코스트: 0)
[Turn 2, Step 4] Agent: 유효하지 않은 액션 인덱스(60) → 0로 보정
[Turn 2, Step 4] Agent: 턴 종료

[Turn 2] === Opponent's Turn ===
[Turn 2, Step 4] Opponent: 턴 종료

--- Game State (Turn 3, Step 5) ---
Agent: Jaina Proudmoore HP: 28, Mana: 3/3
  Hand (7): Transfer Student, Parachute Brigand, Murloc Tinyfin, Kael'thas Sunstrider, Vex Crow, Magtheridon, Windfury Harpy
Opponent: Rexxar HP: 30, Mana: 3/3
  Hand (4)
  Field: Timber Wolf[1/1], Transfer Student[2/2]
[Turn 3, Step 5] Agent: 유효하지 않은 액션 인덱스(36) → 4로 보정
[Turn 3, Step 5] Agent: 영웅 능력 사용 -> Jaina Proudmoore
[Turn 3, Step 6] Agent: 유효하지 않은 액션 인덱스(20) → 0로 보정
[Turn 3, Step 6] Agent: 턴 종료

[Turn 3] === Opponent's Turn ===
[Turn 3, Step 6] Opponent: 카드 플레이 - Gadgetzan Socialite -> Timber Wolf (코스트: 2)
[Turn 3, Step 6] Opponent: 공격 - Timber Wolf[1/1] -> Jaina Proudmoore
[Turn 3, Step 6] Opponent: 영웅 능력 사용
[Turn 3, Step 6] Opponent: 턴 종료
[Turn 4, Step 7] Agent: 유효하지 않은 액션 인덱스(46) → 2로 보정
[Turn 4, Step 7] Agent: 카드 플레이 - Parachute Brigand (코스트: 2)
[Turn 4, Step 8] Agent: 유효하지 않은 액션 인덱스(32) → 2로 보정
[Turn 4, Step 8] Agent: 카드 플레이 - Murloc Tinyfin (코스트: 0)
[Turn 4, Step 9] Agent: 유효하지 않은 액션 인덱스(97) → 7로 보정
[Turn 4, Step 9] Agent: 영웅 능력 사용 -> Parachute Brigand

--- Game State (Turn 4, Step 10) ---
Agent: Jaina Proudmoore HP: 24, Mana: 0/4
  Hand (6): Transfer Student, Kael'thas Sunstrider, Vex Crow, Magtheridon, Windfury Harpy, Core Hound
  Field: Parachute Brigand[2/1], Patches the Pirate[1/1], Murloc Tinyfin[1/1]
Opponent: Rexxar HP: 30, Mana: 0/4
  Hand (4)
  Field: Timber Wolf[1/1], Transfer Student[2/2], Gadgetzan Socialite[2/2]
[Turn 4, Step 10] Agent: 유효하지 않은 액션 인덱스(17) → 0로 보정
[Turn 4, Step 10] Agent: 턴 종료

[Turn 4] === Opponent's Turn ===
[Turn 4, Step 10] Opponent: 카드 플레이 - Disciple of C'Thun -> Rexxar (코스트: 3)
[Turn 4, Step 10] Opponent: 공격 - Gadgetzan Socialite[2/2] -> Jaina Proudmoore
[Turn 4, Step 10] Opponent: 공격 - Timber Wolf[1/1] -> Murloc Tinyfin
[Turn 4, Step 10] Opponent: 턴 종료
[Turn 5, Step 11] Agent: 유효하지 않은 액션 인덱스(61) → 19로 보정
[Turn 5, Step 11] Agent: 공격 - Patches the Pirate[1/1] -> Gadgetzan Socialite
[Turn 5, Step 12] Agent: 유효하지 않은 액션 인덱스(40) → 10로 보정
[Turn 5, Step 12] Agent: 영웅 능력 사용 -> Disciple of C'Thun
[Turn 5, Step 13] Agent: 유효하지 않은 액션 인덱스(88) → 4로 보정
[Turn 5, Step 13] Agent: 공격 - Parachute Brigand[2/1] -> Transfer Student
[Turn 5, Step 14] Agent: 유효하지 않은 액션 인덱스(43) → 1로 보정
[Turn 5, Step 14] Agent: 카드 플레이 - Transfer Student (코스트: 2)

--- Game State (Turn 5, Step 15) ---
Agent: Jaina Proudmoore HP: 22, Mana: 1/5
  Hand (6): Kael'thas Sunstrider, Vex Crow, Magtheridon, Windfury Harpy, Core Hound, Baleful Banker
  Field: Transfer Student[2/2]
Opponent: Rexxar HP: 28, Mana: 2/5
  Hand (4)
  Field: Gadgetzan Socialite[2/1]
[Turn 5, Step 15] Agent: 유효하지 않은 액션 인덱스(79) → 0로 보정
[Turn 5, Step 15] Agent: 턴 종료

[Turn 5] === Opponent's Turn ===
[Turn 5, Step 15] Opponent: 카드 플레이 - Baited Arrow -> Transfer Student (코스트: 5)
[Turn 5, Step 15] Opponent: 공격 - Gadgetzan Socialite[2/1] -> Jaina Proudmoore
[Turn 5, Step 15] Opponent: 턴 종료
[Turn 6, Step 16] Agent: 유효하지 않은 액션 인덱스(87) → 7로 보정
[Turn 6, Step 16] Agent: 영웅 능력 사용 -> Rexxar
[Turn 6, Step 17] Agent: 유효하지 않은 액션 인덱스(40) → 0로 보정
[Turn 6, Step 17] Agent: 턴 종료

[Turn 6] === Opponent's Turn ===
[Turn 6, Step 17] Opponent: 턴 종료
[Turn 7, Step 18] Agent: 유효하지 않은 액션 인덱스(37) → 11로 보정
[Turn 7, Step 18] Agent: 영웅 능력 사용 -> Gadgetzan Socialite
[Turn 7, Step 19] Agent: 유효하지 않은 액션 인덱스(39) → 4로 보정
[Turn 7, Step 19] Agent: 카드 플레이 - Big Ol' Whelp (코스트: 5)

--- Game State (Turn 7, Step 20) ---
Agent: Jaina Proudmoore HP: 20, Mana: 0/7
  Hand (8): Justicar Trueheart, Kael'thas Sunstrider, Vex Crow, Magtheridon, Windfury Harpy, Core Hound, Baleful Banker, Wrathion
  Field: Big Ol' Whelp[5/5]
Opponent: Rexxar HP: 27, Mana: 7/7
  Hand (5)
  Field: Devilsaur[5/5]
[Turn 7, Step 20] Agent: 유효하지 않은 액션 인덱스(31) → 0로 보정
[Turn 7, Step 20] Agent: 턴 종료

[Turn 7] === Opponent's Turn ===
[Turn 7, Step 20] Opponent: 턴 종료
[Turn 8, Step 21] Agent: 턴 종료

[Turn 8] === Opponent's Turn ===
[Turn 8, Step 21] Opponent: 턴 종료
[Turn 9, Step 22] Agent: 카드 플레이 - Wrathion (코스트: 6)
[Turn 9, Step 23] Agent: 유효하지 않은 액션 인덱스(59) → 4로 보정
[Turn 9, Step 23] Agent: 영웅 능력 사용 -> Jaina Proudmoore
[Turn 9, Step 24] Agent: 유효하지 않은 액션 인덱스(24) → 0로 보정
[Turn 9, Step 24] Agent: 턴 종료

[Turn 9] === Opponent's Turn ===
[Turn 9, Step 24] Opponent: 턴 종료

--- Game State (Turn 10, Step 25) ---
Agent: Jaina Proudmoore HP: 19, Mana: 10/10
  Hand (10): Frigid Snobold, Justicar Trueheart, Kael'thas Sunstrider, Vex Crow, Magtheridon, Windfury Harpy, Core Hound, Baleful Banker, Argent Watchman, Goblin Blastmage
  Field: Big Ol' Whelp[5/5], Wrathion[4/5]
Opponent: Rexxar HP: 27, Mana: 10/10
  Hand (8)
  Field: Devilsaur[5/5]
[Turn 10, Step 25] Agent: 유효하지 않은 액션 인덱스(99) → 15로 보정
[Turn 10, Step 25] Agent: 영웅 능력 사용 -> Big Ol' Whelp
[Turn 10, Step 26] Agent: 유효하지 않은 액션 인덱스(46) → 14로 보정
[Turn 10, Step 26] Agent: 공격 - Wrathion[4/5] -> Rexxar
[Turn 10, Step 27] Agent: 유효하지 않은 액션 인덱스(56) → 0로 보정
[Turn 10, Step 27] Agent: 턴 종료

[Turn 10] === Opponent's Turn ===
[Turn 10, Step 27] Opponent: 턴 종료
[Turn 10, Step 28] Agent: 유효하지 않은 액션 인덱스(46) → 4로 보정
[Turn 10, Step 28] Agent: 카드 플레이 - Vex Crow (코스트: 4)
[Turn 10, Step 29] Agent: 유효하지 않은 액션 인덱스(30) → 10로 보정
[Turn 10, Step 29] Agent: 영웅 능력 사용 -> Jaina Proudmoore

--- Game State (Turn 10, Step 30) ---
Agent: Jaina Proudmoore HP: 18, Mana: 4/10
  Hand (9): Frigid Snobold, Justicar Trueheart, Kael'thas Sunstrider, Magtheridon, Windfury Harpy, Core Hound, Baleful Banker, Argent Watchman, Goblin Blastmage
  Field: Big Ol' Whelp[5/4], Wrathion[4/5], Vex Crow[3/3]
Opponent: Rexxar HP: 23, Mana: 10/10
  Hand (9)
  Field: Devilsaur[5/5]
[Turn 10, Step 30] Agent: 유효하지 않은 액션 인덱스(62) → 2로 보정
[Turn 10, Step 30] Agent: 카드 플레이 - Magtheridon (코스트: 4)
[Turn 10, Step 31] Agent: 유효하지 않은 액션 인덱스(62) → 7로 보정
[Turn 10, Step 31] Agent: 공격 - Wrathion[4/5] -> Devilsaur
[Turn 10, Step 32] Agent: 유효하지 않은 액션 인덱스(60) → 0로 보정
[Turn 10, Step 32] Agent: 턴 종료

[Turn 10] === Opponent's Turn ===
[Turn 10, Step 32] Opponent: 공격 - Hellfire Warder[1/3] -> Big Ol' Whelp
[Turn 10, Step 32] Opponent: 카드 플레이 - Daring Reporter (코스트: 4)
[Turn 10, Step 32] Opponent: 카드 플레이 - Shade of Naxxramas (코스트: 3)
[Turn 10, Step 32] Opponent: 턴 종료
[Turn 10, Step 33] Agent: 유효하지 않은 액션 인덱스(39) → 10로 보정
[Turn 10, Step 33] Agent: 카드 플레이 - Spider Tank (코스트: 3)
[Turn 10, Step 34] Agent: 유효하지 않은 액션 인덱스(59) → 29로 보정
[Turn 10, Step 34] Agent: 공격 - Vex Crow[3/3] -> Daring Reporter

--- Game State (Turn 10, Step 35) ---
Agent: Jaina Proudmoore HP: 18, Mana: 7/10
  Hand (8): Frigid Snobold, Justicar Trueheart, Kael'thas Sunstrider, Windfury Harpy, Core Hound, Baleful Banker, Argent Watchman, Goblin Blastmage
  Field: Big Ol' Whelp[5/3], Magtheridon[12/12], Spider Tank[3/4]
Opponent: Rexxar HP: 23, Mana: 3/10
  Hand (8)
  Field: Devilsaur[5/1], Hellfire Warder[1/3], Hellfire Warder[1/3], Daring Reporter[4/1], Shade of Naxxramas[2/2]
[Turn 10, Step 35] Agent: 유효하지 않은 액션 인덱스(51) → 5로 보정
[Turn 10, Step 35] Agent: 카드 플레이 - Core Hound (코스트: 7)
[Turn 10, Step 36] Agent: 유효하지 않은 액션 인덱스(37) → 1로 보정
[Turn 10, Step 36] Agent: 공격 - Big Ol' Whelp[5/3] -> Rexxar
[Turn 10, Step 37] Agent: 유효하지 않은 액션 인덱스(74) → 0로 보정
[Turn 10, Step 37] Agent: 턴 종료

[Turn 10] === Opponent's Turn ===
[Turn 10, Step 37] Opponent: 카드 플레이 - Toxfin (코스트: 1)
[Turn 10, Step 37] Opponent: 카드 플레이 - Abominable Bowman (코스트: 7)
[Turn 10, Step 37] Opponent: 공격 - Hellfire Warder[1/3] -> Jaina Proudmoore
[Turn 10, Step 37] Opponent: 턴 종료
[Turn 10, Step 38] Agent: 유효하지 않은 액션 인덱스(52) → 9로 보정
[Turn 10, Step 38] Agent: 카드 플레이 - Goblin Blastmage (코스트: 4)
[Turn 10, Step 39] Agent: 유효하지 않은 액션 인덱스(62) → 19로 보정
[Turn 10, Step 39] Agent: 영웅 능력 사용 -> Toxfin

--- Game State (Turn 10, Step 40) ---
Agent: Jaina Proudmoore HP: 17, Mana: 4/10
  Hand (7): Frigid Snobold, Justicar Trueheart, Kael'thas Sunstrider, Windfury Harpy, Baleful Banker, Argent Watchman, Lowly Squire
  Field: Big Ol' Whelp[5/3], Magtheridon[12/12], Spider Tank[3/4], Core Hound[9/5], Goblin Blastmage[5/4]
Opponent: Rexxar HP: 17, Mana: 2/10
  Hand (7)
  Field: Devilsaur[5/1], Hellfire Warder[1/3], Hellfire Warder[1/2], Daring Reporter[5/2], Shade of Naxxramas[3/3], Abominable Bowman[6/6]
[Turn 10, Step 40] Agent: 카드 플레이 - Baleful Banker -> Spider Tank (코스트: 2)
[Turn 10, Step 41] Agent: 유효하지 않은 액션 인덱스(22) → 1로 보정
[Turn 10, Step 41] Agent: 카드 플레이 - Argent Watchman (코스트: 2)
[Turn 10, Step 42] Agent: 유효하지 않은 액션 인덱스(27) → 8로 보정
[Turn 10, Step 42] Agent: 공격 - Spider Tank[3/4] -> Devilsaur
[Turn 10, Step 43] Agent: 공격 - Core Hound[9/5] -> Abominable Bowman
[Turn 10, Step 44] Agent: 유효하지 않은 액션 인덱스(99) → 1로 보정
[Turn 10, Step 44] Agent: 공격 - Big Ol' Whelp[5/3] -> Rexxar

--- Game State (Turn 10, Step 45) ---
Agent: Jaina Proudmoore HP: 17, Mana: 0/10
  Hand (5): Frigid Snobold, Justicar Trueheart, Kael'thas Sunstrider, Windfury Harpy, Lowly Squire
  Field: Big Ol' Whelp[5/3], Magtheridon[12/12], Goblin Blastmage[5/4], Baleful Banker[2/2], Argent Watchman[2/4]
Opponent: Rexxar HP: 12, Mana: 2/10
  Hand (7)
  Field: Hellfire Warder[1/3], Hellfire Warder[1/2], Daring Reporter[5/2], Shade of Naxxramas[3/3], Timber Wolf[1/1], Devilsaur[6/5]
[Turn 10, Step 45] Agent: 유효하지 않은 액션 인덱스(34) → 0로 보정
[Turn 10, Step 45] Agent: 턴 종료

[Turn 10] === Opponent's Turn ===
[Turn 10, Step 45] Opponent: 공격 - Daring Reporter[5/2] -> Goblin Blastmage
[Turn 10, Step 45] Opponent: 공격 - Timber Wolf[1/1] -> Big Ol' Whelp
[Turn 10, Step 45] Opponent: 공격 - Hellfire Warder[1/3] -> Argent Watchman
[Turn 10, Step 45] Opponent: 턴 종료
[Turn 10, Step 46] Agent: 공격 - Big Ol' Whelp[5/2] -> Hellfire Warder
[Turn 10, Step 47] Agent: 유효하지 않은 액션 인덱스(62) → 11로 보정
[Turn 10, Step 47] Agent: 영웅 능력 사용 -> Baleful Banker
[Turn 10, Step 48] Agent: 유효하지 않은 액션 인덱스(37) → 7로 보정
[Turn 10, Step 48] Agent: 공격 - Baleful Banker[2/1] -> Rexxar
[Turn 10, Step 49] Agent: 유효하지 않은 액션 인덱스(72) → 2로 보정
[Turn 10, Step 49] Agent: 카드 플레이 - Justicar Trueheart (코스트: 6)

--- Game State (Turn 10, Step 50) ---
Agent: Jaina Proudmoore HP: 17, Mana: 2/10
  Hand (5): Frigid Snobold, Kael'thas Sunstrider, Windfury Harpy, Lowly Squire, Gravelsnout Knight
  Field: Big Ol' Whelp[5/1], Magtheridon[12/12], Baleful Banker[2/1], Argent Watchman[2/3], Justicar Trueheart[6/3]
Opponent: Rexxar HP: 10, Mana: 10/10
  Hand (8)
  Field: Hellfire Warder[1/1], Shade of Naxxramas[4/4], Devilsaur[5/5]
[Turn 10, Step 50] Agent: 유효하지 않은 액션 인덱스(73) → 7로 보정
[Turn 10, Step 50] Agent: 영웅 능력 사용 -> Baleful Banker
[Turn 10, Step 51] Agent: 유효하지 않은 액션 인덱스(10) → 0로 보정
[Turn 10, Step 51] Agent: 턴 종료

[Turn 10] === Opponent's Turn ===
[Turn 10, Step 51] Opponent: 카드 플레이 - Evasive Wyrm (코스트: 6)
[Turn 10, Step 51] Opponent: 카드 플레이 - Alarm-o-Bot (코스트: 3)
[Turn 10, Step 51] Opponent: 공격 - Evasive Wyrm[5/3] -> Justicar Trueheart
[Turn 10, Step 51] Opponent: 카드 플레이 - Grimscale Oracle (코스트: 1)
[Turn 10, Step 51] Opponent: 턴 종료
[Turn 10, Step 52] Agent: 유효하지 않은 액션 인덱스(50) → 8로 보정
[Turn 10, Step 52] Agent: 영웅 능력 사용 -> Rexxar
[Turn 10, Step 53] Agent: 유효하지 않은 액션 인덱스(87) → 9로 보정
[Turn 10, Step 53] Agent: 공격 - Big Ol' Whelp[5/1] -> Devilsaur
[Turn 10, Step 54] Agent: 유효하지 않은 액션 인덱스(44) → 2로 보정
[Turn 10, Step 54] Agent: 카드 플레이 - Kael'thas Sunstrider (코스트: 7)

--- Game State (Turn 10, Step 55) ---
Agent: Jaina Proudmoore HP: 17, Mana: 1/10
  Hand (5): Frigid Snobold, Windfury Harpy, Lowly Squire, Gravelsnout Knight, Fire Fly
  Field: Magtheridon[12/12], Argent Watchman[2/3], Kael'thas Sunstrider[4/7]
Opponent: Rexxar HP: 8, Mana: 0/10
  Hand (6)
  Field: Hellfire Warder[1/1], Shade of Naxxramas[5/5], Evasive Wyrm[5/3], Alarm-o-Bot[0/3], Grimscale Oracle[1/1]
[Turn 10, Step 55] Agent: 유효하지 않은 액션 인덱스(65) → 1로 보정
[Turn 10, Step 55] Agent: 카드 플레이 - Lowly Squire (코스트: 1)
[Turn 10, Step 56] Agent: 유효하지 않은 액션 인덱스(95) → 0로 보정
[Turn 10, Step 56] Agent: 턴 종료

[Turn 10] === Opponent's Turn ===
[Turn 10, Step 56] Opponent: 공격 - Shade of Naxxramas[6/6] -> Argent Watchman
[Turn 10, Step 56] Opponent: 공격 - Grimscale Oracle[1/1] -> Lowly Squire
[Turn 10, Step 56] Opponent: 카드 플레이 - Dart Trap (코스트: 2)
[Turn 10, Step 56] Opponent: 턴 종료
[Turn 10, Step 57] Agent: 공격 - Kael'thas Sunstrider[4/7] -> Hellfire Warder
[Turn 10, Step 58] Agent: 유효하지 않은 액션 인덱스(42) → 10로 보정
[Turn 10, Step 58] Agent: 영웅 능력 사용 -> Lowly Squire
[Turn 10, Step 59] Agent: 유효하지 않은 액션 인덱스(21) → 3로 보정
[Turn 10, Step 59] Agent: 카드 플레이 - Gravelsnout Knight (코스트: 1)

--- Game State (Turn 10, Step 60) ---
Agent: Jaina Proudmoore HP: 17, Mana: 7/10
  Hand (4): Frigid Snobold, Windfury Harpy, Fire Fly, Flamewaker
  Field: Magtheridon[12/12], Kael'thas Sunstrider[4/6], Gravelsnout Knight[2/3]
Opponent: Rexxar HP: 8, Mana: 8/10
  Hand (6)
  Field: Shade of Naxxramas[6/4], Evasive Wyrm[5/3], Soulbound Ashtongue[1/4], Voodoo Doctor[2/1]
[Turn 10, Step 60] Agent: 유효하지 않은 액션 인덱스(61) → 1로 보정
[Turn 10, Step 60] Agent: 카드 플레이 - Frigid Snobold (코스트: 4)
[Turn 10, Step 61] Agent: 유효하지 않은 액션 인덱스(34) → 1로 보정
[Turn 10, Step 61] Agent: 카드 플레이 - Fire Fly (코스트: 1)
[Turn 10, Step 62] Agent: 유효하지 않은 액션 인덱스(48) → 0로 보정
[Turn 10, Step 62] Agent: 턴 종료

[Turn 10] === Opponent's Turn ===
[Turn 10, Step 62] Opponent: 공격 - Shade of Naxxramas[7/5] -> Fire Fly
[Turn 10, Step 62] Opponent: 공격 - Evasive Wyrm[5/3] -> Jaina Proudmoore
[Turn 10, Step 62] Opponent: 공격 - Voodoo Doctor[2/1] -> Kael'thas Sunstrider
[Turn 10, Step 62] Opponent: 턴 종료
[Turn 10, Step 63] Agent: 유효하지 않은 액션 인덱스(88) → 16로 보정
[Turn 10, Step 63] Agent: 공격 - Gravelsnout Knight[2/3] -> Rexxar
[Turn 10, Step 64] Agent: 유효하지 않은 액션 인덱스(39) → 19로 보정
[Turn 10, Step 64] Agent: 공격 - Frigid Snobold[2/6] -> Soulbound Ashtongue

--- Game State (Turn 10, Step 65) ---
Agent: Jaina Proudmoore HP: 12, Mana: 10/10
  Hand (4): Windfury Harpy, Flamewaker, Flame Elemental, Spider Tank
  Field: Magtheridon[12/12], Kael'thas Sunstrider[4/4], Gravelsnout Knight[2/3], Frigid Snobold[2/5]
Opponent: Rexxar HP: 4, Mana: 10/10
  Hand (7)
  Field: Shade of Naxxramas[7/4], Evasive Wyrm[5/3], Soulbound Ashtongue[1/2]
[Turn 10, Step 65] Agent: 유효하지 않은 액션 인덱스(88) → 8로 보정
[Turn 10, Step 65] Agent: 영웅 능력 사용 -> Kael'thas Sunstrider
[Turn 10, Step 66] Agent: 공격 - Kael'thas Sunstrider[4/2] -> Rexxar

--- Game State (Turn 10, Step 67) ---
Agent: Jaina Proudmoore HP: 12, Mana: 8/10
  Hand (4): Windfury Harpy, Flamewaker, Flame Elemental, Spider Tank
  Field: Magtheridon[12/12], Kael'thas Sunstrider[4/2], Gravelsnout Knight[2/3], Frigid Snobold[2/5]
Opponent: Rexxar HP: 0, Mana: 10/10
  Hand (7)
  Field: Shade of Naxxramas[7/4], Evasive Wyrm[5/3], Soulbound Ashtongue[1/2]

============================================================
게임 종료 - Terminated: True, Truncated: False
승자: Agent
============================================================

