============================================================
NEW GAME STARTED
Agent: HERO_08 vs Opponent: HERO_05
Action Masking: OFF
Masking Expected: OFF
============================================================

[Turn 1] === Opponent's Turn ===
[Turn 1, Step 0] Opponent: 턴 종료
[Turn 1, Step 1] Agent: 카드 플레이 - The Coin (코스트: 0)
[Turn 1, Step 2] Agent: 카드 플레이 - Hench-Clan Hogsteed (코스트: 2)
[Turn 1, Step 3] Agent: 턴 종료

[Turn 1] === Opponent's Turn ===
[Turn 1, Step 3] Opponent: 카드 플레이 - Call Pet (코스트: 2)
[Turn 1, Step 3] Opponent: 턴 종료
[Turn 2, Step 4] Agent: 카드 플레이 - Friendly Bartender (코스트: 2)

--- Game State (Turn 2, Step 5) ---
Agent: Jaina Proudmoore HP: 30, Mana: 0/2
  Hand (4): Plated Beetle, Desert Obelisk, Scarab Egg, Zombie Chow
  Field: Hench-Clan Hogsteed[2/1], Friendly Bartender[2/3]
Opponent: Rexxar HP: 30, Mana: 0/2
  Hand (5)
[Turn 2, Step 5] Agent: 공격 - Hench-Clan Hogsteed[2/1] -> Rexxar
[Turn 2, Step 6] Agent: 턴 종료

[Turn 2] === Opponent's Turn ===
[Turn 2, Step 6] Opponent: 카드 플레이 - Nerubian Egg (코스트: 2)
[Turn 2, Step 6] Opponent: 카드 플레이 - The Marsh Queen (코스트: 1)
[Turn 2, Step 6] Opponent: 턴 종료
[Turn 3, Step 7] Agent: 카드 플레이 - Plated Beetle (코스트: 2)
[Turn 3, Step 8] Agent: 카드 플레이 - Zombie Chow (코스트: 1)
[Turn 3, Step 9] Agent: 공격 - Hench-Clan Hogsteed[2/1] -> Rexxar

--- Game State (Turn 3, Step 10) ---
Agent: Jaina Proudmoore HP: 30, Mana: 0/3
  Hand (3): Desert Obelisk, Scarab Egg, Violet Warden
  Field: Hench-Clan Hogsteed[2/1], Friendly Bartender[2/3], Plated Beetle[2/3], Zombie Chow[2/3]
Opponent: Rexxar HP: 26, Mana: 0/3
  Hand (4)
  Field: Nerubian Egg[0/2]
[Turn 3, Step 10] Agent: 공격 - Friendly Bartender[2/3] -> Rexxar
[Turn 3, Step 11] Agent: 턴 종료

[Turn 3] === Opponent's Turn ===
[Turn 3, Step 11] Opponent: 영웅 능력 사용
[Turn 3, Step 11] Opponent: 턴 종료
[Turn 4, Step 12] Agent: 카드 플레이 - Scarab Egg (코스트: 2)
[Turn 4, Step 13] Agent: 영웅 능력 사용 -> Jaina Proudmoore
[Turn 4, Step 14] Agent: 공격 - Hench-Clan Hogsteed[2/1] -> Rexxar

--- Game State (Turn 4, Step 15) ---
Agent: Jaina Proudmoore HP: 27, Mana: 0/4
  Hand (3): Desert Obelisk, Violet Warden, Netherwind Portal
  Field: Hench-Clan Hogsteed[2/1], Friendly Bartender[2/3], Plated Beetle[2/3], Zombie Chow[2/3], Scarab Egg[0/2]
Opponent: Rexxar HP: 22, Mana: 2/4
  Hand (5)
  Field: Nerubian Egg[0/2]
[Turn 4, Step 15] Agent: 공격 - Friendly Bartender[2/3] -> Rexxar
[Turn 4, Step 16] Agent: 공격 - Plated Beetle[2/3] -> Rexxar
[Turn 4, Step 17] Agent: 공격 - Zombie Chow[2/3] -> Rexxar
[Turn 4, Step 18] Agent: 턴 종료

[Turn 4] === Opponent's Turn ===
[Turn 4, Step 18] Opponent: 카드 플레이 - Bonechewer Brawler (코스트: 2)
[Turn 4, Step 18] Opponent: 영웅 능력 사용
[Turn 4, Step 18] Opponent: 턴 종료
[Turn 5, Step 19] Agent: 카드 플레이 - Desert Obelisk (코스트: 5)

--- Game State (Turn 5, Step 20) ---
Agent: Jaina Proudmoore HP: 26, Mana: 0/5
  Hand (3): Violet Warden, Netherwind Portal, Dirty Rat
  Field: Hench-Clan Hogsteed[2/1], Friendly Bartender[2/3], Plated Beetle[2/3], Zombie Chow[2/3], Scarab Egg[0/2], Desert Obelisk[0/5]
Opponent: Rexxar HP: 16, Mana: 1/5
  Hand (5)
  Field: Nerubian Egg[0/2], Bonechewer Brawler[2/3]
[Turn 5, Step 20] Agent: 공격 - Hench-Clan Hogsteed[2/1] -> Bonechewer Brawler
[Turn 5, Step 21] Agent: 공격 - Friendly Bartender[2/3] -> Bonechewer Brawler
[Turn 5, Step 22] Agent: 공격 - Plated Beetle[2/3] -> Rexxar
[Turn 5, Step 23] Agent: 공격 - Zombie Chow[2/3] -> Rexxar
[Turn 5, Step 24] Agent: 턴 종료

[Turn 5] === Opponent's Turn ===
[Turn 5, Step 24] Opponent: 턴 종료

--- Game State (Turn 6, Step 25) ---
Agent: Jaina Proudmoore HP: 26, Mana: 6/6
  Hand (4): Violet Warden, Netherwind Portal, Dirty Rat, Manic Soulcaster
  Field: Hench-Clan Squire[1/1], Plated Beetle[2/3], Zombie Chow[2/3], Scarab Egg[0/2], Desert Obelisk[0/5]
Opponent: Rexxar HP: 12, Mana: 6/6
  Hand (6)
  Field: Nerubian Egg[0/2]
[Turn 6, Step 25] Agent: 카드 플레이 - Violet Warden (코스트: 6)
[Turn 6, Step 26] Agent: 공격 - Hench-Clan Squire[1/1] -> Rexxar
[Turn 6, Step 27] Agent: 공격 - Plated Beetle[2/3] -> Rexxar
[Turn 6, Step 28] Agent: 공격 - Zombie Chow[2/3] -> Rexxar
[Turn 6, Step 29] Agent: 턴 종료

[Turn 6] === Opponent's Turn ===
[Turn 6, Step 29] Opponent: 카드 플레이 - Maexxna (코스트: 6)
[Turn 6, Step 29] Opponent: 카드 플레이 - Springpaw (코스트: 1)
[Turn 6, Step 29] Opponent: 공격 - Springpaw[1/1] -> Violet Warden
[Turn 6, Step 29] Opponent: 턴 종료

--- Game State (Turn 7, Step 30) ---
Agent: Jaina Proudmoore HP: 26, Mana: 7/7
  Hand (4): Netherwind Portal, Dirty Rat, Manic Soulcaster, Hired Gun
  Field: Hench-Clan Squire[1/1], Plated Beetle[2/3], Zombie Chow[2/3], Scarab Egg[0/2], Desert Obelisk[0/5], Violet Warden[4/6]
Opponent: Rexxar HP: 7, Mana: 0/7
  Hand (6)
  Field: Nerubian Egg[0/2], Maexxna[2/8]
[Turn 7, Step 30] Agent: 공격 - Violet Warden[4/6] -> Rexxar
[Turn 7, Step 31] Agent: 카드 플레이 - Netherwind Portal (코스트: 3)
[Turn 7, Step 32] Agent: 카드 플레이 - Dirty Rat (코스트: 2)
[Turn 7, Step 33] Agent: 영웅 능력 사용 -> Jaina Proudmoore
[Turn 7, Step 34] Agent: 공격 - Hench-Clan Squire[1/1] -> Rexxar

--- Game State (Turn 7, Step 35) ---
Agent: Jaina Proudmoore HP: 25, Mana: 0/7
  Hand (2): Manic Soulcaster, Hired Gun
  Field: Hench-Clan Squire[1/1], Plated Beetle[2/3], Zombie Chow[2/3], Scarab Egg[0/2], Desert Obelisk[0/5], Violet Warden[4/6], Dirty Rat[2/6]
Opponent: Rexxar HP: 2, Mana: 0/7
  Hand (5)
  Field: Nerubian Egg[0/2], Maexxna[2/8], Lynx[1/1]
[Turn 7, Step 35] Agent: 공격 - Plated Beetle[2/3] -> Rexxar

--- Game State (Turn 7, Step 36) ---
Agent: Jaina Proudmoore HP: 25, Mana: 0/7
  Hand (2): Manic Soulcaster, Hired Gun
  Field: Hench-Clan Squire[1/1], Plated Beetle[2/3], Zombie Chow[2/3], Scarab Egg[0/2], Desert Obelisk[0/5], Violet Warden[4/6], Dirty Rat[2/6]
Opponent: Rexxar HP: 0, Mana: 0/7
  Hand (5)
  Field: Nerubian Egg[0/2], Maexxna[2/8], Lynx[1/1]

============================================================
게임 종료 - Terminated: True, Truncated: False
승자: Agent
============================================================

