============================================================
NEW GAME STARTED
Agent: HERO_08 vs Opponent: HERO_05
Action Masking: ON
Masking Expected: ON
============================================================
[Turn 1, Step 0] Agent: 카드 플레이 - Deadscale Knight (코스트: 1)
[Turn 1, Step 1] Agent: 턴 종료

[Turn 1] === Opponent's Turn ===
[Turn 1, Step 1] Opponent: 카드 플레이 - The Coin (코스트: 0)
[Turn 1, Step 1] Opponent: 영웅 능력 사용
[Turn 1, Step 1] Opponent: 턴 종료
[Turn 2, Step 2] Agent: 영웅 능력 사용 -> Jaina Proudmoore
[Turn 2, Step 3] Agent: 공격 - Deadscale Knight[1/1] -> Rexxar
[Turn 2, Step 4] Agent: 턴 종료

[Turn 2] === Opponent's Turn ===
[Turn 2, Step 4] Opponent: 카드 플레이 - Tournament Attendee (코스트: 1)
[Turn 2, Step 4] Opponent: 턴 종료

--- Game State (Turn 3, Step 5) ---
Agent: Jaina Proudmoore HP: 28, Mana: 3/3
  Hand (5): Ancient Watcher, Kalecgos, Leatherclad Hogleader, Mogu'shan Warden, Ysera
  Field: Deadscale Knight[1/1]
Opponent: Rexxar HP: 29, Mana: 1/2
  Hand (5)
  Field: Tournament Attendee[2/1]
[Turn 3, Step 5] Agent: 영웅 능력 사용 -> Deadscale Knight
[Turn 3, Step 6] Agent: 턴 종료

[Turn 3] === Opponent's Turn ===
[Turn 3, Step 6] Opponent: 공격 - Tournament Attendee[2/1] -> Jaina Proudmoore
[Turn 3, Step 6] Opponent: 영웅 능력 사용
[Turn 3, Step 6] Opponent: 턴 종료
[Turn 4, Step 7] Agent: 카드 플레이 - Mogu'shan Warden (코스트: 4)
[Turn 4, Step 8] Agent: 턴 종료

[Turn 4] === Opponent's Turn ===
[Turn 4, Step 8] Opponent: 카드 플레이 - Kobold Monk (코스트: 4)
[Turn 4, Step 8] Opponent: 공격 - Tournament Attendee[2/1] -> Mogu'shan Warden
[Turn 4, Step 8] Opponent: 턴 종료
[Turn 5, Step 9] Agent: 영웅 능력 사용 -> Rexxar

--- Game State (Turn 5, Step 10) ---
Agent: Jaina Proudmoore HP: 24, Mana: 3/5
  Hand (6): Ancient Watcher, Kalecgos, Leatherclad Hogleader, Ysera, Mojomaster Zihi, Deranged Doctor
  Field: Mogu'shan Warden[1/5]
Opponent: Rexxar HP: 28, Mana: 0/4
  Hand (6)
  Field: Kobold Monk[3/6]
[Turn 5, Step 10] Agent: 공격 - Mogu'shan Warden[1/5] -> Kobold Monk
[Turn 5, Step 11] Agent: 카드 플레이 - Ancient Watcher (코스트: 2)
[Turn 5, Step 12] Agent: 턴 종료

[Turn 5] === Opponent's Turn ===
[Turn 5, Step 12] Opponent: 카드 플레이 - Booty Bay Bodyguard (코스트: 5)
[Turn 5, Step 12] Opponent: 공격 - Kobold Monk[3/5] -> Mogu'shan Warden
[Turn 5, Step 12] Opponent: 턴 종료
[Turn 6, Step 13] Agent: 영웅 능력 사용 -> Rexxar
[Turn 6, Step 14] Agent: 턴 종료

[Turn 6] === Opponent's Turn ===
[Turn 6, Step 14] Opponent: 공격 - Booty Bay Bodyguard[5/4] -> Jaina Proudmoore
[Turn 6, Step 14] Opponent: 카드 플레이 - Platebreaker (코스트: 5)
[Turn 6, Step 14] Opponent: 공격 - Kobold Monk[3/4] -> Jaina Proudmoore
[Turn 6, Step 14] Opponent: 턴 종료

--- Game State (Turn 7, Step 15) ---
Agent: Jaina Proudmoore HP: 16, Mana: 7/7
  Hand (7): Kalecgos, Leatherclad Hogleader, Ysera, Mojomaster Zihi, Deranged Doctor, Captured Jormungar, Blowgill Sniper
  Field: Ancient Watcher[4/5]
Opponent: Rexxar HP: 27, Mana: 1/6
  Hand (6)
  Field: Kobold Monk[3/4], Booty Bay Bodyguard[5/4], Platebreaker[5/5]
[Turn 7, Step 15] Agent: 카드 플레이 - Blowgill Sniper -> Rexxar (코스트: 2)
[Turn 7, Step 16] Agent: 영웅 능력 사용 -> Booty Bay Bodyguard
[Turn 7, Step 17] Agent: 턴 종료

[Turn 7] === Opponent's Turn ===
[Turn 7, Step 17] Opponent: 공격 - Platebreaker[5/5] -> Ancient Watcher
[Turn 7, Step 17] Opponent: 공격 - Booty Bay Bodyguard[5/3] -> Jaina Proudmoore
[Turn 7, Step 17] Opponent: 카드 플레이 - Doppelgangster (코스트: 5)
[Turn 7, Step 17] Opponent: 영웅 능력 사용
[Turn 7, Step 17] Opponent: 공격 - Kobold Monk[3/4] -> Jaina Proudmoore
[Turn 7, Step 17] Opponent: 턴 종료
[Turn 8, Step 18] Agent: 영웅 능력 사용 -> Booty Bay Bodyguard
[Turn 8, Step 19] Agent: 카드 플레이 - Deathaxe Punisher (코스트: 4)

--- Game State (Turn 8, Step 20) ---
Agent: Jaina Proudmoore HP: 6, Mana: 2/8
  Hand (6): Kalecgos, Leatherclad Hogleader, Ysera, Mojomaster Zihi, Deranged Doctor, Captured Jormungar
  Field: Blowgill Sniper[2/1], Deathaxe Punisher[3/3]
Opponent: Rexxar HP: 26, Mana: 0/7
  Hand (6)
  Field: Kobold Monk[3/4], Booty Bay Bodyguard[5/2], Platebreaker[5/1], Doppelgangster[2/2], Doppelgangster[2/2], Doppelgangster[2/2]
[Turn 8, Step 20] Agent: 공격 - Blowgill Sniper[2/1] -> Booty Bay Bodyguard
[Turn 8, Step 21] Agent: 턴 종료

[Turn 8] === Opponent's Turn ===
[Turn 8, Step 21] Opponent: 카드 플레이 - SN1P-SN4P (코스트: 3)
[Turn 8, Step 21] Opponent: 공격 - Doppelgangster[2/2] -> Jaina Proudmoore
[Turn 8, Step 21] Opponent: 카드 플레이 - Kobold Sandtrooper (코스트: 2)
[Turn 8, Step 21] Opponent: 공격 - Platebreaker[5/1] -> Deathaxe Punisher
[Turn 8, Step 21] Opponent: 공격 - Doppelgangster[2/2] -> Jaina Proudmoore
[Turn 8, Step 21] Opponent: 카드 플레이 - Bonechewer Brawler (코스트: 2)
[Turn 8, Step 21] Opponent: 공격 - Doppelgangster[2/2] -> Jaina Proudmoore

--- Game State (Turn 8, Step 22) ---
Agent: Jaina Proudmoore HP: 0, Mana: 2/8
  Hand (6): Kalecgos, Leatherclad Hogleader, Ysera, Mojomaster Zihi, Deranged Doctor, Captured Jormungar
Opponent: Rexxar HP: 26, Mana: 1/8
  Hand (5)
  Field: Kobold Monk[3/4], Doppelgangster[2/2], Doppelgangster[2/2], Doppelgangster[2/2], SN1P-SN4P[2/3], Kobold Sandtrooper[2/1], Bonechewer Brawler[2/3]

============================================================
게임 종료 - Terminated: True, Truncated: False
승자: Opponent
============================================================

