============================================================
NEW GAME STARTED
Agent: HERO_08 vs Opponent: HERO_05
Action Masking: OFF
============================================================
[Turn 1, Step 0] Agent: 유효하지 않은 액션 인덱스(1) → 0로 보정
[Turn 1, Step 0] Agent: 턴 종료

[Turn 1] === Opponent's Turn ===
[Turn 1, Step 0] Opponent: 카드 플레이 - The Coin (코스트: 0)
[Turn 1, Step 0] Opponent: 카드 플레이 - Ravasaur Runt (코스트: 2)
[Turn 1, Step 0] Opponent: 턴 종료
[Turn 2, Step 1] Agent: 유효하지 않은 액션 인덱스(31) → 3로 보정
[Turn 2, Step 1] Agent: 카드 플레이 - Dragon Breeder (코스트: 2)
[Turn 2, Step 2] Agent: 유효하지 않은 액션 인덱스(45) → 0로 보정
[Turn 2, Step 2] Agent: 턴 종료

[Turn 2] === Opponent's Turn ===
[Turn 2, Step 2] Opponent: 턴 종료
[Turn 3, Step 3] Agent: 공격 - Dragon Breeder[2/3] -> Rexxar
[Turn 3, Step 4] Agent: 유효하지 않은 액션 인덱스(87) → 3로 보정
[Turn 3, Step 4] Agent: 영웅 능력 사용 -> Jaina Proudmoore

--- Game State (Turn 3, Step 5) ---
Agent: Jaina Proudmoore HP: 29, Mana: 1/3
  Hand (5): Flamecannon, Mad Scientist, Clockwork Automaton, Volcanosaur, Tentacled Menace
  Field: Dragon Breeder[2/3]
Opponent: Rexxar HP: 28, Mana: 2/2
  Hand (5)
  Field: Ravasaur Runt[2/2]
[Turn 3, Step 5] Agent: 유효하지 않은 액션 인덱스(30) → 0로 보정
[Turn 3, Step 5] Agent: 턴 종료

[Turn 3] === Opponent's Turn ===
[Turn 3, Step 5] Opponent: 영웅 능력 사용
[Turn 3, Step 5] Opponent: 공격 - Ravasaur Runt[2/2] -> Dragon Breeder
[Turn 3, Step 5] Opponent: 턴 종료
[Turn 4, Step 6] Agent: 유효하지 않은 액션 인덱스(36) → 1로 보정
[Turn 4, Step 6] Agent: 카드 플레이 - Mad Scientist (코스트: 2)
[Turn 4, Step 7] Agent: 유효하지 않은 액션 인덱스(52) → 3로 보정
[Turn 4, Step 7] Agent: 영웅 능력 사용 -> Rexxar
[Turn 4, Step 8] Agent: 유효하지 않은 액션 인덱스(39) → 1로 보정
[Turn 4, Step 8] Agent: 공격 - Dragon Breeder[2/1] -> Rexxar
[Turn 4, Step 9] Agent: 유효하지 않은 액션 인덱스(3) → 0로 보정
[Turn 4, Step 9] Agent: 턴 종료

[Turn 4] === Opponent's Turn ===
[Turn 4, Step 9] Opponent: 영웅 능력 사용
[Turn 4, Step 9] Opponent: 카드 플레이 - Grizzled Wizard (코스트: 2)
[Turn 4, Step 9] Opponent: 턴 종료

--- Game State (Turn 5, Step 10) ---
Agent: Jaina Proudmoore HP: 25, Mana: 5/5
  Hand (6): Flamecannon, Clockwork Automaton, Volcanosaur, Tentacled Menace, Sunfury Protector, Loatheb
  Field: Dragon Breeder[2/1], Mad Scientist[2/2]
Opponent: Rexxar HP: 25, Mana: 0/4
  Hand (6)
  Field: Grizzled Wizard[3/2]
[Turn 5, Step 10] Agent: 유효하지 않은 액션 인덱스(38) → 5로 보정
[Turn 5, Step 10] Agent: 카드 플레이 - Loatheb (코스트: 5)
[Turn 5, Step 11] Agent: 유효하지 않은 액션 인덱스(48) → 3로 보정
[Turn 5, Step 11] Agent: 공격 - Mad Scientist[2/2] -> Rexxar
[Turn 5, Step 12] Agent: 유효하지 않은 액션 인덱스(14) → 2로 보정
[Turn 5, Step 12] Agent: 공격 - Dragon Breeder[2/1] -> Grizzled Wizard
[Turn 5, Step 13] Agent: 유효하지 않은 액션 인덱스(5) → 0로 보정
[Turn 5, Step 13] Agent: 턴 종료

[Turn 5] === Opponent's Turn ===
[Turn 5, Step 13] Opponent: 카드 플레이 - Halazzi, the Lynx (코스트: 5)
[Turn 5, Step 13] Opponent: 턴 종료
[Turn 6, Step 14] Agent: 유효하지 않은 액션 인덱스(14) → 0로 보정
[Turn 6, Step 14] Agent: 턴 종료

[Turn 6] === Opponent's Turn ===
[Turn 6, Step 14] Opponent: 턴 종료

--- Game State (Turn 7, Step 15) ---
Agent: Jaina Proudmoore HP: 25, Mana: 7/7
  Hand (7): Flamecannon, Clockwork Automaton, Volcanosaur, Tentacled Menace, Sunfury Protector, Naga Sea Witch, Cabalist's Tome
  Field: Mad Scientist[2/2], Loatheb[5/5]
Opponent: Rexxar HP: 23, Mana: 6/6
  Hand (10)
  Field: Halazzi, the Lynx[3/2]
[Turn 7, Step 15] Agent: 카드 플레이 - Flamecannon (코스트: 2)
[Turn 7, Step 16] Agent: 영웅 능력 사용 -> Jaina Proudmoore
[Turn 7, Step 17] Agent: 유효하지 않은 액션 인덱스(88) → 0로 보정
[Turn 7, Step 17] Agent: 턴 종료

[Turn 7] === Opponent's Turn ===
[Turn 7, Step 17] Opponent: 카드 플레이 - Lynx (코스트: 1)
[Turn 7, Step 17] Opponent: 카드 플레이 - Portal Overfiend (코스트: 6)
[Turn 7, Step 17] Opponent: 공격 - Lynx[1/1] -> Loatheb
[Turn 7, Step 17] Opponent: 턴 종료
[Turn 8, Step 18] Agent: 유효하지 않은 액션 인덱스(68) → 0로 보정
[Turn 8, Step 18] Agent: 턴 종료

[Turn 8] === Opponent's Turn ===
[Turn 8, Step 18] Opponent: 카드 플레이 - Lynx (코스트: 1)
[Turn 8, Step 18] Opponent: 턴 종료
[Turn 9, Step 19] Agent: 유효하지 않은 액션 인덱스(24) → 3로 보정
[Turn 9, Step 19] Agent: 카드 플레이 - Tentacled Menace (코스트: 5)

--- Game State (Turn 9, Step 20) ---
Agent: Jaina Proudmoore HP: 24, Mana: 4/9
  Hand (8): Clockwork Automaton, Volcanosaur, Sunfury Protector, Naga Sea Witch, Cabalist's Tome, Worgen Abomination, Novice Engineer, Dwarven Archaeologist
  Field: Mad Scientist[2/2], Loatheb[5/4], Tentacled Menace[6/5]
Opponent: Rexxar HP: 23, Mana: 7/8
  Hand (9)
  Field: Portal Overfiend[5/6], Lynx[1/1], Felhound[2/2]
[Turn 9, Step 20] Agent: 유효하지 않은 액션 인덱스(41) → 1로 보정
[Turn 9, Step 20] Agent: 카드 플레이 - Sunfury Protector (코스트: 2)
[Turn 9, Step 21] Agent: 영웅 능력 사용 -> Rexxar
[Turn 9, Step 22] Agent: 유효하지 않은 액션 인덱스(16) → 7로 보정
[Turn 9, Step 22] Agent: 공격 - Loatheb[5/4] -> Lynx
[Turn 9, Step 23] Agent: 유효하지 않은 액션 인덱스(84) → 0로 보정
[Turn 9, Step 23] Agent: 턴 종료

[Turn 9] === Opponent's Turn ===
[Turn 9, Step 23] Opponent: 카드 플레이 - Sergeant Sally (코스트: 3)
[Turn 9, Step 23] Opponent: 카드 플레이 - Stonetusk Boar (코스트: 1)
[Turn 9, Step 23] Opponent: 턴 종료
[Turn 10, Step 24] Agent: 영웅 능력 사용 -> Tentacled Menace

--- Game State (Turn 10, Step 25) ---
Agent: Jaina Proudmoore HP: 24, Mana: 8/10
  Hand (8): Clockwork Automaton, Volcanosaur, Naga Sea Witch, Cabalist's Tome, Worgen Abomination, Novice Engineer, Dwarven Archaeologist, Black Cat
  Field: Mad Scientist[2/2], Loatheb[5/3], Tentacled Menace[6/4], Sunfury Protector[2/3]
Opponent: Rexxar HP: 22, Mana: 5/9
  Hand (8)
  Field: Portal Overfiend[5/6], Felhound[2/2], Felhound[2/2], Sergeant Sally[1/1], Stonetusk Boar[1/1]
[Turn 10, Step 25] Agent: 유효하지 않은 액션 인덱스(36) → 3로 보정
[Turn 10, Step 25] Agent: 카드 플레이 - Naga Sea Witch (코스트: 8)
[Turn 10, Step 26] Agent: 공격 - Sunfury Protector[2/3] -> Felhound
[Turn 10, Step 27] Agent: 유효하지 않은 액션 인덱스(92) → 12로 보정
[Turn 10, Step 27] Agent: 공격 - Tentacled Menace[6/4] -> Portal Overfiend
[Turn 10, Step 28] Agent: 유효하지 않은 액션 인덱스(35) → 8로 보정
[Turn 10, Step 28] Agent: 공격 - Loatheb[5/3] -> Stonetusk Boar
[Turn 10, Step 29] Agent: 유효하지 않은 액션 인덱스(6) → 2로 보정
[Turn 10, Step 29] Agent: 공격 - Mad Scientist[2/2] -> Felhound

--- Game State (Turn 10, Step 30) ---
Agent: Jaina Proudmoore HP: 24, Mana: 0/10
  Hand (7): Clockwork Automaton, Volcanosaur, Cabalist's Tome, Worgen Abomination, Novice Engineer, Dwarven Archaeologist, Black Cat
  Field: Loatheb[5/2], Sunfury Protector[2/1], Naga Sea Witch[5/5]
Opponent: Rexxar HP: 22, Mana: 5/9
  Hand (8)
  Field: Sergeant Sally[1/1]
[Turn 10, Step 30] Agent: 유효하지 않은 액션 인덱스(56) → 0로 보정
[Turn 10, Step 30] Agent: 턴 종료

[Turn 10] === Opponent's Turn ===
[Turn 10, Step 30] Opponent: 카드 플레이 - Leatherclad Hogleader (코스트: 6)
[Turn 10, Step 30] Opponent: 공격 - Leatherclad Hogleader[6/6] -> Naga Sea Witch
[Turn 10, Step 30] Opponent: 공격 - Sergeant Sally[1/1] -> Loatheb
[Turn 10, Step 30] Opponent: 카드 플레이 - Runic Egg (코스트: 1)
[Turn 10, Step 30] Opponent: 카드 플레이 - Lynx (코스트: 1)
[Turn 10, Step 30] Opponent: 카드 플레이 - Lynx (코스트: 1)
[Turn 10, Step 30] Opponent: 턴 종료
[Turn 10, Step 31] Agent: 유효하지 않은 액션 인덱스(19) → 4로 보정
[Turn 10, Step 31] Agent: 카드 플레이 - Worgen Abomination (코스트: 7)
[Turn 10, Step 32] Agent: 유효하지 않은 액션 인덱스(34) → 4로 보정
[Turn 10, Step 32] Agent: 영웅 능력 사용 -> Jaina Proudmoore
[Turn 10, Step 33] Agent: 유효하지 않은 액션 인덱스(66) → 0로 보정
[Turn 10, Step 33] Agent: 턴 종료

[Turn 10] === Opponent's Turn ===
[Turn 10, Step 33] Opponent: 카드 플레이 - Tainted Zealot (코스트: 2)
[Turn 10, Step 33] Opponent: 카드 플레이 - Ancient of Blossoms (코스트: 6)
[Turn 10, Step 33] Opponent: 영웅 능력 사용
[Turn 10, Step 33] Opponent: 턴 종료
[Turn 10, Step 34] Agent: 유효하지 않은 액션 인덱스(42) → 4로 보정
[Turn 10, Step 34] Agent: 카드 플레이 - Novice Engineer (코스트: 2)

--- Game State (Turn 10, Step 35) ---
Agent: Jaina Proudmoore HP: 21, Mana: 8/10
  Hand (8): Clockwork Automaton, Volcanosaur, Cabalist's Tome, Dwarven Archaeologist, Black Cat, Alexstrasza, Blingtron 3000, Magic Carpet
  Field: Worgen Abomination[6/6], Novice Engineer[1/1]
Opponent: Rexxar HP: 22, Mana: 0/10
  Hand (4)
  Field: Runic Egg[0/2], Lynx[1/1], Lynx[1/1], Tainted Zealot[1/1], Ancient of Blossoms[3/8]
[Turn 10, Step 35] Agent: 유효하지 않은 액션 인덱스(78) → 6로 보정
[Turn 10, Step 35] Agent: 카드 플레이 - Blingtron 3000 (코스트: 5)
[Turn 10, Step 36] Agent: 유효하지 않은 액션 인덱스(32) → 0로 보정
[Turn 10, Step 36] Agent: 턴 종료

[Turn 10] === Opponent's Turn ===
[Turn 10, Step 36] Opponent: 턴 종료
[Turn 10, Step 37] Agent: 유효하지 않은 액션 인덱스(67) → 17로 보정
[Turn 10, Step 37] Agent: 영웅 능력 사용 -> Ancient of Blossoms
[Turn 10, Step 38] Agent: 유효하지 않은 액션 인덱스(38) → 2로 보정
[Turn 10, Step 38] Agent: 카드 플레이 - Volcanosaur (코스트: 7)
[Turn 10, Step 39] Agent: 선택 - Poison Spit
[Turn 10, Step 39] Agent: 선택 - Liquid Membrane
[Turn 10, Step 39] Agent: 유효하지 않은 액션 인덱스(38) → 2로 보정
[Turn 10, Step 39] Agent: 공격 - Worgen Abomination[6/6] -> Ancient of Blossoms

--- Game State (Turn 10, Step 40) ---
Agent: Jaina Proudmoore HP: 21, Mana: 1/10
  Hand (7): Clockwork Automaton, Cabalist's Tome, Dwarven Archaeologist, Black Cat, Alexstrasza, Magic Carpet, Feral Gibberer
  Field: Worgen Abomination[6/3], Novice Engineer[1/1], Blingtron 3000[3/4], Volcanosaur[5/6]
Opponent: Rexxar HP: 22, Mana: 10/10
  Hand (6)
  Field: Runic Egg[0/2], Lynx[1/1], Lynx[1/1], Tainted Zealot[1/1], Ancient of Blossoms[3/1], Felhound[2/2]
[Turn 10, Step 40] Agent: 턴 종료

[Turn 10] === Opponent's Turn ===
[Turn 10, Step 40] Opponent: 공격 - Tainted Zealot[1/1] -> Jaina Proudmoore
[Turn 10, Step 40] Opponent: 턴 종료
[Turn 10, Step 41] Agent: 유효하지 않은 액션 인덱스(58) → 8로 보정
[Turn 10, Step 41] Agent: 카드 플레이 - Feral Gibberer (코스트: 1)
[Turn 10, Step 42] Agent: 공격 - Blingtron 3000[3/4] -> Lynx
[Turn 10, Step 43] Agent: 유효하지 않은 액션 인덱스(49) → 10로 보정
[Turn 10, Step 43] Agent: 영웅 능력 사용 -> Rexxar
[Turn 10, Step 44] Agent: 유효하지 않은 액션 인덱스(72) → 18로 보정
[Turn 10, Step 44] Agent: 공격 - Volcanosaur[5/6] -> Runic Egg

--- Game State (Turn 10, Step 45) ---
Agent: Jaina Proudmoore HP: 20, Mana: 7/10
  Hand (7): Clockwork Automaton, Cabalist's Tome, Dwarven Archaeologist, Black Cat, Alexstrasza, Magic Carpet, Coldwraith
  Field: Worgen Abomination[6/3], Novice Engineer[1/1], Blingtron 3000[3/3], Volcanosaur[5/6], Feral Gibberer[1/1]
Opponent: Rexxar HP: 21, Mana: 10/10
  Hand (9)
  Field: Lynx[1/1], Tainted Zealot[1/1], Felhound[2/2]
[Turn 10, Step 45] Agent: 유효하지 않은 액션 인덱스(73) → 16로 보정
[Turn 10, Step 45] Agent: 공격 - Jaina Proudmoore[3/20] -> Lynx
[Turn 10, Step 46] Agent: 유효하지 않은 액션 인덱스(98) → 7로 보정
[Turn 10, Step 46] Agent: 공격 - Worgen Abomination[6/3] -> Rexxar
[Turn 10, Step 47] Agent: 유효하지 않은 액션 인덱스(75) → 5로 보정
[Turn 10, Step 47] Agent: 카드 플레이 - Magic Carpet (코스트: 3)
[Turn 10, Step 48] Agent: 유효하지 않은 액션 인덱스(41) → 6로 보정
[Turn 10, Step 48] Agent: 공격 - Novice Engineer[1/1] -> Felhound
[Turn 10, Step 49] Agent: 유효하지 않은 액션 인덱스(97) → 1로 보정
[Turn 10, Step 49] Agent: 카드 플레이 - Dwarven Archaeologist (코스트: 2)

--- Game State (Turn 10, Step 50) ---
Agent: Jaina Proudmoore HP: 19, Mana: 2/10
  Hand (5): Clockwork Automaton, Cabalist's Tome, Black Cat, Alexstrasza, Coldwraith
  Field: Worgen Abomination[6/3], Blingtron 3000[3/3], Volcanosaur[5/6], Feral Gibberer[1/1], Magic Carpet[1/6], Dwarven Archaeologist[2/3]
Opponent: Rexxar HP: 15, Mana: 10/10
  Hand (9)
  Field: Tainted Zealot[1/1], Felhound[2/1]
[Turn 10, Step 50] Agent: 유효하지 않은 액션 인덱스(52) → 0로 보정
[Turn 10, Step 50] Agent: 턴 종료

[Turn 10] === Opponent's Turn ===
[Turn 10, Step 50] Opponent: 턴 종료
[Turn 10, Step 51] Agent: 유효하지 않은 액션 인덱스(37) → 7로 보정
[Turn 10, Step 51] Agent: 카드 플레이 - Kabal Crystal Runner (코스트: 6)
[Turn 10, Step 52] Agent: 유효하지 않은 액션 인덱스(96) → 0로 보정
[Turn 10, Step 52] Agent: 턴 종료

[Turn 10] === Opponent's Turn ===
[Turn 10, Step 52] Opponent: 카드 플레이 - Defender of Argus (코스트: 4)
[Turn 10, Step 52] Opponent: 카드 플레이 - Ice Rager (코스트: 3)
[Turn 10, Step 52] Opponent: 카드 플레이 - Flame Imp (코스트: 1)
[Turn 10, Step 52] Opponent: 공격 - Tainted Zealot[2/2] -> Worgen Abomination
[Turn 10, Step 52] Opponent: 카드 플레이 - Voidwalker (코스트: 1)
[Turn 10, Step 52] Opponent: 턴 종료
[Turn 10, Step 53] Agent: 영웅 능력 사용 -> Worgen Abomination
[Turn 10, Step 54] Agent: 공격 - Volcanosaur[5/6] -> Tainted Zealot

--- Game State (Turn 10, Step 55) ---
Agent: Jaina Proudmoore HP: 19, Mana: 8/10
  Hand (6): Clockwork Automaton, Cabalist's Tome, Black Cat, Alexstrasza, Coldwraith, Chief Inspector
  Field: Volcanosaur[5/4], Feral Gibberer[1/1], Magic Carpet[1/6], Dwarven Archaeologist[2/3], Kabal Crystal Runner[5/5]
Opponent: Rexxar HP: 12, Mana: 1/10
  Hand (6)
  Field: Defender of Argus[2/3], Ice Rager[5/2], Flame Imp[3/2], Voidwalker[1/3]
[Turn 10, Step 55] Agent: 유효하지 않은 액션 인덱스(73) → 7로 보정
[Turn 10, Step 55] Agent: 공격 - Magic Carpet[1/6] -> Voidwalker
[Turn 10, Step 56] Agent: 유효하지 않은 액션 인덱스(11) → 1로 보정
[Turn 10, Step 56] Agent: 카드 플레이 - Clockwork Automaton (코스트: 5)
[Turn 10, Step 57] Agent: 유효하지 않은 액션 인덱스(21) → 0로 보정
[Turn 10, Step 57] Agent: 턴 종료

[Turn 10] === Opponent's Turn ===
[Turn 10, Step 57] Opponent: 공격 - Flame Imp[3/2] -> Kabal Crystal Runner
[Turn 10, Step 57] Opponent: 카드 플레이 - Molten Giant (코스트: 2)
[Turn 10, Step 57] Opponent: 공격 - Defender of Argus[2/3] -> Volcanosaur
[Turn 10, Step 57] Opponent: 공격 - Ice Rager[5/2] -> Feral Gibberer
[Turn 10, Step 57] Opponent: 턴 종료
[Turn 10, Step 58] Agent: 유효하지 않은 액션 인덱스(54) → 8로 보정
[Turn 10, Step 58] Agent: 영웅 능력 사용 -> Jaina Proudmoore
[Turn 10, Step 59] Agent: 유효하지 않은 액션 인덱스(70) → 10로 보정
[Turn 10, Step 59] Agent: 공격 - Clockwork Automaton[4/4] -> Voidwalker

--- Game State (Turn 10, Step 60) ---
Agent: Jaina Proudmoore HP: 17, Mana: 8/10
  Hand (6): Cabalist's Tome, Black Cat, Alexstrasza, Coldwraith, Chief Inspector, Exotic Mountseller
  Field: Volcanosaur[5/2], Magic Carpet[1/5], Dwarven Archaeologist[2/3], Kabal Crystal Runner[5/2], Clockwork Automaton[4/3]
Opponent: Rexxar HP: 12, Mana: 8/10
  Hand (7)
  Field: Ice Rager[5/1], Molten Giant[8/8]
[Turn 10, Step 60] Agent: 유효하지 않은 액션 인덱스(93) → 9로 보정
[Turn 10, Step 60] Agent: 공격 - Magic Carpet[1/5] -> Rexxar
[Turn 10, Step 61] Agent: 공격 - Dwarven Archaeologist[2/3] -> Rexxar
[Turn 10, Step 62] Agent: 유효하지 않은 액션 인덱스(36) → 6로 보정
[Turn 10, Step 62] Agent: 공격 - Volcanosaur[5/2] -> Rexxar
[Turn 10, Step 63] Agent: 공격 - Kabal Crystal Runner[5/2] -> Rexxar

--- Game State (Turn 10, Step 64) ---
Agent: Jaina Proudmoore HP: 17, Mana: 8/10
  Hand (6): Cabalist's Tome, Black Cat, Alexstrasza, Coldwraith, Chief Inspector, Exotic Mountseller
  Field: Volcanosaur[5/2], Magic Carpet[1/5], Dwarven Archaeologist[2/3], Kabal Crystal Runner[5/2], Clockwork Automaton[4/3]
Opponent: Rexxar HP: 0, Mana: 8/10
  Hand (7)
  Field: Ice Rager[5/1], Molten Giant[8/8]

============================================================
게임 종료 - Terminated: True, Truncated: False
승자: Agent
============================================================

