============================================================
NEW GAME STARTED
Agent: HERO_08 vs Opponent: HERO_05
Action Masking: OFF
============================================================
[Turn 1, Step 0] Agent: 유효하지 않은 액션 인덱스(61) → 1로 보정
[Turn 1, Step 0] Agent: 카드 플레이 - Crystallizer (코스트: 1)
[Turn 1, Step 1] Agent: 유효하지 않은 액션 인덱스(1) → 0로 보정
[Turn 1, Step 1] Agent: 턴 종료

[Turn 1] === Opponent's Turn ===
[Turn 1, Step 1] Opponent: 턴 종료
[Turn 2, Step 2] Agent: 유효하지 않은 액션 인덱스(86) → 1로 보정
[Turn 2, Step 2] Agent: 영웅 능력 사용 -> Jaina Proudmoore
[Turn 2, Step 3] Agent: 유효하지 않은 액션 인덱스(55) → 1로 보정
[Turn 2, Step 3] Agent: 공격 - Crystallizer[1/3] -> Rexxar
[Turn 2, Step 4] Agent: 유효하지 않은 액션 인덱스(2) → 0로 보정
[Turn 2, Step 4] Agent: 턴 종료

[Turn 2] === Opponent's Turn ===
[Turn 2, Step 4] Opponent: 턴 종료

--- Game State (Turn 3, Step 5) ---
Agent: Jaina Proudmoore HP: 25, Mana: 3/3
  Hand (5): Streetwise Investigator, Street Trickster, Sandbinder, North Sea Kraken, Faceless Lurker
  Field: Crystallizer[1/3]
Opponent: Rexxar HP: 29, Mana: 2/2
  Hand (7)
[Turn 3, Step 5] Agent: 유효하지 않은 액션 인덱스(39) → 3로 보정
[Turn 3, Step 5] Agent: 영웅 능력 사용 -> Rexxar
[Turn 3, Step 6] Agent: 유효하지 않은 액션 인덱스(53) → 1로 보정
[Turn 3, Step 6] Agent: 공격 - Crystallizer[1/3] -> Rexxar
[Turn 3, Step 7] Agent: 유효하지 않은 액션 인덱스(49) → 0로 보정
[Turn 3, Step 7] Agent: 턴 종료

[Turn 3] === Opponent's Turn ===
[Turn 3, Step 7] Opponent: 카드 플레이 - The Coin (코스트: 0)
[Turn 3, Step 7] Opponent: 카드 플레이 - Dalaran Mage (코스트: 3)
[Turn 3, Step 7] Opponent: 턴 종료
[Turn 4, Step 8] Agent: 유효하지 않은 액션 인덱스(37) → 11로 보정
[Turn 4, Step 8] Agent: 공격 - Crystallizer[1/3] -> Rexxar
[Turn 4, Step 9] Agent: 유효하지 않은 액션 인덱스(47) → 3로 보정
[Turn 4, Step 9] Agent: 카드 플레이 - Fireball -> Jaina Proudmoore (코스트: 4)

--- Game State (Turn 4, Step 10) ---
Agent: Jaina Proudmoore HP: 23, Mana: 0/4
  Hand (5): Streetwise Investigator, Street Trickster, Sandbinder, North Sea Kraken, Faceless Lurker
  Field: Crystallizer[1/3]
Opponent: Rexxar HP: 26, Mana: 1/3
  Hand (6)
  Field: Dalaran Mage[1/4]
[Turn 4, Step 10] Agent: 유효하지 않은 액션 인덱스(15) → 0로 보정
[Turn 4, Step 10] Agent: 턴 종료

[Turn 4] === Opponent's Turn ===
[Turn 4, Step 10] Opponent: 영웅 능력 사용
[Turn 4, Step 10] Opponent: 공격 - Dalaran Mage[1/4] -> Jaina Proudmoore
[Turn 4, Step 10] Opponent: 턴 종료
[Turn 5, Step 11] Agent: 유효하지 않은 액션 인덱스(95) → 7로 보정
[Turn 5, Step 11] Agent: 영웅 능력 사용 -> Crystallizer
[Turn 5, Step 12] Agent: 유효하지 않은 액션 인덱스(45) → 1로 보정
[Turn 5, Step 12] Agent: 카드 플레이 - Street Trickster (코스트: 3)
[Turn 5, Step 13] Agent: 유효하지 않은 액션 인덱스(99) → 0로 보정
[Turn 5, Step 13] Agent: 턴 종료

[Turn 5] === Opponent's Turn ===
[Turn 5, Step 13] Opponent: 공격 - Dalaran Mage[1/4] -> Street Trickster
[Turn 5, Step 13] Opponent: 카드 플레이 - Jungle Panther (코스트: 3)
[Turn 5, Step 13] Opponent: 카드 플레이 - Abusive Sergeant -> Jungle Panther (코스트: 1)
[Turn 5, Step 13] Opponent: 턴 종료
[Turn 6, Step 14] Agent: 유효하지 않은 액션 인덱스(70) → 10로 보정
[Turn 6, Step 14] Agent: 영웅 능력 사용 -> Street Trickster

--- Game State (Turn 6, Step 15) ---
Agent: Jaina Proudmoore HP: 20, Mana: 4/6
  Hand (6): Streetwise Investigator, Sandbinder, North Sea Kraken, Faceless Lurker, Inkmaster Solia, Fallen Sun Cleric
  Field: Crystallizer[1/2], Street Trickster[0/5]
Opponent: Rexxar HP: 26, Mana: 1/5
  Hand (6)
  Field: Dalaran Mage[1/4], Jungle Panther[4/2], Abusive Sergeant[1/1]
[Turn 6, Step 15] Agent: 유효하지 않은 액션 인덱스(57) → 1로 보정
[Turn 6, Step 15] Agent: 카드 플레이 - Sandbinder (코스트: 4)
[Turn 6, Step 16] Agent: 유효하지 않은 액션 인덱스(86) → 2로 보정
[Turn 6, Step 16] Agent: 공격 - Crystallizer[1/2] -> Dalaran Mage
[Turn 6, Step 17] Agent: 유효하지 않은 액션 인덱스(84) → 0로 보정
[Turn 6, Step 17] Agent: 턴 종료

[Turn 6] === Opponent's Turn ===
[Turn 6, Step 17] Opponent: 공격 - Dalaran Mage[1/3] -> Crystallizer
[Turn 6, Step 17] Opponent: 턴 종료
[Turn 7, Step 18] Agent: 영웅 능력 사용 -> Rexxar
[Turn 7, Step 19] Agent: 유효하지 않은 액션 인덱스(66) → 6로 보정
[Turn 7, Step 19] Agent: 카드 플레이 - Carnivorous Cube -> Sandbinder (코스트: 5)

--- Game State (Turn 7, Step 20) ---
Agent: Jaina Proudmoore HP: 20, Mana: 0/7
  Hand (5): Streetwise Investigator, North Sea Kraken, Faceless Lurker, Inkmaster Solia, Fallen Sun Cleric
  Field: Street Trickster[0/5], Carnivorous Cube[4/6]
Opponent: Rexxar HP: 25, Mana: 6/6
  Hand (7)
  Field: Dalaran Mage[1/2], Jungle Panther[4/2], Abusive Sergeant[1/1]
[Turn 7, Step 20] Agent: 유효하지 않은 액션 인덱스(86) → 0로 보정
[Turn 7, Step 20] Agent: 턴 종료

[Turn 7] === Opponent's Turn ===
[Turn 7, Step 20] Opponent: 턴 종료
[Turn 8, Step 21] Agent: 유효하지 않은 액션 인덱스(65) → 1로 보정
[Turn 8, Step 21] Agent: 카드 플레이 - Streetwise Investigator (코스트: 5)
[Turn 8, Step 22] Agent: 카드 플레이 - Fallen Sun Cleric -> Carnivorous Cube (코스트: 2)
[Turn 8, Step 23] Agent: 유효하지 않은 액션 인덱스(47) → 2로 보정
[Turn 8, Step 23] Agent: 공격 - Carnivorous Cube[5/7] -> Dalaran Mage
[Turn 8, Step 24] Agent: 유효하지 않은 액션 인덱스(96) → 0로 보정
[Turn 8, Step 24] Agent: 턴 종료

[Turn 8] === Opponent's Turn ===
[Turn 8, Step 24] Opponent: 턴 종료

--- Game State (Turn 9, Step 25) ---
Agent: Jaina Proudmoore HP: 20, Mana: 9/9
  Hand (5): North Sea Kraken, Faceless Lurker, Inkmaster Solia, Sorcerer's Apprentice, Doppelgangster
  Field: Street Trickster[0/5], Carnivorous Cube[5/6], Streetwise Investigator[4/6], Fallen Sun Cleric[2/1]
Opponent: Rexxar HP: 25, Mana: 8/8
  Hand (9)
  Field: Jungle Panther[4/2], Abusive Sergeant[1/1]
[Turn 9, Step 25] Agent: 공격 - Streetwise Investigator[4/6] -> Jungle Panther
[Turn 9, Step 26] Agent: 영웅 능력 사용 -> Abusive Sergeant
[Turn 9, Step 27] Agent: 유효하지 않은 액션 인덱스(35) → 0로 보정
[Turn 9, Step 27] Agent: 턴 종료

[Turn 9] === Opponent's Turn ===
[Turn 9, Step 27] Opponent: 카드 플레이 - Deranged Doctor (코스트: 8)
[Turn 9, Step 27] Opponent: 턴 종료
[Turn 10, Step 28] Agent: 카드 플레이 - North Sea Kraken -> Carnivorous Cube (코스트: 9)
