============================================================
NEW GAME STARTED
Agent: HERO_08 vs Opponent: HERO_05
Action Masking: OFF
Masking Expected: OFF
============================================================

[Turn 1] === Opponent's Turn ===
[Turn 1, Step 0] Opponent: 턴 종료
[Turn 1, Step 1] Agent: 카드 플레이 - Arcane Anomaly (코스트: 1)
[Turn 1, Step 2] Agent: 카드 플레이 - The Coin (코스트: 0)
[Turn 1, Step 3] Agent: 카드 플레이 - Daring Fire-Eater (코스트: 1)
[Turn 1, Step 4] Agent: 턴 종료

[Turn 1] === Opponent's Turn ===
[Turn 1, Step 4] Opponent: 카드 플레이 - Amani Berserker (코스트: 2)
[Turn 1, Step 4] Opponent: 턴 종료

--- Game State (Turn 2, Step 5) ---
Agent: Jaina Proudmoore HP: 30, Mana: 2/2
  Hand (4): Jeweled Scarab, Friendly Bartender, Zephrys the Great, Spirit of the Dragonhawk
  Field: Arcane Anomaly[2/2], Daring Fire-Eater[1/1]
Opponent: Rexxar HP: 30, Mana: 0/2
  Hand (4)
  Field: Amani Berserker[2/3]
[Turn 2, Step 5] Agent: 카드 플레이 - Jeweled Scarab (코스트: 2)
[Turn 2, Step 6] Agent: 선택 - Blackwing Technician
[Turn 2, Step 6] Agent: 턴 종료

[Turn 2] === Opponent's Turn ===
[Turn 2, Step 6] Opponent: 공격 - Amani Berserker[2/3] -> Jeweled Scarab
[Turn 2, Step 6] Opponent: 턴 종료
[Turn 3, Step 7] Agent: 카드 플레이 - Friendly Bartender (코스트: 2)
[Turn 3, Step 8] Agent: 공격 - Arcane Anomaly[2/2] -> Rexxar
[Turn 3, Step 9] Agent: 공격 - Daring Fire-Eater[1/1] -> Rexxar

--- Game State (Turn 3, Step 10) ---
Agent: Jaina Proudmoore HP: 30, Mana: 1/3
  Hand (4): Zephrys the Great, Spirit of the Dragonhawk, Blackwing Technician, Hogger, Doom of Elwynn
  Field: Arcane Anomaly[2/2], Daring Fire-Eater[1/1], Friendly Bartender[2/3]
Opponent: Rexxar HP: 27, Mana: 3/3
  Hand (5)
  Field: Amani Berserker[5/2]
[Turn 3, Step 10] Agent: 턴 종료

[Turn 3] === Opponent's Turn ===
[Turn 3, Step 10] Opponent: 턴 종료
[Turn 4, Step 11] Agent: 카드 플레이 - Zephrys the Great (코스트: 2)
[Turn 4, Step 12] Agent: 선택 - Soulfire
[Turn 4, Step 12] Agent: 턴 종료

[Turn 4] === Opponent's Turn ===
[Turn 4, Step 12] Opponent: 카드 플레이 - Coldlight Seer (코스트: 3)
[Turn 4, Step 12] Opponent: 카드 플레이 - Unseal the Vault (코스트: 1)
[Turn 4, Step 12] Opponent: 턴 종료
[Turn 5, Step 13] Agent: 공격 - Zephrys the Great[3/2] -> Coldlight Seer
[Turn 5, Step 14] Agent: 카드 플레이 - Spirit of the Dragonhawk (코스트: 2)

--- Game State (Turn 5, Step 15) ---
Agent: Jaina Proudmoore HP: 30, Mana: 3/5
  Hand (5): Blackwing Technician, Hogger, Doom of Elwynn, Harbinger Celestia, Soulfire, Hench-Clan Hogsteed
  Field: Arcane Anomaly[2/2], Daring Fire-Eater[1/1], Friendly Bartender[2/3], Spirit of the Dragonhawk[0/3]
Opponent: Rexxar HP: 27, Mana: 1/5
  Hand (5)
  Field: Amani Berserker[5/2]
[Turn 5, Step 15] Agent: 카드 플레이 - Blackwing Technician (코스트: 3)
[Turn 5, Step 16] Agent: 공격 - Arcane Anomaly[2/2] -> Rexxar
[Turn 5, Step 17] Agent: 공격 - Daring Fire-Eater[1/1] -> Rexxar
[Turn 5, Step 18] Agent: 공격 - Friendly Bartender[2/3] -> Rexxar
[Turn 5, Step 19] Agent: 턴 종료

[Turn 5] === Opponent's Turn ===
[Turn 5, Step 19] Opponent: 공격 - Amani Berserker[5/2] -> Daring Fire-Eater
[Turn 5, Step 19] Opponent: 카드 플레이 - Masked Contender (코스트: 3)
[Turn 5, Step 19] Opponent: 턴 종료

--- Game State (Turn 6, Step 20) ---
Agent: Jaina Proudmoore HP: 30, Mana: 6/6
  Hand (5): Hogger, Doom of Elwynn, Harbinger Celestia, Soulfire, Hench-Clan Hogsteed, Fel Orc Soulfiend
  Field: Arcane Anomaly[2/2], Friendly Bartender[2/3], Spirit of the Dragonhawk[0/3], Blackwing Technician[2/4]
Opponent: Rexxar HP: 22, Mana: 3/6
  Hand (5)
  Field: Amani Berserker[5/1], Masked Contender[2/4]
[Turn 6, Step 20] Agent: 카드 플레이 - Harbinger Celestia (코스트: 4)
[Turn 6, Step 21] Agent: 카드 플레이 - Soulfire -> Jaina Proudmoore (코스트: 1)
[Turn 6, Step 22] Agent: 공격 - Arcane Anomaly[2/3] -> Rexxar
[Turn 6, Step 23] Agent: 공격 - Friendly Bartender[2/3] -> Rexxar
[Turn 6, Step 24] Agent: 공격 - Blackwing Technician[2/4] -> Rexxar

--- Game State (Turn 6, Step 25) ---
Agent: Jaina Proudmoore HP: 26, Mana: 1/6
  Hand (2): Hogger, Doom of Elwynn, Fel Orc Soulfiend
  Field: Arcane Anomaly[2/3], Friendly Bartender[2/3], Spirit of the Dragonhawk[0/3], Blackwing Technician[2/4], Harbinger Celestia[5/6]
Opponent: Rexxar HP: 16, Mana: 3/6
  Hand (5)
  Field: Amani Berserker[5/1], Masked Contender[2/4]
[Turn 6, Step 25] Agent: 턴 종료

[Turn 6] === Opponent's Turn ===
[Turn 6, Step 25] Opponent: 턴 종료
[Turn 7, Step 26] Agent: 카드 플레이 - Hogger, Doom of Elwynn (코스트: 7)
[Turn 7, Step 27] Agent: 공격 - Arcane Anomaly[2/3] -> Rexxar
[Turn 7, Step 28] Agent: 공격 - Friendly Bartender[2/3] -> Rexxar
[Turn 7, Step 29] Agent: 공격 - Blackwing Technician[2/4] -> Rexxar

--- Game State (Turn 7, Step 30) ---
Agent: Jaina Proudmoore HP: 27, Mana: 0/7
  Hand (2): Fel Orc Soulfiend, Shu'ma
  Field: Arcane Anomaly[2/3], Friendly Bartender[2/3], Spirit of the Dragonhawk[0/3], Blackwing Technician[2/4], Harbinger Celestia[5/6], Hogger, Doom of Elwynn[6/6]
Opponent: Rexxar HP: 10, Mana: 7/7
  Hand (6)
  Field: Amani Berserker[5/1], Masked Contender[2/4]
[Turn 7, Step 30] Agent: 공격 - Harbinger Celestia[5/6] -> Rexxar
[Turn 7, Step 31] Agent: 턴 종료

[Turn 7] === Opponent's Turn ===
[Turn 7, Step 31] Opponent: 공격 - Masked Contender[2/4] -> Friendly Bartender
[Turn 7, Step 31] Opponent: 카드 플레이 - Hunter's Pack (코스트: 3)
[Turn 7, Step 31] Opponent: 턴 종료
[Turn 8, Step 32] Agent: 카드 플레이 - Fel Orc Soulfiend (코스트: 3)
[Turn 8, Step 33] Agent: 영웅 능력 사용 -> Jaina Proudmoore
[Turn 8, Step 34] Agent: 공격 - Arcane Anomaly[2/3] -> Rexxar

--- Game State (Turn 8, Step 35) ---
Agent: Jaina Proudmoore HP: 27, Mana: 3/8
  Hand (2): Shu'ma, Hemet Nesingwary
  Field: Arcane Anomaly[2/3], Friendly Bartender[2/1], Spirit of the Dragonhawk[0/3], Blackwing Technician[2/4], Harbinger Celestia[5/6], Hogger, Doom of Elwynn[6/6], Fel Orc Soulfiend[3/7]
Opponent: Rexxar HP: 3, Mana: 5/8
  Hand (9)
  Field: Amani Berserker[5/1], Masked Contender[2/2]
[Turn 8, Step 35] Agent: 공격 - Friendly Bartender[2/1] -> Rexxar
[Turn 8, Step 36] Agent: 공격 - Blackwing Technician[2/4] -> Rexxar

--- Game State (Turn 8, Step 37) ---
Agent: Jaina Proudmoore HP: 27, Mana: 3/8
  Hand (2): Shu'ma, Hemet Nesingwary
  Field: Arcane Anomaly[2/3], Friendly Bartender[2/1], Spirit of the Dragonhawk[0/3], Blackwing Technician[2/4], Harbinger Celestia[5/6], Hogger, Doom of Elwynn[6/6], Fel Orc Soulfiend[3/7]
Opponent: Rexxar HP: 0, Mana: 5/8
  Hand (9)
  Field: Amani Berserker[5/1], Masked Contender[2/2]

============================================================
게임 종료 - Terminated: True, Truncated: False
승자: Agent
============================================================

