============================================================
NEW GAME STARTED
Agent: HERO_08 vs Opponent: HERO_05
Action Masking: ON
Masking Expected: ON
============================================================
[Turn 1, Step 0] Agent: 턴 종료

[Turn 1] === Opponent's Turn ===
[Turn 1, Step 0] Opponent: 카드 플레이 - The Coin (코스트: 0)
[Turn 1, Step 0] Opponent: 카드 플레이 - Southsea Deckhand (코스트: 1)
[Turn 1, Step 0] Opponent: 턴 종료
[Turn 2, Step 1] Agent: 턴 종료

[Turn 2] === Opponent's Turn ===
[Turn 2, Step 1] Opponent: 턴 종료
[Turn 3, Step 2] Agent: 턴 종료

[Turn 3] === Opponent's Turn ===
[Turn 3, Step 2] Opponent: 턴 종료
[Turn 4, Step 3] Agent: 카드 플레이 - Deathspeaker (코스트: 3)
[Turn 4, Step 4] Agent: 턴 종료

[Turn 4] === Opponent's Turn ===
[Turn 4, Step 4] Opponent: 공격 - Southsea Deckhand[2/1] -> Deathspeaker
[Turn 4, Step 4] Opponent: 카드 플레이 - Blackwater Pirate (코스트: 4)
[Turn 4, Step 4] Opponent: 턴 종료

--- Game State (Turn 5, Step 5) ---
Agent: Jaina Proudmoore HP: 30, Mana: 5/5
  Hand (7): Mana Cyclone, Avian Watcher, Mana Reservoir, Crowd Favorite, Defias Cleaner, Rotten Applebaum, Hecklebot
  Field: Deathspeaker[2/2]
Opponent: Rexxar HP: 30, Mana: 0/4
  Hand (6)
  Field: Blackwater Pirate[2/5]
[Turn 5, Step 5] Agent: 영웅 능력 사용 -> Blackwater Pirate
[Turn 5, Step 6] Agent: 카드 플레이 - Mana Cyclone (코스트: 2)
[Turn 5, Step 7] Agent: 공격 - Deathspeaker[2/2] -> Blackwater Pirate
[Turn 5, Step 8] Agent: 턴 종료

[Turn 5] === Opponent's Turn ===
[Turn 5, Step 8] Opponent: 턴 종료
[Turn 6, Step 9] Agent: 카드 플레이 - Mana Reservoir (코스트: 2)

--- Game State (Turn 6, Step 10) ---
Agent: Jaina Proudmoore HP: 30, Mana: 4/6
  Hand (6): Avian Watcher, Crowd Favorite, Defias Cleaner, Rotten Applebaum, Hecklebot, Ultrasaur
  Field: Mana Cyclone[2/2], Mana Reservoir[0/6]
Opponent: Rexxar HP: 30, Mana: 5/5
  Hand (7)
  Field: Blackwater Pirate[2/2]
[Turn 6, Step 10] Agent: 영웅 능력 사용 -> Rexxar
[Turn 6, Step 11] Agent: 턴 종료

[Turn 6] === Opponent's Turn ===
[Turn 6, Step 11] Opponent: 턴 종료
[Turn 7, Step 12] Agent: 카드 플레이 - Disciple of C'Thun -> Mana Cyclone (코스트: 3)
[Turn 7, Step 13] Agent: 영웅 능력 사용 -> Jaina Proudmoore
[Turn 7, Step 14] Agent: 턴 종료

[Turn 7] === Opponent's Turn ===
[Turn 7, Step 14] Opponent: 공격 - Blackwater Pirate[2/2] -> Mana Reservoir
[Turn 7, Step 14] Opponent: 영웅 능력 사용
[Turn 7, Step 14] Opponent: 턴 종료

--- Game State (Turn 8, Step 15) ---
Agent: Jaina Proudmoore HP: 27, Mana: 8/8
  Hand (7): Avian Watcher, Crowd Favorite, Defias Cleaner, Rotten Applebaum, Hecklebot, Ultrasaur, Leyline Manipulator
  Field: Mana Reservoir[0/4], Disciple of C'Thun[2/1]
Opponent: Rexxar HP: 29, Mana: 5/7
  Hand (9)
  Field: Blackwater Pirate[2/2]
[Turn 8, Step 15] Agent: 영웅 능력 사용 -> Blackwater Pirate
[Turn 8, Step 16] Agent: 공격 - Disciple of C'Thun[2/1] -> Blackwater Pirate
[Turn 8, Step 17] Agent: 카드 플레이 - Leyline Manipulator (코스트: 4)
[Turn 8, Step 18] Agent: 턴 종료

[Turn 8] === Opponent's Turn ===
[Turn 8, Step 18] Opponent: 턴 종료
[Turn 9, Step 19] Agent: 영웅 능력 사용 -> Leyline Manipulator

--- Game State (Turn 9, Step 20) ---
Agent: Jaina Proudmoore HP: 27, Mana: 7/9
  Hand (7): Avian Watcher, Crowd Favorite, Defias Cleaner, Rotten Applebaum, Hecklebot, Ultrasaur, Target Dummy
  Field: Mana Reservoir[0/4], Leyline Manipulator[4/4]
Opponent: Rexxar HP: 29, Mana: 8/8
  Hand (10)
[Turn 9, Step 20] Agent: 턴 종료

[Turn 9] === Opponent's Turn ===
[Turn 9, Step 20] Opponent: 턴 종료
[Turn 10, Step 21] Agent: 카드 플레이 - Rotten Applebaum (코스트: 3)
[Turn 10, Step 22] Agent: 카드 플레이 - Avian Watcher (코스트: 3)
[Turn 10, Step 23] Agent: 카드 플레이 - Hecklebot (코스트: 2)
[Turn 10, Step 24] Agent: 영웅 능력 사용 -> Rexxar

--- Game State (Turn 10, Step 25) ---
Agent: Jaina Proudmoore HP: 27, Mana: 0/10
  Hand (5): Crowd Favorite, Defias Cleaner, Ultrasaur, Target Dummy, Chromatic Egg
  Field: Mana Reservoir[0/4], Leyline Manipulator[4/4], Rotten Applebaum[4/5], Avian Watcher[3/6], Hecklebot[3/8]
Opponent: Rexxar HP: 28, Mana: 9/9
  Hand (10)
  Field: Aya Blackpaw[5/3]
[Turn 10, Step 25] Agent: 턴 종료

[Turn 10] === Opponent's Turn ===
[Turn 10, Step 25] Opponent: 카드 플레이 - Thrallmar Farseer (코스트: 3)
[Turn 10, Step 25] Opponent: 턴 종료
[Turn 10, Step 26] Agent: 공격 - Rotten Applebaum[4/5] -> Rexxar
[Turn 10, Step 27] Agent: 영웅 능력 사용 -> Mana Reservoir
[Turn 10, Step 28] Agent: 공격 - Hecklebot[3/8] -> Thrallmar Farseer
[Turn 10, Step 29] Agent: 카드 플레이 - Chromatic Egg (코스트: 5)

--- Game State (Turn 10, Step 30) ---
Agent: Jaina Proudmoore HP: 27, Mana: 3/10
  Hand (5): Crowd Favorite, Defias Cleaner, Ultrasaur, Target Dummy, Faceless Behemoth
  Field: Mana Reservoir[0/3], Leyline Manipulator[4/4], Rotten Applebaum[4/5], Avian Watcher[3/6], Hecklebot[3/6], Chromatic Egg[0/3]
Opponent: Rexxar HP: 24, Mana: 7/10
  Hand (9)
  Field: Aya Blackpaw[5/3]
[Turn 10, Step 30] Agent: 선택 - Dragonmaw Scorcher
[Turn 10, Step 30] Agent: 턴 종료

[Turn 10] === Opponent's Turn ===
[Turn 10, Step 30] Opponent: 영웅 능력 사용
[Turn 10, Step 30] Opponent: 공격 - Aya Blackpaw[5/3] -> Hecklebot
[Turn 10, Step 30] Opponent: 카드 플레이 - Acolyte of Pain (코스트: 3)
[Turn 10, Step 30] Opponent: 카드 플레이 - Waste Warden -> Hecklebot (코스트: 5)
[Turn 10, Step 30] Opponent: 턴 종료
[Turn 10, Step 31] Agent: 공격 - Avian Watcher[3/6] -> Rexxar
[Turn 10, Step 32] Agent: 영웅 능력 사용 -> Acolyte of Pain
[Turn 10, Step 33] Agent: 공격 - Leyline Manipulator[4/4] -> Acolyte of Pain
[Turn 10, Step 34] Agent: 카드 플레이 - Target Dummy (코스트: 0)

--- Game State (Turn 10, Step 35) ---
Agent: Jaina Proudmoore HP: 25, Mana: 8/10
  Hand (5): Crowd Favorite, Defias Cleaner, Ultrasaur, Faceless Behemoth, Faithful Lumi
  Field: Mana Reservoir[0/3], Leyline Manipulator[4/3], Rotten Applebaum[4/5], Avian Watcher[3/6], Chromatic Egg[0/3], Target Dummy[0/2]
Opponent: Rexxar HP: 21, Mana: 0/10
  Hand (10)
  Field: Jade Golem[1/1], Waste Warden[3/3]
[Turn 10, Step 35] Agent: 공격 - Rotten Applebaum[4/5] -> Jade Golem
[Turn 10, Step 36] Agent: 카드 플레이 - Defias Cleaner -> Chromatic Egg (코스트: 4)
[Turn 10, Step 37] Agent: 턴 종료

[Turn 10] === Opponent's Turn ===
[Turn 10, Step 37] Opponent: 턴 종료
[Turn 10, Step 38] Agent: 턴 종료

[Turn 10] === Opponent's Turn ===
[Turn 10, Step 38] Opponent: 카드 플레이 - Ursatron (코스트: 3)
[Turn 10, Step 38] Opponent: 카드 플레이 - Faceless Shambler -> Ursatron (코스트: 4)
[Turn 10, Step 38] Opponent: 영웅 능력 사용
[Turn 10, Step 38] Opponent: 카드 플레이 - Feral Gibberer (코스트: 1)
[Turn 10, Step 38] Opponent: 턴 종료
[Turn 10, Step 39] Agent: 영웅 능력 사용 -> Defias Cleaner

--- Game State (Turn 10, Step 40) ---
Agent: Jaina Proudmoore HP: 23, Mana: 8/10
  Hand (6): Crowd Favorite, Ultrasaur, Faceless Behemoth, Faithful Lumi, Frenzied Felwing, Clockwork Giant
  Field: Mana Reservoir[0/3], Leyline Manipulator[4/3], Rotten Applebaum[4/4], Avian Watcher[3/6], Chromatic Egg[0/3], Target Dummy[0/2], Defias Cleaner[5/6]
Opponent: Rexxar HP: 21, Mana: 0/10
  Hand (7)
  Field: Waste Warden[3/3], Ursatron[3/3], Faceless Shambler[3/3], Feral Gibberer[1/1]
[Turn 10, Step 40] Agent: 공격 - Rotten Applebaum[4/4] -> Faceless Shambler
[Turn 10, Step 41] Agent: 공격 - Leyline Manipulator[4/3] -> Feral Gibberer
[Turn 10, Step 42] Agent: 공격 - Defias Cleaner[5/6] -> Waste Warden
[Turn 10, Step 43] Agent: 공격 - Avian Watcher[3/6] -> Rexxar
[Turn 10, Step 44] Agent: 턴 종료

[Turn 10] === Opponent's Turn ===
[Turn 10, Step 44] Opponent: 공격 - Ursatron[3/3] -> Rotten Applebaum
[Turn 10, Step 44] Opponent: 카드 플레이 - Twin Tyrant (코스트: 8)
[Turn 10, Step 44] Opponent: 영웅 능력 사용
[Turn 10, Step 44] Opponent: 턴 종료

--- Game State (Turn 10, Step 45) ---
Agent: Jaina Proudmoore HP: 25, Mana: 10/10
  Hand (7): Crowd Favorite, Ultrasaur, Faceless Behemoth, Faithful Lumi, Frenzied Felwing, Clockwork Giant, Thrallmar Farseer
  Field: Mana Reservoir[0/3], Leyline Manipulator[4/2], Avian Watcher[3/6], Chromatic Egg[0/3]
Opponent: Rexxar HP: 18, Mana: 0/10
  Hand (7)
  Field: Twin Tyrant[4/10]
[Turn 10, Step 45] Agent: 공격 - Leyline Manipulator[4/2] -> Rexxar
[Turn 10, Step 46] Agent: 공격 - Avian Watcher[3/6] -> Twin Tyrant
[Turn 10, Step 47] Agent: 카드 플레이 - Faithful Lumi (코스트: 1)
[Turn 10, Step 48] Agent: 영웅 능력 사용 -> Avian Watcher
[Turn 10, Step 49] Agent: 턴 종료

[Turn 10] === Opponent's Turn ===
[Turn 10, Step 49] Opponent: 턴 종료

--- Game State (Turn 10, Step 50) ---
Agent: Jaina Proudmoore HP: 25, Mana: 10/10
  Hand (7): Crowd Favorite, Ultrasaur, Faceless Behemoth, Frenzied Felwing, Clockwork Giant, Thrallmar Farseer, Darkspeaker
  Field: Mana Reservoir[0/3], Leyline Manipulator[4/2], Avian Watcher[3/1], Chromatic Egg[0/3], Faithful Lumi[1/1]
Opponent: Rexxar HP: 14, Mana: 10/10
  Hand (8)
  Field: Twin Tyrant[4/7]
[Turn 10, Step 50] Agent: 영웅 능력 사용 -> Rexxar
[Turn 10, Step 51] Agent: 카드 플레이 - Frenzied Felwing (코스트: 3)
[Turn 10, Step 52] Agent: 공격 - Leyline Manipulator[4/2] -> Rexxar
[Turn 10, Step 53] Agent: 카드 플레이 - Darkspeaker -> Chromatic Egg (코스트: 5)
[Turn 10, Step 54] Agent: 공격 - Faithful Lumi[1/1] -> Twin Tyrant

--- Game State (Turn 10, Step 55) ---
Agent: Jaina Proudmoore HP: 25, Mana: 0/10
  Hand (5): Crowd Favorite, Ultrasaur, Faceless Behemoth, Clockwork Giant, Thrallmar Farseer
  Field: Mana Reservoir[0/3], Leyline Manipulator[4/2], Avian Watcher[3/1], Chromatic Egg[3/6], Frenzied Felwing[3/2], Darkspeaker[0/3]
Opponent: Rexxar HP: 9, Mana: 10/10
  Hand (8)
  Field: Twin Tyrant[4/6]
[Turn 10, Step 55] Agent: 공격 - Avian Watcher[3/1] -> Rexxar
[Turn 10, Step 56] Agent: 턴 종료

[Turn 10] === Opponent's Turn ===
[Turn 10, Step 56] Opponent: 턴 종료
[Turn 10, Step 57] Agent: 영웅 능력 사용 -> Mana Reservoir
[Turn 10, Step 58] Agent: 카드 플레이 - Voodoo Doll -> Mana Reservoir (코스트: 3)
[Turn 10, Step 59] Agent: 턴 종료

[Turn 10] === Opponent's Turn ===
[Turn 10, Step 59] Opponent: 턴 종료

--- Game State (Turn 10, Step 60) ---
Agent: Jaina Proudmoore HP: 25, Mana: 10/10
  Hand (6): Crowd Favorite, Ultrasaur, Faceless Behemoth, Clockwork Giant, Thrallmar Farseer, Hyldnir Frostrider
  Field: Mana Reservoir[0/2], Leyline Manipulator[4/2], Avian Watcher[3/1], Chromatic Egg[3/6], Frenzied Felwing[3/2], Darkspeaker[0/3], Voodoo Doll[1/1]
Opponent: Rexxar HP: 6, Mana: 10/10
  Hand (10)
  Field: Twin Tyrant[4/6]
[Turn 10, Step 60] Agent: 공격 - Voodoo Doll[1/1] -> Rexxar
[Turn 10, Step 61] Agent: 공격 - Chromatic Egg[3/6] -> Twin Tyrant
[Turn 10, Step 62] Agent: 영웅 능력 사용 -> Jaina Proudmoore
[Turn 10, Step 63] Agent: 공격 - Avian Watcher[3/1] -> Twin Tyrant
[Turn 10, Step 64] Agent: 카드 플레이 - Hyldnir Frostrider (코스트: 3)

--- Game State (Turn 10, Step 65) ---
Agent: Jaina Proudmoore HP: 24, Mana: 5/10
  Hand (5): Crowd Favorite, Ultrasaur, Faceless Behemoth, Clockwork Giant, Thrallmar Farseer
  Field: Mana Reservoir[0/2], Leyline Manipulator[4/2], Chromatic Egg[3/2], Frenzied Felwing[3/2], Darkspeaker[0/3], Voodoo Doll[1/1], Hyldnir Frostrider[4/4]
Opponent: Rexxar HP: 5, Mana: 10/10
  Hand (10)
[Turn 10, Step 65] Agent: 턴 종료

[Turn 10] === Opponent's Turn ===
[Turn 10, Step 65] Opponent: 턴 종료
[Turn 10, Step 66] Agent: 영웅 능력 사용 -> Chromatic Egg
[Turn 10, Step 67] Agent: 공격 - Leyline Manipulator[4/2] -> Rexxar
[Turn 10, Step 68] Agent: 공격 - Frenzied Felwing[3/2] -> Rexxar

--- Game State (Turn 10, Step 69) ---
Agent: Jaina Proudmoore HP: 24, Mana: 8/10
  Hand (6): Crowd Favorite, Ultrasaur, Faceless Behemoth, Clockwork Giant, Thrallmar Farseer, Gazlowe
  Field: Mana Reservoir[0/2], Leyline Manipulator[4/2], Chromatic Egg[3/1], Frenzied Felwing[3/2], Darkspeaker[0/3], Voodoo Doll[1/1], Hyldnir Frostrider[4/4]
Opponent: Rexxar HP: 0, Mana: 10/10
  Hand (10)

============================================================
게임 종료 - Terminated: True, Truncated: False
승자: Agent
============================================================

