============================================================
NEW GAME STARTED
Agent: HERO_08 vs Opponent: HERO_05
Action Masking: ON
Masking Expected: ON
============================================================

[Turn 1] === Opponent's Turn ===
[Turn 1, Step 0] Opponent: 턴 종료
[Turn 1, Step 1] Agent: 턴 종료

[Turn 1] === Opponent's Turn ===
[Turn 1, Step 1] Opponent: 영웅 능력 사용
[Turn 1, Step 1] Opponent: 턴 종료
[Turn 2, Step 2] Agent: 영웅 능력 사용 -> Jaina Proudmoore
[Turn 2, Step 3] Agent: 턴 종료

[Turn 2] === Opponent's Turn ===
[Turn 2, Step 3] Opponent: 카드 플레이 - Faceless Rager (코스트: 3)
[Turn 2, Step 3] Opponent: 턴 종료
[Turn 3, Step 4] Agent: 카드 플레이 - Fire Fly (코스트: 1)

--- Game State (Turn 3, Step 5) ---
Agent: Jaina Proudmoore HP: 27, Mana: 2/3
  Hand (8): Squirming Tentacle, Dark Iron Dwarf, Ravenholdt Assassin, Crowd Favorite, The Coin, Arena Fanatic, Bittertide Hydra, Flame Elemental
  Field: Fire Fly[1/2]
Opponent: Rexxar HP: 30, Mana: 0/3
  Hand (5)
  Field: Faceless Rager[5/1]
[Turn 3, Step 5] Agent: 영웅 능력 사용 -> Rexxar
[Turn 3, Step 6] Agent: 카드 플레이 - The Coin (코스트: 0)
[Turn 3, Step 7] Agent: 카드 플레이 - Flame Elemental (코스트: 1)
[Turn 3, Step 8] Agent: 턴 종료

[Turn 3] === Opponent's Turn ===
[Turn 3, Step 8] Opponent: 카드 플레이 - Ravasaur Runt (코스트: 2)
[Turn 3, Step 8] Opponent: 공격 - Faceless Rager[5/1] -> Flame Elemental
[Turn 3, Step 8] Opponent: 카드 플레이 - Imprisoned Vilefiend (코스트: 2)
[Turn 3, Step 8] Opponent: 턴 종료
[Turn 4, Step 9] Agent: 영웅 능력 사용 -> Fire Fly

--- Game State (Turn 4, Step 10) ---
Agent: Jaina Proudmoore HP: 27, Mana: 2/4
  Hand (7): Squirming Tentacle, Dark Iron Dwarf, Ravenholdt Assassin, Crowd Favorite, Arena Fanatic, Bittertide Hydra, Augmented Elekk
  Field: Fire Fly[1/1]
Opponent: Rexxar HP: 29, Mana: 0/4
  Hand (4)
  Field: Ravasaur Runt[2/2], Imprisoned Vilefiend[3/5]
[Turn 4, Step 10] Agent: 공격 - Fire Fly[1/1] -> Ravasaur Runt
[Turn 4, Step 11] Agent: 턴 종료

[Turn 4] === Opponent's Turn ===
[Turn 4, Step 11] Opponent: 영웅 능력 사용
[Turn 4, Step 11] Opponent: 공격 - Ravasaur Runt[2/1] -> Jaina Proudmoore
[Turn 4, Step 11] Opponent: 턴 종료
[Turn 5, Step 12] Agent: 카드 플레이 - Bittertide Hydra (코스트: 5)
[Turn 5, Step 13] Agent: 턴 종료

[Turn 5] === Opponent's Turn ===
[Turn 5, Step 13] Opponent: 카드 플레이 - Seaforium Bomber (코스트: 5)
[Turn 5, Step 13] Opponent: 공격 - Ravasaur Runt[2/1] -> Jaina Proudmoore
[Turn 5, Step 13] Opponent: 카드 플레이 - Stampede (코스트: 1)
[Turn 5, Step 13] Opponent: 공격 - Imprisoned Vilefiend[3/5] -> Bittertide Hydra
[Turn 5, Step 13] Opponent: 턴 종료
[Turn 6, Step 14] Agent: 카드 플레이 - Dark Iron Dwarf -> Ravasaur Runt (코스트: 4)

--- Game State (Turn 6, Step 15) ---
Agent: Jaina Proudmoore HP: 18, Mana: 2/6
  Hand (7): Book Wyrm, Squirming Tentacle, Ravenholdt Assassin, Crowd Favorite, Arena Fanatic, Augmented Elekk, Am'gam Rager
  Field: Bittertide Hydra[8/5], Dark Iron Dwarf[4/4]
Opponent: Rexxar HP: 29, Mana: 0/6
  Hand (4)
  Field: Ravasaur Runt[4/1], Seaforium Bomber[5/5]
[Turn 6, Step 15] Agent: 영웅 능력 사용 -> Bittertide Hydra
[Turn 6, Step 16] Agent: 공격 - Bittertide Hydra[8/4] -> Rexxar
[Turn 6, Step 17] Agent: 턴 종료

[Turn 6] === Opponent's Turn ===
[Turn 6, Step 17] Opponent: 공격 - Seaforium Bomber[5/5] -> Bittertide Hydra
[Turn 6, Step 17] Opponent: 카드 플레이 - Emperor Thaurissan (코스트: 6)
[Turn 6, Step 17] Opponent: 공격 - Ravasaur Runt[2/1] -> Dark Iron Dwarf
[Turn 6, Step 17] Opponent: 턴 종료
[Turn 7, Step 18] Agent: 카드 플레이 - Augmented Elekk (코스트: 3)
[Turn 7, Step 19] Agent: 공격 - Dark Iron Dwarf[4/2] -> Rexxar

--- Game State (Turn 7, Step 20) ---
Agent: Jaina Proudmoore HP: 12, Mana: 4/7
  Hand (7): Book Wyrm, Squirming Tentacle, Ravenholdt Assassin, Crowd Favorite, Arena Fanatic, Am'gam Rager, Scrapyard Colossus
  Field: Dark Iron Dwarf[4/2], Augmented Elekk[3/4]
Opponent: Rexxar HP: 17, Mana: 1/7
  Hand (4)
  Field: Emperor Thaurissan[5/5]
[Turn 7, Step 20] Agent: 카드 플레이 - Squirming Tentacle (코스트: 3)
[Turn 7, Step 21] Agent: 턴 종료

[Turn 7] === Opponent's Turn ===
[Turn 7, Step 21] Opponent: 공격 - Emperor Thaurissan[5/5] -> Squirming Tentacle
[Turn 7, Step 21] Opponent: 카드 플레이 - Eccentric Scribe (코스트: 5)
[Turn 7, Step 21] Opponent: 카드 플레이 - Scorp-o-matic (코스트: 1)
[Turn 7, Step 21] Opponent: 카드 플레이 - Magic Carpet (코스트: 2)
[Turn 7, Step 21] Opponent: 턴 종료
[Turn 8, Step 22] Agent: 공격 - Dark Iron Dwarf[4/2] -> Magic Carpet
[Turn 8, Step 23] Agent: 카드 플레이 - Book Wyrm -> Scorp-o-matic (코스트: 6)
[Turn 8, Step 24] Agent: 영웅 능력 사용 -> Eccentric Scribe

--- Game State (Turn 8, Step 25) ---
Agent: Jaina Proudmoore HP: 12, Mana: 0/8
  Hand (6): Ravenholdt Assassin, Crowd Favorite, Arena Fanatic, Am'gam Rager, Scrapyard Colossus, Emperor Thaurissan
  Field: Dark Iron Dwarf[4/1], Augmented Elekk[3/4], Book Wyrm[3/6]
Opponent: Rexxar HP: 17, Mana: 0/8
  Hand (2)
  Field: Emperor Thaurissan[5/3], Eccentric Scribe[6/3], Scorp-o-matic[1/2], Magic Carpet[1/2]
[Turn 8, Step 25] Agent: 공격 - Augmented Elekk[3/4] -> Emperor Thaurissan
[Turn 8, Step 26] Agent: 턴 종료

[Turn 8] === Opponent's Turn ===
[Turn 8, Step 26] Opponent: 카드 플레이 - Gorillabot A-3 (코스트: 3)
[Turn 8, Step 26] Opponent: 선택 - Clockwork Gnome
[Turn 8, Step 26] Opponent: 카드 플레이 - Junkbot (코스트: 3)
[Turn 8, Step 26] Opponent: 공격 - Magic Carpet[1/2] -> Book Wyrm
[Turn 8, Step 26] Opponent: 카드 플레이 - Bug Collector (코스트: 2)
[Turn 8, Step 26] Opponent: 공격 - Locust[1/1] -> Dark Iron Dwarf
[Turn 8, Step 26] Opponent: 턴 종료
[Turn 9, Step 27] Agent: 영웅 능력 사용 -> Junkbot
[Turn 9, Step 28] Agent: 카드 플레이 - Crowd Favorite (코스트: 4)
[Turn 9, Step 29] Agent: 공격 - Book Wyrm[3/5] -> Scorp-o-matic

--- Game State (Turn 9, Step 30) ---
Agent: Jaina Proudmoore HP: 12, Mana: 3/9
  Hand (6): Ravenholdt Assassin, Arena Fanatic, Am'gam Rager, Scrapyard Colossus, Emperor Thaurissan, Jeeves
  Field: Book Wyrm[3/4], Crowd Favorite[4/4]
Opponent: Rexxar HP: 17, Mana: 1/9
  Hand (1)
  Field: Eccentric Scribe[6/3], Gorillabot A-3[3/4], Junkbot[3/6], Bug Collector[2/1]
[Turn 9, Step 30] Agent: 턴 종료

[Turn 9] === Opponent's Turn ===
[Turn 9, Step 30] Opponent: 공격 - Junkbot[3/6] -> Jaina Proudmoore
[Turn 9, Step 30] Opponent: 공격 - Gorillabot A-3[3/4] -> Jaina Proudmoore
[Turn 9, Step 30] Opponent: 카드 플레이 - Clockwork Gnome (코스트: 1)
[Turn 9, Step 30] Opponent: 공격 - Eccentric Scribe[6/3] -> Crowd Favorite
[Turn 9, Step 30] Opponent: 공격 - Bug Collector[2/1] -> Jaina Proudmoore
[Turn 9, Step 30] Opponent: 영웅 능력 사용
[Turn 9, Step 30] Opponent: 턴 종료
[Turn 10, Step 31] Agent: 공격 - Book Wyrm[3/4] -> Clockwork Gnome
[Turn 10, Step 32] Agent: 영웅 능력 사용 -> Rexxar
[Turn 10, Step 33] Agent: 카드 플레이 - Emperor Thaurissan (코스트: 6)
[Turn 10, Step 34] Agent: 턴 종료

[Turn 10] === Opponent's Turn ===
[Turn 10, Step 34] Opponent: 카드 플레이 - Pit Crocolisk -> Vengeful Scroll (코스트: 8)
[Turn 10, Step 34] Opponent: 턴 종료

--- Game State (Turn 10, Step 35) ---
Agent: Jaina Proudmoore HP: 2, Mana: 10/10
  Hand (7): Ravenholdt Assassin, Arena Fanatic, Am'gam Rager, Scrapyard Colossus, Jeeves, Simulacrum, SI:7 Infiltrator
  Field: Book Wyrm[3/2], Emperor Thaurissan[5/5]
Opponent: Rexxar HP: 16, Mana: 2/10
  Hand (2)
  Field: Vengeful Scroll[1/1], Vengeful Scroll[1/1], Gorillabot A-3[3/4], Junkbot[5/8], Bug Collector[2/1], Pit Crocolisk[5/6]
[Turn 10, Step 35] Agent: 영웅 능력 사용 -> Pit Crocolisk
[Turn 10, Step 36] Agent: 카드 플레이 - Jeeves (코스트: 3)
[Turn 10, Step 37] Agent: 카드 플레이 - Simulacrum (코스트: 2)
[Turn 10, Step 38] Agent: 공격 - Emperor Thaurissan[5/5] -> Rexxar
[Turn 10, Step 39] Agent: 카드 플레이 - Arena Fanatic (코스트: 3)

--- Game State (Turn 10, Step 40) ---
Agent: Jaina Proudmoore HP: 2, Mana: 0/10
  Hand (5): Ravenholdt Assassin, Am'gam Rager, Scrapyard Colossus, SI:7 Infiltrator, Am'gam Rager
  Field: Book Wyrm[3/2], Emperor Thaurissan[5/5], Jeeves[1/4], Arena Fanatic[2/3]
Opponent: Rexxar HP: 11, Mana: 2/10
  Hand (2)
  Field: Vengeful Scroll[1/1], Vengeful Scroll[1/1], Gorillabot A-3[3/4], Junkbot[5/8], Bug Collector[2/1], Pit Crocolisk[5/5]
[Turn 10, Step 40] Agent: 공격 - Book Wyrm[3/2] -> Rexxar
[Turn 10, Step 41] Agent: 턴 종료

[Turn 10] === Opponent's Turn ===
[Turn 10, Step 41] Opponent: 카드 플레이 - Emergency Coolant -> Bug Collector (코스트: 1)
[Turn 10, Step 41] Opponent: 공격 - Vengeful Scroll[1/1] -> Arena Fanatic
[Turn 10, Step 41] Opponent: 공격 - Vengeful Scroll[1/1] -> Jaina Proudmoore
[Turn 10, Step 41] Opponent: 카드 플레이 - Dark Iron Dwarf -> Book Wyrm (코스트: 4)
[Turn 10, Step 41] Opponent: 영웅 능력 사용

--- Game State (Turn 10, Step 42) ---
Agent: Jaina Proudmoore HP: 0, Mana: 0/10
  Hand (5): Ravenholdt Assassin, Am'gam Rager, Scrapyard Colossus, SI:7 Infiltrator, Am'gam Rager
  Field: Book Wyrm[5/2], Emperor Thaurissan[5/5], Jeeves[1/4], Arena Fanatic[2/2]
Opponent: Rexxar HP: 8, Mana: 3/10
  Hand (1)
  Field: Vengeful Scroll[1/1], Gorillabot A-3[3/4], Junkbot[5/8], Bug Collector[2/1], Pit Crocolisk[5/5], Dark Iron Dwarf[4/4]

============================================================
게임 종료 - Terminated: True, Truncated: False
승자: Opponent
============================================================

