============================================================
NEW GAME STARTED
Agent: HERO_08 vs Opponent: HERO_05
Action Masking: ON
Masking Expected: ON
============================================================
[Turn 1, Step 0] Agent: 턴 종료

[Turn 1] === Opponent's Turn ===
[Turn 1, Step 0] Opponent: 카드 플레이 - Webspinner (코스트: 1)
[Turn 1, Step 0] Opponent: 카드 플레이 - The Coin (코스트: 0)
[Turn 1, Step 0] Opponent: 카드 플레이 - Toxfin (코스트: 1)
[Turn 1, Step 0] Opponent: 턴 종료
[Turn 2, Step 1] Agent: 카드 플레이 - Fallen Hero (코스트: 2)
[Turn 2, Step 2] Agent: 턴 종료

[Turn 2] === Opponent's Turn ===
[Turn 2, Step 2] Opponent: 카드 플레이 - Tuskarr Fisherman -> Toxfin (코스트: 2)
[Turn 2, Step 2] Opponent: 턴 종료
[Turn 3, Step 3] Agent: 카드 플레이 - Icicle -> Tuskarr Fisherman (코스트: 2)
[Turn 3, Step 4] Agent: 공격 - Fallen Hero[3/2] -> Webspinner

--- Game State (Turn 3, Step 5) ---
Agent: Jaina Proudmoore HP: 30, Mana: 1/3
  Hand (4): Research Project, Skydiving Instructor, Argent Commander, Stalagg
  Field: Fallen Hero[3/1]
Opponent: Rexxar HP: 30, Mana: 0/2
  Hand (4)
  Field: Toxfin[1/2], Tuskarr Fisherman[2/1]
[Turn 3, Step 5] Agent: 턴 종료

[Turn 3] === Opponent's Turn ===
[Turn 3, Step 5] Opponent: 카드 플레이 - Helboar (코스트: 1)
[Turn 3, Step 5] Opponent: 공격 - Tuskarr Fisherman[2/1] -> Jaina Proudmoore
[Turn 3, Step 5] Opponent: 공격 - Toxfin[1/2] -> Jaina Proudmoore
[Turn 3, Step 5] Opponent: 턴 종료
[Turn 4, Step 6] Agent: 카드 플레이 - Research Project (코스트: 2)
[Turn 4, Step 7] Agent: 공격 - Fallen Hero[3/1] -> Tuskarr Fisherman
[Turn 4, Step 8] Agent: 영웅 능력 사용 -> Jaina Proudmoore
[Turn 4, Step 9] Agent: 턴 종료

[Turn 4] === Opponent's Turn ===
[Turn 4, Step 9] Opponent: 카드 플레이 - Eater of Secrets (코스트: 4)
[Turn 4, Step 9] Opponent: 공격 - Toxfin[1/2] -> Jaina Proudmoore
[Turn 4, Step 9] Opponent: 공격 - Helboar[2/1] -> Jaina Proudmoore
[Turn 4, Step 9] Opponent: 턴 종료

--- Game State (Turn 5, Step 10) ---
Agent: Jaina Proudmoore HP: 23, Mana: 5/5
  Hand (7): Skydiving Instructor, Argent Commander, Stalagg, Swamp Leech, Flame Ward, Mad Hatter, Mana Wraith
Opponent: Rexxar HP: 30, Mana: 0/4
  Hand (6)
  Field: Toxfin[1/2], Helboar[2/1], Eater of Secrets[2/4]
[Turn 5, Step 10] Agent: 영웅 능력 사용 -> Rexxar
[Turn 5, Step 11] Agent: 카드 플레이 - Skydiving Instructor (코스트: 3)
[Turn 5, Step 12] Agent: 턴 종료

[Turn 5] === Opponent's Turn ===
[Turn 5, Step 12] Opponent: 공격 - Helboar[2/1] -> Jaina Proudmoore
[Turn 5, Step 12] Opponent: 카드 플레이 - Mind Control Tech (코스트: 3)
[Turn 5, Step 12] Opponent: 공격 - Eater of Secrets[2/4] -> Jaina Proudmoore
[Turn 5, Step 12] Opponent: 영웅 능력 사용
[Turn 5, Step 12] Opponent: 공격 - Toxfin[1/2] -> Faithful Lumi
[Turn 5, Step 12] Opponent: 턴 종료
[Turn 6, Step 13] Agent: 공격 - Skydiving Instructor[2/2] -> Toxfin
[Turn 6, Step 14] Agent: 영웅 능력 사용 -> Eater of Secrets

--- Game State (Turn 6, Step 15) ---
Agent: Jaina Proudmoore HP: 17, Mana: 4/6
  Hand (7): Argent Commander, Stalagg, Swamp Leech, Flame Ward, Mad Hatter, Mana Wraith, Dire Wolf Alpha
  Field: Skydiving Instructor[2/1]
Opponent: Rexxar HP: 29, Mana: 0/5
  Hand (6)
  Field: Helboar[2/1], Eater of Secrets[2/3], Mind Control Tech[3/3]
[Turn 6, Step 15] Agent: 턴 종료

[Turn 6] === Opponent's Turn ===
[Turn 6, Step 15] Opponent: 카드 플레이 - Toothy Chest (코스트: 3)
[Turn 6, Step 15] Opponent: 공격 - Mind Control Tech[3/3] -> Jaina Proudmoore
[Turn 6, Step 15] Opponent: 공격 - Eater of Secrets[2/3] -> Skydiving Instructor
[Turn 6, Step 15] Opponent: 카드 플레이 - Illuminator (코스트: 3)
[Turn 6, Step 15] Opponent: 턴 종료
[Turn 7, Step 16] Agent: 영웅 능력 사용 -> Toothy Chest
[Turn 7, Step 17] Agent: 카드 플레이 - Dire Wolf Alpha (코스트: 2)
[Turn 7, Step 18] Agent: 카드 플레이 - Swamp Leech (코스트: 1)
[Turn 7, Step 19] Agent: 카드 플레이 - Mana Wraith (코스트: 2)

--- Game State (Turn 7, Step 20) ---
Agent: Jaina Proudmoore HP: 14, Mana: 0/7
  Hand (5): Argent Commander, Stalagg, Flame Ward, Mad Hatter, Gadgetzan Auctioneer
  Field: Dire Wolf Alpha[2/2], Swamp Leech[3/1], Mana Wraith[2/2]
Opponent: Rexxar HP: 29, Mana: 0/6
  Hand (5)
  Field: Helboar[2/1], Eater of Secrets[2/1], Mind Control Tech[3/3], Toothy Chest[0/3], Illuminator[2/4]
[Turn 7, Step 20] Agent: 턴 종료

[Turn 7] === Opponent's Turn ===
[Turn 7, Step 20] Opponent: 카드 플레이 - Dinomancy (코스트: 2)
[Turn 7, Step 20] Opponent: 카드 플레이 - Tanaris Hogchopper (코스트: 5)
[Turn 7, Step 20] Opponent: 공격 - Eater of Secrets[2/1] -> Mana Wraith
[Turn 7, Step 20] Opponent: 공격 - Illuminator[2/4] -> Jaina Proudmoore
[Turn 7, Step 20] Opponent: 공격 - Mind Control Tech[3/3] -> Dire Wolf Alpha
[Turn 7, Step 20] Opponent: 공격 - Toothy Chest[4/3] -> Jaina Proudmoore
[Turn 7, Step 20] Opponent: 공격 - Helboar[2/1] -> Jaina Proudmoore
[Turn 7, Step 20] Opponent: 턴 종료
[Turn 8, Step 21] Agent: 카드 플레이 - Stalagg (코스트: 5)
[Turn 8, Step 22] Agent: 공격 - Swamp Leech[2/1] -> Mind Control Tech
[Turn 8, Step 23] Agent: 영웅 능력 사용 -> Helboar
[Turn 8, Step 24] Agent: 턴 종료

[Turn 8] === Opponent's Turn ===
[Turn 8, Step 24] Opponent: 공격 - Toothy Chest[4/3] -> Jaina Proudmoore
[Turn 8, Step 24] Opponent: 카드 플레이 - Rattling Rascal (코스트: 4)
[Turn 8, Step 24] Opponent: 공격 - Tanaris Hogchopper[4/4] -> Stalagg
[Turn 8, Step 24] Opponent: 카드 플레이 - Twisted Worgen (코스트: 2)
[Turn 8, Step 24] Opponent: 공격 - Illuminator[2/4] -> Jaina Proudmoore
[Turn 8, Step 24] Opponent: 턴 종료

--- Game State (Turn 9, Step 25) ---
Agent: Jaina Proudmoore HP: 2, Mana: 9/9
  Hand (6): Argent Commander, Flame Ward, Mad Hatter, Gadgetzan Auctioneer, Bloodmage Thalnos, Nesting Roc
Opponent: Rexxar HP: 29, Mana: 2/8
  Hand (3)
  Field: Toothy Chest[4/3], Illuminator[2/4], Rattling Rascal[2/2], Skeletal Enforcer[5/5], Twisted Worgen[3/1]
[Turn 9, Step 25] Agent: 영웅 능력 사용 -> Rexxar
[Turn 9, Step 26] Agent: 카드 플레이 - Nesting Roc (코스트: 5)
[Turn 9, Step 27] Agent: 카드 플레이 - Bloodmage Thalnos (코스트: 2)
[Turn 9, Step 28] Agent: 턴 종료

[Turn 9] === Opponent's Turn ===
[Turn 9, Step 28] Opponent: 카드 플레이 - Wrapped Golem (코스트: 7)
[Turn 9, Step 28] Opponent: 공격 - Rattling Rascal[2/2] -> Jaina Proudmoore

--- Game State (Turn 9, Step 29) ---
Agent: Jaina Proudmoore HP: 0, Mana: 0/9
  Hand (4): Argent Commander, Flame Ward, Mad Hatter, Gadgetzan Auctioneer
  Field: Nesting Roc[4/7], Bloodmage Thalnos[1/1]
Opponent: Rexxar HP: 28, Mana: 2/9
  Hand (3)
  Field: Toothy Chest[4/3], Illuminator[2/4], Rattling Rascal[2/2], Skeletal Enforcer[5/5], Twisted Worgen[3/1], Wrapped Golem[7/5]

============================================================
게임 종료 - Terminated: True, Truncated: False
승자: Opponent
============================================================

