============================================================
NEW GAME STARTED
Agent: HERO_08 vs Opponent: HERO_05
Action Masking: OFF
============================================================

[Turn 1] === Opponent's Turn ===
[Turn 1, Step 0] Opponent: 턴 종료
[Turn 1, Step 1] Agent: 유효하지 않은 액션 인덱스(44) → 2로 보정
[Turn 1, Step 1] Agent: 카드 플레이 - The Coin (코스트: 0)
[Turn 1, Step 2] Agent: 유효하지 않은 액션 인덱스(87) → 3로 보정
[Turn 1, Step 2] Agent: 카드 플레이 - Angry Chicken (코스트: 1)
[Turn 1, Step 3] Agent: 유효하지 않은 액션 인덱스(40) → 0로 보정
[Turn 1, Step 3] Agent: 턴 종료

[Turn 1] === Opponent's Turn ===
[Turn 1, Step 3] Opponent: 턴 종료
[Turn 2, Step 4] Agent: 유효하지 않은 액션 인덱스(33) → 5로 보정
[Turn 2, Step 4] Agent: 영웅 능력 사용 -> Angry Chicken

--- Game State (Turn 2, Step 5) ---
Agent: Jaina Proudmoore HP: 30, Mana: 0/2
  Hand (5): Cosmic Anomaly, Incanter's Flow, Nat Pagle, Dark Iron Dwarf, Sabretooth Stalker
Opponent: Rexxar HP: 30, Mana: 2/2
  Hand (5)
[Turn 2, Step 5] Agent: 유효하지 않은 액션 인덱스(73) → 0로 보정
[Turn 2, Step 5] Agent: 턴 종료

[Turn 2] === Opponent's Turn ===
[Turn 2, Step 5] Opponent: 턴 종료
[Turn 3, Step 6] Agent: 카드 플레이 - Incanter's Flow (코스트: 2)
[Turn 3, Step 7] Agent: 유효하지 않은 액션 인덱스(79) → 0로 보정
[Turn 3, Step 7] Agent: 턴 종료

[Turn 3] === Opponent's Turn ===
[Turn 3, Step 7] Opponent: 턴 종료
[Turn 4, Step 8] Agent: 유효하지 않은 액션 인덱스(95) → 4로 보정
[Turn 4, Step 8] Agent: 카드 플레이 - Armored Warhorse (코스트: 4)
[Turn 4, Step 9] Agent: 유효하지 않은 액션 인덱스(97) → 1로 보정
[Turn 4, Step 9] Agent: 공격 - Armored Warhorse[5/3] -> Rexxar

--- Game State (Turn 4, Step 10) ---
Agent: Jaina Proudmoore HP: 30, Mana: 0/4
  Hand (5): Cobalt Scalebane, Cosmic Anomaly, Nat Pagle, Dark Iron Dwarf, Sabretooth Stalker
  Field: Armored Warhorse[5/3]
Opponent: Rexxar HP: 25, Mana: 4/4
  Hand (7)
[Turn 4, Step 10] Agent: 유효하지 않은 액션 인덱스(1) → 0로 보정
[Turn 4, Step 10] Agent: 턴 종료

[Turn 4] === Opponent's Turn ===
[Turn 4, Step 10] Opponent: 카드 플레이 - Master Swordsmith (코스트: 2)
[Turn 4, Step 10] Opponent: 카드 플레이 - Primordial Explorer (코스트: 3)
[Turn 4, Step 10] Opponent: 선택 - Cobalt Spellkin
[Turn 4, Step 10] Opponent: 턴 종료
[Turn 5, Step 11] Agent: 유효하지 않은 액션 인덱스(59) → 11로 보정
[Turn 5, Step 11] Agent: 영웅 능력 사용 -> Master Swordsmith
[Turn 5, Step 12] Agent: 유효하지 않은 액션 인덱스(66) → 0로 보정
[Turn 5, Step 12] Agent: 턴 종료

[Turn 5] === Opponent's Turn ===
[Turn 5, Step 12] Opponent: 턴 종료
[Turn 6, Step 13] Agent: 유효하지 않은 액션 인덱스(52) → 1로 보정
[Turn 6, Step 13] Agent: 카드 플레이 - Cobalt Scalebane (코스트: 5)
[Turn 6, Step 14] Agent: 유효하지 않은 액션 인덱스(70) → 0로 보정
[Turn 6, Step 14] Agent: 턴 종료

[Turn 6] === Opponent's Turn ===
[Turn 6, Step 14] Opponent: 카드 플레이 - Flanking Strike -> Cobalt Scalebane (코스트: 4)
[Turn 6, Step 14] Opponent: 공격 - Master Swordsmith[1/2] -> Jaina Proudmoore
[Turn 6, Step 14] Opponent: 턴 종료

--- Game State (Turn 7, Step 15) ---
Agent: Jaina Proudmoore HP: 29, Mana: 7/7
  Hand (7): Cosmic Anomaly, Nat Pagle, Dark Iron Dwarf, Sabretooth Stalker, Arcane Missiles, Jepetto Joybuzz, Archmage Arugal
  Field: Armored Warhorse[8/3], Cobalt Scalebane[5/2]
Opponent: Rexxar HP: 25, Mana: 3/7
  Hand (8)
  Field: Master Swordsmith[1/2], Primordial Explorer[5/3], Wolf[3/3]
[Turn 7, Step 15] Agent: 카드 플레이 - Nat Pagle (코스트: 2)
[Turn 7, Step 16] Agent: 유효하지 않은 액션 인덱스(87) → 9로 보정
[Turn 7, Step 16] Agent: 카드 플레이 - Archmage Arugal (코스트: 2)
[Turn 7, Step 17] Agent: 유효하지 않은 액션 인덱스(71) → 14로 보정
[Turn 7, Step 17] Agent: 공격 - Armored Warhorse[8/3] -> Wolf
[Turn 7, Step 18] Agent: 유효하지 않은 액션 인덱스(14) → 2로 보정
[Turn 7, Step 18] Agent: 영웅 능력 사용 -> Jaina Proudmoore
[Turn 7, Step 19] Agent: 카드 플레이 - Arcane Missiles (코스트: 0)

--- Game State (Turn 7, Step 20) ---
Agent: Jaina Proudmoore HP: 28, Mana: 1/7
  Hand (4): Cosmic Anomaly, Dark Iron Dwarf, Sabretooth Stalker, Jepetto Joybuzz
  Field: Cobalt Scalebane[5/2], Nat Pagle[0/4], Archmage Arugal[2/2]
Opponent: Rexxar HP: 25, Mana: 3/7
  Hand (8)
  Field: Primordial Explorer[5/2]
[Turn 7, Step 20] Agent: 유효하지 않은 액션 인덱스(49) → 1로 보정
[Turn 7, Step 20] Agent: 공격 - Cobalt Scalebane[5/2] -> Rexxar
[Turn 7, Step 21] Agent: 유효하지 않은 액션 인덱스(36) → 0로 보정
[Turn 7, Step 21] Agent: 턴 종료

[Turn 7] === Opponent's Turn ===
[Turn 7, Step 21] Opponent: 카드 플레이 - Microtech Controller (코스트: 3)
[Turn 7, Step 21] Opponent: 공격 - Primordial Explorer[5/2] -> Jaina Proudmoore
[Turn 7, Step 21] Opponent: 영웅 능력 사용
[Turn 7, Step 21] Opponent: 카드 플레이 - Walnut Sprite (코스트: 3)
[Turn 7, Step 21] Opponent: 턴 종료
[Turn 8, Step 22] Agent: 공격 - Cobalt Scalebane[5/2] -> Microbot
[Turn 8, Step 23] Agent: 영웅 능력 사용 -> Archmage Arugal
[Turn 8, Step 24] Agent: 유효하지 않은 액션 인덱스(89) → 5로 보정
[Turn 8, Step 24] Agent: 카드 플레이 - Dark Iron Dwarf -> Archmage Arugal (코스트: 4)

--- Game State (Turn 8, Step 25) ---
Agent: Jaina Proudmoore HP: 21, Mana: 2/8
  Hand (5): The Boogeymonster, Cosmic Anomaly, Sabretooth Stalker, Jepetto Joybuzz, Wolfrider
  Field: Cobalt Scalebane[5/1], Nat Pagle[3/4], Archmage Arugal[4/1], Dark Iron Dwarf[4/4]
Opponent: Rexxar HP: 20, Mana: 0/8
  Hand (7)
  Field: Primordial Explorer[5/2], Microtech Controller[2/1], Microbot[1/1], Walnut Sprite[3/3]
[Turn 8, Step 25] Agent: 유효하지 않은 액션 인덱스(87) → 10로 보정
[Turn 8, Step 25] Agent: 공격 - Archmage Arugal[4/1] -> Walnut Sprite
[Turn 8, Step 26] Agent: 유효하지 않은 액션 인덱스(70) → 0로 보정
[Turn 8, Step 26] Agent: 턴 종료

[Turn 8] === Opponent's Turn ===
[Turn 8, Step 26] Opponent: 카드 플레이 - Spellzerker (코스트: 2)
[Turn 8, Step 26] Opponent: 카드 플레이 - Gorillabot A-3 (코스트: 4)
[Turn 8, Step 26] Opponent: 선택 - Antique Healbot
[Turn 8, Step 26] Opponent: 공격 - Primordial Explorer[5/2] -> Cobalt Scalebane
[Turn 8, Step 26] Opponent: 공격 - Microbot[1/1] -> Jaina Proudmoore
[Turn 8, Step 26] Opponent: 공격 - Microtech Controller[2/1] -> Nat Pagle
[Turn 8, Step 26] Opponent: 카드 플레이 - Primordial Explorer (코스트: 3)
[Turn 8, Step 26] Opponent: 선택 - Ebon Dragonsmith
[Turn 8, Step 26] Opponent: 턴 종료
[Turn 9, Step 27] Agent: 공격 - Nat Pagle[3/2] -> Gorillabot A-3
[Turn 9, Step 28] Agent: 유효하지 않은 액션 인덱스(90) → 10로 보정
[Turn 9, Step 28] Agent: 영웅 능력 사용 -> Microbot
[Turn 9, Step 29] Agent: 유효하지 않은 액션 인덱스(51) → 3로 보정
[Turn 9, Step 29] Agent: 카드 플레이 - Wolfrider (코스트: 3)

--- Game State (Turn 9, Step 30) ---
Agent: Jaina Proudmoore HP: 20, Mana: 4/9
  Hand (6): The Boogeymonster, Cosmic Anomaly, Sabretooth Stalker, Jepetto Joybuzz, Deranged Doctor, Gilnean Royal Guard
  Field: Dark Iron Dwarf[7/4], Wolfrider[3/1]
Opponent: Rexxar HP: 20, Mana: 0/9
  Hand (7)
  Field: Spellzerker[2/3], Gorillabot A-3[3/1], Primordial Explorer[2/3]
[Turn 9, Step 30] Agent: 유효하지 않은 액션 인덱스(75) → 5로 보정
[Turn 9, Step 30] Agent: 공격 - Dark Iron Dwarf[7/4] -> Primordial Explorer
[Turn 9, Step 31] Agent: 유효하지 않은 액션 인덱스(22) → 2로 보정
[Turn 9, Step 31] Agent: 공격 - Wolfrider[3/1] -> Rexxar
[Turn 9, Step 32] Agent: 유효하지 않은 액션 인덱스(40) → 0로 보정
[Turn 9, Step 32] Agent: 턴 종료

[Turn 9] === Opponent's Turn ===
[Turn 9, Step 32] Opponent: 공격 - Gorillabot A-3[3/1] -> Jaina Proudmoore
[Turn 9, Step 32] Opponent: 카드 플레이 - Crystallizer (코스트: 1)
[Turn 9, Step 32] Opponent: 턴 종료
[Turn 10, Step 33] Agent: 유효하지 않은 액션 인덱스(86) → 14로 보정
[Turn 10, Step 33] Agent: 공격 - Wolfrider[3/1] -> Rexxar
[Turn 10, Step 34] Agent: 카드 플레이 - Power of Creation (코스트: 7)

--- Game State (Turn 10, Step 35) ---
Agent: Jaina Proudmoore HP: 17, Mana: 3/10
  Hand (6): The Boogeymonster, Cosmic Anomaly, Sabretooth Stalker, Jepetto Joybuzz, Deranged Doctor, Gilnean Royal Guard
  Field: Wolfrider[3/1]
Opponent: Rexxar HP: 12, Mana: 9/10
  Hand (7)
  Field: Spellzerker[2/3], Gorillabot A-3[3/1], Crystallizer[1/3]
[Turn 10, Step 35] Agent: 선택 - Bolf Ramshield
[Turn 10, Step 35] Agent: 유효하지 않은 액션 인덱스(98) → 8로 보정
[Turn 10, Step 35] Agent: 영웅 능력 사용 -> Bolf Ramshield
[Turn 10, Step 36] Agent: 유효하지 않은 액션 인덱스(17) → 0로 보정
[Turn 10, Step 36] Agent: 턴 종료

[Turn 10] === Opponent's Turn ===
[Turn 10, Step 36] Opponent: 공격 - Gorillabot A-3[3/1] -> Jaina Proudmoore
[Turn 10, Step 36] Opponent: 카드 플레이 - Antique Healbot (코스트: 5)
[Turn 10, Step 36] Opponent: 카드 플레이 - Hidden Cache (코스트: 2)
[Turn 10, Step 36] Opponent: 턴 종료
[Turn 10, Step 37] Agent: 유효하지 않은 액션 인덱스(60) → 28로 보정
[Turn 10, Step 37] Agent: 공격 - Bolf Ramshield[3/5] -> Spellzerker
[Turn 10, Step 38] Agent: 유효하지 않은 액션 인덱스(68) → 20로 보정
[Turn 10, Step 38] Agent: 공격 - Bolf Ramshield[3/6] -> Rexxar
[Turn 10, Step 39] Agent: 유효하지 않은 액션 인덱스(73) → 13로 보정
[Turn 10, Step 39] Agent: 영웅 능력 사용 -> Bolf Ramshield

--- Game State (Turn 10, Step 40) ---
Agent: Jaina Proudmoore HP: 17, Mana: 8/10
  Hand (7): The Boogeymonster, Cosmic Anomaly, Sabretooth Stalker, Jepetto Joybuzz, Deranged Doctor, Gilnean Royal Guard, Giant Mastodon
  Field: Wolfrider[3/1], Bolf Ramshield[3/5], Bolf Ramshield[3/3]
Opponent: Rexxar HP: 19, Mana: 3/10
  Hand (6)
  Field: Gorillabot A-3[3/1], Crystallizer[1/3], Antique Healbot[3/3]
[Turn 10, Step 40] Agent: 카드 플레이 - Deranged Doctor (코스트: 8)
[Turn 10, Step 41] Agent: 유효하지 않은 액션 인덱스(40) → 0로 보정
[Turn 10, Step 41] Agent: 턴 종료

[Turn 10] === Opponent's Turn ===
[Turn 10, Step 41] Opponent: 공격 - Gorillabot A-3[3/1] -> Jaina Proudmoore
[Turn 10, Step 41] Opponent: 카드 플레이 - Toshley (코스트: 6)
[Turn 10, Step 41] Opponent: 턴 종료
[Turn 10, Step 42] Agent: 유효하지 않은 액션 인덱스(70) → 6로 보정
[Turn 10, Step 42] Agent: 카드 플레이 - Giant Mastodon (코스트: 9)
[Turn 10, Step 43] Agent: 유효하지 않은 액션 인덱스(65) → 1로 보정
[Turn 10, Step 43] Agent: 공격 - Wolfrider[3/1] -> Rexxar
[Turn 10, Step 44] Agent: 유효하지 않은 액션 인덱스(36) → 3로 보정
[Turn 10, Step 44] Agent: 공격 - Bolf Ramshield[3/2] -> Crystallizer

--- Game State (Turn 10, Step 45) ---
Agent: Jaina Proudmoore HP: 17, Mana: 1/10
  Hand (6): The Boogeymonster, Cosmic Anomaly, Sabretooth Stalker, Jepetto Joybuzz, Gilnean Royal Guard, Oasis Snapjaw
  Field: Wolfrider[3/1], Bolf Ramshield[3/1], Deranged Doctor[8/8], Giant Mastodon[6/10]
Opponent: Rexxar HP: 16, Mana: 4/10
  Hand (7)
  Field: Gorillabot A-3[3/1], Antique Healbot[3/3], Toshley[5/7]
[Turn 10, Step 45] Agent: 유효하지 않은 액션 인덱스(61) → 1로 보정
[Turn 10, Step 45] Agent: 공격 - Deranged Doctor[8/8] -> Rexxar
[Turn 10, Step 46] Agent: 유효하지 않은 액션 인덱스(29) → 0로 보정
[Turn 10, Step 46] Agent: 턴 종료

[Turn 10] === Opponent's Turn ===
[Turn 10, Step 46] Opponent: 카드 플레이 - Armor Plating -> Toshley (코스트: 1)
[Turn 10, Step 46] Opponent: 턴 종료
[Turn 10, Step 47] Agent: 카드 플레이 - Kabal Courier (코스트: 3)
[Turn 10, Step 48] Agent: 선택 - Holy Champion
[Turn 10, Step 48] Agent: 유효하지 않은 액션 인덱스(96) → 3로 보정
[Turn 10, Step 48] Agent: 카드 플레이 - Oasis Snapjaw (코스트: 4)
[Turn 10, Step 49] Agent: 유효하지 않은 액션 인덱스(95) → 11로 보정
[Turn 10, Step 49] Agent: 영웅 능력 사용 -> Oasis Snapjaw

--- Game State (Turn 10, Step 50) ---
Agent: Jaina Proudmoore HP: 17, Mana: 1/10
  Hand (6): The Boogeymonster, Cosmic Anomaly, Sabretooth Stalker, Jepetto Joybuzz, Gilnean Royal Guard, Holy Champion
  Field: Wolfrider[3/1], Bolf Ramshield[3/1], Deranged Doctor[8/8], Giant Mastodon[6/10], Kabal Courier[2/2], Oasis Snapjaw[2/6]
Opponent: Rexxar HP: 8, Mana: 9/10
  Hand (7)
  Field: Gorillabot A-3[3/1], Antique Healbot[3/3], Toshley[5/8]
[Turn 10, Step 50] Agent: 유효하지 않은 액션 인덱스(52) → 1로 보정
[Turn 10, Step 50] Agent: 공격 - Wolfrider[3/1] -> Rexxar
[Turn 10, Step 51] Agent: 유효하지 않은 액션 인덱스(50) → 11로 보정
[Turn 10, Step 51] Agent: 공격 - Giant Mastodon[6/10] -> Antique Healbot
[Turn 10, Step 52] Agent: 공격 - Deranged Doctor[8/8] -> Gorillabot A-3
[Turn 10, Step 53] Agent: 유효하지 않은 액션 인덱스(8) → 2로 보정
[Turn 10, Step 53] Agent: 공격 - Bolf Ramshield[3/1] -> Toshley
[Turn 10, Step 54] Agent: 유효하지 않은 액션 인덱스(1) → 0로 보정
[Turn 10, Step 54] Agent: 턴 종료

[Turn 10] === Opponent's Turn ===
[Turn 10, Step 54] Opponent: 턴 종료

--- Game State (Turn 10, Step 55) ---
Agent: Jaina Proudmoore HP: 17, Mana: 10/10
  Hand (7): The Boogeymonster, Cosmic Anomaly, Sabretooth Stalker, Jepetto Joybuzz, Gilnean Royal Guard, Holy Champion, Nefarian
  Field: Wolfrider[3/1], Deranged Doctor[8/5], Giant Mastodon[6/7], Kabal Courier[2/2], Oasis Snapjaw[2/6]
Opponent: Rexxar HP: 5, Mana: 10/10
  Hand (8)
  Field: Toshley[5/5]
[Turn 10, Step 55] Agent: 공격 - Deranged Doctor[8/5] -> Toshley
[Turn 10, Step 56] Agent: 카드 플레이 - Jepetto Joybuzz (코스트: 8)
[Turn 10, Step 57] Agent: 유효하지 않은 액션 인덱스(18) → 4로 보정
[Turn 10, Step 57] Agent: 영웅 능력 사용 -> Rexxar
[Turn 10, Step 58] Agent: 유효하지 않은 액션 인덱스(59) → 4로 보정
[Turn 10, Step 58] Agent: 공격 - Oasis Snapjaw[2/6] -> Rexxar
[Turn 10, Step 59] Agent: 유효하지 않은 액션 인덱스(99) → 3로 보정
[Turn 10, Step 59] Agent: 공격 - Kabal Courier[2/2] -> Rexxar

--- Game State (Turn 10, Step 60) ---
Agent: Jaina Proudmoore HP: 25, Mana: 0/10
  Hand (8): The Boogeymonster, Cosmic Anomaly, Sabretooth Stalker, Gilnean Royal Guard, Holy Champion, Nefarian, Waterboy, Bright-Eyed Scout
  Field: Wolfrider[3/1], Giant Mastodon[6/7], Kabal Courier[2/2], Oasis Snapjaw[2/6], Jepetto Joybuzz[6/6]
Opponent: Rexxar HP: 0, Mana: 10/10
  Hand (9)

--- Game State (Turn 10, Step 60) ---
Agent: Jaina Proudmoore HP: 25, Mana: 0/10
  Hand (8): The Boogeymonster, Cosmic Anomaly, Sabretooth Stalker, Gilnean Royal Guard, Holy Champion, Nefarian, Waterboy, Bright-Eyed Scout
  Field: Wolfrider[3/1], Giant Mastodon[6/7], Kabal Courier[2/2], Oasis Snapjaw[2/6], Jepetto Joybuzz[6/6]
Opponent: Rexxar HP: 0, Mana: 10/10
  Hand (9)

============================================================
게임 종료 - Terminated: True, Truncated: False
승자: Agent
============================================================

