============================================================
NEW GAME STARTED
Agent: HERO_08 vs Opponent: HERO_05
Action Masking: OFF
Masking Expected: OFF
============================================================

[Turn 1] === Opponent's Turn ===
[Turn 1, Step 0] Opponent: 턴 종료
[Turn 1, Step 1] Agent: 카드 플레이 - Violet Spellwing (코스트: 1)
[Turn 1, Step 2] Agent: 카드 플레이 - The Coin (코스트: 0)
[Turn 1, Step 3] Agent: 카드 플레이 - Depth Charge (코스트: 1)
[Turn 1, Step 4] Agent: 턴 종료

[Turn 1] === Opponent's Turn ===
[Turn 1, Step 4] Opponent: 영웅 능력 사용
[Turn 1, Step 4] Opponent: 턴 종료

--- Game State (Turn 2, Step 5) ---
Agent: Jaina Proudmoore HP: 28, Mana: 2/2
  Hand (5): Arcane Golem, Cult Master, Burrowing Scorpid, Arcane Missiles, Naga Sand Witch
Opponent: Rexxar HP: 30, Mana: 0/2
  Hand (5)
[Turn 2, Step 5] Agent: 카드 플레이 - Arcane Missiles (코스트: 1)
[Turn 2, Step 6] Agent: 턴 종료

[Turn 2] === Opponent's Turn ===
[Turn 2, Step 6] Opponent: 카드 플레이 - Dire Mole (코스트: 1)
[Turn 2, Step 6] Opponent: 카드 플레이 - Helboar (코스트: 1)
[Turn 2, Step 6] Opponent: 턴 종료
[Turn 3, Step 7] Agent: 카드 플레이 - Arcane Golem (코스트: 3)
[Turn 4, Step 8] Agent: 턴 종료

[Turn 4] === Opponent's Turn ===
[Turn 4, Step 8] Opponent: 영웅 능력 사용
[Turn 4, Step 8] Opponent: 카드 플레이 - Imp Master (코스트: 3)
[Turn 4, Step 8] Opponent: 공격 - Dire Mole[1/3] -> Arcane Golem
[Turn 4, Step 8] Opponent: 턴 종료
[Turn 5, Step 9] Agent: 카드 플레이 - Cult Master (코스트: 4)

--- Game State (Turn 5, Step 10) ---
Agent: Jaina Proudmoore HP: 26, Mana: 0/4
  Hand (4): Burrowing Scorpid, Naga Sand Witch, Emerald Reaver, Arcane Giant
  Field: Arcane Golem[4/3], Cult Master[4/2]
Opponent: Rexxar HP: 27, Mana: 0/5
  Hand (4)
  Field: Helboar[2/1], Imp Master[1/4], Imp[1/1]
[Turn 5, Step 10] Agent: 공격 - Arcane Golem[4/3] -> Rexxar
[Turn 5, Step 11] Agent: 턴 종료

[Turn 5] === Opponent's Turn ===
[Turn 5, Step 11] Opponent: 공격 - Helboar[2/1] -> Cult Master
[Turn 5, Step 11] Opponent: 영웅 능력 사용
[Turn 5, Step 11] Opponent: 턴 종료
[Turn 6, Step 12] Agent: 카드 플레이 - Burrowing Scorpid -> Jaina Proudmoore (코스트: 4)
[Turn 6, Step 13] Agent: 카드 플레이 - Emerald Reaver (코스트: 1)
[Turn 6, Step 14] Agent: 공격 - Arcane Golem[4/3] -> Rexxar

--- Game State (Turn 6, Step 15) ---
Agent: Jaina Proudmoore HP: 21, Mana: 0/5
  Hand (3): Naga Sand Witch, Arcane Giant, Kirin Tor Tricaster
  Field: Arcane Golem[4/3], Burrowing Scorpid[5/2], Emerald Reaver[2/1]
Opponent: Rexxar HP: 18, Mana: 4/6
  Hand (5)
  Field: Imp Master[1/3], Imp[1/1], Imp[1/1]
[Turn 6, Step 15] Agent: 턴 종료

[Turn 6] === Opponent's Turn ===
[Turn 6, Step 15] Opponent: 공격 - Imp[1/1] -> Arcane Golem
[Turn 6, Step 15] Opponent: 공격 - Imp Master[1/3] -> Burrowing Scorpid
[Turn 6, Step 15] Opponent: 카드 플레이 - Mistress of Mixtures (코스트: 1)
[Turn 6, Step 15] Opponent: 카드 플레이 - Tundra Rhino (코스트: 5)
[Turn 6, Step 15] Opponent: 공격 - Tundra Rhino[2/5] -> Jaina Proudmoore
[Turn 6, Step 15] Opponent: 공격 - Imp[1/1] -> Jaina Proudmoore
[Turn 6, Step 15] Opponent: 턴 종료
[Turn 7, Step 16] Agent: 카드 플레이 - Naga Sand Witch (코스트: 5)
[Turn 7, Step 17] Agent: 공격 - Arcane Golem[4/2] -> Rexxar
[Turn 7, Step 18] Agent: 공격 - Burrowing Scorpid[5/1] -> Rexxar
[Turn 7, Step 19] Agent: 공격 - Emerald Reaver[2/1] -> Rexxar

--- Game State (Turn 7, Step 20) ---
Agent: Jaina Proudmoore HP: 18, Mana: 1/6
  Hand (3): Arcane Giant, Kirin Tor Tricaster, Apexis Blast
  Field: Arcane Golem[4/2], Burrowing Scorpid[5/1], Emerald Reaver[2/1], Naga Sand Witch[5/5]
Opponent: Rexxar HP: 7, Mana: 1/7
  Hand (4)
  Field: Imp[1/1], Mistress of Mixtures[2/2], Tundra Rhino[2/5]
[Turn 7, Step 20] Agent: 턴 종료

[Turn 7] === Opponent's Turn ===
[Turn 7, Step 20] Opponent: 공격 - Tundra Rhino[2/5] -> Arcane Golem
[Turn 7, Step 20] Opponent: 카드 플레이 - Stampeding Kodo (코스트: 5)
[Turn 7, Step 20] Opponent: 공격 - Mistress of Mixtures[2/2] -> Naga Sand Witch
[Turn 7, Step 20] Opponent: 공격 - Stampeding Kodo[4/6] -> Naga Sand Witch
[Turn 7, Step 20] Opponent: 카드 플레이 - Mana Wraith (코스트: 2)
[Turn 7, Step 20] Opponent: 공격 - Imp[1/1] -> Burrowing Scorpid
[Turn 7, Step 20] Opponent: 턴 종료
[Turn 8, Step 21] Agent: 카드 플레이 - Scarlet Crusader (코스트: 4)
[Turn 8, Step 22] Agent: 영웅 능력 사용 -> Jaina Proudmoore
[Turn 8, Step 23] Agent: 턴 종료

[Turn 8] === Opponent's Turn ===
[Turn 8, Step 23] Opponent: 턴 종료
[Turn 9, Step 24] Agent: 카드 플레이 - Kirin Tor Tricaster (코스트: 5)

--- Game State (Turn 9, Step 25) ---
Agent: Jaina Proudmoore HP: 21, Mana: 3/8
  Hand (3): Arcane Giant, Apexis Blast, Sabretooth Stalker
  Field: Scarlet Crusader[3/1], Kirin Tor Tricaster[3/3]
Opponent: Rexxar HP: 11, Mana: 9/9
  Hand (4)
  Field: Tundra Rhino[2/1], Stampeding Kodo[4/1], Mana Wraith[2/2]
[Turn 9, Step 25] Agent: 영웅 능력 사용 -> Jaina Proudmoore
[Turn 9, Step 26] Agent: 공격 - Scarlet Crusader[3/1] -> Rexxar
[Turn 9, Step 27] Agent: 턴 종료

[Turn 9] === Opponent's Turn ===
[Turn 9, Step 27] Opponent: 공격 - Tundra Rhino[2/1] -> Scarlet Crusader
[Turn 9, Step 27] Opponent: 공격 - Mana Wraith[2/2] -> Kirin Tor Tricaster
[Turn 9, Step 27] Opponent: 카드 플레이 - Scrapyard Colossus (코스트: 10)
[Turn 9, Step 27] Opponent: 공격 - Stampeding Kodo[4/1] -> Jaina Proudmoore
[Turn 9, Step 27] Opponent: 턴 종료
[Turn 10, Step 28] Agent: 카드 플레이 - Apexis Blast -> Jaina Proudmoore (코스트: 6)
[Turn 10, Step 29] Agent: 카드 플레이 - Gnomish Experimenter (코스트: 3)

--- Game State (Turn 10, Step 30) ---
Agent: Jaina Proudmoore HP: 8, Mana: 0/9
  Hand (3): Arcane Giant, Sabretooth Stalker, Chicken
  Field: Scarlet Crusader[3/1], Kirin Tor Tricaster[3/1], Gnomish Experimenter[3/2]
Opponent: Rexxar HP: 8, Mana: 0/10
  Hand (4)
  Field: Stampeding Kodo[4/1], Scrapyard Colossus[7/7]
[Turn 10, Step 30] Agent: 공격 - Scarlet Crusader[3/1] -> Scrapyard Colossus
[Turn 10, Step 31] Agent: 공격 - Kirin Tor Tricaster[3/1] -> Scrapyard Colossus
[Turn 10, Step 32] Agent: 턴 종료

[Turn 10] === Opponent's Turn ===
[Turn 10, Step 32] Opponent: 카드 플레이 - Vilefiend (코스트: 2)
[Turn 10, Step 32] Opponent: 공격 - Scrapyard Colossus[7/1] -> Gnomish Experimenter
[Turn 10, Step 32] Opponent: 카드 플레이 - Khartut Defender (코스트: 6)
[Turn 10, Step 32] Opponent: 공격 - Stampeding Kodo[4/1] -> Jaina Proudmoore
[Turn 10, Step 32] Opponent: 영웅 능력 사용
[Turn 10, Step 32] Opponent: 턴 종료
[Turn 10, Step 33] Agent: 카드 플레이 - Arcane Giant (코스트: 9)
[Turn 10, Step 34] Agent: 카드 플레이 - Chicken (코스트: 1)

--- Game State (Turn 10, Step 35) ---
Agent: Jaina Proudmoore HP: 2, Mana: 0/10
  Hand (2): Sabretooth Stalker, Mana Wraith
  Field: Arcane Giant[8/8], Chicken[1/1]
Opponent: Rexxar HP: 8, Mana: 0/10
  Hand (3)
  Field: Stampeding Kodo[4/1], Felcracked Colossus[7/7], Vilefiend[2/2], Khartut Defender[3/4]
[Turn 10, Step 35] Agent: 턴 종료

[Turn 10] === Opponent's Turn ===
[Turn 10, Step 35] Opponent: 카드 플레이 - Burly Shovelfist (코스트: 9)
[Turn 10, Step 35] Opponent: 공격 - Stampeding Kodo[4/1] -> Arcane Giant
[Turn 10, Step 35] Opponent: 공격 - Felcracked Colossus[7/7] -> Arcane Giant
[Turn 10, Step 35] Opponent: 공격 - Vilefiend[2/2] -> Jaina Proudmoore

--- Game State (Turn 10, Step 36) ---
Agent: Jaina Proudmoore HP: 0, Mana: 0/10
  Hand (2): Sabretooth Stalker, Mana Wraith
  Field: Chicken[1/1]
Opponent: Rexxar HP: 10, Mana: 1/10
  Hand (3)
  Field: Vilefiend[2/2], Khartut Defender[3/4], Burly Shovelfist[9/9]

============================================================
게임 종료 - Terminated: True, Truncated: False
승자: Opponent
============================================================

