============================================================
NEW GAME STARTED
Agent: HERO_08 vs Opponent: HERO_05
Action Masking: OFF
Masking Expected: OFF
============================================================
[Turn 1, Step 0] Agent: 카드 플레이 - Gadgetzan Jouster (코스트: 1)
[Turn 1, Step 1] Agent: 턴 종료

[Turn 1] === Opponent's Turn ===
[Turn 1, Step 1] Opponent: 카드 플레이 - The Coin (코스트: 0)
[Turn 1, Step 1] Opponent: 카드 플레이 - Bluegill Warrior (코스트: 2)
[Turn 1, Step 1] Opponent: 공격 - Bluegill Warrior[2/1] -> Gadgetzan Jouster
[Turn 1, Step 1] Opponent: 턴 종료
[Turn 2, Step 2] Agent: 카드 플레이 - Soup Vendor (코스트: 2)
[Turn 2, Step 3] Agent: 턴 종료

[Turn 2] === Opponent's Turn ===
[Turn 2, Step 3] Opponent: 턴 종료
[Turn 3, Step 4] Agent: 카드 플레이 - History Buff (코스트: 3)

--- Game State (Turn 3, Step 5) ---
Agent: Jaina Proudmoore HP: 30, Mana: 0/3
  Hand (3): Deathwing, Dragonlord, Ebon Dragonsmith, Mana Reservoir
  Field: Soup Vendor[1/4], History Buff[3/4]
Opponent: Rexxar HP: 30, Mana: 2/2
  Hand (5)
[Turn 3, Step 5] Agent: 공격 - Soup Vendor[1/4] -> Rexxar
[Turn 3, Step 6] Agent: 턴 종료

[Turn 3] === Opponent's Turn ===
[Turn 3, Step 6] Opponent: 영웅 능력 사용
[Turn 3, Step 6] Opponent: 턴 종료
[Turn 4, Step 7] Agent: 카드 플레이 - Ebon Dragonsmith (코스트: 4)
[Turn 4, Step 8] Agent: 공격 - Soup Vendor[1/4] -> Rexxar
[Turn 4, Step 9] Agent: 공격 - History Buff[3/4] -> Rexxar

--- Game State (Turn 4, Step 10) ---
Agent: Jaina Proudmoore HP: 28, Mana: 0/4
  Hand (3): Deathwing, Dragonlord, Mana Reservoir, Scalerider
  Field: Soup Vendor[1/4], History Buff[3/4], Ebon Dragonsmith[3/4]
Opponent: Rexxar HP: 25, Mana: 1/3
  Hand (6)
[Turn 4, Step 10] Agent: 턴 종료

[Turn 4] === Opponent's Turn ===
[Turn 4, Step 10] Opponent: 카드 플레이 - Traveling Healer -> Soup Vendor (코스트: 4)
[Turn 4, Step 10] Opponent: 턴 종료
[Turn 5, Step 11] Agent: 카드 플레이 - Mana Reservoir (코스트: 2)
[Turn 5, Step 12] Agent: 카드 플레이 - Scalerider -> Jaina Proudmoore (코스트: 1)
[Turn 5, Step 13] Agent: 영웅 능력 사용 -> Jaina Proudmoore
[Turn 5, Step 14] Agent: 공격 - Soup Vendor[1/4] -> Rexxar

--- Game State (Turn 5, Step 15) ---
Agent: Jaina Proudmoore HP: 25, Mana: 0/5
  Hand (2): Deathwing, Dragonlord, Azure Explorer
  Field: Soup Vendor[1/4], History Buff[3/4], Ebon Dragonsmith[3/4], Mana Reservoir[1/7], Scalerider[3/3]
Opponent: Rexxar HP: 24, Mana: 0/4
  Hand (6)
  Field: Traveling Healer[3/2]
[Turn 5, Step 15] Agent: 공격 - History Buff[3/4] -> Rexxar
[Turn 5, Step 16] Agent: 공격 - Ebon Dragonsmith[3/4] -> Rexxar
[Turn 5, Step 17] Agent: 턴 종료

[Turn 5] === Opponent's Turn ===
[Turn 5, Step 17] Opponent: 카드 플레이 - Igneous Elemental (코스트: 3)
[Turn 5, Step 17] Opponent: 공격 - Traveling Healer[3/2] -> Mana Reservoir
[Turn 5, Step 17] Opponent: 영웅 능력 사용
[Turn 5, Step 17] Opponent: 턴 종료
[Turn 6, Step 18] Agent: 카드 플레이 - Azure Explorer (코스트: 4)
[Turn 6, Step 19] Agent: 선택 - Chromaggus
[Turn 6, Step 19] Agent: 턴 종료

[Turn 6] === Opponent's Turn ===
[Turn 6, Step 19] Opponent: 공격 - Igneous Elemental[2/3] -> History Buff
[Turn 6, Step 19] Opponent: 카드 플레이 - Imprisoned Vilefiend (코스트: 2)
[Turn 6, Step 19] Opponent: 공격 - Traveling Healer[3/2] -> Scalerider
[Turn 6, Step 19] Opponent: 턴 종료

--- Game State (Turn 7, Step 20) ---
Agent: Jaina Proudmoore HP: 23, Mana: 7/7
  Hand (4): Deathwing, Dragonlord, Rhonin, Chromaggus, Countess Ashmore
  Field: Soup Vendor[1/4], History Buff[3/2], Ebon Dragonsmith[3/4], Mana Reservoir[1/4], Azure Explorer[4/5]
Opponent: Rexxar HP: 18, Mana: 4/6
  Hand (8)
  Field: Imprisoned Vilefiend[3/5]
[Turn 7, Step 20] Agent: 카드 플레이 - Countess Ashmore (코스트: 7)
[Turn 7, Step 21] Agent: 공격 - Soup Vendor[1/4] -> Rexxar
[Turn 7, Step 22] Agent: 공격 - History Buff[3/2] -> Rexxar
[Turn 7, Step 23] Agent: 공격 - Ebon Dragonsmith[3/4] -> Rexxar
[Turn 7, Step 24] Agent: 공격 - Mana Reservoir[1/4] -> Rexxar

--- Game State (Turn 7, Step 25) ---
Agent: Jaina Proudmoore HP: 23, Mana: 0/7
  Hand (4): Deathwing, Dragonlord, Rhonin, Chromaggus, Infested Goblin
  Field: Soup Vendor[1/4], History Buff[3/2], Ebon Dragonsmith[3/4], Mana Reservoir[1/4], Azure Explorer[4/5], Countess Ashmore[6/6]
Opponent: Rexxar HP: 10, Mana: 4/6
  Hand (8)
  Field: Imprisoned Vilefiend[3/5]
[Turn 7, Step 25] Agent: 공격 - Azure Explorer[4/5] -> Rexxar
[Turn 7, Step 26] Agent: 턴 종료

[Turn 7] === Opponent's Turn ===
[Turn 7, Step 26] Opponent: 턴 종료
[Turn 8, Step 27] Agent: 카드 플레이 - Rhonin (코스트: 8)
[Turn 8, Step 28] Agent: 공격 - Soup Vendor[1/4] -> Rexxar
[Turn 8, Step 29] Agent: 공격 - History Buff[3/2] -> Rexxar

--- Game State (Turn 8, Step 30) ---
Agent: Jaina Proudmoore HP: 23, Mana: 0/8
  Hand (4): Deathwing, Dragonlord, Chromaggus, Infested Goblin, Ozruk
  Field: Soup Vendor[1/4], History Buff[3/2], Ebon Dragonsmith[3/4], Mana Reservoir[1/4], Azure Explorer[4/5], Countess Ashmore[6/6], Rhonin[8/8]
Opponent: Rexxar HP: 2, Mana: 7/7
  Hand (9)
  Field: Imprisoned Vilefiend[3/5]
[Turn 8, Step 30] Agent: 공격 - Ebon Dragonsmith[3/4] -> Rexxar

--- Game State (Turn 8, Step 31) ---
Agent: Jaina Proudmoore HP: 23, Mana: 0/8
  Hand (4): Deathwing, Dragonlord, Chromaggus, Infested Goblin, Ozruk
  Field: Soup Vendor[1/4], History Buff[3/2], Ebon Dragonsmith[3/4], Mana Reservoir[1/4], Azure Explorer[4/5], Countess Ashmore[6/6], Rhonin[8/8]
Opponent: Rexxar HP: 0, Mana: 7/7
  Hand (9)
  Field: Imprisoned Vilefiend[3/5]

============================================================
게임 종료 - Terminated: True, Truncated: False
승자: Agent
============================================================

