============================================================
NEW GAME STARTED
Agent: HERO_08 vs Opponent: HERO_05
Action Masking: ON
Masking Expected: ON
============================================================
[Turn 1, Step 0] Agent: 카드 플레이 - Young Dragonhawk (코스트: 1)
[Turn 1, Step 1] Agent: 턴 종료

[Turn 1] === Opponent's Turn ===
[Turn 1, Step 1] Opponent: 턴 종료
[Turn 2, Step 2] Agent: 영웅 능력 사용 -> Rexxar
[Turn 2, Step 3] Agent: 턴 종료

[Turn 2] === Opponent's Turn ===
[Turn 2, Step 3] Opponent: 카드 플레이 - Gravelsnout Knight (코스트: 1)
[Turn 2, Step 3] Opponent: 턴 종료
[Turn 3, Step 4] Agent: 카드 플레이 - Coliseum Manager (코스트: 3)

--- Game State (Turn 3, Step 5) ---
Agent: Jaina Proudmoore HP: 30, Mana: 0/3
  Hand (4): Bomb Squad, Kabal Crystal Runner, Magtheridon, Jar Dealer
  Field: Young Dragonhawk[1/1], Meanstreet Marshal[1/2], Coliseum Manager[2/5]
Opponent: Rexxar HP: 29, Mana: 1/2
  Hand (6)
  Field: Gravelsnout Knight[2/3]
[Turn 3, Step 5] Agent: 공격 - Young Dragonhawk[1/1] -> Gravelsnout Knight
[Turn 3, Step 6] Agent: 공격 - Meanstreet Marshal[1/2] -> Rexxar
[Turn 3, Step 7] Agent: 턴 종료

[Turn 3] === Opponent's Turn ===
[Turn 3, Step 7] Opponent: 카드 플레이 - The Coin (코스트: 0)
[Turn 3, Step 7] Opponent: 카드 플레이 - Venomizer (코스트: 2)
[Turn 3, Step 7] Opponent: 공격 - Gravelsnout Knight[2/2] -> Jaina Proudmoore
[Turn 3, Step 7] Opponent: 턴 종료
[Turn 4, Step 8] Agent: 카드 플레이 - Magtheridon (코스트: 4)
[Turn 4, Step 9] Agent: 공격 - Meanstreet Marshal[1/2] -> Hellfire Warder

--- Game State (Turn 4, Step 10) ---
Agent: Jaina Proudmoore HP: 28, Mana: 0/4
  Hand (4): Bomb Squad, Kabal Crystal Runner, Jar Dealer, Al'ar
  Field: Meanstreet Marshal[1/1], Coliseum Manager[2/5], Magtheridon[12/12]
Opponent: Rexxar HP: 28, Mana: 2/3
  Hand (5)
  Field: Gravelsnout Knight[2/2], Venomizer[2/2], Hellfire Warder[1/3], Hellfire Warder[1/2], Hellfire Warder[1/3]
[Turn 4, Step 10] Agent: 공격 - Coliseum Manager[2/5] -> Gravelsnout Knight
[Turn 4, Step 11] Agent: 턴 종료

[Turn 4] === Opponent's Turn ===
[Turn 4, Step 11] Opponent: 공격 - Hellfire Warder[1/3] -> Meanstreet Marshal
[Turn 4, Step 11] Opponent: 공격 - Venomizer[2/2] -> Jaina Proudmoore
[Turn 4, Step 11] Opponent: 카드 플레이 - Scrap Shot -> Hellfire Warder (코스트: 4)
[Turn 4, Step 11] Opponent: 공격 - Hellfire Warder[1/3] -> Coliseum Manager
[Turn 4, Step 11] Opponent: 공격 - Hellfire Warder[1/2] -> Coliseum Manager
[Turn 4, Step 11] Opponent: 턴 종료
[Turn 5, Step 12] Agent: 카드 플레이 - Cursed Disciple (코스트: 4)
[Turn 5, Step 13] Agent: 턴 종료

[Turn 5] === Opponent's Turn ===
[Turn 5, Step 13] Opponent: 공격 - Venomizer[2/2] -> Cursed Disciple
[Turn 5, Step 13] Opponent: 카드 플레이 - Venomstrike Trap (코스트: 2)
[Turn 5, Step 13] Opponent: 공격 - Hellfire Warder[1/1] -> Cursed Revenant
[Turn 5, Step 13] Opponent: 영웅 능력 사용
[Turn 5, Step 13] Opponent: 턴 종료
[Turn 6, Step 14] Agent: 공격 - Coliseum Manager[2/1] -> Rexxar

--- Game State (Turn 6, Step 15) ---
Agent: Jaina Proudmoore HP: 24, Mana: 6/6
  Hand (5): Bomb Squad, Kabal Crystal Runner, Jar Dealer, Al'ar, Polymorph: Boar
  Field: Coliseum Manager[2/1], Magtheridon[12/12]
Opponent: Rexxar HP: 26, Mana: 1/5
  Hand (5)
[Turn 6, Step 15] Agent: 카드 플레이 - Polymorph: Boar -> Coliseum Manager (코스트: 3)
[Turn 6, Step 16] Agent: 영웅 능력 사용 -> Jaina Proudmoore
[Turn 6, Step 17] Agent: 카드 플레이 - Jar Dealer (코스트: 1)
[Turn 6, Step 18] Agent: 공격 - Boar[4/2] -> Rexxar
[Turn 6, Step 19] Agent: 턴 종료

[Turn 6] === Opponent's Turn ===
[Turn 6, Step 19] Opponent: 카드 플레이 - Finja, the Flying Star (코스트: 5)
[Turn 6, Step 19] Opponent: 카드 플레이 - Infectious Sporeling (코스트: 1)
[Turn 6, Step 19] Opponent: 턴 종료

--- Game State (Turn 7, Step 20) ---
Agent: Jaina Proudmoore HP: 23, Mana: 7/7
  Hand (4): Bomb Squad, Kabal Crystal Runner, Al'ar, Maexxna
  Field: Boar[4/2], Magtheridon[12/12], Jar Dealer[1/1]
Opponent: Rexxar HP: 22, Mana: 0/6
  Hand (4)
  Field: Finja, the Flying Star[2/4], Infectious Sporeling[1/2]
[Turn 7, Step 20] Agent: 공격 - Boar[4/2] -> Infectious Sporeling
[Turn 7, Step 21] Agent: 카드 플레이 - Bomb Squad -> Emperor Cobra (코스트: 5)
[Turn 7, Step 22] Agent: 영웅 능력 사용 -> Jar Dealer
[Turn 7, Step 23] Agent: 턴 종료

[Turn 7] === Opponent's Turn ===
[Turn 7, Step 23] Opponent: 카드 플레이 - Wargear (코스트: 5)
[Turn 7, Step 23] Opponent: 공격 - Finja, the Flying Star[2/4] -> Infectious Sporeling
[Turn 7, Step 23] Opponent: 턴 종료
[Turn 8, Step 24] Agent: 공격 - Bomb Squad[2/2] -> Rexxar

--- Game State (Turn 8, Step 25) ---
Agent: Jaina Proudmoore HP: 23, Mana: 8/8
  Hand (5): Kabal Crystal Runner, Al'ar, Maexxna, Psychic Conjurer, Primordial Drake
  Field: Magtheridon[12/12], Bomb Squad[2/2]
Opponent: Rexxar HP: 20, Mana: 2/7
  Hand (4)
  Field: Infectious Sporeling[1/2], Wargear[5/5]
[Turn 8, Step 25] Agent: 영웅 능력 사용 -> Wargear
[Turn 8, Step 26] Agent: 카드 플레이 - Psychic Conjurer (코스트: 1)
[Turn 8, Step 27] Agent: 카드 플레이 - Auctionmaster Beardo (코스트: 3)
[Turn 8, Step 28] Agent: 턴 종료

[Turn 8] === Opponent's Turn ===
[Turn 8, Step 28] Opponent: 공격 - Wargear[5/4] -> Auctionmaster Beardo
[Turn 8, Step 28] Opponent: 카드 플레이 - Wing Commander (코스트: 4)
[Turn 8, Step 28] Opponent: 턴 종료
[Turn 9, Step 29] Agent: 영웅 능력 사용 -> Bomb Squad

--- Game State (Turn 9, Step 30) ---
Agent: Jaina Proudmoore HP: 23, Mana: 7/9
  Hand (5): Kabal Crystal Runner, Al'ar, Maexxna, Primordial Drake, Faceless Rager
  Field: Magtheridon[12/12], Bomb Squad[2/1], Psychic Conjurer[1/1]
Opponent: Rexxar HP: 20, Mana: 4/8
  Hand (4)
  Field: Infectious Sporeling[1/2], Wargear[5/1], Wing Commander[2/5]
[Turn 9, Step 30] Agent: 턴 종료

[Turn 9] === Opponent's Turn ===
[Turn 9, Step 30] Opponent: 공격 - Wargear[5/1] -> Psychic Conjurer
[Turn 9, Step 30] Opponent: 공격 - Infectious Sporeling[1/2] -> Jaina Proudmoore
[Turn 9, Step 30] Opponent: 카드 플레이 - Desert Hare (코스트: 3)
[Turn 9, Step 30] Opponent: 카드 플레이 - Terrorscale Stalker (코스트: 3)
[Turn 9, Step 30] Opponent: 공격 - Wing Commander[2/5] -> Jaina Proudmoore
[Turn 9, Step 30] Opponent: 카드 플레이 - Master of Ceremonies (코스트: 3)
[Turn 9, Step 30] Opponent: 턴 종료
[Turn 10, Step 31] Agent: 공격 - Bomb Squad[2/1] -> Rexxar
[Turn 10, Step 32] Agent: 영웅 능력 사용 -> Terrorscale Stalker
[Turn 10, Step 33] Agent: 카드 플레이 - Al'ar (코스트: 5)
[Turn 10, Step 34] Agent: 카드 플레이 - Faceless Rager -> Infectious Sporeling (코스트: 3)

--- Game State (Turn 10, Step 35) ---
Agent: Jaina Proudmoore HP: 20, Mana: 0/10
  Hand (4): Kabal Crystal Runner, Maexxna, Primordial Drake, Bonechewer Brawler
  Field: Infectious Sporeling[1/2], Magtheridon[12/12], Bomb Squad[2/1], Al'ar[7/3], Faceless Rager[5/2]
Opponent: Rexxar HP: 18, Mana: 0/9
  Hand (2)
  Field: Infectious Sporeling[1/2], Wing Commander[2/5], Desert Hare[1/1], Desert Hare[1/1], Desert Hare[1/1], Terrorscale Stalker[3/2], Master of Ceremonies[4/2]
[Turn 10, Step 35] Agent: 공격 - Infectious Sporeling[1/2] -> Wing Commander
[Turn 10, Step 36] Agent: 턴 종료

[Turn 10] === Opponent's Turn ===
[Turn 10, Step 36] Opponent: 공격 - Infectious Sporeling[1/2] -> Jaina Proudmoore
[Turn 10, Step 36] Opponent: 공격 - Terrorscale Stalker[3/2] -> Bomb Squad
[Turn 10, Step 36] Opponent: 공격 - Master of Ceremonies[4/2] -> Jaina Proudmoore
[Turn 10, Step 36] Opponent: 카드 플레이 - Wax Elemental (코스트: 1)
[Turn 10, Step 36] Opponent: 공격 - Desert Hare[1/1] -> Al'ar
[Turn 10, Step 36] Opponent: 공격 - Infectious Sporeling[1/2] -> Al'ar
[Turn 10, Step 36] Opponent: 공격 - Desert Hare[1/1] -> Jaina Proudmoore
[Turn 10, Step 36] Opponent: 턴 종료
[Turn 10, Step 37] Agent: 영웅 능력 사용 -> Infectious Sporeling
[Turn 10, Step 38] Agent: 턴 종료

[Turn 10] === Opponent's Turn ===
[Turn 10, Step 38] Opponent: 공격 - Desert Hare[1/1] -> Faceless Rager
[Turn 10, Step 38] Opponent: 공격 - Master of Ceremonies[4/2] -> Faceless Rager
[Turn 10, Step 38] Opponent: 공격 - Infectious Sporeling[1/2] -> Infectious Sporeling
[Turn 10, Step 38] Opponent: 공격 - Desert Hare[1/1] -> Infectious Sporeling
[Turn 10, Step 38] Opponent: 카드 플레이 - Acidmaw (코스트: 7)
[Turn 10, Step 38] Opponent: 카드 플레이 - Tournament Attendee (코스트: 1)
[Turn 10, Step 38] Opponent: 턴 종료
[Turn 10, Step 39] Agent: 영웅 능력 사용 -> Jaina Proudmoore

--- Game State (Turn 10, Step 40) ---
Agent: Jaina Proudmoore HP: 13, Mana: 8/10
  Hand (6): Guild Recruiter, Kabal Crystal Runner, Maexxna, Primordial Drake, Bonechewer Brawler, Summoning Stone
  Field: Magtheridon[12/12], Infectious Sporeling[1/1]
Opponent: Rexxar HP: 18, Mana: 2/10
  Hand (1)
  Field: Infectious Sporeling[1/1], Infectious Sporeling[1/2], Wax Elemental[0/2], Acidmaw[4/2], Tournament Attendee[2/1]
[Turn 10, Step 40] Agent: 카드 플레이 - Bonechewer Brawler (코스트: 2)
[Turn 10, Step 41] Agent: 카드 플레이 - Summoning Stone (코스트: 5)
[Turn 10, Step 42] Agent: 공격 - Infectious Sporeling[1/1] -> Wax Elemental
[Turn 10, Step 43] Agent: 턴 종료

[Turn 10] === Opponent's Turn ===
[Turn 10, Step 43] Opponent: 카드 플레이 - Gelbin Mekkatorque (코스트: 6)
[Turn 10, Step 43] Opponent: 영웅 능력 사용
[Turn 10, Step 43] Opponent: 공격 - Acidmaw[4/2] -> Bonechewer Brawler
[Turn 10, Step 43] Opponent: 공격 - Tournament Attendee[2/1] -> Summoning Stone
[Turn 10, Step 43] Opponent: 공격 - Infectious Sporeling[1/2] -> Summoning Stone
[Turn 10, Step 43] Opponent: 공격 - Infectious Sporeling[1/1] -> Jaina Proudmoore
[Turn 10, Step 43] Opponent: 턴 종료
[Turn 10, Step 44] Agent: 카드 플레이 - Guild Recruiter (코스트: 5)

--- Game State (Turn 10, Step 45) ---
Agent: Jaina Proudmoore HP: 12, Mana: 5/10
  Hand (4): Grand Archivist, Kabal Crystal Runner, Maexxna, Primordial Drake
  Field: Magtheridon[12/12], Infectious Sporeling[1/1], Infectious Sporeling[1/2], Guild Recruiter[2/4], Squirming Tentacle[2/4]
Opponent: Rexxar HP: 18, Mana: 2/10
  Hand (1)
  Field: Infectious Sporeling[1/1], Infectious Sporeling[1/2], Wax Elemental[0/2], Tournament Attendee[2/1], Gelbin Mekkatorque[7/7], Emboldener 3000[0/4]
[Turn 10, Step 45] Agent: 영웅 능력 사용 -> Infectious Sporeling
[Turn 10, Step 46] Agent: 공격 - Infectious Sporeling[1/1] -> Wax Elemental
[Turn 10, Step 47] Agent: 공격 - Infectious Sporeling[1/2] -> Tournament Attendee
[Turn 10, Step 48] Agent: 턴 종료

[Turn 10] === Opponent's Turn ===
[Turn 10, Step 48] Opponent: 공격 - Infectious Sporeling[1/2] -> Squirming Tentacle
[Turn 10, Step 48] Opponent: 공격 - Infectious Sporeling[1/2] -> Guild Recruiter
[Turn 10, Step 48] Opponent: 공격 - Gelbin Mekkatorque[7/7] -> Infectious Sporeling
[Turn 10, Step 48] Opponent: 공격 - Infectious Sporeling[1/2] -> Infectious Sporeling
[Turn 10, Step 48] Opponent: 카드 플레이 - Duskboar (코스트: 2)
[Turn 10, Step 48] Opponent: 턴 종료
[Turn 10, Step 49] Agent: 공격 - Infectious Sporeling[2/3] -> Infectious Sporeling

--- Game State (Turn 10, Step 50) ---
Agent: Jaina Proudmoore HP: 12, Mana: 10/10
  Hand (5): Grand Archivist, Kabal Crystal Runner, Maexxna, Primordial Drake, Gadgetzan Auctioneer
  Field: Magtheridon[12/12], Infectious Sporeling[2/2], Infectious Sporeling[1/2]
Opponent: Rexxar HP: 18, Mana: 8/10
  Hand (1)
  Field: Infectious Sporeling[1/2], Infectious Sporeling[1/2], Emboldener 3000[0/4], Duskboar[4/1]
[Turn 10, Step 50] Agent: 카드 플레이 - Kabal Crystal Runner (코스트: 6)
[Turn 10, Step 51] Agent: 공격 - Infectious Sporeling[1/2] -> Infectious Sporeling
[Turn 10, Step 52] Agent: 영웅 능력 사용 -> Jaina Proudmoore
[Turn 10, Step 53] Agent: 턴 종료

[Turn 10] === Opponent's Turn ===
[Turn 10, Step 53] Opponent: 카드 플레이 - Auctionmaster Beardo (코스트: 3)
[Turn 10, Step 53] Opponent: 카드 플레이 - Beaming Sidekick -> Infectious Sporeling (코스트: 1)
[Turn 10, Step 53] Opponent: 공격 - Duskboar[4/1] -> Kabal Crystal Runner
[Turn 10, Step 53] Opponent: 공격 - Infectious Sporeling[1/4] -> Kabal Crystal Runner
[Turn 10, Step 53] Opponent: 턴 종료
[Turn 10, Step 54] Agent: 공격 - Infectious Sporeling[1/2] -> Infectious Sporeling

--- Game State (Turn 10, Step 55) ---
Agent: Jaina Proudmoore HP: 11, Mana: 10/10
  Hand (5): Grand Archivist, Maexxna, Primordial Drake, Gadgetzan Auctioneer, Genzo, the Shark
  Field: Magtheridon[12/12], Infectious Sporeling[2/2], Infectious Sporeling[1/1], Infectious Sporeling[1/1]
Opponent: Rexxar HP: 18, Mana: 6/10
  Hand (0)
  Field: Infectious Sporeling[1/2], Emboldener 3000[0/4], Auctionmaster Beardo[4/5], Beaming Sidekick[1/2]
[Turn 10, Step 55] Agent: 영웅 능력 사용 -> Auctionmaster Beardo
[Turn 10, Step 56] Agent: 턴 종료

[Turn 10] === Opponent's Turn ===
[Turn 10, Step 56] Opponent: 공격 - Infectious Sporeling[1/2] -> Infectious Sporeling
[Turn 10, Step 56] Opponent: 공격 - Auctionmaster Beardo[4/4] -> Infectious Sporeling
[Turn 10, Step 56] Opponent: 영웅 능력 사용
[Turn 10, Step 56] Opponent: 공격 - Beaming Sidekick[1/2] -> Infectious Sporeling
[Turn 10, Step 56] Opponent: 카드 플레이 - Molten Giant (코스트: 8)
[Turn 10, Step 56] Opponent: 턴 종료
[Turn 10, Step 57] Agent: 카드 플레이 - Platebreaker (코스트: 5)
[Turn 10, Step 58] Agent: 영웅 능력 사용 -> Emboldener 3000
[Turn 10, Step 59] Agent: 공격 - Infectious Sporeling[2/3] -> Molten Giant

--- Game State (Turn 10, Step 60) ---
Agent: Jaina Proudmoore HP: 11, Mana: 3/10
  Hand (5): Grand Archivist, Maexxna, Primordial Drake, Gadgetzan Auctioneer, Genzo, the Shark
  Field: Magtheridon[12/12], Platebreaker[5/5]
Opponent: Rexxar HP: 18, Mana: 0/10
  Hand (0)
  Field: Emboldener 3000[0/3], Infectious Sporeling[1/2], Infectious Sporeling[1/2], Infectious Sporeling[1/2]
[Turn 10, Step 60] Agent: 턴 종료

[Turn 10] === Opponent's Turn ===
[Turn 10, Step 60] Opponent: 카드 플레이 - Snowflipper Penguin (코스트: 0)
[Turn 10, Step 60] Opponent: 공격 - Infectious Sporeling[1/2] -> Platebreaker
[Turn 10, Step 60] Opponent: 공격 - Infectious Sporeling[1/2] -> Jaina Proudmoore
[Turn 10, Step 60] Opponent: 공격 - Infectious Sporeling[1/2] -> Jaina Proudmoore
[Turn 10, Step 60] Opponent: 영웅 능력 사용
[Turn 10, Step 60] Opponent: 턴 종료
[Turn 10, Step 61] Agent: 공격 - Infectious Sporeling[1/2] -> Emboldener 3000
[Turn 10, Step 62] Agent: 카드 플레이 - Maexxna (코스트: 6)
[Turn 10, Step 63] Agent: 영웅 능력 사용 -> Maexxna
[Turn 10, Step 64] Agent: 턴 종료

[Turn 10] === Opponent's Turn ===
[Turn 10, Step 64] Opponent: 공격 - Infectious Sporeling[1/2] -> Maexxna
[Turn 10, Step 64] Opponent: 공격 - Snowflipper Penguin[2/2] -> Infectious Sporeling
[Turn 10, Step 64] Opponent: 턴 종료

--- Game State (Turn 10, Step 65) ---
Agent: Jaina Proudmoore HP: 9, Mana: 10/10
  Hand (6): Grand Archivist, Primordial Drake, Gadgetzan Auctioneer, Genzo, the Shark, Ravenholdt Assassin, Brann Bronzebeard
  Field: Magtheridon[12/12], Infectious Sporeling[1/2]
Opponent: Rexxar HP: 18, Mana: 10/10
  Hand (1)
  Field: Infectious Sporeling[1/2], Infectious Sporeling[1/2], Infectious Sporeling[1/2]
[Turn 10, Step 65] Agent: 카드 플레이 - Gadgetzan Auctioneer (코스트: 6)
[Turn 10, Step 66] Agent: 영웅 능력 사용 -> Gadgetzan Auctioneer
[Turn 10, Step 67] Agent: 턴 종료

[Turn 10] === Opponent's Turn ===
[Turn 10, Step 67] Opponent: 공격 - Infectious Sporeling[1/2] -> Jaina Proudmoore
[Turn 10, Step 67] Opponent: 턴 종료
[Turn 10, Step 68] Agent: 공격 - Infectious Sporeling[1/2] -> Rexxar
[Turn 10, Step 69] Agent: 카드 플레이 - Grand Archivist (코스트: 8)

--- Game State (Turn 10, Step 70) ---
Agent: Jaina Proudmoore HP: 8, Mana: 2/10
  Hand (5): Primordial Drake, Genzo, the Shark, Ravenholdt Assassin, Brann Bronzebeard, Burly Rockjaw Trogg
  Field: Magtheridon[12/12], Infectious Sporeling[1/2], Gadgetzan Auctioneer[4/3], Grand Archivist[4/7]
Opponent: Rexxar HP: 17, Mana: 10/10
  Hand (2)
  Field: Infectious Sporeling[1/2], Infectious Sporeling[1/2], Infectious Sporeling[1/2], Infectious Sporeling[1/2]
[Turn 10, Step 70] Agent: 공격 - Gadgetzan Auctioneer[4/3] -> Infectious Sporeling
[Turn 10, Step 71] Agent: 영웅 능력 사용 -> Jaina Proudmoore
[Turn 10, Step 72] Agent: 턴 종료

[Turn 10] === Opponent's Turn ===
[Turn 10, Step 72] Opponent: 공격 - Infectious Sporeling[1/2] -> Grand Archivist
[Turn 10, Step 72] Opponent: 영웅 능력 사용
[Turn 10, Step 72] Opponent: 공격 - Infectious Sporeling[1/2] -> Jaina Proudmoore
[Turn 10, Step 72] Opponent: 공격 - Infectious Sporeling[1/2] -> Infectious Sporeling
[Turn 10, Step 72] Opponent: 카드 플레이 - Sludge Belcher (코스트: 5)
[Turn 10, Step 72] Opponent: 턴 종료
[Turn 10, Step 73] Agent: 공격 - Infectious Sporeling[1/2] -> Sludge Belcher
[Turn 10, Step 74] Agent: 카드 플레이 - Burly Rockjaw Trogg (코스트: 4)

--- Game State (Turn 10, Step 75) ---
Agent: Jaina Proudmoore HP: 6, Mana: 6/10
  Hand (5): Primordial Drake, Genzo, the Shark, Ravenholdt Assassin, Brann Bronzebeard, Coppertail Imposter
  Field: Magtheridon[12/12], Infectious Sporeling[1/2], Infectious Sporeling[1/2], Burly Rockjaw Trogg[3/5]
Opponent: Rexxar HP: 17, Mana: 3/10
  Hand (2)
  Field: Infectious Sporeling[1/1], Infectious Sporeling[1/2], Infectious Sporeling[1/2]
[Turn 10, Step 75] Agent: 공격 - Infectious Sporeling[1/2] -> Infectious Sporeling
[Turn 10, Step 76] Agent: 공격 - Infectious Sporeling[1/2] -> Infectious Sporeling
[Turn 10, Step 77] Agent: 카드 플레이 - Coppertail Imposter (코스트: 4)
[Turn 10, Step 78] Agent: 턴 종료

[Turn 10] === Opponent's Turn ===
[Turn 10, Step 78] Opponent: 공격 - Infectious Sporeling[1/2] -> Burly Rockjaw Trogg
[Turn 10, Step 78] Opponent: 영웅 능력 사용
[Turn 10, Step 78] Opponent: 공격 - Infectious Sporeling[1/2] -> Jaina Proudmoore
[Turn 10, Step 78] Opponent: 카드 플레이 - Darkscale Healer (코스트: 5)
[Turn 10, Step 78] Opponent: 공격 - Infectious Sporeling[1/2] -> Jaina Proudmoore
[Turn 10, Step 78] Opponent: 턴 종료
[Turn 10, Step 79] Agent: 공격 - Infectious Sporeling[1/2] -> Darkscale Healer

--- Game State (Turn 10, Step 80) ---
Agent: Jaina Proudmoore HP: 4, Mana: 10/10
  Hand (5): Primordial Drake, Genzo, the Shark, Ravenholdt Assassin, Brann Bronzebeard, Vulpera Scoundrel
  Field: Magtheridon[12/12], Infectious Sporeling[1/1], Infectious Sporeling[1/1], Coppertail Imposter[4/4]
Opponent: Rexxar HP: 17, Mana: 3/10
  Hand (2)
  Field: Infectious Sporeling[1/2], Infectious Sporeling[1/2], Infectious Sporeling[1/2]
[Turn 10, Step 80] Agent: 공격 - Infectious Sporeling[1/1] -> Infectious Sporeling
[Turn 10, Step 81] Agent: 카드 플레이 - Vulpera Scoundrel (코스트: 3)
[Turn 10, Step 82] Agent: 선택 - Ice Lance
[Turn 10, Step 82] Agent: 턴 종료

[Turn 10] === Opponent's Turn ===
[Turn 10, Step 82] Opponent: 공격 - Infectious Sporeling[1/2] -> Infectious Sporeling
[Turn 10, Step 82] Opponent: 공격 - Infectious Sporeling[1/2] -> Coppertail Imposter
[Turn 10, Step 82] Opponent: 공격 - Infectious Sporeling[1/2] -> Infectious Sporeling
[Turn 10, Step 82] Opponent: 카드 플레이 - Hungry Ettin (코스트: 6)
[Turn 10, Step 82] Opponent: 턴 종료
[Turn 10, Step 83] Agent: 카드 플레이 - Ice Lance -> Jaina Proudmoore (코스트: 1)
[Turn 10, Step 84] Agent: 카드 플레이 - Genzo, the Shark (코스트: 4)

--- Game State (Turn 10, Step 85) ---
Agent: Jaina Proudmoore HP: 4, Mana: 5/10
  Hand (4): Primordial Drake, Ravenholdt Assassin, Brann Bronzebeard, Amani Berserker
  Field: Magtheridon[12/12], Infectious Sporeling[1/2], Infectious Sporeling[1/2], EVIL Conscripter[2/2], Vulpera Scoundrel[2/3], Genzo, the Shark[5/4]
Opponent: Rexxar HP: 17, Mana: 4/10
  Hand (2)
  Field: Infectious Sporeling[1/1], Infectious Sporeling[1/1], Hungry Ettin[4/10]
[Turn 10, Step 85] Agent: 카드 플레이 - Brann Bronzebeard (코스트: 3)
[Turn 10, Step 86] Agent: 영웅 능력 사용 -> Jaina Proudmoore
[Turn 10, Step 87] Agent: 공격 - Vulpera Scoundrel[2/3] -> Hungry Ettin
[Turn 10, Step 88] Agent: 공격 - Infectious Sporeling[1/2] -> Hungry Ettin
[Turn 10, Step 89] Agent: 공격 - EVIL Conscripter[2/2] -> Infectious Sporeling

--- Game State (Turn 10, Step 90) ---
Agent: Jaina Proudmoore HP: 3, Mana: 0/10
  Hand (3): Primordial Drake, Ravenholdt Assassin, Amani Berserker
  Field: Magtheridon[12/12], Infectious Sporeling[1/2], Infectious Sporeling[1/2], Genzo, the Shark[5/4], Brann Bronzebeard[2/4]
Opponent: Rexxar HP: 17, Mana: 4/10
  Hand (2)
  Field: Infectious Sporeling[1/1], Infectious Sporeling[1/1]
[Turn 10, Step 90] Agent: 공격 - Infectious Sporeling[1/2] -> Infectious Sporeling
[Turn 10, Step 91] Agent: 턴 종료

[Turn 10] === Opponent's Turn ===
[Turn 10, Step 91] Opponent: 공격 - Infectious Sporeling[1/1] -> Jaina Proudmoore
[Turn 10, Step 91] Opponent: 카드 플레이 - Volcanic Drake (코스트: 6)
[Turn 10, Step 91] Opponent: 카드 플레이 - Blazing Battlemage (코스트: 1)
[Turn 10, Step 91] Opponent: 공격 - Infectious Sporeling[1/2] -> Infectious Sporeling
[Turn 10, Step 91] Opponent: 카드 플레이 - Shade of Naxxramas (코스트: 3)
[Turn 10, Step 91] Opponent: 턴 종료
[Turn 10, Step 92] Agent: 공격 - Genzo, the Shark[5/4] -> Infectious Sporeling
[Turn 10, Step 93] Agent: 카드 플레이 - Amani Berserker (코스트: 2)
[Turn 10, Step 94] Agent: 영웅 능력 사용 -> Infectious Sporeling

--- Game State (Turn 10, Step 95) ---
Agent: Jaina Proudmoore HP: 2, Mana: 6/10
  Hand (3): Primordial Drake, Ravenholdt Assassin, Leper Gnome
  Field: Magtheridon[12/12], Infectious Sporeling[1/1], Infectious Sporeling[1/1], Infectious Sporeling[1/2], Brann Bronzebeard[2/4], Amani Berserker[2/3]
Opponent: Rexxar HP: 17, Mana: 0/10
  Hand (3)
  Field: Infectious Sporeling[1/1], Volcanic Drake[6/4], Blazing Battlemage[2/2], Shade of Naxxramas[2/2]
[Turn 10, Step 95] Agent: 공격 - Infectious Sporeling[1/1] -> Infectious Sporeling
[Turn 10, Step 96] Agent: 공격 - Infectious Sporeling[1/1] -> Volcanic Drake
[Turn 10, Step 97] Agent: 공격 - Brann Bronzebeard[2/4] -> Infectious Sporeling
[Turn 10, Step 98] Agent: 카드 플레이 - Leper Gnome (코스트: 1)
[Turn 10, Step 99] Agent: 턴 종료

[Turn 10] === Opponent's Turn ===
[Turn 10, Step 99] Opponent: 공격 - Infectious Sporeling[1/2] -> Infectious Sporeling
[Turn 10, Step 99] Opponent: 카드 플레이 - Marked Shot -> Infectious Sporeling (코스트: 4)
[Turn 10, Step 99] Opponent: 선택 - Multi-Shot
[Turn 10, Step 99] Opponent: 카드 플레이 - Infectious Sporeling (코스트: 1)
[Turn 10, Step 99] Opponent: 공격 - Blazing Battlemage[2/2] -> Infectious Sporeling
[Turn 10, Step 99] Opponent: 카드 플레이 - Multi-Shot (코스트: 4)
[Turn 10, Step 99] Opponent: 공격 - Shade of Naxxramas[3/3] -> Infectious Sporeling
[Turn 10, Step 99] Opponent: 턴 종료

--- Game State (Turn 10, Step 100) ---
Agent: Jaina Proudmoore HP: 2, Mana: 10/10
  Hand (3): Primordial Drake, Ravenholdt Assassin, The Voraxx
  Field: Magtheridon[12/12]
Opponent: Rexxar HP: 17, Mana: 1/10
  Hand (2)
  Field: Infectious Sporeling[1/2], Infectious Sporeling[1/2], Infectious Sporeling[1/2]
[Turn 10, Step 100] Agent: 영웅 능력 사용 -> Jaina Proudmoore
[Turn 10, Step 101] Agent: 카드 플레이 - Primordial Drake (코스트: 8)
[Turn 10, Step 102] Agent: 턴 종료

[Turn 10] === Opponent's Turn ===
[Turn 10, Step 102] Opponent: 카드 플레이 - Aya Blackpaw (코스트: 6)
[Turn 10, Step 102] Opponent: 영웅 능력 사용
[Turn 10, Step 102] Opponent: 턴 종료
[Turn 10, Step 103] Agent: 영웅 능력 사용 -> Primordial Drake
[Turn 10, Step 104] Agent: 카드 플레이 - Deathaxe Punisher (코스트: 4)

--- Game State (Turn 10, Step 105) ---
Agent: Jaina Proudmoore HP: 1, Mana: 4/10
  Hand (2): Ravenholdt Assassin, The Voraxx
  Field: Magtheridon[12/12], Primordial Drake[4/5], Deathaxe Punisher[3/3]
Opponent: Rexxar HP: 16, Mana: 2/10
  Hand (1)
  Field: Aya Blackpaw[5/3], Jade Golem[1/1]
[Turn 10, Step 105] Agent: 공격 - Primordial Drake[4/5] -> Rexxar
[Turn 10, Step 106] Agent: 카드 플레이 - The Voraxx (코스트: 4)
[Turn 10, Step 107] Agent: 턴 종료

[Turn 10] === Opponent's Turn ===
[Turn 10, Step 107] Opponent: 턴 종료
[Turn 10, Step 108] Agent: 영웅 능력 사용 -> Rexxar
[Turn 10, Step 109] Agent: 카드 플레이 - Ravenholdt Assassin (코스트: 7)

--- Game State (Turn 10, Step 110) ---
Agent: Jaina Proudmoore HP: 1, Mana: 1/10
  Hand (1): Prince Keleseth
  Field: Magtheridon[12/12], Primordial Drake[4/5], Deathaxe Punisher[3/3], The Voraxx[3/3], Ravenholdt Assassin[7/5]
Opponent: Rexxar HP: 9, Mana: 10/10
  Hand (1)
  Field: Aya Blackpaw[5/3], Jade Golem[1/1]
[Turn 10, Step 110] Agent: 공격 - The Voraxx[3/3] -> Rexxar
[Turn 10, Step 111] Agent: 공격 - Deathaxe Punisher[3/3] -> Jade Golem
[Turn 10, Step 112] Agent: 공격 - Primordial Drake[4/5] -> Rexxar
[Turn 10, Step 113] Agent: 턴 종료

--- Game State (Turn 10, Step 114) ---
Agent: Jaina Proudmoore HP: 1, Mana: 1/10
  Hand (1): Prince Keleseth
  Field: Magtheridon[12/12], Primordial Drake[4/5], Deathaxe Punisher[3/2], The Voraxx[3/3], Ravenholdt Assassin[7/5]
Opponent: Rexxar HP: 0, Mana: 10/10
  Hand (1)
  Field: Aya Blackpaw[5/3]

============================================================
게임 종료 - Terminated: True, Truncated: False
승자: Agent
============================================================

