============================================================
NEW GAME STARTED
Agent: HERO_08 vs Opponent: HERO_05
Action Masking: OFF
Masking Expected: OFF
============================================================
[Turn 1, Step 0] Agent: 턴 종료

[Turn 1] === Opponent's Turn ===
[Turn 1, Step 0] Opponent: 턴 종료
[Turn 2, Step 1] Agent: 카드 플레이 - Pompous Thespian (코스트: 2)
[Turn 2, Step 2] Agent: 턴 종료

[Turn 2] === Opponent's Turn ===
[Turn 2, Step 2] Opponent: 카드 플레이 - Explorer's Hat -> Pompous Thespian (코스트: 2)
[Turn 2, Step 2] Opponent: 카드 플레이 - The Coin (코스트: 0)
[Turn 2, Step 2] Opponent: 턴 종료
[Turn 3, Step 3] Agent: 카드 플레이 - Witch's Cauldron (코스트: 3)
[Turn 3, Step 4] Agent: 공격 - Pompous Thespian[4/3] -> Rexxar

--- Game State (Turn 3, Step 5) ---
Agent: Jaina Proudmoore HP: 30, Mana: 0/3
  Hand (4): Skelemancer, Goblin Sapper, Corrosive Sludge, Fishflinger
  Field: Pompous Thespian[4/3], Witch's Cauldron[0/4]
Opponent: Rexxar HP: 26, Mana: 0/2
  Hand (5)
[Turn 3, Step 5] Agent: 턴 종료

[Turn 3] === Opponent's Turn ===
[Turn 3, Step 5] Opponent: 턴 종료
[Turn 4, Step 6] Agent: 카드 플레이 - Goblin Sapper (코스트: 3)
[Turn 4, Step 7] Agent: 공격 - Pompous Thespian[4/3] -> Rexxar
[Turn 4, Step 8] Agent: 턴 종료

[Turn 4] === Opponent's Turn ===
[Turn 4, Step 8] Opponent: 카드 플레이 - Imp Master (코스트: 3)
[Turn 4, Step 8] Opponent: 카드 플레이 - Grimscale Oracle (코스트: 1)
[Turn 4, Step 8] Opponent: 턴 종료
[Turn 5, Step 9] Agent: 공격 - Pompous Thespian[4/3] -> Imp Master

--- Game State (Turn 5, Step 10) ---
Agent: Jaina Proudmoore HP: 30, Mana: 5/5
  Hand (5): Skelemancer, Corrosive Sludge, Fishflinger, Frozen Clone, Unpowered Mauler
  Field: Pompous Thespian[4/2], Witch's Cauldron[0/4], Goblin Sapper[2/4]
Opponent: Rexxar HP: 22, Mana: 0/4
  Hand (5)
  Field: Imp[1/1], Grimscale Oracle[1/1]
[Turn 5, Step 10] Agent: 공격 - Goblin Sapper[2/4] -> Grimscale Oracle
[Turn 5, Step 11] Agent: 영웅 능력 사용 -> Goblin Sapper
[Turn 5, Step 12] Agent: 카드 플레이 - Fishflinger (코스트: 2)
[Turn 5, Step 13] Agent: 턴 종료

[Turn 5] === Opponent's Turn ===
[Turn 5, Step 13] Opponent: 카드 플레이 - Maiev Shadowsong -> Pompous Thespian (코스트: 4)
[Turn 5, Step 13] Opponent: 공격 - Imp[1/1] -> Fishflinger
[Turn 5, Step 13] Opponent: 턴 종료
[Turn 6, Step 14] Agent: 공격 - Fishflinger[3/1] -> Rexxar

--- Game State (Turn 6, Step 15) ---
Agent: Jaina Proudmoore HP: 30, Mana: 6/6
  Hand (6): Skelemancer, Corrosive Sludge, Frozen Clone, Unpowered Mauler, Murgur Murgurgle, Swift Messenger
  Field: Pompous Thespian[4/2], Witch's Cauldron[0/4], Goblin Sapper[6/2], Fishflinger[3/1]
Opponent: Rexxar HP: 19, Mana: 1/5
  Hand (6)
  Field: Maiev Shadowsong[4/3]
[Turn 6, Step 15] Agent: 영웅 능력 사용 -> Goblin Sapper
[Turn 6, Step 16] Agent: 카드 플레이 - Frozen Clone (코스트: 3)
[Turn 6, Step 17] Agent: 공격 - Goblin Sapper[6/1] -> Rexxar
[Turn 6, Step 18] Agent: 턴 종료

[Turn 6] === Opponent's Turn ===
[Turn 6, Step 18] Opponent: 카드 플레이 - Vilefin Inquisitor (코스트: 1)
[Turn 6, Step 18] Opponent: 공격 - Maiev Shadowsong[4/3] -> Jaina Proudmoore
[Turn 6, Step 18] Opponent: 턴 종료
[Turn 7, Step 19] Agent: 영웅 능력 사용 -> Maiev Shadowsong

--- Game State (Turn 7, Step 20) ---
Agent: Jaina Proudmoore HP: 26, Mana: 5/7
  Hand (8): Skelemancer, Corrosive Sludge, Unpowered Mauler, Murgur Murgurgle, Swift Messenger, Vilefin Inquisitor, Vilefin Inquisitor, Spiked Hogrider
  Field: Pompous Thespian[4/2], Witch's Cauldron[0/4], Goblin Sapper[6/1], Fishflinger[3/1]
Opponent: Rexxar HP: 13, Mana: 5/6
  Hand (6)
  Field: Maiev Shadowsong[4/2], Vilefin Inquisitor[1/3]
[Turn 7, Step 20] Agent: 공격 - Goblin Sapper[6/1] -> Maiev Shadowsong
[Turn 7, Step 21] Agent: 공격 - Fishflinger[3/1] -> Vilefin Inquisitor
[Turn 7, Step 22] Agent: 카드 플레이 - Skelemancer (코스트: 5)
[Turn 7, Step 23] Agent: 턴 종료

[Turn 7] === Opponent's Turn ===
[Turn 7, Step 23] Opponent: 카드 플레이 - Master of Ceremonies (코스트: 3)
[Turn 7, Step 23] Opponent: 카드 플레이 - Razorfen Hunter (코스트: 3)
[Turn 7, Step 23] Opponent: 턴 종료
[Turn 8, Step 24] Agent: 공격 - Skelemancer[2/2] -> Boar

--- Game State (Turn 8, Step 25) ---
Agent: Jaina Proudmoore HP: 26, Mana: 8/8
  Hand (8): Corrosive Sludge, Unpowered Mauler, Murgur Murgurgle, Swift Messenger, Vilefin Inquisitor, Vilefin Inquisitor, Spiked Hogrider, Meteorologist
  Field: Pompous Thespian[4/2], Witch's Cauldron[0/4], Skelemancer[2/1]
Opponent: Rexxar HP: 13, Mana: 1/7
  Hand (5)
  Field: Master of Ceremonies[4/2], Razorfen Hunter[2/3]
[Turn 8, Step 25] Agent: 영웅 능력 사용 -> Razorfen Hunter
[Turn 8, Step 26] Agent: 공격 - Pompous Thespian[4/2] -> Master of Ceremonies
[Turn 8, Step 27] Agent: 카드 플레이 - Corrosive Sludge (코스트: 5)
[Turn 8, Step 28] Agent: 카드 플레이 - Vilefin Inquisitor (코스트: 1)
[Turn 8, Step 29] Agent: 턴 종료

[Turn 8] === Opponent's Turn ===
[Turn 8, Step 29] Opponent: 카드 플레이 - Explorer's Hat -> Vilefin Inquisitor (코스트: 2)
[Turn 8, Step 29] Opponent: 카드 플레이 - Furnacefire Colossus (코스트: 6)
[Turn 8, Step 29] Opponent: 공격 - Razorfen Hunter[2/2] -> Vilefin Inquisitor
[Turn 8, Step 29] Opponent: 턴 종료

--- Game State (Turn 9, Step 30) ---
Agent: Jaina Proudmoore HP: 26, Mana: 9/9
  Hand (7): Unpowered Mauler, Murgur Murgurgle, Swift Messenger, Vilefin Inquisitor, Spiked Hogrider, Meteorologist, Runic Egg
  Field: Witch's Cauldron[0/4], Skelemancer[2/1], Corrosive Sludge[5/5], Vilefin Inquisitor[2/2]
Opponent: Rexxar HP: 13, Mana: 0/8
  Hand (5)
  Field: Furnacefire Colossus[6/6]
[Turn 9, Step 30] Agent: 공격 - Skelemancer[2/1] -> Furnacefire Colossus
[Turn 9, Step 31] Agent: 공격 - Corrosive Sludge[5/5] -> Furnacefire Colossus
[Turn 9, Step 32] Agent: 카드 플레이 - Unpowered Mauler (코스트: 2)
[Turn 9, Step 33] Agent: 카드 플레이 - Murgur Murgurgle (코스트: 2)
[Turn 9, Step 34] Agent: 카드 플레이 - Swift Messenger (코스트: 4)

--- Game State (Turn 9, Step 35) ---
Agent: Jaina Proudmoore HP: 26, Mana: 1/9
  Hand (4): Vilefin Inquisitor, Spiked Hogrider, Meteorologist, Runic Egg
  Field: Witch's Cauldron[0/4], Vilefin Inquisitor[2/2], Unpowered Mauler[2/4], Murgur Murgurgle[2/1], Swift Messenger[6/2]
Opponent: Rexxar HP: 13, Mana: 0/8
  Hand (5)
[Turn 9, Step 35] Agent: 카드 플레이 - Vilefin Inquisitor (코스트: 1)
[Turn 9, Step 36] Agent: 공격 - Vilefin Inquisitor[2/2] -> Rexxar
[Turn 9, Step 37] Agent: 턴 종료

[Turn 9] === Opponent's Turn ===
[Turn 9, Step 37] Opponent: 카드 플레이 - Nozdormu (코스트: 9)
[Turn 9, Step 37] Opponent: 턴 종료
[Turn 10, Step 38] Agent: 공격 - Swift Messenger[6/2] -> Rexxar
[Turn 10, Step 39] Agent: 공격 - Vilefin Inquisitor[1/3] -> Rexxar

--- Game State (Turn 10, Step 40) ---
Agent: Jaina Proudmoore HP: 26, Mana: 10/10
  Hand (4): Spiked Hogrider, Meteorologist, Runic Egg, The Black Knight
  Field: Witch's Cauldron[0/4], Vilefin Inquisitor[2/2], Unpowered Mauler[2/4], Murgur Murgurgle[2/1], Swift Messenger[6/2], Vilefin Inquisitor[1/3]
Opponent: Rexxar HP: 4, Mana: 0/9
  Hand (5)
  Field: Nozdormu[8/8]
[Turn 10, Step 40] Agent: 카드 플레이 - Spiked Hogrider (코스트: 5)
[Turn 10, Step 41] Agent: 공격 - Vilefin Inquisitor[2/2] -> Rexxar
[Turn 10, Step 42] Agent: 공격 - Murgur Murgurgle[2/1] -> Rexxar

--- Game State (Turn 10, Step 43) ---
Agent: Jaina Proudmoore HP: 26, Mana: 5/10
  Hand (3): Meteorologist, Runic Egg, The Black Knight
  Field: Witch's Cauldron[0/4], Vilefin Inquisitor[2/2], Unpowered Mauler[2/4], Murgur Murgurgle[2/1], Swift Messenger[6/2], Vilefin Inquisitor[1/3], Spiked Hogrider[5/5]
Opponent: Rexxar HP: 0, Mana: 0/9
  Hand (5)
  Field: Nozdormu[8/8]

============================================================
게임 종료 - Terminated: True, Truncated: False
승자: Agent
============================================================

