============================================================
NEW GAME STARTED
Agent: HERO_08 vs Opponent: HERO_05
Action Masking: ON
Masking Expected: ON
============================================================

[Turn 1] === Opponent's Turn ===
[Turn 1, Step 0] Opponent: 턴 종료
[Turn 1, Step 1] Agent: 카드 플레이 - Mecharoo (코스트: 1)
[Turn 1, Step 2] Agent: 턴 종료

[Turn 1] === Opponent's Turn ===
[Turn 1, Step 2] Opponent: 카드 플레이 - Temple Berserker (코스트: 2)
[Turn 1, Step 2] Opponent: 턴 종료
[Turn 2, Step 3] Agent: 카드 플레이 - Zephrys the Great (코스트: 2)
[Turn 2, Step 4] Agent: 선택 - Truesilver Champion
[Turn 2, Step 4] Agent: 턴 종료

[Turn 2] === Opponent's Turn ===
[Turn 2, Step 4] Opponent: 영웅 능력 사용
[Turn 2, Step 4] Opponent: 공격 - Temple Berserker[1/2] -> Mecharoo
[Turn 2, Step 4] Opponent: 턴 종료

--- Game State (Turn 3, Step 5) ---
Agent: Jaina Proudmoore HP: 28, Mana: 3/3
  Hand (7): Menagerie Magician, Aya Blackpaw, The Coin, Mogu Cultist, Saronite Chain Gang, Truesilver Champion, Hoard Pillager
  Field: Jo-E Bot[1/1], Zephrys the Great[3/2]
Opponent: Rexxar HP: 30, Mana: 1/3
  Hand (5)
  Field: Temple Berserker[3/1]
[Turn 3, Step 5] Agent: 공격 - Jo-E Bot[1/1] -> Rexxar
[Turn 3, Step 6] Agent: 영웅 능력 사용 -> Jo-E Bot
[Turn 3, Step 7] Agent: 카드 플레이 - The Coin (코스트: 0)
[Turn 3, Step 8] Agent: 공격 - Zephrys the Great[3/2] -> Rexxar
[Turn 3, Step 9] Agent: 카드 플레이 - Mogu Cultist (코스트: 1)

--- Game State (Turn 3, Step 10) ---
Agent: Jaina Proudmoore HP: 28, Mana: 1/3
  Hand (5): Menagerie Magician, Aya Blackpaw, Saronite Chain Gang, Truesilver Champion, Hoard Pillager
  Field: Zephrys the Great[3/2], Mogu Cultist[1/1]
Opponent: Rexxar HP: 26, Mana: 1/3
  Hand (5)
  Field: Temple Berserker[3/1]
[Turn 3, Step 10] Agent: 턴 종료

[Turn 3] === Opponent's Turn ===
[Turn 3, Step 10] Opponent: 공격 - Temple Berserker[3/1] -> Zephrys the Great
[Turn 3, Step 10] Opponent: 턴 종료
[Turn 4, Step 11] Agent: 영웅 능력 사용 -> Jaina Proudmoore
[Turn 4, Step 12] Agent: 공격 - Mogu Cultist[1/1] -> Temple Berserker
[Turn 4, Step 13] Agent: 턴 종료

[Turn 4] === Opponent's Turn ===
[Turn 4, Step 13] Opponent: 카드 플레이 - Faithful Lumi (코스트: 1)
[Turn 4, Step 13] Opponent: 턴 종료
[Turn 5, Step 14] Agent: 카드 플레이 - Truesilver Champion (코스트: 4)

--- Game State (Turn 5, Step 15) ---
Agent: Jaina Proudmoore HP: 27, Mana: 1/5
  Hand (6): Menagerie Magician, Aya Blackpaw, Saronite Chain Gang, Hoard Pillager, Pyros, Scaled Nightmare
Opponent: Rexxar HP: 26, Mana: 4/5
  Hand (6)
  Field: Faithful Lumi[1/1]
[Turn 5, Step 15] Agent: 공격 - Jaina Proudmoore[4/27] -> Rexxar
[Turn 5, Step 16] Agent: 턴 종료

[Turn 5] === Opponent's Turn ===
[Turn 5, Step 16] Opponent: 영웅 능력 사용
[Turn 5, Step 16] Opponent: 턴 종료
[Turn 6, Step 17] Agent: 카드 플레이 - Hoard Pillager (코스트: 4)
[Turn 6, Step 18] Agent: 영웅 능력 사용 -> Faithful Lumi
[Turn 6, Step 19] Agent: 턴 종료

[Turn 6] === Opponent's Turn ===
[Turn 6, Step 19] Opponent: 턴 종료

--- Game State (Turn 7, Step 20) ---
Agent: Jaina Proudmoore HP: 27, Mana: 7/7
  Hand (7): Piloted Shredder, Menagerie Magician, Aya Blackpaw, Saronite Chain Gang, Pyros, Scaled Nightmare, Sneaky Devil
  Field: Hoard Pillager[4/2]
Opponent: Rexxar HP: 22, Mana: 7/7
  Hand (8)
[Turn 7, Step 20] Agent: 턴 종료

[Turn 7] === Opponent's Turn ===
[Turn 7, Step 20] Opponent: 영웅 능력 사용
[Turn 7, Step 20] Opponent: 카드 플레이 - Marked Shot -> Hoard Pillager (코스트: 4)
[Turn 7, Step 20] Opponent: 선택 - Crushing Walls
[Turn 7, Step 20] Opponent: 카드 플레이 - Dire Mole (코스트: 1)
[Turn 7, Step 20] Opponent: 카드 플레이 - Beaming Sidekick -> Dire Mole (코스트: 1)
[Turn 7, Step 20] Opponent: 턴 종료
[Turn 8, Step 21] Agent: 영웅 능력 사용 -> Dire Mole
[Turn 8, Step 22] Agent: 카드 플레이 - Sneaky Devil (코스트: 4)
[Turn 8, Step 23] Agent: 카드 플레이 - Pyros (코스트: 2)
[Turn 8, Step 24] Agent: 턴 종료

[Turn 8] === Opponent's Turn ===
[Turn 8, Step 24] Opponent: 카드 플레이 - Missile Launcher (코스트: 6)
[Turn 8, Step 24] Opponent: 공격 - Beaming Sidekick[1/2] -> Pyros
[Turn 8, Step 24] Opponent: 턴 종료

--- Game State (Turn 9, Step 25) ---
Agent: Jaina Proudmoore HP: 24, Mana: 9/9
  Hand (8): Piloted Shredder, Menagerie Magician, Aya Blackpaw, Saronite Chain Gang, Scaled Nightmare, Gilnean Royal Guard, Pyros, Spring Rocket
  Field: Sneaky Devil[2/1]
Opponent: Rexxar HP: 21, Mana: 3/9
  Hand (7)
  Field: Dire Mole[1/3], Missile Launcher[4/4]
[Turn 9, Step 25] Agent: 카드 플레이 - Menagerie Magician (코스트: 5)
[Turn 9, Step 26] Agent: 카드 플레이 - Piloted Shredder (코스트: 4)
[Turn 9, Step 27] Agent: 공격 - Jaina Proudmoore[4/24] -> Rexxar
[Turn 9, Step 28] Agent: 턴 종료

[Turn 9] === Opponent's Turn ===
[Turn 9, Step 28] Opponent: 카드 플레이 - Crushing Walls (코스트: 7)
[Turn 9, Step 28] Opponent: 공격 - Missile Launcher[4/4] -> Mana Reservoir
[Turn 9, Step 28] Opponent: 영웅 능력 사용
[Turn 9, Step 28] Opponent: 공격 - Dire Mole[1/3] -> Mana Reservoir
[Turn 9, Step 28] Opponent: 턴 종료
[Turn 10, Step 29] Agent: 카드 플레이 - Spring Rocket -> Missile Launcher (코스트: 3)

--- Game State (Turn 10, Step 30) ---
Agent: Jaina Proudmoore HP: 23, Mana: 7/10
  Hand (6): Aya Blackpaw, Saronite Chain Gang, Scaled Nightmare, Gilnean Royal Guard, Pyros, Dozing Marksman
  Field: Menagerie Magician[4/3], Spring Rocket[2/1]
Opponent: Rexxar HP: 16, Mana: 1/10
  Hand (7)
  Field: Dire Mole[1/2], Missile Launcher[4/2]
[Turn 10, Step 30] Agent: 영웅 능력 사용 -> Dire Mole
[Turn 10, Step 31] Agent: 공격 - Menagerie Magician[4/3] -> Missile Launcher
[Turn 10, Step 32] Agent: 카드 플레이 - Saronite Chain Gang (코스트: 4)
[Turn 10, Step 33] Agent: 턴 종료

[Turn 10] === Opponent's Turn ===
[Turn 10, Step 33] Opponent: 턴 종료
[Turn 10, Step 34] Agent: 공격 - Saronite Chain Gang[2/3] -> Rexxar

--- Game State (Turn 10, Step 35) ---
Agent: Jaina Proudmoore HP: 23, Mana: 10/10
  Hand (6): Malygos, Aspect of Magic, Aya Blackpaw, Scaled Nightmare, Gilnean Royal Guard, Pyros, Dozing Marksman
  Field: Spring Rocket[2/1], Saronite Chain Gang[2/3], Saronite Chain Gang[2/3]
Opponent: Rexxar HP: 14, Mana: 10/10
  Hand (8)
  Field: Dire Mole[1/1]
[Turn 10, Step 35] Agent: 공격 - Saronite Chain Gang[2/3] -> Dire Mole
[Turn 10, Step 36] Agent: 영웅 능력 사용 -> Saronite Chain Gang
[Turn 10, Step 37] Agent: 턴 종료

[Turn 10] === Opponent's Turn ===
[Turn 10, Step 37] Opponent: 카드 플레이 - Clockwork Knight (코스트: 5)
[Turn 10, Step 37] Opponent: 카드 플레이 - Mistwraith (코스트: 4)
[Turn 10, Step 37] Opponent: 턴 종료
[Turn 10, Step 38] Agent: 카드 플레이 - Gilnean Royal Guard (코스트: 8)
[Turn 10, Step 39] Agent: 영웅 능력 사용 -> Gilnean Royal Guard

--- Game State (Turn 10, Step 40) ---
Agent: Jaina Proudmoore HP: 23, Mana: 0/10
  Hand (6): Malygos, Aspect of Magic, Aya Blackpaw, Scaled Nightmare, Pyros, Dozing Marksman, Frizz Kindleroost
  Field: Spring Rocket[2/1], Saronite Chain Gang[2/1], Saronite Chain Gang[2/3], Gilnean Royal Guard[3/8]
Opponent: Rexxar HP: 14, Mana: 1/10
  Hand (7)
  Field: Clockwork Knight[5/5], Mistwraith[3/5]
[Turn 10, Step 40] Agent: 턴 종료

[Turn 10] === Opponent's Turn ===
[Turn 10, Step 40] Opponent: 턴 종료
[Turn 10, Step 41] Agent: 영웅 능력 사용 -> Gilnean Royal Guard
[Turn 10, Step 42] Agent: 공격 - Gilnean Royal Guard[3/7] -> Rexxar
[Turn 10, Step 43] Agent: 공격 - Saronite Chain Gang[2/3] -> Clockwork Knight
[Turn 10, Step 44] Agent: 카드 플레이 - Malygos, Aspect of Magic (코스트: 5)

--- Game State (Turn 10, Step 45) ---
Agent: Jaina Proudmoore HP: 23, Mana: 3/10
  Hand (6): Aya Blackpaw, Scaled Nightmare, Pyros, Dozing Marksman, Frizz Kindleroost, Astral Rift
  Field: Spring Rocket[2/1], Saronite Chain Gang[2/1], Gilnean Royal Guard[3/7], Malygos, Aspect of Magic[2/8]
Opponent: Rexxar HP: 11, Mana: 10/10
  Hand (8)
  Field: Clockwork Knight[5/3], Mistwraith[3/5]
[Turn 10, Step 45] Agent: 선택 - Malygos's Tome
[Turn 10, Step 45] Agent: 턴 종료

[Turn 10] === Opponent's Turn ===
[Turn 10, Step 45] Opponent: 턴 종료
[Turn 10, Step 46] Agent: 카드 플레이 - Pyros (코스트: 6)
[Turn 10, Step 47] Agent: 영웅 능력 사용 -> Malygos, Aspect of Magic
[Turn 10, Step 48] Agent: 공격 - Spring Rocket[2/1] -> Clockwork Knight
[Turn 10, Step 49] Agent: 공격 - Gilnean Royal Guard[3/7] -> Mistwraith

--- Game State (Turn 10, Step 50) ---
Agent: Jaina Proudmoore HP: 23, Mana: 2/10
  Hand (7): Aya Blackpaw, Scaled Nightmare, Dozing Marksman, Frizz Kindleroost, Astral Rift, Malygos's Tome, Maexxna
  Field: Saronite Chain Gang[2/1], Gilnean Royal Guard[3/4], Malygos, Aspect of Magic[2/7], Pyros[6/6]
Opponent: Rexxar HP: 11, Mana: 10/10
  Hand (9)
  Field: Clockwork Knight[5/1], Mistwraith[3/2]
[Turn 10, Step 50] Agent: 공격 - Saronite Chain Gang[2/1] -> Mistwraith
[Turn 10, Step 51] Agent: 턴 종료

[Turn 10] === Opponent's Turn ===
[Turn 10, Step 51] Opponent: 공격 - Clockwork Knight[5/1] -> Malygos, Aspect of Magic
[Turn 10, Step 51] Opponent: 턴 종료
[Turn 10, Step 52] Agent: 공격 - Pyros[6/6] -> Rexxar
[Turn 10, Step 53] Agent: 영웅 능력 사용 -> Rexxar
[Turn 10, Step 54] Agent: 카드 플레이 - Maexxna (코스트: 6)

--- Game State (Turn 10, Step 55) ---
Agent: Jaina Proudmoore HP: 23, Mana: 2/10
  Hand (7): Aya Blackpaw, Scaled Nightmare, Dozing Marksman, Frizz Kindleroost, Astral Rift, Malygos's Tome, Tournament Attendee
  Field: Gilnean Royal Guard[3/4], Malygos, Aspect of Magic[2/2], Pyros[6/6], Maexxna[2/8]
Opponent: Rexxar HP: 4, Mana: 10/10
  Hand (10)
[Turn 10, Step 55] Agent: 공격 - Malygos, Aspect of Magic[2/2] -> Rexxar
[Turn 10, Step 56] Agent: 공격 - Gilnean Royal Guard[3/4] -> Rexxar

--- Game State (Turn 10, Step 57) ---
Agent: Jaina Proudmoore HP: 23, Mana: 2/10
  Hand (7): Aya Blackpaw, Scaled Nightmare, Dozing Marksman, Frizz Kindleroost, Astral Rift, Malygos's Tome, Tournament Attendee
  Field: Gilnean Royal Guard[3/4], Malygos, Aspect of Magic[2/2], Pyros[6/6], Maexxna[2/8]
Opponent: Rexxar HP: 0, Mana: 10/10
  Hand (10)

============================================================
게임 종료 - Terminated: True, Truncated: False
승자: Agent
============================================================

