============================================================
NEW GAME STARTED
Agent: HERO_08 vs Opponent: HERO_05
Action Masking: OFF
============================================================
[Turn 1, Step 0] Agent: 유효하지 않은 액션 인덱스(77) → 2로 보정
[Turn 1, Step 0] Agent: 카드 플레이 - Arcane Anomaly (코스트: 1)
[Turn 1, Step 1] Agent: 유효하지 않은 액션 인덱스(73) → 0로 보정
[Turn 1, Step 1] Agent: 턴 종료

[Turn 1] === Opponent's Turn ===
[Turn 1, Step 1] Opponent: 턴 종료
[Turn 2, Step 2] Agent: 유효하지 않은 액션 인덱스(28) → 0로 보정
[Turn 2, Step 2] Agent: 턴 종료

[Turn 2] === Opponent's Turn ===
[Turn 2, Step 2] Opponent: 카드 플레이 - Glacial Shard -> Arcane Anomaly (코스트: 1)
[Turn 2, Step 2] Opponent: 카드 플레이 - The Coin (코스트: 0)
[Turn 2, Step 2] Opponent: 카드 플레이 - Mechwarper (코스트: 2)
[Turn 2, Step 2] Opponent: 턴 종료
[Turn 3, Step 3] Agent: 유효하지 않은 액션 인덱스(58) → 4로 보정
[Turn 3, Step 3] Agent: 영웅 능력 사용 -> Jaina Proudmoore
[Turn 3, Step 4] Agent: 유효하지 않은 액션 인덱스(17) → 1로 보정
[Turn 3, Step 4] Agent: 카드 플레이 - Gurubashi Offering (코스트: 1)

--- Game State (Turn 3, Step 5) ---
Agent: Jaina Proudmoore HP: 29, Mana: 0/3
  Hand (4): Loot Hoarder, Lifedrinker, Wind-up Burglebot, Waterboy
  Field: Arcane Anomaly[2/1], Gurubashi Offering[0/2]
Opponent: Rexxar HP: 30, Mana: 0/2
  Hand (4)
  Field: Glacial Shard[2/1], Mechwarper[2/3]
[Turn 3, Step 5] Agent: 유효하지 않은 액션 인덱스(21) → 0로 보정
[Turn 3, Step 5] Agent: 턴 종료

[Turn 3] === Opponent's Turn ===
[Turn 3, Step 5] Opponent: 공격 - Mechwarper[2/3] -> Gurubashi Offering
[Turn 3, Step 5] Opponent: 카드 플레이 - Diving Gryphon (코스트: 3)
[Turn 3, Step 5] Opponent: 공격 - Diving Gryphon[4/1] -> Arcane Anomaly
[Turn 3, Step 5] Opponent: 공격 - Glacial Shard[2/1] -> Jaina Proudmoore
[Turn 3, Step 5] Opponent: 턴 종료
[Turn 4, Step 6] Agent: 유효하지 않은 액션 인덱스(34) → 6로 보정
[Turn 4, Step 6] Agent: 영웅 능력 사용 -> Mechwarper
[Turn 4, Step 7] Agent: 유효하지 않은 액션 인덱스(34) → 1로 보정
[Turn 4, Step 7] Agent: 카드 플레이 - Loot Hoarder (코스트: 2)
[Turn 4, Step 8] Agent: 유효하지 않은 액션 인덱스(3) → 0로 보정
[Turn 4, Step 8] Agent: 턴 종료

[Turn 4] === Opponent's Turn ===
[Turn 4, Step 8] Opponent: 카드 플레이 - Ancient Shade (코스트: 4)
[Turn 4, Step 8] Opponent: 턴 종료
[Turn 5, Step 9] Agent: 유효하지 않은 액션 인덱스(31) → 4로 보정
[Turn 5, Step 9] Agent: 영웅 능력 사용 -> Rexxar

--- Game State (Turn 5, Step 10) ---
Agent: Jaina Proudmoore HP: 25, Mana: 3/5
  Hand (5): Twin Tyrant, Lifedrinker, Wind-up Burglebot, Waterboy, Flame Leviathan
  Field: Loot Hoarder[2/1]
Opponent: Rexxar HP: 27, Mana: 0/4
  Hand (4)
  Field: Ancient Shade[7/4]
[Turn 5, Step 10] Agent: 유효하지 않은 액션 인덱스(40) → 0로 보정
[Turn 5, Step 10] Agent: 턴 종료

[Turn 5] === Opponent's Turn ===
[Turn 5, Step 10] Opponent: 턴 종료
[Turn 6, Step 11] Agent: 유효하지 않은 액션 인덱스(58) → 3로 보정
[Turn 6, Step 11] Agent: 카드 플레이 - Waterboy (코스트: 2)
[Turn 6, Step 12] Agent: 유효하지 않은 액션 인덱스(66) → 6로 보정
[Turn 6, Step 12] Agent: 영웅 능력 사용 -> Ancient Shade
[Turn 6, Step 13] Agent: 유효하지 않은 액션 인덱스(50) → 0로 보정
[Turn 6, Step 13] Agent: 턴 종료

[Turn 6] === Opponent's Turn ===
[Turn 6, Step 13] Opponent: 턴 종료
[Turn 7, Step 14] Agent: 유효하지 않은 액션 인덱스(79) → 4로 보정
[Turn 7, Step 14] Agent: 카드 플레이 - Blowtorch Saboteur (코스트: 3)

--- Game State (Turn 7, Step 15) ---
Agent: Jaina Proudmoore HP: 25, Mana: 4/7
  Hand (5): Twin Tyrant, Lifedrinker, Wind-up Burglebot, Flame Leviathan, Thunder Lizard
  Field: Loot Hoarder[2/1], Waterboy[2/1], Blowtorch Saboteur[3/4]
Opponent: Rexxar HP: 27, Mana: 6/6
  Hand (6)
  Field: Ancient Shade[7/3]
[Turn 7, Step 15] Agent: 유효하지 않은 액션 인덱스(28) → 2로 보정
[Turn 7, Step 15] Agent: 카드 플레이 - Thunder Lizard (코스트: 3)
[Turn 7, Step 16] Agent: 유효하지 않은 액션 인덱스(37) → 2로 보정
[Turn 7, Step 16] Agent: 공격 - Loot Hoarder[2/1] -> Ancient Shade
[Turn 7, Step 17] Agent: 유효하지 않은 액션 인덱스(80) → 2로 보정
[Turn 7, Step 17] Agent: 공격 - Waterboy[2/1] -> Ancient Shade
[Turn 7, Step 18] Agent: 유효하지 않은 액션 인덱스(92) → 0로 보정
[Turn 7, Step 18] Agent: 턴 종료

[Turn 7] === Opponent's Turn ===
[Turn 7, Step 18] Opponent: 카드 플레이 - Boneguard Lieutenant (코스트: 2)
[Turn 7, Step 18] Opponent: 카드 플레이 - Daring Reporter (코스트: 4)
[Turn 7, Step 18] Opponent: 카드 플레이 - Young Priestess (코스트: 1)
[Turn 7, Step 18] Opponent: 턴 종료
[Turn 8, Step 19] Agent: 유효하지 않은 액션 인덱스(86) → 17로 보정
[Turn 8, Step 19] Agent: 공격 - Blowtorch Saboteur[3/4] -> Daring Reporter

--- Game State (Turn 8, Step 20) ---
Agent: Jaina Proudmoore HP: 25, Mana: 8/8
  Hand (6): Toshley, Twin Tyrant, Lifedrinker, Wind-up Burglebot, Flame Leviathan, Beaming Sidekick
  Field: Thunder Lizard[3/3]
Opponent: Rexxar HP: 27, Mana: 0/7
  Hand (4)
  Field: Boneguard Lieutenant[3/2], Daring Reporter[4/2], Young Priestess[2/1]
[Turn 8, Step 20] Agent: 유효하지 않은 액션 인덱스(58) → 7로 보정
[Turn 8, Step 20] Agent: 영웅 능력 사용 -> Jaina Proudmoore
[Turn 8, Step 21] Agent: 유효하지 않은 액션 인덱스(18) → 0로 보정
[Turn 8, Step 21] Agent: 턴 종료

[Turn 8] === Opponent's Turn ===
[Turn 8, Step 21] Opponent: 카드 플레이 - Spark Drill (코스트: 6)
[Turn 8, Step 21] Opponent: 영웅 능력 사용
[Turn 8, Step 21] Opponent: 턴 종료
[Turn 9, Step 22] Agent: 유효하지 않은 액션 인덱스(87) → 7로 보정
[Turn 9, Step 22] Agent: 카드 플레이 - Shallow Gravedigger (코스트: 3)
[Turn 9, Step 23] Agent: 유효하지 않은 액션 인덱스(22) → 3로 보정
[Turn 9, Step 23] Agent: 카드 플레이 - Wind-up Burglebot (코스트: 6)
[Turn 9, Step 24] Agent: 공격 - Thunder Lizard[3/3] -> Rexxar

--- Game State (Turn 9, Step 25) ---
Agent: Jaina Proudmoore HP: 22, Mana: 0/9
  Hand (5): Toshley, Twin Tyrant, Lifedrinker, Flame Leviathan, Beaming Sidekick
  Field: Thunder Lizard[3/3], Shallow Gravedigger[3/1], Wind-up Burglebot[5/5]
Opponent: Rexxar HP: 24, Mana: 0/8
  Hand (4)
  Field: Boneguard Lieutenant[3/4], Daring Reporter[5/3], Young Priestess[2/1], Spark Drill[5/1]
[Turn 9, Step 25] Agent: 유효하지 않은 액션 인덱스(29) → 0로 보정
[Turn 9, Step 25] Agent: 턴 종료

[Turn 9] === Opponent's Turn ===
[Turn 9, Step 25] Opponent: 공격 - Spark Drill[5/1] -> Jaina Proudmoore
[Turn 9, Step 25] Opponent: 공격 - Young Priestess[2/1] -> Jaina Proudmoore
[Turn 9, Step 25] Opponent: 카드 플레이 - Gormok the Impaler -> Wind-up Burglebot (코스트: 4)
[Turn 9, Step 25] Opponent: 카드 플레이 - Harvest Golem (코스트: 3)
[Turn 9, Step 25] Opponent: 공격 - Boneguard Lieutenant[3/4] -> Thunder Lizard
[Turn 9, Step 25] Opponent: 공격 - Daring Reporter[5/3] -> Jaina Proudmoore
[Turn 9, Step 25] Opponent: 카드 플레이 - Twilight Geomancer (코스트: 2)
[Turn 9, Step 25] Opponent: 턴 종료
[Turn 10, Step 26] Agent: 카드 플레이 - Flame Leviathan (코스트: 7)
[Turn 10, Step 27] Agent: 유효하지 않은 액션 인덱스(31) → 13로 보정
[Turn 10, Step 27] Agent: 영웅 능력 사용 -> Harvest Golem
[Turn 10, Step 28] Agent: 턴 종료

[Turn 10] === Opponent's Turn ===
[Turn 10, Step 28] Opponent: 공격 - Gormok the Impaler[4/4] -> Wind-up Burglebot
[Turn 10, Step 28] Opponent: 턴 종료
[Turn 10, Step 29] Agent: 유효하지 않은 액션 인덱스(97) → 17로 보정
[Turn 10, Step 29] Agent: 영웅 능력 사용 -> Flame Leviathan

--- Game State (Turn 10, Step 30) ---
Agent: Jaina Proudmoore HP: 10, Mana: 8/10
  Hand (6): Toshley, Twin Tyrant, Lifedrinker, Beaming Sidekick, Ysera, Mana Wraith
  Field: Shallow Gravedigger[3/1], Flame Leviathan[7/6]
Opponent: Rexxar HP: 17, Mana: 10/10
  Hand (3)
  Field: Boneguard Lieutenant[3/1], Daring Reporter[7/6], Young Priestess[2/1], Spark Drill[5/1], Harvest Golem[2/3], Twilight Geomancer[1/4]
[Turn 10, Step 30] Agent: 유효하지 않은 액션 인덱스(88) → 7로 보정
[Turn 10, Step 30] Agent: 공격 - Shallow Gravedigger[3/1] -> Twilight Geomancer
[Turn 10, Step 31] Agent: 카드 플레이 - Mana Wraith (코스트: 2)
[Turn 10, Step 32] Agent: 유효하지 않은 액션 인덱스(70) → 4로 보정
[Turn 10, Step 32] Agent: 카드 플레이 - Eggnapper (코스트: 4)
[Turn 10, Step 33] Agent: 유효하지 않은 액션 인덱스(8) → 3로 보정
[Turn 10, Step 33] Agent: 카드 플레이 - Beaming Sidekick -> Eggnapper (코스트: 2)
[Turn 10, Step 34] Agent: 유효하지 않은 액션 인덱스(47) → 1로 보정
[Turn 10, Step 34] Agent: 공격 - Flame Leviathan[7/6] -> Twilight Geomancer

--- Game State (Turn 10, Step 35) ---
Agent: Jaina Proudmoore HP: 10, Mana: 0/10
  Hand (4): Toshley, Twin Tyrant, Lifedrinker, Ysera
  Field: Flame Leviathan[7/5], Mana Wraith[2/2], Eggnapper[3/3], Beaming Sidekick[1/2]
Opponent: Rexxar HP: 17, Mana: 10/10
  Hand (3)
  Field: Boneguard Lieutenant[3/1], Daring Reporter[7/6], Young Priestess[2/1], Spark Drill[5/1], Harvest Golem[2/3]
[Turn 10, Step 35] Agent: 유효하지 않은 액션 인덱스(63) → 0로 보정
[Turn 10, Step 35] Agent: 턴 종료

[Turn 10] === Opponent's Turn ===
[Turn 10, Step 35] Opponent: 공격 - Spark Drill[5/1] -> Eggnapper
[Turn 10, Step 35] Opponent: 공격 - Daring Reporter[7/6] -> Beaming Sidekick
[Turn 10, Step 35] Opponent: 공격 - Harvest Golem[2/3] -> Mana Wraith
[Turn 10, Step 35] Opponent: 공격 - Young Priestess[2/1] -> Flame Leviathan
[Turn 10, Step 35] Opponent: 공격 - Boneguard Lieutenant[3/1] -> Raptor
[Turn 10, Step 35] Opponent: 영웅 능력 사용
[Turn 10, Step 35] Opponent: 턴 종료
[Turn 10, Step 36] Agent: 유효하지 않은 액션 인덱스(75) → 3로 보정
[Turn 10, Step 36] Agent: 카드 플레이 - Lifedrinker (코스트: 4)
[Turn 10, Step 37] Agent: 유효하지 않은 액션 인덱스(47) → 15로 보정
[Turn 10, Step 37] Agent: 공격 - Raptor[1/1] -> Harvest Golem
[Turn 10, Step 38] Agent: 유효하지 않은 액션 인덱스(88) → 4로 보정
[Turn 10, Step 38] Agent: 영웅 능력 사용 -> Rexxar
[Turn 10, Step 39] Agent: 유효하지 않은 액션 인덱스(80) → 0로 보정
[Turn 10, Step 39] Agent: 턴 종료

[Turn 10] === Opponent's Turn ===
[Turn 10, Step 39] Opponent: 카드 플레이 - Medivh, the Guardian (코스트: 8)
[Turn 10, Step 39] Opponent: 영웅 능력 사용
[Turn 10, Step 39] Opponent: 공격 - Damaged Golem[2/1] -> Jaina Proudmoore
[Turn 10, Step 39] Opponent: 공격 - Daring Reporter[8/6] -> Lifedrinker
[Turn 10, Step 39] Opponent: 공격 - Rexxar[1/13] -> Jaina Proudmoore
[Turn 10, Step 39] Opponent: 턴 종료

--- Game State (Turn 10, Step 40) ---
Agent: Jaina Proudmoore HP: 6, Mana: 10/10
  Hand (5): Toshley, Twin Tyrant, Ysera, Bolf Ramshield, Murloc Warleader
  Field: Flame Leviathan[7/3]
Opponent: Rexxar HP: 13, Mana: 0/10
  Hand (6)
  Field: Daring Reporter[9/4], Damaged Golem[2/1], Medivh, the Guardian[7/7]
[Turn 10, Step 40] Agent: 유효하지 않은 액션 인덱스(83) → 3로 보정
[Turn 10, Step 40] Agent: 카드 플레이 - Ysera (코스트: 9)
[Turn 10, Step 41] Agent: 유효하지 않은 액션 인덱스(26) → 1로 보정
[Turn 10, Step 41] Agent: 공격 - Flame Leviathan[7/3] -> Rexxar
[Turn 10, Step 42] Agent: 유효하지 않은 액션 인덱스(95) → 0로 보정
[Turn 10, Step 42] Agent: 턴 종료

[Turn 10] === Opponent's Turn ===
[Turn 10, Step 42] Opponent: 턴 종료
[Turn 10, Step 43] Agent: 카드 플레이 - Toshley (코스트: 6)
[Turn 10, Step 44] Agent: 유효하지 않은 액션 인덱스(47) → 21로 보정
[Turn 10, Step 44] Agent: 공격 - Flame Leviathan[7/3] -> Medivh, the Guardian

--- Game State (Turn 10, Step 45) ---
Agent: Jaina Proudmoore HP: 6, Mana: 4/10
  Hand (6): Twin Tyrant, Bolf Ramshield, Murloc Warleader, Laughing Sister, Bone Wraith, Emergency Coolant
  Field: Ysera[4/12], Toshley[5/7]
Opponent: Rexxar HP: 6, Mana: 10/10
  Hand (7)
  Field: Daring Reporter[10/5], Damaged Golem[2/1]
[Turn 10, Step 45] Agent: 유효하지 않은 액션 인덱스(74) → 6로 보정
[Turn 10, Step 45] Agent: 카드 플레이 - Emergency Coolant -> Ysera (코스트: 1)
[Turn 10, Step 46] Agent: 유효하지 않은 액션 인덱스(34) → 7로 보정
[Turn 10, Step 46] Agent: 영웅 능력 사용 -> Ysera
[Turn 10, Step 47] Agent: 유효하지 않은 액션 인덱스(91) → 0로 보정
[Turn 10, Step 47] Agent: 턴 종료

[Turn 10] === Opponent's Turn ===
[Turn 10, Step 47] Opponent: 공격 - Rexxar[1/6] -> Toshley
[Turn 10, Step 47] Opponent: 턴 종료
[Turn 10, Step 48] Agent: 유효하지 않은 액션 인덱스(90) → 10로 보정
[Turn 10, Step 48] Agent: 영웅 능력 사용 -> Daring Reporter
[Turn 10, Step 49] Agent: 유효하지 않은 액션 인덱스(17) → 3로 보정
[Turn 10, Step 49] Agent: 카드 플레이 - Murloc Warleader (코스트: 3)

--- Game State (Turn 10, Step 50) ---
Agent: Jaina Proudmoore HP: 6, Mana: 5/10
  Hand (6): Twin Tyrant, Bolf Ramshield, Laughing Sister, Bone Wraith, Ysera Awakens, Sneaky Devil
  Field: Ysera[4/11], Toshley[5/6], Murloc Warleader[3/3]
Opponent: Rexxar HP: 1, Mana: 10/10
  Hand (8)
  Field: Daring Reporter[11/5], Damaged Golem[2/1]
[Turn 10, Step 50] Agent: 유효하지 않은 액션 인덱스(13) → 2로 보정
[Turn 10, Step 50] Agent: 카드 플레이 - Bone Wraith (코스트: 4)
[Turn 10, Step 51] Agent: 유효하지 않은 액션 인덱스(77) → 0로 보정
[Turn 10, Step 51] Agent: 턴 종료

[Turn 10] === Opponent's Turn ===
[Turn 10, Step 51] Opponent: 턴 종료
[Turn 10, Step 52] Agent: 유효하지 않은 액션 인덱스(77) → 11로 보정
[Turn 10, Step 52] Agent: 카드 플레이 - Dream -> Bone Wraith (코스트: 0)
[Turn 10, Step 53] Agent: 유효하지 않은 액션 인덱스(78) → 6로 보정
[Turn 10, Step 53] Agent: 카드 플레이 - Unexpected Results (코스트: 3)
[Turn 10, Step 54] Agent: 유효하지 않은 액션 인덱스(43) → 19로 보정
[Turn 10, Step 54] Agent: 공격 - Toshley[5/6] -> Daring Reporter

--- Game State (Turn 10, Step 55) ---
Agent: Jaina Proudmoore HP: 6, Mana: 7/10
  Hand (7): Twin Tyrant, Bolf Ramshield, Laughing Sister, Ysera Awakens, Sneaky Devil, Bone Wraith, Rusty Horn
  Field: Ysera[4/11], Murloc Warleader[3/3], Spark Engine[2/1], Shimmering Tempest[2/1]
Opponent: Rexxar HP: 1, Mana: 10/10
  Hand (9)
  Field: Daring Reporter[12/1], Damaged Golem[2/1]
[Turn 10, Step 55] Agent: 유효하지 않은 액션 인덱스(74) → 22로 보정
[Turn 10, Step 55] Agent: 공격 - Ysera[4/11] -> Damaged Golem
[Turn 10, Step 56] Agent: 유효하지 않은 액션 인덱스(91) → 11로 보정
[Turn 10, Step 56] Agent: 영웅 능력 사용 -> Jaina Proudmoore
[Turn 10, Step 57] Agent: 유효하지 않은 액션 인덱스(48) → 0로 보정
[Turn 10, Step 57] Agent: 턴 종료

[Turn 10] === Opponent's Turn ===
[Turn 10, Step 57] Opponent: 공격 - Daring Reporter[12/1] -> Shimmering Tempest
[Turn 10, Step 57] Opponent: 턴 종료
[Turn 10, Step 58] Agent: 공격 - Ysera[4/9] -> Rexxar

--- Game State (Turn 10, Step 59) ---
Agent: Jaina Proudmoore HP: 5, Mana: 10/10
  Hand (10): Twin Tyrant, Bolf Ramshield, Laughing Sister, Ysera Awakens, Sneaky Devil, Bone Wraith, Rusty Horn, Ysera Awakens, Glacial Mysteries, Captain's Parrot
  Field: Ysera[4/9], Murloc Warleader[3/3], Spark Engine[2/1]
Opponent: Rexxar HP: 0, Mana: 10/10
  Hand (10)

============================================================
게임 종료 - Terminated: True, Truncated: False
승자: Agent
============================================================

