============================================================
NEW GAME STARTED
Agent: HERO_08 vs Opponent: HERO_05
Action Masking: OFF
Masking Expected: OFF
============================================================
[Turn 1, Step 0] Agent: 턴 종료

[Turn 1] === Opponent's Turn ===
[Turn 1, Step 0] Opponent: 카드 플레이 - Tentacle of N'Zoth (코스트: 1)
[Turn 1, Step 0] Opponent: 턴 종료
[Turn 2, Step 1] Agent: 카드 플레이 - Fallen Hero (코스트: 2)
[Turn 2, Step 2] Agent: 턴 종료

[Turn 2] === Opponent's Turn ===
[Turn 2, Step 2] Opponent: 카드 플레이 - Arcane Anomaly (코스트: 1)
[Turn 2, Step 2] Opponent: 턴 종료
[Turn 3, Step 3] Agent: 카드 플레이 - Booty Bay Bookie (코스트: 2)
[Turn 3, Step 4] Agent: 공격 - Fallen Hero[3/2] -> Rexxar

--- Game State (Turn 3, Step 5) ---
Agent: Jaina Proudmoore HP: 30, Mana: 1/3
  Hand (4): Skulking Geist, Fungalmancer, Hobgoblin, Big Game Hunter
  Field: Fallen Hero[3/2], Booty Bay Bookie[3/3]
Opponent: Rexxar HP: 27, Mana: 1/2
  Hand (6)
  Field: Tentacle of N'Zoth[1/1], Arcane Anomaly[2/1]
[Turn 3, Step 5] Agent: 턴 종료

[Turn 3] === Opponent's Turn ===
[Turn 3, Step 5] Opponent: 턴 종료
[Turn 4, Step 6] Agent: 카드 플레이 - Hobgoblin (코스트: 3)
[Turn 4, Step 7] Agent: 공격 - Fallen Hero[3/2] -> Rexxar
[Turn 4, Step 8] Agent: 공격 - Booty Bay Bookie[3/3] -> Rexxar
[Turn 4, Step 9] Agent: 턴 종료

[Turn 4] === Opponent's Turn ===
[Turn 4, Step 9] Opponent: 카드 플레이 - Shieldbreaker (코스트: 2)
[Turn 4, Step 9] Opponent: 공격 - Tentacle of N'Zoth[1/1] -> Fallen Hero
[Turn 4, Step 9] Opponent: 턴 종료

--- Game State (Turn 5, Step 10) ---
Agent: Jaina Proudmoore HP: 30, Mana: 5/5
  Hand (5): Greater Arcane Missiles, Skulking Geist, Fungalmancer, Big Game Hunter, Dr. Boom
  Field: Booty Bay Bookie[3/2], Hobgoblin[2/2]
Opponent: Rexxar HP: 21, Mana: 2/4
  Hand (7)
[Turn 5, Step 10] Agent: 카드 플레이 - Fungalmancer (코스트: 5)
[Turn 5, Step 11] Agent: 공격 - Booty Bay Bookie[3/2] -> Rexxar
[Turn 5, Step 12] Agent: 공격 - Hobgoblin[4/4] -> Rexxar
[Turn 5, Step 13] Agent: 턴 종료

[Turn 5] === Opponent's Turn ===
[Turn 5, Step 13] Opponent: 카드 플레이 - Raid Leader (코스트: 3)
[Turn 5, Step 13] Opponent: 영웅 능력 사용
[Turn 5, Step 13] Opponent: 턴 종료
[Turn 6, Step 14] Agent: 카드 플레이 - Skulking Geist (코스트: 6)

--- Game State (Turn 6, Step 15) ---
Agent: Jaina Proudmoore HP: 28, Mana: 0/6
  Hand (4): Greater Arcane Missiles, Big Game Hunter, Dr. Boom, Backroom Bouncer
  Field: Booty Bay Bookie[3/2], Hobgoblin[4/4], Fungalmancer[2/2], Skulking Geist[4/6]
Opponent: Rexxar HP: 14, Mana: 0/5
  Hand (7)
  Field: Raid Leader[2/2]
[Turn 6, Step 15] Agent: 공격 - Booty Bay Bookie[3/2] -> Rexxar
[Turn 6, Step 16] Agent: 공격 - Hobgoblin[4/4] -> Rexxar
[Turn 6, Step 17] Agent: 공격 - Fungalmancer[2/2] -> Rexxar
[Turn 6, Step 18] Agent: 턴 종료

[Turn 6] === Opponent's Turn ===
[Turn 6, Step 18] Opponent: 카드 플레이 - Crackling Razormaw (코스트: 2)
[Turn 6, Step 18] Opponent: 공격 - Raid Leader[2/2] -> Jaina Proudmoore
[Turn 6, Step 18] Opponent: 카드 플레이 - The Coin (코스트: 0)
[Turn 6, Step 18] Opponent: 카드 플레이 - The Coin (코스트: 0)
[Turn 6, Step 18] Opponent: 카드 플레이 - Dragonmaw Scorcher (코스트: 5)
[Turn 6, Step 18] Opponent: 턴 종료
[Turn 7, Step 19] Agent: 카드 플레이 - Greater Arcane Missiles (코스트: 7)

--- Game State (Turn 7, Step 20) ---
Agent: Jaina Proudmoore HP: 26, Mana: 0/7
  Hand (4): Big Game Hunter, Dr. Boom, Backroom Bouncer, Hench-Clan Hogsteed
  Field: Booty Bay Bookie[3/1], Hobgoblin[4/3], Fungalmancer[2/1], Skulking Geist[4/5]
Opponent: Rexxar HP: 2, Mana: 1/6
  Hand (4)
  Field: Dragonmaw Scorcher[3/6]
[Turn 7, Step 20] Agent: 공격 - Booty Bay Bookie[3/1] -> Rexxar

--- Game State (Turn 7, Step 21) ---
Agent: Jaina Proudmoore HP: 26, Mana: 0/7
  Hand (4): Big Game Hunter, Dr. Boom, Backroom Bouncer, Hench-Clan Hogsteed
  Field: Booty Bay Bookie[3/1], Hobgoblin[4/3], Fungalmancer[2/1], Skulking Geist[4/5]
Opponent: Rexxar HP: 0, Mana: 1/6
  Hand (4)
  Field: Dragonmaw Scorcher[3/6]

============================================================
게임 종료 - Terminated: True, Truncated: False
승자: Agent
============================================================

