============================================================
NEW GAME STARTED
Agent: HERO_08 vs Opponent: HERO_05
Action Masking: OFF
============================================================
[Turn 1, Step 0] Agent: 유효하지 않은 액션 인덱스(97) → 0로 보정
[Turn 1, Step 0] Agent: 턴 종료

[Turn 1] === Opponent's Turn ===
[Turn 1, Step 0] Opponent: 카드 플레이 - The Coin (코스트: 0)
[Turn 1, Step 0] Opponent: 카드 플레이 - Nat Pagle (코스트: 2)
[Turn 1, Step 0] Opponent: 턴 종료
[Turn 2, Step 1] Agent: 유효하지 않은 액션 인덱스(43) → 3로 보정
[Turn 2, Step 1] Agent: 영웅 능력 사용 -> Nat Pagle
[Turn 2, Step 2] Agent: 유효하지 않은 액션 인덱스(74) → 0로 보정
[Turn 2, Step 2] Agent: 턴 종료

[Turn 2] === Opponent's Turn ===
[Turn 2, Step 2] Opponent: 턴 종료
[Turn 3, Step 3] Agent: 유효하지 않은 액션 인덱스(65) → 2로 보정
[Turn 3, Step 3] Agent: 카드 플레이 - Marsh Drake (코스트: 3)
[Turn 3, Step 4] Agent: 유효하지 않은 액션 인덱스(11) → 0로 보정
[Turn 3, Step 4] Agent: 턴 종료

[Turn 3] === Opponent's Turn ===
[Turn 3, Step 4] Opponent: 공격 - Drakeslayer[2/1] -> Marsh Drake
[Turn 3, Step 4] Opponent: 턴 종료

--- Game State (Turn 4, Step 5) ---
Agent: Jaina Proudmoore HP: 30, Mana: 4/4
  Hand (6): Hench-Clan Hag, Sunreaver Warmage, Ironbeak Owl, Blackwing Corruptor, Pantry Spider, Sindragosa
Opponent: Rexxar HP: 30, Mana: 3/3
  Hand (6)
  Field: Nat Pagle[0/3]
[Turn 4, Step 5] Agent: 유효하지 않은 액션 인덱스(88) → 4로 보정
[Turn 4, Step 5] Agent: 영웅 능력 사용 -> Jaina Proudmoore
[Turn 4, Step 6] Agent: 유효하지 않은 액션 인덱스(89) → 0로 보정
[Turn 4, Step 6] Agent: 턴 종료

[Turn 4] === Opponent's Turn ===
[Turn 4, Step 6] Opponent: 카드 플레이 - Harvest Golem (코스트: 3)
[Turn 4, Step 6] Opponent: 카드 플레이 - Murloc Tinyfin (코스트: 0)
[Turn 4, Step 6] Opponent: 턴 종료
[Turn 5, Step 7] Agent: 유효하지 않은 액션 인덱스(50) → 16로 보정
[Turn 5, Step 7] Agent: 영웅 능력 사용 -> Murloc Tinyfin
[Turn 5, Step 8] Agent: 유효하지 않은 액션 인덱스(10) → 2로 보정
[Turn 5, Step 8] Agent: 카드 플레이 - Ironbeak Owl -> Harvest Golem (코스트: 3)
[Turn 5, Step 9] Agent: 유효하지 않은 액션 인덱스(65) → 0로 보정
[Turn 5, Step 9] Agent: 턴 종료

[Turn 5] === Opponent's Turn ===
[Turn 5, Step 9] Opponent: 턴 종료

--- Game State (Turn 6, Step 10) ---
Agent: Jaina Proudmoore HP: 29, Mana: 6/6
  Hand (7): Hench-Clan Hag, Sunreaver Warmage, Blackwing Corruptor, Pantry Spider, Sindragosa, Skeram Cultist, Rabble Bouncer
  Field: Ironbeak Owl[2/1]
Opponent: Rexxar HP: 30, Mana: 5/5
  Hand (6)
  Field: Nat Pagle[0/3], Harvest Golem[2/3]
[Turn 6, Step 10] Agent: 유효하지 않은 액션 인덱스(57) → 0로 보정
[Turn 6, Step 10] Agent: 턴 종료

[Turn 6] === Opponent's Turn ===
[Turn 6, Step 10] Opponent: 턴 종료
[Turn 7, Step 11] Agent: 유효하지 않은 액션 인덱스(74) → 14로 보정
[Turn 7, Step 11] Agent: 영웅 능력 사용 -> Nat Pagle
[Turn 7, Step 12] Agent: 공격 - Ironbeak Owl[2/1] -> Nat Pagle
[Turn 7, Step 13] Agent: 유효하지 않은 액션 인덱스(45) → 0로 보정
[Turn 7, Step 13] Agent: 턴 종료

[Turn 7] === Opponent's Turn ===
[Turn 7, Step 13] Opponent: 공격 - Harvest Golem[2/3] -> Ironbeak Owl
[Turn 7, Step 13] Opponent: 카드 플레이 - Fjola Lightbane (코스트: 3)
[Turn 7, Step 13] Opponent: 카드 플레이 - Escaped Manasaber (코스트: 4)
[Turn 7, Step 13] Opponent: 턴 종료
[Turn 8, Step 14] Agent: 유효하지 않은 액션 인덱스(85) → 0로 보정
[Turn 8, Step 14] Agent: 턴 종료

[Turn 8] === Opponent's Turn ===
[Turn 8, Step 14] Opponent: 턴 종료

--- Game State (Turn 9, Step 15) ---
Agent: Jaina Proudmoore HP: 29, Mana: 9/9
  Hand (10): Hench-Clan Hag, Sunreaver Warmage, Blackwing Corruptor, Pantry Spider, Sindragosa, Skeram Cultist, Rabble Bouncer, Hoard Pillager, Frost Nova, Captain's Parrot
Opponent: Rexxar HP: 30, Mana: 8/8
  Hand (7)
  Field: Harvest Golem[2/1], Fjola Lightbane[3/4], Escaped Manasaber[3/5]
[Turn 9, Step 15] Agent: 유효하지 않은 액션 인덱스(50) → 14로 보정
[Turn 9, Step 15] Agent: 영웅 능력 사용 -> Jaina Proudmoore
[Turn 9, Step 16] Agent: 유효하지 않은 액션 인덱스(75) → 10로 보정
[Turn 9, Step 16] Agent: 카드 플레이 - Hoard Pillager (코스트: 4)
[Turn 9, Step 17] Agent: 유효하지 않은 액션 인덱스(27) → 3로 보정
[Turn 9, Step 17] Agent: 카드 플레이 - Captain's Parrot (코스트: 2)
[Turn 9, Step 18] Agent: 유효하지 않은 액션 인덱스(27) → 0로 보정
[Turn 9, Step 18] Agent: 턴 종료

[Turn 9] === Opponent's Turn ===
[Turn 9, Step 18] Opponent: 공격 - Escaped Manasaber[3/5] -> Captain's Parrot
[Turn 9, Step 18] Opponent: 턴 종료
[Turn 10, Step 19] Agent: 카드 플레이 - Frost Nova (코스트: 3)

--- Game State (Turn 10, Step 20) ---
Agent: Jaina Proudmoore HP: 28, Mana: 7/10
  Hand (8): Hench-Clan Hag, Sunreaver Warmage, Blackwing Corruptor, Pantry Spider, Sindragosa, Skeram Cultist, Rabble Bouncer, Wee Spellstopper
  Field: Hoard Pillager[4/2]
Opponent: Rexxar HP: 30, Mana: 9/9
  Hand (8)
  Field: Harvest Golem[2/1], Fjola Lightbane[3/4], Escaped Manasaber[3/4]
[Turn 10, Step 20] Agent: 유효하지 않은 액션 인덱스(80) → 11로 보정
[Turn 10, Step 20] Agent: 카드 플레이 - Rabble Bouncer (코스트: 4)
[Turn 10, Step 21] Agent: 유효하지 않은 액션 인덱스(85) → 7로 보정
[Turn 10, Step 21] Agent: 영웅 능력 사용 -> Hoard Pillager
[Turn 10, Step 22] Agent: 유효하지 않은 액션 인덱스(78) → 3로 보정
[Turn 10, Step 22] Agent: 공격 - Hoard Pillager[4/1] -> Fjola Lightbane
[Turn 10, Step 23] Agent: 유효하지 않은 액션 인덱스(92) → 0로 보정
[Turn 10, Step 23] Agent: 턴 종료

[Turn 10] === Opponent's Turn ===
[Turn 10, Step 23] Opponent: 턴 종료
[Turn 10, Step 24] Agent: 유효하지 않은 액션 인덱스(29) → 8로 보정
[Turn 10, Step 24] Agent: 카드 플레이 - Pantry Spider (코스트: 3)

--- Game State (Turn 10, Step 25) ---
Agent: Jaina Proudmoore HP: 28, Mana: 7/10
  Hand (7): Hench-Clan Hag, Sunreaver Warmage, Blackwing Corruptor, Sindragosa, Skeram Cultist, Wee Spellstopper, Coldarra Drake
  Field: Rabble Bouncer[2/7], Pantry Spider[1/3], Cellar Spider[1/3]
Opponent: Rexxar HP: 30, Mana: 10/10
  Hand (9)
  Field: Harvest Golem[2/1], Escaped Manasaber[3/4]
[Turn 10, Step 25] Agent: 유효하지 않은 액션 인덱스(60) → 14로 보정
[Turn 10, Step 25] Agent: 영웅 능력 사용 -> Rexxar
[Turn 10, Step 26] Agent: 유효하지 않은 액션 인덱스(37) → 9로 보정
[Turn 10, Step 26] Agent: 카드 플레이 - Blackwing Corruptor -> Cellar Spider (코스트: 5)
[Turn 10, Step 27] Agent: 공격 - Rabble Bouncer[2/7] -> Escaped Manasaber
[Turn 10, Step 28] Agent: 유효하지 않은 액션 인덱스(34) → 0로 보정
[Turn 10, Step 28] Agent: 턴 종료

[Turn 10] === Opponent's Turn ===
[Turn 10, Step 28] Opponent: 카드 플레이 - Soldier of Fortune (코스트: 4)
[Turn 10, Step 28] Opponent: 카드 플레이 - Rocket Augmerchant -> Pantry Spider (코스트: 1)
[Turn 10, Step 28] Opponent: 턴 종료
[Turn 10, Step 29] Agent: 유효하지 않은 액션 인덱스(81) → 17로 보정
[Turn 10, Step 29] Agent: 공격 - Rabble Bouncer[2/4] -> Rexxar

--- Game State (Turn 10, Step 30) ---
Agent: Jaina Proudmoore HP: 28, Mana: 10/10
  Hand (7): Hench-Clan Hag, Sunreaver Warmage, Sindragosa, Skeram Cultist, Wee Spellstopper, Coldarra Drake, Psych-o-Tron
  Field: Rabble Bouncer[2/4], Pantry Spider[1/2], Blackwing Corruptor[5/4]
Opponent: Rexxar HP: 27, Mana: 5/10
  Hand (8)
  Field: Harvest Golem[2/1], Escaped Manasaber[3/2], Soldier of Fortune[5/6], Rocket Augmerchant[2/1]
[Turn 10, Step 30] Agent: 유효하지 않은 액션 인덱스(81) → 0로 보정
[Turn 10, Step 30] Agent: 턴 종료

[Turn 10] === Opponent's Turn ===
[Turn 10, Step 30] Opponent: 카드 플레이 - Soldier of Fortune (코스트: 4)
[Turn 10, Step 30] Opponent: 턴 종료
[Turn 10, Step 31] Agent: 유효하지 않은 액션 인덱스(80) → 6로 보정
[Turn 10, Step 31] Agent: 카드 플레이 - Wee Spellstopper (코스트: 4)
[Turn 10, Step 32] Agent: 유효하지 않은 액션 인덱스(81) → 11로 보정
[Turn 10, Step 32] Agent: 영웅 능력 사용 -> Rabble Bouncer
[Turn 10, Step 33] Agent: 유효하지 않은 액션 인덱스(86) → 2로 보정
[Turn 10, Step 33] Agent: 카드 플레이 - Hench-Clan Hag (코스트: 4)
[Turn 10, Step 34] Agent: 유효하지 않은 액션 인덱스(68) → 11로 보정
[Turn 10, Step 34] Agent: 공격 - Pantry Spider[1/2] -> Rocket Augmerchant

--- Game State (Turn 10, Step 35) ---
Agent: Jaina Proudmoore HP: 28, Mana: 0/10
  Hand (6): Ornery Tortoise, Sunreaver Warmage, Sindragosa, Skeram Cultist, Coldarra Drake, Psych-o-Tron
  Field: Rabble Bouncer[2/3], Blackwing Corruptor[5/4], Wee Spellstopper[2/5], Amalgam[1/1], Hench-Clan Hag[3/3], Amalgam[1/1]
Opponent: Rexxar HP: 27, Mana: 6/10
  Hand (8)
  Field: Harvest Golem[2/1], Escaped Manasaber[3/2], Soldier of Fortune[5/6], Soldier of Fortune[5/6]
[Turn 10, Step 35] Agent: 유효하지 않은 액션 인덱스(82) → 5로 보정
[Turn 10, Step 35] Agent: 공격 - Rabble Bouncer[2/3] -> Soldier of Fortune
[Turn 10, Step 36] Agent: 유효하지 않은 액션 인덱스(78) → 0로 보정
[Turn 10, Step 36] Agent: 턴 종료

[Turn 10] === Opponent's Turn ===
[Turn 10, Step 36] Opponent: 영웅 능력 사용
[Turn 10, Step 36] Opponent: 카드 플레이 - Wailing Soul (코스트: 4)
[Turn 10, Step 36] Opponent: 공격 - Soldier of Fortune[5/6] -> Wee Spellstopper
[Turn 10, Step 36] Opponent: 공격 - Harvest Golem[2/1] -> Hench-Clan Hag
[Turn 10, Step 36] Opponent: 공격 - Soldier of Fortune[5/4] -> Amalgam
[Turn 10, Step 36] Opponent: 카드 플레이 - Gurubashi Offering (코스트: 1)
[Turn 10, Step 36] Opponent: 카드 플레이 - Whirliglider (코스트: 2)
[Turn 10, Step 36] Opponent: 공격 - Escaped Manasaber[3/2] -> Amalgam
[Turn 10, Step 36] Opponent: 턴 종료
[Turn 10, Step 37] Agent: 유효하지 않은 액션 인덱스(41) → 6로 보정
[Turn 10, Step 37] Agent: 카드 플레이 - Psych-o-Tron (코스트: 5)
[Turn 10, Step 38] Agent: 유효하지 않은 액션 인덱스(38) → 7로 보정
[Turn 10, Step 38] Agent: 영웅 능력 사용 -> Soldier of Fortune
[Turn 10, Step 39] Agent: 유효하지 않은 액션 인덱스(33) → 15로 보정
[Turn 10, Step 39] Agent: 공격 - Hench-Clan Hag[3/1] -> Gurubashi Offering

--- Game State (Turn 10, Step 40) ---
Agent: Jaina Proudmoore HP: 26, Mana: 3/10
  Hand (6): Ornery Tortoise, Sunreaver Warmage, Sindragosa, Skeram Cultist, Coldarra Drake, Puzzle Box of Yogg-Saron
  Field: Blackwing Corruptor[5/4], Hench-Clan Hag[3/1], Psych-o-Tron[3/4]
Opponent: Rexxar HP: 27, Mana: 1/10
  Hand (6)
  Field: Escaped Manasaber[3/1], Soldier of Fortune[5/3], Soldier of Fortune[5/3], Wailing Soul[3/5], Whirliglider[2/1], Goblin Bomb[0/2]
[Turn 10, Step 40] Agent: 유효하지 않은 액션 인덱스(92) → 2로 보정
[Turn 10, Step 40] Agent: 공격 - Blackwing Corruptor[5/4] -> Rexxar
[Turn 10, Step 41] Agent: 유효하지 않은 액션 인덱스(49) → 1로 보정
[Turn 10, Step 41] Agent: 카드 플레이 - Ornery Tortoise (코스트: 3)
[Turn 10, Step 42] Agent: 유효하지 않은 액션 인덱스(38) → 0로 보정
[Turn 10, Step 42] Agent: 턴 종료

[Turn 10] === Opponent's Turn ===
[Turn 10, Step 42] Opponent: 영웅 능력 사용
[Turn 10, Step 42] Opponent: 카드 플레이 - Darkscale Healer (코스트: 5)
[Turn 10, Step 42] Opponent: 공격 - Escaped Manasaber[3/3] -> Psych-o-Tron
[Turn 10, Step 42] Opponent: 공격 - Soldier of Fortune[5/5] -> Psych-o-Tron
[Turn 10, Step 42] Opponent: 공격 - Wailing Soul[3/5] -> Hench-Clan Hag
[Turn 10, Step 42] Opponent: 공격 - Soldier of Fortune[5/5] -> Blackwing Corruptor
[Turn 10, Step 42] Opponent: 공격 - Whirliglider[2/1] -> Ornery Tortoise
[Turn 10, Step 42] Opponent: 카드 플레이 - Youthful Brewmaster -> Darkscale Healer (코스트: 2)
[Turn 10, Step 42] Opponent: 카드 플레이 - Southsea Deckhand (코스트: 1)
[Turn 10, Step 42] Opponent: 턴 종료
[Turn 10, Step 43] Agent: 유효하지 않은 액션 인덱스(31) → 10로 보정
[Turn 10, Step 43] Agent: 영웅 능력 사용 -> Wailing Soul
[Turn 10, Step 44] Agent: 유효하지 않은 액션 인덱스(51) → 3로 보정
[Turn 10, Step 44] Agent: 카드 플레이 - Skeram Cultist (코스트: 6)

--- Game State (Turn 10, Step 45) ---
Agent: Jaina Proudmoore HP: 19, Mana: 2/10
  Hand (5): Sunreaver Warmage, Sindragosa, Coldarra Drake, Puzzle Box of Yogg-Saron, Sideshow Spelleater
  Field: Ornery Tortoise[3/3], Skeram Cultist[7/6]
Opponent: Rexxar HP: 24, Mana: 0/10
  Hand (5)
  Field: Soldier of Fortune[5/2], Wailing Soul[3/1], Goblin Bomb[0/2], Youthful Brewmaster[3/2], Southsea Deckhand[2/1]
[Turn 10, Step 45] Agent: 유효하지 않은 액션 인덱스(91) → 0로 보정
[Turn 10, Step 45] Agent: 턴 종료

[Turn 10] === Opponent's Turn ===
[Turn 10, Step 45] Opponent: 공격 - Soldier of Fortune[5/2] -> Jaina Proudmoore
[Turn 10, Step 45] Opponent: 공격 - Wailing Soul[3/1] -> Ornery Tortoise
[Turn 10, Step 45] Opponent: 공격 - Youthful Brewmaster[3/2] -> Jaina Proudmoore
[Turn 10, Step 45] Opponent: 턴 종료
[Turn 10, Step 46] Agent: 유효하지 않은 액션 인덱스(51) → 13로 보정
[Turn 10, Step 46] Agent: 영웅 능력 사용 -> Skeram Cultist
[Turn 10, Step 47] Agent: 유효하지 않은 액션 인덱스(33) → 0로 보정
[Turn 10, Step 47] Agent: 턴 종료

[Turn 10] === Opponent's Turn ===
[Turn 10, Step 47] Opponent: 턴 종료
[Turn 10, Step 48] Agent: 유효하지 않은 액션 인덱스(85) → 5로 보정
[Turn 10, Step 48] Agent: 카드 플레이 - Sideshow Spelleater (코스트: 6)
[Turn 10, Step 49] Agent: 유효하지 않은 액션 인덱스(73) → 1로 보정
[Turn 10, Step 49] Agent: 카드 플레이 - Archmage Vargoth (코스트: 4)

--- Game State (Turn 10, Step 50) ---
Agent: Jaina Proudmoore HP: 11, Mana: 0/10
  Hand (5): Sunreaver Warmage, Sindragosa, Coldarra Drake, Puzzle Box of Yogg-Saron, Pyros
  Field: Skeram Cultist[7/5], Sideshow Spelleater[6/5], Archmage Vargoth[2/6]
Opponent: Rexxar HP: 24, Mana: 10/10
  Hand (7)
  Field: Soldier of Fortune[5/2], Goblin Bomb[0/2], Youthful Brewmaster[3/2], Southsea Deckhand[2/1]
[Turn 10, Step 50] Agent: 유효하지 않은 액션 인덱스(87) → 3로 보정
[Turn 10, Step 50] Agent: 공격 - Skeram Cultist[7/5] -> Goblin Bomb
[Turn 10, Step 51] Agent: 유효하지 않은 액션 인덱스(11) → 0로 보정
[Turn 10, Step 51] Agent: 턴 종료

[Turn 10] === Opponent's Turn ===
[Turn 10, Step 51] Opponent: 카드 플레이 - Alexstrasza -> Rexxar (코스트: 9)
[Turn 10, Step 51] Opponent: 공격 - Southsea Deckhand[2/1] -> Skeram Cultist
[Turn 10, Step 51] Opponent: 공격 - Youthful Brewmaster[3/2] -> Jaina Proudmoore
[Turn 10, Step 51] Opponent: 공격 - Soldier of Fortune[5/2] -> Archmage Vargoth
[Turn 10, Step 51] Opponent: 턴 종료
[Turn 10, Step 52] Agent: 유효하지 않은 액션 인덱스(81) → 13로 보정
[Turn 10, Step 52] Agent: 공격 - Sideshow Spelleater[6/5] -> Alexstrasza
[Turn 10, Step 53] Agent: 유효하지 않은 액션 인덱스(99) → 1로 보정
[Turn 10, Step 53] Agent: 카드 플레이 - Sunreaver Warmage (코스트: 5)
[Turn 10, Step 54] Agent: 유효하지 않은 액션 인덱스(48) → 8로 보정
[Turn 10, Step 54] Agent: 공격 - Archmage Vargoth[2/1] -> Youthful Brewmaster

--- Game State (Turn 10, Step 55) ---
Agent: Jaina Proudmoore HP: 6, Mana: 5/10
  Hand (5): Sindragosa, Coldarra Drake, Puzzle Box of Yogg-Saron, Pyros, Licensed Adventurer
  Field: Skeram Cultist[7/3], Sunreaver Warmage[4/4]
Opponent: Rexxar HP: 15, Mana: 1/10
  Hand (7)
  Field: Alexstrasza[8/2]
[Turn 10, Step 55] Agent: 유효하지 않은 액션 인덱스(21) → 3로 보정
[Turn 10, Step 55] Agent: 영웅 능력 사용
[Turn 10, Step 56] Agent: 유효하지 않은 액션 인덱스(45) → 0로 보정
[Turn 10, Step 56] Agent: 턴 종료

[Turn 10] === Opponent's Turn ===
[Turn 10, Step 56] Opponent: 영웅 능력 사용
[Turn 10, Step 56] Opponent: 카드 플레이 - Darkscale Healer (코스트: 5)
[Turn 10, Step 56] Opponent: 카드 플레이 - Dalaran Mage (코스트: 3)
[Turn 10, Step 56] Opponent: 공격 - Alexstrasza[8/4] -> Jaina Proudmoore

--- Game State (Turn 10, Step 57) ---
Agent: Jaina Proudmoore HP: 0, Mana: 3/10
  Hand (5): Sindragosa, Coldarra Drake, Puzzle Box of Yogg-Saron, Pyros, Licensed Adventurer
  Field: Skeram Cultist[7/3], Sunreaver Warmage[4/4]
Opponent: Rexxar HP: 15, Mana: 0/10
  Hand (6)
  Field: Alexstrasza[8/4], Darkscale Healer[4/5], Dalaran Mage[1/4]

============================================================
게임 종료 - Terminated: True, Truncated: False
승자: Opponent
============================================================

