============================================================
NEW GAME STARTED
Agent: HERO_08 vs Opponent: HERO_05
Action Masking: ON
Masking Expected: ON
============================================================

[Turn 1] === Opponent's Turn ===
[Turn 1, Step 0] Opponent: 턴 종료
[Turn 1, Step 1] Agent: 턴 종료

[Turn 1] === Opponent's Turn ===
[Turn 1, Step 1] Opponent: 턴 종료
[Turn 2, Step 2] Agent: 영웅 능력 사용 -> Rexxar
[Turn 2, Step 3] Agent: 턴 종료

[Turn 2] === Opponent's Turn ===
[Turn 2, Step 3] Opponent: 카드 플레이 - Bomb Toss -> Jaina Proudmoore (코스트: 2)
[Turn 2, Step 3] Opponent: 카드 플레이 - Gadgetzan Jouster (코스트: 1)
[Turn 2, Step 3] Opponent: 턴 종료
[Turn 3, Step 4] Agent: 영웅 능력 사용 -> Goblin Bomb

--- Game State (Turn 3, Step 5) ---
Agent: Jaina Proudmoore HP: 28, Mana: 1/3
  Hand (8): Sir Finley Mrrgglton, Genzo, the Shark, Archmage Arugal, Hozen Healer, The Coin, Witchwood Grizzly, Summoning Stone, Elven Archer
Opponent: Rexxar HP: 29, Mana: 0/3
  Hand (4)
  Field: Goblin Bomb[0/1], Gadgetzan Jouster[2/3]
[Turn 3, Step 5] Agent: 카드 플레이 - Elven Archer -> Goblin Bomb (코스트: 1)
[Turn 3, Step 6] Agent: 턴 종료

[Turn 3] === Opponent's Turn ===
[Turn 3, Step 6] Opponent: 영웅 능력 사용
[Turn 3, Step 6] Opponent: 공격 - Gadgetzan Jouster[2/3] -> Elven Archer
[Turn 3, Step 6] Opponent: 턴 종료
[Turn 4, Step 7] Agent: 카드 플레이 - Sir Finley Mrrgglton (코스트: 1)
[Turn 4, Step 8] Agent: 선택 - Reinforce
[Turn 4, Step 8] Agent: 턴 종료

[Turn 4] === Opponent's Turn ===
[Turn 4, Step 8] Opponent: 카드 플레이 - Grievous Bite -> Sir Finley Mrrgglton (코스트: 2)
[Turn 4, Step 8] Opponent: 공격 - Gadgetzan Jouster[2/2] -> Jaina Proudmoore
[Turn 4, Step 8] Opponent: 카드 플레이 - Questing Adventurer (코스트: 3)
[Turn 4, Step 8] Opponent: 턴 종료
[Turn 5, Step 9] Agent: 공격 - Sir Finley Mrrgglton[1/1] -> Questing Adventurer

--- Game State (Turn 5, Step 10) ---
Agent: Jaina Proudmoore HP: 22, Mana: 5/5
  Hand (8): Genzo, the Shark, Archmage Arugal, Hozen Healer, The Coin, Witchwood Grizzly, Summoning Stone, Hench-Clan Thug, Servant of Yogg-Saron
Opponent: Rexxar HP: 29, Mana: 0/5
  Hand (4)
  Field: Gadgetzan Jouster[2/2], Questing Adventurer[2/1]
[Turn 5, Step 10] Agent: 카드 플레이 - Servant of Yogg-Saron (코스트: 5)
[Turn 5, Step 11] Agent: 턴 종료

[Turn 5] === Opponent's Turn ===
[Turn 5, Step 11] Opponent: 카드 플레이 - Bloodworm (코스트: 5)
[Turn 5, Step 11] Opponent: 공격 - Gadgetzan Jouster[2/2] -> Servant of Yogg-Saron
[Turn 5, Step 11] Opponent: 공격 - Questing Adventurer[3/2] -> Jaina Proudmoore
[Turn 5, Step 11] Opponent: 턴 종료
[Turn 6, Step 12] Agent: 카드 플레이 - Hozen Healer -> Servant of Yogg-Saron (코스트: 4)
[Turn 6, Step 13] Agent: 카드 플레이 - The Coin (코스트: 0)
[Turn 6, Step 14] Agent: 카드 플레이 - Manic Soulcaster -> Servant of Yogg-Saron (코스트: 3)

--- Game State (Turn 6, Step 15) ---
Agent: Jaina Proudmoore HP: 19, Mana: 0/6
  Hand (6): Genzo, the Shark, Archmage Arugal, Witchwood Grizzly, Summoning Stone, Hench-Clan Thug, Mosh'Ogg Enforcer
  Field: Servant of Yogg-Saron[5/4], Hozen Healer[2/6], Manic Soulcaster[3/4]
Opponent: Rexxar HP: 29, Mana: 1/6
  Hand (4)
  Field: Questing Adventurer[3/2], Bloodworm[4/4]
[Turn 6, Step 15] Agent: 턴 종료

[Turn 6] === Opponent's Turn ===
[Turn 6, Step 15] Opponent: 영웅 능력 사용
[Turn 6, Step 15] Opponent: 공격 - Questing Adventurer[3/2] -> Servant of Yogg-Saron
[Turn 6, Step 15] Opponent: 공격 - Bloodworm[4/4] -> Hozen Healer
[Turn 6, Step 15] Opponent: 카드 플레이 - Flesheating Ghoul (코스트: 3)
[Turn 6, Step 15] Opponent: 카드 플레이 - Kobold Sandtrooper (코스트: 2)
[Turn 6, Step 15] Opponent: 턴 종료
[Turn 7, Step 16] Agent: 공격 - Servant of Yogg-Saron[5/1] -> Bloodworm
[Turn 7, Step 17] Agent: 카드 플레이 - Chief Inspector (코스트: 5)
[Turn 7, Step 18] Agent: 공격 - Hozen Healer[2/2] -> Flesheating Ghoul
[Turn 7, Step 19] Agent: 공격 - Manic Soulcaster[3/4] -> Rexxar

--- Game State (Turn 7, Step 20) ---
Agent: Jaina Proudmoore HP: 17, Mana: 2/7
  Hand (6): Genzo, the Shark, Archmage Arugal, Witchwood Grizzly, Summoning Stone, Hench-Clan Thug, Mosh'Ogg Enforcer
  Field: Manic Soulcaster[3/4], Chief Inspector[4/6]
Opponent: Rexxar HP: 27, Mana: 0/7
  Hand (3)
  Field: Flesheating Ghoul[5/1], Kobold Sandtrooper[2/1]
[Turn 7, Step 20] Agent: 카드 플레이 - Archmage Arugal (코스트: 2)
[Turn 7, Step 21] Agent: 턴 종료

[Turn 7] === Opponent's Turn ===
[Turn 7, Step 21] Opponent: 공격 - Flesheating Ghoul[5/1] -> Manic Soulcaster
[Turn 7, Step 21] Opponent: 카드 플레이 - Kathrena Winterwisp (코스트: 8)
[Turn 7, Step 21] Opponent: 공격 - Kobold Sandtrooper[2/1] -> Chief Inspector
[Turn 7, Step 21] Opponent: 턴 종료
[Turn 8, Step 22] Agent: 공격 - Archmage Arugal[2/2] -> Kathrena Winterwisp
[Turn 8, Step 23] Agent: 카드 플레이 - Summoning Stone (코스트: 5)
[Turn 8, Step 24] Agent: 공격 - Chief Inspector[4/4] -> Rexxar

--- Game State (Turn 8, Step 25) ---
Agent: Jaina Proudmoore HP: 14, Mana: 3/8
  Hand (5): Genzo, the Shark, Witchwood Grizzly, Hench-Clan Thug, Mosh'Ogg Enforcer, Chillmaw
  Field: Chief Inspector[4/4], Summoning Stone[0/6]
Opponent: Rexxar HP: 23, Mana: 0/8
  Hand (3)
  Field: Kathrena Winterwisp[6/4], Giant Wasp[2/2]
[Turn 8, Step 25] Agent: 카드 플레이 - Hench-Clan Thug (코스트: 3)
[Turn 8, Step 26] Agent: 턴 종료

[Turn 8] === Opponent's Turn ===
[Turn 8, Step 26] Opponent: 공격 - Giant Wasp[2/2] -> Chief Inspector
[Turn 8, Step 26] Opponent: 카드 플레이 - Seeping Oozeling (코스트: 6)
[Turn 8, Step 26] Opponent: 영웅 능력 사용
[Turn 8, Step 26] Opponent: 공격 - Kathrena Winterwisp[6/4] -> Hench-Clan Thug
[Turn 8, Step 26] Opponent: 턴 종료
[Turn 9, Step 27] Agent: 카드 플레이 - Witchwood Grizzly (코스트: 5)
[Turn 9, Step 28] Agent: 턴 종료

[Turn 9] === Opponent's Turn ===
[Turn 9, Step 28] Opponent: 공격 - Seeping Oozeling[5/4] -> Witchwood Grizzly
[Turn 9, Step 28] Opponent: 턴 종료
[Turn 10, Step 29] Agent: 카드 플레이 - Kvaldir Raider (코스트: 5)

--- Game State (Turn 10, Step 30) ---
Agent: Jaina Proudmoore HP: 12, Mana: 5/10
  Hand (4): Genzo, the Shark, Mosh'Ogg Enforcer, Chillmaw, Servant of Yogg-Saron
  Field: Summoning Stone[0/6], Witchwood Grizzly[3/6], Kvaldir Raider[4/4]
Opponent: Rexxar HP: 23, Mana: 10/10
  Hand (4)
  Field: Kathrena Winterwisp[6/1], Seeping Oozeling[5/1]
[Turn 10, Step 30] Agent: 카드 플레이 - Servant of Yogg-Saron (코스트: 5)
[Turn 10, Step 31] Agent: 공격 - Witchwood Grizzly[3/6] -> Seeping Oozeling
[Turn 10, Step 32] Agent: 턴 종료

[Turn 10] === Opponent's Turn ===
[Turn 10, Step 32] Opponent: 턴 종료
[Turn 10, Step 33] Agent: 카드 플레이 - Bog Creeper (코스트: 7)
[Turn 10, Step 34] Agent: 공격 - Witchwood Grizzly[3/1] -> Kathrena Winterwisp

--- Game State (Turn 10, Step 35) ---
Agent: Jaina Proudmoore HP: 12, Mana: 3/10
  Hand (4): Genzo, the Shark, Mosh'Ogg Enforcer, Chillmaw, Lost Spirit
  Field: Summoning Stone[0/6], Kvaldir Raider[4/4], Servant of Yogg-Saron[5/4], Bog Creeper[6/8]
Opponent: Rexxar HP: 23, Mana: 10/10
  Hand (5)
  Field: Kathrena Winterwisp[9/1]
[Turn 10, Step 35] Agent: 영웅 능력 사용
[Turn 10, Step 36] Agent: 공격 - Kvaldir Raider[6/6] -> Kathrena Winterwisp
[Turn 10, Step 37] Agent: 턴 종료

[Turn 10] === Opponent's Turn ===
[Turn 10, Step 37] Opponent: 카드 플레이 - Mind Control Tech (코스트: 3)
[Turn 10, Step 37] Opponent: 카드 플레이 - Soup Vendor (코스트: 2)
[Turn 10, Step 37] Opponent: 카드 플레이 - Sunreaver Spy (코스트: 2)
[Turn 10, Step 37] Opponent: 영웅 능력 사용
[Turn 10, Step 37] Opponent: 턴 종료
[Turn 10, Step 38] Agent: 카드 플레이 - Genzo, the Shark (코스트: 4)
[Turn 10, Step 39] Agent: 카드 플레이 - Lost Spirit (코스트: 2)

--- Game State (Turn 10, Step 40) ---
Agent: Jaina Proudmoore HP: 10, Mana: 4/10
  Hand (3): Echo of Medivh, Mosh'Ogg Enforcer, Chillmaw
  Field: Summoning Stone[0/6], Bog Creeper[6/8], Silver Hand Recruit[1/1], Genzo, the Shark[5/4], Lost Spirit[1/1]
Opponent: Rexxar HP: 23, Mana: 1/10
  Hand (3)
  Field: Mind Control Tech[3/3], Servant of Yogg-Saron[5/4], Soup Vendor[1/4], Sunreaver Spy[2/3]
[Turn 10, Step 40] Agent: 공격 - Bog Creeper[6/8] -> Sunreaver Spy
[Turn 10, Step 41] Agent: 공격 - Silver Hand Recruit[1/1] -> Soup Vendor
[Turn 10, Step 42] Agent: 영웅 능력 사용
[Turn 10, Step 43] Agent: 턴 종료

[Turn 10] === Opponent's Turn ===
[Turn 10, Step 43] Opponent: 공격 - Soup Vendor[1/3] -> Bog Creeper
[Turn 10, Step 43] Opponent: 카드 플레이 - Giant Mastodon (코스트: 9)
[Turn 10, Step 43] Opponent: 공격 - Servant of Yogg-Saron[5/4] -> Bog Creeper
[Turn 10, Step 43] Opponent: 공격 - Mind Control Tech[3/3] -> Silver Hand Recruit
[Turn 10, Step 43] Opponent: 턴 종료
[Turn 10, Step 44] Agent: 카드 플레이 - Mosh'Ogg Enforcer (코스트: 8)

--- Game State (Turn 10, Step 45) ---
Agent: Jaina Proudmoore HP: 10, Mana: 2/10
  Hand (3): Echo of Medivh, Chillmaw, Sunwalker
  Field: Summoning Stone[0/6], Genzo, the Shark[5/4], Lost Spirit[1/1], Mosh'Ogg Enforcer[2/14]
Opponent: Rexxar HP: 23, Mana: 1/10
  Hand (3)
  Field: Mind Control Tech[3/2], Giant Mastodon[6/10]
[Turn 10, Step 45] Agent: 영웅 능력 사용
[Turn 10, Step 46] Agent: 공격 - Lost Spirit[1/1] -> Giant Mastodon
[Turn 10, Step 47] Agent: 공격 - Genzo, the Shark[6/4] -> Giant Mastodon
[Turn 10, Step 48] Agent: 공격 - Summoning Stone[1/6] -> Giant Mastodon
[Turn 10, Step 49] Agent: 턴 종료

[Turn 10] === Opponent's Turn ===
[Turn 10, Step 49] Opponent: 카드 플레이 - Master of Ceremonies (코스트: 3)
[Turn 10, Step 49] Opponent: 카드 플레이 - Tanglefur Mystic (코스트: 3)
[Turn 10, Step 49] Opponent: 카드 플레이 - Crystal Merchant (코스트: 2)
[Turn 10, Step 49] Opponent: 영웅 능력 사용
[Turn 10, Step 49] Opponent: 공격 - Giant Mastodon[6/2] -> Mosh'Ogg Enforcer
[Turn 10, Step 49] Opponent: 공격 - Mind Control Tech[3/2] -> Mosh'Ogg Enforcer
[Turn 10, Step 49] Opponent: 턴 종료

--- Game State (Turn 10, Step 50) ---
Agent: Jaina Proudmoore HP: 8, Mana: 10/10
  Hand (5): Kobold Apprentice, Echo of Medivh, Chillmaw, Sunwalker, Rustsworn Initiate
  Field: Mosh'Ogg Enforcer[3/11], Silver Hand Recruit[2/1]
Opponent: Rexxar HP: 23, Mana: 0/10
  Hand (3)
  Field: Master of Ceremonies[4/2], Tanglefur Mystic[3/4], Crystal Merchant[1/4]
[Turn 10, Step 50] Agent: 카드 플레이 - Echo of Medivh (코스트: 4)
[Turn 10, Step 51] Agent: 영웅 능력 사용
[Turn 10, Step 52] Agent: 공격 - Silver Hand Recruit[2/1] -> Tanglefur Mystic
[Turn 10, Step 53] Agent: 카드 플레이 - Rustsworn Initiate (코스트: 2)
[Turn 10, Step 54] Agent: 턴 종료

[Turn 10] === Opponent's Turn ===
[Turn 10, Step 54] Opponent: 공격 - Master of Ceremonies[4/2] -> Mosh'Ogg Enforcer
[Turn 10, Step 54] Opponent: 카드 플레이 - Venomancer (코스트: 5)
[Turn 10, Step 54] Opponent: 카드 플레이 - Mogu'shan Warden (코스트: 4)
[Turn 10, Step 54] Opponent: 턴 종료

--- Game State (Turn 10, Step 55) ---
Agent: Jaina Proudmoore HP: 8, Mana: 10/10
  Hand (6): Kobold Apprentice, Chillmaw, Sunwalker, Mosh'Ogg Enforcer, Silver Hand Recruit, Dragonhawk Rider
  Field: Mosh'Ogg Enforcer[3/7], Silver Hand Recruit[1/1], Rustsworn Initiate[2/2]
Opponent: Rexxar HP: 23, Mana: 1/10
  Hand (3)
  Field: Tanglefur Mystic[3/2], Crystal Merchant[1/4], Venomancer[2/5], Mogu'shan Warden[1/7]
[Turn 10, Step 55] Agent: 카드 플레이 - Sunwalker (코스트: 6)
[Turn 10, Step 56] Agent: 턴 종료

[Turn 10] === Opponent's Turn ===
[Turn 10, Step 56] Opponent: 공격 - Tanglefur Mystic[3/2] -> Sunwalker
[Turn 10, Step 56] Opponent: 공격 - Mogu'shan Warden[1/7] -> Sunwalker
[Turn 10, Step 56] Opponent: 카드 플레이 - Nozdormu (코스트: 9)
[Turn 10, Step 56] Opponent: 공격 - Venomancer[2/5] -> Sunwalker
[Turn 10, Step 56] Opponent: 턴 종료
[Turn 10, Step 57] Agent: 카드 플레이 - Tournament Medic (코스트: 4)
[Turn 10, Step 58] Agent: 카드 플레이 - Kobold Apprentice (코스트: 3)
[Turn 10, Step 59] Agent: 공격 - Silver Hand Recruit[1/1] -> Mogu'shan Warden

--- Game State (Turn 10, Step 60) ---
Agent: Jaina Proudmoore HP: 8, Mana: 3/10
  Hand (4): Chillmaw, Mosh'Ogg Enforcer, Silver Hand Recruit, Dragonhawk Rider
  Field: Mosh'Ogg Enforcer[3/7], Rustsworn Initiate[2/2], Tournament Medic[1/8], Kobold Apprentice[2/1]
Opponent: Rexxar HP: 23, Mana: 1/10
  Hand (4)
  Field: Crystal Merchant[1/3], Mogu'shan Warden[1/2], Nozdormu[8/7]
[Turn 10, Step 60] Agent: 턴 종료

[Turn 10] === Opponent's Turn ===
[Turn 10, Step 60] Opponent: 카드 플레이 - Naga Sea Witch (코스트: 8)
[Turn 10, Step 60] Opponent: 공격 - Mogu'shan Warden[1/2] -> Mosh'Ogg Enforcer
[Turn 10, Step 60] Opponent: 공격 - Nozdormu[8/7] -> Mosh'Ogg Enforcer
[Turn 10, Step 60] Opponent: 공격 - Crystal Merchant[1/3] -> Jaina Proudmoore
[Turn 10, Step 60] Opponent: 턴 종료
[Turn 10, Step 61] Agent: 공격 - Tournament Medic[1/8] -> Rexxar
[Turn 10, Step 62] Agent: 공격 - Kobold Apprentice[2/1] -> Crystal Merchant
[Turn 10, Step 63] Agent: 카드 플레이 - Unexpected Results (코스트: 3)
[Turn 10, Step 64] Agent: 카드 플레이 - Chillmaw (코스트: 7)

--- Game State (Turn 10, Step 65) ---
Agent: Jaina Proudmoore HP: 7, Mana: 0/10
  Hand (3): Mosh'Ogg Enforcer, Silver Hand Recruit, Dragonhawk Rider
  Field: Rustsworn Initiate[2/2], Tournament Medic[1/8], Public Defender[0/7], Dendrologist[2/3], Chillmaw[6/6]
Opponent: Rexxar HP: 22, Mana: 2/10
  Hand (5)
  Field: Crystal Merchant[1/1], Nozdormu[8/4], Naga Sea Witch[5/5]
[Turn 10, Step 65] Agent: 공격 - Rustsworn Initiate[2/2] -> Crystal Merchant
[Turn 10, Step 66] Agent: 턴 종료

[Turn 10] === Opponent's Turn ===
[Turn 10, Step 66] Opponent: 카드 플레이 - Grievous Bite -> Tournament Medic (코스트: 5)
[Turn 10, Step 66] Opponent: 카드 플레이 - Anubisath Sentinel (코스트: 5)
[Turn 10, Step 66] Opponent: 공격 - Naga Sea Witch[5/5] -> Chillmaw
[Turn 10, Step 66] Opponent: 공격 - Nozdormu[8/4] -> Public Defender
[Turn 10, Step 66] Opponent: 턴 종료
[Turn 10, Step 67] Agent: 카드 플레이 - Mosh'Ogg Enforcer (코스트: 8)
[Turn 10, Step 68] Agent: 공격 - Chillmaw[6/1] -> Nozdormu
[Turn 10, Step 69] Agent: 영웅 능력 사용

--- Game State (Turn 10, Step 70) ---
Agent: Jaina Proudmoore HP: 9, Mana: 0/10
  Hand (3): Silver Hand Recruit, Dragonhawk Rider, Flame Ward
  Field: Impcaster[1/1], Tournament Medic[1/6], Dendrologist[2/3], Mosh'Ogg Enforcer[2/14], Silver Hand Recruit[1/1]
Opponent: Rexxar HP: 22, Mana: 0/10
  Hand (4)
  Field: Anubisath Sentinel[4/4]
[Turn 10, Step 70] Agent: 턴 종료

[Turn 10] === Opponent's Turn ===
[Turn 10, Step 70] Opponent: 카드 플레이 - Bilefin Tidehunter (코스트: 2)
[Turn 10, Step 70] Opponent: 카드 플레이 - Leatherclad Hogleader (코스트: 6)
[Turn 10, Step 70] Opponent: 공격 - Anubisath Sentinel[4/4] -> Mosh'Ogg Enforcer
[Turn 10, Step 70] Opponent: 턴 종료
[Turn 10, Step 71] Agent: 카드 플레이 - Silver Hand Recruit (코스트: 1)
[Turn 10, Step 72] Agent: 카드 플레이 - Dragonhawk Rider (코스트: 3)
[Turn 10, Step 73] Agent: 공격 - Mosh'Ogg Enforcer[2/14] -> Ooze
[Turn 10, Step 74] Agent: 공격 - Dendrologist[2/3] -> Bilefin Tidehunter

--- Game State (Turn 10, Step 75) ---
Agent: Jaina Proudmoore HP: 9, Mana: 6/10
  Hand (2): Flame Ward, Deadscale Knight
  Field: Impcaster[1/1], Tournament Medic[1/6], Dendrologist[2/1], Mosh'Ogg Enforcer[2/13], Silver Hand Recruit[1/1], Silver Hand Recruit[1/1], Dragonhawk Rider[3/3]
Opponent: Rexxar HP: 22, Mana: 2/10
  Hand (3)
  Field: Anubisath Sentinel[4/2], Leatherclad Hogleader[6/6]
[Turn 10, Step 75] Agent: 공격 - Impcaster[1/1] -> Rexxar
[Turn 10, Step 76] Agent: 카드 플레이 - Flame Ward (코스트: 3)
[Turn 10, Step 77] Agent: 공격 - Tournament Medic[1/6] -> Anubisath Sentinel
[Turn 10, Step 78] Agent: 공격 - Silver Hand Recruit[1/1] -> Leatherclad Hogleader
[Turn 10, Step 79] Agent: 턴 종료

[Turn 10] === Opponent's Turn ===
[Turn 10, Step 79] Opponent: 카드 플레이 - Blood of The Ancient One (코스트: 9)
[Turn 10, Step 79] Opponent: 공격 - Leatherclad Hogleader[6/5] -> Mosh'Ogg Enforcer
[Turn 10, Step 79] Opponent: 공격 - Anubisath Sentinel[4/1] -> Mosh'Ogg Enforcer
[Turn 10, Step 79] Opponent: 턴 종료

--- Game State (Turn 10, Step 80) ---
Agent: Jaina Proudmoore HP: 9, Mana: 10/10
  Hand (2): Deadscale Knight, Animated Avalanche
  Field: Impcaster[1/1], Tournament Medic[1/2], Dendrologist[2/1], Mosh'Ogg Enforcer[2/3], Silver Hand Recruit[1/1], Dragonhawk Rider[3/3]
Opponent: Rexxar HP: 21, Mana: 1/10
  Hand (3)
  Field: Leatherclad Hogleader[9/6], Blood of The Ancient One[9/9]
[Turn 10, Step 80] Agent: 공격 - Dendrologist[2/1] -> Leatherclad Hogleader
[Turn 10, Step 81] Agent: 공격 - Tournament Medic[1/2] -> Blood of The Ancient One
[Turn 10, Step 82] Agent: 공격 - Impcaster[1/1] -> Leatherclad Hogleader
[Turn 10, Step 83] Agent: 공격 - Silver Hand Recruit[1/1] -> Leatherclad Hogleader
[Turn 10, Step 84] Agent: 공격 - Dragonhawk Rider[3/3] -> Leatherclad Hogleader

--- Game State (Turn 10, Step 85) ---
Agent: Jaina Proudmoore HP: 9, Mana: 10/10
  Hand (2): Deadscale Knight, Animated Avalanche
  Field: Mosh'Ogg Enforcer[2/3]
Opponent: Rexxar HP: 21, Mana: 1/10
  Hand (3)
  Field: Blood of The Ancient One[9/8]
[Turn 10, Step 85] Agent: 공격 - Mosh'Ogg Enforcer[2/3] -> Blood of The Ancient One
[Turn 10, Step 86] Agent: 영웅 능력 사용
[Turn 10, Step 87] Agent: 카드 플레이 - Deadscale Knight (코스트: 1)
[Turn 10, Step 88] Agent: 카드 플레이 - Animated Avalanche (코스트: 7)
[Turn 10, Step 89] Agent: 턴 종료

[Turn 10] === Opponent's Turn ===
[Turn 10, Step 89] Opponent: 영웅 능력 사용
[Turn 10, Step 89] Opponent: 공격 - Blood of The Ancient One[9/6] -> Deadscale Knight
[Turn 10, Step 89] Opponent: 턴 종료

--- Game State (Turn 10, Step 90) ---
Agent: Jaina Proudmoore HP: 8, Mana: 10/10
  Hand (1): Silithid Swarmer
  Field: Silver Hand Recruit[1/1], Animated Avalanche[7/6]
Opponent: Rexxar HP: 21, Mana: 8/10
  Hand (4)
  Field: Blood of The Ancient One[9/5]
[Turn 10, Step 90] Agent: 공격 - Silver Hand Recruit[1/1] -> Blood of The Ancient One
[Turn 10, Step 91] Agent: 카드 플레이 - Silithid Swarmer (코스트: 3)
[Turn 10, Step 92] Agent: 공격 - Animated Avalanche[7/6] -> Rexxar
[Turn 10, Step 93] Agent: 턴 종료

[Turn 10] === Opponent's Turn ===
[Turn 10, Step 93] Opponent: 카드 플레이 - Traveling Healer -> Jaina Proudmoore (코스트: 4)
[Turn 10, Step 93] Opponent: 영웅 능력 사용
[Turn 10, Step 93] Opponent: 공격 - Blood of The Ancient One[9/4] -> Animated Avalanche
[Turn 10, Step 93] Opponent: 카드 플레이 - Archmage Vargoth (코스트: 4)
[Turn 10, Step 93] Opponent: 턴 종료
[Turn 10, Step 94] Agent: 영웅 능력 사용

--- Game State (Turn 10, Step 95) ---
Agent: Jaina Proudmoore HP: 8, Mana: 8/10
  Hand (0): 
  Field: Silithid Swarmer[3/5], Silver Hand Recruit[1/1]
Opponent: Rexxar HP: 14, Mana: 0/10
  Hand (3)
  Field: Traveling Healer[3/2], Archmage Vargoth[2/6]
[Turn 10, Step 95] Agent: 턴 종료

[Turn 10] === Opponent's Turn ===
[Turn 10, Step 95] Opponent: 카드 플레이 - C'Thun (코스트: 10)
[Turn 10, Step 95] Opponent: 공격 - Traveling Healer[3/2] -> Silithid Swarmer
[Turn 10, Step 95] Opponent: 공격 - Archmage Vargoth[2/6] -> Jaina Proudmoore
[Turn 10, Step 95] Opponent: 턴 종료

--- Game State (Turn 10, Step 96) ---
Agent: Jaina Proudmoore HP: 0, Mana: 10/10
  Hand (0): 
  Field: Silithid Swarmer[3/1]
Opponent: Rexxar HP: 13, Mana: 0/10
  Hand (2)
  Field: Archmage Vargoth[2/3], C'Thun[6/3]

============================================================
게임 종료 - Terminated: True, Truncated: False
승자: Opponent
============================================================

