============================================================
NEW GAME STARTED
Agent: HERO_08 vs Opponent: HERO_05
Action Masking: OFF
Masking Expected: OFF
============================================================

[Turn 1] === Opponent's Turn ===
[Turn 1, Step 0] Opponent: 카드 플레이 - Tracking (코스트: 1)
[Turn 1, Step 0] Opponent: 선택 - Giant Mastodon
[Turn 1, Step 0] Opponent: 턴 종료
[Turn 1, Step 1] Agent: 카드 플레이 - Swamp Dragon Egg (코스트: 1)
[Turn 1, Step 2] Agent: 카드 플레이 - The Coin (코스트: 0)
[Turn 1, Step 3] Agent: 카드 플레이 - Faithful Lumi (코스트: 1)
[Turn 1, Step 4] Agent: 턴 종료

[Turn 1] === Opponent's Turn ===
[Turn 1, Step 4] Opponent: 턴 종료

--- Game State (Turn 2, Step 5) ---
Agent: Jaina Proudmoore HP: 30, Mana: 2/2
  Hand (4): Sen'jin Shieldmasta, Fen Creeper, Proud Defender, Chief Inspector
  Field: Swamp Dragon Egg[0/3], Faithful Lumi[1/1]
Opponent: Rexxar HP: 30, Mana: 2/2
  Hand (5)
[Turn 2, Step 5] Agent: 영웅 능력 사용 -> Jaina Proudmoore
[Turn 2, Step 6] Agent: 공격 - Faithful Lumi[1/1] -> Rexxar
[Turn 2, Step 7] Agent: 턴 종료

[Turn 2] === Opponent's Turn ===
[Turn 2, Step 7] Opponent: 카드 플레이 - Unstable Ghoul (코스트: 2)
[Turn 2, Step 7] Opponent: 카드 플레이 - Emerald Reaver (코스트: 1)
[Turn 2, Step 7] Opponent: 턴 종료
[Turn 3, Step 8] Agent: 영웅 능력 사용 -> Jaina Proudmoore
[Turn 3, Step 9] Agent: 공격 - Faithful Lumi[1/1] -> Unstable Ghoul

--- Game State (Turn 3, Step 10) ---
Agent: Jaina Proudmoore HP: 27, Mana: 1/3
  Hand (5): Sen'jin Shieldmasta, Fen Creeper, Proud Defender, Chief Inspector, Tentacled Menace
  Field: Swamp Dragon Egg[0/3]
Opponent: Rexxar HP: 28, Mana: 0/3
  Hand (4)
  Field: Unstable Ghoul[1/2], Emerald Reaver[2/1]
[Turn 3, Step 10] Agent: 턴 종료

[Turn 3] === Opponent's Turn ===
[Turn 3, Step 10] Opponent: 공격 - Emerald Reaver[2/1] -> Jaina Proudmoore
[Turn 3, Step 10] Opponent: 턴 종료
[Turn 4, Step 11] Agent: 카드 플레이 - Sen'jin Shieldmasta (코스트: 4)
[Turn 4, Step 12] Agent: 턴 종료

[Turn 4] === Opponent's Turn ===
[Turn 4, Step 12] Opponent: 턴 종료
[Turn 5, Step 13] Agent: 영웅 능력 사용 -> Unstable Ghoul
[Turn 5, Step 14] Agent: 카드 플레이 - Stonesplinter Trogg (코스트: 2)

--- Game State (Turn 5, Step 15) ---
Agent: Jaina Proudmoore HP: 25, Mana: 1/5
  Hand (5): Fen Creeper, Proud Defender, Chief Inspector, Tentacled Menace, Bone Wraith
  Field: Swamp Dragon Egg[0/3], Sen'jin Shieldmasta[3/5], Stonesplinter Trogg[2/3]
Opponent: Rexxar HP: 28, Mana: 5/5
  Hand (6)
  Field: Unstable Ghoul[1/1], Emerald Reaver[2/1]
[Turn 5, Step 15] Agent: 공격 - Sen'jin Shieldmasta[3/5] -> Unstable Ghoul
[Turn 5, Step 16] Agent: 턴 종료

[Turn 5] === Opponent's Turn ===
[Turn 5, Step 16] Opponent: 카드 플레이 - Twilight Elder (코스트: 3)
[Turn 5, Step 16] Opponent: 카드 플레이 - Beckoner of Evil (코스트: 2)
[Turn 5, Step 16] Opponent: 턴 종료
[Turn 6, Step 17] Agent: 공격 - Sen'jin Shieldmasta[3/3] -> Beckoner of Evil
[Turn 6, Step 18] Agent: 영웅 능력 사용 -> Stonesplinter Trogg
[Turn 6, Step 19] Agent: 카드 플레이 - Proud Defender (코스트: 4)

--- Game State (Turn 6, Step 20) ---
Agent: Jaina Proudmoore HP: 25, Mana: 0/6
  Hand (5): Fen Creeper, Chief Inspector, Tentacled Menace, Bone Wraith, Chillmaw
  Field: Swamp Dragon Egg[0/2], Sen'jin Shieldmasta[3/1], Stonesplinter Trogg[2/1], Proud Defender[2/6]
Opponent: Rexxar HP: 28, Mana: 1/6
  Hand (5)
  Field: Twilight Elder[3/4]
[Turn 6, Step 20] Agent: 공격 - Stonesplinter Trogg[2/1] -> Rexxar
[Turn 6, Step 21] Agent: 턴 종료

[Turn 6] === Opponent's Turn ===
[Turn 6, Step 21] Opponent: 공격 - Twilight Elder[3/4] -> Proud Defender
[Turn 6, Step 21] Opponent: 카드 플레이 - Frozen Crusher (코스트: 6)
[Turn 6, Step 21] Opponent: 턴 종료
[Turn 7, Step 22] Agent: 공격 - Sen'jin Shieldmasta[3/1] -> Rexxar
[Turn 7, Step 23] Agent: 공격 - Stonesplinter Trogg[2/1] -> Rexxar
[Turn 7, Step 24] Agent: 공격 - Proud Defender[2/3] -> Rexxar

--- Game State (Turn 7, Step 25) ---
Agent: Jaina Proudmoore HP: 25, Mana: 7/7
  Hand (6): Fen Creeper, Chief Inspector, Tentacled Menace, Bone Wraith, Chillmaw, Lightwarden
  Field: Swamp Dragon Egg[0/2], Sen'jin Shieldmasta[3/1], Stonesplinter Trogg[2/1], Proud Defender[2/3]
Opponent: Rexxar HP: 19, Mana: 1/7
  Hand (5)
  Field: Twilight Elder[3/2], Frozen Crusher[8/8]
[Turn 7, Step 25] Agent: 영웅 능력 사용 -> Sen'jin Shieldmasta
[Turn 7, Step 26] Agent: 카드 플레이 - Fen Creeper (코스트: 5)
[Turn 7, Step 27] Agent: 턴 종료

[Turn 7] === Opponent's Turn ===
[Turn 7, Step 27] Opponent: 카드 플레이 - Frostwolf Grunt (코스트: 2)
[Turn 7, Step 27] Opponent: 공격 - Twilight Elder[3/2] -> Fen Creeper
[Turn 7, Step 27] Opponent: 공격 - Frozen Crusher[8/8] -> Proud Defender
[Turn 7, Step 27] Opponent: 턴 종료
[Turn 8, Step 28] Agent: 공격 - Fen Creeper[3/3] -> Frostwolf Grunt
[Turn 8, Step 29] Agent: 영웅 능력 사용 -> Stonesplinter Trogg

--- Game State (Turn 8, Step 30) ---
Agent: Jaina Proudmoore HP: 25, Mana: 6/8
  Hand (6): Chief Inspector, Tentacled Menace, Bone Wraith, Chillmaw, Lightwarden, Tasty Flyfish
  Field: Swamp Dragon Egg[0/2], Fen Creeper[3/1]
Opponent: Rexxar HP: 19, Mana: 6/8
  Hand (5)
  Field: Frozen Crusher[8/6]
[Turn 8, Step 30] Agent: 카드 플레이 - Chief Inspector (코스트: 5)
[Turn 8, Step 31] Agent: 카드 플레이 - Lightwarden (코스트: 1)
[Turn 8, Step 32] Agent: 턴 종료

[Turn 8] === Opponent's Turn ===
[Turn 8, Step 32] Opponent: 카드 플레이 - Starving Buzzard (코스트: 5)
[Turn 8, Step 32] Opponent: 카드 플레이 - Skydiving Instructor (코스트: 3)
[Turn 8, Step 32] Opponent: 턴 종료
[Turn 9, Step 33] Agent: 공격 - Lightwarden[1/2] -> Frozen Crusher
[Turn 9, Step 34] Agent: 공격 - Chief Inspector[4/6] -> Deadscale Knight

--- Game State (Turn 9, Step 35) ---
Agent: Jaina Proudmoore HP: 25, Mana: 9/9
  Hand (5): Tentacled Menace, Bone Wraith, Chillmaw, Tasty Flyfish, Saronite Chain Gang
  Field: Swamp Dragon Egg[0/2], Fen Creeper[3/1], Chief Inspector[4/5]
Opponent: Rexxar HP: 20, Mana: 1/9
  Hand (4)
  Field: Frozen Crusher[8/5], Starving Buzzard[3/2], Skydiving Instructor[2/2]
[Turn 9, Step 35] Agent: 공격 - Fen Creeper[3/1] -> Frozen Crusher
[Turn 9, Step 36] Agent: 영웅 능력 사용 -> Chief Inspector
[Turn 9, Step 37] Agent: 카드 플레이 - Tentacled Menace (코스트: 5)
[Turn 9, Step 38] Agent: 카드 플레이 - Nozdormu (코스트: 2)
[Turn 9, Step 39] Agent: 턴 종료

[Turn 9] === Opponent's Turn ===
[Turn 9, Step 39] Opponent: 카드 플레이 - Doomcaller (코스트: 8)
[Turn 9, Step 39] Opponent: 공격 - Skydiving Instructor[2/2] -> Swamp Dragon Egg
[Turn 9, Step 39] Opponent: 영웅 능력 사용
[Turn 9, Step 39] Opponent: 공격 - Frozen Crusher[8/2] -> Tentacled Menace
[Turn 9, Step 39] Opponent: 공격 - Starving Buzzard[3/2] -> Jaina Proudmoore
[Turn 9, Step 39] Opponent: 턴 종료

--- Game State (Turn 10, Step 40) ---
Agent: Jaina Proudmoore HP: 20, Mana: 10/10
  Hand (6): Maexxna, Bone Wraith, Chillmaw, Tasty Flyfish, Saronite Chain Gang, Malygos, Aspect of Magic
  Field: Chief Inspector[4/4], Nozdormu[8/8]
Opponent: Rexxar HP: 20, Mana: 0/10
  Hand (5)
  Field: Starving Buzzard[3/2], Skydiving Instructor[2/2], Doomcaller[7/9]
[Turn 10, Step 40] Agent: 공격 - Chief Inspector[4/4] -> Starving Buzzard
[Turn 10, Step 41] Agent: 공격 - Nozdormu[8/8] -> Doomcaller
[Turn 10, Step 42] Agent: 영웅 능력 사용 -> Skydiving Instructor
[Turn 10, Step 43] Agent: 카드 플레이 - Maexxna (코스트: 6)
[Turn 10, Step 44] Agent: 카드 플레이 - Tasty Flyfish (코스트: 2)

--- Game State (Turn 10, Step 45) ---
Agent: Jaina Proudmoore HP: 20, Mana: 0/10
  Hand (4): Bone Wraith, Chillmaw, Saronite Chain Gang, Malygos, Aspect of Magic
  Field: Chief Inspector[4/1], Nozdormu[8/1], Maexxna[2/8], Tasty Flyfish[2/2]
Opponent: Rexxar HP: 20, Mana: 0/10
  Hand (5)
  Field: Skydiving Instructor[2/1], Doomcaller[7/1]
[Turn 10, Step 45] Agent: 턴 종료

[Turn 10] === Opponent's Turn ===
[Turn 10, Step 45] Opponent: 카드 플레이 - Giant Mastodon (코스트: 9)
[Turn 10, Step 45] Opponent: 공격 - Skydiving Instructor[2/1] -> Nozdormu
[Turn 10, Step 45] Opponent: 공격 - Doomcaller[7/1] -> Tasty Flyfish
[Turn 10, Step 45] Opponent: 턴 종료
[Turn 10, Step 46] Agent: 영웅 능력 사용 -> Giant Mastodon
[Turn 10, Step 47] Agent: 카드 플레이 - Bone Wraith (코스트: 4)
[Turn 10, Step 48] Agent: 카드 플레이 - Saronite Chain Gang (코스트: 4)
[Turn 10, Step 49] Agent: 공격 - Chief Inspector[4/1] -> Giant Mastodon

--- Game State (Turn 10, Step 50) ---
Agent: Jaina Proudmoore HP: 20, Mana: 0/10
  Hand (3): Chillmaw, Malygos, Aspect of Magic, Grook Fu Master
  Field: Maexxna[2/8], Bone Wraith[2/5], Saronite Chain Gang[2/3], Saronite Chain Gang[2/3]
Opponent: Rexxar HP: 20, Mana: 1/10
  Hand (5)
  Field: Giant Mastodon[6/5]
[Turn 10, Step 50] Agent: 공격 - Maexxna[2/8] -> Giant Mastodon
[Turn 10, Step 51] Agent: 턴 종료

[Turn 10] === Opponent's Turn ===
[Turn 10, Step 51] Opponent: 카드 플레이 - Rat Pack (코스트: 3)
[Turn 10, Step 51] Opponent: 카드 플레이 - Baited Arrow -> Jaina Proudmoore (코스트: 5)
[Turn 10, Step 51] Opponent: 영웅 능력 사용
[Turn 10, Step 51] Opponent: 턴 종료
[Turn 10, Step 52] Agent: 공격 - Bone Wraith[2/5] -> Rat Pack
[Turn 10, Step 53] Agent: 공격 - Maexxna[2/2] -> Rat Pack
[Turn 10, Step 54] Agent: 공격 - Saronite Chain Gang[2/3] -> Rat Pack

--- Game State (Turn 10, Step 55) ---
Agent: Jaina Proudmoore HP: 15, Mana: 10/10
  Hand (4): Chillmaw, Malygos, Aspect of Magic, Grook Fu Master, Gurubashi Berserker
  Field: Bone Wraith[2/3], Saronite Chain Gang[2/1], Saronite Chain Gang[2/3]
Opponent: Rexxar HP: 20, Mana: 0/10
  Hand (4)
  Field: Rat Pack[2/2], Rat Pack[2/2], Rat Pack[2/2], Rat Pack[2/2]
[Turn 10, Step 55] Agent: 공격 - Saronite Chain Gang[2/3] -> Rat Pack
[Turn 10, Step 56] Agent: 영웅 능력 사용 -> Rat Pack
[Turn 10, Step 57] Agent: 카드 플레이 - Chillmaw (코스트: 7)
[Turn 10, Step 58] Agent: 턴 종료

[Turn 10] === Opponent's Turn ===
[Turn 10, Step 58] Opponent: 카드 플레이 - N'Zoth, the Corruptor (코스트: 10)
[Turn 10, Step 58] Opponent: 공격 - Rat Pack[2/2] -> Saronite Chain Gang
[Turn 10, Step 58] Opponent: 공격 - Rat Pack[2/2] -> Saronite Chain Gang
[Turn 10, Step 58] Opponent: 공격 - Rat Pack[2/2] -> Chillmaw
[Turn 10, Step 58] Opponent: 공격 - Rat Pack[2/1] -> Bone Wraith
[Turn 10, Step 58] Opponent: 공격 - Rat Pack[2/2] -> Bone Wraith
[Turn 10, Step 58] Opponent: 턴 종료
[Turn 10, Step 59] Agent: 공격 - Chillmaw[6/4] -> Rat Pack

--- Game State (Turn 10, Step 60) ---
Agent: Jaina Proudmoore HP: 15, Mana: 10/10
  Hand (4): Malygos, Aspect of Magic, Grook Fu Master, Gurubashi Berserker, Dalaran Mage
  Field: Bone Wraith[2/1], Chillmaw[6/2]
Opponent: Rexxar HP: 20, Mana: 0/10
  Hand (4)
  Field: Rat Pack[2/2], Rat Pack[2/2], Rat Pack[2/2], Rat Pack[2/2], Rat Pack[2/2], N'Zoth, the Corruptor[5/7], Rat Pack[2/2]
[Turn 10, Step 60] Agent: 영웅 능력 사용 -> Rat Pack
[Turn 10, Step 61] Agent: 공격 - Bone Wraith[2/1] -> Rat Pack
[Turn 10, Step 62] Agent: 카드 플레이 - Malygos, Aspect of Magic (코스트: 5)
[Turn 10, Step 63] Agent: 카드 플레이 - Dalaran Mage (코스트: 3)
[Turn 10, Step 64] Agent: 턴 종료

[Turn 10] === Opponent's Turn ===
[Turn 10, Step 64] Opponent: 턴 종료

--- Game State (Turn 10, Step 65) ---
Agent: Jaina Proudmoore HP: 15, Mana: 10/10
  Hand (3): Grook Fu Master, Gurubashi Berserker, Oasis Snapjaw
  Field: Chillmaw[6/2], Malygos, Aspect of Magic[4/10], Dalaran Mage[1/4]
Opponent: Rexxar HP: 20, Mana: 10/10
  Hand (5)
  Field: Rat Pack[2/2], Rat Pack[2/2], Rat Pack[2/1], Rat Pack[2/2], Rat Pack[2/2], N'Zoth, the Corruptor[5/7], Rat Pack[2/2]
[Turn 10, Step 65] Agent: 공격 - Malygos, Aspect of Magic[4/10] -> Rat Pack
[Turn 10, Step 66] Agent: 공격 - Dalaran Mage[1/4] -> Rat Pack
[Turn 10, Step 67] Agent: 영웅 능력 사용 -> Rat Pack
[Turn 10, Step 68] Agent: 공격 - Chillmaw[6/2] -> N'Zoth, the Corruptor
[Turn 10, Step 69] Agent: 카드 플레이 - Grook Fu Master (코스트: 5)

--- Game State (Turn 10, Step 70) ---
Agent: Jaina Proudmoore HP: 15, Mana: 3/10
  Hand (2): Gurubashi Berserker, Oasis Snapjaw
  Field: Malygos, Aspect of Magic[4/8], Dalaran Mage[1/2], Grook Fu Master[3/5]
Opponent: Rexxar HP: 20, Mana: 10/10
  Hand (5)
  Field: Rat Pack[2/2], Rat Pack[2/2], Rat Pack[2/2], Rat Pack[2/2], Rat Pack[2/2], N'Zoth, the Corruptor[5/1], Rat Pack[2/2]
[Turn 10, Step 70] Agent: 턴 종료

[Turn 10] === Opponent's Turn ===
[Turn 10, Step 70] Opponent: 공격 - N'Zoth, the Corruptor[5/1] -> Dalaran Mage
[Turn 10, Step 70] Opponent: 카드 플레이 - Fight Promoter (코스트: 6)
[Turn 10, Step 70] Opponent: 공격 - Rat Pack[2/2] -> Grook Fu Master
[Turn 10, Step 70] Opponent: 턴 종료
[Turn 10, Step 71] Agent: 공격 - Grook Fu Master[3/3] -> Rat Pack
[Turn 10, Step 72] Agent: 공격 - Grook Fu Master[3/1] -> Rat Pack
[Turn 10, Step 73] Agent: 공격 - Malygos, Aspect of Magic[4/8] -> Rat Pack
[Turn 10, Step 74] Agent: 영웅 능력 사용 -> Fight Promoter

--- Game State (Turn 10, Step 75) ---
Agent: Jaina Proudmoore HP: 15, Mana: 8/10
  Hand (3): Gurubashi Berserker, Oasis Snapjaw, Keening Banshee
  Field: Malygos, Aspect of Magic[4/6]
Opponent: Rexxar HP: 20, Mana: 4/10
  Hand (5)
  Field: Rat Pack[2/2], Rat Pack[2/2], Rat Pack[2/2], Rat Pack[2/2], Rat Pack[2/2], Rat Pack[2/2], Fight Promoter[4/3]
[Turn 10, Step 75] Agent: 카드 플레이 - Gurubashi Berserker (코스트: 5)
[Turn 10, Step 76] Agent: 턴 종료

[Turn 10] === Opponent's Turn ===
[Turn 10, Step 76] Opponent: 공격 - Fight Promoter[4/3] -> Malygos, Aspect of Magic
[Turn 10, Step 76] Opponent: 카드 플레이 - Twilight Geomancer (코스트: 9)
[Turn 10, Step 76] Opponent: 공격 - Rat Pack[2/2] -> Gurubashi Berserker
[Turn 10, Step 76] Opponent: 공격 - Rat Pack[2/2] -> Malygos, Aspect of Magic
[Turn 10, Step 76] Opponent: 공격 - Rat Pack[2/2] -> Jaina Proudmoore
[Turn 10, Step 76] Opponent: 공격 - Rat Pack[2/2] -> Jaina Proudmoore
[Turn 10, Step 76] Opponent: 턴 종료
[Turn 10, Step 77] Agent: 영웅 능력 사용 -> Gurubashi Berserker
[Turn 10, Step 78] Agent: 카드 플레이 - Oasis Snapjaw (코스트: 4)
[Turn 10, Step 79] Agent: 카드 플레이 - Keening Banshee (코스트: 4)

--- Game State (Turn 10, Step 80) ---
Agent: Jaina Proudmoore HP: 11, Mana: 0/10
  Hand (1): Coldarra Drake
  Field: Gurubashi Berserker[8/4], Oasis Snapjaw[2/7], Keening Banshee[5/5]
Opponent: Rexxar HP: 20, Mana: 1/10
  Hand (5)
  Field: Rat Pack[2/2], Rat Pack[2/2], Rat Pack[2/2], Rat Pack[2/2], Rat Pack[2/2], Rat Pack[2/2], Twilight Geomancer[1/4]
[Turn 10, Step 80] Agent: 공격 - Gurubashi Berserker[8/4] -> Twilight Geomancer
[Turn 10, Step 81] Agent: 턴 종료

[Turn 10] === Opponent's Turn ===
[Turn 10, Step 81] Opponent: 공격 - Rat Pack[2/2] -> Jaina Proudmoore
[Turn 10, Step 81] Opponent: 공격 - Rat Pack[2/2] -> Oasis Snapjaw
[Turn 10, Step 81] Opponent: 공격 - Rat Pack[2/2] -> Keening Banshee
[Turn 10, Step 81] Opponent: 공격 - Rat Pack[2/2] -> Oasis Snapjaw
[Turn 10, Step 81] Opponent: 영웅 능력 사용
[Turn 10, Step 81] Opponent: 공격 - Rat Pack[2/2] -> Jaina Proudmoore
[Turn 10, Step 81] Opponent: 턴 종료
[Turn 10, Step 82] Agent: 공격 - Oasis Snapjaw[2/3] -> Rat Pack
[Turn 10, Step 83] Agent: 공격 - Keening Banshee[5/3] -> Rat Pack
[Turn 10, Step 84] Agent: 공격 - Gurubashi Berserker[11/3] -> Rexxar

--- Game State (Turn 10, Step 85) ---
Agent: Jaina Proudmoore HP: 5, Mana: 10/10
  Hand (2): Coldarra Drake, Burly Shovelfist
  Field: Gurubashi Berserker[11/3], Oasis Snapjaw[2/1], Keening Banshee[5/1]
Opponent: Rexxar HP: 9, Mana: 8/10
  Hand (6)
  Field: Rat Pack[2/2], Rat Pack[2/2], Rat Pack[2/2], Rat Pack[2/2], Rat Pack[2/2], Rat Pack[2/2], Rat Pack[2/2]
[Turn 10, Step 85] Agent: 영웅 능력 사용 -> Rat Pack
[Turn 10, Step 86] Agent: 카드 플레이 - Coldarra Drake (코스트: 6)
[Turn 10, Step 87] Agent: 턴 종료

[Turn 10] === Opponent's Turn ===
[Turn 10, Step 87] Opponent: 공격 - Rat Pack[2/2] -> Jaina Proudmoore
[Turn 10, Step 87] Opponent: 카드 플레이 - Play Dead -> Rat Pack (코스트: 1)
[Turn 10, Step 87] Opponent: 공격 - Rat Pack[2/2] -> Oasis Snapjaw
[Turn 10, Step 87] Opponent: 공격 - Rat Pack[2/2] -> Jaina Proudmoore
[Turn 10, Step 87] Opponent: 공격 - Rat Pack[2/2] -> Keening Banshee
[Turn 10, Step 87] Opponent: 공격 - Rat Pack[2/2] -> Coldarra Drake
[Turn 10, Step 87] Opponent: 영웅 능력 사용

--- Game State (Turn 10, Step 88) ---
Agent: Jaina Proudmoore HP: 0, Mana: 2/10
  Hand (1): Burly Shovelfist
  Field: Gurubashi Berserker[11/3], Coldarra Drake[6/4]
Opponent: Rexxar HP: 9, Mana: 7/10
  Hand (6)
  Field: Rat Pack[2/2], Rat Pack[2/2], Rat Pack[2/2], Rat Pack[2/2], Rat Pack[2/2], Rat Pack[2/2], Rat Pack[2/1]

============================================================
게임 종료 - Terminated: True, Truncated: False
승자: Opponent
============================================================

