============================================================
NEW GAME STARTED
Agent: HERO_08 vs Opponent: HERO_05
Action Masking: ON
Masking Expected: ON
============================================================
[Turn 1, Step 0] Agent: 턴 종료

[Turn 1] === Opponent's Turn ===
[Turn 1, Step 0] Opponent: 턴 종료
[Turn 2, Step 1] Agent: 턴 종료

[Turn 2] === Opponent's Turn ===
[Turn 2, Step 1] Opponent: 카드 플레이 - The Coin (코스트: 0)
[Turn 2, Step 1] Opponent: 카드 플레이 - Spawn of N'Zoth (코스트: 3)
[Turn 2, Step 1] Opponent: 턴 종료
[Turn 3, Step 2] Agent: 카드 플레이 - Mad Scientist (코스트: 2)
[Turn 3, Step 3] Agent: 턴 종료

[Turn 3] === Opponent's Turn ===
[Turn 3, Step 3] Opponent: 공격 - Spawn of N'Zoth[2/2] -> Mad Scientist
[Turn 3, Step 3] Opponent: 카드 플레이 - Shade of Naxxramas (코스트: 3)
[Turn 3, Step 3] Opponent: 턴 종료
[Turn 4, Step 4] Agent: 영웅 능력 사용 -> Jaina Proudmoore

--- Game State (Turn 4, Step 5) ---
Agent: Jaina Proudmoore HP: 29, Mana: 2/4
  Hand (6): Elise the Trailblazer, Licensed Adventurer, Faceless Manipulator, Alexstrasza, Mana Addict, Dragonhawk Rider
Opponent: Rexxar HP: 30, Mana: 0/3
  Hand (5)
  Field: Shade of Naxxramas[2/2]
[Turn 4, Step 5] Agent: 카드 플레이 - Licensed Adventurer (코스트: 2)
[Turn 4, Step 6] Agent: 턴 종료

[Turn 4] === Opponent's Turn ===
[Turn 4, Step 6] Opponent: 턴 종료
[Turn 5, Step 7] Agent: 영웅 능력 사용 -> Jaina Proudmoore
[Turn 5, Step 8] Agent: 카드 플레이 - Dread Raven (코스트: 3)
[Turn 5, Step 9] Agent: 공격 - Licensed Adventurer[3/2] -> Rexxar

--- Game State (Turn 5, Step 10) ---
Agent: Jaina Proudmoore HP: 28, Mana: 0/5
  Hand (5): Elise the Trailblazer, Faceless Manipulator, Alexstrasza, Mana Addict, Dragonhawk Rider
  Field: Licensed Adventurer[3/2], Dread Raven[6/4]
Opponent: Rexxar HP: 27, Mana: 4/4
  Hand (6)
  Field: Shade of Naxxramas[3/3]
[Turn 5, Step 10] Agent: 턴 종료

[Turn 5] === Opponent's Turn ===
[Turn 5, Step 10] Opponent: 공격 - Shade of Naxxramas[4/4] -> Licensed Adventurer
[Turn 5, Step 10] Opponent: 카드 플레이 - Dragonmaw Poacher (코스트: 4)
[Turn 5, Step 10] Opponent: 턴 종료
[Turn 6, Step 11] Agent: 카드 플레이 - Faceless Manipulator -> Shade of Naxxramas (코스트: 5)
[Turn 6, Step 12] Agent: 공격 - Dread Raven[6/4] -> Dragonmaw Poacher
[Turn 6, Step 13] Agent: 턴 종료

[Turn 6] === Opponent's Turn ===
[Turn 6, Step 13] Opponent: 턴 종료
[Turn 7, Step 14] Agent: 영웅 능력 사용 -> Jaina Proudmoore

--- Game State (Turn 7, Step 15) ---
Agent: Jaina Proudmoore HP: 27, Mana: 5/7
  Hand (6): Elise the Trailblazer, Alexstrasza, Mana Addict, Dragonhawk Rider, Arena Patron, Stegodon
  Field: Shade of Naxxramas[5/2]
Opponent: Rexxar HP: 27, Mana: 6/6
  Hand (7)
  Field: Shade of Naxxramas[5/2]
[Turn 7, Step 15] Agent: 공격 - Shade of Naxxramas[5/2] -> Shade of Naxxramas
[Turn 7, Step 16] Agent: 카드 플레이 - Stegodon (코스트: 4)
[Turn 7, Step 17] Agent: 턴 종료

[Turn 7] === Opponent's Turn ===
[Turn 7, Step 17] Opponent: 카드 플레이 - Boommaster Flark (코스트: 7)
[Turn 7, Step 17] Opponent: 턴 종료
[Turn 8, Step 18] Agent: 카드 플레이 - Dragonhawk Rider (코스트: 3)
[Turn 8, Step 19] Agent: 카드 플레이 - Arena Patron (코스트: 5)

--- Game State (Turn 8, Step 20) ---
Agent: Jaina Proudmoore HP: 27, Mana: 0/8
  Hand (4): Elise the Trailblazer, Alexstrasza, Mana Addict, Flight Master
  Field: Stegodon[2/6], Dragonhawk Rider[3/3], Arena Patron[3/3]
Opponent: Rexxar HP: 27, Mana: 0/7
  Hand (7)
  Field: Goblin Bomb[0/2], Goblin Bomb[0/2], Boommaster Flark[5/5], Goblin Bomb[0/2], Goblin Bomb[0/2]
[Turn 8, Step 20] Agent: 공격 - Stegodon[2/6] -> Goblin Bomb
[Turn 8, Step 21] Agent: 턴 종료

[Turn 8] === Opponent's Turn ===
[Turn 8, Step 21] Opponent: 카드 플레이 - Silver Hand Knight (코스트: 5)
[Turn 8, Step 21] Opponent: 카드 플레이 - Dalaran Librarian (코스트: 2)
[Turn 8, Step 21] Opponent: 공격 - Boommaster Flark[5/5] -> Stegodon
[Turn 8, Step 21] Opponent: 턴 종료
[Turn 9, Step 22] Agent: 영웅 능력 사용 -> Dalaran Librarian
[Turn 9, Step 23] Agent: 턴 종료

[Turn 9] === Opponent's Turn ===
[Turn 9, Step 23] Opponent: 영웅 능력 사용
[Turn 9, Step 23] Opponent: 공격 - Silver Hand Knight[4/4] -> Stegodon
[Turn 9, Step 23] Opponent: 공격 - Boommaster Flark[5/3] -> Jaina Proudmoore
[Turn 9, Step 23] Opponent: 턴 종료
[Turn 10, Step 24] Agent: 카드 플레이 - Elise the Trailblazer (코스트: 5)

--- Game State (Turn 10, Step 25) ---
Agent: Jaina Proudmoore HP: 18, Mana: 5/10
  Hand (5): Alexstrasza, Mana Addict, Flight Master, Skyfin, Drakonid Crusher
  Field: Dragonhawk Rider[3/3], Arena Patron[3/3], Elise the Trailblazer[5/5]
Opponent: Rexxar HP: 27, Mana: 7/9
  Hand (7)
  Field: Goblin Bomb[0/2], Boommaster Flark[5/3], Goblin Bomb[0/2], Goblin Bomb[0/2], Silver Hand Knight[4/2], Squire[2/2], Dalaran Librarian[2/2]
[Turn 10, Step 25] Agent: 공격 - Arena Patron[3/3] -> Dalaran Librarian
[Turn 10, Step 26] Agent: 공격 - Dragonhawk Rider[3/3] -> Goblin Bomb
[Turn 10, Step 27] Agent: 영웅 능력 사용 -> Dragonhawk Rider
[Turn 10, Step 28] Agent: 공격 - Dragonhawk Rider[3/2] -> Goblin Bomb
[Turn 10, Step 29] Agent: 카드 플레이 - Mana Addict (코스트: 2)

--- Game State (Turn 10, Step 30) ---
Agent: Jaina Proudmoore HP: 14, Mana: 1/10
  Hand (4): Alexstrasza, Flight Master, Skyfin, Drakonid Crusher
  Field: Dragonhawk Rider[3/2], Arena Patron[3/1], Arena Patron[3/3], Elise the Trailblazer[5/5], Mana Addict[1/3]
Opponent: Rexxar HP: 27, Mana: 7/9
  Hand (7)
  Field: Boommaster Flark[5/3], Goblin Bomb[0/2], Silver Hand Knight[4/2], Squire[2/2]
[Turn 10, Step 30] Agent: 턴 종료

[Turn 10] === Opponent's Turn ===
[Turn 10, Step 30] Opponent: 공격 - Squire[2/2] -> Arena Patron
[Turn 10, Step 30] Opponent: 공격 - Boommaster Flark[5/3] -> Mana Addict
[Turn 10, Step 30] Opponent: 턴 종료
[Turn 10, Step 31] Agent: 공격 - Arena Patron[3/1] -> Goblin Bomb
[Turn 10, Step 32] Agent: 턴 종료

[Turn 10] === Opponent's Turn ===
[Turn 10, Step 32] Opponent: 공격 - Boommaster Flark[5/2] -> Arena Patron
[Turn 10, Step 32] Opponent: 턴 종료
[Turn 10, Step 33] Agent: 공격 - Arena Patron[3/1] -> Rexxar
[Turn 10, Step 34] Agent: 공격 - Arena Patron[3/1] -> Rexxar

--- Game State (Turn 10, Step 35) ---
Agent: Jaina Proudmoore HP: 12, Mana: 10/10
  Hand (6): Alexstrasza, Flight Master, Skyfin, Drakonid Crusher, Murmy, King Togwaggle
  Field: Dragonhawk Rider[3/2], Arena Patron[3/1], Arena Patron[3/1], Elise the Trailblazer[5/5]
Opponent: Rexxar HP: 21, Mana: 10/10
  Hand (9)
  Field: Silver Hand Knight[4/2]
[Turn 10, Step 35] Agent: 공격 - Dragonhawk Rider[3/2] -> Rexxar
[Turn 10, Step 36] Agent: 턴 종료

[Turn 10] === Opponent's Turn ===
[Turn 10, Step 36] Opponent: 카드 플레이 - Hecklebot (코스트: 4)
[Turn 10, Step 36] Opponent: 카드 플레이 - Starving Buzzard (코스트: 5)
[Turn 10, Step 36] Opponent: 공격 - Silver Hand Knight[4/2] -> Arena Patron
[Turn 10, Step 36] Opponent: 턴 종료
[Turn 10, Step 37] Agent: 카드 플레이 - Un'Goro Pack (코스트: 2)
[Turn 10, Step 38] Agent: 영웅 능력 사용 -> Underbelly Ooze
[Turn 10, Step 39] Agent: 카드 플레이 - Drakonid Crusher (코스트: 6)

--- Game State (Turn 10, Step 40) ---
Agent: Jaina Proudmoore HP: 12, Mana: 0/10
  Hand (9): Alexstrasza, Flight Master, Skyfin, Murmy, King Togwaggle, Humongous Razorleaf, Verdant Longneck, King Mosh, Glacial Shard
  Field: Dragonhawk Rider[3/2], Underbelly Ooze[3/4], Underbelly Ooze[3/4], Arena Patron[3/1], Elise the Trailblazer[5/5], Drakonid Crusher[6/6]
Opponent: Rexxar HP: 18, Mana: 1/10
  Hand (8)
  Field: Hecklebot[3/8], Starving Buzzard[3/2]
[Turn 10, Step 40] Agent: 공격 - Arena Patron[3/1] -> Hecklebot
[Turn 10, Step 41] Agent: 공격 - Dragonhawk Rider[3/2] -> Hecklebot
[Turn 10, Step 42] Agent: 턴 종료

[Turn 10] === Opponent's Turn ===
[Turn 10, Step 42] Opponent: 턴 종료
[Turn 10, Step 43] Agent: 영웅 능력 사용 -> Drakonid Crusher
[Turn 10, Step 44] Agent: 카드 플레이 - Verdant Longneck (코스트: 5)

--- Game State (Turn 10, Step 45) ---
Agent: Jaina Proudmoore HP: 12, Mana: 3/10
  Hand (9): Alexstrasza, Flight Master, Skyfin, Murmy, King Togwaggle, Humongous Razorleaf, King Mosh, Glacial Shard, Force-Tank MAX
  Field: Underbelly Ooze[3/4], Underbelly Ooze[3/4], Elise the Trailblazer[5/5], Drakonid Crusher[6/5], Verdant Longneck[5/4]
Opponent: Rexxar HP: 18, Mana: 10/10
  Hand (9)
  Field: Hecklebot[3/2], Starving Buzzard[3/2]
[Turn 10, Step 45] Agent: 선택 - Volcanic Might
[Turn 10, Step 45] Agent: 턴 종료

[Turn 10] === Opponent's Turn ===
[Turn 10, Step 45] Opponent: 턴 종료
[Turn 10, Step 46] Agent: 영웅 능력 사용 -> Elise the Trailblazer
[Turn 10, Step 47] Agent: 카드 플레이 - Glacial Shard -> Hecklebot (코스트: 1)
[Turn 10, Step 48] Agent: 공격 - Verdant Longneck[6/5] -> Hecklebot
[Turn 10, Step 49] Agent: 공격 - Underbelly Ooze[3/4] -> Starving Buzzard

--- Game State (Turn 10, Step 50) ---
Agent: Jaina Proudmoore HP: 12, Mana: 7/10
  Hand (9): Alexstrasza, Flight Master, Skyfin, Murmy, King Togwaggle, Humongous Razorleaf, King Mosh, Force-Tank MAX, Gentle Megasaur
  Field: Underbelly Ooze[3/4], Underbelly Ooze[3/1], Underbelly Ooze[3/1], Elise the Trailblazer[5/4], Drakonid Crusher[6/5], Verdant Longneck[6/2], Glacial Shard[2/1]
Opponent: Rexxar HP: 18, Mana: 10/10
  Hand (10)
[Turn 10, Step 50] Agent: 공격 - Drakonid Crusher[6/5] -> Rexxar
[Turn 10, Step 51] Agent: 공격 - Underbelly Ooze[3/4] -> Rexxar
[Turn 10, Step 52] Agent: 공격 - Elise the Trailblazer[5/4] -> Rexxar
[Turn 10, Step 53] Agent: 턴 종료

[Turn 10] === Opponent's Turn ===
[Turn 10, Step 53] Opponent: 턴 종료
[Turn 10, Step 54] Agent: 영웅 능력 사용 -> Underbelly Ooze

--- Game State (Turn 10, Step 55) ---
Agent: Jaina Proudmoore HP: 12, Mana: 8/10
  Hand (10): Alexstrasza, Flight Master, Skyfin, Murmy, King Togwaggle, Humongous Razorleaf, King Mosh, Force-Tank MAX, Gentle Megasaur, Kooky Chemist
  Field: Underbelly Ooze[3/4], Underbelly Ooze[3/1], Elise the Trailblazer[5/4], Drakonid Crusher[6/5], Verdant Longneck[6/2], Glacial Shard[2/1]
Opponent: Rexxar HP: 4, Mana: 10/10
  Hand (10)
[Turn 10, Step 55] Agent: 카드 플레이 - Gentle Megasaur (코스트: 4)
[Turn 10, Step 56] Agent: 공격 - Underbelly Ooze[3/4] -> Rexxar
[Turn 10, Step 57] Agent: 공격 - Verdant Longneck[6/2] -> Rexxar

--- Game State (Turn 10, Step 58) ---
Agent: Jaina Proudmoore HP: 12, Mana: 4/10
  Hand (9): Alexstrasza, Flight Master, Skyfin, Murmy, King Togwaggle, Humongous Razorleaf, King Mosh, Force-Tank MAX, Kooky Chemist
  Field: Underbelly Ooze[3/4], Underbelly Ooze[3/1], Elise the Trailblazer[5/4], Drakonid Crusher[6/5], Verdant Longneck[6/2], Glacial Shard[2/1], Gentle Megasaur[5/4]
Opponent: Rexxar HP: 0, Mana: 10/10
  Hand (10)

============================================================
게임 종료 - Terminated: True, Truncated: False
승자: Agent
============================================================

