============================================================
NEW GAME STARTED
Agent: HERO_08 vs Opponent: HERO_05
Action Masking: OFF
============================================================
[Turn 1, Step 0] Agent: 유효하지 않은 액션 인덱스(56) → 0로 보정
[Turn 1, Step 0] Agent: 턴 종료

[Turn 1] === Opponent's Turn ===
[Turn 1, Step 0] Opponent: 카드 플레이 - The Coin (코스트: 0)
[Turn 1, Step 0] Opponent: 카드 플레이 - Ship's Cannon (코스트: 2)
[Turn 1, Step 0] Opponent: 카드 플레이 - Snowflipper Penguin (코스트: 0)
[Turn 1, Step 0] Opponent: 턴 종료
[Turn 2, Step 1] Agent: 유효하지 않은 액션 인덱스(58) → 2로 보정
[Turn 2, Step 1] Agent: 카드 플레이 - Wyrmrest Purifier (코스트: 2)
[Turn 2, Step 2] Agent: 유효하지 않은 액션 인덱스(98) → 0로 보정
[Turn 2, Step 2] Agent: 턴 종료

[Turn 2] === Opponent's Turn ===
[Turn 2, Step 2] Opponent: 공격 - Snowflipper Penguin[1/1] -> Jaina Proudmoore
[Turn 2, Step 2] Opponent: 공격 - Ship's Cannon[2/3] -> Wyrmrest Purifier
[Turn 2, Step 2] Opponent: 카드 플레이 - Blazing Battlemage (코스트: 1)
[Turn 2, Step 2] Opponent: 턴 종료
[Turn 3, Step 3] Agent: 유효하지 않은 액션 인덱스(11) → 3로 보정
[Turn 3, Step 3] Agent: 카드 플레이 - Unstable Portal (코스트: 2)
[Turn 3, Step 4] Agent: 유효하지 않은 액션 인덱스(69) → 0로 보정
[Turn 3, Step 4] Agent: 턴 종료

[Turn 3] === Opponent's Turn ===
[Turn 3, Step 4] Opponent: 턴 종료

--- Game State (Turn 4, Step 5) ---
Agent: Jaina Proudmoore HP: 29, Mana: 4/4
  Hand (6): Zayle, Shadow Cloak, Mountain Giant, Twisted Worgen, Arcanosmith, Maexxna, Forbidden Flame
Opponent: Rexxar HP: 30, Mana: 3/3
  Hand (4)
  Field: Snowflipper Penguin[1/1], Blazing Battlemage[2/2]
[Turn 4, Step 5] Agent: 유효하지 않은 액션 인덱스(56) → 1로 보정
[Turn 4, Step 5] Agent: 카드 플레이 - Zayle, Shadow Cloak (코스트: 2)
[Turn 4, Step 6] Agent: 유효하지 않은 액션 인덱스(77) → 7로 보정
[Turn 4, Step 6] Agent: 영웅 능력 사용 -> Snowflipper Penguin
[Turn 4, Step 7] Agent: 유효하지 않은 액션 인덱스(43) → 1로 보정
[Turn 4, Step 7] Agent: 카드 플레이 - Forbidden Flame -> Blazing Battlemage (코스트: 0)
[Turn 4, Step 8] Agent: 유효하지 않은 액션 인덱스(82) → 0로 보정
[Turn 4, Step 8] Agent: 턴 종료

[Turn 4] === Opponent's Turn ===
[Turn 4, Step 8] Opponent: 카드 플레이 - Corrosive Breath -> Blazing Battlemage (코스트: 2)
[Turn 4, Step 8] Opponent: 영웅 능력 사용
[Turn 4, Step 8] Opponent: 턴 종료
[Turn 5, Step 9] Agent: 유효하지 않은 액션 인덱스(73) → 1로 보정
[Turn 5, Step 9] Agent: 카드 플레이 - Twisted Worgen (코스트: 2)

--- Game State (Turn 5, Step 10) ---
Agent: Jaina Proudmoore HP: 27, Mana: 3/5
  Hand (4): Mountain Giant, Arcanosmith, Maexxna, Ice Block
  Field: Zayle, Shadow Cloak[3/2], Twisted Worgen[3/1]
Opponent: Rexxar HP: 30, Mana: 0/4
  Hand (4)
[Turn 5, Step 10] Agent: 유효하지 않은 액션 인덱스(89) → 1로 보정
[Turn 5, Step 10] Agent: 카드 플레이 - Maexxna (코스트: 3)
[Turn 5, Step 11] Agent: 유효하지 않은 액션 인덱스(80) → 0로 보정
[Turn 5, Step 11] Agent: 턴 종료

[Turn 5] === Opponent's Turn ===
[Turn 5, Step 11] Opponent: 카드 플레이 - Prince Valanar (코스트: 4)
[Turn 5, Step 11] Opponent: 턴 종료
[Turn 6, Step 12] Agent: 유효하지 않은 액션 인덱스(87) → 7로 보정
[Turn 6, Step 12] Agent: 영웅 능력 사용 -> Twisted Worgen
[Turn 6, Step 13] Agent: 공격 - Zayle, Shadow Cloak[3/2] -> Prince Valanar
[Turn 6, Step 14] Agent: 유효하지 않은 액션 인덱스(16) → 4로 보정
[Turn 6, Step 14] Agent: 공격 - Maexxna[2/8] -> Rexxar

--- Game State (Turn 6, Step 15) ---
Agent: Jaina Proudmoore HP: 27, Mana: 4/6
  Hand (4): Mountain Giant, Arcanosmith, Ice Block, Magic Dart Frog
  Field: Maexxna[2/8]
Opponent: Rexxar HP: 28, Mana: 1/5
  Hand (4)
  Field: Prince Valanar[4/1]
[Turn 6, Step 15] Agent: 유효하지 않은 액션 인덱스(66) → 2로 보정
[Turn 6, Step 15] Agent: 카드 플레이 - Ice Block (코스트: 3)
[Turn 6, Step 16] Agent: 유효하지 않은 액션 인덱스(49) → 0로 보정
[Turn 6, Step 16] Agent: 턴 종료

[Turn 6] === Opponent's Turn ===
[Turn 6, Step 16] Opponent: 턴 종료
[Turn 7, Step 17] Agent: 영웅 능력 사용 -> Rexxar
[Turn 7, Step 18] Agent: 유효하지 않은 액션 인덱스(9) → 2로 보정
[Turn 7, Step 18] Agent: 카드 플레이 - Magic Dart Frog (코스트: 2)
[Turn 7, Step 19] Agent: 유효하지 않은 액션 인덱스(42) → 0로 보정
[Turn 7, Step 19] Agent: 턴 종료

[Turn 7] === Opponent's Turn ===
[Turn 7, Step 19] Opponent: 영웅 능력 사용
[Turn 7, Step 19] Opponent: 카드 플레이 - Pint-Sized Summoner (코스트: 2)
[Turn 7, Step 19] Opponent: 카드 플레이 - Acidic Swamp Ooze (코스트: 2)
[Turn 7, Step 19] Opponent: 공격 - Prince Valanar[4/1] -> Jaina Proudmoore
[Turn 7, Step 19] Opponent: 턴 종료

--- Game State (Turn 8, Step 20) ---
Agent: Jaina Proudmoore HP: 21, Mana: 8/8
  Hand (4): Mountain Giant, Arcanosmith, Icicle, Magic Trick
  Field: Maexxna[2/8], Magic Dart Frog[1/3]
Opponent: Rexxar HP: 27, Mana: 1/7
  Hand (4)
  Field: Prince Valanar[4/1], Pint-Sized Summoner[2/2], Acidic Swamp Ooze[3/2]
[Turn 8, Step 20] Agent: 유효하지 않은 액션 인덱스(80) → 11로 보정
[Turn 8, Step 20] Agent: 영웅 능력 사용 -> Prince Valanar
[Turn 8, Step 21] Agent: 유효하지 않은 액션 인덱스(46) → 7로 보정
[Turn 8, Step 21] Agent: 공격 - Maexxna[2/8] -> Rexxar
[Turn 8, Step 22] Agent: 유효하지 않은 액션 인덱스(78) → 8로 보정
[Turn 8, Step 22] Agent: 공격 - Magic Dart Frog[1/3] -> Pint-Sized Summoner
[Turn 8, Step 23] Agent: 유효하지 않은 액션 인덱스(51) → 2로 보정
[Turn 8, Step 23] Agent: 카드 플레이 - Icicle -> Maexxna (코스트: 2)
[Turn 8, Step 24] Agent: 유효하지 않은 액션 인덱스(16) → 1로 보정
[Turn 8, Step 24] Agent: 카드 플레이 - Arcanosmith (코스트: 4)

--- Game State (Turn 8, Step 25) ---
Agent: Jaina Proudmoore HP: 21, Mana: 0/8
  Hand (2): Mountain Giant, Magic Trick
  Field: Maexxna[2/6], Magic Dart Frog[1/1], Arcanosmith[3/2], Animated Shield[0/5]
Opponent: Rexxar HP: 25, Mana: 1/7
  Hand (4)
  Field: Acidic Swamp Ooze[3/2]
[Turn 8, Step 25] Agent: 유효하지 않은 액션 인덱스(16) → 0로 보정
[Turn 8, Step 25] Agent: 턴 종료

[Turn 8] === Opponent's Turn ===
[Turn 8, Step 25] Opponent: 카드 플레이 - Twisted Worgen (코스트: 2)
[Turn 8, Step 25] Opponent: 턴 종료
[Turn 9, Step 26] Agent: 유효하지 않은 액션 인덱스(17) → 1로 보정
[Turn 9, Step 26] Agent: 카드 플레이 - Magic Trick (코스트: 1)
[Turn 9, Step 27] Agent: 선택 - Research Project
[Turn 9, Step 27] Agent: 유효하지 않은 액션 인덱스(69) → 5로 보정
[Turn 9, Step 27] Agent: 영웅 능력 사용 -> Maexxna
[Turn 9, Step 28] Agent: 유효하지 않은 액션 인덱스(36) → 4로 보정
[Turn 9, Step 28] Agent: 공격 - Magic Dart Frog[1/1] -> Rexxar
[Turn 9, Step 29] Agent: 유효하지 않은 액션 인덱스(61) → 1로 보정
[Turn 9, Step 29] Agent: 카드 플레이 - Research Project (코스트: 2)

--- Game State (Turn 9, Step 30) ---
Agent: Jaina Proudmoore HP: 21, Mana: 4/9
  Hand (4): Mountain Giant, Hex Lord Malacrass, Unstable Portal, Shooting Star
  Field: Maexxna[2/5], Magic Dart Frog[1/1], Arcanosmith[3/2], Animated Shield[0/5]
Opponent: Rexxar HP: 24, Mana: 6/8
  Hand (6)
  Field: Acidic Swamp Ooze[3/2]
[Turn 9, Step 30] Agent: 유효하지 않은 액션 인덱스(91) → 3로 보정
[Turn 9, Step 30] Agent: 카드 플레이 - Shooting Star -> Magic Dart Frog (코스트: 1)
[Turn 9, Step 31] Agent: 유효하지 않은 액션 인덱스(71) → 5로 보정
[Turn 9, Step 31] Agent: 공격 - Arcanosmith[3/1] -> Acidic Swamp Ooze
[Turn 9, Step 32] Agent: 유효하지 않은 액션 인덱스(62) → 2로 보정
[Turn 9, Step 32] Agent: 공격 - Maexxna[2/4] -> Rexxar
[Turn 9, Step 33] Agent: 유효하지 않은 액션 인덱스(64) → 0로 보정
[Turn 9, Step 33] Agent: 턴 종료

[Turn 9] === Opponent's Turn ===
[Turn 9, Step 33] Opponent: 카드 플레이 - Terrorguard Escapee (코스트: 3)
[Turn 9, Step 33] Opponent: 카드 플레이 - Mind Control Tech (코스트: 3)
[Turn 9, Step 33] Opponent: 카드 플레이 - Misdirection (코스트: 2)
[Turn 9, Step 33] Opponent: 턴 종료
[Turn 10, Step 34] Agent: 공격 - Huntress[1/1] -> Mind Control Tech

--- Game State (Turn 10, Step 35) ---
Agent: Jaina Proudmoore HP: 21, Mana: 10/10
  Hand (4): Mountain Giant, Hex Lord Malacrass, Unstable Portal, Molten Reflection
  Field: Maexxna[2/4], Animated Shield[0/5]
Opponent: Rexxar HP: 22, Mana: 1/9
  Hand (4)
  Field: Terrorguard Escapee[3/7], Mind Control Tech[3/2]
[Turn 10, Step 35] Agent: 유효하지 않은 액션 인덱스(18) → 3로 보정
[Turn 10, Step 35] Agent: 카드 플레이 - Unstable Portal (코스트: 2)
[Turn 10, Step 36] Agent: 유효하지 않은 액션 인덱스(53) → 11로 보정
[Turn 10, Step 36] Agent: 공격 - Maexxna[2/4] -> Rexxar
[Turn 10, Step 37] Agent: 유효하지 않은 액션 인덱스(62) → 2로 보정
[Turn 10, Step 37] Agent: 카드 플레이 - Molten Reflection -> Maexxna (코스트: 4)
[Turn 10, Step 38] Agent: 턴 종료

[Turn 10] === Opponent's Turn ===
[Turn 10, Step 38] Opponent: 공격 - Terrorguard Escapee[3/7] -> Animated Shield
[Turn 10, Step 38] Opponent: 턴 종료
[Turn 10, Step 39] Agent: 유효하지 않은 액션 인덱스(90) → 0로 보정
[Turn 10, Step 39] Agent: 턴 종료

[Turn 10] === Opponent's Turn ===
[Turn 10, Step 39] Opponent: 카드 플레이 - Cairne Bloodhoof (코스트: 6)
[Turn 10, Step 39] Opponent: 공격 - Terrorguard Escapee[3/7] -> Animated Shield
[Turn 10, Step 39] Opponent: 영웅 능력 사용
[Turn 10, Step 39] Opponent: 턴 종료

--- Game State (Turn 10, Step 40) ---
Agent: Jaina Proudmoore HP: 19, Mana: 10/10
  Hand (5): Mountain Giant, Hex Lord Malacrass, Hench-Clan Hogsteed, Arcane Blast, The Amazing Reno
  Field: Maexxna[2/1], Maexxna[2/1]
Opponent: Rexxar HP: 22, Mana: 2/10
  Hand (5)
  Field: Terrorguard Escapee[3/7], Cairne Bloodhoof[4/5]
[Turn 10, Step 40] Agent: 유효하지 않은 액션 인덱스(78) → 15로 보정
[Turn 10, Step 40] Agent: 공격 - Maexxna[2/1] -> Rexxar
[Turn 10, Step 41] Agent: 유효하지 않은 액션 인덱스(65) → 11로 보정
[Turn 10, Step 41] Agent: 영웅 능력 사용 -> Maexxna
[Turn 10, Step 42] Agent: 유효하지 않은 액션 인덱스(34) → 4로 보정
[Turn 10, Step 42] Agent: 카드 플레이 - Arcane Blast -> Terrorguard Escapee (코스트: 1)
[Turn 10, Step 43] Agent: 유효하지 않은 액션 인덱스(16) → 1로 보정
[Turn 10, Step 43] Agent: 카드 플레이 - Hench-Clan Hogsteed (코스트: 0)
[Turn 10, Step 44] Agent: 유효하지 않은 액션 인덱스(10) → 4로 보정
[Turn 10, Step 44] Agent: 공격 - Hench-Clan Hogsteed[2/1] -> Terrorguard Escapee

--- Game State (Turn 10, Step 45) ---
Agent: Jaina Proudmoore HP: 19, Mana: 7/10
  Hand (3): Mountain Giant, Hex Lord Malacrass, The Amazing Reno
  Field: Maexxna[2/1], Hench-Clan Squire[1/1]
Opponent: Rexxar HP: 20, Mana: 2/10
  Hand (5)
  Field: Terrorguard Escapee[3/3], Cairne Bloodhoof[4/5]
[Turn 10, Step 45] Agent: 유효하지 않은 액션 인덱스(98) → 2로 보정
[Turn 10, Step 45] Agent: 공격 - Maexxna[2/1] -> Terrorguard Escapee
[Turn 10, Step 46] Agent: 유효하지 않은 액션 인덱스(82) → 0로 보정
[Turn 10, Step 46] Agent: 턴 종료

[Turn 10] === Opponent's Turn ===
[Turn 10, Step 46] Opponent: 공격 - Cairne Bloodhoof[4/5] -> Jaina Proudmoore
[Turn 10, Step 46] Opponent: 카드 플레이 - Dragonqueen Alexstrasza (코스트: 9)
[Turn 10, Step 46] Opponent: 카드 플레이 - Dragonkin Sorcerer (코스트: 1)
[Turn 10, Step 46] Opponent: 턴 종료
[Turn 10, Step 47] Agent: 유효하지 않은 액션 인덱스(18) → 3로 보정
[Turn 10, Step 47] Agent: 카드 플레이 - The Amazing Reno (코스트: 10)
[Turn 10, Step 48] Agent: 유효하지 않은 액션 인덱스(30) → 0로 보정
[Turn 10, Step 48] Agent: 턴 종료

[Turn 10] === Opponent's Turn ===
[Turn 10, Step 48] Opponent: 턴 종료
[Turn 10, Step 49] Agent: 유효하지 않은 액션 인덱스(9) → 4로 보정
[Turn 10, Step 49] Agent: 카드 플레이 - Shimmering Tempest (코스트: 2)

--- Game State (Turn 10, Step 50) ---
Agent: The Amazing Reno HP: 15, Mana: 8/10
  Hand (3): Mountain Giant, Hex Lord Malacrass, Mana Giant
  Field: Shimmering Tempest[2/1]
Opponent: Rexxar HP: 20, Mana: 10/10
  Hand (7)
[Turn 10, Step 50] Agent: 유효하지 않은 액션 인덱스(77) → 2로 보정
[Turn 10, Step 50] Agent: 카드 플레이 - Mana Giant (코스트: 0)
[Turn 10, Step 51] Agent: 유효하지 않은 액션 인덱스(84) → 0로 보정
[Turn 10, Step 51] Agent: 턴 종료

[Turn 10] === Opponent's Turn ===
[Turn 10, Step 51] Opponent: 카드 플레이 - Vilefiend (코스트: 2)
[Turn 10, Step 51] Opponent: 카드 플레이 - Force-Tank MAX (코스트: 8)
[Turn 10, Step 51] Opponent: 턴 종료
[Turn 10, Step 52] Agent: 유효하지 않은 액션 인덱스(54) → 9로 보정
[Turn 10, Step 52] Agent: 공격 - Shimmering Tempest[2/1] -> Rexxar
[Turn 10, Step 53] Agent: 유효하지 않은 액션 인덱스(48) → 0로 보정
[Turn 10, Step 53] Agent: 턴 종료

[Turn 10] === Opponent's Turn ===
[Turn 10, Step 53] Opponent: 카드 플레이 - Menagerie Magician (코스트: 5)
[Turn 10, Step 53] Opponent: 턴 종료
[Turn 10, Step 54] Agent: 유효하지 않은 액션 인덱스(54) → 16로 보정
[Turn 10, Step 54] Agent: 공격 - Mana Giant[8/8] -> Vilefiend

--- Game State (Turn 10, Step 55) ---
Agent: The Amazing Reno HP: 15, Mana: 10/10
  Hand (4): Mountain Giant, Hex Lord Malacrass, Medivh's Valet, Volcanic Potion
  Field: Shimmering Tempest[2/1], Mana Giant[8/6]
Opponent: Rexxar HP: 20, Mana: 5/10
  Hand (6)
  Field: Force-Tank MAX[7/7], Menagerie Magician[4/4]
[Turn 10, Step 55] Agent: 유효하지 않은 액션 인덱스(77) → 12로 보정
[Turn 10, Step 55] Agent: 공격 - Shimmering Tempest[2/1] -> Menagerie Magician
[Turn 10, Step 56] Agent: 유효하지 않은 액션 인덱스(70) → 0로 보정
[Turn 10, Step 56] Agent: 턴 종료

[Turn 10] === Opponent's Turn ===
[Turn 10, Step 56] Opponent: 턴 종료
[Turn 10, Step 57] Agent: 유효하지 않은 액션 인덱스(50) → 0로 보정
[Turn 10, Step 57] Agent: 턴 종료

[Turn 10] === Opponent's Turn ===
[Turn 10, Step 57] Opponent: 턴 종료
[Turn 10, Step 58] Agent: 유효하지 않은 액션 인덱스(74) → 2로 보정
[Turn 10, Step 58] Agent: 카드 플레이 - Hex Lord Malacrass (코스트: 8)
[Turn 10, Step 59] Agent: 유효하지 않은 액션 인덱스(88) → 7로 보정
[Turn 10, Step 59] Agent: 카드 플레이 - Wyrmrest Purifier (코스트: 2)

--- Game State (Turn 10, Step 60) ---
Agent: The Amazing Reno HP: 15, Mana: 0/10
  Hand (9): Mountain Giant, Medivh's Valet, Volcanic Potion, Greater Arcane Missiles, Frost Nova, Babbling Book, Manic Soulcaster, Mountain Giant, Zayle, Shadow Cloak
  Field: Hex Lord Malacrass[5/5], Wyrmrest Purifier[3/2]
Opponent: Rexxar HP: 20, Mana: 10/10
  Hand (8)
  Field: Force-Tank MAX[7/7], Menagerie Magician[4/2]
[Turn 10, Step 60] Agent: 턴 종료

[Turn 10] === Opponent's Turn ===
[Turn 10, Step 60] Opponent: 카드 플레이 - Scavenging Hyena (코스트: 2)
[Turn 10, Step 60] Opponent: 턴 종료
[Turn 10, Step 61] Agent: 유효하지 않은 액션 인덱스(39) → 7로 보정
[Turn 10, Step 61] Agent: 카드 플레이 - Medivh's Valet -> Scavenging Hyena (코스트: 2)
[Turn 10, Step 62] Agent: 공격 - Devilsaur[5/5] -> Force-Tank MAX
[Turn 10, Step 63] Agent: 유효하지 않은 액션 인덱스(52) → 14로 보정
[Turn 10, Step 63] Agent: 카드 플레이 - Mountain Giant (코스트: 4)
[Turn 10, Step 64] Agent: 유효하지 않은 액션 인덱스(86) → 14로 보정
[Turn 10, Step 64] Agent: 카드 플레이 - Zayle, Shadow Cloak (코스트: 2)

--- Game State (Turn 10, Step 65) ---
Agent: The Amazing Reno HP: 15, Mana: 2/10
  Hand (7): Mountain Giant, Volcanic Potion, Greater Arcane Missiles, Frost Nova, Babbling Book, Dragon's Breath, Manic Soulcaster
  Field: Hex Lord Malacrass[5/5], Medivh's Valet[2/3], Mountain Giant[8/8], Zayle, Shadow Cloak[3/2]
Opponent: Rexxar HP: 20, Mana: 8/10
  Hand (8)
  Field: Force-Tank MAX[7/7], Menagerie Magician[4/2]
[Turn 10, Step 65] Agent: 유효하지 않은 액션 인덱스(26) → 1로 보정
[Turn 10, Step 65] Agent: 카드 플레이 - Babbling Book (코스트: 1)
[Turn 10, Step 66] Agent: 유효하지 않은 액션 인덱스(49) → 1로 보정
[Turn 10, Step 66] Agent: 공격 - Hex Lord Malacrass[5/5] -> Rexxar
[Turn 10, Step 67] Agent: 유효하지 않은 액션 인덱스(64) → 0로 보정
[Turn 10, Step 67] Agent: 턴 종료

[Turn 10] === Opponent's Turn ===
[Turn 10, Step 67] Opponent: 영웅 능력 사용
[Turn 10, Step 67] Opponent: 카드 플레이 - Hench-Clan Hogsteed (코스트: 2)
[Turn 10, Step 67] Opponent: 공격 - Force-Tank MAX[7/7] -> Medivh's Valet
[Turn 10, Step 67] Opponent: 공격 - Menagerie Magician[4/2] -> Zayle, Shadow Cloak
[Turn 10, Step 67] Opponent: 카드 플레이 - Mimiron's Head (코스트: 5)
[Turn 10, Step 67] Opponent: 공격 - Hench-Clan Hogsteed[2/1] -> Babbling Book
[Turn 10, Step 67] Opponent: 턴 종료
[Turn 10, Step 68] Agent: 유효하지 않은 액션 인덱스(80) → 2로 보정
[Turn 10, Step 68] Agent: 카드 플레이 - Volcanic Potion (코스트: 3)
[Turn 10, Step 69] Agent: 유효하지 않은 액션 인덱스(94) → 14로 보정
[Turn 10, Step 69] Agent: 공격 - Hex Lord Malacrass[5/3] -> Rexxar

--- Game State (Turn 10, Step 70) ---
Agent: The Amazing Reno HP: 15, Mana: 7/10
  Hand (7): Mountain Giant, Greater Arcane Missiles, Frost Nova, Dragon's Breath, Manic Soulcaster, Blast Wave, Arcane Amplifier
  Field: Hex Lord Malacrass[5/3], Mountain Giant[8/6]
Opponent: Rexxar HP: 10, Mana: 1/10
  Hand (7)
  Field: Force-Tank MAX[7/3], Mimiron's Head[4/3]
[Turn 10, Step 70] Agent: 공격 - Mountain Giant[8/6] -> Force-Tank MAX
[Turn 10, Step 71] Agent: 유효하지 않은 액션 인덱스(38) → 5로 보정
[Turn 10, Step 71] Agent: 카드 플레이 - Dragon's Breath -> The Amazing Reno (코스트: 1)
[Turn 10, Step 72] Agent: 유효하지 않은 액션 인덱스(42) → 2로 보정
[Turn 10, Step 72] Agent: 카드 플레이 - Manic Soulcaster -> Hex Lord Malacrass (코스트: 3)
[Turn 10, Step 73] Agent: 유효하지 않은 액션 인덱스(76) → 1로 보정
[Turn 10, Step 73] Agent: 카드 플레이 - Frost Nova (코스트: 3)
[Turn 10, Step 74] Agent: 유효하지 않은 액션 인덱스(58) → 0로 보정
[Turn 10, Step 74] Agent: 턴 종료

[Turn 10] === Opponent's Turn ===
[Turn 10, Step 74] Opponent: 영웅 능력 사용
[Turn 10, Step 74] Opponent: 턴 종료

--- Game State (Turn 10, Step 75) ---
Agent: The Amazing Reno HP: 15, Mana: 10/10
  Hand (6): Mountain Giant, Greater Arcane Missiles, Blast Wave, Inkmaster Solia, Arcane Amplifier, Magtheridon
  Field: Hex Lord Malacrass[5/3], Manic Soulcaster[3/4]
Opponent: Rexxar HP: 10, Mana: 8/10
  Hand (8)
  Field: Mimiron's Head[4/3]
[Turn 10, Step 75] Agent: 유효하지 않은 액션 인덱스(55) → 0로 보정
[Turn 10, Step 75] Agent: 턴 종료

[Turn 10] === Opponent's Turn ===
[Turn 10, Step 75] Opponent: 카드 플레이 - Troggzor the Earthinator (코스트: 7)
[Turn 10, Step 75] Opponent: 공격 - Mimiron's Head[4/3] -> Manic Soulcaster
[Turn 10, Step 75] Opponent: 턴 종료
[Turn 10, Step 76] Agent: 카드 플레이 - Frostbolt -> Rexxar (코스트: 2)
[Turn 10, Step 77] Agent: 유효하지 않은 액션 인덱스(30) → 0로 보정
[Turn 10, Step 77] Agent: 턴 종료

[Turn 10] === Opponent's Turn ===
[Turn 10, Step 77] Opponent: 공격 - Troggzor the Earthinator[6/6] -> The Amazing Reno
[Turn 10, Step 77] Opponent: 카드 플레이 - Doppelgangster (코스트: 5)
[Turn 10, Step 77] Opponent: 공격 - Burly Rockjaw Trogg[3/5] -> The Amazing Reno
[Turn 10, Step 77] Opponent: 턴 종료
[Turn 10, Step 78] Agent: 유효하지 않은 액션 인덱스(80) → 10로 보정
[Turn 10, Step 78] Agent: 공격 - Hex Lord Malacrass[5/3] -> Burly Rockjaw Trogg
[Turn 10, Step 79] Agent: 카드 플레이 - Meteorologist (코스트: 6)

--- Game State (Turn 10, Step 80) ---
Agent: The Amazing Reno HP: 8, Mana: 4/10
  Hand (6): Tome of Intellect, Greater Arcane Missiles, Inkmaster Solia, Mountain Giant, Hex Lord Malacrass, Magtheridon
  Field: Meteorologist[3/3]
Opponent: Rexxar HP: 7, Mana: 5/10
  Hand (8)
  Field: Doppelgangster[2/2], Doppelgangster[2/1]
[Turn 10, Step 80] Agent: 유효하지 않은 액션 인덱스(17) → 2로 보정
[Turn 10, Step 80] Agent: 카드 플레이 - Magtheridon (코스트: 4)
[Turn 10, Step 81] Agent: 유효하지 않은 액션 인덱스(64) → 0로 보정
[Turn 10, Step 81] Agent: 턴 종료

[Turn 10] === Opponent's Turn ===
[Turn 10, Step 81] Opponent: 턴 종료
[Turn 10, Step 82] Agent: 유효하지 않은 액션 인덱스(39) → 11로 보정
[Turn 10, Step 82] Agent: 공격 - Hex Lord Malacrass[5/5] -> Doppelgangster
[Turn 10, Step 83] Agent: 유효하지 않은 액션 인덱스(45) → 7로 보정
[Turn 10, Step 83] Agent: 공격 - Meteorologist[3/3] -> Hellfire Warder
[Turn 10, Step 84] Agent: 유효하지 않은 액션 인덱스(55) → 7로 보정
[Turn 10, Step 84] Agent: 공격 - Mountain Giant[8/8] -> Hellfire Warder

--- Game State (Turn 10, Step 85) ---
Agent: The Amazing Reno HP: 8, Mana: 10/10
  Hand (3): Tome of Intellect, Greater Arcane Missiles, Blast Wave
  Field: Meteorologist[3/2], Magtheridon[12/12], Hex Lord Malacrass[5/3], Mountain Giant[8/7], Inkmaster Solia[5/5]
Opponent: Rexxar HP: 7, Mana: 10/10
  Hand (9)
  Field: Doppelgangster[2/1], Hellfire Warder[1/3]
[Turn 10, Step 85] Agent: 유효하지 않은 액션 인덱스(51) → 2로 보정
[Turn 10, Step 85] Agent: 카드 플레이 - Greater Arcane Missiles (코스트: 7)
[Turn 10, Step 86] Agent: 유효하지 않은 액션 인덱스(7) → 1로 보정
[Turn 10, Step 86] Agent: 카드 플레이 - Tome of Intellect (코스트: 1)
[Turn 10, Step 87] Agent: 유효하지 않은 액션 인덱스(33) → 1로 보정
[Turn 10, Step 87] Agent: 공격 - Inkmaster Solia[5/5] -> Rexxar

--- Game State (Turn 10, Step 88) ---
Agent: The Amazing Reno HP: 8, Mana: 2/10
  Hand (2): Blast Wave, Breath of Sindragosa
  Field: Meteorologist[3/2], Magtheridon[12/12], Hex Lord Malacrass[5/3], Mountain Giant[8/7], Inkmaster Solia[5/5]
Opponent: Rexxar HP: 0, Mana: 10/10
  Hand (9)

============================================================
게임 종료 - Terminated: True, Truncated: False
승자: Agent
============================================================

