============================================================
NEW GAME STARTED
Agent: HERO_08 vs Opponent: HERO_05
Action Masking: ON
Masking Expected: ON
============================================================

[Turn 1] === Opponent's Turn ===
[Turn 1, Step 0] Opponent: 턴 종료
[Turn 1, Step 1] Agent: 카드 플레이 - Freezing Potion -> Rexxar (코스트: 0)
[Turn 1, Step 2] Agent: 카드 플레이 - The Coin (코스트: 0)
[Turn 1, Step 3] Agent: 카드 플레이 - Mad Scientist (코스트: 2)
[Turn 1, Step 4] Agent: 턴 종료

[Turn 1] === Opponent's Turn ===
[Turn 1, Step 4] Opponent: 카드 플레이 - Lorewalker Cho (코스트: 2)
[Turn 1, Step 4] Opponent: 턴 종료

--- Game State (Turn 2, Step 5) ---
Agent: Jaina Proudmoore HP: 30, Mana: 2/2
  Hand (4): Arcane Explosion, Steam Surger, Captured Jormungar, Rustsworn Initiate
  Field: Mad Scientist[2/2]
Opponent: Rexxar HP: 30, Mana: 0/2
  Hand (4)
  Field: Lorewalker Cho[0/4]
[Turn 2, Step 5] Agent: 영웅 능력 사용 -> Rexxar
[Turn 2, Step 6] Agent: 턴 종료

[Turn 2] === Opponent's Turn ===
[Turn 2, Step 6] Opponent: 턴 종료
[Turn 3, Step 7] Agent: 공격 - Mad Scientist[2/2] -> Rexxar
[Turn 3, Step 8] Agent: 카드 플레이 - Rustsworn Initiate (코스트: 2)
[Turn 3, Step 9] Agent: 카드 플레이 - Sir Finley Mrrgglton (코스트: 1)

--- Game State (Turn 3, Step 10) ---
Agent: Jaina Proudmoore HP: 30, Mana: 0/3
  Hand (3): Arcane Explosion, Steam Surger, Captured Jormungar
  Field: Mad Scientist[2/2], Rustsworn Initiate[2/2], Sir Finley Mrrgglton[1/3]
Opponent: Rexxar HP: 27, Mana: 3/3
  Hand (5)
  Field: Lorewalker Cho[0/4]
[Turn 3, Step 10] Agent: 선택 - Armor Up!
[Turn 3, Step 10] Agent: 턴 종료

[Turn 3] === Opponent's Turn ===
[Turn 3, Step 10] Opponent: 카드 플레이 - Bone Wraith (코스트: 4)
[Turn 3, Step 10] Opponent: 턴 종료
[Turn 4, Step 11] Agent: 카드 플레이 - Microtech Controller (코스트: 3)
[Turn 4, Step 12] Agent: 공격 - Rustsworn Initiate[2/2] -> Bone Wraith
[Turn 4, Step 13] Agent: 공격 - Sir Finley Mrrgglton[1/3] -> Bone Wraith
[Turn 4, Step 14] Agent: 공격 - Mad Scientist[2/2] -> Bone Wraith

--- Game State (Turn 4, Step 15) ---
Agent: Jaina Proudmoore HP: 30, Mana: 1/4
  Hand (3): Arcane Explosion, Steam Surger, Captured Jormungar
  Field: Impcaster[1/1], Sir Finley Mrrgglton[1/1], Microbot[1/1], Microtech Controller[2/1], Microbot[1/1]
Opponent: Rexxar HP: 27, Mana: 0/4
  Hand (5)
  Field: Lorewalker Cho[0/4], Bone Wraith[2/1]
[Turn 4, Step 15] Agent: 턴 종료

[Turn 4] === Opponent's Turn ===
[Turn 4, Step 15] Opponent: 카드 플레이 - Blackwing Corruptor (코스트: 5)
[Turn 4, Step 15] Opponent: 공격 - Bone Wraith[2/1] -> Microtech Controller
[Turn 4, Step 15] Opponent: 턴 종료
[Turn 5, Step 16] Agent: 공격 - Sir Finley Mrrgglton[1/1] -> Lorewalker Cho
[Turn 5, Step 17] Agent: 영웅 능력 사용
[Turn 5, Step 18] Agent: 공격 - Microbot[1/1] -> Rexxar
[Turn 5, Step 19] Agent: 공격 - Microbot[1/1] -> Rexxar

--- Game State (Turn 5, Step 20) ---
Agent: Jaina Proudmoore HP: 30, Mana: 3/5
  Hand (4): Arcane Explosion, Steam Surger, Captured Jormungar, Sleepy Dragon
  Field: Impcaster[1/1], Sir Finley Mrrgglton[1/1], Microbot[1/1], Microbot[1/1]
Opponent: Rexxar HP: 25, Mana: 0/5
  Hand (5)
  Field: Lorewalker Cho[0/3], Blackwing Corruptor[5/4]
[Turn 5, Step 20] Agent: 공격 - Impcaster[1/1] -> Blackwing Corruptor
[Turn 5, Step 21] Agent: 카드 플레이 - Arcane Explosion (코스트: 2)
[Turn 5, Step 22] Agent: 턴 종료

[Turn 5] === Opponent's Turn ===
[Turn 5, Step 22] Opponent: 카드 플레이 - Ramkahen Wildtamer (코스트: 3)
[Turn 5, Step 22] Opponent: 턴 종료
[Turn 6, Step 23] Agent: 공격 - Microbot[1/1] -> Ramkahen Wildtamer
[Turn 6, Step 24] Agent: 공격 - Microbot[1/1] -> Lorewalker Cho

--- Game State (Turn 6, Step 25) ---
Agent: Jaina Proudmoore HP: 30, Mana: 6/6
  Hand (4): Steam Surger, Captured Jormungar, Sleepy Dragon, Primordial Drake
  Field: Sir Finley Mrrgglton[1/1], Microbot[1/1]
Opponent: Rexxar HP: 25, Mana: 3/6
  Hand (6)
  Field: Lorewalker Cho[0/1], Blackwing Corruptor[5/2], Ramkahen Wildtamer[4/2]
[Turn 6, Step 25] Agent: 공격 - Sir Finley Mrrgglton[1/1] -> Rexxar
[Turn 6, Step 26] Agent: 카드 플레이 - Steam Surger (코스트: 4)
[Turn 6, Step 27] Agent: 영웅 능력 사용
[Turn 6, Step 28] Agent: 턴 종료

[Turn 6] === Opponent's Turn ===
[Turn 6, Step 28] Opponent: 공격 - Ramkahen Wildtamer[4/2] -> Microbot
[Turn 6, Step 28] Opponent: 카드 플레이 - Crystallizer (코스트: 1)
[Turn 6, Step 28] Opponent: 카드 플레이 - Cairne Bloodhoof (코스트: 6)
[Turn 6, Step 28] Opponent: 공격 - Blackwing Corruptor[5/2] -> Jaina Proudmoore
[Turn 6, Step 28] Opponent: 턴 종료
[Turn 7, Step 29] Agent: 영웅 능력 사용

--- Game State (Turn 7, Step 30) ---
Agent: Jaina Proudmoore HP: 29, Mana: 5/7
  Hand (4): Captured Jormungar, Sleepy Dragon, Primordial Drake, Shieldbearer
  Field: Sir Finley Mrrgglton[1/1], Steam Surger[5/4]
Opponent: Rexxar HP: 19, Mana: 0/7
  Hand (5)
  Field: Lorewalker Cho[0/1], Blackwing Corruptor[5/2], Ramkahen Wildtamer[4/1], Crystallizer[1/3], Cairne Bloodhoof[4/5]
[Turn 7, Step 30] Agent: 카드 플레이 - Shieldbearer (코스트: 1)
[Turn 7, Step 31] Agent: 공격 - Sir Finley Mrrgglton[1/1] -> Lorewalker Cho
[Turn 7, Step 32] Agent: 공격 - Steam Surger[5/4] -> Cairne Bloodhoof
[Turn 7, Step 33] Agent: 턴 종료

[Turn 7] === Opponent's Turn ===
[Turn 7, Step 33] Opponent: 카드 플레이 - Barista Lynchen (코스트: 5)
[Turn 7, Step 33] Opponent: 턴 종료
[Turn 8, Step 34] Agent: 공격 - Sir Finley Mrrgglton[1/1] -> Barista Lynchen

--- Game State (Turn 8, Step 35) ---
Agent: Jaina Proudmoore HP: 29, Mana: 8/8
  Hand (4): Captured Jormungar, Sleepy Dragon, Primordial Drake, Fungalmancer
  Field: Shieldbearer[0/4]
Opponent: Rexxar HP: 19, Mana: 3/8
  Hand (7)
  Field: Blackwing Corruptor[5/2], Ramkahen Wildtamer[4/1], Crystallizer[1/3], Baine Bloodhoof[4/5], Barista Lynchen[4/4]
[Turn 8, Step 35] Agent: 카드 플레이 - Captured Jormungar (코스트: 7)
[Turn 8, Step 36] Agent: 턴 종료

[Turn 8] === Opponent's Turn ===
[Turn 8, Step 36] Opponent: 영웅 능력 사용
[Turn 8, Step 36] Opponent: 공격 - Baine Bloodhoof[4/5] -> Shieldbearer
[Turn 8, Step 36] Opponent: 카드 플레이 - Stubborn Gastropod (코스트: 2)
[Turn 8, Step 36] Opponent: 카드 플레이 - Teron Gorefiend (코스트: 3)
[Turn 8, Step 36] Opponent: 턴 종료
[Turn 9, Step 37] Agent: 카드 플레이 - Sleepy Dragon (코스트: 9)
[Turn 9, Step 38] Agent: 공격 - Captured Jormungar[5/9] -> Teron Gorefiend
[Turn 9, Step 39] Agent: 턴 종료

[Turn 9] === Opponent's Turn ===
[Turn 9, Step 39] Opponent: 카드 플레이 - Explodinator (코스트: 4)
[Turn 9, Step 39] Opponent: 공격 - Ramkahen Wildtamer[5/4] -> Sleepy Dragon
[Turn 9, Step 39] Opponent: 카드 플레이 - Explodinator (코스트: 4)
[Turn 9, Step 39] Opponent: 공격 - Blackwing Corruptor[6/5] -> Sleepy Dragon
[Turn 9, Step 39] Opponent: 공격 - Barista Lynchen[5/6] -> Sleepy Dragon
[Turn 9, Step 39] Opponent: 공격 - Baine Bloodhoof[5/6] -> Captured Jormungar
[Turn 9, Step 39] Opponent: 카드 플레이 - Arcane Explosion (코스트: 2)
[Turn 9, Step 39] Opponent: 공격 - Stubborn Gastropod[2/3] -> Jaina Proudmoore
[Turn 9, Step 39] Opponent: 공격 - Crystallizer[2/4] -> Jaina Proudmoore
[Turn 9, Step 39] Opponent: 턴 종료

--- Game State (Turn 10, Step 40) ---
Agent: Jaina Proudmoore HP: 25, Mana: 10/10
  Hand (4): Primordial Drake, Fungalmancer, Ancient of Blossoms, Faceless Rager
Opponent: Rexxar HP: 19, Mana: 0/10
  Hand (4)
  Field: Blackwing Corruptor[6/1], Crystallizer[2/4], Baine Bloodhoof[5/1], Barista Lynchen[5/2], Stubborn Gastropod[2/3], Explodinator[3/2], Explodinator[3/2]
[Turn 10, Step 40] Agent: 영웅 능력 사용
[Turn 10, Step 41] Agent: 카드 플레이 - Primordial Drake (코스트: 8)
[Turn 10, Step 42] Agent: 턴 종료

[Turn 10] === Opponent's Turn ===
[Turn 10, Step 42] Opponent: 카드 플레이 - Teron Gorefiend (코스트: 3)
[Turn 10, Step 42] Opponent: 카드 플레이 - Baron Geddon (코스트: 7)
[Turn 10, Step 42] Opponent: 턴 종료
[Turn 10, Step 43] Agent: 공격 - Primordial Drake[4/4] -> Teron Gorefiend
[Turn 10, Step 44] Agent: 카드 플레이 - Fungalmancer (코스트: 5)

--- Game State (Turn 10, Step 45) ---
Agent: Jaina Proudmoore HP: 25, Mana: 5/10
  Hand (3): Ancient of Blossoms, Faceless Rager, Furnacefire Colossus
  Field: Primordial Drake[6/3], Fungalmancer[2/2]
Opponent: Rexxar HP: 19, Mana: 0/10
  Hand (3)
  Field: Baron Geddon[7/5], Crystallizer[3/5], Stubborn Gastropod[3/4]
[Turn 10, Step 45] Agent: 영웅 능력 사용
[Turn 10, Step 46] Agent: 카드 플레이 - Faceless Rager -> Primordial Drake (코스트: 3)
[Turn 10, Step 47] Agent: 턴 종료

[Turn 10] === Opponent's Turn ===
[Turn 10, Step 47] Opponent: 카드 플레이 - Thunder Lizard (코스트: 3)
[Turn 10, Step 47] Opponent: 선택 - Living Spores
[Turn 10, Step 47] Opponent: 카드 플레이 - The Beast Within -> Stubborn Gastropod (코스트: 1)
[Turn 10, Step 47] Opponent: 공격 - Baron Geddon[7/5] -> Primordial Drake
[Turn 10, Step 47] Opponent: 카드 플레이 - Ancient Mage (코스트: 4)
[Turn 10, Step 47] Opponent: 영웅 능력 사용
[Turn 10, Step 47] Opponent: 공격 - Crystallizer[3/5] -> Fungalmancer
[Turn 10, Step 47] Opponent: 턴 종료
[Turn 10, Step 48] Agent: 카드 플레이 - Furnacefire Colossus (코스트: 6)
[Turn 10, Step 49] Agent: 영웅 능력 사용

--- Game State (Turn 10, Step 50) ---
Agent: Jaina Proudmoore HP: 25, Mana: 2/10
  Hand (2): Ancient of Blossoms, Bonemare
  Field: Furnacefire Colossus[6/6]
Opponent: Rexxar HP: 19, Mana: 0/10
  Hand (1)
  Field: Crystallizer[3/3], Thunder Lizard[3/3], Ancient Mage[2/5]
[Turn 10, Step 50] Agent: 턴 종료

[Turn 10] === Opponent's Turn ===
[Turn 10, Step 50] Opponent: 카드 플레이 - Cheaty Anklebiter -> Thunder Lizard (코스트: 2)
[Turn 10, Step 50] Opponent: 공격 - Crystallizer[3/3] -> Furnacefire Colossus
[Turn 10, Step 50] Opponent: 영웅 능력 사용
[Turn 10, Step 50] Opponent: 카드 플레이 - The Skeleton Knight (코스트: 6)
[Turn 10, Step 50] Opponent: 공격 - Thunder Lizard[3/2] -> Furnacefire Colossus
[Turn 10, Step 50] Opponent: 턴 종료
[Turn 10, Step 51] Agent: 카드 플레이 - Ancient of Blossoms (코스트: 6)
[Turn 10, Step 52] Agent: 턴 종료

[Turn 10] === Opponent's Turn ===
[Turn 10, Step 52] Opponent: 공격 - Ancient Mage[2/5] -> Ancient of Blossoms
[Turn 10, Step 52] Opponent: 공격 - The Skeleton Knight[7/4] -> Ancient of Blossoms
[Turn 10, Step 52] Opponent: 영웅 능력 사용
[Turn 10, Step 52] Opponent: 턴 종료
[Turn 10, Step 53] Agent: 턴 종료

[Turn 10] === Opponent's Turn ===
[Turn 10, Step 53] Opponent: 공격 - The Skeleton Knight[7/1] -> Jaina Proudmoore
[Turn 10, Step 53] Opponent: 공격 - Cheaty Anklebiter[2/1] -> Jaina Proudmoore
[Turn 10, Step 53] Opponent: 공격 - Ancient Mage[2/2] -> Jaina Proudmoore
[Turn 10, Step 53] Opponent: 카드 플레이 - Kooky Chemist -> Ancient Mage (코스트: 4)
[Turn 10, Step 53] Opponent: 턴 종료
[Turn 10, Step 54] Agent: 카드 플레이 - Sandbinder (코스트: 4)

--- Game State (Turn 10, Step 55) ---
Agent: Jaina Proudmoore HP: 12, Mana: 6/10
  Hand (4): Bonemare, Stonehill Defender, Kel'Thuzad, Celestial Emissary
  Field: Sandbinder[2/4]
Opponent: Rexxar HP: 22, Mana: 6/10
  Hand (1)
  Field: Ancient Mage[2/2], Cheaty Anklebiter[2/1], The Skeleton Knight[7/1], Kooky Chemist[4/4]
[Turn 10, Step 55] Agent: 영웅 능력 사용
[Turn 10, Step 56] Agent: 카드 플레이 - Stonehill Defender (코스트: 3)
[Turn 10, Step 57] Agent: 선택 - Infested Tauren
[Turn 10, Step 57] Agent: 턴 종료

[Turn 10] === Opponent's Turn ===
[Turn 10, Step 57] Opponent: 카드 플레이 - Medivh, the Guardian (코스트: 8)
[Turn 10, Step 57] Opponent: 공격 - Rexxar[1/22] -> Stonehill Defender
[Turn 10, Step 57] Opponent: 공격 - The Skeleton Knight[7/1] -> Stonehill Defender
[Turn 10, Step 57] Opponent: 공격 - Ancient Mage[2/2] -> Jaina Proudmoore
[Turn 10, Step 57] Opponent: 공격 - Kooky Chemist[4/4] -> Jaina Proudmoore
[Turn 10, Step 57] Opponent: 영웅 능력 사용
[Turn 10, Step 57] Opponent: 공격 - Cheaty Anklebiter[2/1] -> Jaina Proudmoore
[Turn 10, Step 57] Opponent: 턴 종료
[Turn 10, Step 58] Agent: 공격 - Sandbinder[2/4] -> Kooky Chemist
[Turn 10, Step 59] Agent: 카드 플레이 - Bonemare (코스트: 8)

--- Game State (Turn 10, Step 60) ---
Agent: Jaina Proudmoore HP: 4, Mana: 2/10
  Hand (4): Kel'Thuzad, Celestial Emissary, Infested Tauren, Dragonmaw Sky Stalker
  Field: Bonemare[5/5]
Opponent: Rexxar HP: 24, Mana: 0/10
  Hand (1)
  Field: Ancient Mage[2/2], Cheaty Anklebiter[2/1], Kooky Chemist[4/2], Medivh, the Guardian[7/7]
[Turn 10, Step 60] Agent: 영웅 능력 사용
[Turn 10, Step 61] Agent: 턴 종료

[Turn 10] === Opponent's Turn ===
[Turn 10, Step 61] Opponent: 공격 - Medivh, the Guardian[7/7] -> Bonemare
[Turn 10, Step 61] Opponent: 공격 - Ancient Mage[2/2] -> Jaina Proudmoore
[Turn 10, Step 61] Opponent: 카드 플레이 - Gentle Megasaur (코스트: 4)
[Turn 10, Step 61] Opponent: 공격 - Cheaty Anklebiter[2/1] -> Jaina Proudmoore
[Turn 10, Step 61] Opponent: 턴 종료
[Turn 10, Step 62] Agent: 카드 플레이 - Dragonmaw Sky Stalker (코스트: 6)
[Turn 10, Step 63] Agent: 카드 플레이 - Deadscale Knight (코스트: 1)
[Turn 10, Step 64] Agent: 카드 플레이 - Celestial Emissary (코스트: 2)

--- Game State (Turn 10, Step 65) ---
Agent: Jaina Proudmoore HP: 2, Mana: 1/10
  Hand (2): Kel'Thuzad, Infested Tauren
  Field: Dragonmaw Sky Stalker[5/6], Deadscale Knight[1/1], Celestial Emissary[2/1]
Opponent: Rexxar HP: 26, Mana: 6/10
  Hand (1)
  Field: Ancient Mage[2/2], Cheaty Anklebiter[2/1], Kooky Chemist[4/2], Medivh, the Guardian[7/2], Gentle Megasaur[5/4]
[Turn 10, Step 65] Agent: 턴 종료

[Turn 10] === Opponent's Turn ===
[Turn 10, Step 65] Opponent: 공격 - Rexxar[1/26] -> Celestial Emissary
[Turn 10, Step 65] Opponent: 공격 - Ancient Mage[2/2] -> Dragonmaw Sky Stalker
[Turn 10, Step 65] Opponent: 카드 플레이 - Blood Knight (코스트: 3)
[Turn 10, Step 65] Opponent: 카드 플레이 - Pack Tactics (코스트: 2)
[Turn 10, Step 65] Opponent: 공격 - Medivh, the Guardian[7/2] -> Deadscale Knight
[Turn 10, Step 65] Opponent: 공격 - Gentle Megasaur[5/4] -> Dragonmaw Sky Stalker
[Turn 10, Step 65] Opponent: 공격 - Kooky Chemist[4/2] -> Dragonrider
[Turn 10, Step 65] Opponent: 영웅 능력 사용
[Turn 10, Step 65] Opponent: 공격 - Cheaty Anklebiter[2/1] -> Jaina Proudmoore

--- Game State (Turn 10, Step 66) ---
Agent: Jaina Proudmoore HP: 0, Mana: 1/10
  Hand (2): Kel'Thuzad, Infested Tauren
Opponent: Rexxar HP: 28, Mana: 3/10
  Hand (0)
  Field: Cheaty Anklebiter[2/1], Medivh, the Guardian[7/1], Blood Knight[3/3], Master Swordsmith[1/3]

============================================================
게임 종료 - Terminated: True, Truncated: False
승자: Opponent
============================================================

