============================================================
NEW GAME STARTED
Agent: HERO_08 vs Opponent: HERO_05
Action Masking: OFF
============================================================

[Turn 1] === Opponent's Turn ===
[Turn 1, Step 0] Opponent: 턴 종료
[Turn 1, Step 1] Agent: 유효하지 않은 액션 인덱스(18) → 0로 보정
[Turn 1, Step 1] Agent: 턴 종료

[Turn 1] === Opponent's Turn ===
[Turn 1, Step 1] Opponent: 턴 종료
[Turn 2, Step 2] Agent: 유효하지 않은 액션 인덱스(23) → 2로 보정
[Turn 2, Step 2] Agent: 카드 플레이 - Astral Rift (코스트: 2)
[Turn 2, Step 3] Agent: 유효하지 않은 액션 인덱스(68) → 0로 보정
[Turn 2, Step 3] Agent: 턴 종료

[Turn 2] === Opponent's Turn ===
[Turn 2, Step 3] Opponent: 영웅 능력 사용
[Turn 2, Step 3] Opponent: 턴 종료
[Turn 3, Step 4] Agent: 유효하지 않은 액션 인덱스(13) → 6로 보정
[Turn 3, Step 4] Agent: 영웅 능력 사용 -> Rexxar

--- Game State (Turn 3, Step 5) ---
Agent: Jaina Proudmoore HP: 28, Mana: 1/3
  Hand (9): Millhouse Manastorm, Kirin Tor Tricaster, Kronx Dragonhoof, The Coin, Ice Walker, Kazakus, Lorewalker Cho, Crystal Lion, Skeram Cultist
Opponent: Rexxar HP: 29, Mana: 1/3
  Hand (6)
[Turn 3, Step 5] Agent: 유효하지 않은 액션 인덱스(96) → 0로 보정
[Turn 3, Step 5] Agent: 턴 종료

[Turn 3] === Opponent's Turn ===
[Turn 3, Step 5] Opponent: 턴 종료
[Turn 4, Step 6] Agent: 유효하지 않은 액션 인덱스(33) → 6로 보정
[Turn 4, Step 6] Agent: 카드 플레이 - Lorewalker Cho (코스트: 2)
[Turn 4, Step 7] Agent: 유효하지 않은 액션 인덱스(88) → 4로 보정
[Turn 4, Step 7] Agent: 영웅 능력 사용 -> Jaina Proudmoore
[Turn 4, Step 8] Agent: 유효하지 않은 액션 인덱스(42) → 0로 보정
[Turn 4, Step 8] Agent: 턴 종료

[Turn 4] === Opponent's Turn ===
[Turn 4, Step 8] Opponent: 카드 플레이 - Zilliax (코스트: 5)
[Turn 4, Step 8] Opponent: 턴 종료
[Turn 5, Step 9] Agent: 유효하지 않은 액션 인덱스(83) → 6로 보정
[Turn 5, Step 9] Agent: 카드 플레이 - Faerie Dragon (코스트: 2)

--- Game State (Turn 5, Step 10) ---
Agent: Jaina Proudmoore HP: 27, Mana: 3/5
  Hand (9): Millhouse Manastorm, Kirin Tor Tricaster, Kronx Dragonhoof, The Coin, Ice Walker, Kazakus, Crystal Lion, Skeram Cultist, Mana Giant
  Field: Lorewalker Cho[0/4], Faerie Dragon[3/2]
Opponent: Rexxar HP: 29, Mana: 0/5
  Hand (7)
  Field: Zilliax[3/2]
[Turn 5, Step 10] Agent: 유효하지 않은 액션 인덱스(13) → 5로 보정
[Turn 5, Step 10] Agent: 영웅 능력 사용 -> Rexxar
[Turn 5, Step 11] Agent: 유효하지 않은 액션 인덱스(10) → 0로 보정
[Turn 5, Step 11] Agent: 턴 종료

[Turn 5] === Opponent's Turn ===
[Turn 5, Step 11] Opponent: 카드 플레이 - Snipe (코스트: 2)
[Turn 5, Step 11] Opponent: 턴 종료
[Turn 6, Step 12] Agent: 유효하지 않은 액션 인덱스(26) → 11로 보정
[Turn 6, Step 12] Agent: 영웅 능력 사용 -> Rexxar
[Turn 6, Step 13] Agent: 유효하지 않은 액션 인덱스(14) → 6로 보정
[Turn 6, Step 13] Agent: 카드 플레이 - Snipe (코스트: 2)
[Turn 6, Step 14] Agent: 유효하지 않은 액션 인덱스(93) → 3로 보정
[Turn 6, Step 14] Agent: 카드 플레이 - Ice Walker (코스트: 2)

--- Game State (Turn 6, Step 15) ---
Agent: Jaina Proudmoore HP: 27, Mana: 0/6
  Hand (8): Millhouse Manastorm, Kirin Tor Tricaster, Kronx Dragonhoof, The Coin, Kazakus, Crystal Lion, Skeram Cultist, Mana Giant
  Field: Lorewalker Cho[0/4], Faerie Dragon[3/2]
Opponent: Rexxar HP: 27, Mana: 4/6
  Hand (8)
  Field: Zilliax[3/2]
[Turn 6, Step 15] Agent: 유효하지 않은 액션 인덱스(77) → 2로 보정
[Turn 6, Step 15] Agent: 공격 - Faerie Dragon[3/2] -> Zilliax
[Turn 6, Step 16] Agent: 유효하지 않은 액션 인덱스(15) → 1로 보정
[Turn 6, Step 16] Agent: 카드 플레이 - The Coin (코스트: 0)
[Turn 6, Step 17] Agent: 유효하지 않은 액션 인덱스(28) → 0로 보정
[Turn 6, Step 17] Agent: 턴 종료

[Turn 6] === Opponent's Turn ===
[Turn 6, Step 17] Opponent: 턴 종료
[Turn 7, Step 18] Agent: 유효하지 않은 액션 인덱스(17) → 4로 보정
[Turn 7, Step 18] Agent: 카드 플레이 - Kazakus (코스트: 4)
[Turn 7, Step 19] Agent: 선택 - Lesser Potion
[Turn 7, Step 19] Agent: 선택 - Ichor of Undeath
[Turn 7, Step 19] Agent: 선택 - Goldthorn
[Turn 7, Step 19] Agent: 유효하지 않은 액션 인덱스(98) → 8로 보정
[Turn 7, Step 19] Agent: 영웅 능력 사용 -> Kazakus

--- Game State (Turn 7, Step 20) ---
Agent: Jaina Proudmoore HP: 27, Mana: 1/7
  Hand (8): Millhouse Manastorm, Kirin Tor Tricaster, Kronx Dragonhoof, Crystal Lion, Skeram Cultist, Mana Giant, Simulacrum, Kazakus Potion
  Field: Lorewalker Cho[0/4], Kazakus[3/2]
Opponent: Rexxar HP: 30, Mana: 7/7
  Hand (10)
  Field: Zilliax[3/2]
[Turn 7, Step 20] Agent: 유효하지 않은 액션 인덱스(4) → 0로 보정
[Turn 7, Step 20] Agent: 턴 종료

[Turn 7] === Opponent's Turn ===
[Turn 7, Step 20] Opponent: 공격 - Zilliax[3/2] -> Kazakus
[Turn 7, Step 20] Opponent: 카드 플레이 - Bloodfen Raptor (코스트: 2)
[Turn 7, Step 20] Opponent: 카드 플레이 - Snipe (코스트: 2)
[Turn 7, Step 20] Opponent: 카드 플레이 - Hunting Mastiff (코스트: 2)
[Turn 7, Step 20] Opponent: 카드 플레이 - The Coin (코스트: 0)
[Turn 7, Step 20] Opponent: 공격 - Hunting Mastiff[2/1] -> Lorewalker Cho
[Turn 7, Step 20] Opponent: 턴 종료
[Turn 8, Step 21] Agent: 유효하지 않은 액션 인덱스(95) → 5로 보정
[Turn 8, Step 21] Agent: 카드 플레이 - Skeram Cultist (코스트: 6)
[Turn 8, Step 22] Agent: 유효하지 않은 액션 인덱스(89) → 9로 보정
[Turn 8, Step 22] Agent: 영웅 능력 사용 -> Skeram Cultist
[Turn 8, Step 23] Agent: 유효하지 않은 액션 인덱스(66) → 0로 보정
[Turn 8, Step 23] Agent: 턴 종료

[Turn 8] === Opponent's Turn ===
[Turn 8, Step 23] Opponent: 턴 종료
[Turn 9, Step 24] Agent: 카드 플레이 - Kirin Tor Tricaster (코스트: 4)

--- Game State (Turn 9, Step 25) ---
Agent: Jaina Proudmoore HP: 27, Mana: 5/9
  Hand (9): Millhouse Manastorm, Kronx Dragonhoof, Crystal Lion, Mana Giant, Simulacrum, Kazakus Potion, Snipe, The Coin, Dragoncaller Alanna
  Field: Lorewalker Cho[0/2], Skeram Cultist[7/1], Kirin Tor Tricaster[3/3]
Opponent: Rexxar HP: 30, Mana: 9/9
  Hand (7)
  Field: Hunting Mastiff[2/1]
[Turn 9, Step 25] Agent: 유효하지 않은 액션 인덱스(16) → 1로 보정
[Turn 9, Step 25] Agent: 카드 플레이 - Millhouse Manastorm (코스트: 2)
[Turn 9, Step 26] Agent: 유효하지 않은 액션 인덱스(28) → 2로 보정
[Turn 9, Step 26] Agent: 카드 플레이 - Snipe (코스트: 3)
[Turn 9, Step 27] Agent: 유효하지 않은 액션 인덱스(13) → 1로 보정
[Turn 9, Step 27] Agent: 공격 - Skeram Cultist[7/1] -> Rexxar
[Turn 9, Step 28] Agent: 유효하지 않은 액션 인덱스(20) → 0로 보정
[Turn 9, Step 28] Agent: 턴 종료

[Turn 9] === Opponent's Turn ===
[Turn 9, Step 28] Opponent: 공격 - Hunting Mastiff[2/1] -> Jaina Proudmoore
[Turn 9, Step 28] Opponent: 카드 플레이 - Snipe (코스트: 0)
[Turn 9, Step 28] Opponent: 턴 종료
[Turn 10, Step 29] Agent: 공격 - Kirin Tor Tricaster[3/3] -> Hunting Mastiff

--- Game State (Turn 10, Step 30) ---
Agent: Jaina Proudmoore HP: 25, Mana: 10/10
  Hand (9): War Golem, Kronx Dragonhoof, Crystal Lion, Mana Giant, Simulacrum, Kazakus Potion, The Coin, Dragoncaller Alanna, Snipe
  Field: Lorewalker Cho[0/2], Skeram Cultist[7/1], Kirin Tor Tricaster[3/1], Millhouse Manastorm[4/4]
Opponent: Rexxar HP: 23, Mana: 10/10
  Hand (8)
[Turn 10, Step 30] Agent: 유효하지 않은 액션 인덱스(78) → 10로 보정
[Turn 10, Step 30] Agent: 영웅 능력 사용 -> Rexxar
[Turn 10, Step 31] Agent: 턴 종료

[Turn 10] === Opponent's Turn ===
[Turn 10, Step 31] Opponent: 카드 플레이 - Cheaty Anklebiter -> Jaina Proudmoore (코스트: 2)
[Turn 10, Step 31] Opponent: 턴 종료
[Turn 10, Step 32] Agent: 유효하지 않은 액션 인덱스(80) → 0로 보정
[Turn 10, Step 32] Agent: 턴 종료

[Turn 10] === Opponent's Turn ===
[Turn 10, Step 32] Opponent: 턴 종료
[Turn 10, Step 33] Agent: 유효하지 않은 액션 인덱스(37) → 17로 보정
[Turn 10, Step 33] Agent: 공격 - Skeram Cultist[7/1] -> Rexxar
[Turn 10, Step 34] Agent: 카드 플레이 - Crystal Lion (코스트: 6)

--- Game State (Turn 10, Step 35) ---
Agent: Jaina Proudmoore HP: 24, Mana: 4/10
  Hand (9): War Golem, Kronx Dragonhoof, Mana Giant, Simulacrum, Kazakus Potion, The Coin, Dragoncaller Alanna, Snipe, Gorillabot A-3
  Field: Lorewalker Cho[0/2], Skeram Cultist[7/1], Kirin Tor Tricaster[3/1], Millhouse Manastorm[4/4], Crystal Lion[5/5]
Opponent: Rexxar HP: 16, Mana: 10/10
  Hand (9)
[Turn 10, Step 35] Agent: 유효하지 않은 액션 인덱스(91) → 11로 보정
[Turn 10, Step 35] Agent: 영웅 능력 사용 -> Kirin Tor Tricaster
[Turn 10, Step 36] Agent: 유효하지 않은 액션 인덱스(40) → 0로 보정
[Turn 10, Step 36] Agent: 턴 종료

[Turn 10] === Opponent's Turn ===
[Turn 10, Step 36] Opponent: 카드 플레이 - Don Han'Cho (코스트: 7)
[Turn 10, Step 36] Opponent: 카드 플레이 - Duskhaven Hunter (코스트: 3)
[Turn 10, Step 36] Opponent: 턴 종료
[Turn 10, Step 37] Agent: 유효하지 않은 액션 인덱스(57) → 9로 보정
[Turn 10, Step 37] Agent: 카드 플레이 - Snipe (코스트: 2)
[Turn 10, Step 38] Agent: 유효하지 않은 액션 인덱스(29) → 7로 보정
[Turn 10, Step 38] Agent: 카드 플레이 - The Coin (코스트: 0)
[Turn 10, Step 39] Agent: 유효하지 않은 액션 인덱스(97) → 9로 보정
[Turn 10, Step 39] Agent: 영웅 능력 사용 -> Jaina Proudmoore

--- Game State (Turn 10, Step 40) ---
Agent: Jaina Proudmoore HP: 23, Mana: 7/10
  Hand (8): Ebon Dragonsmith, War Golem, Kronx Dragonhoof, Mana Giant, Simulacrum, Kazakus Potion, Dragoncaller Alanna, Gorillabot A-3
  Field: Lorewalker Cho[0/2], Skeram Cultist[7/1], Millhouse Manastorm[4/4], Crystal Lion[5/5]
Opponent: Rexxar HP: 16, Mana: 0/10
  Hand (10)
  Field: Don Han'Cho[5/6], Duskhaven Hunter[2/5]
[Turn 10, Step 40] Agent: 유효하지 않은 액션 인덱스(44) → 2로 보정
[Turn 10, Step 40] Agent: 카드 플레이 - War Golem (코스트: 7)
[Turn 10, Step 41] Agent: 유효하지 않은 액션 인덱스(8) → 1로 보정
[Turn 10, Step 41] Agent: 공격 - Skeram Cultist[7/1] -> Rexxar
[Turn 10, Step 42] Agent: 유효하지 않은 액션 인덱스(80) → 0로 보정
[Turn 10, Step 42] Agent: 턴 종료

[Turn 10] === Opponent's Turn ===
[Turn 10, Step 42] Opponent: 카드 플레이 - The Coin (코스트: 0)
[Turn 10, Step 42] Opponent: 턴 종료
[Turn 10, Step 43] Agent: 영웅 능력 사용 -> Skeram Cultist
[Turn 10, Step 44] Agent: 유효하지 않은 액션 인덱스(47) → 2로 보정
[Turn 10, Step 44] Agent: 카드 플레이 - Kronx Dragonhoof (코스트: 6)

--- Game State (Turn 10, Step 45) ---
Agent: Jaina Proudmoore HP: 23, Mana: 2/10
  Hand (8): Ebon Dragonsmith, Mana Giant, Simulacrum, Kazakus Potion, Dragoncaller Alanna, Gorillabot A-3, The Coin, Helpless Hatchling
  Field: Lorewalker Cho[0/2], Millhouse Manastorm[4/4], Crystal Lion[5/5], War Golem[7/7], Kronx Dragonhoof[6/6]
Opponent: Rexxar HP: 9, Mana: 10/10
  Hand (9)
  Field: Don Han'Cho[5/6], Duskhaven Hunter[2/5]
[Turn 10, Step 45] Agent: 유효하지 않은 액션 인덱스(79) → 2로 보정
[Turn 10, Step 45] Agent: 카드 플레이 - Kazakus Potion (코스트: 1)
[Turn 10, Step 46] Agent: 유효하지 않은 액션 인덱스(82) → 2로 보정
[Turn 10, Step 46] Agent: 카드 플레이 - The Coin (코스트: 0)
[Turn 10, Step 47] Agent: 공격 - Millhouse Manastorm[4/6] -> Don Han'Cho
[Turn 10, Step 48] Agent: 유효하지 않은 액션 인덱스(34) → 6로 보정
[Turn 10, Step 48] Agent: 공격 - War Golem[7/9] -> Don Han'Cho
[Turn 10, Step 49] Agent: 유효하지 않은 액션 인덱스(57) → 1로 보정
[Turn 10, Step 49] Agent: 카드 플레이 - Mana Giant (코스트: 0)

--- Game State (Turn 10, Step 50) ---
Agent: Jaina Proudmoore HP: 23, Mana: 2/10
  Hand (5): Ebon Dragonsmith, Simulacrum, Dragoncaller Alanna, Gorillabot A-3, Helpless Hatchling
  Field: Lorewalker Cho[0/4], Millhouse Manastorm[4/1], Crystal Lion[5/7], War Golem[7/4], Kronx Dragonhoof[6/8], Faerie Dragon[3/4], Mana Giant[8/8]
Opponent: Rexxar HP: 9, Mana: 10/10
  Hand (10)
  Field: Duskhaven Hunter[2/5]
[Turn 10, Step 50] Agent: 유효하지 않은 액션 인덱스(56) → 0로 보정
[Turn 10, Step 50] Agent: 턴 종료

[Turn 10] === Opponent's Turn ===
[Turn 10, Step 50] Opponent: 공격 - Duskhaven Hunter[2/5] -> Mana Giant
[Turn 10, Step 50] Opponent: 턴 종료
[Turn 10, Step 51] Agent: 유효하지 않은 액션 인덱스(43) → 11로 보정
[Turn 10, Step 51] Agent: 공격 - Crystal Lion[5/7] -> Rexxar
[Turn 10, Step 52] Agent: 유효하지 않은 액션 인덱스(31) → 1로 보정
[Turn 10, Step 52] Agent: 카드 플레이 - Simulacrum (코스트: 3)
[Turn 10, Step 53] Agent: 영웅 능력 사용 -> Jaina Proudmoore
[Turn 10, Step 54] Agent: 유효하지 않은 액션 인덱스(45) → 3로 보정
[Turn 10, Step 54] Agent: 공격 - Kronx Dragonhoof[6/8] -> Rexxar

--- Game State (Turn 10, Step 55) ---
Agent: Jaina Proudmoore HP: 22, Mana: 5/10
  Hand (6): Ebon Dragonsmith, Dragoncaller Alanna, Gorillabot A-3, Helpless Hatchling, Dr. Boom, Helpless Hatchling
  Field: Lorewalker Cho[0/4], Millhouse Manastorm[4/1], Crystal Lion[5/7], War Golem[7/4], Kronx Dragonhoof[6/8], Faerie Dragon[3/4], Mana Giant[8/6]
Opponent: Rexxar HP: 0, Mana: 10/10
  Hand (10)

--- Game State (Turn 10, Step 55) ---
Agent: Jaina Proudmoore HP: 22, Mana: 5/10
  Hand (6): Ebon Dragonsmith, Dragoncaller Alanna, Gorillabot A-3, Helpless Hatchling, Dr. Boom, Helpless Hatchling
  Field: Lorewalker Cho[0/4], Millhouse Manastorm[4/1], Crystal Lion[5/7], War Golem[7/4], Kronx Dragonhoof[6/8], Faerie Dragon[3/4], Mana Giant[8/6]
Opponent: Rexxar HP: 0, Mana: 10/10
  Hand (10)

============================================================
게임 종료 - Terminated: True, Truncated: False
승자: Agent
============================================================

