============================================================
NEW GAME STARTED
Agent: HERO_08 vs Opponent: HERO_05
Action Masking: OFF
Masking Expected: OFF
============================================================
[Turn 1, Step 0] Agent: 카드 플레이 - Evocation (코스트: 1)
[Turn 1, Step 1] Agent: 턴 종료

[Turn 1] === Opponent's Turn ===
[Turn 1, Step 1] Opponent: 턴 종료
[Turn 2, Step 2] Agent: 카드 플레이 - Arcane Explosion (코스트: 2)
[Turn 2, Step 3] Agent: 턴 종료

[Turn 2] === Opponent's Turn ===
[Turn 2, Step 3] Opponent: 턴 종료
[Turn 3, Step 4] Agent: 카드 플레이 - Cheaty Anklebiter -> Jaina Proudmoore (코스트: 2)

--- Game State (Turn 3, Step 5) ---
Agent: Jaina Proudmoore HP: 30, Mana: 1/3
  Hand (3): Eater of Secrets, Venture Co. Mercenary, Starscryer
  Field: Cheaty Anklebiter[2/1]
Opponent: Rexxar HP: 30, Mana: 2/2
  Hand (7)
[Turn 3, Step 5] Agent: 턴 종료

[Turn 3] === Opponent's Turn ===
[Turn 3, Step 5] Opponent: 카드 플레이 - The Coin (코스트: 0)
[Turn 3, Step 5] Opponent: 카드 플레이 - Ticking Abomination (코스트: 4)
[Turn 3, Step 5] Opponent: 턴 종료
[Turn 4, Step 6] Agent: 카드 플레이 - Eater of Secrets (코스트: 4)
[Turn 4, Step 7] Agent: 공격 - Cheaty Anklebiter[2/1] -> Rexxar
[Turn 4, Step 8] Agent: 턴 종료

[Turn 4] === Opponent's Turn ===
[Turn 4, Step 8] Opponent: 공격 - Ticking Abomination[5/6] -> Cheaty Anklebiter
[Turn 4, Step 8] Opponent: 영웅 능력 사용
[Turn 4, Step 8] Opponent: 카드 플레이 - Candleshot (코스트: 1)
[Turn 4, Step 8] Opponent: 공격 - Rexxar[1/28] -> Jaina Proudmoore
[Turn 4, Step 8] Opponent: 카드 플레이 - Leper Gnome (코스트: 1)
[Turn 4, Step 8] Opponent: 턴 종료
[Turn 5, Step 9] Agent: 공격 - Eater of Secrets[2/4] -> Rexxar

--- Game State (Turn 5, Step 10) ---
Agent: Jaina Proudmoore HP: 27, Mana: 5/5
  Hand (4): Venture Co. Mercenary, Starscryer, Faerie Dragon, Alarm-o-Bot
  Field: Eater of Secrets[2/4]
Opponent: Rexxar HP: 26, Mana: 0/4
  Hand (5)
  Field: Ticking Abomination[5/4], Leper Gnome[1/1]
[Turn 5, Step 10] Agent: 카드 플레이 - Venture Co. Mercenary (코스트: 5)
[Turn 5, Step 11] Agent: 턴 종료

[Turn 5] === Opponent's Turn ===
[Turn 5, Step 11] Opponent: 공격 - Ticking Abomination[5/4] -> Jaina Proudmoore
[Turn 5, Step 11] Opponent: 공격 - Rexxar[1/26] -> Eater of Secrets
[Turn 5, Step 11] Opponent: 카드 플레이 - Elven Archer -> Ticking Abomination (코스트: 1)
[Turn 5, Step 11] Opponent: 카드 플레이 - Replicat-o-tron (코스트: 4)
[Turn 5, Step 11] Opponent: 공격 - Leper Gnome[1/1] -> Eater of Secrets
[Turn 5, Step 11] Opponent: 턴 종료
[Turn 6, Step 12] Agent: 공격 - Venture Co. Mercenary[7/6] -> Rexxar
[Turn 6, Step 13] Agent: 영웅 능력 사용 -> Replicat-o-tron
[Turn 6, Step 14] Agent: 공격 - Eater of Secrets[2/2] -> Rexxar

--- Game State (Turn 6, Step 15) ---
Agent: Jaina Proudmoore HP: 20, Mana: 4/6
  Hand (4): Starscryer, Faerie Dragon, Alarm-o-Bot, C'Thun's Chosen
  Field: Eater of Secrets[2/2], Venture Co. Mercenary[7/6]
Opponent: Rexxar HP: 17, Mana: 0/5
  Hand (4)
  Field: Ticking Abomination[5/3], Replicat-o-tron[3/2], Replicat-o-tron[3/3]
[Turn 6, Step 15] Agent: 턴 종료

[Turn 6] === Opponent's Turn ===
[Turn 6, Step 15] Opponent: 공격 - Replicat-o-tron[3/3] -> Venture Co. Mercenary
[Turn 6, Step 15] Opponent: 카드 플레이 - Oasis Snapjaw (코스트: 4)
[Turn 6, Step 15] Opponent: 공격 - Ticking Abomination[5/3] -> Jaina Proudmoore
[Turn 6, Step 15] Opponent: 턴 종료
[Turn 7, Step 16] Agent: 공격 - Eater of Secrets[2/2] -> Oasis Snapjaw
[Turn 7, Step 17] Agent: 영웅 능력 사용 -> Replicat-o-tron
[Turn 7, Step 18] Agent: 카드 플레이 - Starscryer (코스트: 5)
[Turn 7, Step 19] Agent: 공격 - Venture Co. Mercenary[7/3] -> Rexxar

--- Game State (Turn 7, Step 20) ---
Agent: Jaina Proudmoore HP: 15, Mana: 0/7
  Hand (4): Faerie Dragon, Alarm-o-Bot, C'Thun's Chosen, Siamat
  Field: Venture Co. Mercenary[7/3], Starscryer[3/1]
Opponent: Rexxar HP: 10, Mana: 2/6
  Hand (4)
  Field: Replicat-o-tron[3/1], Replicat-o-tron[3/2], Oasis Snapjaw[2/5]
[Turn 7, Step 20] Agent: 턴 종료

[Turn 7] === Opponent's Turn ===
[Turn 7, Step 20] Opponent: 공격 - Oasis Snapjaw[2/5] -> Starscryer
[Turn 7, Step 20] Opponent: 공격 - Rexxar[1/10] -> Venture Co. Mercenary
[Turn 7, Step 20] Opponent: 공격 - Replicat-o-tron[3/1] -> Jaina Proudmoore
[Turn 7, Step 20] Opponent: 턴 종료
[Turn 8, Step 21] Agent: 공격 - Venture Co. Mercenary[7/2] -> Rexxar
[Turn 8, Step 22] Agent: 카드 플레이 - Faerie Dragon (코스트: 5)
[Turn 8, Step 23] Agent: 영웅 능력 사용 -> Jaina Proudmoore
[Turn 8, Step 24] Agent: 턴 종료

[Turn 8] === Opponent's Turn ===
[Turn 8, Step 24] Opponent: 카드 플레이 - To My Side! (코스트: 6)
[Turn 8, Step 24] Opponent: 공격 - Replicat-o-tron[4/2] -> Jaina Proudmoore
[Turn 8, Step 24] Opponent: 공격 - Replicat-o-tron[4/2] -> Faerie Dragon
[Turn 8, Step 24] Opponent: 카드 플레이 - Abusive Sergeant -> Replicat-o-tron (코스트: 1)
[Turn 8, Step 24] Opponent: 턴 종료

--- Game State (Turn 9, Step 25) ---
Agent: Jaina Proudmoore HP: 7, Mana: 9/9
  Hand (5): Alarm-o-Bot, C'Thun's Chosen, Siamat, Mogor the Ogre, Eydis Darkbane
  Field: Venture Co. Mercenary[7/2]
Opponent: Rexxar HP: 3, Mana: 1/8
  Hand (4)
  Field: Replicat-o-tron[4/2], Replicat-o-tron[4/2], Leokk[2/4], Abusive Sergeant[2/1]
[Turn 9, Step 25] Agent: 공격 - Venture Co. Mercenary[7/2] -> Leokk
[Turn 9, Step 26] Agent: 영웅 능력 사용 -> Replicat-o-tron
[Turn 9, Step 27] Agent: 카드 플레이 - Alarm-o-Bot (코스트: 3)
[Turn 9, Step 28] Agent: 카드 플레이 - C'Thun's Chosen (코스트: 4)
[Turn 9, Step 29] Agent: 턴 종료

[Turn 9] === Opponent's Turn ===
[Turn 9, Step 29] Opponent: 카드 플레이 - Grave Shambler (코스트: 4)
[Turn 9, Step 29] Opponent: 공격 - Replicat-o-tron[3/2] -> C'Thun's Chosen
[Turn 9, Step 29] Opponent: 카드 플레이 - Alarm-o-Bot (코스트: 3)
[Turn 9, Step 29] Opponent: 공격 - Replicat-o-tron[3/1] -> Alarm-o-Bot
[Turn 9, Step 29] Opponent: 공격 - Abusive Sergeant[1/1] -> C'Thun's Chosen
[Turn 9, Step 29] Opponent: 턴 종료

--- Game State (Turn 10, Step 30) ---
Agent: Jaina Proudmoore HP: 7, Mana: 10/10
  Hand (4): Siamat, Mogor the Ogre, Eydis Darkbane, Salty Dog
  Field: C'Thun's Chosen[4/1]
Opponent: Rexxar HP: 3, Mana: 2/9
  Hand (3)
  Field: Replicat-o-tron[3/1], Replicat-o-tron[3/1], Alarm-o-Bot[0/3]
[Turn 10, Step 30] Agent: 영웅 능력 사용 -> Replicat-o-tron
[Turn 10, Step 31] Agent: 카드 플레이 - Siamat (코스트: 7)
[Turn 10, Step 32] Agent: 선택 - Siamat's Shield
[Turn 10, Step 32] Agent: 선택 - Siamat's Wind
[Turn 10, Step 32] Agent: 턴 종료

[Turn 10] === Opponent's Turn ===
[Turn 10, Step 32] Opponent: 카드 플레이 - Force-Tank MAX (코스트: 8)
[Turn 10, Step 32] Opponent: 공격 - Ultrasaur[7/14] -> Siamat
[Turn 10, Step 32] Opponent: 턴 종료
[Turn 10, Step 33] Agent: 공격 - C'Thun's Chosen[4/1] -> Force-Tank MAX
[Turn 10, Step 34] Agent: 영웅 능력 사용 -> Replicat-o-tron

--- Game State (Turn 10, Step 35) ---
Agent: Jaina Proudmoore HP: 7, Mana: 8/10
  Hand (4): Mogor the Ogre, Eydis Darkbane, Salty Dog, Subject 9
  Field: Siamat[6/6]
Opponent: Rexxar HP: 3, Mana: 2/10
  Hand (3)
  Field: Replicat-o-tron[3/1], Force-Tank MAX[7/7]
[Turn 10, Step 35] Agent: 카드 플레이 - Mogor the Ogre (코스트: 6)
[Turn 10, Step 36] Agent: 공격 - Siamat[6/6] -> Rexxar

--- Game State (Turn 10, Step 37) ---
Agent: Jaina Proudmoore HP: 7, Mana: 2/10
  Hand (3): Eydis Darkbane, Salty Dog, Subject 9
  Field: Siamat[6/6], Mogor the Ogre[7/6]
Opponent: Rexxar HP: 0, Mana: 2/10
  Hand (3)
  Field: Replicat-o-tron[3/1], Force-Tank MAX[7/7]

============================================================
게임 종료 - Terminated: True, Truncated: False
승자: Agent
============================================================

