============================================================
NEW GAME STARTED
Agent: HERO_08 vs Opponent: HERO_05
Action Masking: ON
Masking Expected: ON
============================================================
[Turn 1, Step 0] Agent: 턴 종료

[Turn 1] === Opponent's Turn ===
[Turn 1, Step 0] Opponent: 턴 종료
[Turn 2, Step 1] Agent: 카드 플레이 - Licensed Adventurer (코스트: 2)
[Turn 2, Step 2] Agent: 턴 종료

[Turn 2] === Opponent's Turn ===
[Turn 2, Step 2] Opponent: 턴 종료
[Turn 3, Step 3] Agent: 영웅 능력 사용 -> Jaina Proudmoore
[Turn 3, Step 4] Agent: 공격 - Licensed Adventurer[3/2] -> Rexxar

--- Game State (Turn 3, Step 5) ---
Agent: Jaina Proudmoore HP: 29, Mana: 1/3
  Hand (5): Vulpera Scoundrel, Swamp Leech, Splitting Image, Arcane Amplifier, Corridor Creeper
  Field: Licensed Adventurer[3/2]
Opponent: Rexxar HP: 27, Mana: 2/2
  Hand (7)
[Turn 3, Step 5] Agent: 카드 플레이 - Swamp Leech (코스트: 1)
[Turn 3, Step 6] Agent: 턴 종료

[Turn 3] === Opponent's Turn ===
[Turn 3, Step 6] Opponent: 카드 플레이 - Spellward Jeweler (코스트: 3)
[Turn 3, Step 6] Opponent: 카드 플레이 - The Coin (코스트: 0)
[Turn 3, Step 6] Opponent: 카드 플레이 - Skaterbot (코스트: 1)
[Turn 3, Step 6] Opponent: 공격 - Skaterbot[1/1] -> Licensed Adventurer
[Turn 3, Step 6] Opponent: 턴 종료
[Turn 4, Step 7] Agent: 영웅 능력 사용 -> Rexxar
[Turn 4, Step 8] Agent: 턴 종료

[Turn 4] === Opponent's Turn ===
[Turn 4, Step 8] Opponent: 턴 종료
[Turn 5, Step 9] Agent: 공격 - Swamp Leech[2/1] -> Spellward Jeweler

--- Game State (Turn 5, Step 10) ---
Agent: Jaina Proudmoore HP: 30, Mana: 5/5
  Hand (6): Vulpera Scoundrel, Splitting Image, Arcane Amplifier, Corridor Creeper, Volcanic Potion, Astral Rift
  Field: Licensed Adventurer[3/1]
Opponent: Rexxar HP: 26, Mana: 4/4
  Hand (6)
  Field: Spellward Jeweler[3/2]
[Turn 5, Step 10] Agent: 카드 플레이 - Splitting Image (코스트: 3)
[Turn 5, Step 11] Agent: 영웅 능력 사용 -> Rexxar
[Turn 5, Step 12] Agent: 턴 종료

[Turn 5] === Opponent's Turn ===
[Turn 5, Step 12] Opponent: 카드 플레이 - Doomsayer (코스트: 2)
[Turn 5, Step 12] Opponent: 카드 플레이 - Zephrys the Great (코스트: 2)
[Turn 5, Step 12] Opponent: 공격 - Spellward Jeweler[3/2] -> Jaina Proudmoore
[Turn 5, Step 12] Opponent: 카드 플레이 - Dwarven Sharpshooter (코스트: 1)
[Turn 5, Step 12] Opponent: 턴 종료
[Turn 6, Step 13] Agent: 카드 플레이 - Arcane Amplifier (코스트: 3)
[Turn 6, Step 14] Agent: 영웅 능력 사용 -> Licensed Adventurer

--- Game State (Turn 6, Step 15) ---
Agent: Jaina Proudmoore HP: 27, Mana: 1/6
  Hand (5): Vulpera Scoundrel, Corridor Creeper, Volcanic Potion, Astral Rift, Bronze Gatekeeper
  Field: Arcane Amplifier[2/5]
Opponent: Rexxar HP: 25, Mana: 0/5
  Hand (4)
  Field: Spellward Jeweler[3/2], Doomsayer[0/7], Zephrys the Great[3/2], Dwarven Sharpshooter[1/3]
[Turn 6, Step 15] Agent: 턴 종료

[Turn 6] === Opponent's Turn ===
[Turn 6, Step 15] Opponent: 카드 플레이 - Polluted Hoarder (코스트: 4)
[Turn 6, Step 15] Opponent: 턴 종료
[Turn 7, Step 16] Agent: 카드 플레이 - Vulpera Scoundrel (코스트: 3)
[Turn 7, Step 17] Agent: 선택 - Magic Trick
[Turn 7, Step 17] Agent: 턴 종료

[Turn 7] === Opponent's Turn ===
[Turn 7, Step 17] Opponent: 카드 플레이 - Scrap Shot -> Vulpera Scoundrel (코스트: 4)
[Turn 7, Step 17] Opponent: 턴 종료
[Turn 8, Step 18] Agent: 카드 플레이 - Volcanic Potion (코스트: 3)
[Turn 8, Step 19] Agent: 카드 플레이 - Corridor Creeper (코스트: 0)

--- Game State (Turn 8, Step 20) ---
Agent: Jaina Proudmoore HP: 27, Mana: 5/8
  Hand (5): Astral Rift, Bronze Gatekeeper, Happy Ghoul, Magic Trick, Deathaxe Punisher
  Field: Corridor Creeper[2/5]
Opponent: Rexxar HP: 25, Mana: 3/7
  Hand (5)
[Turn 8, Step 20] Agent: 영웅 능력 사용 -> Rexxar
[Turn 8, Step 21] Agent: 카드 플레이 - Bronze Gatekeeper (코스트: 3)
[Turn 8, Step 22] Agent: 턴 종료

[Turn 8] === Opponent's Turn ===
[Turn 8, Step 22] Opponent: 영웅 능력 사용
[Turn 8, Step 22] Opponent: 턴 종료
[Turn 9, Step 23] Agent: 영웅 능력 사용 -> Jaina Proudmoore
[Turn 9, Step 24] Agent: 턴 종료

[Turn 9] === Opponent's Turn ===
[Turn 9, Step 24] Opponent: 카드 플레이 - Savannah Highmane (코스트: 6)
[Turn 9, Step 24] Opponent: 영웅 능력 사용
[Turn 9, Step 24] Opponent: 턴 종료

--- Game State (Turn 10, Step 25) ---
Agent: Jaina Proudmoore HP: 22, Mana: 10/10
  Hand (6): Astral Rift, Happy Ghoul, Magic Trick, Deathaxe Punisher, Grimestreet Informant, Prince Keleseth
  Field: Corridor Creeper[2/5], Bronze Gatekeeper[1/5]
Opponent: Rexxar HP: 24, Mana: 1/9
  Hand (6)
  Field: Savannah Highmane[9/8]
[Turn 10, Step 25] Agent: 영웅 능력 사용 -> Jaina Proudmoore
[Turn 10, Step 26] Agent: 공격 - Corridor Creeper[2/5] -> Savannah Highmane
[Turn 10, Step 27] Agent: 카드 플레이 - Grimestreet Informant (코스트: 2)
[Turn 10, Step 28] Agent: 선택 - King Mosh
[Turn 10, Step 28] Agent: 턴 종료

[Turn 10] === Opponent's Turn ===
[Turn 10, Step 28] Opponent: 카드 플레이 - The Darkness (코스트: 4)
[Turn 10, Step 28] Opponent: 카드 플레이 - Primalfin Lookout (코스트: 3)
[Turn 10, Step 28] Opponent: 카드 플레이 - Mind Control Tech (코스트: 3)
[Turn 10, Step 28] Opponent: 턴 종료
[Turn 10, Step 29] Agent: 영웅 능력 사용 -> Grimestreet Informant

--- Game State (Turn 10, Step 30) ---
Agent: Jaina Proudmoore HP: 21, Mana: 8/10
  Hand (7): Astral Rift, Happy Ghoul, Magic Trick, Deathaxe Punisher, Prince Keleseth, King Mosh, Temple Berserker
  Field: Bronze Gatekeeper[1/5]
Opponent: Rexxar HP: 24, Mana: 0/10
  Hand (4)
  Field: Savannah Highmane[9/6], The Darkness[20/20], Primalfin Lookout[3/2], Mind Control Tech[3/3]
[Turn 10, Step 30] Agent: 공격 - Bronze Gatekeeper[1/5] -> Savannah Highmane
[Turn 10, Step 31] Agent: 카드 플레이 - Temple Berserker (코스트: 2)
[Turn 10, Step 32] Agent: 카드 플레이 - Deathaxe Punisher (코스트: 4)
[Turn 10, Step 33] Agent: 카드 플레이 - Prince Keleseth (코스트: 2)
[Turn 10, Step 34] Agent: 턴 종료

[Turn 10] === Opponent's Turn ===
[Turn 10, Step 34] Opponent: 카드 플레이 - Dispatch Kodo -> Prince Keleseth (코스트: 4)
[Turn 10, Step 34] Opponent: 공격 - Mind Control Tech[3/3] -> Jaina Proudmoore
[Turn 10, Step 34] Opponent: 턴 종료

--- Game State (Turn 10, Step 35) ---
Agent: Jaina Proudmoore HP: 18, Mana: 10/10
  Hand (5): Astral Rift, Happy Ghoul, Magic Trick, King Mosh, Rumbletusk Shaker
  Field: Temple Berserker[1/2], Deathaxe Punisher[3/3]
Opponent: Rexxar HP: 24, Mana: 6/10
  Hand (4)
  Field: Savannah Highmane[9/5], The Darkness[20/20], Primalfin Lookout[3/2], Mind Control Tech[3/3], Dispatch Kodo[2/4]
[Turn 10, Step 35] Agent: 공격 - Deathaxe Punisher[3/3] -> Dispatch Kodo
[Turn 10, Step 36] Agent: 영웅 능력 사용 -> Savannah Highmane
[Turn 10, Step 37] Agent: 카드 플레이 - Astral Rift (코스트: 2)
[Turn 10, Step 38] Agent: 공격 - Temple Berserker[1/2] -> Dispatch Kodo
[Turn 10, Step 39] Agent: 턴 종료

[Turn 10] === Opponent's Turn ===
[Turn 10, Step 39] Opponent: 턴 종료

--- Game State (Turn 10, Step 40) ---
Agent: Jaina Proudmoore HP: 18, Mana: 10/10
  Hand (7): Happy Ghoul, Magic Trick, King Mosh, Rumbletusk Shaker, Mana Geode, Unseen Saboteur, Kabal Chemist
  Field: Temple Berserker[3/1], Deathaxe Punisher[3/1]
Opponent: Rexxar HP: 24, Mana: 10/10
  Hand (5)
  Field: Savannah Highmane[9/4], The Darkness[20/20], Primalfin Lookout[3/2], Mind Control Tech[3/3]
[Turn 10, Step 40] Agent: 공격 - Temple Berserker[3/1] -> Mind Control Tech
[Turn 10, Step 41] Agent: 영웅 능력 사용 -> Rexxar
[Turn 10, Step 42] Agent: 공격 - Deathaxe Punisher[3/1] -> Primalfin Lookout
[Turn 10, Step 43] Agent: 턴 종료

[Turn 10] === Opponent's Turn ===
[Turn 10, Step 43] Opponent: 턴 종료
[Turn 10, Step 44] Agent: 카드 플레이 - Happy Ghoul (코스트: 3)

--- Game State (Turn 10, Step 45) ---
Agent: Jaina Proudmoore HP: 18, Mana: 7/10
  Hand (7): Magic Trick, King Mosh, Rumbletusk Shaker, Mana Geode, Unseen Saboteur, Kabal Chemist, Crowd Favorite
  Field: Happy Ghoul[3/3]
Opponent: Rexxar HP: 23, Mana: 10/10
  Hand (6)
  Field: Savannah Highmane[9/4], The Darkness[20/20]
[Turn 10, Step 45] Agent: 카드 플레이 - Mana Geode (코스트: 2)
[Turn 10, Step 46] Agent: 영웅 능력 사용 -> Mana Geode
[Turn 10, Step 47] Agent: 카드 플레이 - Magic Trick (코스트: 1)
[Turn 10, Step 48] Agent: 선택 - Evocation
[Turn 10, Step 48] Agent: 턴 종료

[Turn 10] === Opponent's Turn ===
[Turn 10, Step 48] Opponent: 공격 - Savannah Highmane[9/4] -> Happy Ghoul
[Turn 10, Step 48] Opponent: 카드 플레이 - Primalfin Lookout (코스트: 3)
[Turn 10, Step 48] Opponent: 턴 종료
[Turn 10, Step 49] Agent: 카드 플레이 - Dragon's Breath -> Mana Geode (코스트: 5)

--- Game State (Turn 10, Step 50) ---
Agent: Jaina Proudmoore HP: 18, Mana: 5/10
  Hand (6): King Mosh, Rumbletusk Shaker, Unseen Saboteur, Kabal Chemist, Crowd Favorite, Evocation
  Field: Happy Ghoul[3/3]
Opponent: Rexxar HP: 23, Mana: 7/10
  Hand (6)
  Field: Savannah Highmane[9/1], The Darkness[20/20], Primalfin Lookout[3/2]
[Turn 10, Step 50] Agent: 카드 플레이 - Kabal Chemist (코스트: 4)
[Turn 10, Step 51] Agent: 공격 - Happy Ghoul[3/3] -> Primalfin Lookout
[Turn 10, Step 52] Agent: 카드 플레이 - Evocation (코스트: 1)
[Turn 10, Step 53] Agent: 턴 종료

[Turn 10] === Opponent's Turn ===
[Turn 10, Step 53] Opponent: 공격 - Savannah Highmane[9/1] -> Jaina Proudmoore
[Turn 10, Step 53] Opponent: 카드 플레이 - Piloted Shredder (코스트: 4)
[Turn 10, Step 53] Opponent: 턴 종료
[Turn 10, Step 54] Agent: 카드 플레이 - Crowd Favorite (코스트: 4)

--- Game State (Turn 10, Step 55) ---
Agent: Jaina Proudmoore HP: 9, Mana: 6/10
  Hand (5): King Mosh, Rumbletusk Shaker, Unseen Saboteur, Felfire Potion, The Beast
  Field: Kabal Chemist[3/3], Crowd Favorite[4/4]
Opponent: Rexxar HP: 23, Mana: 6/10
  Hand (6)
  Field: Savannah Highmane[9/1], The Darkness[20/20], Piloted Shredder[4/3]
[Turn 10, Step 55] Agent: 영웅 능력 사용 -> Crowd Favorite
[Turn 10, Step 56] Agent: 턴 종료

[Turn 10] === Opponent's Turn ===
[Turn 10, Step 56] Opponent: 공격 - Piloted Shredder[4/3] -> Jaina Proudmoore
[Turn 10, Step 56] Opponent: 카드 플레이 - Wild Pyromancer (코스트: 2)
[Turn 10, Step 56] Opponent: 턴 종료
[Turn 10, Step 57] Agent: 영웅 능력 사용 -> Wild Pyromancer
[Turn 10, Step 58] Agent: 공격 - Kabal Chemist[3/3] -> Wild Pyromancer
[Turn 10, Step 59] Agent: 카드 플레이 - Felfire Potion (코스트: 6)

--- Game State (Turn 10, Step 60) ---
Agent: Jaina Proudmoore HP: 0, Mana: 2/10
  Hand (5): King Mosh, Rumbletusk Shaker, Unseen Saboteur, The Beast, Nerubian Prophet
  Field: Crowd Favorite[4/-2]
Opponent: Rexxar HP: 18, Mana: 8/10
  Hand (6)
  Field: Savannah Highmane[9/-4], The Darkness[20/20], Piloted Shredder[4/-2]

--- Game State (Turn 10, Step 60) ---
Agent: Jaina Proudmoore HP: 0, Mana: 2/10
  Hand (5): King Mosh, Rumbletusk Shaker, Unseen Saboteur, The Beast, Nerubian Prophet
  Field: Crowd Favorite[4/-2]
Opponent: Rexxar HP: 18, Mana: 8/10
  Hand (6)
  Field: Savannah Highmane[9/-4], The Darkness[20/20], Piloted Shredder[4/-2]

============================================================
게임 종료 - Terminated: True, Truncated: False
승자: Opponent
============================================================

