============================================================
NEW GAME STARTED
Agent: HERO_08 vs Opponent: HERO_05
Action Masking: ON
Masking Expected: ON
============================================================
[Turn 1, Step 0] Agent: 턴 종료

[Turn 1] === Opponent's Turn ===
[Turn 1, Step 0] Opponent: 턴 종료
[Turn 2, Step 1] Agent: 영웅 능력 사용 -> Rexxar
[Turn 2, Step 2] Agent: 턴 종료

[Turn 2] === Opponent's Turn ===
[Turn 2, Step 2] Opponent: 카드 플레이 - Bonechewer Brawler (코스트: 2)
[Turn 2, Step 2] Opponent: 카드 플레이 - The Coin (코스트: 0)
[Turn 2, Step 2] Opponent: 카드 플레이 - Unseal the Vault (코스트: 1)
[Turn 2, Step 2] Opponent: 턴 종료
[Turn 3, Step 3] Agent: 영웅 능력 사용 -> Rexxar
[Turn 3, Step 4] Agent: 턴 종료

[Turn 3] === Opponent's Turn ===
[Turn 3, Step 4] Opponent: 영웅 능력 사용
[Turn 3, Step 4] Opponent: 공격 - Bonechewer Brawler[2/3] -> Jaina Proudmoore
[Turn 3, Step 4] Opponent: 턴 종료

--- Game State (Turn 4, Step 5) ---
Agent: Jaina Proudmoore HP: 26, Mana: 4/4
  Hand (7): Patches the Pirate, Ruststeed Raider, Huge Toad, Argent Watchman, Piloted Reaper, Clockwork Knight, Inkmaster Solia
Opponent: Rexxar HP: 28, Mana: 1/3
  Hand (5)
  Field: Bonechewer Brawler[2/3]
[Turn 4, Step 5] Agent: 영웅 능력 사용 -> Bonechewer Brawler
[Turn 4, Step 6] Agent: 턴 종료

[Turn 4] === Opponent's Turn ===
[Turn 4, Step 6] Opponent: 카드 플레이 - Tainted Zealot (코스트: 2)
[Turn 4, Step 6] Opponent: 공격 - Bonechewer Brawler[4/2] -> Jaina Proudmoore
[Turn 4, Step 6] Opponent: 카드 플레이 - Neferset Ritualist (코스트: 2)
[Turn 4, Step 6] Opponent: 턴 종료
[Turn 5, Step 7] Agent: 카드 플레이 - Clockwork Knight (코스트: 5)
[Turn 5, Step 8] Agent: 턴 종료

[Turn 5] === Opponent's Turn ===
[Turn 5, Step 8] Opponent: 턴 종료
[Turn 6, Step 9] Agent: 공격 - Clockwork Knight[5/5] -> Bonechewer Brawler

--- Game State (Turn 6, Step 10) ---
Agent: Jaina Proudmoore HP: 22, Mana: 6/6
  Hand (8): Traveling Healer, Patches the Pirate, Ruststeed Raider, Huge Toad, Argent Watchman, Piloted Reaper, Inkmaster Solia, Eerie Statue
  Field: Clockwork Knight[5/1]
Opponent: Rexxar HP: 28, Mana: 5/5
  Hand (5)
  Field: Tainted Zealot[1/1], Neferset Ritualist[2/3]
[Turn 6, Step 10] Agent: 카드 플레이 - Eerie Statue (코스트: 4)
[Turn 6, Step 11] Agent: 영웅 능력 사용 -> Rexxar
[Turn 6, Step 12] Agent: 턴 종료

[Turn 6] === Opponent's Turn ===
[Turn 6, Step 12] Opponent: 공격 - Neferset Ritualist[2/3] -> Eerie Statue
[Turn 6, Step 12] Opponent: 공격 - Tainted Zealot[1/1] -> Eerie Statue
[Turn 6, Step 12] Opponent: 영웅 능력 사용
[Turn 6, Step 12] Opponent: 카드 플레이 - Youthful Brewmaster -> Tainted Zealot (코스트: 2)
[Turn 6, Step 12] Opponent: 카드 플레이 - Tainted Zealot (코스트: 2)
[Turn 6, Step 12] Opponent: 턴 종료
[Turn 7, Step 13] Agent: 공격 - Clockwork Knight[5/1] -> Rexxar
[Turn 7, Step 14] Agent: 카드 플레이 - Traveling Healer -> Youthful Brewmaster (코스트: 4)

--- Game State (Turn 7, Step 15) ---
Agent: Jaina Proudmoore HP: 20, Mana: 3/7
  Hand (7): Patches the Pirate, Ruststeed Raider, Huge Toad, Argent Watchman, Piloted Reaper, Inkmaster Solia, Incanter's Flow
  Field: Clockwork Knight[5/1], Eerie Statue[7/4], Traveling Healer[3/2]
Opponent: Rexxar HP: 22, Mana: 0/6
  Hand (5)
  Field: Youthful Brewmaster[3/2], Tainted Zealot[1/1]
[Turn 7, Step 15] Agent: 영웅 능력 사용 -> Clockwork Knight
[Turn 7, Step 16] Agent: 카드 플레이 - Patches the Pirate (코스트: 1)
[Turn 7, Step 17] Agent: 턴 종료

[Turn 7] === Opponent's Turn ===
[Turn 7, Step 17] Opponent: 영웅 능력 사용
[Turn 7, Step 17] Opponent: 턴 종료
[Turn 8, Step 18] Agent: 영웅 능력 사용 -> Tainted Zealot
[Turn 8, Step 19] Agent: 공격 - Traveling Healer[3/2] -> Youthful Brewmaster

--- Game State (Turn 8, Step 20) ---
Agent: Jaina Proudmoore HP: 18, Mana: 6/8
  Hand (7): Ruststeed Raider, Huge Toad, Argent Watchman, Piloted Reaper, Inkmaster Solia, Incanter's Flow, Dragonslayer
  Field: Eerie Statue[7/4], Traveling Healer[3/2], Patches the Pirate[1/1]
Opponent: Rexxar HP: 22, Mana: 5/7
  Hand (6)
[Turn 8, Step 20] Agent: 카드 플레이 - Argent Watchman (코스트: 2)
[Turn 8, Step 21] Agent: 카드 플레이 - Dragonslayer (코스트: 3)
[Turn 8, Step 22] Agent: 턴 종료

[Turn 8] === Opponent's Turn ===
[Turn 8, Step 22] Opponent: 카드 플레이 - Arcane Devourer (코스트: 8)
[Turn 8, Step 22] Opponent: 턴 종료
[Turn 9, Step 23] Agent: 영웅 능력 사용 -> Eerie Statue
[Turn 9, Step 24] Agent: 공격 - Dragonslayer[4/3] -> Arcane Devourer

--- Game State (Turn 9, Step 25) ---
Agent: Jaina Proudmoore HP: 18, Mana: 7/9
  Hand (6): Ruststeed Raider, Huge Toad, Piloted Reaper, Inkmaster Solia, Incanter's Flow, Terrorguard Escapee
  Field: Eerie Statue[7/3], Traveling Healer[3/2], Patches the Pirate[1/1], Argent Watchman[2/4]
Opponent: Rexxar HP: 22, Mana: 0/8
  Hand (6)
  Field: Arcane Devourer[5/1]
[Turn 9, Step 25] Agent: 카드 플레이 - Ruststeed Raider (코스트: 5)
[Turn 9, Step 26] Agent: 턴 종료

[Turn 9] === Opponent's Turn ===
[Turn 9, Step 26] Opponent: 카드 플레이 - Abomination (코스트: 5)
[Turn 9, Step 26] Opponent: 영웅 능력 사용
[Turn 9, Step 26] Opponent: 턴 종료
[Turn 10, Step 27] Agent: 영웅 능력 사용 -> Eerie Statue
[Turn 10, Step 28] Agent: 카드 플레이 - Inkmaster Solia (코스트: 7)
[Turn 10, Step 29] Agent: 공격 - Traveling Healer[3/2] -> Abomination

--- Game State (Turn 10, Step 30) ---
Agent: Jaina Proudmoore HP: 16, Mana: 1/10
  Hand (5): Huge Toad, Piloted Reaper, Incanter's Flow, Terrorguard Escapee, Gilblin Stalker
  Field: Eerie Statue[7/2], Patches the Pirate[1/1], Argent Watchman[2/4], Ruststeed Raider[1/8], Inkmaster Solia[5/5]
Opponent: Rexxar HP: 22, Mana: 2/9
  Hand (6)
  Field: Arcane Devourer[5/1], Abomination[4/1]
[Turn 10, Step 30] Agent: 공격 - Ruststeed Raider[1/8] -> Abomination
