============================================================
NEW GAME STARTED
Agent: HERO_08 vs Opponent: HERO_05
Action Masking: OFF
Masking Expected: OFF
============================================================
[Turn 1, Step 0] Agent: 턴 종료

[Turn 1] === Opponent's Turn ===
[Turn 1, Step 0] Opponent: 턴 종료
[Turn 2, Step 1] Agent: 카드 플레이 - Acidic Swamp Ooze (코스트: 2)
[Turn 2, Step 2] Agent: 턴 종료

[Turn 2] === Opponent's Turn ===
[Turn 2, Step 2] Opponent: 카드 플레이 - Fireworks Tech (코스트: 2)
[Turn 2, Step 2] Opponent: 턴 종료
[Turn 3, Step 3] Agent: 카드 플레이 - Bloodmage Thalnos (코스트: 2)
[Turn 3, Step 4] Agent: 공격 - Acidic Swamp Ooze[3/2] -> Rexxar

--- Game State (Turn 3, Step 5) ---
Agent: Jaina Proudmoore HP: 30, Mana: 1/3
  Hand (4): EVIL Cable Rat, Worgen Abomination, Boulderfist Ogre, Stubborn Gastropod
  Field: Acidic Swamp Ooze[3/2], Bloodmage Thalnos[1/1]
Opponent: Rexxar HP: 27, Mana: 0/2
  Hand (6)
  Field: Fireworks Tech[2/1]
[Turn 3, Step 5] Agent: 턴 종료

[Turn 3] === Opponent's Turn ===
[Turn 3, Step 5] Opponent: 턴 종료
[Turn 4, Step 6] Agent: 공격 - Acidic Swamp Ooze[3/2] -> Fireworks Tech
[Turn 4, Step 7] Agent: 카드 플레이 - EVIL Cable Rat (코스트: 2)
[Turn 4, Step 8] Agent: 카드 플레이 - Stubborn Gastropod (코스트: 2)
[Turn 4, Step 9] Agent: 공격 - Bloodmage Thalnos[1/1] -> Rexxar

--- Game State (Turn 4, Step 10) ---
Agent: Jaina Proudmoore HP: 30, Mana: 0/4
  Hand (4): Worgen Abomination, Boulderfist Ogre, Silverback Patriarch, Goblin Lackey
  Field: Bloodmage Thalnos[1/1], EVIL Cable Rat[1/1], Stubborn Gastropod[1/2]
Opponent: Rexxar HP: 26, Mana: 3/3
  Hand (7)
[Turn 4, Step 10] Agent: 턴 종료

[Turn 4] === Opponent's Turn ===
[Turn 4, Step 10] Opponent: 카드 플레이 - The Coin (코스트: 0)
[Turn 4, Step 10] Opponent: 턴 종료
[Turn 5, Step 11] Agent: 영웅 능력 사용 -> Stubborn Gastropod
[Turn 5, Step 12] Agent: 카드 플레이 - Silverback Patriarch (코스트: 3)
[Turn 5, Step 13] Agent: 공격 - Bloodmage Thalnos[1/1] -> Rexxar
[Turn 5, Step 14] Agent: 공격 - EVIL Cable Rat[1/1] -> Rexxar

--- Game State (Turn 5, Step 15) ---
Agent: Jaina Proudmoore HP: 30, Mana: 0/5
  Hand (4): Worgen Abomination, Boulderfist Ogre, Goblin Lackey, Hench-Clan Hag
  Field: Bloodmage Thalnos[1/1], EVIL Cable Rat[1/1], Stubborn Gastropod[1/1], Silverback Patriarch[1/4]
Opponent: Rexxar HP: 24, Mana: 4/4
  Hand (7)
[Turn 5, Step 15] Agent: 공격 - Stubborn Gastropod[1/1] -> Rexxar
[Turn 5, Step 16] Agent: 턴 종료

[Turn 5] === Opponent's Turn ===
[Turn 5, Step 16] Opponent: 카드 플레이 - Friendly Bartender (코스트: 2)
[Turn 5, Step 16] Opponent: 영웅 능력 사용
[Turn 5, Step 16] Opponent: 턴 종료
[Turn 6, Step 17] Agent: 공격 - Bloodmage Thalnos[1/1] -> Rexxar
[Turn 6, Step 18] Agent: 공격 - EVIL Cable Rat[1/1] -> Rexxar
[Turn 6, Step 19] Agent: 공격 - Stubborn Gastropod[1/1] -> Rexxar

--- Game State (Turn 6, Step 20) ---
Agent: Jaina Proudmoore HP: 28, Mana: 6/6
  Hand (5): Worgen Abomination, Boulderfist Ogre, Goblin Lackey, Hench-Clan Hag, Sunfury Protector
  Field: Bloodmage Thalnos[1/1], EVIL Cable Rat[1/1], Stubborn Gastropod[1/1], Silverback Patriarch[1/4]
Opponent: Rexxar HP: 21, Mana: 1/5
  Hand (7)
  Field: Friendly Bartender[2/3]
[Turn 6, Step 20] Agent: 공격 - Silverback Patriarch[1/4] -> Rexxar
[Turn 6, Step 21] Agent: 영웅 능력 사용 -> Bloodmage Thalnos
[Turn 6, Step 22] Agent: 카드 플레이 - Goblin Lackey -> EVIL Cable Rat (코스트: 1)
[Turn 6, Step 23] Agent: 카드 플레이 - Sunfury Protector (코스트: 2)
[Turn 6, Step 24] Agent: 턴 종료

[Turn 6] === Opponent's Turn ===
[Turn 6, Step 24] Opponent: 카드 플레이 - Ironbeak Owl -> Sunfury Protector (코스트: 3)
[Turn 6, Step 24] Opponent: 영웅 능력 사용
[Turn 6, Step 24] Opponent: 공격 - Friendly Bartender[2/3] -> Silverback Patriarch
[Turn 6, Step 24] Opponent: 턴 종료

--- Game State (Turn 7, Step 25) ---
Agent: Jaina Proudmoore HP: 26, Mana: 7/7
  Hand (5): Worgen Abomination, Boulderfist Ogre, Hench-Clan Hag, Elise the Trailblazer, Snowflipper Penguin
  Field: EVIL Cable Rat[2/1], Stubborn Gastropod[1/1], Silverback Patriarch[1/2], Goblin Lackey[1/1], Sunfury Protector[2/3]
Opponent: Rexxar HP: 21, Mana: 1/6
  Hand (7)
  Field: Friendly Bartender[2/2], Ironbeak Owl[2/1]
[Turn 7, Step 25] Agent: 공격 - Sunfury Protector[2/3] -> Rexxar
[Turn 7, Step 26] Agent: 공격 - Goblin Lackey[1/1] -> Rexxar
[Turn 7, Step 27] Agent: 공격 - EVIL Cable Rat[2/1] -> Rexxar
[Turn 7, Step 28] Agent: 공격 - Stubborn Gastropod[1/1] -> Rexxar
[Turn 7, Step 29] Agent: 공격 - Silverback Patriarch[1/2] -> Rexxar

--- Game State (Turn 7, Step 30) ---
Agent: Jaina Proudmoore HP: 26, Mana: 7/7
  Hand (5): Worgen Abomination, Boulderfist Ogre, Hench-Clan Hag, Elise the Trailblazer, Snowflipper Penguin
  Field: EVIL Cable Rat[2/1], Stubborn Gastropod[1/1], Silverback Patriarch[1/2], Goblin Lackey[1/1], Sunfury Protector[2/3]
Opponent: Rexxar HP: 14, Mana: 1/6
  Hand (7)
  Field: Friendly Bartender[2/2], Ironbeak Owl[2/1]
[Turn 7, Step 30] Agent: 영웅 능력 사용 -> Silverback Patriarch
[Turn 7, Step 31] Agent: 카드 플레이 - Hench-Clan Hag (코스트: 4)
[Turn 7, Step 32] Agent: 턴 종료

[Turn 7] === Opponent's Turn ===
[Turn 7, Step 32] Opponent: 카드 플레이 - Kobold Monk (코스트: 4)
[Turn 7, Step 32] Opponent: 카드 플레이 - Hyldnir Frostrider (코스트: 3)
[Turn 7, Step 32] Opponent: 턴 종료
[Turn 8, Step 33] Agent: 공격 - Silverback Patriarch[1/1] -> Kobold Monk
[Turn 8, Step 34] Agent: 공격 - Stubborn Gastropod[1/1] -> Hyldnir Frostrider

--- Game State (Turn 8, Step 35) ---
Agent: Jaina Proudmoore HP: 26, Mana: 8/8
  Hand (5): Worgen Abomination, Boulderfist Ogre, Elise the Trailblazer, Snowflipper Penguin, Unpowered Mauler
  Field: EVIL Cable Rat[2/1], Goblin Lackey[1/1], Sunfury Protector[2/3], Hench-Clan Hag[3/3], Amalgam[1/1]
Opponent: Rexxar HP: 15, Mana: 0/7
  Hand (6)
  Field: Friendly Bartender[2/2], Ironbeak Owl[2/1], Kobold Monk[3/5]
[Turn 8, Step 35] Agent: 공격 - Sunfury Protector[2/3] -> Kobold Monk
[Turn 8, Step 36] Agent: 공격 - Amalgam[1/1] -> Rexxar
[Turn 8, Step 37] Agent: 공격 - Hench-Clan Hag[3/3] -> Friendly Bartender
[Turn 8, Step 38] Agent: 공격 - EVIL Cable Rat[2/1] -> Ironbeak Owl
[Turn 8, Step 39] Agent: 영웅 능력 사용 -> Amalgam

--- Game State (Turn 8, Step 40) ---
Agent: Jaina Proudmoore HP: 26, Mana: 6/8
  Hand (5): Worgen Abomination, Boulderfist Ogre, Elise the Trailblazer, Snowflipper Penguin, Unpowered Mauler
  Field: Goblin Lackey[1/1], Hench-Clan Hag[3/1]
Opponent: Rexxar HP: 14, Mana: 0/7
  Hand (6)
  Field: Kobold Monk[3/3]
[Turn 8, Step 40] Agent: 카드 플레이 - Boulderfist Ogre (코스트: 6)
[Turn 8, Step 41] Agent: 카드 플레이 - Snowflipper Penguin (코스트: 0)
[Turn 8, Step 42] Agent: 공격 - Goblin Lackey[1/1] -> Rexxar
[Turn 8, Step 43] Agent: 턴 종료

[Turn 8] === Opponent's Turn ===
[Turn 8, Step 43] Opponent: 카드 플레이 - Phalanx Commander (코스트: 5)
[Turn 8, Step 43] Opponent: 턴 종료
[Turn 9, Step 44] Agent: 공격 - Boulderfist Ogre[6/7] -> Kobold Monk

--- Game State (Turn 9, Step 45) ---
Agent: Jaina Proudmoore HP: 26, Mana: 9/9
  Hand (4): Worgen Abomination, Elise the Trailblazer, Unpowered Mauler, Fire Plume Phoenix
  Field: Goblin Lackey[1/1], Hench-Clan Hag[3/1], Boulderfist Ogre[6/4], Snowflipper Penguin[1/1]
Opponent: Rexxar HP: 13, Mana: 3/8
  Hand (6)
  Field: Phalanx Commander[4/5]
[Turn 9, Step 45] Agent: 영웅 능력 사용 -> Boulderfist Ogre
[Turn 9, Step 46] Agent: 공격 - Snowflipper Penguin[1/1] -> Rexxar
[Turn 9, Step 47] Agent: 카드 플레이 - Fire Plume Phoenix -> Phalanx Commander (코스트: 4)
[Turn 9, Step 48] Agent: 카드 플레이 - Unpowered Mauler (코스트: 2)
[Turn 9, Step 49] Agent: 공격 - Goblin Lackey[1/1] -> Rexxar

--- Game State (Turn 9, Step 50) ---
Agent: Jaina Proudmoore HP: 26, Mana: 1/9
  Hand (2): Worgen Abomination, Elise the Trailblazer
  Field: Goblin Lackey[1/1], Hench-Clan Hag[3/1], Boulderfist Ogre[6/3], Snowflipper Penguin[1/1], Fire Plume Phoenix[3/3], Unpowered Mauler[2/4]
Opponent: Rexxar HP: 11, Mana: 3/8
  Hand (6)
  Field: Phalanx Commander[4/3]
[Turn 9, Step 50] Agent: 공격 - Hench-Clan Hag[3/1] -> Rexxar
[Turn 9, Step 51] Agent: 턴 종료

[Turn 9] === Opponent's Turn ===
[Turn 9, Step 51] Opponent: 턴 종료
[Turn 10, Step 52] Agent: 공격 - Hench-Clan Hag[3/1] -> Rexxar
[Turn 10, Step 53] Agent: 공격 - Boulderfist Ogre[6/3] -> Rexxar

--- Game State (Turn 10, Step 54) ---
Agent: Jaina Proudmoore HP: 26, Mana: 10/10
  Hand (3): Worgen Abomination, Elise the Trailblazer, Arcanosmith
  Field: Goblin Lackey[1/1], Hench-Clan Hag[3/1], Boulderfist Ogre[6/3], Snowflipper Penguin[1/1], Fire Plume Phoenix[3/3], Unpowered Mauler[2/4]
Opponent: Rexxar HP: 0, Mana: 9/9
  Hand (7)
  Field: Phalanx Commander[4/3]

============================================================
게임 종료 - Terminated: True, Truncated: False
승자: Agent
============================================================

