============================================================
NEW GAME STARTED
Agent: HERO_08 vs Opponent: HERO_05
Action Masking: OFF
Masking Expected: OFF
============================================================

[Turn 1] === Opponent's Turn ===
[Turn 1, Step 0] Opponent: 턴 종료
[Turn 1, Step 1] Agent: 카드 플레이 - Rocket Augmerchant (코스트: 1)
[Turn 1, Step 2] Agent: 카드 플레이 - The Coin (코스트: 0)
[Turn 1, Step 3] Agent: 카드 플레이 - Murloc Tidecaller (코스트: 1)
[Turn 1, Step 4] Agent: 턴 종료

[Turn 1] === Opponent's Turn ===
[Turn 1, Step 4] Opponent: 영웅 능력 사용
[Turn 1, Step 4] Opponent: 턴 종료

--- Game State (Turn 2, Step 5) ---
Agent: Jaina Proudmoore HP: 28, Mana: 2/2
  Hand (4): Twisted Worgen, Ozruk, Astral Rift, Shooting Star
  Field: Rocket Augmerchant[2/1], Murloc Tidecaller[1/2]
Opponent: Rexxar HP: 30, Mana: 0/2
  Hand (5)
[Turn 2, Step 5] Agent: 카드 플레이 - Twisted Worgen (코스트: 2)
[Turn 2, Step 6] Agent: 공격 - Rocket Augmerchant[2/1] -> Rexxar
[Turn 2, Step 7] Agent: 공격 - Murloc Tidecaller[1/2] -> Rexxar
[Turn 2, Step 8] Agent: 턴 종료

[Turn 2] === Opponent's Turn ===
[Turn 2, Step 8] Opponent: 턴 종료
[Turn 3, Step 9] Agent: 카드 플레이 - Astral Rift (코스트: 2)

--- Game State (Turn 3, Step 10) ---
Agent: Jaina Proudmoore HP: 28, Mana: 1/3
  Hand (5): Ozruk, Shooting Star, Jade Spirit, Jade Chieftain, Sewer Crawler
  Field: Rocket Augmerchant[2/1], Murloc Tidecaller[1/2], Twisted Worgen[3/1]
Opponent: Rexxar HP: 27, Mana: 3/3
  Hand (6)
[Turn 3, Step 10] Agent: 카드 플레이 - Shooting Star -> Rocket Augmerchant (코스트: 1)
[Turn 3, Step 11] Agent: 공격 - Murloc Tidecaller[1/1] -> Rexxar
[Turn 3, Step 12] Agent: 공격 - Twisted Worgen[3/1] -> Rexxar
[Turn 3, Step 13] Agent: 턴 종료

[Turn 3] === Opponent's Turn ===
[Turn 3, Step 13] Opponent: 카드 플레이 - Duskboar (코스트: 2)
[Turn 3, Step 13] Opponent: 영웅 능력 사용
[Turn 3, Step 13] Opponent: 턴 종료
[Turn 4, Step 14] Agent: 카드 플레이 - Jade Spirit (코스트: 4)

--- Game State (Turn 4, Step 15) ---
Agent: Jaina Proudmoore HP: 26, Mana: 0/4
  Hand (4): Ozruk, Jade Chieftain, Sewer Crawler, Mana Giant
  Field: Murloc Tidecaller[1/1], Twisted Worgen[3/1], Jade Spirit[2/3], Jade Golem[1/1]
Opponent: Rexxar HP: 23, Mana: 0/4
  Hand (6)
  Field: Duskboar[4/1]
[Turn 4, Step 15] Agent: 공격 - Murloc Tidecaller[1/1] -> Rexxar
[Turn 4, Step 16] Agent: 공격 - Twisted Worgen[3/1] -> Rexxar
[Turn 4, Step 17] Agent: 턴 종료

[Turn 4] === Opponent's Turn ===
[Turn 4, Step 17] Opponent: 턴 종료
[Turn 5, Step 18] Agent: 카드 플레이 - Sewer Crawler (코스트: 3)
[Turn 5, Step 19] Agent: 영웅 능력 사용 -> Jaina Proudmoore

--- Game State (Turn 5, Step 20) ---
Agent: Jaina Proudmoore HP: 25, Mana: 0/5
  Hand (4): Ozruk, Jade Chieftain, Mana Giant, Flamestrike
  Field: Murloc Tidecaller[1/1], Twisted Worgen[3/1], Jade Spirit[2/3], Jade Golem[1/1], Sewer Crawler[1/1], Giant Rat[2/3]
Opponent: Rexxar HP: 19, Mana: 5/5
  Hand (7)
  Field: Duskboar[4/1]
[Turn 5, Step 20] Agent: 공격 - Murloc Tidecaller[1/1] -> Rexxar
[Turn 5, Step 21] Agent: 공격 - Twisted Worgen[3/1] -> Rexxar
[Turn 5, Step 22] Agent: 공격 - Jade Spirit[2/3] -> Rexxar
[Turn 5, Step 23] Agent: 공격 - Jade Golem[1/1] -> Rexxar
[Turn 5, Step 24] Agent: 턴 종료

[Turn 5] === Opponent's Turn ===
[Turn 5, Step 24] Opponent: 턴 종료

--- Game State (Turn 6, Step 25) ---
Agent: Jaina Proudmoore HP: 25, Mana: 6/6
  Hand (5): Ozruk, Jade Chieftain, Mana Giant, Flamestrike, Eccentric Scribe
  Field: Murloc Tidecaller[1/1], Twisted Worgen[3/1], Jade Spirit[2/3], Jade Golem[1/1], Sewer Crawler[1/1], Giant Rat[2/3]
Opponent: Rexxar HP: 12, Mana: 6/6
  Hand (8)
  Field: Duskboar[4/1]
[Turn 6, Step 25] Agent: 카드 플레이 - Mana Giant (코스트: 6)
[Turn 6, Step 26] Agent: 공격 - Murloc Tidecaller[1/1] -> Rexxar
[Turn 6, Step 27] Agent: 공격 - Twisted Worgen[3/1] -> Rexxar
[Turn 6, Step 28] Agent: 공격 - Jade Spirit[2/3] -> Rexxar
[Turn 6, Step 29] Agent: 공격 - Jade Golem[1/1] -> Rexxar

--- Game State (Turn 6, Step 30) ---
Agent: Jaina Proudmoore HP: 25, Mana: 0/6
  Hand (4): Ozruk, Jade Chieftain, Flamestrike, Eccentric Scribe
  Field: Murloc Tidecaller[1/1], Twisted Worgen[3/1], Jade Spirit[2/3], Jade Golem[1/1], Sewer Crawler[1/1], Giant Rat[2/3], Mana Giant[8/8]
Opponent: Rexxar HP: 5, Mana: 6/6
  Hand (8)
  Field: Duskboar[4/1]
[Turn 6, Step 30] Agent: 공격 - Sewer Crawler[1/1] -> Rexxar
[Turn 6, Step 31] Agent: 공격 - Giant Rat[2/3] -> Rexxar
[Turn 6, Step 32] Agent: 턴 종료

[Turn 6] === Opponent's Turn ===
[Turn 6, Step 32] Opponent: 공격 - Duskboar[4/1] -> Giant Rat
[Turn 6, Step 32] Opponent: 턴 종료
[Turn 7, Step 33] Agent: 카드 플레이 - Jade Chieftain (코스트: 7)
[Turn 7, Step 34] Agent: 공격 - Murloc Tidecaller[1/1] -> Rexxar

--- Game State (Turn 7, Step 35) ---
Agent: Jaina Proudmoore HP: 25, Mana: 0/7
  Hand (4): Ozruk, Flamestrike, Eccentric Scribe, Heroic Innkeeper
  Field: Murloc Tidecaller[1/1], Twisted Worgen[3/1], Jade Spirit[2/3], Jade Golem[1/1], Sewer Crawler[1/1], Mana Giant[8/8], Jade Chieftain[5/5]
Opponent: Rexxar HP: 1, Mana: 7/7
  Hand (9)
[Turn 7, Step 35] Agent: 공격 - Twisted Worgen[3/1] -> Rexxar

--- Game State (Turn 7, Step 36) ---
Agent: Jaina Proudmoore HP: 25, Mana: 0/7
  Hand (4): Ozruk, Flamestrike, Eccentric Scribe, Heroic Innkeeper
  Field: Murloc Tidecaller[1/1], Twisted Worgen[3/1], Jade Spirit[2/3], Jade Golem[1/1], Sewer Crawler[1/1], Mana Giant[8/8], Jade Chieftain[5/5]
Opponent: Rexxar HP: 0, Mana: 7/7
  Hand (9)

============================================================
게임 종료 - Terminated: True, Truncated: False
승자: Agent
============================================================

