============================================================
NEW GAME STARTED
Agent: HERO_08 vs Opponent: HERO_05
Action Masking: OFF
============================================================

[Turn 1] === Opponent's Turn ===
[Turn 1, Step 0] Opponent: 카드 플레이 - Clear the Way (코스트: 1)
[Turn 1, Step 0] Opponent: 턴 종료
[Turn 1, Step 1] Agent: 유효하지 않은 액션 인덱스(77) → 2로 보정
[Turn 1, Step 1] Agent: 카드 플레이 - The Coin (코스트: 0)
[Turn 1, Step 2] Agent: 유효하지 않은 액션 인덱스(12) → 0로 보정
[Turn 1, Step 2] Agent: 턴 종료

[Turn 1] === Opponent's Turn ===
[Turn 1, Step 2] Opponent: 영웅 능력 사용
[Turn 1, Step 2] Opponent: 턴 종료
[Turn 2, Step 3] Agent: 유효하지 않은 액션 인덱스(58) → 3로 보정
[Turn 2, Step 3] Agent: 영웅 능력 사용 -> Jaina Proudmoore
[Turn 2, Step 4] Agent: 유효하지 않은 액션 인덱스(40) → 0로 보정
[Turn 2, Step 4] Agent: 턴 종료

[Turn 2] === Opponent's Turn ===
[Turn 2, Step 4] Opponent: 카드 플레이 - Blackwing Technician (코스트: 3)
[Turn 2, Step 4] Opponent: 턴 종료

--- Game State (Turn 3, Step 5) ---
Agent: Jaina Proudmoore HP: 27, Mana: 3/3
  Hand (7): C'Thun's Chosen, Mad Hatter, Furious Ettin, Undertaker, Nerubian Prophet, Mirror Image, Backstreet Leper
Opponent: Rexxar HP: 30, Mana: 0/3
  Hand (4)
  Field: Blackwing Technician[3/5]
[Turn 3, Step 5] Agent: 유효하지 않은 액션 인덱스(52) → 3로 보정
[Turn 3, Step 5] Agent: 카드 플레이 - Backstreet Leper (코스트: 3)
[Turn 3, Step 6] Agent: 유효하지 않은 액션 인덱스(42) → 0로 보정
[Turn 3, Step 6] Agent: 턴 종료

[Turn 3] === Opponent's Turn ===
[Turn 3, Step 6] Opponent: 카드 플레이 - Infested Wolf (코스트: 4)
[Turn 3, Step 6] Opponent: 턴 종료
[Turn 4, Step 7] Agent: 유효하지 않은 액션 인덱스(99) → 9로 보정
[Turn 4, Step 7] Agent: 영웅 능력 사용 -> Blackwing Technician
[Turn 4, Step 8] Agent: 유효하지 않은 액션 인덱스(50) → 2로 보정
[Turn 4, Step 8] Agent: 카드 플레이 - Mirror Image (코스트: 1)
[Turn 4, Step 9] Agent: 유효하지 않은 액션 인덱스(22) → 2로 보정
[Turn 4, Step 9] Agent: 공격 - Backstreet Leper[3/1] -> Rexxar

--- Game State (Turn 4, Step 10) ---
Agent: Jaina Proudmoore HP: 27, Mana: 1/4
  Hand (6): C'Thun's Chosen, Mad Hatter, Furious Ettin, Undertaker, Nerubian Prophet, Blubber Baron
  Field: Backstreet Leper[3/1], Mirror Image[0/2], Mirror Image[0/2]
Opponent: Rexxar HP: 27, Mana: 0/4
  Hand (4)
  Field: Blackwing Technician[3/4], Infested Wolf[3/3]
[Turn 4, Step 10] Agent: 유효하지 않은 액션 인덱스(13) → 1로 보정
[Turn 4, Step 10] Agent: 카드 플레이 - Undertaker (코스트: 1)
[Turn 4, Step 11] Agent: 유효하지 않은 액션 인덱스(34) → 0로 보정
[Turn 4, Step 11] Agent: 턴 종료

[Turn 4] === Opponent's Turn ===
[Turn 4, Step 11] Opponent: 카드 플레이 - Piloted Shredder (코스트: 4)
[Turn 4, Step 11] Opponent: 턴 종료
[Turn 5, Step 12] Agent: 유효하지 않은 액션 인덱스(68) → 2로 보정
[Turn 5, Step 12] Agent: 카드 플레이 - Mad Hatter (코스트: 4)
[Turn 5, Step 13] Agent: 유효하지 않은 액션 인덱스(26) → 0로 보정
[Turn 5, Step 13] Agent: 턴 종료

[Turn 5] === Opponent's Turn ===
[Turn 5, Step 13] Opponent: 카드 플레이 - Veranus (코스트: 6)
[Turn 5, Step 13] Opponent: 공격 - Infested Wolf[4/4] -> Mirror Image
[Turn 5, Step 13] Opponent: 턴 종료
[Turn 6, Step 14] Agent: 유효하지 않은 액션 인덱스(86) → 14로 보정
[Turn 6, Step 14] Agent: 영웅 능력 사용 -> Mad Hatter

--- Game State (Turn 6, Step 15) ---
Agent: Jaina Proudmoore HP: 27, Mana: 4/6
  Hand (6): Spellbender, C'Thun's Chosen, Furious Ettin, Nerubian Prophet, Blubber Baron, Blizzard
  Field: Backstreet Leper[4/1], Mirror Image[1/1], Undertaker[1/1]
Opponent: Rexxar HP: 27, Mana: 0/6
  Hand (4)
  Field: Blackwing Technician[3/4], Infested Wolf[4/4], Piloted Shredder[4/3], Veranus[7/6]
[Turn 6, Step 15] Agent: 유효하지 않은 액션 인덱스(24) → 4로 보정
[Turn 6, Step 15] Agent: 카드 플레이 - Blubber Baron (코스트: 3)
[Turn 6, Step 16] Agent: 유효하지 않은 액션 인덱스(21) → 4로 보정
[Turn 6, Step 16] Agent: 공격 - Backstreet Leper[4/1] -> Infested Wolf
[Turn 6, Step 17] Agent: 유효하지 않은 액션 인덱스(93) → 9로 보정
[Turn 6, Step 17] Agent: 공격 - Undertaker[1/1] -> Blackwing Technician
[Turn 6, Step 18] Agent: 유효하지 않은 액션 인덱스(32) → 0로 보정
[Turn 6, Step 18] Agent: 턴 종료

[Turn 6] === Opponent's Turn ===
[Turn 6, Step 18] Opponent: 턴 종료
[Turn 7, Step 19] Agent: 유효하지 않은 액션 인덱스(28) → 0로 보정
[Turn 7, Step 19] Agent: 턴 종료

[Turn 7] === Opponent's Turn ===
[Turn 7, Step 19] Opponent: 턴 종료

--- Game State (Turn 8, Step 20) ---
Agent: Jaina Proudmoore HP: 27, Mana: 8/8
  Hand (7): Spellbender, C'Thun's Chosen, Furious Ettin, Nerubian Prophet, Blizzard, Loatheb, Rockpool Hunter
  Field: Mirror Image[1/1], Blubber Baron[2/2]
Opponent: Rexxar HP: 25, Mana: 8/8
  Hand (6)
  Field: Blackwing Technician[3/3], Spider[1/1], Spider[1/1], Piloted Shredder[4/3], Veranus[7/6]
[Turn 8, Step 20] Agent: 유효하지 않은 액션 인덱스(59) → 1로 보정
[Turn 8, Step 20] Agent: 카드 플레이 - Spellbender (코스트: 3)
[Turn 8, Step 21] Agent: 유효하지 않은 액션 인덱스(94) → 16로 보정
[Turn 8, Step 21] Agent: 공격 - Mirror Image[1/1] -> Spider
[Turn 8, Step 22] Agent: 유효하지 않은 액션 인덱스(65) → 14로 보정
[Turn 8, Step 22] Agent: 공격 - Blubber Baron[2/2] -> Spider
[Turn 8, Step 23] Agent: 유효하지 않은 액션 인덱스(73) → 7로 보정
[Turn 8, Step 23] Agent: 영웅 능력 사용 -> Blackwing Technician
[Turn 8, Step 24] Agent: 유효하지 않은 액션 인덱스(78) → 0로 보정
[Turn 8, Step 24] Agent: 턴 종료

[Turn 8] === Opponent's Turn ===
[Turn 8, Step 24] Opponent: 공격 - Piloted Shredder[4/3] -> Blubber Baron
[Turn 8, Step 24] Opponent: 카드 플레이 - Phantom Militia (코스트: 3)
[Turn 8, Step 24] Opponent: 카드 플레이 - Faceless Lurker (코스트: 5)
[Turn 8, Step 24] Opponent: 공격 - Blackwing Technician[3/2] -> Jaina Proudmoore
[Turn 8, Step 24] Opponent: 공격 - Veranus[7/6] -> Jaina Proudmoore
[Turn 8, Step 24] Opponent: 턴 종료

--- Game State (Turn 9, Step 25) ---
Agent: Jaina Proudmoore HP: 17, Mana: 9/9
  Hand (7): C'Thun's Chosen, Furious Ettin, Nerubian Prophet, Blizzard, Loatheb, Rockpool Hunter, Spellbender
Opponent: Rexxar HP: 25, Mana: 1/9
  Hand (5)
  Field: Blackwing Technician[3/2], Piloted Shredder[4/1], Veranus[7/6], Phantom Militia[2/4], Faceless Lurker[3/6]
[Turn 9, Step 25] Agent: 카드 플레이 - Loatheb (코스트: 5)
[Turn 9, Step 26] Agent: 유효하지 않은 액션 인덱스(62) → 2로 보정
[Turn 9, Step 26] Agent: 카드 플레이 - Nerubian Prophet (코스트: 0)
[Turn 9, Step 27] Agent: 유효하지 않은 액션 인덱스(83) → 11로 보정
[Turn 9, Step 27] Agent: 영웅 능력 사용 -> Nerubian Prophet
[Turn 9, Step 28] Agent: 유효하지 않은 액션 인덱스(56) → 0로 보정
[Turn 9, Step 28] Agent: 턴 종료

[Turn 9] === Opponent's Turn ===
[Turn 9, Step 28] Opponent: 카드 플레이 - Corpse Raiser -> Phantom Militia (코스트: 5)
[Turn 9, Step 28] Opponent: 공격 - Faceless Lurker[3/6] -> Loatheb
[Turn 9, Step 28] Opponent: 공격 - Veranus[7/6] -> Nerubian Prophet
[Turn 9, Step 28] Opponent: 턴 종료
[Turn 10, Step 29] Agent: 턴 종료

[Turn 10] === Opponent's Turn ===
[Turn 10, Step 29] Opponent: 턴 종료

--- Game State (Turn 10, Step 30) ---
Agent: Jaina Proudmoore HP: 17, Mana: 10/10
  Hand (7): Stargazer Luna, C'Thun's Chosen, Furious Ettin, Blizzard, Rockpool Hunter, Spellbender, Rabble Bouncer
  Field: Loatheb[5/2]
Opponent: Rexxar HP: 25, Mana: 10/10
  Hand (6)
  Field: Blackwing Technician[3/2], Piloted Shredder[4/1], Veranus[7/2], Phantom Militia[2/4], Faceless Lurker[3/1], Corpse Raiser[3/3]
[Turn 10, Step 30] Agent: 유효하지 않은 액션 인덱스(64) → 10로 보정
[Turn 10, Step 30] Agent: 영웅 능력 사용 -> Piloted Shredder
[Turn 10, Step 31] Agent: 유효하지 않은 액션 인덱스(62) → 8로 보정
[Turn 10, Step 31] Agent: 공격 - Loatheb[5/2] -> Faceless Lurker
[Turn 10, Step 32] Agent: 유효하지 않은 액션 인덱스(16) → 2로 보정
[Turn 10, Step 32] Agent: 카드 플레이 - C'Thun's Chosen (코스트: 4)
[Turn 10, Step 33] Agent: 유효하지 않은 액션 인덱스(93) → 1로 보정
[Turn 10, Step 33] Agent: 카드 플레이 - Stargazer Luna (코스트: 3)
[Turn 10, Step 34] Agent: 유효하지 않은 액션 인덱스(16) → 0로 보정
[Turn 10, Step 34] Agent: 턴 종료

[Turn 10] === Opponent's Turn ===
[Turn 10, Step 34] Opponent: 카드 플레이 - Violet Spellsword (코스트: 4)
[Turn 10, Step 34] Opponent: 카드 플레이 - Dispatch Kodo -> Stargazer Luna (코스트: 4)
[Turn 10, Step 34] Opponent: 공격 - Veranus[7/2] -> Stargazer Luna
[Turn 10, Step 34] Opponent: 공격 - Phantom Militia[2/4] -> C'Thun's Chosen
[Turn 10, Step 34] Opponent: 공격 - Blackwing Technician[3/2] -> Jaina Proudmoore
[Turn 10, Step 34] Opponent: 공격 - Corpse Raiser[3/3] -> C'Thun's Chosen
[Turn 10, Step 34] Opponent: 공격 - Cutpurse[2/2] -> Jaina Proudmoore
[Turn 10, Step 34] Opponent: 영웅 능력 사용
[Turn 10, Step 34] Opponent: 카드 플레이 - The Coin (코스트: 0)
[Turn 10, Step 34] Opponent: 턴 종료

--- Game State (Turn 10, Step 35) ---
Agent: Jaina Proudmoore HP: 10, Mana: 10/10
  Hand (6): Bolf Ramshield, Furious Ettin, Blizzard, Rockpool Hunter, Spellbender, Rabble Bouncer
Opponent: Rexxar HP: 25, Mana: 0/10
  Hand (5)
  Field: Blackwing Technician[3/2], Cutpurse[2/2], Violet Spellsword[1/6], Dispatch Kodo[2/4], Phantom Militia[2/4]
[Turn 10, Step 35] Agent: 유효하지 않은 액션 인덱스(28) → 2로 보정
[Turn 10, Step 35] Agent: 카드 플레이 - Furious Ettin (코스트: 7)
[Turn 10, Step 36] Agent: 유효하지 않은 액션 인덱스(58) → 3로 보정
[Turn 10, Step 36] Agent: 영웅 능력 사용 -> Jaina Proudmoore
[Turn 10, Step 37] Agent: 유효하지 않은 액션 인덱스(48) → 0로 보정
[Turn 10, Step 37] Agent: 턴 종료

[Turn 10] === Opponent's Turn ===
[Turn 10, Step 37] Opponent: 공격 - Phantom Militia[2/4] -> Furious Ettin
[Turn 10, Step 37] Opponent: 카드 플레이 - Injured Blademaster (코스트: 3)
[Turn 10, Step 37] Opponent: 공격 - Dispatch Kodo[2/4] -> Furious Ettin
[Turn 10, Step 37] Opponent: 카드 플레이 - Raid Leader (코스트: 3)
[Turn 10, Step 37] Opponent: 턴 종료
[Turn 10, Step 38] Agent: 유효하지 않은 액션 인덱스(93) → 13로 보정
[Turn 10, Step 38] Agent: 영웅 능력 사용 -> Raid Leader
[Turn 10, Step 39] Agent: 유효하지 않은 액션 인덱스(29) → 5로 보정
[Turn 10, Step 39] Agent: 카드 플레이 - Serpent Egg (코스트: 2)

--- Game State (Turn 10, Step 40) ---
Agent: Jaina Proudmoore HP: 9, Mana: 6/10
  Hand (5): Bolf Ramshield, Blizzard, Rockpool Hunter, Spellbender, Rabble Bouncer
  Field: Furious Ettin[5/5], Serpent Egg[0/3]
Opponent: Rexxar HP: 25, Mana: 4/10
  Hand (4)
  Field: Blackwing Technician[4/2], Cutpurse[3/2], Violet Spellsword[2/6], Injured Blademaster[5/3], Raid Leader[2/1]
[Turn 10, Step 40] Agent: 유효하지 않은 액션 인덱스(65) → 10로 보정
[Turn 10, Step 40] Agent: 공격 - Furious Ettin[5/5] -> Raid Leader
[Turn 10, Step 41] Agent: 유효하지 않은 액션 인덱스(70) → 0로 보정
[Turn 10, Step 41] Agent: 턴 종료

[Turn 10] === Opponent's Turn ===
[Turn 10, Step 41] Opponent: 턴 종료
[Turn 10, Step 42] Agent: 유효하지 않은 액션 인덱스(72) → 15로 보정
[Turn 10, Step 42] Agent: 공격 - Furious Ettin[5/3] -> Blackwing Technician
[Turn 10, Step 43] Agent: 유효하지 않은 액션 인덱스(58) → 10로 보정
[Turn 10, Step 43] Agent: 영웅 능력 사용 -> Injured Blademaster
[Turn 10, Step 44] Agent: 유효하지 않은 액션 인덱스(61) → 1로 보정
[Turn 10, Step 44] Agent: 카드 플레이 - Bolf Ramshield (코스트: 6)

--- Game State (Turn 10, Step 45) ---
Agent: Jaina Proudmoore HP: 9, Mana: 2/10
  Hand (5): Blizzard, Rockpool Hunter, Spellbender, Rabble Bouncer, Spark Drill
  Field: Serpent Egg[0/3], Bolf Ramshield[3/9]
Opponent: Rexxar HP: 25, Mana: 10/10
  Hand (5)
  Field: Cutpurse[2/2], Violet Spellsword[1/6], Injured Blademaster[4/2]
[Turn 10, Step 45] Agent: 유효하지 않은 액션 인덱스(12) → 0로 보정
[Turn 10, Step 45] Agent: 턴 종료

[Turn 10] === Opponent's Turn ===
[Turn 10, Step 45] Opponent: 카드 플레이 - Dollmaster Dorian (코스트: 5)
[Turn 10, Step 45] Opponent: 턴 종료
[Turn 10, Step 46] Agent: 유효하지 않은 액션 인덱스(24) → 5로 보정
[Turn 10, Step 46] Agent: 카드 플레이 - Jade Spirit (코스트: 4)
[Turn 10, Step 47] Agent: 유효하지 않은 액션 인덱스(52) → 12로 보정
[Turn 10, Step 47] Agent: 영웅 능력 사용 -> Dollmaster Dorian
[Turn 10, Step 48] Agent: 유효하지 않은 액션 인덱스(72) → 0로 보정
[Turn 10, Step 48] Agent: 턴 종료

[Turn 10] === Opponent's Turn ===
[Turn 10, Step 48] Opponent: 공격 - Cutpurse[2/2] -> Jade Golem
[Turn 10, Step 48] Opponent: 공격 - Violet Spellsword[1/6] -> Bolf Ramshield
[Turn 10, Step 48] Opponent: 턴 종료
[Turn 10, Step 49] Agent: 유효하지 않은 액션 인덱스(63) → 13로 보정
[Turn 10, Step 49] Agent: 영웅 능력 사용 -> Dollmaster Dorian

--- Game State (Turn 10, Step 50) ---
Agent: Jaina Proudmoore HP: 9, Mana: 8/10
  Hand (6): Dragonmaw Scorcher, Blizzard, Rockpool Hunter, Spellbender, Rabble Bouncer, Spark Drill
  Field: Serpent Egg[0/3], Bolf Ramshield[3/8], Jade Spirit[2/3]
Opponent: Rexxar HP: 25, Mana: 10/10
  Hand (6)
  Field: Cutpurse[2/1], Violet Spellsword[1/3], Injured Blademaster[4/2], Dollmaster Dorian[2/4]
[Turn 10, Step 50] Agent: 유효하지 않은 액션 인덱스(94) → 14로 보정
[Turn 10, Step 50] Agent: 공격 - Jade Spirit[2/3] -> Injured Blademaster
[Turn 10, Step 51] Agent: 유효하지 않은 액션 인덱스(98) → 8로 보정
[Turn 10, Step 51] Agent: 공격 - Bolf Ramshield[3/8] -> Violet Spellsword
[Turn 10, Step 52] Agent: 유효하지 않은 액션 인덱스(49) → 1로 보정
[Turn 10, Step 52] Agent: 카드 플레이 - Dragonmaw Scorcher (코스트: 5)
[Turn 10, Step 53] Agent: 유효하지 않은 액션 인덱스(13) → 1로 보정
[Turn 10, Step 53] Agent: 카드 플레이 - Rockpool Hunter (코스트: 2)
[Turn 10, Step 54] Agent: 유효하지 않은 액션 인덱스(18) → 0로 보정
[Turn 10, Step 54] Agent: 턴 종료

[Turn 10] === Opponent's Turn ===
[Turn 10, Step 54] Opponent: 공격 - Dollmaster Dorian[2/3] -> Jaina Proudmoore
[Turn 10, Step 54] Opponent: 카드 플레이 - Feral Gibberer (코스트: 1)
[Turn 10, Step 54] Opponent: 카드 플레이 - Menagerie Magician (코스트: 5)
[Turn 10, Step 54] Opponent: 카드 플레이 - Serpent Ward (코스트: 2)
[Turn 10, Step 54] Opponent: 영웅 능력 사용
[Turn 10, Step 54] Opponent: 턴 종료

--- Game State (Turn 10, Step 55) ---
Agent: Jaina Proudmoore HP: 9, Mana: 10/10
  Hand (5): Blizzard, Spellbender, Rabble Bouncer, Spark Drill, Witchwood Piper
  Field: Serpent Egg[0/2], Dragonmaw Scorcher[3/6], Rockpool Hunter[2/3]
Opponent: Rexxar HP: 25, Mana: 0/10
  Hand (4)
  Field: Dollmaster Dorian[2/3], Feral Gibberer[1/1], Menagerie Magician[4/4], Serpent Ward[0/2]
[Turn 10, Step 55] Agent: 유효하지 않은 액션 인덱스(44) → 20로 보정
[Turn 10, Step 55] Agent: 공격 - Rockpool Hunter[2/3] -> Dollmaster Dorian
[Turn 10, Step 56] Agent: 유효하지 않은 액션 인덱스(81) → 5로 보정
[Turn 10, Step 56] Agent: 영웅 능력 사용 -> Jaina Proudmoore
[Turn 10, Step 57] Agent: 유효하지 않은 액션 인덱스(35) → 5로 보정
[Turn 10, Step 57] Agent: 공격 - Dragonmaw Scorcher[3/6] -> Rexxar
[Turn 10, Step 58] Agent: 유효하지 않은 액션 인덱스(94) → 4로 보정
[Turn 10, Step 58] Agent: 카드 플레이 - Witchwood Piper (코스트: 4)
[Turn 10, Step 59] Agent: 유효하지 않은 액션 인덱스(52) → 1로 보정
[Turn 10, Step 59] Agent: 카드 플레이 - Rabble Bouncer (코스트: 3)

--- Game State (Turn 10, Step 60) ---
Agent: Jaina Proudmoore HP: 8, Mana: 1/10
  Hand (4): Blizzard, Spellbender, Spark Drill, Micro Machine
  Field: Serpent Egg[0/2], Dragonmaw Scorcher[3/6], Rockpool Hunter[2/1], Witchwood Piper[3/3], Rabble Bouncer[2/7]
Opponent: Rexxar HP: 22, Mana: 0/10
  Hand (4)
  Field: Dollmaster Dorian[2/1], Feral Gibberer[1/1], Menagerie Magician[4/4], Serpent Ward[0/2]
[Turn 10, Step 60] Agent: 유효하지 않은 액션 인덱스(4) → 0로 보정
[Turn 10, Step 60] Agent: 턴 종료

[Turn 10] === Opponent's Turn ===
[Turn 10, Step 60] Opponent: 카드 플레이 - Murloc Tidehunter (코스트: 2)
[Turn 10, Step 60] Opponent: 공격 - Dollmaster Dorian[2/1] -> Rabble Bouncer
[Turn 10, Step 60] Opponent: 공격 - Feral Gibberer[1/1] -> Rabble Bouncer
[Turn 10, Step 60] Opponent: 카드 플레이 - Eldritch Horror (코스트: 8)
[Turn 10, Step 60] Opponent: 공격 - Menagerie Magician[4/4] -> Rabble Bouncer
[Turn 10, Step 60] Opponent: 턴 종료
[Turn 10, Step 61] Agent: 유효하지 않은 액션 인덱스(96) → 28로 보정
[Turn 10, Step 61] Agent: 공격 - Witchwood Piper[3/3] -> Rexxar
[Turn 10, Step 62] Agent: 유효하지 않은 액션 인덱스(60) → 4로 보정
[Turn 10, Step 62] Agent: 카드 플레이 - Tol'vir Stoneshaper (코스트: 4)
[Turn 10, Step 63] Agent: 유효하지 않은 액션 인덱스(29) → 1로 보정
[Turn 10, Step 63] Agent: 카드 플레이 - Blizzard (코스트: 6)
[Turn 10, Step 64] Agent: 유효하지 않은 액션 인덱스(84) → 4로 보정
[Turn 10, Step 64] Agent: 공격 - Rockpool Hunter[2/1] -> Eldritch Horror

--- Game State (Turn 10, Step 65) ---
Agent: Jaina Proudmoore HP: 6, Mana: 0/10
  Hand (3): Spellbender, Spark Drill, Micro Machine
  Field: Serpent Egg[0/2], Dragonmaw Scorcher[3/6], Witchwood Piper[3/3], Tol'vir Stoneshaper[3/5]
Opponent: Rexxar HP: 19, Mana: 0/10
  Hand (3)
  Field: Eldritch Horror[6/6]
[Turn 10, Step 65] Agent: 유효하지 않은 액션 인덱스(31) → 1로 보정
[Turn 10, Step 65] Agent: 공격 - Dragonmaw Scorcher[3/6] -> Rexxar
[Turn 10, Step 66] Agent: 유효하지 않은 액션 인덱스(77) → 0로 보정
[Turn 10, Step 66] Agent: 턴 종료

[Turn 10] === Opponent's Turn ===
[Turn 10, Step 66] Opponent: 카드 플레이 - Amani War Bear (코스트: 7)
[Turn 10, Step 66] Opponent: 영웅 능력 사용
[Turn 10, Step 66] Opponent: 공격 - Amani War Bear[5/7] -> Dragonmaw Scorcher
[Turn 10, Step 66] Opponent: 턴 종료
[Turn 10, Step 67] Agent: 유효하지 않은 액션 인덱스(16) → 1로 보정
[Turn 10, Step 67] Agent: 카드 플레이 - Spark Drill (코스트: 6)
[Turn 10, Step 68] Agent: 유효하지 않은 액션 인덱스(20) → 5로 보정
[Turn 10, Step 68] Agent: 영웅 능력 사용 -> Dragonmaw Scorcher
[Turn 10, Step 69] Agent: 유효하지 않은 액션 인덱스(9) → 4로 보정
[Turn 10, Step 69] Agent: 공격 - Spark Drill[5/1] -> Amani War Bear

--- Game State (Turn 10, Step 70) ---
Agent: Jaina Proudmoore HP: 4, Mana: 2/10
  Hand (5): Spellbender, Micro Machine, Chef Nomi, Spark, Spark
  Field: Serpent Egg[0/2], Witchwood Piper[3/3], Tol'vir Stoneshaper[3/5]
Opponent: Rexxar HP: 16, Mana: 1/10
  Hand (3)
  Field: Eldritch Horror[6/6]
[Turn 10, Step 70] Agent: 유효하지 않은 액션 인덱스(14) → 6로 보정
[Turn 10, Step 70] Agent: 공격 - Tol'vir Stoneshaper[3/5] -> Rexxar
[Turn 10, Step 71] Agent: 유효하지 않은 액션 인덱스(91) → 1로 보정
[Turn 10, Step 71] Agent: 카드 플레이 - Micro Machine (코스트: 2)
[Turn 10, Step 72] Agent: 유효하지 않은 액션 인덱스(14) → 2로 보정
[Turn 10, Step 72] Agent: 공격 - Witchwood Piper[3/3] -> Eldritch Horror
[Turn 10, Step 73] Agent: 유효하지 않은 액션 인덱스(1) → 0로 보정
[Turn 10, Step 73] Agent: 턴 종료

[Turn 10] === Opponent's Turn ===
[Turn 10, Step 73] Opponent: 턴 종료
[Turn 10, Step 74] Agent: 유효하지 않은 액션 인덱스(32) → 2로 보정
[Turn 10, Step 74] Agent: 카드 플레이 - Spark (코스트: 1)

--- Game State (Turn 10, Step 75) ---
Agent: Jaina Proudmoore HP: 4, Mana: 9/10
  Hand (4): Spellbender, Chef Nomi, Spark, Djinni of Zephyrs
  Field: Serpent Egg[0/2], Tol'vir Stoneshaper[3/5], Micro Machine[3/2], Spark[1/1]
Opponent: Rexxar HP: 13, Mana: 10/10
  Hand (4)
  Field: Eldritch Horror[6/3]
[Turn 10, Step 75] Agent: 공격 - Micro Machine[3/2] -> Eldritch Horror
[Turn 10, Step 76] Agent: 유효하지 않은 액션 인덱스(57) → 7로 보정
[Turn 10, Step 76] Agent: 영웅 능력 사용 -> Tol'vir Stoneshaper
[Turn 10, Step 77] Agent: 유효하지 않은 액션 인덱스(77) → 2로 보정
[Turn 10, Step 77] Agent: 카드 플레이 - Spark (코스트: 1)
[Turn 10, Step 78] Agent: 유효하지 않은 액션 인덱스(12) → 0로 보정
[Turn 10, Step 78] Agent: 턴 종료

[Turn 10] === Opponent's Turn ===
[Turn 10, Step 78] Opponent: 카드 플레이 - Muck Hunter (코스트: 5)
[Turn 10, Step 78] Opponent: 카드 플레이 - Silverback Patriarch (코스트: 3)
[Turn 10, Step 78] Opponent: 공격 - Muck Hunter[5/8] -> Tol'vir Stoneshaper
[Turn 10, Step 78] Opponent: 카드 플레이 - Upgradeable Framebot (코스트: 2)
[Turn 10, Step 78] Opponent: 턴 종료
[Turn 10, Step 79] Agent: 유효하지 않은 액션 인덱스(85) → 13로 보정
[Turn 10, Step 79] Agent: 영웅 능력 사용 -> Upgradeable Framebot

--- Game State (Turn 10, Step 80) ---
Agent: Jaina Proudmoore HP: 4, Mana: 8/10
  Hand (4): Spellbender, Chef Nomi, Djinni of Zephyrs, Vicious Fledgling
  Field: Serpent Egg[0/2], Muckling[2/1], Muckling[2/1], Spark[1/1], Spark[1/1]
Opponent: Rexxar HP: 13, Mana: 0/10
  Hand (2)
  Field: Muck Hunter[5/5], Silverback Patriarch[1/4], Upgradeable Framebot[1/4]
[Turn 10, Step 80] Agent: 유효하지 않은 액션 인덱스(54) → 6로 보정
[Turn 10, Step 80] Agent: 공격 - Spark[1/1] -> Silverback Patriarch
[Turn 10, Step 81] Agent: 유효하지 않은 액션 인덱스(94) → 3로 보정
[Turn 10, Step 81] Agent: 카드 플레이 - Vicious Fledgling (코스트: 3)
[Turn 10, Step 82] Agent: 유효하지 않은 액션 인덱스(17) → 2로 보정
[Turn 10, Step 82] Agent: 공격 - Muckling[2/1] -> Silverback Patriarch
[Turn 10, Step 83] Agent: 유효하지 않은 액션 인덱스(30) → 2로 보정
[Turn 10, Step 83] Agent: 공격 - Muckling[2/1] -> Silverback Patriarch
[Turn 10, Step 84] Agent: 유효하지 않은 액션 인덱스(79) → 4로 보정
[Turn 10, Step 84] Agent: 공격 - Spark[1/1] -> Upgradeable Framebot

--- Game State (Turn 10, Step 85) ---
Agent: Jaina Proudmoore HP: 4, Mana: 5/10
  Hand (3): Spellbender, Chef Nomi, Djinni of Zephyrs
  Field: Serpent Egg[0/2], Vicious Fledgling[3/3]
Opponent: Rexxar HP: 13, Mana: 0/10
  Hand (2)
  Field: Muck Hunter[5/5], Upgradeable Framebot[1/3]
[Turn 10, Step 85] Agent: 유효하지 않은 액션 인덱스(24) → 0로 보정
[Turn 10, Step 85] Agent: 턴 종료

[Turn 10] === Opponent's Turn ===
[Turn 10, Step 85] Opponent: 카드 플레이 - Ticket Scalper (코스트: 4)
[Turn 10, Step 85] Opponent: 공격 - Muck Hunter[5/5] -> Serpent Egg
[Turn 10, Step 85] Opponent: 공격 - Upgradeable Framebot[1/3] -> Vicious Fledgling
[Turn 10, Step 85] Opponent: 영웅 능력 사용
[Turn 10, Step 85] Opponent: 턴 종료
[Turn 10, Step 86] Agent: 공격 - Sea Serpent[3/4] -> Rexxar
[Turn 10, Step 87] Agent: 유효하지 않은 액션 인덱스(69) → 4로 보정
[Turn 10, Step 87] Agent: 영웅 능력 사용 -> Jaina Proudmoore
[Turn 10, Step 88] Agent: 유효하지 않은 액션 인덱스(64) → 1로 보정
[Turn 10, Step 88] Agent: 카드 플레이 - Chef Nomi (코스트: 7)
[Turn 10, Step 89] Agent: 유효하지 않은 액션 인덱스(68) → 0로 보정
[Turn 10, Step 89] Agent: 턴 종료

[Turn 10] === Opponent's Turn ===
[Turn 10, Step 89] Opponent: 공격 - Muck Hunter[5/5] -> Vicious Fledgling
[Turn 10, Step 89] Opponent: 공격 - Ticket Scalper[5/3] -> Chef Nomi
[Turn 10, Step 89] Opponent: 영웅 능력 사용

--- Game State (Turn 10, Step 90) ---
Agent: Jaina Proudmoore HP: 0, Mana: 1/10
  Hand (3): Spellbender, Djinni of Zephyrs, Gluttonous Ooze
  Field: Sea Serpent[3/4], Chef Nomi[6/1]
Opponent: Rexxar HP: 10, Mana: 8/10
  Hand (3)
  Field: Muck Hunter[5/2]

--- Game State (Turn 10, Step 90) ---
Agent: Jaina Proudmoore HP: 0, Mana: 1/10
  Hand (3): Spellbender, Djinni of Zephyrs, Gluttonous Ooze
  Field: Sea Serpent[3/4], Chef Nomi[6/1]
Opponent: Rexxar HP: 10, Mana: 8/10
  Hand (3)
  Field: Muck Hunter[5/2]

============================================================
게임 종료 - Terminated: True, Truncated: False
승자: Opponent
============================================================

