============================================================
NEW GAME STARTED
Agent: HERO_08 vs Opponent: HERO_05
Action Masking: ON
Masking Expected: ON
============================================================
[Turn 1, Step 0] Agent: 턴 종료

[Turn 1] === Opponent's Turn ===
[Turn 1, Step 0] Opponent: 카드 플레이 - The Coin (코스트: 0)
[Turn 1, Step 0] Opponent: 카드 플레이 - Shieldbreaker (코스트: 2)
[Turn 1, Step 0] Opponent: 턴 종료
[Turn 2, Step 1] Agent: 영웅 능력 사용 -> Jaina Proudmoore
[Turn 2, Step 2] Agent: 턴 종료

[Turn 2] === Opponent's Turn ===
[Turn 2, Step 2] Opponent: 영웅 능력 사용
[Turn 2, Step 2] Opponent: 공격 - Shieldbreaker[2/1] -> Jaina Proudmoore
[Turn 2, Step 2] Opponent: 턴 종료
[Turn 3, Step 3] Agent: 카드 플레이 - Mischief Maker (코스트: 3)
[Turn 3, Step 4] Agent: 턴 종료

[Turn 3] === Opponent's Turn ===
[Turn 3, Step 4] Opponent: 공격 - Shieldbreaker[2/1] -> Mischief Maker
[Turn 3, Step 4] Opponent: 영웅 능력 사용
[Turn 3, Step 4] Opponent: 턴 종료

--- Game State (Turn 4, Step 5) ---
Agent: Jaina Proudmoore HP: 23, Mana: 4/4
  Hand (6): Crazed Alchemist, Zayle, Shadow Cloak, Arcane Giant, Conjured Mirage, Countess Ashmore, Temple Berserker
  Field: Mischief Maker[3/1]
Opponent: Rexxar HP: 30, Mana: 1/3
  Hand (6)
[Turn 4, Step 5] Agent: 턴 종료

[Turn 4] === Opponent's Turn ===
[Turn 4, Step 5] Opponent: 카드 플레이 - Daring Reporter (코스트: 4)
[Turn 4, Step 5] Opponent: 턴 종료
[Turn 5, Step 6] Agent: 영웅 능력 사용 -> Daring Reporter
[Turn 5, Step 7] Agent: 카드 플레이 - Temple Berserker (코스트: 2)
[Turn 5, Step 8] Agent: 턴 종료

[Turn 5] === Opponent's Turn ===
[Turn 5, Step 8] Opponent: 공격 - Daring Reporter[4/3] -> Temple Berserker
[Turn 5, Step 8] Opponent: 영웅 능력 사용
[Turn 5, Step 8] Opponent: 턴 종료
[Turn 6, Step 9] Agent: 공격 - Mischief Maker[3/1] -> Rexxar

--- Game State (Turn 6, Step 10) ---
Agent: Jaina Proudmoore HP: 21, Mana: 6/6
  Hand (7): Crazed Alchemist, Zayle, Shadow Cloak, Arcane Giant, Conjured Mirage, Countess Ashmore, Evasive Drakonid, The Black Knight
  Field: Mischief Maker[3/1], Temple Berserker[3/1]
Opponent: Rexxar HP: 27, Mana: 3/5
  Hand (7)
  Field: Daring Reporter[5/3]
[Turn 6, Step 10] Agent: 공격 - Temple Berserker[3/1] -> Rexxar
[Turn 6, Step 11] Agent: 카드 플레이 - Crazed Alchemist -> Temple Berserker (코스트: 2)
[Turn 6, Step 12] Agent: 카드 플레이 - Zayle, Shadow Cloak (코스트: 2)
[Turn 6, Step 13] Agent: 영웅 능력 사용 -> Mischief Maker
[Turn 6, Step 14] Agent: 턴 종료

[Turn 6] === Opponent's Turn ===
[Turn 6, Step 14] Opponent: 카드 플레이 - Maexxna (코스트: 6)
[Turn 6, Step 14] Opponent: 공격 - Daring Reporter[5/3] -> Jaina Proudmoore
[Turn 6, Step 14] Opponent: 턴 종료

--- Game State (Turn 7, Step 15) ---
Agent: Jaina Proudmoore HP: 16, Mana: 7/7
  Hand (6): Arcane Giant, Conjured Mirage, Countess Ashmore, Evasive Drakonid, The Black Knight, Depth Charge
  Field: Temple Berserker[1/3], Crazed Alchemist[2/2], Zayle, Shadow Cloak[3/2]
Opponent: Rexxar HP: 24, Mana: 0/6
  Hand (7)
  Field: Daring Reporter[6/4], Maexxna[2/8]
[Turn 7, Step 15] Agent: 영웅 능력 사용 -> Jaina Proudmoore
[Turn 7, Step 16] Agent: 공격 - Crazed Alchemist[2/2] -> Maexxna
[Turn 7, Step 17] Agent: 카드 플레이 - Depth Charge (코스트: 1)
[Turn 7, Step 18] Agent: 공격 - Zayle, Shadow Cloak[3/2] -> Rexxar
[Turn 7, Step 19] Agent: 공격 - Temple Berserker[1/3] -> Daring Reporter

--- Game State (Turn 7, Step 20) ---
Agent: Jaina Proudmoore HP: 15, Mana: 4/7
  Hand (5): Arcane Giant, Conjured Mirage, Countess Ashmore, Evasive Drakonid, The Black Knight
  Field: Zayle, Shadow Cloak[3/2], Depth Charge[0/5]
Opponent: Rexxar HP: 21, Mana: 0/6
  Hand (7)
  Field: Daring Reporter[6/3], Maexxna[2/6]
[Turn 7, Step 20] Agent: 카드 플레이 - Conjured Mirage (코스트: 4)
[Turn 7, Step 21] Agent: 턴 종료

[Turn 7] === Opponent's Turn ===
[Turn 7, Step 21] Opponent: 카드 플레이 - Masked Contender (코스트: 3)
[Turn 7, Step 21] Opponent: 공격 - Daring Reporter[6/3] -> Conjured Mirage
[Turn 7, Step 21] Opponent: 턴 종료
[Turn 8, Step 22] Agent: 카드 플레이 - The Black Knight (코스트: 6)
[Turn 8, Step 23] Agent: 영웅 능력 사용 -> Rexxar
[Turn 8, Step 24] Agent: 턴 종료

[Turn 8] === Opponent's Turn ===
[Turn 8, Step 24] Opponent: 공격 - Maexxna[2/1] -> The Black Knight
[Turn 8, Step 24] Opponent: 카드 플레이 - Crazed Worshipper (코스트: 5)
[Turn 8, Step 24] Opponent: 카드 플레이 - Soup Vendor (코스트: 2)
[Turn 8, Step 24] Opponent: 턴 종료

--- Game State (Turn 9, Step 25) ---
Agent: Jaina Proudmoore HP: 15, Mana: 9/9
  Hand (5): Xavius, Arcane Giant, Countess Ashmore, Evasive Drakonid, Magma Rager
Opponent: Rexxar HP: 20, Mana: 1/8
  Hand (6)
  Field: Crazed Worshipper[3/6], Soup Vendor[1/4]
[Turn 9, Step 25] Agent: 카드 플레이 - Xavius (코스트: 6)
[Turn 9, Step 26] Agent: 영웅 능력 사용 -> Soup Vendor
[Turn 9, Step 27] Agent: 턴 종료

[Turn 9] === Opponent's Turn ===
[Turn 9, Step 27] Opponent: 턴 종료
[Turn 10, Step 28] Agent: 카드 플레이 - Marsh Drake (코스트: 3)
[Turn 10, Step 29] Agent: 영웅 능력 사용 -> Xavian Satyr

--- Game State (Turn 10, Step 30) ---
Agent: Jaina Proudmoore HP: 15, Mana: 5/10
  Hand (4): Arcane Giant, Countess Ashmore, Evasive Drakonid, Magma Rager
  Field: Xavius[7/5], Marsh Drake[5/4]
Opponent: Rexxar HP: 20, Mana: 9/9
  Hand (7)
  Field: Crazed Worshipper[3/6], Soup Vendor[1/3], Drakeslayer[2/1]
[Turn 10, Step 30] Agent: 카드 플레이 - Magma Rager (코스트: 3)
[Turn 10, Step 31] Agent: 턴 종료

[Turn 10] === Opponent's Turn ===
[Turn 10, Step 31] Opponent: 공격 - Crazed Worshipper[3/6] -> Xavius
[Turn 10, Step 31] Opponent: 공격 - Soup Vendor[1/3] -> Jaina Proudmoore
[Turn 10, Step 31] Opponent: 공격 - Drakeslayer[2/1] -> Jaina Proudmoore
[Turn 10, Step 31] Opponent: 카드 플레이 - Nefarian (코스트: 9)
[Turn 10, Step 31] Opponent: 턴 종료
[Turn 10, Step 32] Agent: 영웅 능력 사용 -> Jaina Proudmoore
[Turn 10, Step 33] Agent: 공격 - Xavius[7/2] -> Rexxar
[Turn 10, Step 34] Agent: 카드 플레이 - Evasive Drakonid (코스트: 7)

--- Game State (Turn 10, Step 35) ---
Agent: Jaina Proudmoore HP: 11, Mana: 1/10
  Hand (3): Arcane Giant, Countess Ashmore, Faceless Behemoth
  Field: Xavius[7/2], Xavian Satyr[2/1], Xavian Satyr[2/1], Marsh Drake[5/4], Magma Rager[5/1], Evasive Drakonid[7/7]
Opponent: Rexxar HP: 13, Mana: 1/10
  Hand (9)
  Field: Soup Vendor[1/3], Drakeslayer[2/1], Nefarian[8/8]
[Turn 10, Step 35] Agent: 공격 - Xavian Satyr[2/1] -> Rexxar
[Turn 10, Step 36] Agent: 공격 - Marsh Drake[5/4] -> Soup Vendor
[Turn 10, Step 37] Agent: 공격 - Magma Rager[5/1] -> Rexxar
[Turn 10, Step 38] Agent: 턴 종료

[Turn 10] === Opponent's Turn ===
[Turn 10, Step 38] Opponent: 카드 플레이 - Venomancer (코스트: 5)
[Turn 10, Step 38] Opponent: 턴 종료
[Turn 10, Step 39] Agent: 공격 - Marsh Drake[5/3] -> Rexxar

--- Game State (Turn 10, Step 40) ---
Agent: Jaina Proudmoore HP: 11, Mana: 10/10
  Hand (4): Arcane Giant, Countess Ashmore, Faceless Behemoth, Burrowing Scorpid
  Field: Xavius[7/2], Xavian Satyr[2/1], Xavian Satyr[2/1], Marsh Drake[5/3], Magma Rager[5/1], Evasive Drakonid[7/7]
Opponent: Rexxar HP: 1, Mana: 5/10
  Hand (9)
  Field: Drakeslayer[2/1], Nefarian[8/8], Venomancer[2/5]
[Turn 10, Step 40] Agent: 카드 플레이 - Burrowing Scorpid -> Jaina Proudmoore (코스트: 4)
[Turn 10, Step 41] Agent: 영웅 능력 사용 -> Xavius
[Turn 10, Step 42] Agent: 공격 - Xavius[7/1] -> Nefarian
[Turn 10, Step 43] Agent: 공격 - Xavian Satyr[2/1] -> Rexxar

--- Game State (Turn 10, Step 44) ---
Agent: Jaina Proudmoore HP: 9, Mana: 4/10
  Hand (3): Arcane Giant, Countess Ashmore, Faceless Behemoth
  Field: Xavian Satyr[2/1], Xavian Satyr[2/1], Marsh Drake[5/3], Magma Rager[5/1], Evasive Drakonid[7/7], Burrowing Scorpid[5/2]
Opponent: Rexxar HP: 0, Mana: 5/10
  Hand (9)
  Field: Drakeslayer[2/1], Nefarian[8/1], Venomancer[2/5]

============================================================
게임 종료 - Terminated: True, Truncated: False
승자: Agent
============================================================

