============================================================
NEW GAME STARTED
Agent: HERO_08 vs Opponent: HERO_05
Action Masking: OFF
Masking Expected: OFF
============================================================

[Turn 1] === Opponent's Turn ===
[Turn 1, Step 0] Opponent: 턴 종료
[Turn 1, Step 1] Agent: 카드 플레이 - The Coin (코스트: 0)
[Turn 1, Step 2] Agent: 카드 플레이 - Sorcerer's Apprentice (코스트: 2)
[Turn 1, Step 3] Agent: 턴 종료

[Turn 1] === Opponent's Turn ===
[Turn 1, Step 3] Opponent: 카드 플레이 - The Marsh Queen (코스트: 1)
[Turn 1, Step 3] Opponent: 턴 종료
[Turn 2, Step 4] Agent: 카드 플레이 - Starscryer (코스트: 2)

--- Game State (Turn 2, Step 5) ---
Agent: Jaina Proudmoore HP: 30, Mana: 0/2
  Hand (4): Boompistol Bully, Breath of Sindragosa, Kabal Chemist, Toxfin
  Field: Sorcerer's Apprentice[3/2], Starscryer[3/1]
Opponent: Rexxar HP: 30, Mana: 1/2
  Hand (4)
[Turn 2, Step 5] Agent: 공격 - Sorcerer's Apprentice[3/2] -> Rexxar
[Turn 2, Step 6] Agent: 턴 종료

[Turn 2] === Opponent's Turn ===
[Turn 2, Step 6] Opponent: 카드 플레이 - Blowgill Sniper -> Jaina Proudmoore (코스트: 2)
[Turn 2, Step 6] Opponent: 턴 종료
[Turn 3, Step 7] Agent: 카드 플레이 - Breath of Sindragosa (코스트: 0)
[Turn 3, Step 8] Agent: 카드 플레이 - Toxfin (코스트: 1)
[Turn 3, Step 9] Agent: 영웅 능력 사용 -> Jaina Proudmoore

--- Game State (Turn 3, Step 10) ---
Agent: Jaina Proudmoore HP: 28, Mana: 0/3
  Hand (3): Boompistol Bully, Kabal Chemist, Eerie Statue
  Field: Sorcerer's Apprentice[3/2], Starscryer[3/1], Toxfin[1/2]
Opponent: Rexxar HP: 27, Mana: 1/3
  Hand (4)
[Turn 3, Step 10] Agent: 공격 - Sorcerer's Apprentice[3/2] -> Rexxar
[Turn 3, Step 11] Agent: 공격 - Starscryer[3/1] -> Rexxar
[Turn 3, Step 12] Agent: 턴 종료

[Turn 3] === Opponent's Turn ===
[Turn 3, Step 12] Opponent: 카드 플레이 - Silent Knight (코스트: 3)
[Turn 3, Step 12] Opponent: 턴 종료
[Turn 4, Step 13] Agent: 카드 플레이 - Kabal Chemist (코스트: 4)
[Turn 4, Step 14] Agent: 카드 플레이 - Pint-Size Potion (코스트: 0)

--- Game State (Turn 4, Step 15) ---
Agent: Jaina Proudmoore HP: 28, Mana: 0/4
  Hand (3): Boompistol Bully, Eerie Statue, Golakka Crawler
  Field: Sorcerer's Apprentice[3/2], Starscryer[3/1], Toxfin[1/2], Kabal Chemist[3/3]
Opponent: Rexxar HP: 21, Mana: 1/4
  Hand (4)
  Field: Silent Knight[0/2]
[Turn 4, Step 15] Agent: 공격 - Sorcerer's Apprentice[3/2] -> Rexxar
[Turn 4, Step 16] Agent: 공격 - Starscryer[3/1] -> Rexxar
[Turn 4, Step 17] Agent: 공격 - Toxfin[1/2] -> Rexxar
[Turn 4, Step 18] Agent: 턴 종료

[Turn 4] === Opponent's Turn ===
[Turn 4, Step 18] Opponent: 카드 플레이 - Flare (코스트: 2)
[Turn 4, Step 18] Opponent: 영웅 능력 사용
[Turn 4, Step 18] Opponent: 공격 - Silent Knight[2/2] -> Sorcerer's Apprentice
[Turn 4, Step 18] Opponent: 턴 종료
[Turn 5, Step 19] Agent: 카드 플레이 - Boompistol Bully (코스트: 5)

--- Game State (Turn 5, Step 20) ---
Agent: Jaina Proudmoore HP: 26, Mana: 0/5
  Hand (3): Eerie Statue, Golakka Crawler, Charged Devilsaur
  Field: Starscryer[3/1], Toxfin[1/2], Kabal Chemist[3/3], Boompistol Bully[5/5]
Opponent: Rexxar HP: 14, Mana: 1/5
  Hand (5)
  Field: Silent Knight[2/2]
[Turn 5, Step 20] Agent: 공격 - Starscryer[3/1] -> Rexxar
[Turn 5, Step 21] Agent: 공격 - Toxfin[1/2] -> Rexxar
[Turn 5, Step 22] Agent: 공격 - Kabal Chemist[3/3] -> Rexxar
[Turn 5, Step 23] Agent: 턴 종료

[Turn 5] === Opponent's Turn ===
[Turn 5, Step 23] Opponent: 카드 플레이 - Ball of Spiders (코스트: 6)
[Turn 5, Step 23] Opponent: 공격 - Silent Knight[2/2] -> Starscryer
[Turn 5, Step 23] Opponent: 턴 종료
[Turn 6, Step 24] Agent: 카드 플레이 - Eerie Statue (코스트: 4)

--- Game State (Turn 6, Step 25) ---
Agent: Jaina Proudmoore HP: 26, Mana: 2/6
  Hand (3): Golakka Crawler, Charged Devilsaur, Arcane Artificer
  Field: Toxfin[1/2], Kabal Chemist[3/3], Boompistol Bully[5/5], Eerie Statue[7/7]
Opponent: Rexxar HP: 7, Mana: 0/6
  Hand (5)
  Field: Webspinner[1/1], Webspinner[1/1], Webspinner[1/1]
[Turn 6, Step 25] Agent: 카드 플레이 - Golakka Crawler (코스트: 2)
[Turn 6, Step 26] Agent: 공격 - Toxfin[1/2] -> Rexxar
[Turn 6, Step 27] Agent: 공격 - Kabal Chemist[3/3] -> Rexxar
[Turn 6, Step 28] Agent: 공격 - Boompistol Bully[5/5] -> Rexxar

--- Game State (Turn 6, Step 29) ---
Agent: Jaina Proudmoore HP: 26, Mana: 0/6
  Hand (2): Charged Devilsaur, Arcane Artificer
  Field: Toxfin[1/2], Kabal Chemist[3/3], Boompistol Bully[5/5], Eerie Statue[7/7], Golakka Crawler[2/3]
Opponent: Rexxar HP: 0, Mana: 0/6
  Hand (5)
  Field: Webspinner[1/1], Webspinner[1/1], Webspinner[1/1]

============================================================
게임 종료 - Terminated: True, Truncated: False
승자: Agent
============================================================

