============================================================
NEW GAME STARTED
Agent: HERO_08 vs Opponent: HERO_05
Action Masking: OFF
============================================================
[Turn 1, Step 0] Agent: 유효하지 않은 액션 인덱스(19) → 0로 보정
[Turn 1, Step 0] Agent: 턴 종료

[Turn 1] === Opponent's Turn ===
[Turn 1, Step 0] Opponent: 카드 플레이 - Stampede (코스트: 1)
[Turn 1, Step 0] Opponent: 카드 플레이 - The Coin (코스트: 0)
[Turn 1, Step 0] Opponent: 턴 종료
[Turn 2, Step 1] Agent: 유효하지 않은 액션 인덱스(84) → 0로 보정
[Turn 2, Step 1] Agent: 턴 종료

[Turn 2] === Opponent's Turn ===
[Turn 2, Step 1] Opponent: 카드 플레이 - Argent Watchman (코스트: 2)
[Turn 2, Step 1] Opponent: 턴 종료
[Turn 3, Step 2] Agent: 유효하지 않은 액션 인덱스(41) → 1로 보정
[Turn 3, Step 2] Agent: 카드 플레이 - Whirliglider (코스트: 2)
[Turn 3, Step 3] Agent: 유효하지 않은 액션 인덱스(90) → 0로 보정
[Turn 3, Step 3] Agent: 턴 종료

[Turn 3] === Opponent's Turn ===
[Turn 3, Step 3] Opponent: 턴 종료
[Turn 4, Step 4] Agent: 유효하지 않은 액션 인덱스(63) → 3로 보정
[Turn 4, Step 4] Agent: 카드 플레이 - Cone of Cold -> Whirliglider (코스트: 4)

--- Game State (Turn 4, Step 5) ---
Agent: Jaina Proudmoore HP: 30, Mana: 0/4
  Hand (5): Chromaggus, Chromatic Egg, Pit Fighter, Barista Lynchen, Mogu'shan Warden
  Field: Goblin Bomb[0/1]
Opponent: Rexxar HP: 30, Mana: 3/3
  Hand (5)
  Field: Argent Watchman[2/4]
[Turn 4, Step 5] Agent: 유효하지 않은 액션 인덱스(63) → 0로 보정
[Turn 4, Step 5] Agent: 턴 종료

[Turn 4] === Opponent's Turn ===
[Turn 4, Step 5] Opponent: 카드 플레이 - Demolisher (코스트: 3)
[Turn 4, Step 5] Opponent: 카드 플레이 - Clear the Way (코스트: 1)
[Turn 4, Step 5] Opponent: 턴 종료
[Turn 5, Step 6] Agent: 유효하지 않은 액션 인덱스(14) → 4로 보정
[Turn 5, Step 6] Agent: 카드 플레이 - Mogu'shan Warden (코스트: 4)
[Turn 5, Step 7] Agent: 유효하지 않은 액션 인덱스(32) → 0로 보정
[Turn 5, Step 7] Agent: 턴 종료

[Turn 5] === Opponent's Turn ===
[Turn 5, Step 7] Opponent: 턴 종료
[Turn 6, Step 8] Agent: 유효하지 않은 액션 인덱스(47) → 8로 보정
[Turn 6, Step 8] Agent: 영웅 능력 사용 -> Demolisher
[Turn 6, Step 9] Agent: 유효하지 않은 액션 인덱스(74) → 2로 보정
[Turn 6, Step 9] Agent: 공격 - Mogu'shan Warden[1/5] -> Argent Watchman

--- Game State (Turn 6, Step 10) ---
Agent: Jaina Proudmoore HP: 30, Mana: 4/6
  Hand (6): Chromaggus, Chromatic Egg, Pit Fighter, Barista Lynchen, Darkmire Moonkin, Shatter
  Field: Goblin Bomb[0/1], Mogu'shan Warden[1/3]
Opponent: Rexxar HP: 30, Mana: 5/5
  Hand (5)
  Field: Argent Watchman[2/3], Demolisher[1/3]
[Turn 6, Step 10] Agent: 유효하지 않은 액션 인덱스(47) → 0로 보정
[Turn 6, Step 10] Agent: 턴 종료

[Turn 6] === Opponent's Turn ===
[Turn 6, Step 10] Opponent: 카드 플레이 - Genn Greymane (코스트: 6)
[Turn 6, Step 10] Opponent: 공격 - Demolisher[1/3] -> Mogu'shan Warden
[Turn 6, Step 10] Opponent: 턴 종료
[Turn 7, Step 11] Agent: 유효하지 않은 액션 인덱스(59) → 11로 보정
[Turn 7, Step 11] Agent: 영웅 능력 사용 -> Genn Greymane
[Turn 7, Step 12] Agent: 유효하지 않은 액션 인덱스(17) → 8로 보정
[Turn 7, Step 12] Agent: 공격 - Mogu'shan Warden[1/2] -> Genn Greymane
[Turn 7, Step 13] Agent: 유효하지 않은 액션 인덱스(37) → 2로 보정
[Turn 7, Step 13] Agent: 카드 플레이 - Pit Fighter (코스트: 5)
[Turn 7, Step 14] Agent: 유효하지 않은 액션 인덱스(73) → 0로 보정
[Turn 7, Step 14] Agent: 턴 종료

[Turn 7] === Opponent's Turn ===
[Turn 7, Step 14] Opponent: 턴 종료

--- Game State (Turn 8, Step 15) ---
Agent: Jaina Proudmoore HP: 30, Mana: 8/8
  Hand (7): Chromaggus, Chromatic Egg, Barista Lynchen, Darkmire Moonkin, Shatter, Hot Air Balloon, Infested Tauren
  Field: Pit Fighter[5/4]
Opponent: Rexxar HP: 28, Mana: 7/7
  Hand (6)
  Field: Argent Watchman[2/3], Demolisher[1/2], Genn Greymane[6/3]
[Turn 8, Step 15] Agent: 카드 플레이 - Barista Lynchen (코스트: 5)
[Turn 8, Step 16] Agent: 유효하지 않은 액션 인덱스(35) → 9로 보정
[Turn 8, Step 16] Agent: 공격 - Pit Fighter[5/4] -> Rexxar
[Turn 8, Step 17] Agent: 유효하지 않은 액션 인덱스(62) → 8로 보정
[Turn 8, Step 17] Agent: 영웅 능력 사용 -> Barista Lynchen
[Turn 8, Step 18] Agent: 유효하지 않은 액션 인덱스(94) → 0로 보정
[Turn 8, Step 18] Agent: 턴 종료

[Turn 8] === Opponent's Turn ===
[Turn 8, Step 18] Opponent: 턴 종료
[Turn 9, Step 19] Agent: 유효하지 않은 액션 인덱스(54) → 8로 보정
[Turn 9, Step 19] Agent: 영웅 능력 사용 -> Jaina Proudmoore

--- Game State (Turn 9, Step 20) ---
Agent: Jaina Proudmoore HP: 27, Mana: 7/9
  Hand (8): Chromaggus, Chromatic Egg, Darkmire Moonkin, Shatter, Hot Air Balloon, Infested Tauren, Chromatic Egg, Jar Dealer
  Field: Pit Fighter[5/4], Barista Lynchen[4/4]
Opponent: Rexxar HP: 23, Mana: 8/8
  Hand (7)
  Field: Argent Watchman[2/3], Demolisher[1/2], Genn Greymane[6/3]
[Turn 9, Step 20] Agent: 유효하지 않은 액션 인덱스(30) → 0로 보정
[Turn 9, Step 20] Agent: 턴 종료

[Turn 9] === Opponent's Turn ===
[Turn 9, Step 20] Opponent: 카드 플레이 - Defender of Argus (코스트: 4)
[Turn 9, Step 20] Opponent: 공격 - Demolisher[1/2] -> Barista Lynchen
[Turn 9, Step 20] Opponent: 카드 플레이 - Guild Recruiter (코스트: 5)
[Turn 9, Step 20] Opponent: 공격 - Genn Greymane[7/4] -> Barista Lynchen
[Turn 9, Step 20] Opponent: 턴 종료
[Turn 10, Step 21] Agent: 유효하지 않은 액션 인덱스(77) → 14로 보정
[Turn 10, Step 21] Agent: 영웅 능력 사용 -> Guild Recruiter
[Turn 10, Step 22] Agent: 유효하지 않은 액션 인덱스(80) → 10로 보정
[Turn 10, Step 22] Agent: 공격 - Pit Fighter[5/2] -> Argent Watchman
[Turn 10, Step 23] Agent: 유효하지 않은 액션 인덱스(70) → 7로 보정
[Turn 10, Step 23] Agent: 카드 플레이 - Jar Dealer (코스트: 1)
[Turn 10, Step 24] Agent: 유효하지 않은 액션 인덱스(59) → 3로 보정
[Turn 10, Step 24] Agent: 카드 플레이 - Hot Air Balloon (코스트: 1)

--- Game State (Turn 10, Step 25) ---
Agent: Jaina Proudmoore HP: 27, Mana: 6/10
  Hand (7): Chromaggus, Chromatic Egg, Darkmire Moonkin, Shatter, Infested Tauren, Chromatic Egg, Frozen Clone
  Field: Jar Dealer[1/1], Hot Air Balloon[1/2]
Opponent: Rexxar HP: 23, Mana: 0/9
  Hand (6)
  Field: Defender of Argus[2/3], Guild Recruiter[2/3], Twilight Elder[3/4]
[Turn 10, Step 25] Agent: 유효하지 않은 액션 인덱스(79) → 4로 보정
[Turn 10, Step 25] Agent: 카드 플레이 - Frozen Clone (코스트: 3)
[Turn 10, Step 26] Agent: 유효하지 않은 액션 인덱스(70) → 0로 보정
[Turn 10, Step 26] Agent: 턴 종료

[Turn 10] === Opponent's Turn ===
[Turn 10, Step 26] Opponent: 카드 플레이 - The Boogeymonster (코스트: 8)
[Turn 10, Step 26] Opponent: 공격 - Twilight Elder[3/4] -> Hot Air Balloon
[Turn 10, Step 26] Opponent: 공격 - Guild Recruiter[2/3] -> Jar Dealer
[Turn 10, Step 26] Opponent: 공격 - Defender of Argus[2/3] -> Jaina Proudmoore
[Turn 10, Step 26] Opponent: 카드 플레이 - Freezing Trap (코스트: 2)
[Turn 10, Step 26] Opponent: 턴 종료
[Turn 10, Step 27] Agent: 유효하지 않은 액션 인덱스(60) → 12로 보정
[Turn 10, Step 27] Agent: 영웅 능력 사용 -> Defender of Argus
[Turn 10, Step 28] Agent: 유효하지 않은 액션 인덱스(97) → 7로 보정
[Turn 10, Step 28] Agent: 카드 플레이 - The Boogeymonster (코스트: 8)
[Turn 10, Step 29] Agent: 유효하지 않은 액션 인덱스(66) → 0로 보정
[Turn 10, Step 29] Agent: 턴 종료

[Turn 10] === Opponent's Turn ===
[Turn 10, Step 29] Opponent: 카드 플레이 - Grievous Bite -> Guild Recruiter (코스트: 2)
[Turn 10, Step 29] Opponent: 턴 종료

--- Game State (Turn 10, Step 30) ---
Agent: Jaina Proudmoore HP: 25, Mana: 10/10
  Hand (10): Chromaggus, Chromatic Egg, Darkmire Moonkin, Shatter, Infested Tauren, Chromatic Egg, The Boogeymonster, Bloodsail Corsair, Muck Hunter, Violet Wurm
  Field: The Boogeymonster[6/7]
Opponent: Rexxar HP: 23, Mana: 8/10
  Hand (5)
  Field: Defender of Argus[2/1], Twilight Elder[3/2], The Boogeymonster[6/7]
[Turn 10, Step 30] Agent: 유효하지 않은 액션 인덱스(62) → 2로 보정
[Turn 10, Step 30] Agent: 카드 플레이 - Chromatic Egg (코스트: 5)
[Turn 10, Step 31] Agent: 선택 - Azure Drake
[Turn 10, Step 31] Agent: 유효하지 않은 액션 인덱스(77) → 13로 보정
[Turn 10, Step 31] Agent: 공격 - The Boogeymonster[6/7] -> Defender of Argus
[Turn 10, Step 32] Agent: 유효하지 않은 액션 인덱스(59) → 4로 보정
[Turn 10, Step 32] Agent: 카드 플레이 - Muck Hunter (코스트: 5)
[Turn 10, Step 33] Agent: 유효하지 않은 액션 인덱스(7) → 1로 보정
[Turn 10, Step 33] Agent: 공격 - Muck Hunter[5/8] -> Defender of Argus
[Turn 10, Step 34] Agent: 유효하지 않은 액션 인덱스(85) → 0로 보정
[Turn 10, Step 34] Agent: 턴 종료

[Turn 10] === Opponent's Turn ===
[Turn 10, Step 34] Opponent: 턴 종료

--- Game State (Turn 10, Step 35) ---
Agent: Jaina Proudmoore HP: 25, Mana: 10/10
  Hand (10): Twilight Summoner, Chromaggus, Darkmire Moonkin, Shatter, Infested Tauren, Chromatic Egg, The Boogeymonster, Bloodsail Corsair, Violet Wurm, The Boogeymonster
  Field: Chromatic Egg[0/3], Muck Hunter[5/6]
Opponent: Rexxar HP: 23, Mana: 10/10
  Hand (6)
  Field: Twilight Elder[3/2], Muckling[2/1], Muckling[2/1], The Boogeymonster[6/7]
[Turn 10, Step 35] Agent: 유효하지 않은 액션 인덱스(86) → 17로 보정
[Turn 10, Step 35] Agent: 영웅 능력 사용 -> Muckling
[Turn 10, Step 36] Agent: 유효하지 않은 액션 인덱스(36) → 10로 보정
[Turn 10, Step 36] Agent: 공격 - Muck Hunter[5/6] -> Twilight Elder
[Turn 10, Step 37] Agent: 카드 플레이 - Darkmire Moonkin (코스트: 7)
[Turn 10, Step 38] Agent: 유효하지 않은 액션 인덱스(60) → 0로 보정
[Turn 10, Step 38] Agent: 턴 종료

[Turn 10] === Opponent's Turn ===
[Turn 10, Step 38] Opponent: 카드 플레이 - SN1P-SN4P (코스트: 3)
[Turn 10, Step 38] Opponent: 카드 플레이 - Dinotamer Brann (코스트: 7)
[Turn 10, Step 38] Opponent: 공격 - The Boogeymonster[6/7] -> Muck Hunter
[Turn 10, Step 38] Opponent: 공격 - King Krush[8/8] -> Jaina Proudmoore
[Turn 10, Step 38] Opponent: 공격 - Muckling[2/1] -> Jaina Proudmoore
[Turn 10, Step 38] Opponent: 턴 종료
[Turn 10, Step 39] Agent: 유효하지 않은 액션 인덱스(60) → 10로 보정
[Turn 10, Step 39] Agent: 영웅 능력 사용 -> Jaina Proudmoore

--- Game State (Turn 10, Step 40) ---
Agent: Jaina Proudmoore HP: 14, Mana: 8/10
  Hand (10): Twilight Summoner, Chromaggus, Shatter, Infested Tauren, Chromatic Egg, The Boogeymonster, Bloodsail Corsair, Violet Wurm, The Boogeymonster, Mechwarper
  Field: Chromatic Egg[0/3], Darkmire Moonkin[2/8]
Opponent: Rexxar HP: 23, Mana: 0/10
  Hand (5)
  Field: Muckling[2/1], The Boogeymonster[8/4], SN1P-SN4P[2/3], Dinotamer Brann[2/4], King Krush[8/8]
[Turn 10, Step 40] Agent: 유효하지 않은 액션 인덱스(37) → 7로 보정
[Turn 10, Step 40] Agent: 카드 플레이 - Violet Wurm (코스트: 8)
[Turn 10, Step 41] Agent: 유효하지 않은 액션 인덱스(30) → 2로 보정
[Turn 10, Step 41] Agent: 공격 - Darkmire Moonkin[2/8] -> Muckling
[Turn 10, Step 42] Agent: 유효하지 않은 액션 인덱스(73) → 0로 보정
[Turn 10, Step 42] Agent: 턴 종료

[Turn 10] === Opponent's Turn ===
[Turn 10, Step 42] Opponent: 턴 종료
[Turn 10, Step 43] Agent: 유효하지 않은 액션 인덱스(64) → 6로 보정
[Turn 10, Step 43] Agent: 카드 플레이 - Bloodsail Corsair (코스트: 1)
[Turn 10, Step 44] Agent: 유효하지 않은 액션 인덱스(54) → 26로 보정
[Turn 10, Step 44] Agent: 공격 - Violet Wurm[7/7] -> Dinotamer Brann

--- Game State (Turn 10, Step 45) ---
Agent: Jaina Proudmoore HP: 14, Mana: 9/10
  Hand (9): Twilight Summoner, Chromaggus, Shatter, Infested Tauren, Chromatic Egg, The Boogeymonster, The Boogeymonster, Mechwarper, Khadgar
  Field: Chromatic Egg[0/3], Darkmire Moonkin[2/6], Violet Wurm[7/5], Bloodsail Corsair[1/2]
Opponent: Rexxar HP: 23, Mana: 10/10
  Hand (6)
  Field: The Boogeymonster[8/4], SN1P-SN4P[2/3], King Krush[8/8]
[Turn 10, Step 45] Agent: 유효하지 않은 액션 인덱스(40) → 19로 보정
[Turn 10, Step 45] Agent: 공격 - Darkmire Moonkin[2/6] -> SN1P-SN4P
[Turn 10, Step 46] Agent: 영웅 능력 사용 -> Violet Wurm
[Turn 10, Step 47] Agent: 유효하지 않은 액션 인덱스(76) → 4로 보정
[Turn 10, Step 47] Agent: 카드 플레이 - Mechwarper (코스트: 2)
[Turn 10, Step 48] Agent: 카드 플레이 - Infested Tauren (코스트: 4)
[Turn 10, Step 49] Agent: 유효하지 않은 액션 인덱스(98) → 0로 보정
[Turn 10, Step 49] Agent: 턴 종료

[Turn 10] === Opponent's Turn ===
[Turn 10, Step 49] Opponent: 턴 종료

--- Game State (Turn 10, Step 50) ---
Agent: Jaina Proudmoore HP: 14, Mana: 10/10
  Hand (8): Twilight Summoner, Chromaggus, Shatter, Chromatic Egg, The Boogeymonster, The Boogeymonster, Khadgar, Micro Machine
  Field: Chromatic Egg[0/3], Darkmire Moonkin[2/4], Violet Wurm[7/4], Bloodsail Corsair[1/2], Mechwarper[2/3], Infested Tauren[2/3]
Opponent: Rexxar HP: 23, Mana: 10/10
  Hand (7)
  Field: The Boogeymonster[8/4], SN1P-SN4P[2/1], King Krush[8/8]
[Turn 10, Step 50] Agent: 유효하지 않은 액션 인덱스(95) → 17로 보정
[Turn 10, Step 50] Agent: 영웅 능력 사용 -> Mechwarper
[Turn 10, Step 51] Agent: 카드 플레이 - Micro Machine (코스트: 1)
[Turn 10, Step 52] Agent: 유효하지 않은 액션 인덱스(69) → 6로 보정
[Turn 10, Step 52] Agent: 공격 - Violet Wurm[7/4] -> The Boogeymonster
[Turn 10, Step 53] Agent: 유효하지 않은 액션 인덱스(46) → 7로 보정
[Turn 10, Step 53] Agent: 공격 - Mechwarper[2/2] -> Rexxar
[Turn 10, Step 54] Agent: 유효하지 않은 액션 인덱스(82) → 2로 보정
[Turn 10, Step 54] Agent: 공격 - Darkmire Moonkin[2/4] -> SN1P-SN4P

--- Game State (Turn 10, Step 55) ---
Agent: Jaina Proudmoore HP: 14, Mana: 7/10
  Hand (7): Twilight Summoner, Chromaggus, Shatter, Chromatic Egg, The Boogeymonster, The Boogeymonster, Khadgar
  Field: Chromatic Egg[0/3], Darkmire Moonkin[2/2], Grub[1/1], Bloodsail Corsair[1/2], Mechwarper[2/2], Infested Tauren[2/3], Micro Machine[1/2]
Opponent: Rexxar HP: 21, Mana: 10/10
  Hand (7)
  Field: Microbot[1/1], Microbot[1/1], King Krush[8/8]
[Turn 10, Step 55] Agent: 유효하지 않은 액션 인덱스(34) → 7로 보정
[Turn 10, Step 55] Agent: 공격 - Infested Tauren[2/3] -> Microbot
[Turn 10, Step 56] Agent: 유효하지 않은 액션 인덱스(78) → 2로 보정
[Turn 10, Step 56] Agent: 공격 - Bloodsail Corsair[1/2] -> Microbot
[Turn 10, Step 57] Agent: 유효하지 않은 액션 인덱스(91) → 0로 보정
[Turn 10, Step 57] Agent: 턴 종료

[Turn 10] === Opponent's Turn ===
[Turn 10, Step 57] Opponent: 카드 플레이 - Depth Charge (코스트: 1)
[Turn 10, Step 57] Opponent: 카드 플레이 - Doomcaller (코스트: 8)
[Turn 10, Step 57] Opponent: 공격 - King Krush[8/8] -> Infested Tauren
[Turn 10, Step 57] Opponent: 카드 플레이 - Small-Time Buccaneer (코스트: 1)
[Turn 10, Step 57] Opponent: 턴 종료
[Turn 10, Step 58] Agent: 유효하지 않은 액션 인덱스(58) → 1로 보정
[Turn 10, Step 58] Agent: 카드 플레이 - Frostbolt -> Jaina Proudmoore (코스트: 2)
[Turn 10, Step 59] Agent: 공격 - Darkmire Moonkin[2/2] -> Depth Charge

--- Game State (Turn 10, Step 60) ---
Agent: Jaina Proudmoore HP: 9, Mana: 8/10
  Hand (7): Twilight Summoner, Chromaggus, Shatter, Chromatic Egg, The Boogeymonster, The Boogeymonster, Khadgar
  Field: Chromatic Egg[0/3], Darkmire Moonkin[2/2], Grub[1/1], Bloodsail Corsair[1/1], Mechwarper[2/2], Slime[2/2], Micro Machine[3/2]
Opponent: Rexxar HP: 21, Mana: 0/10
  Hand (5)
  Field: King Krush[8/6], Depth Charge[0/3], Doomcaller[7/9], Small-Time Buccaneer[1/1]
[Turn 10, Step 60] Agent: 공격 - Micro Machine[3/2] -> Small-Time Buccaneer
[Turn 10, Step 61] Agent: 유효하지 않은 액션 인덱스(63) → 5로 보정
[Turn 10, Step 61] Agent: 영웅 능력 사용 -> King Krush
[Turn 10, Step 62] Agent: 유효하지 않은 액션 인덱스(32) → 15로 보정
[Turn 10, Step 62] Agent: 공격 - Slime[2/2] -> Depth Charge
[Turn 10, Step 63] Agent: 유효하지 않은 액션 인덱스(33) → 7로 보정
[Turn 10, Step 63] Agent: 공격 - Bloodsail Corsair[1/1] -> Depth Charge
[Turn 10, Step 64] Agent: 유효하지 않은 액션 인덱스(46) → 4로 보정
[Turn 10, Step 64] Agent: 공격 - Mechwarper[2/2] -> Rexxar

--- Game State (Turn 10, Step 65) ---
Agent: Jaina Proudmoore HP: 9, Mana: 6/10
  Hand (7): Twilight Summoner, Chromaggus, Shatter, Chromatic Egg, The Boogeymonster, The Boogeymonster, Khadgar
  Field: Chromatic Egg[0/3], Darkmire Moonkin[2/2], Grub[1/1], Bloodsail Corsair[1/1], Mechwarper[2/2], Slime[2/2], Micro Machine[3/1]
Opponent: Rexxar HP: 19, Mana: 0/10
  Hand (5)
  Field: King Krush[8/5], Doomcaller[7/9]
[Turn 10, Step 65] Agent: 유효하지 않은 액션 인덱스(66) → 2로 보정
[Turn 10, Step 65] Agent: 공격 - Grub[1/1] -> King Krush
[Turn 10, Step 66] Agent: 유효하지 않은 액션 인덱스(67) → 3로 보정
[Turn 10, Step 66] Agent: 카드 플레이 - Khadgar (코스트: 2)
[Turn 10, Step 67] Agent: 유효하지 않은 액션 인덱스(44) → 0로 보정
[Turn 10, Step 67] Agent: 턴 종료

[Turn 10] === Opponent's Turn ===
[Turn 10, Step 67] Opponent: 카드 플레이 - Tol'vir Warden (코스트: 5)
[Turn 10, Step 67] Opponent: 공격 - Doomcaller[7/9] -> Jaina Proudmoore
[Turn 10, Step 67] Opponent: 턴 종료
[Turn 10, Step 68] Agent: 유효하지 않은 액션 인덱스(52) → 15로 보정
[Turn 10, Step 68] Agent: 공격 - Darkmire Moonkin[2/2] -> Doomcaller
[Turn 10, Step 69] Agent: 유효하지 않은 액션 인덱스(47) → 9로 보정
[Turn 10, Step 69] Agent: 영웅 능력 사용 -> Chromatic Egg

--- Game State (Turn 10, Step 70) ---
Agent: Jaina Proudmoore HP: 2, Mana: 8/10
  Hand (7): Eldritch Horror, Twilight Summoner, Chromaggus, Shatter, Chromatic Egg, The Boogeymonster, The Boogeymonster
  Field: Chromatic Egg[0/2], Bloodsail Corsair[1/1], Mechwarper[2/2], Slime[2/2], Micro Machine[5/1], Khadgar[2/2]
Opponent: Rexxar HP: 19, Mana: 5/10
  Hand (6)
  Field: King Krush[8/4], Doomcaller[7/7], Tol'vir Warden[3/5]
[Turn 10, Step 70] Agent: 공격 - Mechwarper[2/2] -> Tol'vir Warden
[Turn 10, Step 71] Agent: 유효하지 않은 액션 인덱스(24) → 2로 보정
[Turn 10, Step 71] Agent: 카드 플레이 - Twilight Summoner (코스트: 4)
[Turn 10, Step 72] Agent: 유효하지 않은 액션 인덱스(96) → 11로 보정
[Turn 10, Step 72] Agent: 공격 - Micro Machine[5/1] -> Doomcaller
[Turn 10, Step 73] Agent: 유효하지 않은 액션 인덱스(27) → 1로 보정
[Turn 10, Step 73] Agent: 공격 - Bloodsail Corsair[1/1] -> Rexxar
[Turn 10, Step 74] Agent: 유효하지 않은 액션 인덱스(50) → 5로 보정
[Turn 10, Step 74] Agent: 공격 - Khadgar[2/2] -> Rexxar

--- Game State (Turn 10, Step 75) ---
Agent: Jaina Proudmoore HP: 2, Mana: 4/10
  Hand (6): Eldritch Horror, Chromaggus, Shatter, Chromatic Egg, The Boogeymonster, The Boogeymonster
  Field: Chromatic Egg[0/2], Bloodsail Corsair[1/1], Slime[2/2], Khadgar[2/2], Twilight Summoner[1/1]
Opponent: Rexxar HP: 16, Mana: 5/10
  Hand (6)
  Field: King Krush[8/4], Doomcaller[7/2], Tol'vir Warden[3/3]
[Turn 10, Step 75] Agent: 유효하지 않은 액션 인덱스(8) → 3로 보정
[Turn 10, Step 75] Agent: 공격 - Slime[2/2] -> Doomcaller
[Turn 10, Step 76] Agent: 유효하지 않은 액션 인덱스(59) → 0로 보정
[Turn 10, Step 76] Agent: 턴 종료

[Turn 10] === Opponent's Turn ===
[Turn 10, Step 76] Opponent: 카드 플레이 - Nightblade (코스트: 5)

--- Game State (Turn 10, Step 77) ---
Agent: Jaina Proudmoore HP: 0, Mana: 4/10
  Hand (6): Eldritch Horror, Chromaggus, Shatter, Chromatic Egg, The Boogeymonster, The Boogeymonster
  Field: Chromatic Egg[0/2], Bloodsail Corsair[1/1], Khadgar[2/2], Twilight Summoner[1/1]
Opponent: Rexxar HP: 16, Mana: 5/10
  Hand (6)
  Field: King Krush[8/4], Tol'vir Warden[3/3], Nightblade[4/4]

============================================================
게임 종료 - Terminated: True, Truncated: False
승자: Opponent
============================================================

