============================================================
NEW GAME STARTED
Agent: HERO_08 vs Opponent: HERO_05
Action Masking: OFF
============================================================
[Turn 1, Step 0] Agent: 유효하지 않은 액션 인덱스(6) → 0로 보정
[Turn 1, Step 0] Agent: 턴 종료

[Turn 1] === Opponent's Turn ===
[Turn 1, Step 0] Opponent: 턴 종료
[Turn 2, Step 1] Agent: 유효하지 않은 액션 인덱스(82) → 2로 보정
[Turn 2, Step 1] Agent: 카드 플레이 - Gadgetzan Jouster (코스트: 1)
[Turn 2, Step 2] Agent: 유효하지 않은 액션 인덱스(74) → 0로 보정
[Turn 2, Step 2] Agent: 턴 종료

[Turn 2] === Opponent's Turn ===
[Turn 2, Step 2] Opponent: 턴 종료
[Turn 3, Step 3] Agent: 턴 종료

[Turn 3] === Opponent's Turn ===
[Turn 3, Step 3] Opponent: 영웅 능력 사용
[Turn 3, Step 3] Opponent: 턴 종료
[Turn 4, Step 4] Agent: 유효하지 않은 액션 인덱스(67) → 1로 보정
[Turn 4, Step 4] Agent: 카드 플레이 - Doomsayer (코스트: 2)

--- Game State (Turn 4, Step 5) ---
Agent: Jaina Proudmoore HP: 28, Mana: 2/4
  Hand (5): Tunnel Blaster, Xavius, Earthen Ring Farseer, Kooky Chemist, Mogu'shan Warden
  Field: Gadgetzan Jouster[1/2], Doomsayer[0/7]
Opponent: Rexxar HP: 30, Mana: 1/3
  Hand (8)
[Turn 4, Step 5] Agent: 유효하지 않은 액션 인덱스(74) → 2로 보정
[Turn 4, Step 5] Agent: 영웅 능력 사용 -> Rexxar
[Turn 4, Step 6] Agent: 유효하지 않은 액션 인덱스(94) → 0로 보정
[Turn 4, Step 6] Agent: 턴 종료

[Turn 4] === Opponent's Turn ===
[Turn 4, Step 6] Opponent: 카드 플레이 - Emerald Reaver (코스트: 1)
[Turn 4, Step 6] Opponent: 턴 종료
[Turn 5, Step 7] Agent: 유효하지 않은 액션 인덱스(75) → 3로 보정
[Turn 5, Step 7] Agent: 카드 플레이 - Kooky Chemist (코스트: 4)
[Turn 5, Step 8] Agent: 유효하지 않은 액션 인덱스(6) → 0로 보정
[Turn 5, Step 8] Agent: 턴 종료

[Turn 5] === Opponent's Turn ===
[Turn 5, Step 8] Opponent: 카드 플레이 - Corpse Widow (코스트: 5)
[Turn 5, Step 8] Opponent: 턴 종료
[Turn 6, Step 9] Agent: 유효하지 않은 액션 인덱스(29) → 14로 보정
[Turn 6, Step 9] Agent: 공격 - Kooky Chemist[4/4] -> Corpse Widow

--- Game State (Turn 6, Step 10) ---
Agent: Jaina Proudmoore HP: 27, Mana: 6/6
  Hand (6): Tunnel Blaster, Xavius, Earthen Ring Farseer, Mogu'shan Warden, Boneguard Lieutenant, Argent Squire
Opponent: Rexxar HP: 28, Mana: 0/5
  Hand (8)
  Field: Corpse Widow[4/2]
[Turn 6, Step 10] Agent: 유효하지 않은 액션 인덱스(46) → 2로 보정
[Turn 6, Step 10] Agent: 카드 플레이 - Earthen Ring Farseer -> Jaina Proudmoore (코스트: 3)
[Turn 6, Step 11] Agent: 유효하지 않은 액션 인덱스(76) → 6로 보정
[Turn 6, Step 11] Agent: 영웅 능력 사용 -> Earthen Ring Farseer
[Turn 6, Step 12] Agent: 유효하지 않은 액션 인덱스(43) → 1로 보정
[Turn 6, Step 12] Agent: 카드 플레이 - Argent Squire (코스트: 1)
[Turn 6, Step 13] Agent: 유효하지 않은 액션 인덱스(63) → 0로 보정
[Turn 6, Step 13] Agent: 턴 종료

[Turn 6] === Opponent's Turn ===
[Turn 6, Step 13] Opponent: 공격 - Corpse Widow[4/2] -> Jaina Proudmoore
[Turn 6, Step 13] Opponent: 카드 플레이 - Fire Fly (코스트: 1)
[Turn 6, Step 13] Opponent: 턴 종료
[Turn 7, Step 14] Agent: 유효하지 않은 액션 인덱스(85) → 13로 보정
[Turn 7, Step 14] Agent: 공격 - Earthen Ring Farseer[3/2] -> Corpse Widow

--- Game State (Turn 7, Step 15) ---
Agent: Jaina Proudmoore HP: 26, Mana: 7/7
  Hand (5): Tunnel Blaster, Xavius, Mogu'shan Warden, Boneguard Lieutenant, Hoarding Dragon
  Field: Argent Squire[1/1]
Opponent: Rexxar HP: 28, Mana: 5/6
  Hand (9)
  Field: Fire Fly[1/2]
[Turn 7, Step 15] Agent: 유효하지 않은 액션 인덱스(56) → 8로 보정
[Turn 7, Step 15] Agent: 영웅 능력 사용 -> Argent Squire
[Turn 7, Step 16] Agent: 유효하지 않은 액션 인덱스(93) → 3로 보정
[Turn 7, Step 16] Agent: 카드 플레이 - Hoarding Dragon (코스트: 4)
[Turn 7, Step 17] Agent: 유효하지 않은 액션 인덱스(33) → 0로 보정
[Turn 7, Step 17] Agent: 턴 종료

[Turn 7] === Opponent's Turn ===
[Turn 7, Step 17] Opponent: 공격 - Fire Fly[1/2] -> Argent Squire
[Turn 7, Step 17] Opponent: 카드 플레이 - Mukla's Champion (코스트: 5)
[Turn 7, Step 17] Opponent: 카드 플레이 - The Coin (코스트: 0)
[Turn 7, Step 17] Opponent: 카드 플레이 - Fresh Scent -> Mukla's Champion (코스트: 2)
[Turn 7, Step 17] Opponent: 카드 플레이 - Flame Elemental (코스트: 1)
[Turn 7, Step 17] Opponent: 턴 종료
[Turn 8, Step 18] Agent: 유효하지 않은 액션 인덱스(77) → 13로 보정
[Turn 8, Step 18] Agent: 공격 - Hoarding Dragon[5/6] -> Fire Fly
[Turn 8, Step 19] Agent: 유효하지 않은 액션 인덱스(89) → 1로 보정
[Turn 8, Step 19] Agent: 카드 플레이 - Tunnel Blaster (코스트: 7)

--- Game State (Turn 8, Step 20) ---
Agent: Jaina Proudmoore HP: 26, Mana: 1/8
  Hand (4): Xavius, Mogu'shan Warden, Boneguard Lieutenant, Ogre Brute
  Field: Hoarding Dragon[5/5], Tunnel Blaster[3/7]
Opponent: Rexxar HP: 28, Mana: 0/7
  Hand (7)
  Field: Mukla's Champion[6/5], Flame Elemental[1/2]
[Turn 8, Step 20] Agent: 유효하지 않은 액션 인덱스(31) → 0로 보정
[Turn 8, Step 20] Agent: 턴 종료

[Turn 8] === Opponent's Turn ===
[Turn 8, Step 20] Opponent: 공격 - Mukla's Champion[6/5] -> Tunnel Blaster
[Turn 8, Step 20] Opponent: 영웅 능력 사용
[Turn 8, Step 20] Opponent: 카드 플레이 - Bonechewer Brawler (코스트: 2)
[Turn 8, Step 20] Opponent: 턴 종료
[Turn 9, Step 21] Agent: 유효하지 않은 액션 인덱스(37) → 5로 보정
[Turn 9, Step 21] Agent: 카드 플레이 - Molten Reflection -> Hoarding Dragon (코스트: 4)
[Turn 9, Step 22] Agent: 유효하지 않은 액션 인덱스(23) → 9로 보정
[Turn 9, Step 22] Agent: 영웅 능력 사용 -> Tunnel Blaster
[Turn 9, Step 23] Agent: 유효하지 않은 액션 인덱스(57) → 1로 보정
[Turn 9, Step 23] Agent: 카드 플레이 - Boneguard Lieutenant (코스트: 2)
[Turn 9, Step 24] Agent: 유효하지 않은 액션 인덱스(30) → 0로 보정
[Turn 9, Step 24] Agent: 턴 종료

[Turn 9] === Opponent's Turn ===
[Turn 9, Step 24] Opponent: 카드 플레이 - Muck Hunter (코스트: 5)
[Turn 9, Step 24] Opponent: 카드 플레이 - Shieldbearer (코스트: 1)
[Turn 9, Step 24] Opponent: 공격 - Muck Hunter[5/8] -> Hoarding Dragon
[Turn 9, Step 24] Opponent: 카드 플레이 - The Coin (코스트: 0)
[Turn 9, Step 24] Opponent: 턴 종료

--- Game State (Turn 10, Step 25) ---
Agent: Jaina Proudmoore HP: 24, Mana: 10/10
  Hand (4): Xavius, Mogu'shan Warden, Ogre Brute, Cone of Cold
  Field: Muckling[2/1], Muckling[2/1], Hoarding Dragon[5/2], Boneguard Lieutenant[3/2]
Opponent: Rexxar HP: 28, Mana: 3/9
  Hand (7)
  Field: Muck Hunter[5/3], Shieldbearer[0/4]
[Turn 10, Step 25] Agent: 유효하지 않은 액션 인덱스(39) → 17로 보정
[Turn 10, Step 25] Agent: 영웅 능력 사용 -> Shieldbearer
[Turn 10, Step 26] Agent: 유효하지 않은 액션 인덱스(57) → 1로 보정
[Turn 10, Step 26] Agent: 카드 플레이 - Xavius (코스트: 6)
[Turn 10, Step 27] Agent: 공격 - Muckling[2/1] -> Shieldbearer
[Turn 10, Step 28] Agent: 공격 - Boneguard Lieutenant[3/3] -> Shieldbearer
[Turn 10, Step 29] Agent: 유효하지 않은 액션 인덱스(71) → 1로 보정
[Turn 10, Step 29] Agent: 공격 - Muckling[2/1] -> Rexxar

--- Game State (Turn 10, Step 30) ---
Agent: Jaina Proudmoore HP: 24, Mana: 2/10
  Hand (3): Mogu'shan Warden, Ogre Brute, Cone of Cold
  Field: Muckling[2/1], Muckling[2/1], Hoarding Dragon[5/2], Boneguard Lieutenant[3/3], Xavius[7/5]
Opponent: Rexxar HP: 26, Mana: 3/9
  Hand (7)
  Field: Muck Hunter[5/3]
[Turn 10, Step 30] Agent: 유효하지 않은 액션 인덱스(90) → 0로 보정
[Turn 10, Step 30] Agent: 턴 종료

[Turn 10] === Opponent's Turn ===
[Turn 10, Step 30] Opponent: 카드 플레이 - Dragonkin Sorcerer (코스트: 4)
[Turn 10, Step 30] Opponent: 영웅 능력 사용
[Turn 10, Step 30] Opponent: 공격 - Muck Hunter[5/3] -> Boneguard Lieutenant
[Turn 10, Step 30] Opponent: 카드 플레이 - The Coin (코스트: 0)
[Turn 10, Step 30] Opponent: 카드 플레이 - Sea Giant (코스트: 5)
[Turn 10, Step 30] Opponent: 턴 종료
[Turn 10, Step 31] Agent: 공격 - Hoarding Dragon[5/2] -> Dragonkin Sorcerer
[Turn 10, Step 32] Agent: 유효하지 않은 액션 인덱스(75) → 15로 보정
[Turn 10, Step 32] Agent: 공격 - Muckling[2/1] -> Sea Giant
[Turn 10, Step 33] Agent: 유효하지 않은 액션 인덱스(83) → 3로 보정
[Turn 10, Step 33] Agent: 카드 플레이 - Cone of Cold -> Muckling (코스트: 4)
[Turn 10, Step 34] Agent: 유효하지 않은 액션 인덱스(32) → 5로 보정
[Turn 10, Step 34] Agent: 영웅 능력 사용 -> Rexxar

--- Game State (Turn 10, Step 35) ---
Agent: Jaina Proudmoore HP: 22, Mana: 4/10
  Hand (3): Mogu'shan Warden, Ogre Brute, Hemet, Jungle Hunter
  Field: Xavius[7/4], Xavian Satyr[2/1]
Opponent: Rexxar HP: 25, Mana: 0/10
  Hand (7)
  Field: Sea Giant[8/6]
[Turn 10, Step 35] Agent: 유효하지 않은 액션 인덱스(55) → 1로 보정
[Turn 10, Step 35] Agent: 카드 플레이 - Mogu'shan Warden (코스트: 4)
[Turn 10, Step 36] Agent: 유효하지 않은 액션 인덱스(46) → 0로 보정
[Turn 10, Step 36] Agent: 턴 종료

[Turn 10] === Opponent's Turn ===
[Turn 10, Step 36] Opponent: 공격 - Sea Giant[8/6] -> Mogu'shan Warden
[Turn 10, Step 36] Opponent: 카드 플레이 - Baron Geddon (코스트: 7)
[Turn 10, Step 36] Opponent: 카드 플레이 - Skaterbot (코스트: 1)
[Turn 10, Step 36] Opponent: 카드 플레이 - The Coin (코스트: 0)
[Turn 10, Step 36] Opponent: 공격 - Skaterbot[1/1] -> Xavius
[Turn 10, Step 36] Opponent: 영웅 능력 사용
[Turn 10, Step 36] Opponent: 카드 플레이 - The Coin (코스트: 0)
[Turn 10, Step 36] Opponent: 턴 종료
[Turn 10, Step 37] Agent: 유효하지 않은 액션 인덱스(15) → 3로 보정
[Turn 10, Step 37] Agent: 카드 플레이 - Bloodsail Corsair (코스트: 1)
[Turn 10, Step 38] Agent: 영웅 능력 사용 -> Baron Geddon
[Turn 10, Step 39] Agent: 유효하지 않은 액션 인덱스(58) → 4로 보정
[Turn 10, Step 39] Agent: 공격 - Xavius[7/1] -> Sea Giant

--- Game State (Turn 10, Step 40) ---
Agent: Jaina Proudmoore HP: 18, Mana: 7/10
  Hand (2): Ogre Brute, Hemet, Jungle Hunter
  Field: Xavian Satyr[2/1], Bloodsail Corsair[1/2]
Opponent: Rexxar HP: 23, Mana: 1/10
  Hand (4)
  Field: Baron Geddon[7/4]
[Turn 10, Step 40] Agent: 유효하지 않은 액션 인덱스(85) → 1로 보정
[Turn 10, Step 40] Agent: 카드 플레이 - Ogre Brute (코스트: 3)
[Turn 10, Step 41] Agent: 유효하지 않은 액션 인덱스(59) → 0로 보정
[Turn 10, Step 41] Agent: 턴 종료

[Turn 10] === Opponent's Turn ===
[Turn 10, Step 41] Opponent: 턴 종료
[Turn 10, Step 42] Agent: 유효하지 않은 액션 인덱스(43) → 7로 보정
[Turn 10, Step 42] Agent: 공격 - Ogre Brute[4/2] -> Rexxar
[Turn 10, Step 43] Agent: 유효하지 않은 액션 인덱스(26) → 5로 보정
[Turn 10, Step 43] Agent: 영웅 능력 사용 -> Baron Geddon
[Turn 10, Step 44] Agent: 유효하지 않은 액션 인덱스(10) → 1로 보정
[Turn 10, Step 44] Agent: 카드 플레이 - Hemet, Jungle Hunter (코스트: 6)

--- Game State (Turn 10, Step 45) ---
Agent: Jaina Proudmoore HP: 16, Mana: 2/10
  Hand (1): Splitting Festeroot
  Field: Ogre Brute[4/2], Hemet, Jungle Hunter[6/6]
Opponent: Rexxar HP: 17, Mana: 10/10
  Hand (5)
  Field: Baron Geddon[7/3]
[Turn 10, Step 45] Agent: 유효하지 않은 액션 인덱스(57) → 0로 보정
[Turn 10, Step 45] Agent: 턴 종료

[Turn 10] === Opponent's Turn ===
[Turn 10, Step 45] Opponent: 영웅 능력 사용
[Turn 10, Step 45] Opponent: 카드 플레이 - Portal Keeper (코스트: 4)
[Turn 10, Step 45] Opponent: 공격 - Baron Geddon[7/3] -> Ogre Brute
[Turn 10, Step 45] Opponent: 턴 종료
[Turn 10, Step 46] Agent: 유효하지 않은 액션 인덱스(61) → 7로 보정
[Turn 10, Step 46] Agent: 공격 - Hemet, Jungle Hunter[6/6] -> Rexxar
[Turn 10, Step 47] Agent: 영웅 능력 사용 -> Rexxar
[Turn 10, Step 48] Agent: 유효하지 않은 액션 인덱스(52) → 1로 보정
[Turn 10, Step 48] Agent: 카드 플레이 - Splitting Festeroot (코스트: 8)
[Turn 10, Step 49] Agent: 유효하지 않은 액션 인덱스(48) → 0로 보정
[Turn 10, Step 49] Agent: 턴 종료

[Turn 10] === Opponent's Turn ===
[Turn 10, Step 49] Opponent: 카드 플레이 - Anubisath Sentinel (코스트: 5)
[Turn 10, Step 49] Opponent: 턴 종료

--- Game State (Turn 10, Step 50) ---
Agent: Jaina Proudmoore HP: 14, Mana: 10/10
  Hand (2): Scaled Nightmare, Cryomancer
  Field: Hemet, Jungle Hunter[6/6], Splitting Festeroot[4/4]
Opponent: Rexxar HP: 10, Mana: 5/10
  Hand (5)
  Field: Portal Keeper[5/2], Anubisath Sentinel[4/4]
[Turn 10, Step 50] Agent: 유효하지 않은 액션 인덱스(27) → 12로 보정
[Turn 10, Step 50] Agent: 공격 - Splitting Festeroot[4/4] -> Rexxar
[Turn 10, Step 51] Agent: 유효하지 않은 액션 인덱스(72) → 0로 보정
[Turn 10, Step 51] Agent: 턴 종료

[Turn 10] === Opponent's Turn ===
[Turn 10, Step 51] Opponent: 영웅 능력 사용
[Turn 10, Step 51] Opponent: 공격 - Anubisath Sentinel[4/4] -> Splitting Festeroot
[Turn 10, Step 51] Opponent: 턴 종료
[Turn 10, Step 52] Agent: 유효하지 않은 액션 인덱스(36) → 4로 보정
[Turn 10, Step 52] Agent: 영웅 능력 사용 -> Jaina Proudmoore
[Turn 10, Step 53] Agent: 유효하지 않은 액션 인덱스(21) → 3로 보정
[Turn 10, Step 53] Agent: 공격 - Hemet, Jungle Hunter[6/6] -> Rexxar

--- Game State (Turn 10, Step 54) ---
Agent: Jaina Proudmoore HP: 11, Mana: 8/10
  Hand (3): Scaled Nightmare, Cryomancer, Puzzle Box of Yogg-Saron
  Field: Hemet, Jungle Hunter[6/6], Splitting Sapling[2/2], Splitting Sapling[2/2]
Opponent: Rexxar HP: 0, Mana: 8/10
  Hand (6)
  Field: Portal Keeper[8/5]

============================================================
게임 종료 - Terminated: True, Truncated: False
승자: Agent
============================================================

