============================================================
NEW GAME STARTED
Agent: HERO_08 vs Opponent: HERO_05
Action Masking: OFF
Masking Expected: OFF
============================================================
[Turn 1, Step 0] Agent: 턴 종료

[Turn 1] === Opponent's Turn ===
[Turn 1, Step 0] Opponent: 카드 플레이 - Wretched Tiller (코스트: 1)
[Turn 1, Step 0] Opponent: 카드 플레이 - The Coin (코스트: 0)
[Turn 1, Step 0] Opponent: 카드 플레이 - Toxic Reinforcements (코스트: 1)
[Turn 1, Step 0] Opponent: 턴 종료
[Turn 2, Step 1] Agent: 카드 플레이 - Medivh's Valet (코스트: 2)
[Turn 2, Step 2] Agent: 턴 종료

[Turn 2] === Opponent's Turn ===
[Turn 2, Step 2] Opponent: 턴 종료
[Turn 3, Step 3] Agent: 카드 플레이 - Grizzled Wizard (코스트: 2)
[Turn 3, Step 4] Agent: 공격 - Medivh's Valet[2/3] -> Rexxar

--- Game State (Turn 3, Step 5) ---
Agent: Jaina Proudmoore HP: 30, Mana: 1/3
  Hand (4): Skulking Geist, Platebreaker, Hogger, Doom of Elwynn, Fallen Sun Cleric
  Field: Medivh's Valet[2/3], Grizzled Wizard[3/2]
Opponent: Rexxar HP: 28, Mana: 2/2
  Hand (4)
  Field: Wretched Tiller[1/1]
[Turn 3, Step 5] Agent: 턴 종료

[Turn 3] === Opponent's Turn ===
[Turn 3, Step 5] Opponent: 공격 - Wretched Tiller[1/1] -> Jaina Proudmoore
[Turn 3, Step 5] Opponent: 영웅 능력 사용 -> Grizzled Wizard
[Turn 3, Step 5] Opponent: 카드 플레이 - Rapid Fire -> Grizzled Wizard (코스트: 1)
[Turn 3, Step 5] Opponent: 턴 종료
[Turn 4, Step 6] Agent: 카드 플레이 - Fallen Sun Cleric -> Medivh's Valet (코스트: 2)
[Turn 4, Step 7] Agent: 영웅 능력 사용 -> Jaina Proudmoore
[Turn 4, Step 8] Agent: 공격 - Medivh's Valet[3/4] -> Rexxar
[Turn 4, Step 9] Agent: 턴 종료

[Turn 4] === Opponent's Turn ===
[Turn 4, Step 9] Opponent: 턴 종료

--- Game State (Turn 5, Step 10) ---
Agent: Jaina Proudmoore HP: 26, Mana: 5/5
  Hand (5): Skulking Geist, Platebreaker, Hogger, Doom of Elwynn, Wargear, Shu'ma
  Field: Medivh's Valet[3/4], Fallen Sun Cleric[2/1]
Opponent: Rexxar HP: 25, Mana: 4/4
  Hand (6)
  Field: Wretched Tiller[1/1]
[Turn 5, Step 10] Agent: 공격 - Fallen Sun Cleric[2/1] -> Rexxar
[Turn 5, Step 11] Agent: 카드 플레이 - Platebreaker (코스트: 5)
[Turn 5, Step 12] Agent: 공격 - Medivh's Valet[3/4] -> Rexxar
[Turn 5, Step 13] Agent: 턴 종료

[Turn 5] === Opponent's Turn ===
[Turn 5, Step 13] Opponent: 카드 플레이 - Rapid Fire -> Jaina Proudmoore (코스트: 1)
[Turn 5, Step 13] Opponent: 턴 종료
[Turn 6, Step 14] Agent: 공격 - Medivh's Valet[3/4] -> Wretched Tiller

--- Game State (Turn 6, Step 15) ---
Agent: Jaina Proudmoore HP: 25, Mana: 6/6
  Hand (5): Skulking Geist, Hogger, Doom of Elwynn, Wargear, Shu'ma, Corridor Creeper
  Field: Medivh's Valet[3/3], Fallen Sun Cleric[2/1], Platebreaker[5/5]
Opponent: Rexxar HP: 20, Mana: 4/5
  Hand (6)
[Turn 6, Step 15] Agent: 공격 - Platebreaker[5/5] -> Rexxar
[Turn 6, Step 16] Agent: 카드 플레이 - Skulking Geist (코스트: 6)
[Turn 6, Step 17] Agent: 공격 - Fallen Sun Cleric[2/1] -> Rexxar
[Turn 6, Step 18] Agent: 턴 종료

[Turn 6] === Opponent's Turn ===
[Turn 6, Step 18] Opponent: 턴 종료
[Turn 7, Step 19] Agent: 영웅 능력 사용 -> Skulking Geist

--- Game State (Turn 7, Step 20) ---
Agent: Jaina Proudmoore HP: 25, Mana: 5/7
  Hand (5): Hogger, Doom of Elwynn, Wargear, Shu'ma, Corridor Creeper, Mountain Giant
  Field: Medivh's Valet[3/3], Fallen Sun Cleric[2/1], Platebreaker[5/5], Skulking Geist[4/5]
Opponent: Rexxar HP: 13, Mana: 6/6
  Hand (7)
[Turn 7, Step 20] Agent: 카드 플레이 - Wargear (코스트: 5)
[Turn 7, Step 21] Agent: 공격 - Medivh's Valet[3/3] -> Rexxar
[Turn 7, Step 22] Agent: 공격 - Fallen Sun Cleric[2/1] -> Rexxar
[Turn 7, Step 23] Agent: 공격 - Platebreaker[5/5] -> Rexxar
[Turn 7, Step 24] Agent: 공격 - Skulking Geist[4/5] -> Rexxar

--- Game State (Turn 7, Step 25) ---
Agent: Jaina Proudmoore HP: 25, Mana: 0/7
  Hand (4): Hogger, Doom of Elwynn, Shu'ma, Corridor Creeper, Mountain Giant
  Field: Medivh's Valet[3/3], Fallen Sun Cleric[2/1], Platebreaker[5/5], Skulking Geist[4/5], Wargear[5/5]
Opponent: Rexxar HP: 0, Mana: 6/6
  Hand (7)

--- Game State (Turn 7, Step 25) ---
Agent: Jaina Proudmoore HP: 25, Mana: 0/7
  Hand (4): Hogger, Doom of Elwynn, Shu'ma, Corridor Creeper, Mountain Giant
  Field: Medivh's Valet[3/3], Fallen Sun Cleric[2/1], Platebreaker[5/5], Skulking Geist[4/5], Wargear[5/5]
Opponent: Rexxar HP: 0, Mana: 6/6
  Hand (7)

============================================================
게임 종료 - Terminated: True, Truncated: False
승자: Agent
============================================================

