============================================================
NEW GAME STARTED
Agent: HERO_08 vs Opponent: HERO_05
Action Masking: ON
Masking Expected: ON
============================================================
[Turn 1, Step 0] Agent: 카드 플레이 - Abusive Sergeant (코스트: 1)
[Turn 1, Step 1] Agent: 턴 종료

[Turn 1] === Opponent's Turn ===
[Turn 1, Step 1] Opponent: 카드 플레이 - The Coin (코스트: 0)
[Turn 1, Step 1] Opponent: 카드 플레이 - Stonesplinter Trogg (코스트: 2)
[Turn 1, Step 1] Opponent: 턴 종료
[Turn 2, Step 2] Agent: 공격 - Abusive Sergeant[1/1] -> Rexxar
[Turn 2, Step 3] Agent: 턴 종료

[Turn 2] === Opponent's Turn ===
[Turn 2, Step 3] Opponent: 공격 - Stonesplinter Trogg[2/3] -> Abusive Sergeant
[Turn 2, Step 3] Opponent: 영웅 능력 사용
[Turn 2, Step 3] Opponent: 턴 종료
[Turn 3, Step 4] Agent: 영웅 능력 사용 -> Stonesplinter Trogg

--- Game State (Turn 3, Step 5) ---
Agent: Jaina Proudmoore HP: 28, Mana: 1/3
  Hand (5): Icehowl, Grave Shambler, Astromancer Solarian, Wrathion, Drakonid Crusher
Opponent: Rexxar HP: 29, Mana: 0/2
  Hand (5)
  Field: Stonesplinter Trogg[2/1]
[Turn 3, Step 5] Agent: 턴 종료

[Turn 3] === Opponent's Turn ===
[Turn 3, Step 5] Opponent: 카드 플레이 - Chopshop Copter (코스트: 3)
[Turn 3, Step 5] Opponent: 공격 - Stonesplinter Trogg[2/1] -> Jaina Proudmoore
[Turn 3, Step 5] Opponent: 턴 종료
[Turn 4, Step 6] Agent: 영웅 능력 사용 -> Jaina Proudmoore
[Turn 4, Step 7] Agent: 카드 플레이 - Astromancer Solarian (코스트: 2)
[Turn 4, Step 8] Agent: 턴 종료

[Turn 4] === Opponent's Turn ===
[Turn 4, Step 8] Opponent: 공격 - Chopshop Copter[2/4] -> Astromancer Solarian
[Turn 4, Step 8] Opponent: 카드 플레이 - Saronite Chain Gang (코스트: 4)
[Turn 4, Step 8] Opponent: 공격 - Stonesplinter Trogg[2/1] -> Jaina Proudmoore
[Turn 4, Step 8] Opponent: 턴 종료
[Turn 5, Step 9] Agent: 영웅 능력 사용 -> Stonesplinter Trogg

--- Game State (Turn 5, Step 10) ---
Agent: Jaina Proudmoore HP: 23, Mana: 3/5
  Hand (6): Spiked Hogrider, Icehowl, Grave Shambler, Wrathion, Drakonid Crusher, Onyxia
Opponent: Rexxar HP: 29, Mana: 0/4
  Hand (5)
  Field: Chopshop Copter[2/1], Saronite Chain Gang[2/3], Saronite Chain Gang[2/3]
[Turn 5, Step 10] Agent: 턴 종료

[Turn 5] === Opponent's Turn ===
[Turn 5, Step 10] Opponent: 카드 플레이 - Shaky Zipgunner (코스트: 3)
[Turn 5, Step 10] Opponent: 공격 - Saronite Chain Gang[2/3] -> Jaina Proudmoore
[Turn 5, Step 10] Opponent: 턴 종료
[Turn 6, Step 11] Agent: 영웅 능력 사용 -> Shaky Zipgunner
[Turn 6, Step 12] Agent: 턴 종료

[Turn 6] === Opponent's Turn ===
[Turn 6, Step 12] Opponent: 카드 플레이 - Hench-Clan Sneak (코스트: 3)
[Turn 6, Step 12] Opponent: 영웅 능력 사용
[Turn 6, Step 12] Opponent: 공격 - Chopshop Copter[2/1] -> Jaina Proudmoore
[Turn 6, Step 12] Opponent: 공격 - Saronite Chain Gang[2/3] -> Jaina Proudmoore
[Turn 6, Step 12] Opponent: 공격 - Saronite Chain Gang[2/3] -> Jaina Proudmoore
[Turn 6, Step 12] Opponent: 공격 - Shaky Zipgunner[3/2] -> Jaina Proudmoore
[Turn 6, Step 12] Opponent: 턴 종료
[Turn 7, Step 13] Agent: 영웅 능력 사용 -> Rexxar
[Turn 7, Step 14] Agent: 카드 플레이 - Grave Shambler (코스트: 4)

--- Game State (Turn 7, Step 15) ---
Agent: Jaina Proudmoore HP: 10, Mana: 1/7
  Hand (7): Spiked Hogrider, Icehowl, Wrathion, Drakonid Crusher, Onyxia, Gelbin Mekkatorque, Sharkfin Fan
  Field: Grave Shambler[4/4]
Opponent: Rexxar HP: 28, Mana: 1/6
  Hand (5)
  Field: Chopshop Copter[2/1], Saronite Chain Gang[2/3], Saronite Chain Gang[2/3], Shaky Zipgunner[3/2], Hench-Clan Sneak[3/3]
[Turn 7, Step 15] Agent: 턴 종료

[Turn 7] === Opponent's Turn ===
[Turn 7, Step 15] Opponent: 영웅 능력 사용
[Turn 7, Step 15] Opponent: 카드 플레이 - Temple Berserker (코스트: 2)
[Turn 7, Step 15] Opponent: 공격 - Saronite Chain Gang[2/3] -> Grave Shambler
[Turn 7, Step 15] Opponent: 공격 - Saronite Chain Gang[2/3] -> Jaina Proudmoore
[Turn 7, Step 15] Opponent: 공격 - Shaky Zipgunner[3/2] -> Grave Shambler
[Turn 7, Step 15] Opponent: 공격 - Hench-Clan Sneak[3/3] -> Jaina Proudmoore
[Turn 7, Step 15] Opponent: 카드 플레이 - Ogre Brute (코스트: 3)
[Turn 7, Step 15] Opponent: 공격 - Chopshop Copter[2/1] -> Jaina Proudmoore
[Turn 7, Step 15] Opponent: 턴 종료
[Turn 8, Step 16] Agent: 카드 플레이 - Sharkfin Fan (코스트: 2)
[Turn 8, Step 17] Agent: 영웅 능력 사용 -> Sharkfin Fan
[Turn 8, Step 18] Agent: 턴 종료

[Turn 8] === Opponent's Turn ===
[Turn 8, Step 18] Opponent: 카드 플레이 - Necrotic Geist (코스트: 6)
[Turn 8, Step 18] Opponent: 공격 - Chopshop Copter[2/1] -> Sharkfin Fan
[Turn 8, Step 18] Opponent: 카드 플레이 - Bloodsail Corsair (코스트: 1)
[Turn 8, Step 18] Opponent: 턴 종료
[Turn 9, Step 19] Agent: 카드 플레이 - Spiked Hogrider (코스트: 5)

--- Game State (Turn 9, Step 20) ---
Agent: Jaina Proudmoore HP: 1, Mana: 4/9
  Hand (7): Icehowl, Wrathion, Drakonid Crusher, Onyxia, Gelbin Mekkatorque, Solarian Prime, Lost Spirit
  Field: Spiked Hogrider[5/5]
Opponent: Rexxar HP: 28, Mana: 1/8
  Hand (3)
  Field: Saronite Chain Gang[2/3], Hench-Clan Sneak[3/3], Temple Berserker[1/2], Ogre Brute[4/4], Necrotic Geist[7/5], Bloodsail Corsair[1/2]
[Turn 9, Step 20] Agent: 영웅 능력 사용 -> Spiked Hogrider
[Turn 9, Step 21] Agent: 카드 플레이 - Lost Spirit (코스트: 2)
[Turn 9, Step 22] Agent: 공격 - Spiked Hogrider[5/4] -> Saronite Chain Gang
[Turn 9, Step 23] Agent: 턴 종료

[Turn 9] === Opponent's Turn ===
[Turn 9, Step 23] Opponent: 카드 플레이 - Bomb Lobber (코스트: 5)
[Turn 9, Step 23] Opponent: 공격 - Necrotic Geist[7/5] -> Jaina Proudmoore

--- Game State (Turn 9, Step 24) ---
Agent: Jaina Proudmoore HP: 0, Mana: 0/9
  Hand (6): Icehowl, Wrathion, Drakonid Crusher, Onyxia, Gelbin Mekkatorque, Solarian Prime
  Field: Spiked Hogrider[6/2]
Opponent: Rexxar HP: 28, Mana: 4/9
  Hand (3)
  Field: Hench-Clan Sneak[3/3], Temple Berserker[1/2], Ogre Brute[4/4], Necrotic Geist[7/5], Bloodsail Corsair[1/2], Bomb Lobber[3/3]

============================================================
게임 종료 - Terminated: True, Truncated: False
승자: Opponent
============================================================

