============================================================
NEW GAME STARTED
Agent: HERO_08 vs Opponent: HERO_05
Action Masking: ON
Masking Expected: ON
============================================================

[Turn 1] === Opponent's Turn ===
[Turn 1, Step 0] Opponent: 턴 종료
[Turn 1, Step 1] Agent: 카드 플레이 - The Coin (코스트: 0)
[Turn 1, Step 2] Agent: 영웅 능력 사용 -> Rexxar
[Turn 1, Step 3] Agent: 턴 종료

[Turn 1] === Opponent's Turn ===
[Turn 1, Step 3] Opponent: 영웅 능력 사용
[Turn 1, Step 3] Opponent: 턴 종료
[Turn 2, Step 4] Agent: 카드 플레이 - Fire Fly (코스트: 1)

--- Game State (Turn 2, Step 5) ---
Agent: Jaina Proudmoore HP: 28, Mana: 1/2
  Hand (6): Temple Berserker, Snapjaw Shellfighter, Kronx Dragonhoof, Flame Geyser, Disciple of C'Thun, Flame Elemental
  Field: Fire Fly[1/2]
Opponent: Rexxar HP: 29, Mana: 0/2
  Hand (5)
[Turn 2, Step 5] Agent: 카드 플레이 - Flame Elemental (코스트: 1)
[Turn 2, Step 6] Agent: 턴 종료

[Turn 2] === Opponent's Turn ===
[Turn 2, Step 6] Opponent: 턴 종료
[Turn 3, Step 7] Agent: 카드 플레이 - Temple Berserker (코스트: 2)
[Turn 3, Step 8] Agent: 공격 - Fire Fly[1/2] -> Rexxar
[Turn 3, Step 9] Agent: 공격 - Flame Elemental[1/2] -> Rexxar

--- Game State (Turn 3, Step 10) ---
Agent: Jaina Proudmoore HP: 28, Mana: 1/3
  Hand (5): Snapjaw Shellfighter, Kronx Dragonhoof, Flame Geyser, Disciple of C'Thun, Nightmare Amalgam
  Field: Fire Fly[1/2], Flame Elemental[1/2], Temple Berserker[1/2]
Opponent: Rexxar HP: 27, Mana: 3/3
  Hand (6)
[Turn 3, Step 10] Agent: 턴 종료

[Turn 3] === Opponent's Turn ===
[Turn 3, Step 10] Opponent: 카드 플레이 - Grimestreet Informant (코스트: 2)
[Turn 3, Step 10] Opponent: 선택 - Cobra Shot
[Turn 3, Step 10] Opponent: 영웅 능력 사용
[Turn 3, Step 10] Opponent: 턴 종료
[Turn 4, Step 11] Agent: 카드 플레이 - Disciple of C'Thun -> Temple Berserker (코스트: 3)
[Turn 4, Step 12] Agent: 공격 - Fire Fly[1/2] -> Grimestreet Informant
[Turn 4, Step 13] Agent: 턴 종료

[Turn 4] === Opponent's Turn ===
[Turn 4, Step 13] Opponent: 카드 플레이 - Felfin Navigator (코스트: 4)
[Turn 4, Step 13] Opponent: 턴 종료
[Turn 5, Step 14] Agent: 영웅 능력 사용 -> Rexxar

--- Game State (Turn 5, Step 15) ---
Agent: Jaina Proudmoore HP: 26, Mana: 3/5
  Hand (6): Snapjaw Shellfighter, Kronx Dragonhoof, Flame Geyser, Nightmare Amalgam, Magic Carpet, Kooky Chemist
  Field: Fire Fly[1/1], Flame Elemental[1/2], Temple Berserker[3/1], Disciple of C'Thun[2/1]
Opponent: Rexxar HP: 26, Mana: 1/5
  Hand (7)
  Field: Felfin Navigator[4/4]
[Turn 5, Step 15] Agent: 공격 - Temple Berserker[3/1] -> Rexxar
[Turn 5, Step 16] Agent: 카드 플레이 - Flame Geyser -> Rexxar (코스트: 2)
[Turn 5, Step 17] Agent: 공격 - Fire Fly[1/1] -> Felfin Navigator
[Turn 5, Step 18] Agent: 공격 - Disciple of C'Thun[2/1] -> Felfin Navigator
[Turn 5, Step 19] Agent: 카드 플레이 - Flame Elemental (코스트: 1)

--- Game State (Turn 5, Step 20) ---
Agent: Jaina Proudmoore HP: 26, Mana: 0/5
  Hand (5): Snapjaw Shellfighter, Kronx Dragonhoof, Nightmare Amalgam, Magic Carpet, Kooky Chemist
  Field: Flame Elemental[1/2], Temple Berserker[3/1], Flame Elemental[1/2]
Opponent: Rexxar HP: 21, Mana: 1/5
  Hand (7)
  Field: Felfin Navigator[4/1]
[Turn 5, Step 20] Agent: 턴 종료

[Turn 5] === Opponent's Turn ===
[Turn 5, Step 20] Opponent: 카드 플레이 - Burly Rockjaw Trogg (코스트: 4)
[Turn 5, Step 20] Opponent: 카드 플레이 - Toxicologist (코스트: 2)
[Turn 5, Step 20] Opponent: 공격 - Felfin Navigator[4/1] -> Temple Berserker
[Turn 5, Step 20] Opponent: 턴 종료
[Turn 6, Step 21] Agent: 카드 플레이 - Kronx Dragonhoof (코스트: 6)
[Turn 6, Step 22] Agent: 공격 - Flame Elemental[1/2] -> Rexxar
[Turn 6, Step 23] Agent: 공격 - Flame Elemental[1/2] -> Burly Rockjaw Trogg
[Turn 6, Step 24] Agent: 턴 종료

[Turn 6] === Opponent's Turn ===
[Turn 6, Step 24] Opponent: 공격 - Burly Rockjaw Trogg[3/4] -> Kronx Dragonhoof
[Turn 6, Step 24] Opponent: 카드 플레이 - Cobra Shot -> Toxicologist (코스트: 5)
[Turn 6, Step 24] Opponent: 턴 종료

--- Game State (Turn 7, Step 25) ---
Agent: Jaina Proudmoore HP: 23, Mana: 7/7
  Hand (6): Mogor's Champion, Snapjaw Shellfighter, Nightmare Amalgam, Magic Carpet, Kooky Chemist, Big Game Hunter
  Field: Flame Elemental[1/2], Kronx Dragonhoof[6/3]
Opponent: Rexxar HP: 20, Mana: 2/7
  Hand (6)
[Turn 7, Step 25] Agent: 공격 - Flame Elemental[1/2] -> Rexxar
[Turn 7, Step 26] Agent: 카드 플레이 - Snapjaw Shellfighter (코스트: 5)
[Turn 7, Step 27] Agent: 영웅 능력 사용 -> Snapjaw Shellfighter
[Turn 7, Step 28] Agent: 공격 - Kronx Dragonhoof[6/3] -> Rexxar
[Turn 7, Step 29] Agent: 턴 종료

[Turn 7] === Opponent's Turn ===
[Turn 7, Step 29] Opponent: 카드 플레이 - Crushing Walls (코스트: 7)
[Turn 7, Step 29] Opponent: 턴 종료

--- Game State (Turn 8, Step 30) ---
Agent: Jaina Proudmoore HP: 23, Mana: 8/8
  Hand (6): Mogor's Champion, Nightmare Amalgam, Magic Carpet, Kooky Chemist, Big Game Hunter, Proud Defender
  Field: Kronx Dragonhoof[6/3]
Opponent: Rexxar HP: 13, Mana: 1/8
  Hand (6)
[Turn 8, Step 30] Agent: 영웅 능력 사용 -> Kronx Dragonhoof
[Turn 8, Step 31] Agent: 턴 종료

[Turn 8] === Opponent's Turn ===
[Turn 8, Step 31] Opponent: 카드 플레이 - Spellweaver (코스트: 6)
[Turn 8, Step 31] Opponent: 카드 플레이 - Rat Trap (코스트: 2)
[Turn 8, Step 31] Opponent: 턴 종료
[Turn 9, Step 32] Agent: 카드 플레이 - Kooky Chemist -> Kronx Dragonhoof (코스트: 4)
[Turn 9, Step 33] Agent: 카드 플레이 - Big Game Hunter (코스트: 5)
[Turn 9, Step 34] Agent: 공격 - Kronx Dragonhoof[2/6] -> Spellweaver

--- Game State (Turn 9, Step 35) ---
Agent: Jaina Proudmoore HP: 23, Mana: 0/9
  Hand (5): Mountain Giant, Mogor's Champion, Nightmare Amalgam, Magic Carpet, Proud Defender
  Field: Kronx Dragonhoof[2/2], Kooky Chemist[4/4], Big Game Hunter[4/2]
Opponent: Rexxar HP: 13, Mana: 1/9
  Hand (5)
  Field: Spellweaver[4/2]
[Turn 9, Step 35] Agent: 턴 종료

[Turn 9] === Opponent's Turn ===
[Turn 9, Step 35] Opponent: 카드 플레이 - Fungalmancer (코스트: 5)
[Turn 9, Step 35] Opponent: 영웅 능력 사용
[Turn 9, Step 35] Opponent: 카드 플레이 - Molten Giant (코스트: 3)
[Turn 9, Step 35] Opponent: 공격 - Spellweaver[6/4] -> Jaina Proudmoore
[Turn 9, Step 35] Opponent: 턴 종료
[Turn 10, Step 36] Agent: 공격 - Kooky Chemist[4/4] -> Spellweaver
[Turn 10, Step 37] Agent: 공격 - Kronx Dragonhoof[2/2] -> Molten Giant
[Turn 10, Step 38] Agent: 카드 플레이 - Magic Carpet (코스트: 3)
[Turn 10, Step 39] Agent: 공격 - Big Game Hunter[4/2] -> Molten Giant

--- Game State (Turn 10, Step 40) ---
Agent: Jaina Proudmoore HP: 15, Mana: 7/10
  Hand (5): Mountain Giant, Mogor's Champion, Nightmare Amalgam, Proud Defender, Explodinator
  Field: Magic Carpet[1/6]
Opponent: Rexxar HP: 13, Mana: 0/10
  Hand (4)
  Field: Fungalmancer[2/2], Molten Giant[8/2]
[Turn 10, Step 40] Agent: 영웅 능력 사용 -> Rexxar
[Turn 10, Step 41] Agent: 카드 플레이 - Nightmare Amalgam (코스트: 3)
[Turn 10, Step 42] Agent: 턴 종료

[Turn 10] === Opponent's Turn ===
[Turn 10, Step 42] Opponent: 공격 - Molten Giant[8/2] -> Magic Carpet
[Turn 10, Step 42] Opponent: 공격 - Fungalmancer[2/2] -> Nightmare Amalgam
[Turn 10, Step 42] Opponent: 턴 종료
[Turn 10, Step 43] Agent: 카드 플레이 - Evasive Chimaera (코스트: 2)
[Turn 10, Step 44] Agent: 턴 종료

[Turn 10] === Opponent's Turn ===
[Turn 10, Step 44] Opponent: 카드 플레이 - Harbinger Celestia (코스트: 4)
[Turn 10, Step 44] Opponent: 공격 - Molten Giant[8/1] -> Nightmare Amalgam
[Turn 10, Step 44] Opponent: 카드 플레이 - Elise the Trailblazer (코스트: 5)
[Turn 10, Step 44] Opponent: 턴 종료

--- Game State (Turn 10, Step 45) ---
Agent: Jaina Proudmoore HP: 15, Mana: 10/10
  Hand (5): Mountain Giant, Mogor's Champion, Proud Defender, Explodinator, Cursed Disciple
  Field: Evasive Chimaera[2/1]
Opponent: Rexxar HP: 12, Mana: 1/10
  Hand (4)
  Field: Harbinger Celestia[5/6], Elise the Trailblazer[5/5]
[Turn 10, Step 45] Agent: 영웅 능력 사용 -> Elise the Trailblazer
[Turn 10, Step 46] Agent: 카드 플레이 - Proud Defender (코스트: 4)
[Turn 10, Step 47] Agent: 공격 - Evasive Chimaera[2/1] -> Proud Defender
[Turn 10, Step 48] Agent: 카드 플레이 - Cursed Disciple (코스트: 4)
[Turn 10, Step 49] Agent: 턴 종료

[Turn 10] === Opponent's Turn ===
[Turn 10, Step 49] Opponent: 카드 플레이 - Wind-up Burglebot (코스트: 6)
[Turn 10, Step 49] Opponent: 카드 플레이 - Evolved Kobold (코스트: 4)
[Turn 10, Step 49] Opponent: 공격 - Elise the Trailblazer[5/4] -> Proud Defender
[Turn 10, Step 49] Opponent: 턴 종료

--- Game State (Turn 10, Step 50) ---
Agent: Jaina Proudmoore HP: 15, Mana: 10/10
  Hand (4): Arcane Watcher, Mountain Giant, Mogor's Champion, Explodinator
  Field: Proud Defender[2/1], Cursed Disciple[5/1]
Opponent: Rexxar HP: 12, Mana: 0/10
  Hand (3)
  Field: Elise the Trailblazer[5/2], Wind-up Burglebot[5/5], Evolved Kobold[2/2]
[Turn 10, Step 50] Agent: 영웅 능력 사용 -> Cursed Disciple
[Turn 10, Step 51] Agent: 카드 플레이 - Mogor's Champion (코스트: 6)
[Turn 10, Step 52] Agent: 공격 - Proud Defender[2/1] -> Elise the Trailblazer
[Turn 10, Step 53] Agent: 턴 종료

[Turn 10] === Opponent's Turn ===
[Turn 10, Step 53] Opponent: 공격 - Wind-up Burglebot[5/5] -> Mogor's Champion
[Turn 10, Step 53] Opponent: 카드 플레이 - Cobalt Scalebane (코스트: 5)
[Turn 10, Step 53] Opponent: 카드 플레이 - Former Champ (코스트: 5)
[Turn 10, Step 53] Opponent: 공격 - Evolved Kobold[2/2] -> Cursed Revenant
[Turn 10, Step 53] Opponent: 턴 종료
[Turn 10, Step 54] Agent: 카드 플레이 - Mountain Giant (코스트: 9)

--- Game State (Turn 10, Step 55) ---
Agent: Jaina Proudmoore HP: 15, Mana: 1/10
  Hand (3): Arcane Watcher, Explodinator, Potion of Polymorph
  Field: Mountain Giant[8/8]
Opponent: Rexxar HP: 12, Mana: 0/10
  Hand (2)
  Field: Cobalt Scalebane[5/5], Former Champ[1/1], Hotshot[8/5]
[Turn 10, Step 55] Agent: 턴 종료

[Turn 10] === Opponent's Turn ===
[Turn 10, Step 55] Opponent: 공격 - Hotshot[8/5] -> Jaina Proudmoore
[Turn 10, Step 55] Opponent: 공격 - Former Champ[1/1] -> Mountain Giant
[Turn 10, Step 55] Opponent: 카드 플레이 - Ball of Spiders (코스트: 6)
[Turn 10, Step 55] Opponent: 카드 플레이 - Dire Frenzy -> Webspinner (코스트: 4)
[Turn 10, Step 55] Opponent: 턴 종료
[Turn 10, Step 56] Agent: 공격 - Mountain Giant[8/7] -> Webspinner
[Turn 10, Step 57] Agent: 카드 플레이 - Arcane Watcher (코스트: 3)
[Turn 10, Step 58] Agent: 영웅 능력 사용 -> Jaina Proudmoore
[Turn 10, Step 59] Agent: 카드 플레이 - Sky Gen'ral Kragg (코스트: 4)

--- Game State (Turn 10, Step 60) ---
Agent: Jaina Proudmoore HP: 6, Mana: 1/10
  Hand (2): Explodinator, Potion of Polymorph
  Field: Mountain Giant[8/6], Arcane Watcher[5/6], Sky Gen'ral Kragg[2/3]
Opponent: Rexxar HP: 12, Mana: 0/10
  Hand (2)
  Field: Cobalt Scalebane[5/5], Hotshot[11/5], Webspinner[1/1], Webspinner[1/1]
[Turn 10, Step 60] Agent: 턴 종료

[Turn 10] === Opponent's Turn ===
[Turn 10, Step 60] Opponent: 카드 플레이 - The Voraxx (코스트: 4)
[Turn 10, Step 60] Opponent: 영웅 능력 사용
[Turn 10, Step 60] Opponent: 공격 - Webspinner[1/1] -> Sky Gen'ral Kragg
[Turn 10, Step 60] Opponent: 공격 - Hotshot[11/5] -> Sky Gen'ral Kragg
[Turn 10, Step 60] Opponent: 공격 - Webspinner[1/1] -> Jaina Proudmoore
[Turn 10, Step 60] Opponent: 카드 플레이 - Emerald Reaver (코스트: 1)
[Turn 10, Step 60] Opponent: 턴 종료
[Turn 10, Step 61] Agent: 턴 종료

[Turn 10] === Opponent's Turn ===
[Turn 10, Step 61] Opponent: 공격 - Cobalt Scalebane[5/5] -> Arcane Watcher
[Turn 10, Step 61] Opponent: 공격 - Hotshot[11/3] -> Arcane Watcher
[Turn 10, Step 61] Opponent: 카드 플레이 - Un'Goro Pack (코스트: 2)
[Turn 10, Step 61] Opponent: 공격 - Emerald Reaver[2/1] -> Mountain Giant
[Turn 10, Step 61] Opponent: 카드 플레이 - Fire Fly (코스트: 1)
[Turn 10, Step 61] Opponent: 공격 - The Voraxx[3/3] -> Mountain Giant
[Turn 10, Step 61] Opponent: 카드 플레이 - Augmented Elekk (코스트: 3)
[Turn 10, Step 61] Opponent: 턴 종료
[Turn 10, Step 62] Agent: 영웅 능력 사용 -> Fire Fly
[Turn 10, Step 63] Agent: 공격 - Mountain Giant[8/1] -> Webspinner
[Turn 10, Step 64] Agent: 카드 플레이 - Explodinator (코스트: 4)

--- Game State (Turn 10, Step 65) ---
Agent: Jaina Proudmoore HP: 2, Mana: 4/10
  Hand (3): Potion of Polymorph, Unexpected Results, Stargazer Luna
  Field: Goblin Bomb[0/2], Explodinator[3/2], Goblin Bomb[0/2]
Opponent: Rexxar HP: 11, Mana: 4/10
  Hand (7)
  Field: Fire Fly[1/1], Augmented Elekk[3/4]
[Turn 10, Step 65] Agent: 카드 플레이 - Unexpected Results (코스트: 3)
[Turn 10, Step 66] Agent: 턴 종료

[Turn 10] === Opponent's Turn ===
[Turn 10, Step 66] Opponent: 카드 플레이 - Flame Elemental (코스트: 1)
[Turn 10, Step 66] Opponent: 턴 종료
[Turn 10, Step 67] Agent: 카드 플레이 - Stargazer Luna (코스트: 3)
[Turn 10, Step 68] Agent: 공격 - Cornered Sentry[2/6] -> Augmented Elekk
[Turn 10, Step 69] Agent: 공격 - Furious Felfin[3/2] -> Fire Fly

--- Game State (Turn 10, Step 70) ---
Agent: Jaina Proudmoore HP: 2, Mana: 7/10
  Hand (2): Potion of Polymorph, Linecracker
  Field: Goblin Bomb[0/2], Explodinator[3/2], Goblin Bomb[0/2], Furious Felfin[3/1], Cornered Sentry[2/3], Stargazer Luna[2/4]
Opponent: Rexxar HP: 11, Mana: 9/10
  Hand (7)
  Field: Augmented Elekk[3/2], Flame Elemental[1/2]
[Turn 10, Step 70] Agent: 영웅 능력 사용 -> Cornered Sentry
[Turn 10, Step 71] Agent: 턴 종료

[Turn 10] === Opponent's Turn ===
[Turn 10, Step 71] Opponent: 카드 플레이 - Primalfin Lookout (코스트: 3)
[Turn 10, Step 71] Opponent: 카드 플레이 - Tournament Medic (코스트: 4)
[Turn 10, Step 71] Opponent: 공격 - Flame Elemental[1/2] -> Cornered Sentry
[Turn 10, Step 71] Opponent: 영웅 능력 사용

--- Game State (Turn 10, Step 72) ---
Agent: Jaina Proudmoore HP: 0, Mana: 5/10
  Hand (2): Potion of Polymorph, Linecracker
  Field: Goblin Bomb[0/2], Explodinator[3/2], Goblin Bomb[0/2], Furious Felfin[3/1], Cornered Sentry[2/1], Stargazer Luna[2/4]
Opponent: Rexxar HP: 11, Mana: 1/10
  Hand (6)
  Field: Augmented Elekk[3/2], Primalfin Lookout[3/2], Tournament Medic[1/8]

============================================================
게임 종료 - Terminated: True, Truncated: False
승자: Opponent
============================================================

