============================================================
NEW GAME STARTED
Agent: HERO_08 vs Opponent: HERO_05
Action Masking: OFF
Masking Expected: OFF
============================================================
[Turn 1, Step 0] Agent: 카드 플레이 - Sir Finley Mrrgglton (코스트: 1)
[Turn 1, Step 1] Agent: 선택 - Totemic Call
[Turn 1, Step 1] Agent: 턴 종료

[Turn 1] === Opponent's Turn ===
[Turn 1, Step 1] Opponent: 턴 종료
[Turn 2, Step 2] Agent: 카드 플레이 - Zombie Chow (코스트: 1)
[Turn 2, Step 3] Agent: 카드 플레이 - Weasel Tunneler (코스트: 1)
[Turn 2, Step 4] Agent: 공격 - Sir Finley Mrrgglton[1/3] -> Rexxar

--- Game State (Turn 2, Step 5) ---
Agent: Jaina Proudmoore HP: 30, Mana: 0/2
  Hand (2): Prince Malchezaar, Houndmaster Shaw
  Field: Sir Finley Mrrgglton[1/3], Zombie Chow[2/3], Weasel Tunneler[1/1]
Opponent: Rexxar HP: 29, Mana: 1/1
  Hand (6)
[Turn 2, Step 5] Agent: 턴 종료

[Turn 2] === Opponent's Turn ===
[Turn 2, Step 5] Opponent: 카드 플레이 - Dalaran Librarian (코스트: 2)
[Turn 2, Step 5] Opponent: 카드 플레이 - The Coin (코스트: 0)
[Turn 2, Step 5] Opponent: 턴 종료
[Turn 3, Step 6] Agent: 영웅 능력 사용
[Turn 3, Step 7] Agent: 공격 - Sir Finley Mrrgglton[1/3] -> Rexxar
[Turn 3, Step 8] Agent: 공격 - Zombie Chow[2/3] -> Rexxar
[Turn 3, Step 9] Agent: 공격 - Weasel Tunneler[1/1] -> Rexxar

--- Game State (Turn 3, Step 10) ---
Agent: Jaina Proudmoore HP: 30, Mana: 1/3
  Hand (3): Prince Malchezaar, Houndmaster Shaw, Deathwing, Dragonlord
  Field: Sir Finley Mrrgglton[1/3], Zombie Chow[2/3], Weasel Tunneler[1/1], Searing Totem[1/1]
Opponent: Rexxar HP: 25, Mana: 0/2
  Hand (5)
  Field: Dalaran Librarian[2/3]
[Turn 3, Step 10] Agent: 턴 종료

[Turn 3] === Opponent's Turn ===
[Turn 3, Step 10] Opponent: 턴 종료
[Turn 4, Step 11] Agent: 카드 플레이 - Houndmaster Shaw (코스트: 4)
[Turn 4, Step 12] Agent: 공격 - Sir Finley Mrrgglton[1/3] -> Rexxar
[Turn 4, Step 13] Agent: 공격 - Zombie Chow[2/3] -> Rexxar
[Turn 4, Step 14] Agent: 공격 - Weasel Tunneler[1/1] -> Rexxar

--- Game State (Turn 4, Step 15) ---
Agent: Jaina Proudmoore HP: 30, Mana: 0/4
  Hand (3): Prince Malchezaar, Deathwing, Dragonlord, Medivh, the Guardian
  Field: Sir Finley Mrrgglton[1/3], Zombie Chow[2/3], Weasel Tunneler[1/1], Searing Totem[1/1], Houndmaster Shaw[3/6]
Opponent: Rexxar HP: 21, Mana: 3/3
  Hand (6)
  Field: Dalaran Librarian[2/3]
[Turn 4, Step 15] Agent: 공격 - Searing Totem[1/1] -> Rexxar
[Turn 4, Step 16] Agent: 턴 종료

[Turn 4] === Opponent's Turn ===
[Turn 4, Step 16] Opponent: 턴 종료
[Turn 5, Step 17] Agent: 카드 플레이 - Prince Malchezaar (코스트: 5)
[Turn 5, Step 18] Agent: 공격 - Sir Finley Mrrgglton[1/3] -> Rexxar
[Turn 5, Step 19] Agent: 공격 - Zombie Chow[2/3] -> Rexxar

--- Game State (Turn 5, Step 20) ---
Agent: Jaina Proudmoore HP: 30, Mana: 0/5
  Hand (3): Deathwing, Dragonlord, Medivh, the Guardian, Altruis the Outcast
  Field: Sir Finley Mrrgglton[1/3], Zombie Chow[2/3], Weasel Tunneler[1/1], Searing Totem[1/1], Houndmaster Shaw[3/6], Prince Malchezaar[5/6]
Opponent: Rexxar HP: 17, Mana: 4/4
  Hand (7)
  Field: Dalaran Librarian[2/3]
[Turn 5, Step 20] Agent: 공격 - Weasel Tunneler[1/1] -> Rexxar
[Turn 5, Step 21] Agent: 공격 - Searing Totem[1/1] -> Rexxar
[Turn 5, Step 22] Agent: 공격 - Houndmaster Shaw[3/6] -> Rexxar
[Turn 5, Step 23] Agent: 공격 - Prince Malchezaar[5/6] -> Dalaran Librarian
[Turn 5, Step 24] Agent: 턴 종료

[Turn 5] === Opponent's Turn ===
[Turn 5, Step 24] Opponent: 카드 플레이 - Trogg Gloomeater (코스트: 5)
[Turn 5, Step 24] Opponent: 턴 종료

--- Game State (Turn 6, Step 25) ---
Agent: Jaina Proudmoore HP: 30, Mana: 6/6
  Hand (4): Auctionmaster Beardo, Deathwing, Dragonlord, Medivh, the Guardian, Altruis the Outcast
  Field: Sir Finley Mrrgglton[1/3], Zombie Chow[2/3], Weasel Tunneler[1/1], Searing Totem[1/1], Houndmaster Shaw[3/6], Prince Malchezaar[5/4]
Opponent: Rexxar HP: 12, Mana: 0/5
  Hand (7)
  Field: Trogg Gloomeater[1/5]
[Turn 6, Step 25] Agent: 카드 플레이 - Auctionmaster Beardo (코스트: 3)
[Turn 6, Step 26] Agent: 공격 - Sir Finley Mrrgglton[1/3] -> Trogg Gloomeater
[Turn 6, Step 27] Agent: 영웅 능력 사용
[Turn 6, Step 28] Agent: 공격 - Zombie Chow[2/3] -> Trogg Gloomeater
[Turn 6, Step 29] Agent: 공격 - Weasel Tunneler[1/1] -> Trogg Gloomeater

--- Game State (Turn 6, Step 30) ---
Agent: Jaina Proudmoore HP: 30, Mana: 1/6
  Hand (3): Deathwing, Dragonlord, Medivh, the Guardian, Altruis the Outcast
  Field: Searing Totem[1/1], Houndmaster Shaw[3/6], Prince Malchezaar[5/4], Auctionmaster Beardo[3/4], Healing Totem[0/2]
Opponent: Rexxar HP: 17, Mana: 0/5
  Hand (7)
  Field: Trogg Gloomeater[1/1]
[Turn 6, Step 30] Agent: 공격 - Searing Totem[1/1] -> Trogg Gloomeater
[Turn 6, Step 31] Agent: 공격 - Houndmaster Shaw[3/6] -> Rexxar
[Turn 6, Step 32] Agent: 공격 - Prince Malchezaar[5/4] -> Rexxar
[Turn 6, Step 33] Agent: 턴 종료

[Turn 6] === Opponent's Turn ===
[Turn 6, Step 33] Opponent: 턴 종료
[Turn 7, Step 34] Agent: 카드 플레이 - Altruis the Outcast (코스트: 4)

--- Game State (Turn 7, Step 35) ---
Agent: Jaina Proudmoore HP: 30, Mana: 3/7
  Hand (3): Deathwing, Dragonlord, Medivh, the Guardian, Haunted Creeper
  Field: Houndmaster Shaw[3/6], Prince Malchezaar[5/5], Auctionmaster Beardo[3/4], Healing Totem[0/2], Altruis the Outcast[4/2]
Opponent: Rexxar HP: 9, Mana: 6/6
  Hand (8)
[Turn 7, Step 35] Agent: 카드 플레이 - Haunted Creeper (코스트: 2)
[Turn 7, Step 36] Agent: 공격 - Houndmaster Shaw[3/6] -> Rexxar
[Turn 7, Step 37] Agent: 공격 - Prince Malchezaar[5/5] -> Rexxar

--- Game State (Turn 7, Step 38) ---
Agent: Jaina Proudmoore HP: 30, Mana: 1/7
  Hand (2): Deathwing, Dragonlord, Medivh, the Guardian
  Field: Houndmaster Shaw[3/6], Prince Malchezaar[5/5], Auctionmaster Beardo[3/4], Healing Totem[0/2], Altruis the Outcast[4/2], Haunted Creeper[1/2]
Opponent: Rexxar HP: 0, Mana: 6/6
  Hand (8)

============================================================
게임 종료 - Terminated: True, Truncated: False
승자: Agent
============================================================

