============================================================
NEW GAME STARTED
Agent: HERO_08 vs Opponent: HERO_05
Action Masking: OFF
============================================================

[Turn 1] === Opponent's Turn ===
[Turn 1, Step 0] Opponent: 턴 종료
[Turn 1, Step 1] Agent: 유효하지 않은 액션 인덱스(85) → 1로 보정
[Turn 1, Step 1] Agent: 카드 플레이 - The Coin (코스트: 0)
[Turn 1, Step 2] Agent: 유효하지 않은 액션 인덱스(50) → 0로 보정
[Turn 1, Step 2] Agent: 턴 종료

[Turn 1] === Opponent's Turn ===
[Turn 1, Step 2] Opponent: 영웅 능력 사용
[Turn 1, Step 2] Opponent: 턴 종료
[Turn 2, Step 3] Agent: 유효하지 않은 액션 인덱스(39) → 4로 보정
[Turn 2, Step 3] Agent: 영웅 능력 사용 -> Rexxar
[Turn 2, Step 4] Agent: 유효하지 않은 액션 인덱스(11) → 0로 보정
[Turn 2, Step 4] Agent: 턴 종료

[Turn 2] === Opponent's Turn ===
[Turn 2, Step 4] Opponent: 턴 종료

--- Game State (Turn 3, Step 5) ---
Agent: Jaina Proudmoore HP: 28, Mana: 3/3
  Hand (7): Jeweled Scarab, Imp Master, Chillwind Yeti, Echoing Ooze, High Inquisitor Whitemane, Rend Blackhand, Babbling Book
Opponent: Rexxar HP: 29, Mana: 3/3
  Hand (6)
[Turn 3, Step 5] Agent: 유효하지 않은 액션 인덱스(53) → 4로 보정
[Turn 3, Step 5] Agent: 카드 플레이 - Babbling Book (코스트: 1)
[Turn 3, Step 6] Agent: 유효하지 않은 액션 인덱스(37) → 2로 보정
[Turn 3, Step 6] Agent: 카드 플레이 - Echoing Ooze (코스트: 2)
[Turn 3, Step 7] Agent: 유효하지 않은 액션 인덱스(50) → 0로 보정
[Turn 3, Step 7] Agent: 턴 종료

[Turn 3] === Opponent's Turn ===
[Turn 3, Step 7] Opponent: 카드 플레이 - Grave Shambler (코스트: 4)
[Turn 3, Step 7] Opponent: 턴 종료
[Turn 4, Step 8] Agent: 유효하지 않은 액션 인덱스(67) → 17로 보정
[Turn 4, Step 8] Agent: 영웅 능력 사용 -> Echoing Ooze
[Turn 4, Step 9] Agent: 유효하지 않은 액션 인덱스(92) → 7로 보정
[Turn 4, Step 9] Agent: 카드 플레이 - Voodoo Doctor -> Babbling Book (코스트: 1)

--- Game State (Turn 4, Step 10) ---
Agent: Jaina Proudmoore HP: 28, Mana: 1/4
  Hand (6): Jeweled Scarab, Imp Master, Chillwind Yeti, High Inquisitor Whitemane, Rend Blackhand, Shadow Word: Pain
  Field: Babbling Book[1/1], Echoing Ooze[1/2], Echoing Ooze[1/1], Voodoo Doctor[2/1]
Opponent: Rexxar HP: 29, Mana: 0/4
  Hand (6)
  Field: Grave Shambler[4/4]
[Turn 4, Step 10] Agent: 유효하지 않은 액션 인덱스(92) → 1로 보정
[Turn 4, Step 10] Agent: 공격 - Babbling Book[1/1] -> Rexxar
[Turn 4, Step 11] Agent: 유효하지 않은 액션 인덱스(23) → 3로 보정
[Turn 4, Step 11] Agent: 공격 - Echoing Ooze[1/1] -> Rexxar
[Turn 4, Step 12] Agent: 유효하지 않은 액션 인덱스(61) → 1로 보정
[Turn 4, Step 12] Agent: 공격 - Echoing Ooze[1/2] -> Rexxar
[Turn 4, Step 13] Agent: 턴 종료

[Turn 4] === Opponent's Turn ===
[Turn 4, Step 13] Opponent: 영웅 능력 사용
[Turn 4, Step 13] Opponent: 턴 종료
[Turn 5, Step 14] Agent: 유효하지 않은 액션 인덱스(78) → 6로 보정
[Turn 5, Step 14] Agent: 카드 플레이 - Shadow Word: Pain -> Echoing Ooze (코스트: 2)

--- Game State (Turn 5, Step 15) ---
Agent: Jaina Proudmoore HP: 26, Mana: 3/5
  Hand (6): Jeweled Scarab, Imp Master, Chillwind Yeti, High Inquisitor Whitemane, Rend Blackhand, Thrallmar Farseer
  Field: Babbling Book[1/1], Echoing Ooze[1/2], Voodoo Doctor[2/1]
Opponent: Rexxar HP: 26, Mana: 3/5
  Hand (7)
  Field: Grave Shambler[4/4]
[Turn 5, Step 15] Agent: 영웅 능력 사용 -> Babbling Book
[Turn 5, Step 16] Agent: 유효하지 않은 액션 인덱스(37) → 2로 보정
[Turn 5, Step 16] Agent: 공격 - Echoing Ooze[1/2] -> Grave Shambler
[Turn 5, Step 17] Agent: 유효하지 않은 액션 인덱스(77) → 2로 보정
[Turn 5, Step 17] Agent: 공격 - Voodoo Doctor[2/1] -> Grave Shambler
[Turn 5, Step 18] Agent: 유효하지 않은 액션 인덱스(25) → 0로 보정
[Turn 5, Step 18] Agent: 턴 종료

[Turn 5] === Opponent's Turn ===
[Turn 5, Step 18] Opponent: 공격 - Grave Shambler[4/1] -> Jaina Proudmoore
[Turn 5, Step 18] Opponent: 카드 플레이 - Rustsworn Initiate (코스트: 2)
[Turn 5, Step 18] Opponent: 턴 종료
[Turn 6, Step 19] Agent: 유효하지 않은 액션 인덱스(87) → 9로 보정
[Turn 6, Step 19] Agent: 영웅 능력 사용 -> Jaina Proudmoore

--- Game State (Turn 6, Step 20) ---
Agent: Jaina Proudmoore HP: 21, Mana: 4/6
  Hand (7): Jeweled Scarab, Imp Master, Chillwind Yeti, High Inquisitor Whitemane, Rend Blackhand, Thrallmar Farseer, Frostbolt
Opponent: Rexxar HP: 26, Mana: 4/6
  Hand (7)
  Field: Grave Shambler[4/1], Rustsworn Initiate[2/2]
[Turn 6, Step 20] Agent: 유효하지 않은 액션 인덱스(27) → 0로 보정
[Turn 6, Step 20] Agent: 턴 종료

[Turn 6] === Opponent's Turn ===
[Turn 6, Step 20] Opponent: 공격 - Grave Shambler[4/1] -> Jaina Proudmoore
[Turn 6, Step 20] Opponent: 카드 플레이 - Spiritsinger Umbra (코스트: 4)
[Turn 6, Step 20] Opponent: 턴 종료
[Turn 7, Step 21] Agent: 카드 플레이 - Frostbolt -> Spiritsinger Umbra (코스트: 2)
[Turn 7, Step 22] Agent: 유효하지 않은 액션 인덱스(14) → 3로 보정
[Turn 7, Step 22] Agent: 카드 플레이 - Chillwind Yeti (코스트: 4)
[Turn 7, Step 23] Agent: 유효하지 않은 액션 인덱스(34) → 0로 보정
[Turn 7, Step 23] Agent: 턴 종료

[Turn 7] === Opponent's Turn ===
[Turn 7, Step 23] Opponent: 카드 플레이 - Tomb Lurker (코스트: 5)
[Turn 7, Step 23] Opponent: 턴 종료
[Turn 8, Step 24] Agent: 유효하지 않은 액션 인덱스(87) → 7로 보정
[Turn 8, Step 24] Agent: 카드 플레이 - Fungal Enchanter (코스트: 3)

--- Game State (Turn 8, Step 25) ---
Agent: Jaina Proudmoore HP: 19, Mana: 5/8
  Hand (6): Jeweled Scarab, Imp Master, High Inquisitor Whitemane, Rend Blackhand, Thrallmar Farseer, Ethereal Conjurer
  Field: Chillwind Yeti[4/5], Fungal Enchanter[3/3]
Opponent: Rexxar HP: 26, Mana: 3/8
  Hand (7)
  Field: Grave Shambler[4/1], Rustsworn Initiate[2/2], Spiritsinger Umbra[3/1], Tomb Lurker[5/3]
[Turn 8, Step 25] Agent: 유효하지 않은 액션 인덱스(48) → 12로 보정
[Turn 8, Step 25] Agent: 영웅 능력 사용 -> Fungal Enchanter
[Turn 8, Step 26] Agent: 유효하지 않은 액션 인덱스(61) → 7로 보정
[Turn 8, Step 26] Agent: 공격 - Chillwind Yeti[4/5] -> Spiritsinger Umbra
[Turn 8, Step 27] Agent: 유효하지 않은 액션 인덱스(79) → 3로 보정
[Turn 8, Step 27] Agent: 카드 플레이 - Thrallmar Farseer (코스트: 3)
[Turn 8, Step 28] Agent: 유효하지 않은 액션 인덱스(34) → 0로 보정
[Turn 8, Step 28] Agent: 턴 종료

[Turn 8] === Opponent's Turn ===
[Turn 8, Step 28] Opponent: 공격 - Grave Shambler[4/1] -> Jaina Proudmoore
[Turn 8, Step 28] Opponent: 카드 플레이 - Imp Master (코스트: 3)
[Turn 8, Step 28] Opponent: 공격 - Rustsworn Initiate[2/2] -> Thrallmar Farseer
[Turn 8, Step 28] Opponent: 턴 종료
[Turn 9, Step 29] Agent: 영웅 능력 사용 -> Chillwind Yeti

--- Game State (Turn 9, Step 30) ---
Agent: Jaina Proudmoore HP: 15, Mana: 7/9
  Hand (6): Jeweled Scarab, Imp Master, High Inquisitor Whitemane, Rend Blackhand, Ethereal Conjurer, Emperor Cobra
  Field: Chillwind Yeti[4/1], Fungal Enchanter[3/2], Thrallmar Farseer[2/1]
Opponent: Rexxar HP: 26, Mana: 6/9
  Hand (7)
  Field: Grave Shambler[4/1], Impcaster[1/1], Tomb Lurker[5/3], Imp Master[1/4], Imp[1/1]
[Turn 9, Step 30] Agent: 유효하지 않은 액션 인덱스(58) → 8로 보정
[Turn 9, Step 30] Agent: 공격 - Chillwind Yeti[4/1] -> Grave Shambler
[Turn 9, Step 31] Agent: 유효하지 않은 액션 인덱스(77) → 9로 보정
[Turn 9, Step 31] Agent: 공격 - Fungal Enchanter[3/2] -> Tomb Lurker
[Turn 9, Step 32] Agent: 공격 - Thrallmar Farseer[2/1] -> Impcaster
[Turn 9, Step 33] Agent: 유효하지 않은 액션 인덱스(59) → 3로 보정
[Turn 9, Step 33] Agent: 카드 플레이 - High Inquisitor Whitemane (코스트: 7)
[Turn 9, Step 34] Agent: 유효하지 않은 액션 인덱스(64) → 0로 보정
[Turn 9, Step 34] Agent: 턴 종료

[Turn 9] === Opponent's Turn ===
[Turn 9, Step 34] Opponent: 공격 - Imp[1/1] -> High Inquisitor Whitemane
[Turn 9, Step 34] Opponent: 카드 플레이 - Argent Commander (코스트: 6)
[Turn 9, Step 34] Opponent: 턴 종료

--- Game State (Turn 10, Step 35) ---
Agent: Jaina Proudmoore HP: 15, Mana: 10/10
  Hand (6): Arcanosmith, Jeweled Scarab, Imp Master, Rend Blackhand, Ethereal Conjurer, Emperor Cobra
  Field: High Inquisitor Whitemane[6/7], Thrallmar Farseer[2/3], Fungal Enchanter[3/3], Chillwind Yeti[4/5]
Opponent: Rexxar HP: 26, Mana: 4/10
  Hand (7)
  Field: Imp Master[1/3], Imp[1/1], Argent Commander[4/2]
[Turn 10, Step 35] Agent: 공격 - Chillwind Yeti[4/5] -> Argent Commander
[Turn 10, Step 36] Agent: 유효하지 않은 액션 인덱스(58) → 2로 보정
[Turn 10, Step 36] Agent: 카드 플레이 - Jeweled Scarab (코스트: 2)
