============================================================
NEW GAME STARTED
Agent: HERO_08 vs Opponent: HERO_05
Action Masking: ON
Masking Expected: ON
============================================================
[Turn 1, Step 0] Agent: 턴 종료

[Turn 1] === Opponent's Turn ===
[Turn 1, Step 0] Opponent: 카드 플레이 - Brave Archer (코스트: 1)
[Turn 1, Step 0] Opponent: 카드 플레이 - The Coin (코스트: 0)
[Turn 1, Step 0] Opponent: 턴 종료
[Turn 2, Step 1] Agent: 영웅 능력 사용 -> Rexxar
[Turn 2, Step 2] Agent: 턴 종료

[Turn 2] === Opponent's Turn ===
[Turn 2, Step 2] Opponent: 카드 플레이 - Hot Air Balloon (코스트: 1)
[Turn 2, Step 2] Opponent: 카드 플레이 - Jar Dealer (코스트: 1)
[Turn 2, Step 2] Opponent: 공격 - Brave Archer[2/1] -> Jaina Proudmoore
[Turn 2, Step 2] Opponent: 턴 종료
[Turn 3, Step 3] Agent: 카드 플레이 - Devilsaur Egg (코스트: 3)
[Turn 3, Step 4] Agent: 턴 종료

[Turn 3] === Opponent's Turn ===
[Turn 3, Step 4] Opponent: 공격 - Brave Archer[2/1] -> Jaina Proudmoore
[Turn 3, Step 4] Opponent: 공격 - Jar Dealer[1/1] -> Jaina Proudmoore
[Turn 3, Step 4] Opponent: 공격 - Hot Air Balloon[1/3] -> Jaina Proudmoore
[Turn 3, Step 4] Opponent: 영웅 능력 사용
[Turn 3, Step 4] Opponent: 턴 종료

--- Game State (Turn 4, Step 5) ---
Agent: Jaina Proudmoore HP: 22, Mana: 4/4
  Hand (6): Sharkfin Fan, Spellshifter, Azerite Elemental, Micro Machine, Streetwise Investigator, Seaforium Bomber
  Field: Devilsaur Egg[0/3]
Opponent: Rexxar HP: 29, Mana: 1/3
  Hand (4)
  Field: Brave Archer[2/1], Hot Air Balloon[1/3], Jar Dealer[1/1]
[Turn 4, Step 5] Agent: 영웅 능력 사용 -> Jaina Proudmoore
[Turn 4, Step 6] Agent: 카드 플레이 - Sharkfin Fan (코스트: 2)
[Turn 4, Step 7] Agent: 턴 종료

[Turn 4] === Opponent's Turn ===
[Turn 4, Step 7] Opponent: 공격 - Hot Air Balloon[1/4] -> Sharkfin Fan
[Turn 4, Step 7] Opponent: 공격 - Brave Archer[2/1] -> Sharkfin Fan
[Turn 4, Step 7] Opponent: 카드 플레이 - Masked Contender (코스트: 3)
[Turn 4, Step 7] Opponent: 공격 - Jar Dealer[1/1] -> Jaina Proudmoore
[Turn 4, Step 7] Opponent: 턴 종료
[Turn 5, Step 8] Agent: 카드 플레이 - Leyline Manipulator (코스트: 4)
[Turn 5, Step 9] Agent: 턴 종료

[Turn 5] === Opponent's Turn ===
[Turn 5, Step 9] Opponent: 공격 - Hot Air Balloon[1/3] -> Leyline Manipulator
[Turn 5, Step 9] Opponent: 공격 - Masked Contender[2/4] -> Leyline Manipulator
[Turn 5, Step 9] Opponent: 카드 플레이 - Loose Specimen (코스트: 5)
[Turn 5, Step 9] Opponent: 턴 종료

--- Game State (Turn 6, Step 10) ---
Agent: Jaina Proudmoore HP: 20, Mana: 6/6
  Hand (6): Spellshifter, Azerite Elemental, Micro Machine, Streetwise Investigator, Seaforium Bomber, Mana Giant
  Field: Devilsaur Egg[0/3], Leyline Manipulator[4/2]
Opponent: Rexxar HP: 29, Mana: 0/5
  Hand (5)
  Field: Loose Specimen[6/2]
[Turn 6, Step 10] Agent: 영웅 능력 사용 -> Devilsaur Egg
[Turn 6, Step 11] Agent: 카드 플레이 - Spellshifter (코스트: 2)
[Turn 6, Step 12] Agent: 공격 - Leyline Manipulator[4/2] -> Rexxar
[Turn 6, Step 13] Agent: 카드 플레이 - Micro Machine (코스트: 0)
[Turn 6, Step 14] Agent: 턴 종료

[Turn 6] === Opponent's Turn ===
[Turn 6, Step 14] Opponent: 영웅 능력 사용
[Turn 6, Step 14] Opponent: 공격 - Loose Specimen[6/2] -> Devilsaur Egg
[Turn 6, Step 14] Opponent: 턴 종료

--- Game State (Turn 7, Step 15) ---
Agent: Jaina Proudmoore HP: 18, Mana: 7/7
  Hand (5): Green Jelly, Azerite Elemental, Streetwise Investigator, Seaforium Bomber, Mana Giant
  Field: Devilsaur[5/5], Leyline Manipulator[4/2], Spellshifter[1/4], Micro Machine[3/2]
Opponent: Rexxar HP: 25, Mana: 4/6
  Hand (6)
  Field: Loose Specimen[6/2]
[Turn 7, Step 15] Agent: 영웅 능력 사용 -> Loose Specimen
[Turn 7, Step 16] Agent: 공격 - Spellshifter[1/4] -> Rexxar
[Turn 7, Step 17] Agent: 공격 - Devilsaur[5/5] -> Rexxar
[Turn 7, Step 18] Agent: 카드 플레이 - Streetwise Investigator (코스트: 3)
[Turn 7, Step 19] Agent: 공격 - Leyline Manipulator[4/2] -> Loose Specimen

--- Game State (Turn 7, Step 20) ---
Agent: Jaina Proudmoore HP: 18, Mana: 2/7
  Hand (4): Green Jelly, Azerite Elemental, Seaforium Bomber, Mana Giant
  Field: Devilsaur[5/5], Spellshifter[1/4], Micro Machine[3/2], Streetwise Investigator[4/6]
Opponent: Rexxar HP: 19, Mana: 4/6
  Hand (6)
[Turn 7, Step 20] Agent: 공격 - Micro Machine[3/2] -> Rexxar
[Turn 7, Step 21] Agent: 턴 종료

[Turn 7] === Opponent's Turn ===
[Turn 7, Step 21] Opponent: 카드 플레이 - Imp Master (코스트: 3)
[Turn 7, Step 21] Opponent: 영웅 능력 사용
[Turn 7, Step 21] Opponent: 턴 종료
[Turn 8, Step 22] Agent: 공격 - Micro Machine[5/2] -> Imp Master
[Turn 8, Step 23] Agent: 공격 - Streetwise Investigator[4/6] -> Rexxar
[Turn 8, Step 24] Agent: 카드 플레이 - Green Jelly (코스트: 5)

--- Game State (Turn 8, Step 25) ---
Agent: Jaina Proudmoore HP: 16, Mana: 3/8
  Hand (4): Azerite Elemental, Seaforium Bomber, Mana Giant, Ancient Mysteries
  Field: Devilsaur[5/5], Spellshifter[1/4], Micro Machine[5/1], Streetwise Investigator[4/6], Green Jelly[3/3]
Opponent: Rexxar HP: 12, Mana: 2/7
  Hand (6)
  Field: Imp[1/1]
[Turn 8, Step 25] Agent: 공격 - Spellshifter[1/4] -> Rexxar
[Turn 8, Step 26] Agent: 카드 플레이 - Seaforium Bomber (코스트: 3)
[Turn 8, Step 27] Agent: 공격 - Devilsaur[5/5] -> Rexxar
[Turn 8, Step 28] Agent: 턴 종료

[Turn 8] === Opponent's Turn ===
[Turn 8, Step 28] Opponent: 카드 플레이 - Witchwood Grizzly (코스트: 5)
[Turn 8, Step 28] Opponent: 영웅 능력 사용
[Turn 8, Step 28] Opponent: 턴 종료
[Turn 9, Step 29] Agent: 공격 - Streetwise Investigator[4/6] -> Witchwood Grizzly

--- Game State (Turn 9, Step 30) ---
Agent: Jaina Proudmoore HP: 14, Mana: 9/9
  Hand (4): Azerite Elemental, Mana Giant, Ancient Mysteries, Depth Charge
  Field: Devilsaur[5/5], Spellshifter[1/4], Micro Machine[7/1], Streetwise Investigator[4/3], Green Jelly[3/3], Green Ooze[1/2], Seaforium Bomber[5/5]
Opponent: Rexxar HP: 6, Mana: 1/8
  Hand (6)
  Field: Imp[1/1], Witchwood Grizzly[3/7]
[Turn 9, Step 30] Agent: 영웅 능력 사용 -> Devilsaur
[Turn 9, Step 31] Agent: 공격 - Green Ooze[1/2] -> Witchwood Grizzly
[Turn 9, Step 32] Agent: 카드 플레이 - Ancient Mysteries (코스트: 2)
[Turn 9, Step 33] Agent: 카드 플레이 - Azerite Elemental (코스트: 3)
[Turn 9, Step 34] Agent: 공격 - Micro Machine[7/1] -> Witchwood Grizzly

--- Game State (Turn 9, Step 35) ---
Agent: Jaina Proudmoore HP: 14, Mana: 2/9
  Hand (2): Mana Giant, Depth Charge
  Field: Devilsaur[5/4], Spellshifter[1/4], Streetwise Investigator[4/3], Green Jelly[3/3], Seaforium Bomber[5/5], Azerite Elemental[2/7]
Opponent: Rexxar HP: 6, Mana: 1/8
  Hand (6)
  Field: Imp[1/1]
[Turn 9, Step 35] Agent: 공격 - Green Jelly[3/3] -> Rexxar
[Turn 9, Step 36] Agent: 카드 플레이 - Depth Charge (코스트: 1)
[Turn 9, Step 37] Agent: 턴 종료

[Turn 9] === Opponent's Turn ===
[Turn 9, Step 37] Opponent: 카드 플레이 - Murloc Warleader (코스트: 3)
[Turn 9, Step 37] Opponent: 카드 플레이 - Houndmaster (코스트: 4)
[Turn 9, Step 37] Opponent: 공격 - Imp[1/1] -> Spellshifter
[Turn 9, Step 37] Opponent: 턴 종료
[Turn 10, Step 38] Agent: 영웅 능력 사용 -> Rexxar
[Turn 10, Step 39] Agent: 턴 종료

[Turn 10] === Opponent's Turn ===
[Turn 10, Step 39] Opponent: 카드 플레이 - Gilnean Royal Guard (코스트: 8)
[Turn 10, Step 39] Opponent: 턴 종료

--- Game State (Turn 10, Step 40) ---
Agent: Jaina Proudmoore HP: 14, Mana: 10/10
  Hand (3): Mana Giant, Target Dummy, Don Han'Cho
  Field: Azerite Elemental[2/2]
Opponent: Rexxar HP: 2, Mana: 2/10
  Hand (5)
  Field: Gilnean Royal Guard[3/8]
[Turn 10, Step 40] Agent: 카드 플레이 - Target Dummy (코스트: 0)
[Turn 10, Step 41] Agent: 턴 종료

[Turn 10] === Opponent's Turn ===
[Turn 10, Step 41] Opponent: 카드 플레이 - Faceless Behemoth (코스트: 10)
[Turn 10, Step 41] Opponent: 공격 - Gilnean Royal Guard[3/8] -> Target Dummy
[Turn 10, Step 41] Opponent: 턴 종료
[Turn 10, Step 42] Agent: 카드 플레이 - Mana Giant (코스트: 7)
[Turn 10, Step 43] Agent: 영웅 능력 사용 -> Mana Giant
[Turn 10, Step 44] Agent: 턴 종료

[Turn 10] === Opponent's Turn ===
[Turn 10, Step 44] Opponent: 턴 종료

--- Game State (Turn 10, Step 45) ---
Agent: Jaina Proudmoore HP: 14, Mana: 10/10
  Hand (3): Don Han'Cho, Soulbound Ashtongue, Ultrasaur
  Field: Azerite Elemental[2/2], Mana Giant[8/7]
Opponent: Rexxar HP: 2, Mana: 10/10
  Hand (6)
  Field: Gilnean Royal Guard[3/8], Faceless Behemoth[10/10]
[Turn 10, Step 45] Agent: 카드 플레이 - Soulbound Ashtongue (코스트: 1)
[Turn 10, Step 46] Agent: 영웅 능력 사용 -> Rexxar
[Turn 10, Step 47] Agent: 공격 - Mana Giant[8/7] -> Rexxar

--- Game State (Turn 10, Step 48) ---
Agent: Jaina Proudmoore HP: 14, Mana: 7/10
  Hand (2): Don Han'Cho, Ultrasaur
  Field: Azerite Elemental[2/2], Mana Giant[8/7], Soulbound Ashtongue[1/4]
Opponent: Rexxar HP: 0, Mana: 10/10
  Hand (6)
  Field: Gilnean Royal Guard[3/8], Faceless Behemoth[10/10]

============================================================
게임 종료 - Terminated: True, Truncated: False
승자: Agent
============================================================

