============================================================
NEW GAME STARTED
Agent: HERO_08 vs Opponent: HERO_05
Action Masking: OFF
Masking Expected: OFF
============================================================

[Turn 1] === Opponent's Turn ===
[Turn 1, Step 0] Opponent: 턴 종료
[Turn 1, Step 1] Agent: 카드 플레이 - The Coin (코스트: 0)
[Turn 1, Step 2] Agent: 카드 플레이 - Frostwolf Grunt (코스트: 2)
[Turn 1, Step 3] Agent: 턴 종료

[Turn 1] === Opponent's Turn ===
[Turn 1, Step 3] Opponent: 카드 플레이 - Dirty Rat (코스트: 2)
[Turn 1, Step 3] Opponent: 턴 종료
[Turn 2, Step 4] Agent: 영웅 능력 사용 -> Jaina Proudmoore

--- Game State (Turn 2, Step 5) ---
Agent: Jaina Proudmoore HP: 29, Mana: 0/2
  Hand (4): Ironbeak Owl, Nerubian Unraveler, Don Han'Cho, Arcane Dynamo
  Field: Frostwolf Grunt[2/2], Tunnel Blaster[3/7]
Opponent: Rexxar HP: 30, Mana: 0/2
  Hand (4)
  Field: Dirty Rat[2/6]
[Turn 2, Step 5] Agent: 공격 - Frostwolf Grunt[2/2] -> Dirty Rat
[Turn 2, Step 6] Agent: 공격 - Tunnel Blaster[3/7] -> Dirty Rat
[Turn 2, Step 7] Agent: 턴 종료

[Turn 2] === Opponent's Turn ===
[Turn 2, Step 7] Opponent: 카드 플레이 - Phase Stalker (코스트: 2)
[Turn 2, Step 7] Opponent: 턴 종료
[Turn 3, Step 8] Agent: 카드 플레이 - Ironbeak Owl -> Dirty Rat (코스트: 3)
[Turn 3, Step 9] Agent: 공격 - Tunnel Blaster[3/5] -> Rexxar

--- Game State (Turn 3, Step 10) ---
Agent: Jaina Proudmoore HP: 29, Mana: 0/3
  Hand (4): Nerubian Unraveler, Don Han'Cho, Arcane Dynamo, Lifedrinker
  Field: Tunnel Blaster[3/5], Ironbeak Owl[2/1]
Opponent: Rexxar HP: 27, Mana: 1/3
  Hand (4)
  Field: Dirty Rat[2/1], Phase Stalker[2/3]
[Turn 3, Step 10] Agent: 턴 종료

[Turn 3] === Opponent's Turn ===
[Turn 3, Step 10] Opponent: 카드 플레이 - Fallen Sun Cleric -> Phase Stalker (코스트: 2)
[Turn 3, Step 10] Opponent: 공격 - Dirty Rat[2/1] -> Tunnel Blaster
[Turn 3, Step 10] Opponent: 영웅 능력 사용
[Turn 3, Step 10] Opponent: 턴 종료
[Turn 4, Step 11] Agent: 카드 플레이 - Lifedrinker (코스트: 4)
[Turn 4, Step 12] Agent: 공격 - Tunnel Blaster[3/3] -> Rexxar
[Turn 4, Step 13] Agent: 공격 - Ironbeak Owl[2/1] -> Rexxar
[Turn 4, Step 14] Agent: 턴 종료

[Turn 4] === Opponent's Turn ===
[Turn 4, Step 14] Opponent: 카드 플레이 - Huge Toad (코스트: 2)
[Turn 4, Step 14] Opponent: 공격 - Fallen Sun Cleric[2/1] -> Tunnel Blaster
[Turn 4, Step 14] Opponent: 영웅 능력 사용
[Turn 4, Step 14] Opponent: 턴 종료

--- Game State (Turn 5, Step 15) ---
Agent: Jaina Proudmoore HP: 28, Mana: 5/5
  Hand (5): Nerubian Unraveler, Don Han'Cho, Arcane Dynamo, Moroes, Echoing Ooze
  Field: Tunnel Blaster[3/1], Ironbeak Owl[2/1], Lifedrinker[3/3]
Opponent: Rexxar HP: 19, Mana: 1/5
  Hand (4)
  Field: Phase Stalker[3/4], Huge Toad[3/2]
[Turn 5, Step 15] Agent: 카드 플레이 - Moroes (코스트: 3)
[Turn 5, Step 16] Agent: 카드 플레이 - Echoing Ooze (코스트: 2)
[Turn 5, Step 17] Agent: 공격 - Tunnel Blaster[3/1] -> Rexxar
[Turn 5, Step 18] Agent: 공격 - Ironbeak Owl[2/1] -> Rexxar
[Turn 5, Step 19] Agent: 공격 - Lifedrinker[3/3] -> Rexxar

--- Game State (Turn 5, Step 20) ---
Agent: Jaina Proudmoore HP: 28, Mana: 0/5
  Hand (3): Nerubian Unraveler, Don Han'Cho, Arcane Dynamo
  Field: Tunnel Blaster[3/1], Ironbeak Owl[2/1], Lifedrinker[3/3], Moroes[1/1], Echoing Ooze[1/2]
Opponent: Rexxar HP: 11, Mana: 1/5
  Hand (4)
  Field: Phase Stalker[3/4], Huge Toad[3/2]
[Turn 5, Step 20] Agent: 턴 종료

[Turn 5] === Opponent's Turn ===
[Turn 5, Step 20] Opponent: 영웅 능력 사용
[Turn 5, Step 20] Opponent: 공격 - Phase Stalker[3/4] -> Tunnel Blaster
[Turn 5, Step 20] Opponent: 턴 종료
[Turn 6, Step 21] Agent: 카드 플레이 - Nerubian Unraveler (코스트: 6)
[Turn 6, Step 22] Agent: 턴 종료

[Turn 6] === Opponent's Turn ===
[Turn 6, Step 22] Opponent: 카드 플레이 - Sated Threshadon (코스트: 7)
[Turn 6, Step 22] Opponent: 턴 종료
[Turn 7, Step 23] Agent: 카드 플레이 - Don Han'Cho (코스트: 7)
[Turn 7, Step 24] Agent: 공격 - Nerubian Unraveler[5/5] -> Rexxar

--- Game State (Turn 7, Step 25) ---
Agent: Jaina Proudmoore HP: 25, Mana: 0/7
  Hand (3): Arcane Dynamo, Master Swordsmith, Scarlet Crusader
  Field: Nerubian Unraveler[5/5], Don Han'Cho[5/6]
Opponent: Rexxar HP: 6, Mana: 0/7
  Hand (5)
  Field: Sated Threshadon[5/7]
[Turn 7, Step 25] Agent: 턴 종료

[Turn 7] === Opponent's Turn ===
[Turn 7, Step 25] Opponent: 카드 플레이 - Venture Co. Mercenary (코스트: 5)
[Turn 7, Step 25] Opponent: 공격 - Sated Threshadon[5/7] -> Jaina Proudmoore
[Turn 7, Step 25] Opponent: 영웅 능력 사용
[Turn 7, Step 25] Opponent: 턴 종료
[Turn 8, Step 26] Agent: 카드 플레이 - Arcane Dynamo (코스트: 6)
[Turn 8, Step 27] Agent: 선택 - Dragon's Fury
[Turn 8, Step 27] Agent: 턴 종료

[Turn 8] === Opponent's Turn ===
[Turn 8, Step 27] Opponent: 공격 - Venture Co. Mercenary[7/6] -> Jaina Proudmoore
[Turn 8, Step 27] Opponent: 카드 플레이 - Tol'vir Stoneshaper (코스트: 7)
[Turn 8, Step 27] Opponent: 공격 - Sated Threshadon[5/7] -> Jaina Proudmoore
[Turn 8, Step 27] Opponent: 영웅 능력 사용
[Turn 8, Step 27] Opponent: 턴 종료
[Turn 9, Step 28] Agent: 카드 플레이 - Master Swordsmith (코스트: 2)
[Turn 9, Step 29] Agent: 카드 플레이 - Scarlet Crusader (코스트: 3)

--- Game State (Turn 9, Step 30) ---
Agent: Jaina Proudmoore HP: 4, Mana: 4/9
  Hand (3): Emperor Thaurissan, Dragon's Fury, Frostwolf Grunt
  Field: Nerubian Unraveler[5/5], Don Han'Cho[5/6], Arcane Dynamo[8/9], Master Swordsmith[1/3], Scarlet Crusader[3/1]
Opponent: Rexxar HP: 6, Mana: 0/9
  Hand (5)
  Field: Sated Threshadon[5/7], Venture Co. Mercenary[7/6], Tol'vir Stoneshaper[3/5]
[Turn 9, Step 30] Agent: 카드 플레이 - Frostwolf Grunt (코스트: 2)
[Turn 9, Step 31] Agent: 영웅 능력 사용 -> Jaina Proudmoore
[Turn 9, Step 32] Agent: 공격 - Nerubian Unraveler[5/5] -> Rexxar
[Turn 9, Step 33] Agent: 공격 - Don Han'Cho[5/6] -> Rexxar

--- Game State (Turn 9, Step 34) ---
Agent: Jaina Proudmoore HP: 3, Mana: 0/9
  Hand (2): Emperor Thaurissan, Dragon's Fury
  Field: Nerubian Unraveler[5/5], Don Han'Cho[5/6], Arcane Dynamo[8/9], Master Swordsmith[1/3], Scarlet Crusader[3/1], Frostwolf Grunt[2/2]
Opponent: Rexxar HP: 0, Mana: 0/9
  Hand (5)
  Field: Sated Threshadon[5/7], Venture Co. Mercenary[7/6], Tol'vir Stoneshaper[3/5]

============================================================
게임 종료 - Terminated: True, Truncated: False
승자: Agent
============================================================

