============================================================
NEW GAME STARTED
Agent: HERO_08 vs Opponent: HERO_05
Action Masking: OFF
Masking Expected: OFF
============================================================
[Turn 1, Step 0] Agent: 카드 플레이 - Gadgetzan Jouster (코스트: 1)
[Turn 1, Step 1] Agent: 턴 종료

[Turn 1] === Opponent's Turn ===
[Turn 1, Step 1] Opponent: 턴 종료
[Turn 2, Step 2] Agent: 카드 플레이 - Grimscale Oracle (코스트: 1)
[Turn 2, Step 3] Agent: 공격 - Gadgetzan Jouster[1/2] -> Rexxar
[Turn 2, Step 4] Agent: 턴 종료

[Turn 2] === Opponent's Turn ===
[Turn 2, Step 4] Opponent: 영웅 능력 사용
[Turn 2, Step 4] Opponent: 카드 플레이 - The Coin (코스트: 0)
[Turn 2, Step 4] Opponent: 턴 종료

--- Game State (Turn 3, Step 5) ---
Agent: Jaina Proudmoore HP: 28, Mana: 3/3
  Hand (4): Kael'thas Sunstrider, Oondasta, Sunreaver Warmage, Psych-o-Tron
  Field: Gadgetzan Jouster[1/2], Grimscale Oracle[1/1]
Opponent: Rexxar HP: 29, Mana: 0/2
  Hand (6)
[Turn 3, Step 5] Agent: 영웅 능력 사용 -> Jaina Proudmoore
[Turn 3, Step 6] Agent: 공격 - Gadgetzan Jouster[1/2] -> Rexxar
[Turn 3, Step 7] Agent: 공격 - Grimscale Oracle[1/1] -> Rexxar
[Turn 3, Step 8] Agent: 턴 종료

[Turn 3] === Opponent's Turn ===
[Turn 3, Step 8] Opponent: 영웅 능력 사용
[Turn 3, Step 8] Opponent: 턴 종료
[Turn 4, Step 9] Agent: 카드 플레이 - Netherwind Portal (코스트: 3)

--- Game State (Turn 4, Step 10) ---
Agent: Jaina Proudmoore HP: 25, Mana: 1/4
  Hand (4): Kael'thas Sunstrider, Oondasta, Sunreaver Warmage, Psych-o-Tron
  Field: Gadgetzan Jouster[1/2], Grimscale Oracle[1/1]
Opponent: Rexxar HP: 27, Mana: 1/3
  Hand (7)
[Turn 4, Step 10] Agent: 공격 - Gadgetzan Jouster[1/2] -> Rexxar
[Turn 4, Step 11] Agent: 공격 - Grimscale Oracle[1/1] -> Rexxar
[Turn 4, Step 12] Agent: 턴 종료

[Turn 4] === Opponent's Turn ===
[Turn 4, Step 12] Opponent: 카드 플레이 - Conjured Mirage (코스트: 4)
[Turn 4, Step 12] Opponent: 턴 종료
[Turn 5, Step 13] Agent: 카드 플레이 - Sunreaver Warmage (코스트: 5)
[Turn 5, Step 14] Agent: 카드 플레이 - Elemental Evocation (코스트: 0)

--- Game State (Turn 5, Step 15) ---
Agent: Jaina Proudmoore HP: 25, Mana: 0/5
  Hand (3): Kael'thas Sunstrider, Oondasta, Psych-o-Tron
  Field: Gadgetzan Jouster[1/2], Grimscale Oracle[1/1], Sunreaver Warmage[4/4]
Opponent: Rexxar HP: 25, Mana: 0/4
  Hand (7)
  Field: Conjured Mirage[3/10]
[Turn 5, Step 15] Agent: 공격 - Gadgetzan Jouster[1/2] -> Conjured Mirage
[Turn 5, Step 16] Agent: 공격 - Grimscale Oracle[1/1] -> Conjured Mirage
[Turn 5, Step 17] Agent: 턴 종료

[Turn 5] === Opponent's Turn ===
[Turn 5, Step 17] Opponent: 카드 플레이 - Jeweled Macaw (코스트: 1)
[Turn 5, Step 17] Opponent: 영웅 능력 사용
[Turn 5, Step 17] Opponent: 카드 플레이 - Captain's Parrot (코스트: 2)
[Turn 5, Step 17] Opponent: 턴 종료
[Turn 6, Step 18] Agent: 카드 플레이 - Psych-o-Tron (코스트: 5)
[Turn 6, Step 19] Agent: 공격 - Sunreaver Warmage[4/4] -> Rexxar

--- Game State (Turn 6, Step 20) ---
Agent: Jaina Proudmoore HP: 23, Mana: 1/6
  Hand (3): Kael'thas Sunstrider, Oondasta, Temple Berserker
  Field: Sunreaver Warmage[4/4], Psych-o-Tron[3/4]
Opponent: Rexxar HP: 21, Mana: 0/5
  Hand (7)
  Field: Jeweled Macaw[1/1], Captain's Parrot[1/1]
[Turn 6, Step 20] Agent: 턴 종료

[Turn 6] === Opponent's Turn ===
[Turn 6, Step 20] Opponent: 공격 - Captain's Parrot[1/1] -> Psych-o-Tron
[Turn 6, Step 20] Opponent: 턴 종료
[Turn 7, Step 21] Agent: 카드 플레이 - Magtheridon (코스트: 4)
[Turn 7, Step 22] Agent: 카드 플레이 - Temple Berserker (코스트: 2)
[Turn 7, Step 23] Agent: 공격 - Sunreaver Warmage[4/4] -> Rexxar
[Turn 7, Step 24] Agent: 공격 - Psych-o-Tron[3/4] -> Rexxar

--- Game State (Turn 7, Step 25) ---
Agent: Jaina Proudmoore HP: 23, Mana: 1/7
  Hand (2): Kael'thas Sunstrider, Oondasta
  Field: Sunreaver Warmage[4/4], Psych-o-Tron[3/4], Magtheridon[12/12], Temple Berserker[1/2]
Opponent: Rexxar HP: 14, Mana: 6/6
  Hand (8)
  Field: Jeweled Macaw[1/1], Hellfire Warder[1/3], Hellfire Warder[1/3], Hellfire Warder[1/3]
[Turn 7, Step 25] Agent: 턴 종료

[Turn 7] === Opponent's Turn ===
[Turn 7, Step 25] Opponent: 턴 종료
[Turn 8, Step 26] Agent: 카드 플레이 - Kael'thas Sunstrider (코스트: 7)
[Turn 8, Step 27] Agent: 공격 - Sunreaver Warmage[4/4] -> Rexxar
[Turn 8, Step 28] Agent: 공격 - Psych-o-Tron[3/4] -> Rexxar
[Turn 8, Step 29] Agent: 공격 - Temple Berserker[1/2] -> Rexxar

--- Game State (Turn 8, Step 30) ---
Agent: Jaina Proudmoore HP: 23, Mana: 1/8
  Hand (2): Oondasta, Shifting Scroll
  Field: Sunreaver Warmage[4/4], Psych-o-Tron[3/4], Magtheridon[12/12], Temple Berserker[1/2], Kael'thas Sunstrider[4/7]
Opponent: Rexxar HP: 6, Mana: 7/7
  Hand (9)
  Field: Jeweled Macaw[1/1], Hellfire Warder[1/3], Hellfire Warder[1/3], Hellfire Warder[1/3]
[Turn 8, Step 30] Agent: 턴 종료

[Turn 8] === Opponent's Turn ===
[Turn 8, Step 30] Opponent: 카드 플레이 - Cult Apothecary (코스트: 5)
[Turn 8, Step 30] Opponent: 턴 종료
[Turn 9, Step 31] Agent: 공격 - Temple Berserker[1/2] -> Cult Apothecary
[Turn 9, Step 32] Agent: 공격 - Kael'thas Sunstrider[4/7] -> Cult Apothecary
[Turn 9, Step 33] Agent: 카드 플레이 - Oondasta (코스트: 9)
[Turn 9, Step 34] Agent: 공격 - Sunreaver Warmage[4/4] -> Rexxar

--- Game State (Turn 9, Step 35) ---
Agent: Jaina Proudmoore HP: 23, Mana: 0/9
  Hand (2): Flamestrike, Sewer Crawler
  Field: Sunreaver Warmage[4/4], Psych-o-Tron[3/4], Magtheridon[12/12], Temple Berserker[3/1], Kael'thas Sunstrider[4/3], Oondasta[7/7]
Opponent: Rexxar HP: 10, Mana: 3/8
  Hand (9)
  Field: Jeweled Macaw[1/1], Hellfire Warder[1/3], Hellfire Warder[1/3], Hellfire Warder[1/3]
[Turn 9, Step 35] Agent: 공격 - Psych-o-Tron[3/4] -> Rexxar
[Turn 9, Step 36] Agent: 공격 - Oondasta[7/7] -> Jeweled Macaw
[Turn 9, Step 37] Agent: 턴 종료

[Turn 9] === Opponent's Turn ===
[Turn 9, Step 37] Opponent: 턴 종료
[Turn 10, Step 38] Agent: 공격 - Temple Berserker[3/1] -> Hellfire Warder
[Turn 10, Step 39] Agent: 카드 플레이 - Polymorph: Boar -> Sunreaver Warmage (코스트: 3)

--- Game State (Turn 10, Step 40) ---
Agent: Jaina Proudmoore HP: 23, Mana: 7/10
  Hand (2): Sewer Crawler, Hoarding Dragon
  Field: Boar[4/2], Psych-o-Tron[3/4], Magtheridon[12/12], Kael'thas Sunstrider[4/3], Oondasta[7/6]
Opponent: Rexxar HP: 7, Mana: 9/9
  Hand (10)
  Field: Hellfire Warder[1/3], Hellfire Warder[1/3]
[Turn 10, Step 40] Agent: 카드 플레이 - Sewer Crawler (코스트: 3)
[Turn 10, Step 41] Agent: 영웅 능력 사용 -> Jaina Proudmoore
[Turn 10, Step 42] Agent: 공격 - Boar[4/2] -> Rexxar
[Turn 10, Step 43] Agent: 공격 - Psych-o-Tron[3/4] -> Rexxar

--- Game State (Turn 10, Step 44) ---
Agent: Jaina Proudmoore HP: 22, Mana: 2/10
  Hand (1): Hoarding Dragon
  Field: Boar[4/2], Psych-o-Tron[3/4], Magtheridon[12/12], Kael'thas Sunstrider[4/3], Oondasta[7/6], Sewer Crawler[1/1], Giant Rat[2/3]
Opponent: Rexxar HP: 0, Mana: 9/9
  Hand (10)
  Field: Hellfire Warder[1/3], Hellfire Warder[1/3]

============================================================
게임 종료 - Terminated: True, Truncated: False
승자: Agent
============================================================

