============================================================
NEW GAME STARTED
Agent: HERO_08 vs Opponent: HERO_05
Action Masking: ON
Masking Expected: ON
============================================================
[Turn 1, Step 0] Agent: 턴 종료

[Turn 1] === Opponent's Turn ===
[Turn 1, Step 0] Opponent: 카드 플레이 - Timber Wolf (코스트: 1)
[Turn 1, Step 0] Opponent: 카드 플레이 - The Coin (코스트: 0)
[Turn 1, Step 0] Opponent: 턴 종료
[Turn 2, Step 1] Agent: 턴 종료

[Turn 2] === Opponent's Turn ===
[Turn 2, Step 1] Opponent: 공격 - Timber Wolf[1/1] -> Jaina Proudmoore
[Turn 2, Step 1] Opponent: 영웅 능력 사용
[Turn 2, Step 1] Opponent: 턴 종료
[Turn 3, Step 2] Agent: 카드 플레이 - Whirliglider (코스트: 2)
[Turn 3, Step 3] Agent: 턴 종료

[Turn 3] === Opponent's Turn ===
[Turn 3, Step 3] Opponent: 카드 플레이 - Tar Creeper (코스트: 3)
[Turn 3, Step 3] Opponent: 공격 - Timber Wolf[1/1] -> Goblin Bomb
[Turn 3, Step 3] Opponent: 턴 종료
[Turn 4, Step 4] Agent: 공격 - Whirliglider[2/1] -> Tar Creeper

--- Game State (Turn 4, Step 5) ---
Agent: Jaina Proudmoore HP: 27, Mana: 4/4
  Hand (6): Sea Giant, Furnacefire Colossus, Duplicate, Bloodmage Thalnos, The Voraxx, Violet Illusionist
  Field: Goblin Bomb[0/1]
Opponent: Rexxar HP: 30, Mana: 0/3
  Hand (5)
  Field: Timber Wolf[1/1], Tar Creeper[3/3]
[Turn 4, Step 5] Agent: 영웅 능력 사용 -> Tar Creeper
[Turn 4, Step 6] Agent: 카드 플레이 - Bloodmage Thalnos (코스트: 2)
[Turn 4, Step 7] Agent: 턴 종료

[Turn 4] === Opponent's Turn ===
[Turn 4, Step 7] Opponent: 공격 - Timber Wolf[1/1] -> Bloodmage Thalnos
[Turn 4, Step 7] Opponent: 공격 - Tar Creeper[1/2] -> Goblin Bomb
[Turn 4, Step 7] Opponent: 카드 플레이 - The Voraxx (코스트: 4)
[Turn 4, Step 7] Opponent: 턴 종료
[Turn 5, Step 8] Agent: 영웅 능력 사용 -> Rexxar
[Turn 5, Step 9] Agent: 카드 플레이 - Dire Wolf Alpha (코스트: 2)

--- Game State (Turn 5, Step 10) ---
Agent: Jaina Proudmoore HP: 27, Mana: 1/5
  Hand (6): Sea Giant, Furnacefire Colossus, Duplicate, The Voraxx, Violet Illusionist, Sewer Crawler
  Field: Dire Wolf Alpha[2/2]
Opponent: Rexxar HP: 27, Mana: 0/4
  Hand (5)
  Field: Tar Creeper[3/2], The Voraxx[3/3]
[Turn 5, Step 10] Agent: 턴 종료

[Turn 5] === Opponent's Turn ===
[Turn 5, Step 10] Opponent: 영웅 능력 사용
[Turn 5, Step 10] Opponent: 공격 - The Voraxx[3/3] -> Dire Wolf Alpha
[Turn 5, Step 10] Opponent: 공격 - Tar Creeper[1/2] -> Jaina Proudmoore
[Turn 5, Step 10] Opponent: 턴 종료
[Turn 6, Step 11] Agent: 카드 플레이 - Furnacefire Colossus (코스트: 6)
[Turn 6, Step 12] Agent: 턴 종료

[Turn 6] === Opponent's Turn ===
[Turn 6, Step 12] Opponent: 카드 플레이 - Venture Co. Mercenary (코스트: 5)
[Turn 6, Step 12] Opponent: 턴 종료
[Turn 7, Step 13] Agent: 카드 플레이 - Sea Giant (코스트: 6)
[Turn 7, Step 14] Agent: 카드 플레이 - Murloc Tidecaller (코스트: 1)

--- Game State (Turn 7, Step 15) ---
Agent: Jaina Proudmoore HP: 24, Mana: 0/7
  Hand (5): Duplicate, The Voraxx, Violet Illusionist, Sewer Crawler, Zoobot
  Field: Furnacefire Colossus[6/6], Sea Giant[8/8], Murloc Tidecaller[1/2]
Opponent: Rexxar HP: 27, Mana: 1/6
  Hand (6)
  Field: Tar Creeper[3/2], The Voraxx[3/1], Venture Co. Mercenary[7/6]
[Turn 7, Step 15] Agent: 공격 - Furnacefire Colossus[6/6] -> Tar Creeper
[Turn 7, Step 16] Agent: 턴 종료

[Turn 7] === Opponent's Turn ===
[Turn 7, Step 16] Opponent: 공격 - Venture Co. Mercenary[7/6] -> Murloc Tidecaller
[Turn 7, Step 16] Opponent: 카드 플레이 - Hench-Clan Hag (코스트: 7)
[Turn 7, Step 16] Opponent: 공격 - The Voraxx[3/1] -> Sea Giant
[Turn 7, Step 16] Opponent: 턴 종료
[Turn 8, Step 17] Agent: 카드 플레이 - Sewer Crawler (코스트: 3)
[Turn 8, Step 18] Agent: 카드 플레이 - The Voraxx (코스트: 4)
[Turn 8, Step 19] Agent: 공격 - Furnacefire Colossus[6/3] -> Amalgam

--- Game State (Turn 8, Step 20) ---
Agent: Jaina Proudmoore HP: 24, Mana: 1/8
  Hand (4): Duplicate, Violet Illusionist, Zoobot, Toshley
  Field: Furnacefire Colossus[6/2], Sea Giant[8/5], Sewer Crawler[1/1], Giant Rat[2/3], The Voraxx[3/3]
Opponent: Rexxar HP: 27, Mana: 0/7
  Hand (6)
  Field: Venture Co. Mercenary[7/5], Hench-Clan Hag[3/3], Amalgam[1/1]
[Turn 8, Step 20] Agent: 공격 - Sea Giant[8/5] -> Amalgam
[Turn 8, Step 21] Agent: 턴 종료

[Turn 8] === Opponent's Turn ===
[Turn 8, Step 21] Opponent: 공격 - Venture Co. Mercenary[7/5] -> The Voraxx
[Turn 8, Step 21] Opponent: 공격 - Hench-Clan Hag[3/3] -> Sewer Crawler
[Turn 8, Step 21] Opponent: 턴 종료
[Turn 9, Step 22] Agent: 카드 플레이 - Toshley (코스트: 6)
[Turn 9, Step 23] Agent: 공격 - Giant Rat[2/3] -> Hench-Clan Hag
[Turn 9, Step 24] Agent: 카드 플레이 - Reversing Switch -> Furnacefire Colossus (코스트: 1)

--- Game State (Turn 9, Step 25) ---
Agent: Jaina Proudmoore HP: 24, Mana: 2/9
  Hand (4): Duplicate, Violet Illusionist, Zoobot, Portal Keeper
  Field: Furnacefire Colossus[2/6], Sea Giant[8/4], Toshley[5/7]
Opponent: Rexxar HP: 27, Mana: 8/8
  Hand (7)
  Field: Venture Co. Mercenary[7/2]
[Turn 9, Step 25] Agent: 공격 - Sea Giant[8/4] -> Rexxar
[Turn 9, Step 26] Agent: 영웅 능력 사용 -> Rexxar
[Turn 9, Step 27] Agent: 턴 종료

[Turn 9] === Opponent's Turn ===
[Turn 9, Step 27] Opponent: 카드 플레이 - Bolf Ramshield (코스트: 9)
[Turn 9, Step 27] Opponent: 공격 - Venture Co. Mercenary[7/2] -> Toshley
[Turn 9, Step 27] Opponent: 턴 종료
[Turn 10, Step 28] Agent: 공격 - Furnacefire Colossus[2/6] -> Rexxar
[Turn 10, Step 29] Agent: 카드 플레이 - Sludge Belcher (코스트: 5)

--- Game State (Turn 10, Step 30) ---
Agent: Jaina Proudmoore HP: 24, Mana: 5/10
  Hand (5): Duplicate, Violet Illusionist, Zoobot, Portal Keeper, Reversing Switch
  Field: Furnacefire Colossus[2/6], Sea Giant[8/4], Sludge Belcher[3/5]
Opponent: Rexxar HP: 18, Mana: 0/9
  Hand (7)
  Field: Bolf Ramshield[3/7]
[Turn 10, Step 30] Agent: 카드 플레이 - Zoobot (코스트: 3)
[Turn 10, Step 31] Agent: 영웅 능력 사용 -> Rexxar
[Turn 10, Step 32] Agent: 공격 - Sea Giant[8/4] -> Rexxar
[Turn 10, Step 33] Agent: 턴 종료

[Turn 10] === Opponent's Turn ===
[Turn 10, Step 33] Opponent: 카드 플레이 - Sharkfin Fan (코스트: 2)
[Turn 10, Step 33] Opponent: 카드 플레이 - Wicked Skeleton (코스트: 4)
[Turn 10, Step 33] Opponent: 카드 플레이 - Kobold Monk (코스트: 4)
[Turn 10, Step 33] Opponent: 턴 종료
[Turn 10, Step 34] Agent: 영웅 능력 사용 -> Wicked Skeleton

--- Game State (Turn 10, Step 35) ---
Agent: Jaina Proudmoore HP: 24, Mana: 8/10
  Hand (5): Duplicate, Violet Illusionist, Portal Keeper, Reversing Switch, Dwarven Archaeologist
  Field: Furnacefire Colossus[2/6], Sea Giant[8/4], Sludge Belcher[3/5], Zoobot[3/3]
Opponent: Rexxar HP: 18, Mana: 0/10
  Hand (5)
  Field: Sharkfin Fan[2/2], Kobold Monk[3/6]
[Turn 10, Step 35] Agent: 공격 - Zoobot[3/3] -> Rexxar
[Turn 10, Step 36] Agent: 공격 - Sludge Belcher[3/5] -> Kobold Monk
[Turn 10, Step 37] Agent: 카드 플레이 - Duplicate (코스트: 3)
[Turn 10, Step 38] Agent: 카드 플레이 - Violet Illusionist (코스트: 3)
[Turn 10, Step 39] Agent: 공격 - Sea Giant[8/4] -> Kobold Monk

--- Game State (Turn 10, Step 40) ---
Agent: Jaina Proudmoore HP: 24, Mana: 2/10
  Hand (3): Portal Keeper, Reversing Switch, Dwarven Archaeologist
  Field: Furnacefire Colossus[2/6], Sea Giant[8/1], Sludge Belcher[3/2], Zoobot[3/3], Violet Illusionist[4/3]
Opponent: Rexxar HP: 15, Mana: 0/10
  Hand (5)
  Field: Sharkfin Fan[2/2]
[Turn 10, Step 40] Agent: 카드 플레이 - Reversing Switch -> Furnacefire Colossus (코스트: 1)
[Turn 10, Step 41] Agent: 공격 - Furnacefire Colossus[6/2] -> Sharkfin Fan
[Turn 10, Step 42] Agent: 턴 종료

[Turn 10] === Opponent's Turn ===
[Turn 10, Step 42] Opponent: 카드 플레이 - Master Oakheart (코스트: 9)
[Turn 10, Step 42] Opponent: 카드 플레이 - Southsea Deckhand (코스트: 1)
[Turn 10, Step 42] Opponent: 턴 종료
[Turn 10, Step 43] Agent: 공격 - Zoobot[3/3] -> Magma Rager
[Turn 10, Step 44] Agent: 카드 플레이 - Portal Keeper (코스트: 4)

--- Game State (Turn 10, Step 45) ---
Agent: Jaina Proudmoore HP: 24, Mana: 6/10
  Hand (2): Dwarven Archaeologist, Elemental Evocation
  Field: Sea Giant[8/1], Sludge Belcher[3/2], Violet Illusionist[4/3], Portal Keeper[5/2]
Opponent: Rexxar HP: 15, Mana: 0/10
  Hand (4)
  Field: Master Oakheart[5/5], Amani Berserker[2/3], Faithful Lumi[1/1], Southsea Deckhand[2/1]
[Turn 10, Step 45] Agent: 카드 플레이 - Dwarven Archaeologist (코스트: 2)
[Turn 10, Step 46] Agent: 공격 - Sea Giant[8/1] -> Rexxar
[Turn 10, Step 47] Agent: 영웅 능력 사용 -> Sludge Belcher
[Turn 10, Step 48] Agent: 카드 플레이 - Elemental Evocation (코스트: 0)
[Turn 10, Step 49] Agent: 공격 - Sludge Belcher[3/1] -> Faithful Lumi

--- Game State (Turn 10, Step 50) ---
Agent: Jaina Proudmoore HP: 24, Mana: 2/10
  Hand (0): 
  Field: Sea Giant[8/1], Putrid Slime[1/2], Violet Illusionist[4/3], Portal Keeper[5/2], Dwarven Archaeologist[2/3]
Opponent: Rexxar HP: 7, Mana: 0/10
  Hand (4)
  Field: Master Oakheart[5/5], Amani Berserker[2/3], Southsea Deckhand[2/1]
[Turn 10, Step 50] Agent: 공격 - Violet Illusionist[4/3] -> Amani Berserker
[Turn 10, Step 51] Agent: 턴 종료

[Turn 10] === Opponent's Turn ===
[Turn 10, Step 51] Opponent: 영웅 능력 사용
[Turn 10, Step 51] Opponent: 카드 플레이 - Fire Plume Phoenix -> Southsea Deckhand (코스트: 4)
[Turn 10, Step 51] Opponent: 카드 플레이 - Ancient Brewmaster -> Fire Plume Phoenix (코스트: 4)
[Turn 10, Step 51] Opponent: 공격 - Master Oakheart[5/5] -> Putrid Slime
[Turn 10, Step 51] Opponent: 턴 종료
[Turn 10, Step 52] Agent: 공격 - Violet Illusionist[4/1] -> Master Oakheart
[Turn 10, Step 53] Agent: 영웅 능력 사용 -> Jaina Proudmoore
[Turn 10, Step 54] Agent: 공격 - Portal Keeper[5/2] -> Ancient Brewmaster

--- Game State (Turn 10, Step 55) ---
Agent: Jaina Proudmoore HP: 21, Mana: 8/10
  Hand (3): Putrid Slime, Putrid Slime, Potion Vendor
  Field: Sea Giant[8/1], Dwarven Archaeologist[2/3]
Opponent: Rexxar HP: 7, Mana: 0/10
  Hand (4)
[Turn 10, Step 55] Agent: 카드 플레이 - Potion Vendor (코스트: 1)
[Turn 10, Step 56] Agent: 공격 - Sea Giant[8/3] -> Rexxar

--- Game State (Turn 10, Step 57) ---
Agent: Jaina Proudmoore HP: 23, Mana: 7/10
  Hand (2): Putrid Slime, Putrid Slime
  Field: Sea Giant[8/3], Dwarven Archaeologist[2/3], Potion Vendor[1/1]
Opponent: Rexxar HP: 0, Mana: 0/10
  Hand (4)

============================================================
게임 종료 - Terminated: True, Truncated: False
승자: Agent
============================================================

