============================================================
NEW GAME STARTED
Agent: HERO_08 vs Opponent: HERO_05
Action Masking: ON
Masking Expected: ON
============================================================

[Turn 1] === Opponent's Turn ===
[Turn 1, Step 0] Opponent: 턴 종료
[Turn 1, Step 1] Agent: 턴 종료

[Turn 1] === Opponent's Turn ===
[Turn 1, Step 1] Opponent: 카드 플레이 - Unstable Ghoul (코스트: 2)
[Turn 1, Step 1] Opponent: 턴 종료
[Turn 2, Step 2] Agent: 영웅 능력 사용 -> Rexxar
[Turn 2, Step 3] Agent: 카드 플레이 - The Coin (코스트: 0)
[Turn 2, Step 4] Agent: 카드 플레이 - Font of Power (코스트: 1)

--- Game State (Turn 2, Step 5) ---
Agent: Jaina Proudmoore HP: 30, Mana: 0/2
  Hand (5): Hemet, Jungle Hunter, Young Priestess, Bittertide Hydra, Ironbeak Owl, Summoning Stone
Opponent: Rexxar HP: 29, Mana: 0/2
  Hand (4)
  Field: Unstable Ghoul[1/3]
[Turn 2, Step 5] Agent: 선택 - Astromancer
[Turn 2, Step 5] Agent: 턴 종료

[Turn 2] === Opponent's Turn ===
[Turn 2, Step 5] Opponent: 영웅 능력 사용
[Turn 2, Step 5] Opponent: 공격 - Unstable Ghoul[1/3] -> Jaina Proudmoore
[Turn 2, Step 5] Opponent: 턴 종료
[Turn 3, Step 6] Agent: 영웅 능력 사용 -> Jaina Proudmoore
[Turn 3, Step 7] Agent: 카드 플레이 - Young Priestess (코스트: 1)
[Turn 3, Step 8] Agent: 턴 종료

[Turn 3] === Opponent's Turn ===
[Turn 3, Step 8] Opponent: 카드 플레이 - Kazakus (코스트: 4)
[Turn 3, Step 8] Opponent: 선택 - Greater Potion
[Turn 3, Step 8] Opponent: 선택 - Heart of Fire
[Turn 3, Step 8] Opponent: 선택 - Icecap
[Turn 3, Step 8] Opponent: 공격 - Unstable Ghoul[1/3] -> Young Priestess
[Turn 3, Step 8] Opponent: 턴 종료
[Turn 4, Step 9] Agent: 카드 플레이 - Ironbeak Owl -> Unstable Ghoul (코스트: 3)

--- Game State (Turn 4, Step 10) ---
Agent: Jaina Proudmoore HP: 26, Mana: 1/4
  Hand (6): Hemet, Jungle Hunter, Bittertide Hydra, Summoning Stone, Astromancer, Arfus, Witch's Cauldron
  Field: Ironbeak Owl[2/1]
Opponent: Rexxar HP: 29, Mana: 0/4
  Hand (6)
  Field: Unstable Ghoul[1/1], Kazakus[3/3]
[Turn 4, Step 10] Agent: 턴 종료

[Turn 4] === Opponent's Turn ===
[Turn 4, Step 10] Opponent: 카드 플레이 - Kazakus Potion -> Unstable Ghoul (코스트: 5)
[Turn 4, Step 10] Opponent: 공격 - Kazakus[3/3] -> Jaina Proudmoore
[Turn 4, Step 10] Opponent: 턴 종료
[Turn 5, Step 11] Agent: 카드 플레이 - Bittertide Hydra (코스트: 5)
[Turn 5, Step 12] Agent: 턴 종료

[Turn 5] === Opponent's Turn ===
[Turn 5, Step 12] Opponent: 카드 플레이 - The Darkness (코스트: 4)
[Turn 5, Step 12] Opponent: 턴 종료
[Turn 6, Step 13] Agent: 카드 플레이 - Arfus (코스트: 4)
[Turn 6, Step 14] Agent: 공격 - Bittertide Hydra[8/8] -> Rexxar

--- Game State (Turn 6, Step 15) ---
Agent: Jaina Proudmoore HP: 23, Mana: 2/6
  Hand (6): Hemet, Jungle Hunter, Summoning Stone, Astromancer, Witch's Cauldron, Dalaran Crusader, Volcanic Drake
  Field: Ironbeak Owl[2/1], Bittertide Hydra[8/8], Arfus[2/2]
Opponent: Rexxar HP: 21, Mana: 2/6
  Hand (6)
  Field: Kazakus[3/3], The Darkness[20/20]
[Turn 6, Step 15] Agent: 영웅 능력 사용 -> Ironbeak Owl
[Turn 6, Step 16] Agent: 턴 종료

[Turn 6] === Opponent's Turn ===
[Turn 6, Step 16] Opponent: 카드 플레이 - Tomb Spider (코스트: 4)
[Turn 6, Step 16] Opponent: 선택 - Augmented Porcupine
[Turn 6, Step 16] Opponent: 턴 종료
[Turn 7, Step 17] Agent: 카드 플레이 - Astromancer (코스트: 7)
[Turn 7, Step 18] Agent: 턴 종료

[Turn 7] === Opponent's Turn ===
[Turn 7, Step 18] Opponent: 턴 종료
[Turn 8, Step 19] Agent: 공격 - Astromancer[5/5] -> Rexxar

--- Game State (Turn 8, Step 20) ---
Agent: Jaina Proudmoore HP: 23, Mana: 8/8
  Hand (7): Kazakus, Hemet, Jungle Hunter, Summoning Stone, Witch's Cauldron, Dalaran Crusader, Volcanic Drake, Dragon's Fury
  Field: Bittertide Hydra[8/8], Arfus[2/2], Astromancer[5/5], Mad Summoner[4/4]
Opponent: Rexxar HP: 16, Mana: 8/8
  Hand (8)
  Field: Kazakus[3/3], The Darkness[20/20], Tomb Spider[3/3]
[Turn 8, Step 20] Agent: 공격 - Arfus[2/2] -> Kazakus
[Turn 8, Step 21] Agent: 카드 플레이 - Kazakus (코스트: 4)
[Turn 8, Step 22] Agent: 선택 - Superior Potion
[Turn 8, Step 22] Agent: 선택 - Goldthorn
[Turn 8, Step 22] Agent: 선택 - Icecap
[Turn 8, Step 22] Agent: 턴 종료

[Turn 8] === Opponent's Turn ===
[Turn 8, Step 22] Opponent: 턴 종료
[Turn 9, Step 23] Agent: 영웅 능력 사용 -> Rexxar
[Turn 9, Step 24] Agent: 공격 - Kazakus[3/3] -> Rexxar

--- Game State (Turn 9, Step 25) ---
Agent: Jaina Proudmoore HP: 23, Mana: 7/9
  Hand (9): Hemet, Jungle Hunter, Summoning Stone, Witch's Cauldron, Dalaran Crusader, Volcanic Drake, Dragon's Fury, Death and Decay, Kazakus Potion, Volcanosaur
  Field: Bittertide Hydra[8/8], Astromancer[5/5], Mad Summoner[4/4], Kazakus[3/3]
Opponent: Rexxar HP: 12, Mana: 9/9
  Hand (9)
  Field: Kazakus[3/1], The Darkness[20/20], Tomb Spider[3/3]
[Turn 9, Step 25] Agent: 카드 플레이 - Summoning Stone (코스트: 5)
[Turn 9, Step 26] Agent: 공격 - Mad Summoner[4/4] -> Rexxar
[Turn 9, Step 27] Agent: 공격 - Astromancer[5/5] -> Rexxar
[Turn 9, Step 28] Agent: 공격 - Bittertide Hydra[8/8] -> Kazakus
[Turn 9, Step 29] Agent: 턴 종료

[Turn 9] === Opponent's Turn ===
[Turn 9, Step 29] Opponent: 공격 - Tomb Spider[3/3] -> Summoning Stone
[Turn 9, Step 29] Opponent: 카드 플레이 - Infested Wolf (코스트: 4)
[Turn 9, Step 29] Opponent: 카드 플레이 - Faceless Rager -> Tomb Spider (코스트: 3)
[Turn 9, Step 29] Opponent: 턴 종료

--- Game State (Turn 10, Step 30) ---
Agent: Jaina Proudmoore HP: 20, Mana: 10/10
  Hand (9): Hemet, Jungle Hunter, Witch's Cauldron, Dalaran Crusader, Volcanic Drake, Dragon's Fury, Death and Decay, Kazakus Potion, Volcanosaur, Kirin Tor Mage
  Field: Bittertide Hydra[8/5], Astromancer[5/5], Mad Summoner[4/4], Kazakus[3/3], Summoning Stone[0/3]
Opponent: Rexxar HP: 3, Mana: 3/10
  Hand (8)
  Field: The Darkness[20/20], Tomb Spider[3/3], Infested Wolf[3/3], Faceless Rager[5/3]
[Turn 10, Step 30] Agent: 공격 - Mad Summoner[4/4] -> Faceless Rager
[Turn 10, Step 31] Agent: 공격 - Bittertide Hydra[8/5] -> Infested Wolf
[Turn 10, Step 32] Agent: 카드 플레이 - Volcanic Drake (코스트: 3)
[Turn 10, Step 33] Agent: 턴 종료

[Turn 10] === Opponent's Turn ===
[Turn 10, Step 33] Opponent: 공격 - Tomb Spider[3/3] -> Jaina Proudmoore
[Turn 10, Step 33] Opponent: 공격 - Spider[1/1] -> Jaina Proudmoore
[Turn 10, Step 33] Opponent: 카드 플레이 - Augmented Porcupine (코스트: 3)
[Turn 10, Step 33] Opponent: 카드 플레이 - Revenge of the Wild (코스트: 2)
[Turn 10, Step 33] Opponent: 카드 플레이 - Kobold Stickyfinger (코스트: 5)
[Turn 10, Step 33] Opponent: 공격 - Spider[1/1] -> Kazakus
[Turn 10, Step 33] Opponent: 턴 종료
[Turn 10, Step 34] Agent: 영웅 능력 사용 -> Kazakus

--- Game State (Turn 10, Step 35) ---
Agent: Jaina Proudmoore HP: 13, Mana: 8/10
  Hand (9): Hemet, Jungle Hunter, Witch's Cauldron, Dalaran Crusader, Dragon's Fury, Death and Decay, Kazakus Potion, Volcanosaur, Kirin Tor Mage, Ravencaller
  Field: Bittertide Hydra[8/2], Astromancer[5/5], Kazakus[3/1], Summoning Stone[0/3], Volcanic Drake[6/4]
Opponent: Rexxar HP: 3, Mana: 0/10
  Hand (6)
  Field: The Darkness[20/20], Tomb Spider[3/3], Spider[1/1], Augmented Porcupine[2/4], Kobold Stickyfinger[4/4]
[Turn 10, Step 35] Agent: 카드 플레이 - Dalaran Crusader (코스트: 5)
[Turn 10, Step 36] Agent: 공격 - Kazakus[3/1] -> Rexxar

--- Game State (Turn 10, Step 37) ---
Agent: Jaina Proudmoore HP: 13, Mana: 3/10
  Hand (8): Hemet, Jungle Hunter, Witch's Cauldron, Dragon's Fury, Death and Decay, Kazakus Potion, Volcanosaur, Kirin Tor Mage, Ravencaller
  Field: Bittertide Hydra[8/2], Astromancer[5/5], Kazakus[3/1], Summoning Stone[0/3], Volcanic Drake[6/4], Dalaran Crusader[5/4]
Opponent: Rexxar HP: 0, Mana: 0/10
  Hand (6)
  Field: The Darkness[20/20], Tomb Spider[3/3], Spider[1/1], Augmented Porcupine[2/4], Kobold Stickyfinger[4/4]

============================================================
게임 종료 - Terminated: True, Truncated: False
승자: Agent
============================================================

