============================================================
NEW GAME STARTED
Agent: HERO_08 vs Opponent: HERO_05
Action Masking: ON
Masking Expected: ON
============================================================
[Turn 1, Step 0] Agent: 턴 종료

[Turn 1] === Opponent's Turn ===
[Turn 1, Step 0] Opponent: 카드 플레이 - The Coin (코스트: 0)
[Turn 1, Step 0] Opponent: 카드 플레이 - Crazed Alchemist (코스트: 2)
[Turn 1, Step 0] Opponent: 턴 종료
[Turn 2, Step 1] Agent: 카드 플레이 - Daring Fire-Eater (코스트: 1)
[Turn 2, Step 2] Agent: 턴 종료

[Turn 2] === Opponent's Turn ===
[Turn 2, Step 2] Opponent: 턴 종료
[Turn 3, Step 3] Agent: 영웅 능력 사용 -> Crazed Alchemist
[Turn 3, Step 4] Agent: 공격 - Daring Fire-Eater[1/1] -> Crazed Alchemist

--- Game State (Turn 3, Step 5) ---
Agent: Jaina Proudmoore HP: 30, Mana: 1/3
  Hand (5): Bilefin Tidehunter, Genn Greymane, Arcane Devourer, Vicious Fledgling, Sleepy Dragon
Opponent: Rexxar HP: 30, Mana: 2/2
  Hand (5)
[Turn 3, Step 5] Agent: 턴 종료

[Turn 3] === Opponent's Turn ===
[Turn 3, Step 5] Opponent: 카드 플레이 - Soulbound Ashtongue (코스트: 1)
[Turn 3, Step 5] Opponent: 영웅 능력 사용
[Turn 3, Step 5] Opponent: 턴 종료
[Turn 4, Step 6] Agent: 영웅 능력 사용 -> Rexxar
[Turn 4, Step 7] Agent: 카드 플레이 - Bilefin Tidehunter (코스트: 2)
[Turn 4, Step 8] Agent: 턴 종료

[Turn 4] === Opponent's Turn ===
[Turn 4, Step 8] Opponent: 턴 종료
[Turn 5, Step 9] Agent: 턴 종료

[Turn 5] === Opponent's Turn ===
[Turn 5, Step 9] Opponent: 카드 플레이 - Sightless Ranger (코스트: 5)
[Turn 5, Step 9] Opponent: 공격 - Soulbound Ashtongue[1/4] -> Ooze
[Turn 5, Step 9] Opponent: 턴 종료

--- Game State (Turn 6, Step 10) ---
Agent: Jaina Proudmoore HP: 28, Mana: 6/6
  Hand (7): Genn Greymane, Arcane Devourer, Vicious Fledgling, Sleepy Dragon, Deck of Wonders, Goldshire Footman, Hired Gun
  Field: Bilefin Tidehunter[2/1]
Opponent: Rexxar HP: 28, Mana: 0/5
  Hand (6)
  Field: Soulbound Ashtongue[1/3], Sightless Ranger[3/4]
[Turn 6, Step 10] Agent: 영웅 능력 사용 -> Sightless Ranger
[Turn 6, Step 11] Agent: 카드 플레이 - Hired Gun (코스트: 3)
[Turn 6, Step 12] Agent: 공격 - Bilefin Tidehunter[2/1] -> Sightless Ranger
[Turn 6, Step 13] Agent: 턴 종료

[Turn 6] === Opponent's Turn ===
[Turn 6, Step 13] Opponent: 카드 플레이 - Kazakus (코스트: 4)
[Turn 6, Step 13] Opponent: 선택 - Greater Potion
[Turn 6, Step 13] Opponent: 선택 - Kingsblood
[Turn 6, Step 13] Opponent: 선택 - Icecap
[Turn 6, Step 13] Opponent: 공격 - Sightless Ranger[3/1] -> Hired Gun
[Turn 6, Step 13] Opponent: 공격 - Soulbound Ashtongue[1/3] -> Jaina Proudmoore
[Turn 6, Step 13] Opponent: 턴 종료
[Turn 7, Step 14] Agent: 카드 플레이 - Genn Greymane (코스트: 6)

--- Game State (Turn 7, Step 15) ---
Agent: Jaina Proudmoore HP: 27, Mana: 1/7
  Hand (6): Skelemancer, Arcane Devourer, Vicious Fledgling, Sleepy Dragon, Deck of Wonders, Goldshire Footman
  Field: Genn Greymane[6/5]
Opponent: Rexxar HP: 28, Mana: 2/6
  Hand (7)
  Field: Soulbound Ashtongue[1/3], Kazakus[3/3]
[Turn 7, Step 15] Agent: 턴 종료

[Turn 7] === Opponent's Turn ===
[Turn 7, Step 15] Opponent: 카드 플레이 - Kazakus Potion (코스트: 5)
[Turn 7, Step 15] Opponent: 공격 - Kazakus[3/3] -> Genn Greymane
[Turn 7, Step 15] Opponent: 턴 종료
[Turn 8, Step 16] Agent: 영웅 능력 사용 -> Genn Greymane
[Turn 8, Step 17] Agent: 카드 플레이 - Deck of Wonders (코스트: 5)
[Turn 8, Step 18] Agent: 턴 종료

[Turn 8] === Opponent's Turn ===
[Turn 8, Step 18] Opponent: 턴 종료
[Turn 9, Step 19] Agent: 영웅 능력 사용 -> Genn Greymane

--- Game State (Turn 9, Step 20) ---
Agent: Jaina Proudmoore HP: 27, Mana: 7/9
  Hand (7): Skelemancer, Arcane Devourer, Vicious Fledgling, Sleepy Dragon, Goldshire Footman, Snowflipper Penguin, Mana Reservoir
Opponent: Rexxar HP: 28, Mana: 8/8
  Hand (10)
  Field: Soulbound Ashtongue[1/3]
[Turn 9, Step 20] Agent: 카드 플레이 - Vicious Fledgling (코스트: 3)
[Turn 9, Step 21] Agent: 카드 플레이 - Goldshire Footman (코스트: 1)
[Turn 9, Step 22] Agent: 카드 플레이 - Snowflipper Penguin (코스트: 0)
[Turn 9, Step 23] Agent: 턴 종료

[Turn 9] === Opponent's Turn ===
[Turn 9, Step 23] Opponent: 카드 플레이 - Mechanical Whelp (코스트: 6)
[Turn 9, Step 23] Opponent: 카드 플레이 - Jungle Panther (코스트: 3)
[Turn 9, Step 23] Opponent: 턴 종료
[Turn 10, Step 24] Agent: 공격 - Snowflipper Penguin[1/1] -> Mechanical Whelp

--- Game State (Turn 10, Step 25) ---
Agent: Jaina Proudmoore HP: 27, Mana: 10/10
  Hand (5): Skelemancer, Arcane Devourer, Sleepy Dragon, Mana Reservoir, SI:7 Infiltrator
  Field: Vicious Fledgling[3/3], Goldshire Footman[1/2], Imp[1/1], Imp[1/1], Imp[1/1], Imp[1/1]
Opponent: Rexxar HP: 28, Mana: 0/9
  Hand (8)
  Field: Soulbound Ashtongue[1/3], Mechanical Whelp[2/1], Jungle Panther[4/2]
[Turn 10, Step 25] Agent: 카드 플레이 - Skelemancer (코스트: 5)
[Turn 10, Step 26] Agent: 공격 - Vicious Fledgling[3/3] -> Rexxar
[Turn 10, Step 27] Agent: 선택 - Flaming Claws
[Turn 10, Step 27] Agent: 턴 종료

[Turn 10] === Opponent's Turn ===
[Turn 10, Step 27] Opponent: 턴 종료
[Turn 10, Step 28] Agent: 공격 - Imp[1/1] -> Rexxar
[Turn 10, Step 29] Agent: 공격 - Imp[1/1] -> Mechanical Whelp

--- Game State (Turn 10, Step 30) ---
Agent: Jaina Proudmoore HP: 27, Mana: 10/10
  Hand (5): Arcane Devourer, Sleepy Dragon, Mana Reservoir, SI:7 Infiltrator, Duplicate
  Field: Vicious Fledgling[6/3], Goldshire Footman[1/2], Imp[1/1], Imp[1/1], Imp[1/1], Skelemancer[2/2]
Opponent: Rexxar HP: 24, Mana: 10/10
  Hand (9)
  Field: Soulbound Ashtongue[1/3], Mechanical Dragon[7/7], Jungle Panther[4/2]
[Turn 10, Step 30] Agent: 공격 - Imp[1/1] -> Soulbound Ashtongue
[Turn 10, Step 31] Agent: 카드 플레이 - Mana Reservoir (코스트: 2)
[Turn 10, Step 32] Agent: 공격 - Imp[1/1] -> Soulbound Ashtongue
[Turn 10, Step 33] Agent: 영웅 능력 사용 -> Imp
[Turn 10, Step 34] Agent: 카드 플레이 - Duplicate (코스트: 3)

--- Game State (Turn 10, Step 35) ---
Agent: Jaina Proudmoore HP: 27, Mana: 3/10
  Hand (3): Arcane Devourer, Sleepy Dragon, SI:7 Infiltrator
  Field: Vicious Fledgling[6/3], Goldshire Footman[1/2], Skelemancer[2/2], Mana Reservoir[0/6]
Opponent: Rexxar HP: 22, Mana: 10/10
  Hand (9)
  Field: Soulbound Ashtongue[1/1], Mechanical Dragon[7/7], Jungle Panther[4/2]
[Turn 10, Step 35] Agent: 공격 - Goldshire Footman[1/2] -> Soulbound Ashtongue
[Turn 10, Step 36] Agent: 공격 - Skelemancer[2/2] -> Mechanical Dragon
[Turn 10, Step 37] Agent: 공격 - Vicious Fledgling[6/3] -> Mechanical Dragon
[Turn 10, Step 38] Agent: 턴 종료

[Turn 10] === Opponent's Turn ===
[Turn 10, Step 38] Opponent: 카드 플레이 - Rend Blackhand (코스트: 7)
[Turn 10, Step 38] Opponent: 카드 플레이 - Imp Master (코스트: 3)
[Turn 10, Step 38] Opponent: 공격 - Jungle Panther[4/2] -> Goldshire Footman
[Turn 10, Step 38] Opponent: 턴 종료
[Turn 10, Step 39] Agent: 영웅 능력 사용 -> Rexxar

--- Game State (Turn 10, Step 40) ---
Agent: Jaina Proudmoore HP: 27, Mana: 8/10
  Hand (6): Arcane Devourer, Sleepy Dragon, SI:7 Infiltrator, Goldshire Footman, Goldshire Footman, Kazakus
  Field: Mana Reservoir[0/6]
Opponent: Rexxar HP: 20, Mana: 0/10
  Hand (8)
  Field: Jungle Panther[4/1], Rend Blackhand[8/4], Imp Master[1/4], Imp[1/1]
[Turn 10, Step 40] Agent: 카드 플레이 - Goldshire Footman (코스트: 1)
[Turn 10, Step 41] Agent: 카드 플레이 - Kazakus (코스트: 4)
[Turn 10, Step 42] Agent: 턴 종료

[Turn 10] === Opponent's Turn ===
[Turn 10, Step 42] Opponent: 턴 종료
[Turn 10, Step 43] Agent: 카드 플레이 - Arcane Devourer (코스트: 8)
[Turn 10, Step 44] Agent: 공격 - Goldshire Footman[1/2] -> Imp

--- Game State (Turn 10, Step 45) ---
Agent: Jaina Proudmoore HP: 27, Mana: 2/10
  Hand (4): Sleepy Dragon, SI:7 Infiltrator, Goldshire Footman, Dune Sculptor
  Field: Mana Reservoir[0/6], Goldshire Footman[1/1], Kazakus[3/3], Arcane Devourer[5/5]
Opponent: Rexxar HP: 20, Mana: 10/10
  Hand (9)
  Field: Jungle Panther[4/1], Rend Blackhand[8/4], Imp Master[1/3], Imp[1/1]
[Turn 10, Step 45] Agent: 영웅 능력 사용 -> Jaina Proudmoore
[Turn 10, Step 46] Agent: 턴 종료

[Turn 10] === Opponent's Turn ===
[Turn 10, Step 46] Opponent: 카드 플레이 - Hyena Alpha (코스트: 4)
[Turn 10, Step 46] Opponent: 카드 플레이 - Windfury Harpy (코스트: 6)
[Turn 10, Step 46] Opponent: 공격 - Rend Blackhand[8/4] -> Goldshire Footman
[Turn 10, Step 46] Opponent: 턴 종료
[Turn 10, Step 47] Agent: 턴 종료

[Turn 10] === Opponent's Turn ===
[Turn 10, Step 47] Opponent: 공격 - Rend Blackhand[8/3] -> Jaina Proudmoore
[Turn 10, Step 47] Opponent: 공격 - Imp[1/1] -> Jaina Proudmoore
[Turn 10, Step 47] Opponent: 공격 - Hyena Alpha[3/3] -> Mana Reservoir
[Turn 10, Step 47] Opponent: 턴 종료
[Turn 10, Step 48] Agent: 공격 - Arcane Devourer[5/5] -> Imp
[Turn 10, Step 49] Agent: 공격 - Kazakus[3/3] -> Imp Master

--- Game State (Turn 10, Step 50) ---
Agent: Jaina Proudmoore HP: 17, Mana: 10/10
  Hand (6): Sleepy Dragon, SI:7 Infiltrator, Goldshire Footman, Dune Sculptor, Knife Juggler, Countess Ashmore
  Field: Mana Reservoir[0/3], Kazakus[3/2], Arcane Devourer[5/4]
Opponent: Rexxar HP: 20, Mana: 10/10
  Hand (9)
  Field: Jungle Panther[4/1], Rend Blackhand[8/3], Imp[1/1], Hyena Alpha[3/3], Windfury Harpy[4/5]
[Turn 10, Step 50] Agent: 카드 플레이 - Sleepy Dragon (코스트: 9)
[Turn 10, Step 51] Agent: 카드 플레이 - Goldshire Footman (코스트: 1)
[Turn 10, Step 52] Agent: 턴 종료

[Turn 10] === Opponent's Turn ===
[Turn 10, Step 52] Opponent: 공격 - Rend Blackhand[8/3] -> Goldshire Footman
[Turn 10, Step 52] Opponent: 턴 종료
[Turn 10, Step 53] Agent: 공격 - Kazakus[3/2] -> Imp
[Turn 10, Step 54] Agent: 카드 플레이 - SI:7 Infiltrator (코스트: 4)

--- Game State (Turn 10, Step 55) ---
Agent: Jaina Proudmoore HP: 17, Mana: 6/10
  Hand (4): Dune Sculptor, Knife Juggler, Countess Ashmore, Sightless Ranger
  Field: Mana Reservoir[0/3], Kazakus[3/1], Arcane Devourer[5/4], Sleepy Dragon[4/12], SI:7 Infiltrator[5/4]
Opponent: Rexxar HP: 20, Mana: 10/10
  Hand (10)
  Field: Jungle Panther[4/1], Rend Blackhand[8/2], Hyena Alpha[3/3], Windfury Harpy[4/5]
[Turn 10, Step 55] Agent: 공격 - Sleepy Dragon[4/12] -> Hyena Alpha
[Turn 10, Step 56] Agent: 영웅 능력 사용 -> Jaina Proudmoore
[Turn 10, Step 57] Agent: 공격 - Arcane Devourer[5/4] -> Rexxar
[Turn 10, Step 58] Agent: 턴 종료

[Turn 10] === Opponent's Turn ===
[Turn 10, Step 58] Opponent: 공격 - Rend Blackhand[8/2] -> Sleepy Dragon
[Turn 10, Step 58] Opponent: 카드 플레이 - Ramkahen Wildtamer (코스트: 3)
[Turn 10, Step 58] Opponent: 영웅 능력 사용
[Turn 10, Step 58] Opponent: 카드 플레이 - Streetwise Investigator (코스트: 5)
[Turn 10, Step 58] Opponent: 공격 - Windfury Harpy[4/5] -> Sleepy Dragon
[Turn 10, Step 58] Opponent: 턴 종료
[Turn 10, Step 59] Agent: 영웅 능력 사용 -> Streetwise Investigator

--- Game State (Turn 10, Step 60) ---
Agent: Jaina Proudmoore HP: 14, Mana: 8/10
  Hand (5): Dune Sculptor, Knife Juggler, Countess Ashmore, Sightless Ranger, Baku the Mooneater
  Field: Mana Reservoir[0/3], Kazakus[3/1], Arcane Devourer[5/4], SI:7 Infiltrator[5/4]
Opponent: Rexxar HP: 15, Mana: 0/10
  Hand (8)
  Field: Jungle Panther[4/1], Windfury Harpy[4/1], Ramkahen Wildtamer[4/3], Streetwise Investigator[4/5]
[Turn 10, Step 60] Agent: 카드 플레이 - Knife Juggler (코스트: 2)
[Turn 10, Step 61] Agent: 공격 - SI:7 Infiltrator[5/4] -> Streetwise Investigator
[Turn 10, Step 62] Agent: 카드 플레이 - Sightless Ranger (코스트: 5)
[Turn 10, Step 63] Agent: 공격 - Arcane Devourer[5/4] -> Windfury Harpy
[Turn 10, Step 64] Agent: 공격 - Kazakus[3/1] -> Jungle Panther

--- Game State (Turn 10, Step 65) ---
Agent: Jaina Proudmoore HP: 14, Mana: 1/10
  Hand (3): Dune Sculptor, Countess Ashmore, Baku the Mooneater
  Field: Mana Reservoir[0/3], Knife Juggler[2/2], Sightless Ranger[3/4]
Opponent: Rexxar HP: 14, Mana: 0/10
  Hand (8)
  Field: Ramkahen Wildtamer[4/3]
[Turn 10, Step 65] Agent: 공격 - Sightless Ranger[3/4] -> Ramkahen Wildtamer
[Turn 10, Step 66] Agent: 턴 종료

[Turn 10] === Opponent's Turn ===
[Turn 10, Step 66] Opponent: 턴 종료
[Turn 10, Step 67] Agent: 공격 - Knife Juggler[2/2] -> Rexxar
[Turn 10, Step 68] Agent: 영웅 능력 사용 -> Jaina Proudmoore
[Turn 10, Step 69] Agent: 카드 플레이 - Kabal Crystal Runner (코스트: 4)

--- Game State (Turn 10, Step 70) ---
Agent: Jaina Proudmoore HP: 13, Mana: 4/10
  Hand (3): Dune Sculptor, Countess Ashmore, Baku the Mooneater
  Field: Mana Reservoir[0/3], Knife Juggler[2/2], Kabal Crystal Runner[5/5]
Opponent: Rexxar HP: 11, Mana: 10/10
  Hand (9)
[Turn 10, Step 70] Agent: 턴 종료

[Turn 10] === Opponent's Turn ===
[Turn 10, Step 70] Opponent: 턴 종료
[Turn 10, Step 71] Agent: 공격 - Knife Juggler[2/2] -> Rexxar
[Turn 10, Step 72] Agent: 카드 플레이 - Depth Charge (코스트: 1)
[Turn 10, Step 73] Agent: 영웅 능력 사용 -> Depth Charge
[Turn 10, Step 74] Agent: 카드 플레이 - Countess Ashmore (코스트: 7)

--- Game State (Turn 10, Step 75) ---
Agent: Jaina Proudmoore HP: 13, Mana: 0/10
  Hand (2): Dune Sculptor, Baku the Mooneater
  Field: Mana Reservoir[0/3], Knife Juggler[2/2], Kabal Crystal Runner[5/5], Depth Charge[0/4], Countess Ashmore[6/6]
Opponent: Rexxar HP: 7, Mana: 10/10
  Hand (10)
[Turn 10, Step 75] Agent: 턴 종료

[Turn 10] === Opponent's Turn ===
[Turn 10, Step 75] Opponent: 턴 종료
[Turn 10, Step 76] Agent: 카드 플레이 - Baleful Banker -> Countess Ashmore (코스트: 2)
[Turn 10, Step 77] Agent: 턴 종료

[Turn 10] === Opponent's Turn ===
[Turn 10, Step 77] Opponent: 턴 종료
[Turn 10, Step 78] Agent: 카드 플레이 - Dune Sculptor (코스트: 3)
[Turn 10, Step 79] Agent: 영웅 능력 사용 -> Countess Ashmore

--- Game State (Turn 10, Step 80) ---
Agent: Jaina Proudmoore HP: 13, Mana: 5/10
  Hand (2): Baku the Mooneater, Nat Pagle
  Field: Baleful Banker[2/2], Dune Sculptor[3/3]
Opponent: Rexxar HP: 7, Mana: 10/10
  Hand (10)
[Turn 10, Step 80] Agent: 공격 - Baleful Banker[2/2] -> Rexxar
[Turn 10, Step 81] Agent: 카드 플레이 - Nat Pagle (코스트: 2)
[Turn 10, Step 82] Agent: 턴 종료

[Turn 10] === Opponent's Turn ===
[Turn 10, Step 82] Opponent: 카드 플레이 - The Voraxx (코스트: 4)
[Turn 10, Step 82] Opponent: 턴 종료
[Turn 10, Step 83] Agent: 카드 플레이 - Baku the Mooneater (코스트: 9)
[Turn 10, Step 84] Agent: 공격 - Dune Sculptor[3/3] -> The Voraxx

--- Game State (Turn 10, Step 85) ---
Agent: Jaina Proudmoore HP: 13, Mana: 1/10
  Hand (1): Countess Ashmore
  Field: Baleful Banker[2/2], Nat Pagle[0/4], Baku the Mooneater[7/8]
Opponent: Rexxar HP: 5, Mana: 6/10
  Hand (9)
[Turn 10, Step 85] Agent: 공격 - Baleful Banker[2/2] -> Rexxar
[Turn 10, Step 86] Agent: 턴 종료

[Turn 10] === Opponent's Turn ===
[Turn 10, Step 86] Opponent: 카드 플레이 - Scavenging Shivarra (코스트: 6)
[Turn 10, Step 86] Opponent: 카드 플레이 - Kaboom Bot (코스트: 3)
[Turn 10, Step 86] Opponent: 턴 종료
[Turn 10, Step 87] Agent: 카드 플레이 - Countess Ashmore (코스트: 7)
[Turn 10, Step 88] Agent: 카드 플레이 - Serpent Ward (코스트: 2)
[Turn 10, Step 89] Agent: 턴 종료

[Turn 10] === Opponent's Turn ===
[Turn 10, Step 89] Opponent: 카드 플레이 - Toshley (코스트: 6)
[Turn 10, Step 89] Opponent: 카드 플레이 - Weaponized Piñata (코스트: 4)
[Turn 10, Step 89] Opponent: 공격 - Kaboom Bot[2/2] -> Nat Pagle
[Turn 10, Step 89] Opponent: 턴 종료

--- Game State (Turn 10, Step 90) ---
Agent: Jaina Proudmoore HP: 14, Mana: 1/10
  Hand (2): Frozen Crusher, Master Jouster
  Field: Nat Pagle[0/2], Baku the Mooneater[7/7], Countess Ashmore[6/6], Serpent Ward[0/2]
Opponent: Rexxar HP: 0, Mana: 0/10
  Hand (8)
  Field: Scavenging Shivarra[6/2], Kaboom Bot[2/1], Toshley[5/6], Weaponized Piñata[4/2]

--- Game State (Turn 10, Step 90) ---
Agent: Jaina Proudmoore HP: 14, Mana: 1/10
  Hand (2): Frozen Crusher, Master Jouster
  Field: Nat Pagle[0/2], Baku the Mooneater[7/7], Countess Ashmore[6/6], Serpent Ward[0/2]
Opponent: Rexxar HP: 0, Mana: 0/10
  Hand (8)
  Field: Scavenging Shivarra[6/2], Kaboom Bot[2/1], Toshley[5/6], Weaponized Piñata[4/2]

============================================================
게임 종료 - Terminated: True, Truncated: False
승자: Agent
============================================================

