============================================================
NEW GAME STARTED
Agent: HERO_08 vs Opponent: HERO_05
Action Masking: OFF
============================================================
[Turn 1, Step 0] Agent: 유효하지 않은 액션 인덱스(9) → 0로 보정
[Turn 1, Step 0] Agent: 턴 종료

[Turn 1] === Opponent's Turn ===
[Turn 1, Step 0] Opponent: 카드 플레이 - The Coin (코스트: 0)
[Turn 1, Step 0] Opponent: 카드 플레이 - Lance Carrier (코스트: 2)
[Turn 1, Step 0] Opponent: 턴 종료
[Turn 2, Step 1] Agent: 유효하지 않은 액션 인덱스(35) → 5로 보정
[Turn 2, Step 1] Agent: 영웅 능력 사용 -> Lance Carrier
[Turn 2, Step 2] Agent: 유효하지 않은 액션 인덱스(53) → 0로 보정
[Turn 2, Step 2] Agent: 턴 종료

[Turn 2] === Opponent's Turn ===
[Turn 2, Step 2] Opponent: 카드 플레이 - Loot Hoarder (코스트: 2)
[Turn 2, Step 2] Opponent: 턴 종료
[Turn 3, Step 3] Agent: 유효하지 않은 액션 인덱스(53) → 5로 보정
[Turn 3, Step 3] Agent: 영웅 능력 사용 -> Rexxar
[Turn 3, Step 4] Agent: 유효하지 않은 액션 인덱스(28) → 0로 보정
[Turn 3, Step 4] Agent: 턴 종료

[Turn 3] === Opponent's Turn ===
[Turn 3, Step 4] Opponent: 턴 종료

--- Game State (Turn 4, Step 5) ---
Agent: Jaina Proudmoore HP: 30, Mana: 4/4
  Hand (7): Soup Vendor, Anomalus, Acidic Swamp Ooze, Power of Creation, Spellweaver, Fishflinger, Igneous Elemental
Opponent: Rexxar HP: 29, Mana: 3/3
  Hand (5)
  Field: Lance Carrier[1/1], Loot Hoarder[2/1]
[Turn 4, Step 5] Agent: 유효하지 않은 액션 인덱스(83) → 2로 보정
[Turn 4, Step 5] Agent: 카드 플레이 - Acidic Swamp Ooze (코스트: 2)
[Turn 4, Step 6] Agent: 유효하지 않은 액션 인덱스(51) → 3로 보정
[Turn 4, Step 6] Agent: 영웅 능력 사용 -> Jaina Proudmoore
[Turn 4, Step 7] Agent: 유효하지 않은 액션 인덱스(84) → 0로 보정
[Turn 4, Step 7] Agent: 턴 종료

[Turn 4] === Opponent's Turn ===
[Turn 4, Step 7] Opponent: 공격 - Loot Hoarder[2/1] -> Jaina Proudmoore
[Turn 4, Step 7] Opponent: 카드 플레이 - Ramkahen Wildtamer (코스트: 3)
[Turn 4, Step 7] Opponent: 공격 - Lance Carrier[1/1] -> Jaina Proudmoore
[Turn 4, Step 7] Opponent: 턴 종료
[Turn 5, Step 8] Agent: 유효하지 않은 액션 인덱스(63) → 3로 보정
[Turn 5, Step 8] Agent: 카드 플레이 - Igneous Elemental (코스트: 3)
[Turn 5, Step 9] Agent: 유효하지 않은 액션 인덱스(25) → 11로 보정
[Turn 5, Step 9] Agent: 공격 - Acidic Swamp Ooze[3/2] -> Lance Carrier

--- Game State (Turn 5, Step 10) ---
Agent: Jaina Proudmoore HP: 26, Mana: 2/5
  Hand (6): Soup Vendor, Anomalus, Power of Creation, Spellweaver, Fishflinger, Hippogryph
  Field: Acidic Swamp Ooze[3/1], Igneous Elemental[2/3]
Opponent: Rexxar HP: 29, Mana: 1/4
  Hand (6)
  Field: Loot Hoarder[2/1], Ramkahen Wildtamer[4/3]
[Turn 5, Step 10] Agent: 유효하지 않은 액션 인덱스(29) → 2로 보정
[Turn 5, Step 10] Agent: 카드 플레이 - Fishflinger (코스트: 2)
[Turn 5, Step 11] Agent: 유효하지 않은 액션 인덱스(92) → 0로 보정
[Turn 5, Step 11] Agent: 턴 종료

[Turn 5] === Opponent's Turn ===
[Turn 5, Step 11] Opponent: 공격 - Ramkahen Wildtamer[4/3] -> Igneous Elemental
[Turn 5, Step 11] Opponent: 턴 종료
[Turn 6, Step 12] Agent: 유효하지 않은 액션 인덱스(58) → 18로 보정
[Turn 6, Step 12] Agent: 공격 - Fishflinger[3/2] -> Loot Hoarder
[Turn 6, Step 13] Agent: 유효하지 않은 액션 인덱스(79) → 9로 보정
[Turn 6, Step 13] Agent: 영웅 능력 사용 -> Rexxar
[Turn 6, Step 14] Agent: 유효하지 않은 액션 인덱스(56) → 2로 보정
[Turn 6, Step 14] Agent: 카드 플레이 - Hippogryph (코스트: 4)

--- Game State (Turn 6, Step 15) ---
Agent: Jaina Proudmoore HP: 26, Mana: 0/6
  Hand (8): Soup Vendor, Anomalus, Power of Creation, Spellweaver, Sir Finley Mrrgglton, Flame Elemental, Flame Elemental, Untamed Beastmaster
  Field: Acidic Swamp Ooze[3/1], Hippogryph[2/6]
Opponent: Rexxar HP: 28, Mana: 5/5
  Hand (9)
  Field: Ramkahen Wildtamer[4/1]
[Turn 6, Step 15] Agent: 유효하지 않은 액션 인덱스(60) → 0로 보정
[Turn 6, Step 15] Agent: 턴 종료

[Turn 6] === Opponent's Turn ===
[Turn 6, Step 15] Opponent: 공격 - Ramkahen Wildtamer[4/1] -> Hippogryph
[Turn 6, Step 15] Opponent: 카드 플레이 - Master Jouster (코스트: 6)
[Turn 6, Step 15] Opponent: 턴 종료
[Turn 7, Step 16] Agent: 유효하지 않은 액션 인덱스(79) → 11로 보정
[Turn 7, Step 16] Agent: 영웅 능력 사용 -> Hippogryph
[Turn 7, Step 17] Agent: 카드 플레이 - Untamed Beastmaster (코스트: 3)
[Turn 7, Step 18] Agent: 턴 종료

[Turn 7] === Opponent's Turn ===
[Turn 7, Step 18] Opponent: 카드 플레이 - Starving Buzzard (코스트: 5)
[Turn 7, Step 18] Opponent: 카드 플레이 - Scarab Egg (코스트: 2)
[Turn 7, Step 18] Opponent: 공격 - Master Jouster[5/6] -> Hippogryph
[Turn 7, Step 18] Opponent: 턴 종료
[Turn 8, Step 19] Agent: 유효하지 않은 액션 인덱스(79) → 4로 보정
[Turn 8, Step 19] Agent: 카드 플레이 - Spellweaver (코스트: 6)

--- Game State (Turn 8, Step 20) ---
Agent: Jaina Proudmoore HP: 26, Mana: 2/8
  Hand (8): Soup Vendor, Anomalus, Power of Creation, Sir Finley Mrrgglton, Flame Elemental, Flame Elemental, Parachute Brigand, Blingtron 3000
  Field: Acidic Swamp Ooze[3/1], Untamed Beastmaster[3/4], Spellweaver[4/4]
Opponent: Rexxar HP: 28, Mana: 0/7
  Hand (8)
  Field: Master Jouster[5/4], Starving Buzzard[3/2], Scarab Egg[0/2]
[Turn 8, Step 20] Agent: 카드 플레이 - Soup Vendor (코스트: 2)
[Turn 8, Step 21] Agent: 유효하지 않은 액션 인덱스(28) → 1로 보정
[Turn 8, Step 21] Agent: 공격 - Acidic Swamp Ooze[3/1] -> Rexxar
[Turn 8, Step 22] Agent: 유효하지 않은 액션 인덱스(53) → 3로 보정
[Turn 8, Step 22] Agent: 공격 - Untamed Beastmaster[3/4] -> Starving Buzzard
[Turn 8, Step 23] Agent: 유효하지 않은 액션 인덱스(1) → 0로 보정
[Turn 8, Step 23] Agent: 턴 종료

[Turn 8] === Opponent's Turn ===
[Turn 8, Step 23] Opponent: 공격 - Master Jouster[5/4] -> Acidic Swamp Ooze
[Turn 8, Step 23] Opponent: 영웅 능력 사용
[Turn 8, Step 23] Opponent: 턴 종료
[Turn 9, Step 24] Agent: 유효하지 않은 액션 인덱스(47) → 22로 보정
[Turn 9, Step 24] Agent: 공격 - Soup Vendor[1/4] -> Rexxar

--- Game State (Turn 9, Step 25) ---
Agent: Jaina Proudmoore HP: 24, Mana: 9/9
  Hand (8): Omega Defender, Anomalus, Power of Creation, Sir Finley Mrrgglton, Flame Elemental, Flame Elemental, Parachute Brigand, Blingtron 3000
  Field: Untamed Beastmaster[3/1], Spellweaver[4/4], Soup Vendor[1/4]
Opponent: Rexxar HP: 24, Mana: 6/8
  Hand (9)
  Field: Master Jouster[5/1], Scarab Egg[0/2]
[Turn 9, Step 25] Agent: 유효하지 않은 액션 인덱스(40) → 18로 보정
[Turn 9, Step 25] Agent: 공격 - Untamed Beastmaster[3/1] -> Scarab Egg
[Turn 9, Step 26] Agent: 유효하지 않은 액션 인덱스(60) → 14로 보정
[Turn 9, Step 26] Agent: 영웅 능력 사용 -> Soup Vendor
[Turn 9, Step 27] Agent: 유효하지 않은 액션 인덱스(93) → 9로 보정
[Turn 9, Step 27] Agent: 공격 - Spellweaver[4/4] -> Scarab
[Turn 9, Step 28] Agent: 유효하지 않은 액션 인덱스(43) → 1로 보정
[Turn 9, Step 28] Agent: 카드 플레이 - Omega Defender (코스트: 4)
[Turn 9, Step 29] Agent: 유효하지 않은 액션 인덱스(65) → 0로 보정
[Turn 9, Step 29] Agent: 턴 종료

[Turn 9] === Opponent's Turn ===
[Turn 9, Step 29] Opponent: 턴 종료

--- Game State (Turn 10, Step 30) ---
Agent: Jaina Proudmoore HP: 24, Mana: 10/10
  Hand (8): Anomalus, Power of Creation, Sir Finley Mrrgglton, Flame Elemental, Flame Elemental, Parachute Brigand, Blingtron 3000, Augmented Elekk
  Field: Untamed Beastmaster[3/1], Spellweaver[4/3], Soup Vendor[1/3], Omega Defender[2/6]
Opponent: Rexxar HP: 24, Mana: 9/9
  Hand (10)
  Field: Master Jouster[5/1], Scarab[1/1], Scarab[1/1]
[Turn 10, Step 30] Agent: 유효하지 않은 액션 인덱스(42) → 8로 보정
[Turn 10, Step 30] Agent: 카드 플레이 - Augmented Elekk (코스트: 3)
[Turn 10, Step 31] Agent: 카드 플레이 - Flame Elemental (코스트: 1)
[Turn 10, Step 32] Agent: 유효하지 않은 액션 인덱스(66) → 2로 보정
[Turn 10, Step 32] Agent: 카드 플레이 - Flame Elemental (코스트: 1)
[Turn 10, Step 33] Agent: 유효하지 않은 액션 인덱스(74) → 16로 보정
[Turn 10, Step 33] Agent: 공격 - Untamed Beastmaster[3/1] -> Scarab
[Turn 10, Step 34] Agent: 유효하지 않은 액션 인덱스(92) → 0로 보정
[Turn 10, Step 34] Agent: 턴 종료

[Turn 10] === Opponent's Turn ===
[Turn 10, Step 34] Opponent: 카드 플레이 - Multi-Shot (코스트: 4)
[Turn 10, Step 34] Opponent: 턴 종료

--- Game State (Turn 10, Step 35) ---
Agent: Jaina Proudmoore HP: 24, Mana: 10/10
  Hand (6): Anomalus, Power of Creation, Sir Finley Mrrgglton, Parachute Brigand, Blingtron 3000, Emperor Thaurissan
  Field: Soup Vendor[1/3], Omega Defender[2/6], Augmented Elekk[3/1], Flame Elemental[1/2], Flame Elemental[1/2]
Opponent: Rexxar HP: 24, Mana: 6/10
  Hand (9)
  Field: Master Jouster[5/1], Scarab[1/1]
[Turn 10, Step 35] Agent: 공격 - Flame Elemental[1/2] -> Master Jouster
[Turn 10, Step 36] Agent: 카드 플레이 - Emperor Thaurissan (코스트: 6)
[Turn 10, Step 37] Agent: 유효하지 않은 액션 인덱스(37) → 18로 보정
[Turn 10, Step 37] Agent: 공격 - Flame Elemental[1/2] -> Scarab
[Turn 10, Step 38] Agent: 공격 - Augmented Elekk[3/1] -> Rexxar
[Turn 10, Step 39] Agent: 유효하지 않은 액션 인덱스(95) → 11로 보정
[Turn 10, Step 39] Agent: 공격 - Omega Defender[2/6] -> Rexxar

--- Game State (Turn 10, Step 40) ---
Agent: Jaina Proudmoore HP: 24, Mana: 4/10
  Hand (5): Anomalus, Power of Creation, Sir Finley Mrrgglton, Parachute Brigand, Blingtron 3000
  Field: Soup Vendor[1/3], Omega Defender[2/6], Augmented Elekk[3/1], Flame Elemental[1/1], Emperor Thaurissan[5/5]
Opponent: Rexxar HP: 19, Mana: 6/10
  Hand (9)
[Turn 10, Step 40] Agent: 유효하지 않은 액션 인덱스(35) → 2로 보정
[Turn 10, Step 40] Agent: 카드 플레이 - Parachute Brigand (코스트: 2)
[Turn 10, Step 41] Agent: 영웅 능력 사용 -> Flame Elemental
[Turn 10, Step 42] Agent: 유효하지 않은 액션 인덱스(40) → 0로 보정
[Turn 10, Step 42] Agent: 턴 종료

[Turn 10] === Opponent's Turn ===
[Turn 10, Step 42] Opponent: 턴 종료
[Turn 10, Step 43] Agent: 유효하지 않은 액션 인덱스(86) → 14로 보정
[Turn 10, Step 43] Agent: 공격 - Omega Defender[2/6] -> Rexxar
[Turn 10, Step 44] Agent: 유효하지 않은 액션 인덱스(43) → 9로 보정
[Turn 10, Step 44] Agent: 영웅 능력 사용 -> Omega Defender

--- Game State (Turn 10, Step 45) ---
Agent: Jaina Proudmoore HP: 24, Mana: 8/10
  Hand (5): Anomalus, Power of Creation, Sir Finley Mrrgglton, Blingtron 3000, Steam Surger
  Field: Soup Vendor[1/3], Omega Defender[2/5], Augmented Elekk[3/1], Emperor Thaurissan[5/5], Parachute Brigand[2/2]
Opponent: Rexxar HP: 17, Mana: 10/10
  Hand (10)
[Turn 10, Step 45] Agent: 유효하지 않은 액션 인덱스(89) → 9로 보정
[Turn 10, Step 45] Agent: 공격 - Parachute Brigand[2/2] -> Rexxar
[Turn 10, Step 46] Agent: 카드 플레이 - Anomalus (코스트: 7)
[Turn 10, Step 47] Agent: 유효하지 않은 액션 인덱스(71) → 1로 보정
[Turn 10, Step 47] Agent: 카드 플레이 - Sir Finley Mrrgglton (코스트: 0)
[Turn 10, Step 48] Agent: 선택 - Reinforce
[Turn 10, Step 48] Agent: 공격 - Soup Vendor[1/3] -> Rexxar
[Turn 10, Step 49] Agent: 유효하지 않은 액션 인덱스(84) → 0로 보정
[Turn 10, Step 49] Agent: 턴 종료

[Turn 10] === Opponent's Turn ===
[Turn 10, Step 49] Opponent: 카드 플레이 - Crowd Favorite (코스트: 4)
[Turn 10, Step 49] Opponent: 영웅 능력 사용
[Turn 10, Step 49] Opponent: 카드 플레이 - Twilight Drake (코스트: 4)
[Turn 10, Step 49] Opponent: 턴 종료

--- Game State (Turn 10, Step 50) ---
Agent: Jaina Proudmoore HP: 22, Mana: 10/10
  Hand (4): Power of Creation, Blingtron 3000, Steam Surger, Evasive Feywing
  Field: Soup Vendor[1/3], Omega Defender[2/5], Augmented Elekk[3/1], Emperor Thaurissan[5/5], Parachute Brigand[2/2], Anomalus[8/6], Sir Finley Mrrgglton[1/3]
Opponent: Rexxar HP: 14, Mana: 0/10
  Hand (8)
  Field: Crowd Favorite[5/5], Twilight Drake[4/9]
[Turn 10, Step 50] Agent: 유효하지 않은 액션 인덱스(79) → 13로 보정
[Turn 10, Step 50] Agent: 공격 - Parachute Brigand[2/2] -> Rexxar
[Turn 10, Step 51] Agent: 유효하지 않은 액션 인덱스(75) → 18로 보정
[Turn 10, Step 51] Agent: 공격 - Sir Finley Mrrgglton[1/3] -> Twilight Drake
[Turn 10, Step 52] Agent: 유효하지 않은 액션 인덱스(32) → 11로 보정
[Turn 10, Step 52] Agent: 공격 - Omega Defender[2/5] -> Twilight Drake
[Turn 10, Step 53] Agent: 유효하지 않은 액션 인덱스(75) → 3로 보정
[Turn 10, Step 53] Agent: 카드 플레이 - Steam Surger (코스트: 3)
[Turn 10, Step 54] Agent: 공격 - Soup Vendor[1/3] -> Crowd Favorite

--- Game State (Turn 10, Step 55) ---
Agent: Jaina Proudmoore HP: 22, Mana: 7/10
  Hand (4): Power of Creation, Blingtron 3000, Evasive Feywing, Flame Geyser
  Field: Omega Defender[2/1], Augmented Elekk[3/1], Emperor Thaurissan[5/5], Parachute Brigand[2/2], Anomalus[8/6], Steam Surger[5/4]
Opponent: Rexxar HP: 12, Mana: 0/10
  Hand (8)
  Field: Crowd Favorite[5/4], Twilight Drake[4/6]
[Turn 10, Step 55] Agent: 유효하지 않은 액션 인덱스(49) → 1로 보정
[Turn 10, Step 55] Agent: 카드 플레이 - Power of Creation (코스트: 6)
[Turn 10, Step 56] Agent: 선택 - Safeguard
[Turn 10, Step 56] Agent: 유효하지 않은 액션 인덱스(67) → 7로 보정
[Turn 10, Step 56] Agent: 공격 - Anomalus[8/6] -> Rexxar
[Turn 10, Step 57] Agent: 유효하지 않은 액션 인덱스(46) → 4로 보정
[Turn 10, Step 57] Agent: 공격 - Emperor Thaurissan[5/5] -> Rexxar

--- Game State (Turn 10, Step 58) ---
Agent: Jaina Proudmoore HP: 22, Mana: 1/10
  Hand (3): Blingtron 3000, Evasive Feywing, Flame Geyser
  Field: Omega Defender[2/1], Augmented Elekk[3/1], Emperor Thaurissan[5/5], Parachute Brigand[2/2], Anomalus[8/6], Steam Surger[5/4], Safeguard[4/5]
Opponent: Rexxar HP: 0, Mana: 0/10
  Hand (8)
  Field: Crowd Favorite[5/4], Twilight Drake[4/6]

============================================================
게임 종료 - Terminated: True, Truncated: False
승자: Agent
============================================================

