============================================================
NEW GAME STARTED
Agent: HERO_08 vs Opponent: HERO_05
Action Masking: ON
Masking Expected: ON
============================================================
[Turn 1, Step 0] Agent: 카드 플레이 - Worgen Infiltrator (코스트: 1)
[Turn 1, Step 1] Agent: 턴 종료

[Turn 1] === Opponent's Turn ===
[Turn 1, Step 1] Opponent: 턴 종료
[Turn 2, Step 2] Agent: 카드 플레이 - Infectious Sporeling (코스트: 1)
[Turn 2, Step 3] Agent: 공격 - Worgen Infiltrator[2/1] -> Rexxar
[Turn 2, Step 4] Agent: 턴 종료

[Turn 2] === Opponent's Turn ===
[Turn 2, Step 4] Opponent: 카드 플레이 - The Coin (코스트: 0)
[Turn 2, Step 4] Opponent: 카드 플레이 - Blood Knight (코스트: 3)
[Turn 2, Step 4] Opponent: 턴 종료

--- Game State (Turn 3, Step 5) ---
Agent: Jaina Proudmoore HP: 30, Mana: 3/3
  Hand (4): Reckless Rocketeer, Scalerider, Raging Worgen, Lightwarden
  Field: Worgen Infiltrator[2/1], Infectious Sporeling[1/2]
Opponent: Rexxar HP: 28, Mana: 0/2
  Hand (5)
  Field: Blood Knight[3/3]
[Turn 3, Step 5] Agent: 카드 플레이 - Raging Worgen (코스트: 3)
[Turn 3, Step 6] Agent: 공격 - Infectious Sporeling[1/2] -> Rexxar
[Turn 3, Step 7] Agent: 공격 - Worgen Infiltrator[2/1] -> Blood Knight
[Turn 3, Step 8] Agent: 턴 종료

[Turn 3] === Opponent's Turn ===
[Turn 3, Step 8] Opponent: 공격 - Infectious Sporeling[1/2] -> Infectious Sporeling
[Turn 3, Step 8] Opponent: 공격 - Blood Knight[3/1] -> Jaina Proudmoore
[Turn 3, Step 8] Opponent: 턴 종료
[Turn 4, Step 9] Agent: 카드 플레이 - Lightwarden (코스트: 1)

--- Game State (Turn 4, Step 10) ---
Agent: Jaina Proudmoore HP: 27, Mana: 3/4
  Hand (3): Reckless Rocketeer, Scalerider, Coldarra Drake
  Field: Infectious Sporeling[1/2], Raging Worgen[3/3], Lightwarden[1/2]
Opponent: Rexxar HP: 27, Mana: 3/3
  Hand (6)
  Field: Infectious Sporeling[1/1], Blood Knight[3/1]
[Turn 4, Step 10] Agent: 공격 - Raging Worgen[3/3] -> Blood Knight
[Turn 4, Step 11] Agent: 카드 플레이 - Scalerider -> Infectious Sporeling (코스트: 3)
[Turn 4, Step 12] Agent: 턴 종료

[Turn 4] === Opponent's Turn ===
[Turn 4, Step 12] Opponent: 카드 플레이 - Bad Luck Albatross (코스트: 4)
[Turn 4, Step 12] Opponent: 턴 종료
[Turn 5, Step 13] Agent: 영웅 능력 사용 -> Lightwarden
[Turn 5, Step 14] Agent: 공격 - Infectious Sporeling[1/2] -> Rexxar

--- Game State (Turn 5, Step 15) ---
Agent: Jaina Proudmoore HP: 27, Mana: 3/5
  Hand (3): Reckless Rocketeer, Coldarra Drake, Flame Ward
  Field: Infectious Sporeling[1/2], Lightwarden[1/1], Scalerider[3/3]
Opponent: Rexxar HP: 26, Mana: 0/4
  Hand (6)
  Field: Bad Luck Albatross[4/3]
[Turn 5, Step 15] Agent: 공격 - Lightwarden[1/1] -> Bad Luck Albatross
[Turn 5, Step 16] Agent: 공격 - Scalerider[3/3] -> Bad Luck Albatross
[Turn 5, Step 17] Agent: 카드 플레이 - Flame Ward (코스트: 3)
[Turn 5, Step 18] Agent: 턴 종료

[Turn 5] === Opponent's Turn ===
[Turn 5, Step 18] Opponent: 카드 플레이 - Arcanosmith (코스트: 4)
[Turn 5, Step 18] Opponent: 턴 종료
[Turn 6, Step 19] Agent: 카드 플레이 - Coldarra Drake (코스트: 6)

--- Game State (Turn 6, Step 20) ---
Agent: Jaina Proudmoore HP: 27, Mana: 0/6
  Hand (2): Reckless Rocketeer, Ysera
  Field: Infectious Sporeling[1/2], Coldarra Drake[6/6]
Opponent: Rexxar HP: 26, Mana: 1/5
  Hand (6)
  Field: Arcanosmith[3/2], Animated Shield[0/5]
[Turn 6, Step 20] Agent: 공격 - Infectious Sporeling[1/2] -> Animated Shield
[Turn 6, Step 21] Agent: 턴 종료

[Turn 6] === Opponent's Turn ===
[Turn 6, Step 21] Opponent: 공격 - Infectious Sporeling[1/2] -> Jaina Proudmoore
[Turn 6, Step 21] Opponent: 공격 - Arcanosmith[3/2] -> Infectious Sporeling
[Turn 6, Step 21] Opponent: 카드 플레이 - Wing Blast -> Infectious Sporeling (코스트: 1)
[Turn 6, Step 21] Opponent: 카드 플레이 - Nerubian Egg (코스트: 2)
[Turn 6, Step 21] Opponent: 영웅 능력 사용
[Turn 6, Step 21] Opponent: 턴 종료
[Turn 7, Step 22] Agent: 턴 종료

[Turn 7] === Opponent's Turn ===
[Turn 7, Step 22] Opponent: 영웅 능력 사용
[Turn 7, Step 22] Opponent: 공격 - Infectious Sporeling[1/2] -> Jaina Proudmoore
[Turn 7, Step 22] Opponent: 카드 플레이 - Tundra Rhino (코스트: 5)
[Turn 7, Step 22] Opponent: 턴 종료
[Turn 8, Step 23] Agent: 카드 플레이 - Murloc Tidehunter (코스트: 2)
[Turn 8, Step 24] Agent: 공격 - Coldarra Drake[6/6] -> Tundra Rhino

--- Game State (Turn 8, Step 25) ---
Agent: Jaina Proudmoore HP: 25, Mana: 6/8
  Hand (3): Reckless Rocketeer, Ysera, Hench-Clan Hag
  Field: Coldarra Drake[6/4], Murloc Tidehunter[2/1], Murloc Scout[1/1]
Opponent: Rexxar HP: 26, Mana: 0/7
  Hand (5)
  Field: Infectious Sporeling[1/2], Infectious Sporeling[1/2], Nerubian Egg[0/2]
[Turn 8, Step 25] Agent: 영웅 능력 사용 -> Jaina Proudmoore
[Turn 8, Step 26] Agent: 턴 종료

[Turn 8] === Opponent's Turn ===
[Turn 8, Step 26] Opponent: 턴 종료
[Turn 9, Step 27] Agent: 공격 - Coldarra Drake[6/4] -> Infectious Sporeling
[Turn 9, Step 28] Agent: 카드 플레이 - Hench-Clan Hag (코스트: 4)
[Turn 9, Step 29] Agent: 영웅 능력 사용 -> Amalgam

--- Game State (Turn 9, Step 30) ---
Agent: Jaina Proudmoore HP: 24, Mana: 3/9
  Hand (3): Reckless Rocketeer, Ysera, Rabble Bouncer
  Field: Infectious Sporeling[1/2], Murloc Tidehunter[2/1], Murloc Scout[1/1], Amalgam[1/1], Hench-Clan Hag[3/3]
Opponent: Rexxar HP: 26, Mana: 8/8
  Hand (6)
  Field: Infectious Sporeling[1/2], Nerubian Egg[0/2]
[Turn 9, Step 30] Agent: 공격 - Murloc Tidehunter[2/1] -> Infectious Sporeling
[Turn 9, Step 31] Agent: 공격 - Murloc Scout[1/1] -> Nerubian Egg
[Turn 9, Step 32] Agent: 턴 종료

[Turn 9] === Opponent's Turn ===
[Turn 9, Step 32] Opponent: 카드 플레이 - Loose Specimen (코스트: 5)
[Turn 9, Step 32] Opponent: 턴 종료
[Turn 10, Step 33] Agent: 공격 - Infectious Sporeling[1/2] -> Nerubian
[Turn 10, Step 34] Agent: 공격 - Infectious Sporeling[1/2] -> Infectious Sporeling

--- Game State (Turn 10, Step 35) ---
Agent: Jaina Proudmoore HP: 24, Mana: 10/10
  Hand (4): Reckless Rocketeer, Ysera, Rabble Bouncer, Toxfin
  Field: Infectious Sporeling[1/1], Murloc Scout[1/1], Amalgam[1/1], Hench-Clan Hag[3/3]
Opponent: Rexxar HP: 26, Mana: 4/9
  Hand (6)
  Field: Infectious Sporeling[1/2], Loose Specimen[6/6]
[Turn 10, Step 35] Agent: 영웅 능력 사용 -> Jaina Proudmoore
[Turn 10, Step 36] Agent: 공격 - Murloc Scout[1/1] -> Rexxar
[Turn 10, Step 37] Agent: 공격 - Hench-Clan Hag[3/3] -> Rexxar
[Turn 10, Step 38] Agent: 카드 플레이 - Reckless Rocketeer (코스트: 6)
[Turn 10, Step 39] Agent: 공격 - Reckless Rocketeer[5/2] -> Loose Specimen

--- Game State (Turn 10, Step 40) ---
Agent: Jaina Proudmoore HP: 23, Mana: 2/10
  Hand (3): Ysera, Rabble Bouncer, Toxfin
  Field: Infectious Sporeling[1/1], Murloc Scout[1/1], Amalgam[1/1], Hench-Clan Hag[3/3]
Opponent: Rexxar HP: 22, Mana: 4/9
  Hand (6)
  Field: Infectious Sporeling[1/2], Loose Specimen[6/1]
[Turn 10, Step 40] Agent: 카드 플레이 - Toxfin -> Amalgam (코스트: 1)
[Turn 10, Step 41] Agent: 공격 - Amalgam[1/1] -> Infectious Sporeling
[Turn 10, Step 42] Agent: 턴 종료

[Turn 10] === Opponent's Turn ===
[Turn 10, Step 42] Opponent: 카드 플레이 - Ysera (코스트: 9)
[Turn 10, Step 42] Opponent: 공격 - Loose Specimen[6/1] -> Infectious Sporeling
[Turn 10, Step 42] Opponent: 턴 종료
[Turn 10, Step 43] Agent: 카드 플레이 - Rabble Bouncer (코스트: 5)
[Turn 10, Step 44] Agent: 영웅 능력 사용 -> Murloc Scout

--- Game State (Turn 10, Step 45) ---
Agent: Jaina Proudmoore HP: 23, Mana: 3/10
  Hand (2): Ysera, Sorcerer's Apprentice
  Field: Hench-Clan Hag[3/3], Toxfin[1/2], Rabble Bouncer[2/7]
Opponent: Rexxar HP: 22, Mana: 1/10
  Hand (7)
  Field: Infectious Sporeling[1/2], Ysera[4/12]
[Turn 10, Step 45] Agent: 카드 플레이 - Sorcerer's Apprentice (코스트: 2)
[Turn 10, Step 46] Agent: 공격 - Hench-Clan Hag[3/3] -> Ysera
[Turn 10, Step 47] Agent: 공격 - Toxfin[1/2] -> Rexxar
[Turn 10, Step 48] Agent: 턴 종료

[Turn 10] === Opponent's Turn ===
[Turn 10, Step 48] Opponent: 카드 플레이 - Dart Trap (코스트: 2)
[Turn 10, Step 48] Opponent: 카드 플레이 - Rusty Recycler (코스트: 5)
[Turn 10, Step 48] Opponent: 카드 플레이 - Laughing Sister (코스트: 3)
[Turn 10, Step 48] Opponent: 공격 - Infectious Sporeling[1/2] -> Rabble Bouncer
[Turn 10, Step 48] Opponent: 공격 - Ysera[4/9] -> Infectious Sporeling
[Turn 10, Step 48] Opponent: 턴 종료
[Turn 10, Step 49] Agent: 영웅 능력 사용 -> Sorcerer's Apprentice

--- Game State (Turn 10, Step 50) ---
Agent: Jaina Proudmoore HP: 23, Mana: 8/10
  Hand (2): Ysera, Albatross
  Field: Sorcerer's Apprentice[3/1]
Opponent: Rexxar HP: 21, Mana: 0/10
  Hand (5)
  Field: Infectious Sporeling[1/2], Rusty Recycler[2/6], Laughing Sister[3/5]
[Turn 10, Step 50] Agent: 카드 플레이 - Albatross (코스트: 1)
[Turn 10, Step 51] Agent: 공격 - Sorcerer's Apprentice[3/1] -> Rusty Recycler
[Turn 10, Step 52] Agent: 턴 종료

[Turn 10] === Opponent's Turn ===
[Turn 10, Step 52] Opponent: 공격 - Infectious Sporeling[1/2] -> Albatross
[Turn 10, Step 52] Opponent: 공격 - Laughing Sister[3/5] -> Infectious Sporeling
[Turn 10, Step 52] Opponent: 카드 플레이 - Faceless Lurker (코스트: 5)
[Turn 10, Step 52] Opponent: 공격 - Rusty Recycler[2/3] -> Jaina Proudmoore
[Turn 10, Step 52] Opponent: 카드 플레이 - Piloted Shredder (코스트: 4)
[Turn 10, Step 52] Opponent: 턴 종료
[Turn 10, Step 53] Agent: 카드 플레이 - Naga Sand Witch (코스트: 5)
[Turn 10, Step 54] Agent: 영웅 능력 사용 -> Faceless Lurker

--- Game State (Turn 10, Step 55) ---
Agent: Jaina Proudmoore HP: 21, Mana: 3/10
  Hand (1): Ysera
  Field: Naga Sand Witch[5/5]
Opponent: Rexxar HP: 25, Mana: 1/10
  Hand (4)
  Field: Infectious Sporeling[1/1], Rusty Recycler[2/3], Infectious Sporeling[1/2], Faceless Lurker[3/5], Piloted Shredder[4/3]
[Turn 10, Step 55] Agent: 턴 종료

[Turn 10] === Opponent's Turn ===
[Turn 10, Step 55] Opponent: 카드 플레이 - Ancient Shade (코스트: 4)
[Turn 10, Step 55] Opponent: 공격 - Infectious Sporeling[1/2] -> Naga Sand Witch
[Turn 10, Step 55] Opponent: 공격 - Rusty Recycler[2/3] -> Infectious Sporeling
[Turn 10, Step 55] Opponent: 카드 플레이 - Elite Tauren Chieftain (코스트: 5)
[Turn 10, Step 55] Opponent: 공격 - Infectious Sporeling[1/1] -> Jaina Proudmoore
[Turn 10, Step 55] Opponent: 공격 - Piloted Shredder[4/3] -> Jaina Proudmoore
[Turn 10, Step 55] Opponent: 공격 - Faceless Lurker[3/5] -> Jaina Proudmoore
[Turn 10, Step 55] Opponent: 턴 종료
[Turn 10, Step 56] Agent: 카드 플레이 - Rogues Do It... -> Rexxar (코스트: 4)
[Turn 10, Step 57] Agent: 영웅 능력 사용 -> Ancient Shade
[Turn 10, Step 58] Agent: 카드 플레이 - Albatross (코스트: 1)
[Turn 10, Step 59] Agent: 턴 종료

[Turn 10] === Opponent's Turn ===
[Turn 10, Step 59] Opponent: 공격 - Ancient Shade[7/3] -> Jaina Proudmoore
[Turn 10, Step 59] Opponent: 카드 플레이 - Ram Wrangler (코스트: 5)
[Turn 10, Step 59] Opponent: 공격 - Elite Tauren Chieftain[5/5] -> Albatross
[Turn 10, Step 59] Opponent: 공격 - Infectious Sporeling[1/1] -> Jaina Proudmoore
[Turn 10, Step 59] Opponent: 공격 - Piloted Shredder[4/3] -> Jaina Proudmoore
[Turn 10, Step 59] Opponent: 영웅 능력 사용
[Turn 10, Step 59] Opponent: 공격 - Infectious Sporeling[1/2] -> Jaina Proudmoore

--- Game State (Turn 10, Step 60) ---
Agent: Jaina Proudmoore HP: 0, Mana: 3/10
  Hand (2): Scaled Nightmare, Ysera
Opponent: Rexxar HP: 23, Mana: 3/10
  Hand (4)
  Field: Infectious Sporeling[1/1], Infectious Sporeling[1/2], Faceless Lurker[3/5], Piloted Shredder[4/3], Ancient Shade[7/3], Elite Tauren Chieftain[5/4], Ram Wrangler[3/3]

--- Game State (Turn 10, Step 60) ---
Agent: Jaina Proudmoore HP: 0, Mana: 3/10
  Hand (2): Scaled Nightmare, Ysera
Opponent: Rexxar HP: 23, Mana: 3/10
  Hand (4)
  Field: Infectious Sporeling[1/1], Infectious Sporeling[1/2], Faceless Lurker[3/5], Piloted Shredder[4/3], Ancient Shade[7/3], Elite Tauren Chieftain[5/4], Ram Wrangler[3/3]

============================================================
게임 종료 - Terminated: True, Truncated: False
승자: Opponent
============================================================

