============================================================
NEW GAME STARTED
Agent: HERO_08 vs Opponent: HERO_05
Action Masking: ON
Masking Expected: ON
============================================================

[Turn 1] === Opponent's Turn ===
[Turn 1, Step 0] Opponent: 턴 종료
[Turn 1, Step 1] Agent: 카드 플레이 - The Coin (코스트: 0)
[Turn 1, Step 2] Agent: 영웅 능력 사용 -> Rexxar
[Turn 1, Step 3] Agent: 턴 종료

[Turn 1] === Opponent's Turn ===
[Turn 1, Step 3] Opponent: 영웅 능력 사용
[Turn 1, Step 3] Opponent: 턴 종료
[Turn 2, Step 4] Agent: 영웅 능력 사용 -> Rexxar

--- Game State (Turn 2, Step 5) ---
Agent: Jaina Proudmoore HP: 28, Mana: 0/2
  Hand (6): Arcanologist, Cairne Bloodhoof, Jepetto Joybuzz, Drakkari Trickster, Kronx Dragonhoof, Dune Sculptor
Opponent: Rexxar HP: 28, Mana: 0/2
  Hand (5)
[Turn 2, Step 5] Agent: 턴 종료

[Turn 2] === Opponent's Turn ===
[Turn 2, Step 5] Opponent: 영웅 능력 사용
[Turn 2, Step 5] Opponent: 카드 플레이 - Murloc Raider (코스트: 1)
[Turn 2, Step 5] Opponent: 턴 종료
[Turn 3, Step 6] Agent: 카드 플레이 - Arcanologist (코스트: 2)
[Turn 3, Step 7] Agent: 턴 종료

[Turn 3] === Opponent's Turn ===
[Turn 3, Step 7] Opponent: 카드 플레이 - The Darkness (코스트: 4)
[Turn 3, Step 7] Opponent: 공격 - Murloc Raider[2/1] -> Arcanologist
[Turn 3, Step 7] Opponent: 턴 종료
[Turn 4, Step 8] Agent: 카드 플레이 - Dune Sculptor (코스트: 3)
[Turn 4, Step 9] Agent: 공격 - Arcanologist[2/1] -> Rexxar

--- Game State (Turn 4, Step 10) ---
Agent: Jaina Proudmoore HP: 26, Mana: 1/4
  Hand (6): Cairne Bloodhoof, Jepetto Joybuzz, Drakkari Trickster, Kronx Dragonhoof, Felsoul Inquisitor, Frigid Snobold
  Field: Arcanologist[2/1], Dune Sculptor[3/3]
Opponent: Rexxar HP: 26, Mana: 0/4
  Hand (5)
  Field: The Darkness[20/20]
[Turn 4, Step 10] Agent: 턴 종료

[Turn 4] === Opponent's Turn ===
[Turn 4, Step 10] Opponent: 카드 플레이 - Ancient Brewmaster (코스트: 4)
[Turn 4, Step 10] Opponent: 턴 종료
[Turn 5, Step 11] Agent: 턴 종료

[Turn 5] === Opponent's Turn ===
[Turn 5, Step 11] Opponent: 카드 플레이 - Mind Control Tech (코스트: 3)
[Turn 5, Step 11] Opponent: 공격 - Ancient Brewmaster[5/4] -> Dune Sculptor
[Turn 5, Step 11] Opponent: 카드 플레이 - Animal Companion (코스트: 3)
[Turn 5, Step 11] Opponent: 턴 종료
[Turn 6, Step 12] Agent: 턴 종료

[Turn 6] === Opponent's Turn ===
[Turn 6, Step 12] Opponent: 공격 - Ancient Brewmaster[5/1] -> Arcanologist
[Turn 6, Step 12] Opponent: 턴 종료
[Turn 7, Step 13] Agent: 카드 플레이 - Felsoul Inquisitor (코스트: 4)
[Turn 7, Step 14] Agent: 카드 플레이 - Drakkari Trickster (코스트: 3)

--- Game State (Turn 7, Step 15) ---
Agent: Jaina Proudmoore HP: 26, Mana: 0/7
  Hand (8): Cairne Bloodhoof, Jepetto Joybuzz, Kronx Dragonhoof, Frigid Snobold, Demolisher, Dragonmaw Poacher, Feugen, Tainted Zealot
  Field: Felsoul Inquisitor[1/6], Drakkari Trickster[3/4]
Opponent: Rexxar HP: 26, Mana: 7/7
  Hand (6)
  Field: The Darkness[20/20], Mind Control Tech[3/3], Misha[4/4]
[Turn 7, Step 15] Agent: 턴 종료

[Turn 7] === Opponent's Turn ===
[Turn 7, Step 15] Opponent: 턴 종료
[Turn 8, Step 16] Agent: 영웅 능력 사용 -> Jaina Proudmoore
[Turn 8, Step 17] Agent: 카드 플레이 - Frigid Snobold (코스트: 4)
[Turn 8, Step 18] Agent: 공격 - Felsoul Inquisitor[1/6] -> Misha
[Turn 8, Step 19] Agent: 공격 - Drakkari Trickster[3/4] -> Misha

--- Game State (Turn 8, Step 20) ---
Agent: Jaina Proudmoore HP: 26, Mana: 2/8
  Hand (8): Cairne Bloodhoof, Jepetto Joybuzz, Kronx Dragonhoof, Demolisher, Dragonmaw Poacher, Feugen, Tainted Zealot, Ornery Tortoise
  Field: Felsoul Inquisitor[1/2], Frigid Snobold[2/6]
Opponent: Rexxar HP: 26, Mana: 8/8
  Hand (7)
  Field: The Darkness[20/20], Mind Control Tech[3/3]
[Turn 8, Step 20] Agent: 턴 종료

[Turn 8] === Opponent's Turn ===
[Turn 8, Step 20] Opponent: 카드 플레이 - Bomb Squad -> Felsoul Inquisitor (코스트: 5)
[Turn 8, Step 20] Opponent: 공격 - Mind Control Tech[3/3] -> Frigid Snobold
[Turn 8, Step 20] Opponent: 카드 플레이 - Piloted Shredder (코스트: 4)
[Turn 8, Step 20] Opponent: 턴 종료
[Turn 9, Step 21] Agent: 영웅 능력 사용 -> Mind Control Tech
[Turn 9, Step 22] Agent: 카드 플레이 - Kronx Dragonhoof (코스트: 6)
[Turn 9, Step 23] Agent: 공격 - Frigid Snobold[2/3] -> Rexxar
[Turn 9, Step 24] Agent: 카드 플레이 - Tentacle of N'Zoth (코스트: 1)

--- Game State (Turn 9, Step 25) ---
Agent: Jaina Proudmoore HP: 26, Mana: 0/9
  Hand (7): Cairne Bloodhoof, Jepetto Joybuzz, Demolisher, Dragonmaw Poacher, Feugen, Tainted Zealot, Ornery Tortoise
  Field: Frigid Snobold[2/3], Kronx Dragonhoof[6/6], Tentacle of N'Zoth[1/1]
Opponent: Rexxar HP: 24, Mana: 0/9
  Hand (6)
  Field: The Darkness[20/20], Bomb Squad[2/2], Piloted Shredder[4/3]
[Turn 9, Step 25] Agent: 턴 종료

[Turn 9] === Opponent's Turn ===
[Turn 9, Step 25] Opponent: 카드 플레이 - Corpsetaker (코스트: 4)
[Turn 9, Step 25] Opponent: 공격 - Bomb Squad[2/2] -> Kronx Dragonhoof
[Turn 9, Step 25] Opponent: 카드 플레이 - Call Pet (코스트: 2)
[Turn 9, Step 25] Opponent: 카드 플레이 - Dread Corsair (코스트: 4)
[Turn 9, Step 25] Opponent: 공격 - Piloted Shredder[4/3] -> Kronx Dragonhoof
[Turn 9, Step 25] Opponent: 턴 종료
[Turn 10, Step 26] Agent: 영웅 능력 사용 -> Rexxar
[Turn 10, Step 27] Agent: 카드 플레이 - Demolisher (코스트: 3)
[Turn 10, Step 28] Agent: 턴 종료

[Turn 10] === Opponent's Turn ===
[Turn 10, Step 28] Opponent: 공격 - Corpsetaker[3/3] -> Frigid Snobold
[Turn 10, Step 28] Opponent: 카드 플레이 - Dalaran Librarian (코스트: 2)
[Turn 10, Step 28] Opponent: 영웅 능력 사용
[Turn 10, Step 28] Opponent: 카드 플레이 - Leeroy Jenkins (코스트: 5)
[Turn 10, Step 28] Opponent: 공격 - Recombobulator[3/2] -> Tentacle of N'Zoth
[Turn 10, Step 28] Opponent: 공격 - Dread Corsair[3/2] -> Jaina Proudmoore
[Turn 10, Step 28] Opponent: 공격 - Leeroy Jenkins[6/1] -> Demolisher
[Turn 10, Step 28] Opponent: 턴 종료
[Turn 10, Step 29] Agent: 턴 종료

[Turn 10] === Opponent's Turn ===
[Turn 10, Step 29] Opponent: 카드 플레이 - Twilight Elder (코스트: 3)
[Turn 10, Step 29] Opponent: 카드 플레이 - Generous Mummy (코스트: 3)
[Turn 10, Step 29] Opponent: 턴 종료

--- Game State (Turn 10, Step 30) ---
Agent: Jaina Proudmoore HP: 21, Mana: 10/10
  Hand (9): Cairne Bloodhoof, Jepetto Joybuzz, Dragonmaw Poacher, Feugen, Tainted Zealot, Ornery Tortoise, Murloc Tastyfin, Tainted Zealot, Shimmering Tempest
Opponent: Rexxar HP: 18, Mana: 4/10
  Hand (3)
  Field: The Darkness[20/20], Dread Corsair[3/2], Dalaran Librarian[2/2], Twilight Elder[3/4], Generous Mummy[5/4]
[Turn 10, Step 30] Agent: 카드 플레이 - Cairne Bloodhoof (코스트: 5)
[Turn 10, Step 31] Agent: 카드 플레이 - Tainted Zealot (코스트: 1)
[Turn 10, Step 32] Agent: 영웅 능력 사용 -> Tainted Zealot
[Turn 10, Step 33] Agent: 카드 플레이 - Tainted Zealot (코스트: 1)
[Turn 10, Step 34] Agent: 카드 플레이 - Shimmering Tempest (코스트: 1)

--- Game State (Turn 10, Step 35) ---
Agent: Jaina Proudmoore HP: 21, Mana: 0/10
  Hand (5): Jepetto Joybuzz, Dragonmaw Poacher, Feugen, Ornery Tortoise, Murloc Tastyfin
  Field: Cairne Bloodhoof[4/5], Tainted Zealot[1/1], Tainted Zealot[1/1], Shimmering Tempest[2/1]
Opponent: Rexxar HP: 18, Mana: 4/10
  Hand (3)
  Field: The Darkness[20/20], Dread Corsair[3/2], Dalaran Librarian[2/2], Twilight Elder[3/4], Generous Mummy[5/4]
[Turn 10, Step 35] Agent: 턴 종료

[Turn 10] === Opponent's Turn ===
[Turn 10, Step 35] Opponent: 공격 - Dread Corsair[3/2] -> Jaina Proudmoore
[Turn 10, Step 35] Opponent: 카드 플레이 - Emeriss (코스트: 10)
[Turn 10, Step 35] Opponent: 공격 - Twilight Elder[3/4] -> Tainted Zealot
[Turn 10, Step 35] Opponent: 공격 - Dalaran Librarian[2/2] -> Tainted Zealot
[Turn 10, Step 35] Opponent: 공격 - Generous Mummy[5/4] -> Tainted Zealot
[Turn 10, Step 35] Opponent: 턴 종료
[Turn 10, Step 36] Agent: 카드 플레이 - Feugen (코스트: 4)
[Turn 10, Step 37] Agent: 카드 플레이 - Dragonmaw Poacher (코스트: 3)
[Turn 10, Step 38] Agent: 영웅 능력 사용 -> Dragonmaw Poacher
[Turn 10, Step 39] Agent: 공격 - Dragonmaw Poacher[8/7] -> Generous Mummy

--- Game State (Turn 10, Step 40) ---
Agent: Jaina Proudmoore HP: 18, Mana: 1/10
  Hand (4): Jepetto Joybuzz, Ornery Tortoise, Murloc Tastyfin, Toxic Sewer Ooze
  Field: Cairne Bloodhoof[4/5], Shimmering Tempest[2/1], Feugen[4/7], Dragonmaw Poacher[8/2]
Opponent: Rexxar HP: 18, Mana: 0/10
  Hand (3)
  Field: The Darkness[20/20], Dread Corsair[3/2], Dalaran Librarian[2/1], Twilight Elder[3/3], Generous Mummy[5/1], Emeriss[8/8]
[Turn 10, Step 40] Agent: 공격 - Cairne Bloodhoof[4/5] -> Dread Corsair
[Turn 10, Step 41] Agent: 턴 종료

[Turn 10] === Opponent's Turn ===
[Turn 10, Step 41] Opponent: 카드 플레이 - Corpsetaker (코스트: 4)
[Turn 10, Step 41] Opponent: 공격 - Emeriss[8/8] -> Cairne Bloodhoof
[Turn 10, Step 41] Opponent: 카드 플레이 - Arcane Watcher (코스트: 3)
[Turn 10, Step 41] Opponent: 공격 - Generous Mummy[5/1] -> Baine Bloodhoof
[Turn 10, Step 41] Opponent: 공격 - Dalaran Librarian[2/1] -> Jaina Proudmoore
[Turn 10, Step 41] Opponent: 공격 - Twilight Elder[3/3] -> Shimmering Tempest
[Turn 10, Step 41] Opponent: 턴 종료
[Turn 10, Step 42] Agent: 공격 - Feugen[4/7] -> Twilight Elder
[Turn 10, Step 43] Agent: 카드 플레이 - Jepetto Joybuzz (코스트: 8)
[Turn 10, Step 44] Agent: 공격 - Dragonmaw Poacher[8/2] -> Arcane Watcher

--- Game State (Turn 10, Step 45) ---
Agent: Jaina Proudmoore HP: 16, Mana: 2/10
  Hand (7): Eerie Statue, Coldwraith, Ornery Tortoise, Murloc Tastyfin, Toxic Sewer Ooze, Deep Freeze, Mosh'Ogg Enforcer
  Field: Feugen[4/4], Jepetto Joybuzz[6/6]
Opponent: Rexxar HP: 18, Mana: 3/10
  Hand (2)
  Field: The Darkness[20/20], Dalaran Librarian[2/1], Emeriss[8/4], Corpsetaker[3/3], Arcane Watcher[10/4]
[Turn 10, Step 45] Agent: 턴 종료

[Turn 10] === Opponent's Turn ===
[Turn 10, Step 45] Opponent: 영웅 능력 사용
[Turn 10, Step 45] Opponent: 공격 - Corpsetaker[3/3] -> Jepetto Joybuzz
[Turn 10, Step 45] Opponent: 공격 - Dalaran Librarian[2/1] -> Feugen
[Turn 10, Step 45] Opponent: 공격 - Emeriss[8/4] -> Jepetto Joybuzz
[Turn 10, Step 45] Opponent: 턴 종료
[Turn 10, Step 46] Agent: 카드 플레이 - Deep Freeze -> Arcane Watcher (코스트: 8)
[Turn 10, Step 47] Agent: 카드 플레이 - Eerie Statue (코스트: 1)
[Turn 10, Step 48] Agent: 공격 - Feugen[4/2] -> Rexxar
[Turn 10, Step 49] Agent: 카드 플레이 - Coldwraith (코스트: 1)

--- Game State (Turn 10, Step 50) ---
Agent: Jaina Proudmoore HP: 14, Mana: 0/10
  Hand (6): Ornery Tortoise, Murloc Tastyfin, Toxic Sewer Ooze, Mosh'Ogg Enforcer, Plated Beetle, Arcane Dynamo
  Field: Feugen[4/2], Water Elemental[3/6], Water Elemental[3/6], Eerie Statue[1/1], Coldwraith[1/1]
Opponent: Rexxar HP: 14, Mana: 8/10
  Hand (3)
  Field: The Darkness[20/20], Arcane Watcher[10/4]
[Turn 10, Step 50] Agent: 턴 종료

[Turn 10] === Opponent's Turn ===
[Turn 10, Step 50] Opponent: 카드 플레이 - Witchwood Grizzly (코스트: 5)
[Turn 10, Step 50] Opponent: 카드 플레이 - Servant of Kalimos (코스트: 5)
[Turn 10, Step 50] Opponent: 턴 종료
[Turn 10, Step 51] Agent: 카드 플레이 - Ornery Tortoise (코스트: 3)
[Turn 10, Step 52] Agent: 카드 플레이 - Plated Beetle (코스트: 2)
[Turn 10, Step 53] Agent: 영웅 능력 사용 -> Feugen
[Turn 10, Step 54] Agent: 공격 - Feugen[4/1] -> Witchwood Grizzly

--- Game State (Turn 10, Step 55) ---
Agent: Jaina Proudmoore HP: 9, Mana: 3/10
  Hand (5): Murloc Tastyfin, Toxic Sewer Ooze, Mosh'Ogg Enforcer, Arcane Dynamo, Chef Nomi
  Field: Water Elemental[3/6], Water Elemental[3/6], Eerie Statue[1/1], Coldwraith[1/1], Ornery Tortoise[3/5], Plated Beetle[2/3]
Opponent: Rexxar HP: 14, Mana: 0/10
  Hand (2)
  Field: The Darkness[20/20], Arcane Watcher[10/4], Witchwood Grizzly[6/19], Servant of Kalimos[4/5]
[Turn 10, Step 55] Agent: 공격 - Coldwraith[1/1] -> Witchwood Grizzly
[Turn 10, Step 56] Agent: 카드 플레이 - Toxic Sewer Ooze (코스트: 3)
[Turn 10, Step 57] Agent: 공격 - Water Elemental[3/6] -> Witchwood Grizzly
[Turn 10, Step 58] Agent: 공격 - Water Elemental[3/6] -> Witchwood Grizzly
[Turn 10, Step 59] Agent: 턴 종료

[Turn 10] === Opponent's Turn ===
[Turn 10, Step 59] Opponent: 공격 - Servant of Kalimos[4/5] -> Toxic Sewer Ooze
[Turn 10, Step 59] Opponent: 영웅 능력 사용
[Turn 10, Step 59] Opponent: 카드 플레이 - Toxic Sewer Ooze (코스트: 3)
[Turn 10, Step 59] Opponent: 턴 종료

--- Game State (Turn 10, Step 60) ---
Agent: Jaina Proudmoore HP: 7, Mana: 10/10
  Hand (5): Murloc Tastyfin, Mosh'Ogg Enforcer, Arcane Dynamo, Chef Nomi, Earthen Ring Farseer
  Field: Eerie Statue[1/1], Ornery Tortoise[3/5], Plated Beetle[2/3]
Opponent: Rexxar HP: 14, Mana: 5/10
  Hand (2)
  Field: The Darkness[20/20], Arcane Watcher[10/4], Witchwood Grizzly[6/12], Servant of Kalimos[4/1], Toxic Sewer Ooze[4/3]
[Turn 10, Step 60] Agent: 영웅 능력 사용 -> Rexxar
[Turn 10, Step 61] Agent: 카드 플레이 - Earthen Ring Farseer -> Witchwood Grizzly (코스트: 3)
[Turn 10, Step 62] Agent: 공격 - Ornery Tortoise[3/5] -> Witchwood Grizzly
[Turn 10, Step 63] Agent: 카드 플레이 - Murloc Tastyfin (코스트: 4)
[Turn 10, Step 64] Agent: 공격 - Plated Beetle[2/3] -> Witchwood Grizzly

--- Game State (Turn 10, Step 65) ---
Agent: Jaina Proudmoore HP: 7, Mana: 1/10
  Hand (3): Mosh'Ogg Enforcer, Arcane Dynamo, Chef Nomi
  Field: Eerie Statue[1/1], Earthen Ring Farseer[3/3], Murloc Tastyfin[3/2]
Opponent: Rexxar HP: 13, Mana: 5/10
  Hand (2)
  Field: The Darkness[20/20], Arcane Watcher[10/4], Witchwood Grizzly[6/10], Servant of Kalimos[4/1], Toxic Sewer Ooze[4/3]
[Turn 10, Step 65] Agent: 턴 종료

[Turn 10] === Opponent's Turn ===
[Turn 10, Step 65] Opponent: 공격 - Toxic Sewer Ooze[4/3] -> Murloc Tastyfin
[Turn 10, Step 65] Opponent: 공격 - Witchwood Grizzly[6/10] -> Eerie Statue
[Turn 10, Step 65] Opponent: 카드 플레이 - Secretkeeper (코스트: 1)
[Turn 10, Step 65] Opponent: 공격 - Servant of Kalimos[4/1] -> Earthen Ring Farseer
[Turn 10, Step 65] Opponent: 카드 플레이 - Arch-Thief Rafaam (코스트: 9)
[Turn 10, Step 65] Opponent: 선택 - Lantern of Power
[Turn 10, Step 65] Opponent: 턴 종료
[Turn 10, Step 66] Agent: 영웅 능력 사용 -> Witchwood Grizzly
[Turn 10, Step 67] Agent: 카드 플레이 - Arcane Servant (코스트: 2)
[Turn 10, Step 68] Agent: 카드 플레이 - Arcane Dynamo (코스트: 6)
[Turn 10, Step 69] Agent: 선택 - Glacial Mysteries
[Turn 10, Step 69] Agent: 턴 종료

[Turn 10] === Opponent's Turn ===
[Turn 10, Step 69] Opponent: 공격 - Secretkeeper[1/2] -> Arcane Servant
[Turn 10, Step 69] Opponent: 카드 플레이 - Sideshow Spelleater (코스트: 6)
[Turn 10, Step 69] Opponent: 공격 - Witchwood Grizzly[6/8] -> Arcane Servant
[Turn 10, Step 69] Opponent: 공격 - Arch-Thief Rafaam[14/16] -> Arcane Dynamo
[Turn 10, Step 69] Opponent: 영웅 능력 사용 -> Witchwood Grizzly
[Turn 10, Step 69] Opponent: 카드 플레이 - Duskboar (코스트: 2)
[Turn 10, Step 69] Opponent: 턴 종료

--- Game State (Turn 10, Step 70) ---
Agent: Jaina Proudmoore HP: 7, Mana: 10/10
  Hand (4): Mosh'Ogg Enforcer, Chef Nomi, Glacial Mysteries, Genzo, the Shark
Opponent: Rexxar HP: 13, Mana: 0/10
  Hand (1)
  Field: The Darkness[20/20], Arcane Watcher[10/4], Witchwood Grizzly[6/5], Arch-Thief Rafaam[14/13], Sideshow Spelleater[6/5], Duskboar[4/1]
[Turn 10, Step 70] Agent: 영웅 능력 사용 -> Duskboar
[Turn 10, Step 71] Agent: 카드 플레이 - Mosh'Ogg Enforcer (코스트: 8)
[Turn 10, Step 72] Agent: 턴 종료

[Turn 10] === Opponent's Turn ===
[Turn 10, Step 72] Opponent: 카드 플레이 - Lantern of Power -> Arch-Thief Rafaam (코스트: 10)
[Turn 10, Step 72] Opponent: 공격 - Witchwood Grizzly[6/5] -> Mosh'Ogg Enforcer
[Turn 10, Step 72] Opponent: 공격 - Arch-Thief Rafaam[24/23] -> Mosh'Ogg Enforcer
[Turn 10, Step 72] Opponent: 공격 - Sideshow Spelleater[6/5] -> Jaina Proudmoore
[Turn 10, Step 72] Opponent: 턴 종료
[Turn 10, Step 73] Agent: 영웅 능력 사용 -> Arch-Thief Rafaam
[Turn 10, Step 74] Agent: 카드 플레이 - Gormok the Impaler (코스트: 4)

--- Game State (Turn 10, Step 75) ---
Agent: Jaina Proudmoore HP: 4, Mana: 4/10
  Hand (3): Chef Nomi, Glacial Mysteries, Genzo, the Shark
  Field: Gormok the Impaler[4/4]
Opponent: Rexxar HP: 13, Mana: 0/10
  Hand (1)
  Field: The Darkness[20/20], Arcane Watcher[10/4], Witchwood Grizzly[6/3], Arch-Thief Rafaam[24/20], Sideshow Spelleater[6/5]
[Turn 10, Step 75] Agent: 턴 종료

[Turn 10] === Opponent's Turn ===
[Turn 10, Step 75] Opponent: 영웅 능력 사용 -> Arcane Watcher
[Turn 10, Step 75] Opponent: 공격 - Witchwood Grizzly[6/3] -> Jaina Proudmoore

--- Game State (Turn 10, Step 76) ---
Agent: Jaina Proudmoore HP: 0, Mana: 4/10
  Hand (3): Chef Nomi, Glacial Mysteries, Genzo, the Shark
  Field: Gormok the Impaler[4/4]
Opponent: Rexxar HP: 13, Mana: 8/10
  Hand (2)
  Field: The Darkness[20/20], Arcane Watcher[10/3], Witchwood Grizzly[6/3], Arch-Thief Rafaam[24/20], Sideshow Spelleater[6/5]

============================================================
게임 종료 - Terminated: True, Truncated: False
승자: Opponent
============================================================

