============================================================
NEW GAME STARTED
Agent: HERO_08 vs Opponent: HERO_05
Action Masking: ON
Masking Expected: ON
============================================================

[Turn 1] === Opponent's Turn ===
[Turn 1, Step 0] Opponent: 턴 종료
[Turn 1, Step 1] Agent: 카드 플레이 - The Coin (코스트: 0)
[Turn 1, Step 2] Agent: 카드 플레이 - Netherspite Historian (코스트: 2)
[Turn 1, Step 3] Agent: 턴 종료

[Turn 1] === Opponent's Turn ===
[Turn 1, Step 3] Opponent: 카드 플레이 - Bloodmage Thalnos (코스트: 2)
[Turn 1, Step 3] Opponent: 턴 종료
[Turn 2, Step 4] Agent: 영웅 능력 사용 -> Bloodmage Thalnos

--- Game State (Turn 2, Step 5) ---
Agent: Jaina Proudmoore HP: 30, Mana: 0/2
  Hand (5): Hot Air Balloon, Rattling Rascal, Troll Batrider, Temple Berserker, Spitting Camel
  Field: Netherspite Historian[1/3]
Opponent: Rexxar HP: 30, Mana: 0/2
  Hand (5)
[Turn 2, Step 5] Agent: 공격 - Netherspite Historian[1/3] -> Rexxar
[Turn 2, Step 6] Agent: 턴 종료

[Turn 2] === Opponent's Turn ===
[Turn 2, Step 6] Opponent: 턴 종료
[Turn 3, Step 7] Agent: 턴 종료

[Turn 3] === Opponent's Turn ===
[Turn 3, Step 7] Opponent: 카드 플레이 - Nat Pagle (코스트: 2)
[Turn 3, Step 7] Opponent: 턴 종료
[Turn 4, Step 8] Agent: 카드 플레이 - Spitting Camel (코스트: 2)
[Turn 4, Step 9] Agent: 영웅 능력 사용 -> Spitting Camel

--- Game State (Turn 4, Step 10) ---
Agent: Jaina Proudmoore HP: 30, Mana: 0/4
  Hand (6): Hot Air Balloon, Rattling Rascal, Troll Batrider, Temple Berserker, Am'gam Rager, Ancient Harbinger
  Field: Netherspite Historian[1/3], Spitting Camel[2/3]
Opponent: Rexxar HP: 29, Mana: 2/4
  Hand (6)
  Field: Nat Pagle[0/4]
[Turn 4, Step 10] Agent: 턴 종료

[Turn 4] === Opponent's Turn ===
[Turn 4, Step 10] Opponent: 카드 플레이 - Oasis Snapjaw (코스트: 4)
[Turn 4, Step 10] Opponent: 카드 플레이 - Soulbound Ashtongue (코스트: 1)
[Turn 4, Step 10] Opponent: 턴 종료
[Turn 5, Step 11] Agent: 공격 - Netherspite Historian[1/2] -> Soulbound Ashtongue
[Turn 5, Step 12] Agent: 공격 - Spitting Camel[2/3] -> Nat Pagle
[Turn 5, Step 13] Agent: 카드 플레이 - Bluegill Warrior (코스트: 2)
[Turn 5, Step 14] Agent: 영웅 능력 사용 -> Rexxar

--- Game State (Turn 5, Step 15) ---
Agent: Jaina Proudmoore HP: 30, Mana: 1/5
  Hand (6): Hot Air Balloon, Rattling Rascal, Troll Batrider, Temple Berserker, Am'gam Rager, Ancient Harbinger
  Field: Netherspite Historian[1/1], Spitting Camel[2/3], Bluegill Warrior[2/1]
Opponent: Rexxar HP: 27, Mana: 0/5
  Hand (5)
  Field: Nat Pagle[0/2], Oasis Snapjaw[2/7], Soulbound Ashtongue[1/3]
[Turn 5, Step 15] Agent: 카드 플레이 - Hot Air Balloon (코스트: 1)
[Turn 5, Step 16] Agent: 공격 - Bluegill Warrior[2/1] -> Nat Pagle
[Turn 5, Step 17] Agent: 턴 종료

[Turn 5] === Opponent's Turn ===
[Turn 5, Step 17] Opponent: 공격 - Soulbound Ashtongue[1/3] -> Bluegill Warrior
[Turn 5, Step 17] Opponent: 공격 - Oasis Snapjaw[2/7] -> Jaina Proudmoore
[Turn 5, Step 17] Opponent: 카드 플레이 - Bloodworm (코스트: 5)
[Turn 5, Step 17] Opponent: 턴 종료
[Turn 6, Step 18] Agent: 카드 플레이 - Temple Berserker (코스트: 2)
[Turn 6, Step 19] Agent: 공격 - Spitting Camel[2/3] -> Rexxar

--- Game State (Turn 6, Step 20) ---
Agent: Jaina Proudmoore HP: 28, Mana: 4/6
  Hand (5): Rattling Rascal, Troll Batrider, Am'gam Rager, Ancient Harbinger, Water Elemental
  Field: Spitting Camel[2/3], Hot Air Balloon[1/3], Temple Berserker[1/2]
Opponent: Rexxar HP: 23, Mana: 1/6
  Hand (5)
  Field: Oasis Snapjaw[2/7], Soulbound Ashtongue[1/1], Bloodworm[4/4]
[Turn 6, Step 20] Agent: 카드 플레이 - Rattling Rascal (코스트: 4)
[Turn 6, Step 21] Agent: 공격 - Hot Air Balloon[1/3] -> Bloodworm
[Turn 6, Step 22] Agent: 턴 종료

[Turn 6] === Opponent's Turn ===
[Turn 6, Step 22] Opponent: 공격 - Soulbound Ashtongue[1/1] -> Skeletal Enforcer
[Turn 6, Step 22] Opponent: 카드 플레이 - Grizzled Wizard (코스트: 2)
[Turn 6, Step 22] Opponent: 공격 - Bloodworm[4/3] -> Skeletal Enforcer
[Turn 6, Step 22] Opponent: 카드 플레이 - Mecharoo (코스트: 1)
[Turn 6, Step 22] Opponent: 영웅 능력 사용 -> Spitting Camel
[Turn 6, Step 22] Opponent: 턴 종료
[Turn 7, Step 23] Agent: 공격 - Spitting Camel[2/2] -> Oasis Snapjaw
[Turn 7, Step 24] Agent: 카드 플레이 - Troll Batrider (코스트: 4)

--- Game State (Turn 7, Step 25) ---
Agent: Jaina Proudmoore HP: 28, Mana: 3/7
  Hand (4): Am'gam Rager, Ancient Harbinger, Water Elemental, Moroes
  Field: Temple Berserker[3/1], Rattling Rascal[2/2], Troll Batrider[3/3]
Opponent: Rexxar HP: 26, Mana: 2/7
  Hand (4)
  Field: Oasis Snapjaw[2/2], Grizzled Wizard[3/2], Mecharoo[1/1]
[Turn 7, Step 25] Agent: 공격 - Rattling Rascal[2/2] -> Mecharoo
[Turn 7, Step 26] Agent: 공격 - Temple Berserker[3/1] -> Oasis Snapjaw
[Turn 7, Step 27] Agent: 턴 종료

[Turn 7] === Opponent's Turn ===
[Turn 7, Step 27] Opponent: 카드 플레이 - Acidmaw (코스트: 7)
[Turn 7, Step 27] Opponent: 공격 - Grizzled Wizard[3/2] -> Temple Berserker
[Turn 7, Step 27] Opponent: 공격 - Jo-E Bot[1/1] -> Jaina Proudmoore
[Turn 7, Step 27] Opponent: 턴 종료
[Turn 8, Step 28] Agent: 영웅 능력 사용 -> Rattling Rascal
[Turn 8, Step 29] Agent: 공격 - Troll Batrider[3/3] -> Acidmaw

--- Game State (Turn 8, Step 30) ---
Agent: Jaina Proudmoore HP: 27, Mana: 6/8
  Hand (5): Am'gam Rager, Ancient Harbinger, Water Elemental, Moroes, Wretched Tiller
Opponent: Rexxar HP: 26, Mana: 1/8
  Hand (4)
  Field: Skeletal Enforcer[5/5], Jo-E Bot[1/1]
[Turn 8, Step 30] Agent: 카드 플레이 - Moroes (코스트: 3)
[Turn 8, Step 31] Agent: 턴 종료

[Turn 8] === Opponent's Turn ===
[Turn 8, Step 31] Opponent: 영웅 능력 사용
[Turn 8, Step 31] Opponent: 공격 - Jo-E Bot[1/1] -> Jaina Proudmoore
[Turn 8, Step 31] Opponent: 카드 플레이 - Gadgetzan Auctioneer (코스트: 6)
[Turn 8, Step 31] Opponent: 공격 - Skeletal Enforcer[5/5] -> Jaina Proudmoore
[Turn 8, Step 31] Opponent: 턴 종료
[Turn 9, Step 32] Agent: 카드 플레이 - Am'gam Rager (코스트: 3)
[Turn 9, Step 33] Agent: 공격 - Steward[1/1] -> Rexxar
[Turn 9, Step 34] Agent: 공격 - Moroes[1/1] -> Gadgetzan Auctioneer

--- Game State (Turn 9, Step 35) ---
Agent: Jaina Proudmoore HP: 19, Mana: 6/9
  Hand (4): Ancient Harbinger, Water Elemental, Wretched Tiller, Swift Messenger
  Field: Steward[1/1], Am'gam Rager[1/5]
Opponent: Rexxar HP: 25, Mana: 1/9
  Hand (4)
  Field: Skeletal Enforcer[5/5], Jo-E Bot[1/1], Gadgetzan Auctioneer[4/3]
[Turn 9, Step 35] Agent: 카드 플레이 - Wretched Tiller (코스트: 1)
[Turn 9, Step 36] Agent: 영웅 능력 사용 -> Gadgetzan Auctioneer
[Turn 9, Step 37] Agent: 턴 종료

[Turn 9] === Opponent's Turn ===
[Turn 9, Step 37] Opponent: 영웅 능력 사용
[Turn 9, Step 37] Opponent: 턴 종료
[Turn 10, Step 38] Agent: 카드 플레이 - Swift Messenger (코스트: 4)
[Turn 10, Step 39] Agent: 영웅 능력 사용 -> Gadgetzan Auctioneer

--- Game State (Turn 10, Step 40) ---
Agent: Jaina Proudmoore HP: 17, Mana: 4/10
  Hand (3): Ancient Harbinger, Water Elemental, Ancient Watcher
  Field: Steward[1/1], Am'gam Rager[1/5], Wretched Tiller[1/1], Swift Messenger[6/2]
Opponent: Rexxar HP: 25, Mana: 8/10
  Hand (5)
  Field: Skeletal Enforcer[5/5], Jo-E Bot[1/1], Gadgetzan Auctioneer[4/1]
[Turn 10, Step 40] Agent: 공격 - Steward[1/1] -> Rexxar
[Turn 10, Step 41] Agent: 공격 - Am'gam Rager[1/5] -> Rexxar
[Turn 10, Step 42] Agent: 공격 - Wretched Tiller[1/1] -> Gadgetzan Auctioneer
[Turn 10, Step 43] Agent: 카드 플레이 - Water Elemental (코스트: 4)
[Turn 10, Step 44] Agent: 공격 - Swift Messenger[6/2] -> Skeletal Enforcer

--- Game State (Turn 10, Step 45) ---
Agent: Jaina Proudmoore HP: 17, Mana: 0/10
  Hand (2): Ancient Harbinger, Ancient Watcher
  Field: Steward[1/1], Am'gam Rager[1/5], Water Elemental[3/6]
Opponent: Rexxar HP: 21, Mana: 8/10
  Hand (5)
  Field: Jo-E Bot[1/1]
[Turn 10, Step 45] Agent: 턴 종료

[Turn 10] === Opponent's Turn ===
[Turn 10, Step 45] Opponent: 카드 플레이 - The Lich King (코스트: 8)
[Turn 10, Step 45] Opponent: 공격 - Jo-E Bot[1/1] -> Steward
[Turn 10, Step 45] Opponent: 턴 종료
[Turn 10, Step 46] Agent: 영웅 능력 사용 -> Am'gam Rager
[Turn 10, Step 47] Agent: 공격 - Am'gam Rager[1/4] -> The Lich King
[Turn 10, Step 48] Agent: 공격 - Water Elemental[3/6] -> The Lich King
[Turn 10, Step 49] Agent: 카드 플레이 - Ancient Watcher (코스트: 2)

--- Game State (Turn 10, Step 50) ---
Agent: Jaina Proudmoore HP: 17, Mana: 6/10
  Hand (2): Ancient Harbinger, Fire Fly
  Field: Ancient Watcher[4/5]
Opponent: Rexxar HP: 21, Mana: 2/10
  Hand (6)
  Field: The Lich King[8/4]
[Turn 10, Step 50] Agent: 턴 종료

[Turn 10] === Opponent's Turn ===
[Turn 10, Step 50] Opponent: 턴 종료
[Turn 10, Step 51] Agent: 카드 플레이 - Fire Fly (코스트: 1)
[Turn 10, Step 52] Agent: 카드 플레이 - Giggling Inventor (코스트: 6)
[Turn 10, Step 53] Agent: 영웅 능력 사용 -> Rexxar
[Turn 10, Step 54] Agent: 카드 플레이 - Flame Elemental (코스트: 1)

--- Game State (Turn 10, Step 55) ---
Agent: Jaina Proudmoore HP: 17, Mana: 0/10
  Hand (1): Ancient Harbinger
  Field: Ancient Watcher[4/5], Fire Fly[1/2], Annoy-o-Tron[1/2], Giggling Inventor[2/1], Annoy-o-Tron[1/2], Flame Elemental[1/2]
Opponent: Rexxar HP: 20, Mana: 10/10
  Hand (8)
  Field: The Lich King[8/4]
[Turn 10, Step 55] Agent: 턴 종료

[Turn 10] === Opponent's Turn ===
[Turn 10, Step 55] Opponent: 카드 플레이 - Stormwatcher (코스트: 7)
[Turn 10, Step 55] Opponent: 영웅 능력 사용
[Turn 10, Step 55] Opponent: 공격 - The Lich King[8/4] -> Annoy-o-Tron
[Turn 10, Step 55] Opponent: 턴 종료
[Turn 10, Step 56] Agent: 턴 종료

[Turn 10] === Opponent's Turn ===
[Turn 10, Step 56] Opponent: 카드 플레이 - Death Coil -> Jaina Proudmoore (코스트: 2)
[Turn 10, Step 56] Opponent: 턴 종료
[Turn 10, Step 57] Agent: 공격 - Annoy-o-Tron[1/2] -> The Lich King
[Turn 10, Step 58] Agent: 카드 플레이 - Ancient Harbinger (코스트: 6)
[Turn 10, Step 59] Agent: 공격 - Flame Elemental[1/2] -> The Lich King

--- Game State (Turn 10, Step 60) ---
Agent: Jaina Proudmoore HP: 10, Mana: 4/10
  Hand (2): Blingtron 3000, Kobold Geomancer
  Field: Ancient Watcher[4/5], Fire Fly[1/2], Annoy-o-Tron[1/2], Giggling Inventor[2/1], Annoy-o-Tron[1/2], Ancient Harbinger[4/6]
Opponent: Rexxar HP: 20, Mana: 8/10
  Hand (10)
  Field: The Lich King[8/1], Stormwatcher[4/8]
[Turn 10, Step 60] Agent: 영웅 능력 사용 -> Ancient Harbinger
[Turn 10, Step 61] Agent: 카드 플레이 - Kobold Geomancer (코스트: 2)
[Turn 10, Step 62] Agent: 공격 - Fire Fly[1/2] -> The Lich King
[Turn 10, Step 63] Agent: 공격 - Annoy-o-Tron[1/2] -> Stormwatcher
[Turn 10, Step 64] Agent: 공격 - Giggling Inventor[2/1] -> Stormwatcher

--- Game State (Turn 10, Step 65) ---
Agent: Jaina Proudmoore HP: 10, Mana: 0/10
  Hand (1): Blingtron 3000
  Field: Ancient Watcher[4/5], Annoy-o-Tron[1/2], Ancient Harbinger[4/5], Kobold Geomancer[2/2]
Opponent: Rexxar HP: 20, Mana: 8/10
  Hand (10)
  Field: Stormwatcher[4/5]
[Turn 10, Step 65] Agent: 턴 종료

[Turn 10] === Opponent's Turn ===
[Turn 10, Step 65] Opponent: 영웅 능력 사용
[Turn 10, Step 65] Opponent: 카드 플레이 - Acidic Swamp Ooze (코스트: 2)
[Turn 10, Step 65] Opponent: 카드 플레이 - Abomination (코스트: 5)
[Turn 10, Step 65] Opponent: 턴 종료
[Turn 10, Step 66] Agent: 영웅 능력 사용 -> Abomination
[Turn 10, Step 67] Agent: 카드 플레이 - Echoing Ooze (코스트: 2)
[Turn 10, Step 68] Agent: 공격 - Kobold Geomancer[2/2] -> Abomination
[Turn 10, Step 69] Agent: 공격 - Ancient Harbinger[4/5] -> Abomination

--- Game State (Turn 10, Step 70) ---
Agent: Jaina Proudmoore HP: 6, Mana: 6/10
  Hand (1): Blingtron 3000
  Field: Ancient Watcher[4/3]
Opponent: Rexxar HP: 18, Mana: 1/10
  Hand (8)
  Field: Stormwatcher[4/3]
[Turn 10, Step 70] Agent: 카드 플레이 - Blingtron 3000 (코스트: 5)
[Turn 10, Step 71] Agent: 공격 - Jaina Proudmoore[1/6] -> Stormwatcher
[Turn 10, Step 72] Agent: 턴 종료

[Turn 10] === Opponent's Turn ===
[Turn 10, Step 72] Opponent: 카드 플레이 - Bomb Lobber (코스트: 5)
[Turn 10, Step 72] Opponent: 카드 플레이 - Hench-Clan Thug (코스트: 3)
[Turn 10, Step 72] Opponent: 영웅 능력 사용

--- Game State (Turn 10, Step 73) ---
Agent: Jaina Proudmoore HP: 0, Mana: 1/10
  Hand (0): 
  Field: Ancient Watcher[4/3]
Opponent: Rexxar HP: 18, Mana: 0/10
  Hand (7)
  Field: Stormwatcher[4/2], Bomb Lobber[3/3], Hench-Clan Thug[3/3]

============================================================
게임 종료 - Terminated: True, Truncated: False
승자: Opponent
============================================================

