============================================================
NEW GAME STARTED
Agent: HERO_08 vs Opponent: HERO_05
Action Masking: OFF
Masking Expected: OFF
============================================================
[Turn 1, Step 0] Agent: 카드 플레이 - Murloc Tinyfin (코스트: 0)
[Turn 1, Step 1] Agent: 턴 종료

[Turn 1] === Opponent's Turn ===
[Turn 1, Step 1] Opponent: 턴 종료
[Turn 2, Step 2] Agent: 카드 플레이 - Shieldbreaker (코스트: 2)
[Turn 2, Step 3] Agent: 공격 - Murloc Tinyfin[1/1] -> Rexxar
[Turn 2, Step 4] Agent: 턴 종료

[Turn 2] === Opponent's Turn ===
[Turn 2, Step 4] Opponent: 영웅 능력 사용
[Turn 2, Step 4] Opponent: 카드 플레이 - The Coin (코스트: 0)
[Turn 2, Step 4] Opponent: 턴 종료

--- Game State (Turn 3, Step 5) ---
Agent: Jaina Proudmoore HP: 28, Mana: 3/3
  Hand (4): Grimestreet Smuggler, Defender of Argus, Cursed Disciple, Hogger, Doom of Elwynn
  Field: Murloc Tinyfin[1/1], Shieldbreaker[2/1]
Opponent: Rexxar HP: 29, Mana: 0/2
  Hand (6)
[Turn 3, Step 5] Agent: 카드 플레이 - Grimestreet Smuggler (코스트: 3)
[Turn 3, Step 6] Agent: 공격 - Murloc Tinyfin[1/1] -> Rexxar
[Turn 3, Step 7] Agent: 공격 - Shieldbreaker[2/1] -> Rexxar
[Turn 3, Step 8] Agent: 턴 종료

[Turn 3] === Opponent's Turn ===
[Turn 3, Step 8] Opponent: 카드 플레이 - Eaglehorn Bow (코스트: 3)
[Turn 3, Step 8] Opponent: 공격 - Rexxar[3/26] -> Shieldbreaker
[Turn 3, Step 8] Opponent: 턴 종료
[Turn 4, Step 9] Agent: 카드 플레이 - Defender of Argus (코스트: 4)

--- Game State (Turn 4, Step 10) ---
Agent: Jaina Proudmoore HP: 28, Mana: 0/4
  Hand (3): Cursed Disciple, Hogger, Doom of Elwynn, Regeneratin' Thug
  Field: Murloc Tinyfin[1/1], Grimestreet Smuggler[3/5], Defender of Argus[2/3]
Opponent: Rexxar HP: 24, Mana: 0/3
  Hand (6)
[Turn 4, Step 10] Agent: 공격 - Murloc Tinyfin[1/1] -> Rexxar
[Turn 4, Step 11] Agent: 공격 - Grimestreet Smuggler[3/5] -> Rexxar
[Turn 4, Step 12] Agent: 턴 종료

[Turn 4] === Opponent's Turn ===
[Turn 4, Step 12] Opponent: 카드 플레이 - Puddlestomper (코스트: 2)
[Turn 4, Step 12] Opponent: 카드 플레이 - Springpaw (코스트: 1)
[Turn 4, Step 12] Opponent: 공격 - Rexxar[3/20] -> Grimestreet Smuggler
[Turn 4, Step 12] Opponent: 턴 종료
[Turn 5, Step 13] Agent: 공격 - Defender of Argus[2/3] -> Puddlestomper
[Turn 5, Step 14] Agent: 공격 - Grimestreet Smuggler[3/2] -> Rexxar

--- Game State (Turn 5, Step 15) ---
Agent: Jaina Proudmoore HP: 28, Mana: 5/5
  Hand (4): Cursed Disciple, Hogger, Doom of Elwynn, Regeneratin' Thug, Spring Rocket
  Field: Murloc Tinyfin[1/1], Grimestreet Smuggler[3/2]
Opponent: Rexxar HP: 14, Mana: 1/4
  Hand (6)
  Field: Springpaw[1/1]
[Turn 5, Step 15] Agent: 영웅 능력 사용 -> Murloc Tinyfin
[Turn 5, Step 16] Agent: 카드 플레이 - Spring Rocket -> Jaina Proudmoore (코스트: 3)
[Turn 5, Step 17] Agent: 턴 종료

[Turn 5] === Opponent's Turn ===
[Turn 5, Step 17] Opponent: 카드 플레이 - Lynx (코스트: 1)
[Turn 5, Step 17] Opponent: 카드 플레이 - Dread Raven (코스트: 3)
[Turn 5, Step 17] Opponent: 공격 - Lynx[1/1] -> Grimestreet Smuggler
[Turn 5, Step 17] Opponent: 공격 - Springpaw[1/1] -> Grimestreet Smuggler
[Turn 5, Step 17] Opponent: 턴 종료
[Turn 6, Step 18] Agent: 카드 플레이 - Cursed Disciple (코스트: 4)
[Turn 6, Step 19] Agent: 영웅 능력 사용 -> Jaina Proudmoore

--- Game State (Turn 6, Step 20) ---
Agent: Jaina Proudmoore HP: 25, Mana: 0/6
  Hand (3): Hogger, Doom of Elwynn, Regeneratin' Thug, Ravenholdt Assassin
  Field: Spring Rocket[2/1], Cursed Disciple[5/1]
Opponent: Rexxar HP: 14, Mana: 1/5
  Hand (5)
  Field: Dread Raven[6/4]
[Turn 6, Step 20] Agent: 공격 - Spring Rocket[2/1] -> Rexxar
[Turn 6, Step 21] Agent: 턴 종료

[Turn 6] === Opponent's Turn ===
[Turn 6, Step 21] Opponent: 공격 - Dread Raven[6/4] -> Jaina Proudmoore
[Turn 6, Step 21] Opponent: 영웅 능력 사용
[Turn 6, Step 21] Opponent: 턴 종료
[Turn 7, Step 22] Agent: 공격 - Spring Rocket[2/1] -> Dread Raven
[Turn 7, Step 23] Agent: 카드 플레이 - Hogger, Doom of Elwynn (코스트: 7)
[Turn 7, Step 24] Agent: 공격 - Cursed Disciple[5/1] -> Rexxar

--- Game State (Turn 7, Step 25) ---
Agent: Jaina Proudmoore HP: 17, Mana: 0/7
  Hand (3): Regeneratin' Thug, Ravenholdt Assassin, Majordomo Executus
  Field: Cursed Disciple[5/1], Hogger, Doom of Elwynn[7/7]
Opponent: Rexxar HP: 7, Mana: 4/6
  Hand (6)
  Field: Dread Raven[6/2]
[Turn 7, Step 25] Agent: 턴 종료

[Turn 7] === Opponent's Turn ===
[Turn 7, Step 25] Opponent: 공격 - Dread Raven[6/2] -> Cursed Disciple
[Turn 7, Step 25] Opponent: 카드 플레이 - Mukla, Tyrant of the Vale (코스트: 6)
[Turn 7, Step 25] Opponent: 카드 플레이 - Bananas -> Hogger, Doom of Elwynn (코스트: 1)
[Turn 7, Step 25] Opponent: 턴 종료
[Turn 8, Step 26] Agent: 공격 - Cursed Revenant[5/1] -> Mukla, Tyrant of the Vale
[Turn 8, Step 27] Agent: 카드 플레이 - Regeneratin' Thug (코스트: 4)
[Turn 8, Step 28] Agent: 영웅 능력 사용 -> Jaina Proudmoore
[Turn 8, Step 29] Agent: 공격 - Hogger, Doom of Elwynn[8/8] -> Rexxar

--- Game State (Turn 8, Step 30) ---
Agent: Jaina Proudmoore HP: 16, Mana: 2/8
  Hand (3): Ravenholdt Assassin, Majordomo Executus, Kronx Dragonhoof
  Field: Hogger, Doom of Elwynn[8/8], Regeneratin' Thug[3/5]
Opponent: Rexxar HP: 0, Mana: 0/7
  Hand (7)

--- Game State (Turn 8, Step 30) ---
Agent: Jaina Proudmoore HP: 16, Mana: 2/8
  Hand (3): Ravenholdt Assassin, Majordomo Executus, Kronx Dragonhoof
  Field: Hogger, Doom of Elwynn[8/8], Regeneratin' Thug[3/5]
Opponent: Rexxar HP: 0, Mana: 0/7
  Hand (7)

============================================================
게임 종료 - Terminated: True, Truncated: False
승자: Agent
============================================================

