============================================================
NEW GAME STARTED
Agent: HERO_08 vs Opponent: HERO_05
Action Masking: OFF
Masking Expected: OFF
============================================================
[Turn 1, Step 0] Agent: 턴 종료

[Turn 1] === Opponent's Turn ===
[Turn 1, Step 0] Opponent: 카드 플레이 - The Coin (코스트: 0)
[Turn 1, Step 0] Opponent: 카드 플레이 - Mad Scientist (코스트: 2)
[Turn 1, Step 0] Opponent: 턴 종료
[Turn 2, Step 1] Agent: 영웅 능력 사용 -> Jaina Proudmoore
[Turn 2, Step 2] Agent: 턴 종료

[Turn 2] === Opponent's Turn ===
[Turn 2, Step 2] Opponent: 공격 - Mad Scientist[2/2] -> Jaina Proudmoore
[Turn 2, Step 2] Opponent: 카드 플레이 - Glacial Shard -> Jaina Proudmoore (코스트: 1)
[Turn 2, Step 2] Opponent: 턴 종료
[Turn 3, Step 3] Agent: 카드 플레이 - Sergeant Sally (코스트: 3)
[Turn 3, Step 4] Agent: 턴 종료

[Turn 3] === Opponent's Turn ===
[Turn 3, Step 4] Opponent: 카드 플레이 - Loot Hoarder (코스트: 2)
[Turn 3, Step 4] Opponent: 공격 - Mad Scientist[2/2] -> Jaina Proudmoore
[Turn 3, Step 4] Opponent: 공격 - Glacial Shard[2/1] -> Jaina Proudmoore
[Turn 3, Step 4] Opponent: 턴 종료

--- Game State (Turn 4, Step 5) ---
Agent: Jaina Proudmoore HP: 23, Mana: 4/4
  Hand (6): Evasive Wyrm, Wee Spellstopper, Bright-Eyed Scout, Dragonhatcher, Swamp Leech, Weaponized Piñata
  Field: Sergeant Sally[1/1]
Opponent: Rexxar HP: 30, Mana: 1/3
  Hand (4)
  Field: Mad Scientist[2/2], Glacial Shard[2/1], Loot Hoarder[2/1]
[Turn 4, Step 5] Agent: 카드 플레이 - Wee Spellstopper (코스트: 4)
[Turn 4, Step 6] Agent: 공격 - Sergeant Sally[1/1] -> Rexxar
[Turn 4, Step 7] Agent: 턴 종료

[Turn 4] === Opponent's Turn ===
[Turn 4, Step 7] Opponent: 공격 - Loot Hoarder[2/1] -> Sergeant Sally
[Turn 4, Step 7] Opponent: 공격 - Mad Scientist[2/1] -> Jaina Proudmoore
[Turn 4, Step 7] Opponent: 카드 플레이 - Pint-Sized Summoner (코스트: 2)
[Turn 4, Step 7] Opponent: 영웅 능력 사용
[Turn 4, Step 7] Opponent: 턴 종료
[Turn 5, Step 8] Agent: 카드 플레이 - Bright-Eyed Scout (코스트: 4)
[Turn 5, Step 9] Agent: 카드 플레이 - Swamp Leech (코스트: 1)

--- Game State (Turn 5, Step 10) ---
Agent: Jaina Proudmoore HP: 19, Mana: 0/5
  Hand (5): Evasive Wyrm, Dragonhatcher, Weaponized Piñata, Imprisoned Vilefiend, Astromancer
  Field: Wee Spellstopper[2/4], Bright-Eyed Scout[3/4], Swamp Leech[2/1]
Opponent: Rexxar HP: 29, Mana: 0/4
  Hand (5)
  Field: Mad Scientist[2/1], Pint-Sized Summoner[2/2]
[Turn 5, Step 10] Agent: 공격 - Wee Spellstopper[2/4] -> Rexxar
[Turn 5, Step 11] Agent: 턴 종료

[Turn 5] === Opponent's Turn ===
[Turn 5, Step 11] Opponent: 공격 - Mad Scientist[2/1] -> Jaina Proudmoore
[Turn 5, Step 11] Opponent: 공격 - Pint-Sized Summoner[2/2] -> Bright-Eyed Scout
[Turn 5, Step 11] Opponent: 카드 플레이 - Boompistol Bully (코스트: 5)
[Turn 5, Step 11] Opponent: 턴 종료
[Turn 6, Step 12] Agent: 카드 플레이 - Evasive Wyrm (코스트: 6)
[Turn 6, Step 13] Agent: 공격 - Wee Spellstopper[2/4] -> Rexxar
[Turn 6, Step 14] Agent: 공격 - Bright-Eyed Scout[3/2] -> Rexxar

--- Game State (Turn 6, Step 15) ---
Agent: Jaina Proudmoore HP: 17, Mana: 0/6
  Hand (5): Dragonhatcher, Weaponized Piñata, Imprisoned Vilefiend, Astromancer, Arcane Dynamo
  Field: Wee Spellstopper[2/4], Bright-Eyed Scout[3/2], Swamp Leech[2/1], Evasive Wyrm[5/3]
Opponent: Rexxar HP: 22, Mana: 0/5
  Hand (5)
  Field: Mad Scientist[2/1], Boompistol Bully[5/5]
[Turn 6, Step 15] Agent: 공격 - Swamp Leech[2/1] -> Rexxar
[Turn 6, Step 16] Agent: 공격 - Evasive Wyrm[5/3] -> Mad Scientist
[Turn 6, Step 17] Agent: 턴 종료

[Turn 6] === Opponent's Turn ===
[Turn 6, Step 17] Opponent: 카드 플레이 - Skyfin (코스트: 5)
[Turn 6, Step 17] Opponent: 공격 - Boompistol Bully[5/5] -> Jaina Proudmoore
[Turn 6, Step 17] Opponent: 턴 종료
[Turn 7, Step 18] Agent: 카드 플레이 - Weaponized Piñata (코스트: 4)
[Turn 7, Step 19] Agent: 카드 플레이 - Imprisoned Vilefiend (코스트: 2)

--- Game State (Turn 7, Step 20) ---
Agent: Jaina Proudmoore HP: 14, Mana: 1/7
  Hand (4): Dragonhatcher, Astromancer, Arcane Dynamo, Mana Reservoir
  Field: Wee Spellstopper[2/4], Bright-Eyed Scout[3/2], Swamp Leech[2/1], Evasive Wyrm[5/3], Weaponized Piñata[4/3], Imprisoned Vilefiend[3/5]
Opponent: Rexxar HP: 20, Mana: 1/6
  Hand (5)
  Field: Boompistol Bully[5/5], Skyfin[3/3], Murloc Tinyfin[1/1], Vilefin Inquisitor[1/3]
[Turn 7, Step 20] Agent: 공격 - Wee Spellstopper[2/4] -> Rexxar
[Turn 7, Step 21] Agent: 공격 - Bright-Eyed Scout[3/2] -> Rexxar
[Turn 7, Step 22] Agent: 공격 - Swamp Leech[2/1] -> Rexxar
[Turn 7, Step 23] Agent: 공격 - Evasive Wyrm[5/3] -> Rexxar
[Turn 7, Step 24] Agent: 턴 종료

[Turn 7] === Opponent's Turn ===
[Turn 7, Step 24] Opponent: 공격 - Boompistol Bully[5/5] -> Bright-Eyed Scout
[Turn 7, Step 24] Opponent: 공격 - Murloc Tinyfin[1/1] -> Jaina Proudmoore
[Turn 7, Step 24] Opponent: 공격 - Vilefin Inquisitor[1/3] -> Jaina Proudmoore
[Turn 7, Step 24] Opponent: 공격 - Skyfin[3/3] -> Jaina Proudmoore
[Turn 7, Step 24] Opponent: 카드 플레이 - Cobalt Scalebane (코스트: 5)
[Turn 7, Step 24] Opponent: 카드 플레이 - Toxfin -> Skyfin (코스트: 1)
[Turn 7, Step 24] Opponent: 턴 종료

--- Game State (Turn 8, Step 25) ---
Agent: Jaina Proudmoore HP: 11, Mana: 8/8
  Hand (5): Dragonhatcher, Astromancer, Arcane Dynamo, Mana Reservoir, Blistering Rot
  Field: Wee Spellstopper[2/4], Swamp Leech[2/1], Evasive Wyrm[5/3], Weaponized Piñata[4/3], Imprisoned Vilefiend[3/5]
Opponent: Rexxar HP: 8, Mana: 1/7
  Hand (4)
  Field: Boompistol Bully[5/2], Skyfin[3/3], Murloc Tinyfin[1/1], Vilefin Inquisitor[4/3], Cobalt Scalebane[5/5], Toxfin[1/2]
[Turn 8, Step 25] Agent: 공격 - Wee Spellstopper[2/4] -> Toxfin
[Turn 8, Step 26] Agent: 공격 - Evasive Wyrm[5/3] -> Boompistol Bully
[Turn 8, Step 27] Agent: 공격 - Weaponized Piñata[4/3] -> Vilefin Inquisitor
[Turn 8, Step 28] Agent: 카드 플레이 - Astromancer (코스트: 5)
[Turn 8, Step 29] Agent: 카드 플레이 - Mana Reservoir (코스트: 2)

--- Game State (Turn 8, Step 30) ---
Agent: Jaina Proudmoore HP: 11, Mana: 1/8
  Hand (4): Dragonhatcher, Arcane Dynamo, Blistering Rot, The Skeleton Knight
  Field: Wee Spellstopper[2/3], Swamp Leech[2/1], Imprisoned Vilefiend[3/5], Astromancer[5/5], Gral, the Shark[2/2], Mana Reservoir[0/6]
Opponent: Rexxar HP: 8, Mana: 1/7
  Hand (4)
  Field: Skyfin[3/3], Murloc Tinyfin[1/1], Cobalt Scalebane[5/5]
[Turn 8, Step 30] Agent: 공격 - Swamp Leech[2/1] -> Rexxar
[Turn 8, Step 31] Agent: 턴 종료

[Turn 8] === Opponent's Turn ===
[Turn 8, Step 31] Opponent: 공격 - Skyfin[3/3] -> Astromancer
[Turn 8, Step 31] Opponent: 공격 - Cobalt Scalebane[5/5] -> Gral, the Shark
[Turn 8, Step 31] Opponent: 공격 - Murloc Tinyfin[1/1] -> Swamp Leech
[Turn 8, Step 31] Opponent: 카드 플레이 - Rabble Bouncer (코스트: 5)
[Turn 8, Step 31] Opponent: 영웅 능력 사용
[Turn 8, Step 31] Opponent: 턴 종료
[Turn 9, Step 32] Agent: 카드 플레이 - Dragonhatcher (코스트: 9)
[Turn 9, Step 33] Agent: 공격 - Wee Spellstopper[2/3] -> Rabble Bouncer
[Turn 9, Step 34] Agent: 공격 - Imprisoned Vilefiend[3/5] -> Rabble Bouncer

--- Game State (Turn 9, Step 35) ---
Agent: Jaina Proudmoore HP: 13, Mana: 0/9
  Hand (4): Arcane Dynamo, Blistering Rot, The Skeleton Knight, Gadgetzan Auctioneer
  Field: Mana Reservoir[0/6], Dragonhatcher[2/4]
Opponent: Rexxar HP: 6, Mana: 1/8
  Hand (4)
  Field: Cobalt Scalebane[5/3], Rabble Bouncer[5/2]
[Turn 9, Step 35] Agent: 턴 종료

[Turn 9] === Opponent's Turn ===
[Turn 9, Step 35] Opponent: 공격 - Rabble Bouncer[5/2] -> Jaina Proudmoore
[Turn 9, Step 35] Opponent: 공격 - Cobalt Scalebane[5/3] -> Mana Reservoir
[Turn 9, Step 35] Opponent: 카드 플레이 - Spectral Knight (코스트: 5)
[Turn 9, Step 35] Opponent: 카드 플레이 - Aberrant Berserker (코스트: 4)
[Turn 9, Step 35] Opponent: 턴 종료
[Turn 10, Step 36] Agent: 카드 플레이 - Arcane Dynamo (코스트: 6)
[Turn 10, Step 37] Agent: 선택 - Power of Creation
[Turn 10, Step 37] Agent: 턴 종료

[Turn 10] === Opponent's Turn ===
[Turn 10, Step 37] Opponent: 카드 플레이 - Gadgetzan Auctioneer (코스트: 6)
[Turn 10, Step 37] Opponent: 카드 플레이 - Terrorscale Stalker (코스트: 3)
[Turn 10, Step 37] Opponent: 공격 - Rabble Bouncer[5/2] -> Mana Reservoir
[Turn 10, Step 37] Opponent: 공격 - Cobalt Scalebane[5/3] -> Dragonhatcher
[Turn 10, Step 37] Opponent: 공격 - Spectral Knight[4/6] -> Jaina Proudmoore
[Turn 10, Step 37] Opponent: 공격 - Aberrant Berserker[6/5] -> Jaina Proudmoore

--- Game State (Turn 10, Step 38) ---
Agent: Jaina Proudmoore HP: 0, Mana: 4/10
  Hand (5): Blistering Rot, The Skeleton Knight, Gadgetzan Auctioneer, Shield of Galakrond, Power of Creation
  Field: Arcane Dynamo[3/4]
Opponent: Rexxar HP: 6, Mana: 1/10
  Hand (2)
  Field: Cobalt Scalebane[5/1], Rabble Bouncer[5/2], Spectral Knight[4/6], Aberrant Berserker[6/5], Gadgetzan Auctioneer[4/4], Terrorscale Stalker[3/3]

============================================================
게임 종료 - Terminated: True, Truncated: False
승자: Opponent
============================================================

