============================================================
NEW GAME STARTED
Agent: HERO_08 vs Opponent: HERO_05
Action Masking: ON
Masking Expected: ON
============================================================
[Turn 1, Step 0] Agent: 턴 종료

[Turn 1] === Opponent's Turn ===
[Turn 1, Step 0] Opponent: 카드 플레이 - The Coin (코스트: 0)
[Turn 1, Step 0] Opponent: 카드 플레이 - Fallen Sun Cleric (코스트: 2)
[Turn 1, Step 0] Opponent: 턴 종료
[Turn 2, Step 1] Agent: 카드 플레이 - Hench-Clan Hogsteed (코스트: 2)
[Turn 2, Step 2] Agent: 공격 - Hench-Clan Hogsteed[2/1] -> Fallen Sun Cleric
[Turn 2, Step 3] Agent: 턴 종료

[Turn 2] === Opponent's Turn ===
[Turn 2, Step 3] Opponent: 영웅 능력 사용
[Turn 2, Step 3] Opponent: 턴 종료
[Turn 3, Step 4] Agent: 영웅 능력 사용 -> Hench-Clan Squire

--- Game State (Turn 3, Step 5) ---
Agent: Jaina Proudmoore HP: 28, Mana: 1/3
  Hand (5): Nerub'ar Weblord, Squirming Tentacle, Justicar Trueheart, Twin Tyrant, Lost Tallstrider
Opponent: Rexxar HP: 30, Mana: 0/2
  Hand (5)
[Turn 3, Step 5] Agent: 턴 종료

[Turn 3] === Opponent's Turn ===
[Turn 3, Step 5] Opponent: 카드 플레이 - Grimscale Oracle (코스트: 1)
[Turn 3, Step 5] Opponent: 카드 플레이 - Toxic Arrow -> Grimscale Oracle (코스트: 2)
[Turn 3, Step 5] Opponent: 턴 종료
[Turn 4, Step 6] Agent: 턴 종료

[Turn 4] === Opponent's Turn ===
[Turn 4, Step 6] Opponent: 카드 플레이 - Lowly Squire (코스트: 1)
[Turn 4, Step 6] Opponent: 턴 종료
[Turn 5, Step 7] Agent: 카드 플레이 - Muck Hunter (코스트: 5)
[Turn 5, Step 8] Agent: 공격 - Muck Hunter[5/8] -> Muckling
[Turn 5, Step 9] Agent: 턴 종료

[Turn 5] === Opponent's Turn ===
[Turn 5, Step 9] Opponent: 카드 플레이 - Meat Wagon (코스트: 4)
[Turn 5, Step 9] Opponent: 턴 종료

--- Game State (Turn 6, Step 10) ---
Agent: Jaina Proudmoore HP: 28, Mana: 6/6
  Hand (7): Nerub'ar Weblord, Squirming Tentacle, Justicar Trueheart, Twin Tyrant, Lost Tallstrider, Dragoncaller Alanna, Hakkar, the Soulflayer
  Field: Muck Hunter[5/6]
Opponent: Rexxar HP: 30, Mana: 1/5
  Hand (4)
  Field: Lowly Squire[1/2], Muckling[2/1], Meat Wagon[1/4]
[Turn 6, Step 10] Agent: 영웅 능력 사용 -> Meat Wagon
[Turn 6, Step 11] Agent: 카드 플레이 - Nerub'ar Weblord (코스트: 2)
[Turn 6, Step 12] Agent: 턴 종료

[Turn 6] === Opponent's Turn ===
[Turn 6, Step 12] Opponent: 공격 - Muckling[2/1] -> Nerub'ar Weblord
[Turn 6, Step 12] Opponent: 카드 플레이 - Clockwork Giant (코스트: 6)
[Turn 6, Step 12] Opponent: 공격 - Lowly Squire[1/2] -> Nerub'ar Weblord
[Turn 6, Step 12] Opponent: 공격 - Meat Wagon[1/3] -> Jaina Proudmoore
[Turn 6, Step 12] Opponent: 턴 종료
[Turn 7, Step 13] Agent: 공격 - Nerub'ar Weblord[1/1] -> Lowly Squire
[Turn 7, Step 14] Agent: 영웅 능력 사용 -> Rexxar

--- Game State (Turn 7, Step 15) ---
Agent: Jaina Proudmoore HP: 27, Mana: 5/7
  Hand (7): Squirming Tentacle, Justicar Trueheart, Twin Tyrant, Lost Tallstrider, Dragoncaller Alanna, Hakkar, the Soulflayer, Enhance-o Mechano
  Field: Muck Hunter[5/6]
Opponent: Rexxar HP: 29, Mana: 0/6
  Hand (4)
  Field: Meat Wagon[1/3], Clockwork Giant[8/8]
[Turn 7, Step 15] Agent: 공격 - Muck Hunter[5/6] -> Rexxar
[Turn 7, Step 16] Agent: 카드 플레이 - Enhance-o Mechano (코스트: 4)
[Turn 7, Step 17] Agent: 공격 - Muck Hunter[5/6] -> Meat Wagon
[Turn 7, Step 18] Agent: 턴 종료

[Turn 7] === Opponent's Turn ===
[Turn 7, Step 18] Opponent: 공격 - Clockwork Giant[8/8] -> Jaina Proudmoore
[Turn 7, Step 18] Opponent: 카드 플레이 - Antique Healbot (코스트: 5)
[Turn 7, Step 18] Opponent: 턴 종료
[Turn 8, Step 19] Agent: 영웅 능력 사용 -> Rexxar

--- Game State (Turn 8, Step 20) ---
Agent: Jaina Proudmoore HP: 19, Mana: 6/8
  Hand (7): Squirming Tentacle, Justicar Trueheart, Twin Tyrant, Lost Tallstrider, Dragoncaller Alanna, Hakkar, the Soulflayer, Dragonqueen Alexstrasza
  Field: Muck Hunter[5/5], Enhance-o Mechano[3/2]
Opponent: Rexxar HP: 29, Mana: 2/7
  Hand (4)
  Field: Weasel Tunneler[1/1], Clockwork Giant[8/8], Antique Healbot[3/3]
[Turn 8, Step 20] Agent: 카드 플레이 - Lost Tallstrider (코스트: 4)
[Turn 8, Step 21] Agent: 공격 - Enhance-o Mechano[3/2] -> Rexxar
[Turn 8, Step 22] Agent: 공격 - Muck Hunter[5/5] -> Rexxar
[Turn 8, Step 23] Agent: 공격 - Muck Hunter[5/5] -> Antique Healbot
[Turn 8, Step 24] Agent: 턴 종료

[Turn 8] === Opponent's Turn ===
[Turn 8, Step 24] Opponent: 공격 - Clockwork Giant[8/8] -> Muck Hunter
[Turn 8, Step 24] Opponent: 공격 - Weasel Tunneler[1/1] -> Jaina Proudmoore
[Turn 8, Step 24] Opponent: 영웅 능력 사용
[Turn 8, Step 24] Opponent: 카드 플레이 - Shaky Zipgunner (코스트: 3)
[Turn 8, Step 24] Opponent: 카드 플레이 - Venomizer (코스트: 2)
[Turn 8, Step 24] Opponent: 턴 종료

--- Game State (Turn 9, Step 25) ---
Agent: Jaina Proudmoore HP: 16, Mana: 9/9
  Hand (7): Abomination, Squirming Tentacle, Justicar Trueheart, Twin Tyrant, Dragoncaller Alanna, Hakkar, the Soulflayer, Dragonqueen Alexstrasza
  Field: Enhance-o Mechano[3/2], Lost Tallstrider[5/4]
Opponent: Rexxar HP: 21, Mana: 1/8
  Hand (3)
  Field: Weasel Tunneler[1/1], Clockwork Giant[8/3], Shaky Zipgunner[3/3], Venomizer[2/2]
[Turn 9, Step 25] Agent: 카드 플레이 - Dragonqueen Alexstrasza (코스트: 9)
[Turn 9, Step 26] Agent: 공격 - Enhance-o Mechano[3/2] -> Clockwork Giant
[Turn 9, Step 27] Agent: 공격 - Lost Tallstrider[5/4] -> Weasel Tunneler
[Turn 9, Step 28] Agent: 턴 종료

[Turn 9] === Opponent's Turn ===
[Turn 9, Step 28] Opponent: 카드 플레이 - Maiev Shadowsong -> Shaky Zipgunner (코스트: 4)
[Turn 9, Step 28] Opponent: 턴 종료
[Turn 10, Step 29] Agent: 공격 - Dragonqueen Alexstrasza[8/8] -> Maiev Shadowsong

--- Game State (Turn 10, Step 30) ---
Agent: Jaina Proudmoore HP: 16, Mana: 10/10
  Hand (9): Abomination, Squirming Tentacle, Justicar Trueheart, Twin Tyrant, Dragoncaller Alanna, Hakkar, the Soulflayer, Twilight Whelp, Alexstrasza, Polymorph
  Field: Lost Tallstrider[5/3], Dragonqueen Alexstrasza[8/4]
Opponent: Rexxar HP: 21, Mana: 5/9
  Hand (3)
  Field: Shaky Zipgunner[3/3], Venomizer[2/2]
[Turn 10, Step 30] Agent: 공격 - Lost Tallstrider[5/3] -> Rexxar
[Turn 10, Step 31] Agent: 카드 플레이 - Alexstrasza -> Jaina Proudmoore (코스트: 1)
[Turn 10, Step 32] Agent: 카드 플레이 - Abomination (코스트: 5)
[Turn 10, Step 33] Agent: 영웅 능력 사용 -> Alexstrasza
[Turn 10, Step 34] Agent: 카드 플레이 - Twilight Whelp (코스트: 1)

--- Game State (Turn 10, Step 35) ---
Agent: Jaina Proudmoore HP: 15, Mana: 1/10
  Hand (6): Squirming Tentacle, Justicar Trueheart, Twin Tyrant, Dragoncaller Alanna, Hakkar, the Soulflayer, Polymorph
  Field: Lost Tallstrider[5/3], Dragonqueen Alexstrasza[8/4], Alexstrasza[8/7], Abomination[4/4], Twilight Whelp[2/3]
Opponent: Rexxar HP: 16, Mana: 5/9
  Hand (3)
  Field: Shaky Zipgunner[3/3], Venomizer[2/2]
[Turn 10, Step 35] Agent: 턴 종료

[Turn 10] === Opponent's Turn ===
[Turn 10, Step 35] Opponent: 턴 종료
[Turn 10, Step 36] Agent: 공격 - Alexstrasza[8/7] -> Rexxar
[Turn 10, Step 37] Agent: 카드 플레이 - Polymorph -> Lost Tallstrider (코스트: 4)
[Turn 10, Step 38] Agent: 카드 플레이 - Squirming Tentacle (코스트: 3)
[Turn 10, Step 39] Agent: 공격 - Twilight Whelp[2/3] -> Venomizer

--- Game State (Turn 10, Step 40) ---
Agent: Jaina Proudmoore HP: 15, Mana: 3/10
  Hand (5): Justicar Trueheart, Twin Tyrant, Dragoncaller Alanna, Hakkar, the Soulflayer, Djinni of Zephyrs
  Field: Sheep[1/1], Dragonqueen Alexstrasza[8/4], Alexstrasza[8/7], Abomination[4/4], Squirming Tentacle[2/4]
Opponent: Rexxar HP: 8, Mana: 10/10
  Hand (4)
  Field: Shaky Zipgunner[3/3]
[Turn 10, Step 40] Agent: 공격 - Abomination[4/4] -> Rexxar
[Turn 10, Step 41] Agent: 영웅 능력 사용 -> Jaina Proudmoore
[Turn 10, Step 42] Agent: 공격 - Dragonqueen Alexstrasza[8/4] -> Rexxar

--- Game State (Turn 10, Step 43) ---
Agent: Jaina Proudmoore HP: 14, Mana: 1/10
  Hand (5): Justicar Trueheart, Twin Tyrant, Dragoncaller Alanna, Hakkar, the Soulflayer, Djinni of Zephyrs
  Field: Sheep[1/1], Dragonqueen Alexstrasza[8/4], Alexstrasza[8/7], Abomination[4/4], Squirming Tentacle[2/4]
Opponent: Rexxar HP: 0, Mana: 10/10
  Hand (4)
  Field: Shaky Zipgunner[3/3]

============================================================
게임 종료 - Terminated: True, Truncated: False
승자: Agent
============================================================

