============================================================
NEW GAME STARTED
Agent: HERO_08 vs Opponent: HERO_05
Action Masking: ON
Masking Expected: ON
============================================================
[Turn 1, Step 0] Agent: 턴 종료

[Turn 1] === Opponent's Turn ===
[Turn 1, Step 0] Opponent: 카드 플레이 - The Coin (코스트: 0)
[Turn 1, Step 0] Opponent: 영웅 능력 사용
[Turn 1, Step 0] Opponent: 턴 종료
[Turn 2, Step 1] Agent: 영웅 능력 사용 -> Rexxar
[Turn 2, Step 2] Agent: 턴 종료

[Turn 2] === Opponent's Turn ===
[Turn 2, Step 2] Opponent: 카드 플레이 - Spark Engine (코스트: 2)
[Turn 2, Step 2] Opponent: 턴 종료
[Turn 3, Step 3] Agent: 카드 플레이 - Dozing Marksman (코스트: 2)
[Turn 3, Step 4] Agent: 턴 종료

[Turn 3] === Opponent's Turn ===
[Turn 3, Step 4] Opponent: 카드 플레이 - Spark (코스트: 1)
[Turn 3, Step 4] Opponent: 공격 - Spark Engine[2/1] -> Dozing Marksman
[Turn 3, Step 4] Opponent: 턴 종료

--- Game State (Turn 4, Step 5) ---
Agent: Jaina Proudmoore HP: 28, Mana: 4/4
  Hand (6): Spellslinger, Frigid Snobold, Echo of Medivh, Corpse Raiser, Phantom Militia, Archmage Arugal
  Field: Dozing Marksman[4/2]
Opponent: Rexxar HP: 29, Mana: 2/3
  Hand (6)
  Field: Spark Engine[2/1], Spark[1/1]
[Turn 4, Step 5] Agent: 카드 플레이 - Frigid Snobold (코스트: 4)
[Turn 4, Step 6] Agent: 턴 종료

[Turn 4] === Opponent's Turn ===
[Turn 4, Step 6] Opponent: 공격 - Spark Engine[2/1] -> Dozing Marksman
[Turn 4, Step 6] Opponent: 카드 플레이 - Disguised Wanderer (코스트: 4)
[Turn 4, Step 6] Opponent: 공격 - Spark[1/1] -> Jaina Proudmoore
[Turn 4, Step 6] Opponent: 턴 종료
[Turn 5, Step 7] Agent: 공격 - Frigid Snobold[2/6] -> Rexxar
[Turn 5, Step 8] Agent: 카드 플레이 - Phantom Militia (코스트: 3)
[Turn 5, Step 9] Agent: 카드 플레이 - Archmage Arugal (코스트: 2)

--- Game State (Turn 5, Step 10) ---
Agent: Jaina Proudmoore HP: 27, Mana: 0/5
  Hand (5): Voodoo Doll, Spellslinger, Echo of Medivh, Corpse Raiser, Phantom Militia
  Field: Frigid Snobold[2/6], Phantom Militia[2/4], Archmage Arugal[2/2]
Opponent: Rexxar HP: 27, Mana: 0/4
  Hand (6)
  Field: Spark[1/1], Disguised Wanderer[3/3]
[Turn 5, Step 10] Agent: 턴 종료

[Turn 5] === Opponent's Turn ===
[Turn 5, Step 10] Opponent: 카드 플레이 - Jungle Panther (코스트: 3)
[Turn 5, Step 10] Opponent: 공격 - Spark[1/1] -> Phantom Militia
[Turn 5, Step 10] Opponent: 공격 - Disguised Wanderer[3/3] -> Phantom Militia
[Turn 5, Step 10] Opponent: 턴 종료
[Turn 6, Step 11] Agent: 공격 - Frigid Snobold[2/6] -> Disguised Wanderer
[Turn 6, Step 12] Agent: 카드 플레이 - Spellslinger (코스트: 3)
[Turn 6, Step 13] Agent: 카드 플레이 - Voodoo Doll -> Spellslinger (코스트: 3)
[Turn 6, Step 14] Agent: 공격 - Archmage Arugal[2/2] -> Rustsworn Inquisitor

--- Game State (Turn 6, Step 15) ---
Agent: Jaina Proudmoore HP: 27, Mana: 0/6
  Hand (4): Echo of Medivh, Corpse Raiser, Corrupted Seer, Cleave
  Field: Frigid Snobold[2/3], Spellslinger[3/4], Voodoo Doll[1/1]
Opponent: Rexxar HP: 27, Mana: 2/5
  Hand (7)
  Field: Jungle Panther[4/2]
[Turn 6, Step 15] Agent: 턴 종료

[Turn 6] === Opponent's Turn ===
[Turn 6, Step 15] Opponent: 카드 플레이 - Ball of Spiders (코스트: 6)
[Turn 6, Step 15] Opponent: 공격 - Jungle Panther[4/2] -> Jaina Proudmoore
[Turn 6, Step 15] Opponent: 턴 종료
[Turn 7, Step 16] Agent: 공격 - Spellslinger[3/4] -> Webspinner
[Turn 7, Step 17] Agent: 영웅 능력 사용 -> Frigid Snobold
[Turn 7, Step 18] Agent: 카드 플레이 - Echo of Medivh (코스트: 4)
[Turn 7, Step 19] Agent: 공격 - Frigid Snobold[2/2] -> Webspinner

--- Game State (Turn 7, Step 20) ---
Agent: Jaina Proudmoore HP: 23, Mana: 1/7
  Hand (7): Corpse Raiser, Corrupted Seer, Cleave, Spiked Hogrider, Frigid Snobold, Spellslinger, Voodoo Doll
  Field: Frigid Snobold[2/1], Spellslinger[3/3], Voodoo Doll[1/1]
Opponent: Rexxar HP: 27, Mana: 0/6
  Hand (9)
  Field: Jungle Panther[4/2], Webspinner[1/1]
[Turn 7, Step 20] Agent: 공격 - Voodoo Doll[1/1] -> Rexxar
[Turn 7, Step 21] Agent: 턴 종료

[Turn 7] === Opponent's Turn ===
[Turn 7, Step 21] Opponent: 카드 플레이 - Backstreet Leper (코스트: 3)
[Turn 7, Step 21] Opponent: 공격 - Webspinner[1/1] -> Jaina Proudmoore
[Turn 7, Step 21] Opponent: 공격 - Jungle Panther[4/2] -> Jaina Proudmoore
[Turn 7, Step 21] Opponent: 턴 종료
[Turn 8, Step 22] Agent: 카드 플레이 - Corpse Raiser -> Frigid Snobold (코스트: 5)
[Turn 8, Step 23] Agent: 영웅 능력 사용 -> Jungle Panther
[Turn 8, Step 24] Agent: 턴 종료

[Turn 8] === Opponent's Turn ===
[Turn 8, Step 24] Opponent: 카드 플레이 - Duel! (코스트: 5)
[Turn 8, Step 24] Opponent: 공격 - Backstreet Leper[3/1] -> Spellslinger
[Turn 8, Step 24] Opponent: 공격 - Jungle Panther[4/1] -> Jaina Proudmoore
[Turn 8, Step 24] Opponent: 카드 플레이 - Toxic Sewer Ooze (코스트: 3)
[Turn 8, Step 24] Opponent: 공격 - Webspinner[1/1] -> Voodoo Doll
[Turn 8, Step 24] Opponent: 턴 종료

--- Game State (Turn 9, Step 25) ---
Agent: Jaina Proudmoore HP: 12, Mana: 9/9
  Hand (8): Corrupted Seer, Cleave, Spiked Hogrider, Frigid Snobold, Spellslinger, Voodoo Doll, Grimestreet Smuggler, Disguised Wanderer
  Field: Frigid Snobold[2/1], Corpse Raiser[3/3], Deranged Doctor[8/6]
Opponent: Rexxar HP: 26, Mana: 0/8
  Hand (9)
  Field: Jungle Panther[4/1], Toxic Sewer Ooze[4/3]
[Turn 9, Step 25] Agent: 영웅 능력 사용 -> Corpse Raiser
[Turn 9, Step 26] Agent: 카드 플레이 - Grimestreet Smuggler (코스트: 3)
[Turn 9, Step 27] Agent: 공격 - Deranged Doctor[8/6] -> Rexxar
[Turn 9, Step 28] Agent: 공격 - Corpse Raiser[3/2] -> Toxic Sewer Ooze
[Turn 9, Step 29] Agent: 카드 플레이 - Spellslinger (코스트: 3)

--- Game State (Turn 9, Step 30) ---
Agent: Jaina Proudmoore HP: 12, Mana: 1/9
  Hand (7): Corrupted Seer, Cleave, Spiked Hogrider, Frigid Snobold, Voodoo Doll, Disguised Wanderer, Radiance
  Field: Frigid Snobold[2/1], Deranged Doctor[8/6], Grimestreet Smuggler[2/4], Spellslinger[4/5]
Opponent: Rexxar HP: 18, Mana: 0/8
  Hand (10)
  Field: Jungle Panther[4/1]
[Turn 9, Step 30] Agent: 공격 - Frigid Snobold[2/1] -> Rexxar
[Turn 9, Step 31] Agent: 턴 종료

[Turn 9] === Opponent's Turn ===
[Turn 9, Step 31] Opponent: 턴 종료
[Turn 10, Step 32] Agent: 카드 플레이 - Radiance (코스트: 1)
[Turn 10, Step 33] Agent: 영웅 능력 사용 -> Grimestreet Smuggler
[Turn 10, Step 34] Agent: 카드 플레이 - Spiked Hogrider (코스트: 5)

--- Game State (Turn 10, Step 35) ---
Agent: Jaina Proudmoore HP: 17, Mana: 2/10
  Hand (6): Corrupted Seer, Cleave, Frigid Snobold, Voodoo Doll, Disguised Wanderer, Griftah
  Field: Frigid Snobold[2/1], Deranged Doctor[8/6], Grimestreet Smuggler[2/3], Spellslinger[4/5], Spiked Hogrider[5/5]
Opponent: Rexxar HP: 16, Mana: 9/9
  Hand (10)
  Field: Jungle Panther[4/1]
[Turn 10, Step 35] Agent: 공격 - Spellslinger[4/5] -> Rexxar
[Turn 10, Step 36] Agent: 공격 - Frigid Snobold[2/1] -> Jungle Panther
[Turn 10, Step 37] Agent: 공격 - Deranged Doctor[8/6] -> Rexxar
[Turn 10, Step 38] Agent: 공격 - Grimestreet Smuggler[2/3] -> Rexxar
[Turn 10, Step 39] Agent: 턴 종료

[Turn 10] === Opponent's Turn ===
[Turn 10, Step 39] Opponent: 카드 플레이 - Gahz'rilla (코스트: 7)
[Turn 10, Step 39] Opponent: 카드 플레이 - Lock and Load (코스트: 2)
[Turn 10, Step 39] Opponent: 카드 플레이 - Weasel Tunneler (코스트: 1)
[Turn 10, Step 39] Opponent: 턴 종료

--- Game State (Turn 10, Step 40) ---
Agent: Jaina Proudmoore HP: 17, Mana: 10/10
  Hand (7): Corrupted Seer, Cleave, Frigid Snobold, Voodoo Doll, Disguised Wanderer, Griftah, Magic Trick
  Field: Deranged Doctor[8/6], Grimestreet Smuggler[2/3], Spellslinger[4/5], Spiked Hogrider[5/5], Frigid Snobold[2/6]
Opponent: Rexxar HP: 2, Mana: 0/10
  Hand (7)
  Field: Gahz'rilla[6/9], Weasel Tunneler[1/1]
[Turn 10, Step 40] Agent: 카드 플레이 - Corrupted Seer (코스트: 6)
[Turn 10, Step 41] Agent: 공격 - Grimestreet Smuggler[2/1] -> Gahz'rilla
[Turn 10, Step 42] Agent: 공격 - Spiked Hogrider[5/3] -> Rexxar

--- Game State (Turn 10, Step 43) ---
Agent: Jaina Proudmoore HP: 17, Mana: 4/10
  Hand (6): Cleave, Frigid Snobold, Voodoo Doll, Disguised Wanderer, Griftah, Magic Trick
  Field: Deranged Doctor[8/4], Spellslinger[4/3], Spiked Hogrider[5/3], Frigid Snobold[2/4], Corrupted Seer[2/3]
Opponent: Rexxar HP: 0, Mana: 0/10
  Hand (7)
  Field: Gahz'rilla[24/5]

============================================================
게임 종료 - Terminated: True, Truncated: False
승자: Agent
============================================================

