============================================================
NEW GAME STARTED
Agent: HERO_08 vs Opponent: HERO_05
Action Masking: OFF
============================================================
[Turn 1, Step 0] Agent: 유효하지 않은 액션 인덱스(71) → 0로 보정
[Turn 1, Step 0] Agent: 턴 종료

[Turn 1] === Opponent's Turn ===
[Turn 1, Step 0] Opponent: 턴 종료
[Turn 2, Step 1] Agent: 유효하지 않은 액션 인덱스(73) → 3로 보정
[Turn 2, Step 1] Agent: 영웅 능력 사용 -> Jaina Proudmoore
[Turn 2, Step 2] Agent: 유효하지 않은 액션 인덱스(62) → 0로 보정
[Turn 2, Step 2] Agent: 턴 종료

[Turn 2] === Opponent's Turn ===
[Turn 2, Step 2] Opponent: 카드 플레이 - Fishflinger (코스트: 2)
[Turn 2, Step 2] Opponent: 카드 플레이 - The Coin (코스트: 0)
[Turn 2, Step 2] Opponent: 턴 종료
[Turn 3, Step 3] Agent: 유효하지 않은 액션 인덱스(38) → 3로 보정
[Turn 3, Step 3] Agent: 카드 플레이 - Tasty Flyfish (코스트: 2)
[Turn 3, Step 4] Agent: 유효하지 않은 액션 인덱스(4) → 0로 보정
[Turn 3, Step 4] Agent: 턴 종료

[Turn 3] === Opponent's Turn ===
[Turn 3, Step 4] Opponent: 영웅 능력 사용
[Turn 3, Step 4] Opponent: 카드 플레이 - Undertaker (코스트: 1)
[Turn 3, Step 4] Opponent: 공격 - Fishflinger[3/2] -> Tasty Flyfish
[Turn 3, Step 4] Opponent: 턴 종료

--- Game State (Turn 4, Step 5) ---
Agent: Jaina Proudmoore HP: 27, Mana: 4/4
  Hand (7): Sneaky Devil, Golakka Crawler, Hippogryph, Pyros, Naga Sand Witch, Baku the Mooneater, Worgen Infiltrator
Opponent: Rexxar HP: 30, Mana: 0/3
  Hand (6)
  Field: Undertaker[1/2]
[Turn 4, Step 5] Agent: 유효하지 않은 액션 인덱스(39) → 3로 보정
[Turn 4, Step 5] Agent: 카드 플레이 - Hippogryph (코스트: 4)
[Turn 4, Step 6] Agent: 유효하지 않은 액션 인덱스(29) → 1로 보정
[Turn 4, Step 6] Agent: 공격 - Hippogryph[2/6] -> Undertaker
[Turn 4, Step 7] Agent: 유효하지 않은 액션 인덱스(95) → 0로 보정
[Turn 4, Step 7] Agent: 턴 종료

[Turn 4] === Opponent's Turn ===
[Turn 4, Step 7] Opponent: 카드 플레이 - Chopshop Copter (코스트: 3)
[Turn 4, Step 7] Opponent: 카드 플레이 - Murloc Tidecaller (코스트: 1)
[Turn 4, Step 7] Opponent: 턴 종료
[Turn 5, Step 8] Agent: 영웅 능력 사용 -> Hippogryph
[Turn 5, Step 9] Agent: 유효하지 않은 액션 인덱스(13) → 6로 보정
[Turn 5, Step 9] Agent: 공격 - Hippogryph[2/4] -> Murloc Tidecaller

--- Game State (Turn 5, Step 10) ---
Agent: Jaina Proudmoore HP: 27, Mana: 3/5
  Hand (7): Sneaky Devil, Golakka Crawler, Pyros, Naga Sand Witch, Baku the Mooneater, Worgen Infiltrator, Sated Threshadon
  Field: Hippogryph[2/3]
Opponent: Rexxar HP: 30, Mana: 0/4
  Hand (5)
  Field: Chopshop Copter[2/4]
[Turn 5, Step 10] Agent: 유효하지 않은 액션 인덱스(76) → 0로 보정
[Turn 5, Step 10] Agent: 턴 종료

[Turn 5] === Opponent's Turn ===
[Turn 5, Step 10] Opponent: 카드 플레이 - Ancient Watcher (코스트: 2)
[Turn 5, Step 10] Opponent: 카드 플레이 - Spring Rocket -> Ancient Watcher (코스트: 3)
[Turn 5, Step 10] Opponent: 턴 종료
[Turn 6, Step 11] Agent: 유효하지 않은 액션 인덱스(27) → 11로 보정
[Turn 6, Step 11] Agent: 영웅 능력 사용 -> Spring Rocket
[Turn 6, Step 12] Agent: 유효하지 않은 액션 인덱스(44) → 4로 보정
[Turn 6, Step 12] Agent: 카드 플레이 - Worgen Infiltrator (코스트: 1)
[Turn 6, Step 13] Agent: 유효하지 않은 액션 인덱스(98) → 2로 보정
[Turn 6, Step 13] Agent: 카드 플레이 - Pyros (코스트: 2)
[Turn 6, Step 14] Agent: 유효하지 않은 액션 인덱스(36) → 0로 보정
[Turn 6, Step 14] Agent: 턴 종료

[Turn 6] === Opponent's Turn ===
[Turn 6, Step 14] Opponent: 카드 플레이 - Safeguard (코스트: 6)
[Turn 6, Step 14] Opponent: 턴 종료

--- Game State (Turn 7, Step 15) ---
Agent: Jaina Proudmoore HP: 27, Mana: 7/7
  Hand (7): Sneaky Devil, Golakka Crawler, Naga Sand Witch, Baku the Mooneater, Sated Threshadon, Deathwing, Dragonlord, Priestess of Elune
  Field: Hippogryph[2/3], Worgen Infiltrator[2/1], Pyros[2/2]
Opponent: Rexxar HP: 30, Mana: 0/6
  Hand (5)
  Field: Chopshop Copter[2/4], Ancient Watcher[4/3], Safeguard[4/5]
[Turn 7, Step 15] Agent: 카드 플레이 - Sated Threshadon (코스트: 7)
[Turn 7, Step 16] Agent: 유효하지 않은 액션 인덱스(21) → 1로 보정
[Turn 7, Step 16] Agent: 공격 - Hippogryph[2/3] -> Safeguard
[Turn 7, Step 17] Agent: 유효하지 않은 액션 인덱스(24) → 0로 보정
[Turn 7, Step 17] Agent: 턴 종료

[Turn 7] === Opponent's Turn ===
[Turn 7, Step 17] Opponent: 공격 - Safeguard[4/3] -> Sated Threshadon
[Turn 7, Step 17] Opponent: 턴 종료
[Turn 8, Step 18] Agent: 유효하지 않은 액션 인덱스(81) → 13로 보정
[Turn 8, Step 18] Agent: 영웅 능력 사용 -> Vault Safe
[Turn 8, Step 19] Agent: 유효하지 않은 액션 인덱스(72) → 0로 보정
[Turn 8, Step 19] Agent: 턴 종료

[Turn 8] === Opponent's Turn ===
[Turn 8, Step 19] Opponent: 카드 플레이 - Halazzi, the Lynx (코스트: 5)
[Turn 8, Step 19] Opponent: 카드 플레이 - Lynx (코스트: 1)
[Turn 8, Step 19] Opponent: 턴 종료

--- Game State (Turn 9, Step 20) ---
Agent: Jaina Proudmoore HP: 27, Mana: 9/9
  Hand (8): Sneaky Devil, Golakka Crawler, Naga Sand Witch, Baku the Mooneater, Deathwing, Dragonlord, Priestess of Elune, Crazed Worshipper, Frenzied Felwing
  Field: Worgen Infiltrator[2/1], Pyros[2/2], Sated Threshadon[5/3]
Opponent: Rexxar HP: 30, Mana: 2/8
  Hand (9)
  Field: Chopshop Copter[2/4], Ancient Watcher[4/3], Vault Safe[0/4], Halazzi, the Lynx[3/2], Lynx[1/1]
[Turn 9, Step 20] Agent: 유효하지 않은 액션 인덱스(38) → 17로 보정
[Turn 9, Step 20] Agent: 영웅 능력 사용 -> Lynx
[Turn 9, Step 21] Agent: 유효하지 않은 액션 인덱스(53) → 3로 보정
[Turn 9, Step 21] Agent: 카드 플레이 - Naga Sand Witch (코스트: 5)
[Turn 9, Step 22] Agent: 유효하지 않은 액션 인덱스(90) → 0로 보정
[Turn 9, Step 22] Agent: 턴 종료

[Turn 9] === Opponent's Turn ===
[Turn 9, Step 22] Opponent: 턴 종료
[Turn 10, Step 23] Agent: 유효하지 않은 액션 인덱스(64) → 18로 보정
[Turn 10, Step 23] Agent: 영웅 능력 사용 -> Naga Sand Witch
[Turn 10, Step 24] Agent: 유효하지 않은 액션 인덱스(77) → 0로 보정
[Turn 10, Step 24] Agent: 턴 종료

[Turn 10] === Opponent's Turn ===
[Turn 10, Step 24] Opponent: 카드 플레이 - Magma Rager (코스트: 3)
[Turn 10, Step 24] Opponent: 공격 - Chopshop Copter[2/4] -> Naga Sand Witch
[Turn 10, Step 24] Opponent: 카드 플레이 - Mech-Bear-Cat (코스트: 6)
[Turn 10, Step 24] Opponent: 카드 플레이 - Lynx (코스트: 1)
[Turn 10, Step 24] Opponent: 공격 - Halazzi, the Lynx[3/2] -> Pyros
[Turn 10, Step 24] Opponent: 턴 종료

--- Game State (Turn 10, Step 25) ---
Agent: Jaina Proudmoore HP: 27, Mana: 10/10
  Hand (10): Sneaky Devil, Golakka Crawler, Baku the Mooneater, Deathwing, Dragonlord, Priestess of Elune, Crazed Worshipper, Frenzied Felwing, Kronx Dragonhoof, Pyros, Chief Inspector
  Field: Worgen Infiltrator[2/1], Sated Threshadon[5/3], Naga Sand Witch[5/2]
Opponent: Rexxar HP: 30, Mana: 0/10
  Hand (7)
  Field: Ancient Watcher[4/3], Vault Safe[0/4], Magma Rager[5/1], Mech-Bear-Cat[7/6], Lynx[1/1]
[Turn 10, Step 25] Agent: 유효하지 않은 액션 인덱스(75) → 3로 보정
[Turn 10, Step 25] Agent: 카드 플레이 - Baku the Mooneater (코스트: 9)
[Turn 10, Step 26] Agent: 유효하지 않은 액션 인덱스(93) → 1로 보정
[Turn 10, Step 26] Agent: 공격 - Worgen Infiltrator[2/1] -> Vault Safe
[Turn 10, Step 27] Agent: 유효하지 않은 액션 인덱스(3) → 0로 보정
[Turn 10, Step 27] Agent: 턴 종료

[Turn 10] === Opponent's Turn ===
[Turn 10, Step 27] Opponent: 카드 플레이 - Junkbot (코스트: 5)
[Turn 10, Step 27] Opponent: 공격 - Magma Rager[5/1] -> Naga Sand Witch
[Turn 10, Step 27] Opponent: 공격 - Lynx[1/1] -> Worgen Infiltrator
[Turn 10, Step 27] Opponent: 카드 플레이 - Eggnapper (코스트: 3)
[Turn 10, Step 27] Opponent: 턴 종료
[Turn 10, Step 28] Agent: 유효하지 않은 액션 인덱스(28) → 2로 보정
[Turn 10, Step 28] Agent: 카드 플레이 - Golakka Crawler (코스트: 2)
[Turn 10, Step 29] Agent: 유효하지 않은 액션 인덱스(46) → 21로 보정
[Turn 10, Step 29] Agent: 영웅 능력 사용 -> Eggnapper

--- Game State (Turn 10, Step 30) ---
Agent: Jaina Proudmoore HP: 27, Mana: 6/10
  Hand (9): Sneaky Devil, Deathwing, Dragonlord, Priestess of Elune, Crazed Worshipper, Frenzied Felwing, Kronx Dragonhoof, Pyros, Chief Inspector, Crowd Roaster
  Field: Sated Threshadon[5/3], Baku the Mooneater[7/8], Golakka Crawler[2/3]
Opponent: Rexxar HP: 30, Mana: 2/10
  Hand (6)
  Field: Ancient Watcher[4/3], Vault Safe[0/2], Mech-Bear-Cat[7/6], Junkbot[1/5], Raptor[1/1], Raptor[1/1]
[Turn 10, Step 30] Agent: 유효하지 않은 액션 인덱스(29) → 9로 보정
[Turn 10, Step 30] Agent: 공격 - Baku the Mooneater[7/8] -> Vault Safe
[Turn 10, Step 31] Agent: 유효하지 않은 액션 인덱스(21) → 7로 보정
[Turn 10, Step 31] Agent: 카드 플레이 - Chief Inspector (코스트: 5)
[Turn 10, Step 32] Agent: 유효하지 않은 액션 인덱스(97) → 6로 보정
[Turn 10, Step 32] Agent: 공격 - Sated Threshadon[5/3] -> Raptor
[Turn 10, Step 33] Agent: 유효하지 않은 액션 인덱스(64) → 0로 보정
[Turn 10, Step 33] Agent: 턴 종료

[Turn 10] === Opponent's Turn ===
[Turn 10, Step 33] Opponent: 카드 플레이 - Unpowered Steambot (코스트: 4)
[Turn 10, Step 33] Opponent: 턴 종료
[Turn 10, Step 34] Agent: 유효하지 않은 액션 인덱스(55) → 16로 보정
[Turn 10, Step 34] Agent: 카드 플레이 - Frenzied Felwing (코스트: 4)

--- Game State (Turn 10, Step 35) ---
Agent: Jaina Proudmoore HP: 27, Mana: 6/10
  Hand (8): Blackwing Corruptor, Sneaky Devil, Deathwing, Dragonlord, Priestess of Elune, Crazed Worshipper, Kronx Dragonhoof, Pyros, Crowd Roaster
  Field: Sated Threshadon[5/2], Baku the Mooneater[7/8], Golakka Crawler[2/3], Chief Inspector[4/6], Frenzied Felwing[3/2]
Opponent: Rexxar HP: 30, Mana: 6/10
  Hand (6)
  Field: Ancient Watcher[4/3], Mech-Bear-Cat[7/6], Junkbot[3/7], Raptor[1/1], Unpowered Steambot[0/9]
[Turn 10, Step 35] Agent: 유효하지 않은 액션 인덱스(69) → 1로 보정
[Turn 10, Step 35] Agent: 카드 플레이 - Blackwing Corruptor -> Jaina Proudmoore (코스트: 5)
[Turn 10, Step 36] Agent: 유효하지 않은 액션 인덱스(84) → 4로 보정
[Turn 10, Step 36] Agent: 공격 - Chief Inspector[4/6] -> Unpowered Steambot
[Turn 10, Step 37] Agent: 유효하지 않은 액션 인덱스(67) → 3로 보정
[Turn 10, Step 37] Agent: 공격 - Golakka Crawler[2/3] -> Unpowered Steambot
[Turn 10, Step 38] Agent: 유효하지 않은 액션 인덱스(53) → 2로 보정
[Turn 10, Step 38] Agent: 공격 - Baku the Mooneater[7/8] -> Unpowered Steambot
[Turn 10, Step 39] Agent: 유효하지 않은 액션 인덱스(11) → 5로 보정
[Turn 10, Step 39] Agent: 공격 - Sated Threshadon[5/2] -> Raptor

--- Game State (Turn 10, Step 40) ---
Agent: Jaina Proudmoore HP: 24, Mana: 1/10
  Hand (7): Sneaky Devil, Deathwing, Dragonlord, Priestess of Elune, Crazed Worshipper, Kronx Dragonhoof, Pyros, Crowd Roaster
  Field: Sated Threshadon[5/1], Baku the Mooneater[7/8], Golakka Crawler[2/3], Chief Inspector[4/6], Frenzied Felwing[3/2], Blackwing Corruptor[5/4]
Opponent: Rexxar HP: 30, Mana: 6/10
  Hand (6)
  Field: Ancient Watcher[4/3], Mech-Bear-Cat[7/6], Junkbot[5/9]
[Turn 10, Step 40] Agent: 유효하지 않은 액션 인덱스(25) → 0로 보정
[Turn 10, Step 40] Agent: 턴 종료

[Turn 10] === Opponent's Turn ===
[Turn 10, Step 40] Opponent: 공격 - Mech-Bear-Cat[7/6] -> Frenzied Felwing
[Turn 10, Step 40] Opponent: 카드 플레이 - Finicky Cloakfield -> Junkbot (코스트: 1)
[Turn 10, Step 40] Opponent: 카드 플레이 - Stranglethorn Tiger (코스트: 5)
[Turn 10, Step 40] Opponent: 카드 플레이 - Lynx (코스트: 1)
[Turn 10, Step 40] Opponent: 턴 종료
[Turn 10, Step 41] Agent: 유효하지 않은 액션 인덱스(78) → 30로 보정
[Turn 10, Step 41] Agent: 공격 - Baku the Mooneater[7/8] -> Mech-Bear-Cat
[Turn 10, Step 42] Agent: 유효하지 않은 액션 인덱스(63) → 26로 보정
[Turn 10, Step 42] Agent: 공격 - Golakka Crawler[2/3] -> Ancient Watcher
[Turn 10, Step 43] Agent: 영웅 능력 사용 -> Junkbot
[Turn 10, Step 44] Agent: 유효하지 않은 액션 인덱스(57) → 13로 보정
[Turn 10, Step 44] Agent: 공격 - Sated Threshadon[5/1] -> Lynx

--- Game State (Turn 10, Step 45) ---
Agent: Jaina Proudmoore HP: 24, Mana: 8/10
  Hand (8): Sneaky Devil, Deathwing, Dragonlord, Priestess of Elune, Crazed Worshipper, Kronx Dragonhoof, Pyros, Crowd Roaster, Untamed Beastmaster
  Field: Primalfin[1/1], Primalfin[1/1], Primalfin[1/1], Baku the Mooneater[7/1], Chief Inspector[4/6], Blackwing Corruptor[5/4]
Opponent: Rexxar HP: 30, Mana: 3/10
  Hand (6)
  Field: Ancient Watcher[4/1], Junkbot[7/10], Stranglethorn Tiger[5/5]
[Turn 10, Step 45] Agent: 공격 - Chief Inspector[4/6] -> Rexxar
[Turn 10, Step 46] Agent: 유효하지 않은 액션 인덱스(42) → 6로 보정
[Turn 10, Step 46] Agent: 카드 플레이 - Crowd Roaster -> Ancient Watcher (코스트: 7)
[Turn 10, Step 47] Agent: 유효하지 않은 액션 인덱스(26) → 2로 보정
[Turn 10, Step 47] Agent: 공격 - Blackwing Corruptor[5/4] -> Junkbot
[Turn 10, Step 48] Agent: 유효하지 않은 액션 인덱스(91) → 0로 보정
[Turn 10, Step 48] Agent: 턴 종료

[Turn 10] === Opponent's Turn ===
[Turn 10, Step 48] Opponent: 턴 종료
[Turn 10, Step 49] Agent: 유효하지 않은 액션 인덱스(68) → 8로 보정
[Turn 10, Step 49] Agent: 카드 플레이 - Void Ripper (코스트: 3)

--- Game State (Turn 10, Step 50) ---
Agent: Jaina Proudmoore HP: 24, Mana: 7/10
  Hand (7): Sneaky Devil, Deathwing, Dragonlord, Priestess of Elune, Crazed Worshipper, Kronx Dragonhoof, Pyros, Untamed Beastmaster
  Field: Primalfin[1/1], Primalfin[1/1], Primalfin[1/1], Baku the Mooneater[1/7], Chief Inspector[6/4], Crowd Roaster[4/7], Void Ripper[3/3]
Opponent: Rexxar HP: 26, Mana: 10/10
  Hand (7)
  Field: Junkbot[5/7], Stranglethorn Tiger[5/5]
[Turn 10, Step 50] Agent: 공격 - Crowd Roaster[4/7] -> Rexxar
[Turn 10, Step 51] Agent: 유효하지 않은 액션 인덱스(35) → 14로 보정
[Turn 10, Step 51] Agent: 공격 - Primalfin[1/1] -> Junkbot
[Turn 10, Step 52] Agent: 유효하지 않은 액션 인덱스(41) → 17로 보정
[Turn 10, Step 52] Agent: 공격 - Primalfin[1/1] -> Junkbot
[Turn 10, Step 53] Agent: 유효하지 않은 액션 인덱스(23) → 2로 보정
[Turn 10, Step 53] Agent: 카드 플레이 - Priestess of Elune (코스트: 6)
[Turn 10, Step 54] Agent: 유효하지 않은 액션 인덱스(85) → 1로 보정
[Turn 10, Step 54] Agent: 공격 - Primalfin[1/1] -> Rexxar

--- Game State (Turn 10, Step 55) ---
Agent: Jaina Proudmoore HP: 28, Mana: 1/10
  Hand (6): Sneaky Devil, Deathwing, Dragonlord, Crazed Worshipper, Kronx Dragonhoof, Pyros, Untamed Beastmaster
  Field: Primalfin[1/1], Baku the Mooneater[1/7], Chief Inspector[6/4], Crowd Roaster[4/7], Void Ripper[3/3], Priestess of Elune[5/4]
Opponent: Rexxar HP: 21, Mana: 10/10
  Hand (7)
  Field: Junkbot[5/5], Stranglethorn Tiger[5/5]
[Turn 10, Step 55] Agent: 유효하지 않은 액션 인덱스(25) → 0로 보정
[Turn 10, Step 55] Agent: 턴 종료

[Turn 10] === Opponent's Turn ===
[Turn 10, Step 55] Opponent: 공격 - Stranglethorn Tiger[5/5] -> Primalfin
[Turn 10, Step 55] Opponent: 공격 - Junkbot[5/5] -> Void Ripper
[Turn 10, Step 55] Opponent: 카드 플레이 - Hench-Clan Sneak (코스트: 3)
[Turn 10, Step 55] Opponent: 카드 플레이 - Ornery Tortoise (코스트: 3)
[Turn 10, Step 55] Opponent: 카드 플레이 - Flare (코스트: 2)
[Turn 10, Step 55] Opponent: 카드 플레이 - Whirling Blades -> Junkbot (코스트: 1)
[Turn 10, Step 55] Opponent: 카드 플레이 - Depth Charge (코스트: 1)
[Turn 10, Step 55] Opponent: 턴 종료
[Turn 10, Step 56] Agent: 공격 - Baku the Mooneater[1/7] -> Ornery Tortoise
[Turn 10, Step 57] Agent: 유효하지 않은 액션 인덱스(96) → 22로 보정
[Turn 10, Step 57] Agent: 공격 - Chief Inspector[6/4] -> Hench-Clan Sneak
[Turn 10, Step 58] Agent: 영웅 능력 사용 -> Junkbot
[Turn 10, Step 59] Agent: 유효하지 않은 액션 인덱스(44) → 10로 보정
[Turn 10, Step 59] Agent: 공격 - Crowd Roaster[4/7] -> Ornery Tortoise

--- Game State (Turn 10, Step 60) ---
Agent: Jaina Proudmoore HP: 28, Mana: 8/10
  Hand (7): Sneaky Devil, Deathwing, Dragonlord, Crazed Worshipper, Kronx Dragonhoof, Pyros, Untamed Beastmaster, Ice Barrier
  Field: Baku the Mooneater[1/4], Chief Inspector[6/1], Crowd Roaster[4/4], Priestess of Elune[5/4]
Opponent: Rexxar HP: 16, Mana: 0/10
  Hand (4)
  Field: Junkbot[6/1], Stranglethorn Tiger[5/4], Depth Charge[0/5]
[Turn 10, Step 60] Agent: 유효하지 않은 액션 인덱스(87) → 10로 보정
[Turn 10, Step 60] Agent: 공격 - Priestess of Elune[5/4] -> Depth Charge
[Turn 10, Step 61] Agent: 카드 플레이 - Pyros (코스트: 6)
[Turn 10, Step 62] Agent: 유효하지 않은 액션 인덱스(4) → 0로 보정
[Turn 10, Step 62] Agent: 턴 종료

[Turn 10] === Opponent's Turn ===
[Turn 10, Step 62] Opponent: 공격 - Junkbot[6/1] -> Jaina Proudmoore
[Turn 10, Step 62] Opponent: 공격 - Stranglethorn Tiger[5/4] -> Baku the Mooneater
[Turn 10, Step 62] Opponent: 턴 종료
[Turn 10, Step 63] Agent: 공격 - Crowd Roaster[4/4] -> Rexxar
[Turn 10, Step 64] Agent: 유효하지 않은 액션 인덱스(33) → 8로 보정
[Turn 10, Step 64] Agent: 영웅 능력 사용 -> Jaina Proudmoore

--- Game State (Turn 10, Step 65) ---
Agent: Jaina Proudmoore HP: 21, Mana: 8/10
  Hand (7): Sneaky Devil, Deathwing, Dragonlord, Crazed Worshipper, Kronx Dragonhoof, Untamed Beastmaster, Ice Barrier, Murloc Tinyfin
  Field: Chief Inspector[6/1], Crowd Roaster[4/4], Priestess of Elune[5/4], Pyros[6/6]
Opponent: Rexxar HP: 12, Mana: 10/10
  Hand (5)
  Field: Junkbot[6/1], Stranglethorn Tiger[5/3]
[Turn 10, Step 65] Agent: 카드 플레이 - Murloc Tinyfin (코스트: 0)
[Turn 10, Step 66] Agent: 유효하지 않은 액션 인덱스(75) → 0로 보정
[Turn 10, Step 66] Agent: 턴 종료

[Turn 10] === Opponent's Turn ===
[Turn 10, Step 66] Opponent: 턴 종료
[Turn 10, Step 67] Agent: 유효하지 않은 액션 인덱스(35) → 3로 보정
[Turn 10, Step 67] Agent: 카드 플레이 - Deathwing, Dragonlord (코스트: 10)
[Turn 10, Step 68] Agent: 유효하지 않은 액션 인덱스(43) → 11로 보정
[Turn 10, Step 68] Agent: 공격 - Pyros[6/6] -> Junkbot
[Turn 10, Step 69] Agent: 유효하지 않은 액션 인덱스(61) → 7로 보정
[Turn 10, Step 69] Agent: 공격 - Murloc Tinyfin[1/1] -> Rexxar

--- Game State (Turn 10, Step 70) ---
Agent: Jaina Proudmoore HP: 21, Mana: 0/10
  Hand (7): Clockwork Giant, Sneaky Devil, Crazed Worshipper, Kronx Dragonhoof, Untamed Beastmaster, Ice Barrier, Pyros
  Field: Chief Inspector[6/1], Crowd Roaster[4/4], Priestess of Elune[5/4], Murloc Tinyfin[1/1], Deathwing, Dragonlord[12/12]
Opponent: Rexxar HP: 11, Mana: 10/10
  Hand (6)
  Field: Stranglethorn Tiger[5/3]
[Turn 10, Step 70] Agent: 유효하지 않은 액션 인덱스(81) → 4로 보정
[Turn 10, Step 70] Agent: 공격 - Crowd Roaster[4/4] -> Stranglethorn Tiger
[Turn 10, Step 71] Agent: 유효하지 않은 액션 인덱스(62) → 2로 보정
[Turn 10, Step 71] Agent: 공격 - Priestess of Elune[5/4] -> Rexxar
[Turn 10, Step 72] Agent: 유효하지 않은 액션 인덱스(18) → 0로 보정
[Turn 10, Step 72] Agent: 턴 종료

[Turn 10] === Opponent's Turn ===
[Turn 10, Step 72] Opponent: 카드 플레이 - Grimestreet Smuggler (코스트: 3)
[Turn 10, Step 72] Opponent: 턴 종료
[Turn 10, Step 73] Agent: 유효하지 않은 액션 인덱스(40) → 16로 보정
[Turn 10, Step 73] Agent: 공격 - Chief Inspector[6/1] -> Rexxar

--- Game State (Turn 10, Step 74) ---
Agent: Jaina Proudmoore HP: 21, Mana: 10/10
  Hand (8): Clockwork Giant, Sneaky Devil, Crazed Worshipper, Kronx Dragonhoof, Untamed Beastmaster, Ice Barrier, Pyros, Guild Recruiter
  Field: Chief Inspector[6/1], Priestess of Elune[5/4], Murloc Tinyfin[1/1], Deathwing, Dragonlord[12/12]
Opponent: Rexxar HP: 0, Mana: 7/10
  Hand (6)
  Field: Grimestreet Smuggler[2/4]

============================================================
게임 종료 - Terminated: True, Truncated: False
승자: Agent
============================================================

