============================================================
NEW GAME STARTED
Agent: HERO_08 vs Opponent: HERO_05
Action Masking: ON
Masking Expected: ON
============================================================

[Turn 1] === Opponent's Turn ===
[Turn 1, Step 0] Opponent: 턴 종료
[Turn 1, Step 1] Agent: 카드 플레이 - The Coin (코스트: 0)
[Turn 1, Step 2] Agent: 카드 플레이 - EVIL Cable Rat (코스트: 2)
[Turn 1, Step 3] Agent: 턴 종료

[Turn 1] === Opponent's Turn ===
[Turn 1, Step 3] Opponent: 카드 플레이 - Dinomancy (코스트: 2)
[Turn 1, Step 3] Opponent: 턴 종료
[Turn 2, Step 4] Agent: 영웅 능력 사용 -> Jaina Proudmoore

--- Game State (Turn 2, Step 5) ---
Agent: Jaina Proudmoore HP: 29, Mana: 0/2
  Hand (6): Astromancer Solarian, Animated Armor, Frost Elemental, Argent Commander, Titanic Lackey, Curio Collector
  Field: EVIL Cable Rat[1/1]
Opponent: Rexxar HP: 30, Mana: 0/2
  Hand (4)
[Turn 2, Step 5] Agent: 공격 - EVIL Cable Rat[1/1] -> Rexxar
[Turn 2, Step 6] Agent: 턴 종료

[Turn 2] === Opponent's Turn ===
[Turn 2, Step 6] Opponent: 카드 플레이 - Kobold Geomancer (코스트: 2)
[Turn 2, Step 6] Opponent: 턴 종료
[Turn 3, Step 7] Agent: 턴 종료

[Turn 3] === Opponent's Turn ===
[Turn 3, Step 7] Opponent: 카드 플레이 - Golden Scarab (코스트: 3)
[Turn 3, Step 7] Opponent: 선택 - Sen'jin Shieldmasta
[Turn 3, Step 7] Opponent: 공격 - Kobold Geomancer[2/2] -> Jaina Proudmoore
[Turn 3, Step 7] Opponent: 턴 종료
[Turn 4, Step 8] Agent: 카드 플레이 - Counterspell (코스트: 3)
[Turn 4, Step 9] Agent: 공격 - EVIL Cable Rat[1/1] -> Rexxar

--- Game State (Turn 4, Step 10) ---
Agent: Jaina Proudmoore HP: 27, Mana: 1/4
  Hand (7): Astromancer Solarian, Animated Armor, Frost Elemental, Argent Commander, Titanic Lackey, Curio Collector, Utgarde Grapplesniper
  Field: EVIL Cable Rat[1/1]
Opponent: Rexxar HP: 28, Mana: 1/4
  Hand (5)
  Field: Kobold Geomancer[2/2], Golden Scarab[2/2]
[Turn 4, Step 10] Agent: 카드 플레이 - Titanic Lackey -> EVIL Cable Rat (코스트: 1)
[Turn 4, Step 11] Agent: 턴 종료

[Turn 4] === Opponent's Turn ===
[Turn 4, Step 11] Opponent: 공격 - Golden Scarab[2/2] -> EVIL Cable Rat
[Turn 4, Step 11] Opponent: 카드 플레이 - Stampeding Kodo (코스트: 5)
[Turn 4, Step 11] Opponent: 공격 - Kobold Geomancer[2/2] -> EVIL Cable Rat
[Turn 4, Step 11] Opponent: 턴 종료
[Turn 5, Step 12] Agent: 카드 플레이 - Astromancer Solarian (코스트: 2)
[Turn 5, Step 13] Agent: 영웅 능력 사용 -> Kobold Geomancer
[Turn 5, Step 14] Agent: 턴 종료

[Turn 5] === Opponent's Turn ===
[Turn 5, Step 14] Opponent: 카드 플레이 - Sen'jin Shieldmasta (코스트: 4)
[Turn 5, Step 14] Opponent: 영웅 능력 사용 -> Golden Scarab
[Turn 5, Step 14] Opponent: 공격 - Stampeding Kodo[3/5] -> Jaina Proudmoore
[Turn 5, Step 14] Opponent: 공격 - Golden Scarab[4/3] -> Jaina Proudmoore
[Turn 5, Step 14] Opponent: 턴 종료

--- Game State (Turn 6, Step 15) ---
Agent: Jaina Proudmoore HP: 20, Mana: 6/6
  Hand (7): Animated Armor, Frost Elemental, Argent Commander, Curio Collector, Utgarde Grapplesniper, Ice Walker, River Crocolisk
  Field: Astromancer Solarian[3/2]
Opponent: Rexxar HP: 28, Mana: 0/6
  Hand (5)
  Field: Golden Scarab[4/3], Stampeding Kodo[3/5], Sen'jin Shieldmasta[3/5]
[Turn 6, Step 15] Agent: 영웅 능력 사용 -> Golden Scarab
[Turn 6, Step 16] Agent: 공격 - Astromancer Solarian[3/2] -> Sen'jin Shieldmasta
[Turn 6, Step 17] Agent: 카드 플레이 - River Crocolisk (코스트: 2)
[Turn 6, Step 18] Agent: 카드 플레이 - Ice Walker (코스트: 2)
[Turn 6, Step 19] Agent: 턴 종료

[Turn 6] === Opponent's Turn ===
[Turn 6, Step 19] Opponent: 턴 종료

--- Game State (Turn 7, Step 20) ---
Agent: Jaina Proudmoore HP: 20, Mana: 7/7
  Hand (6): Spider Tank, Animated Armor, Frost Elemental, Argent Commander, Curio Collector, Utgarde Grapplesniper
  Field: River Crocolisk[2/3], Ice Walker[1/3]
Opponent: Rexxar HP: 28, Mana: 7/7
  Hand (6)
  Field: Golden Scarab[4/2], Stampeding Kodo[3/5], Sen'jin Shieldmasta[3/2]
[Turn 7, Step 20] Agent: 카드 플레이 - Frost Elemental -> Golden Scarab (코스트: 6)
[Turn 7, Step 21] Agent: 공격 - River Crocolisk[2/3] -> Sen'jin Shieldmasta
[Turn 7, Step 22] Agent: 공격 - Ice Walker[1/3] -> Stampeding Kodo
[Turn 7, Step 23] Agent: 턴 종료

[Turn 7] === Opponent's Turn ===
[Turn 7, Step 23] Opponent: 공격 - Stampeding Kodo[3/4] -> Jaina Proudmoore
[Turn 7, Step 23] Opponent: 카드 플레이 - Arena Patron (코스트: 5)
[Turn 7, Step 23] Opponent: 영웅 능력 사용 -> Stampeding Kodo
[Turn 7, Step 23] Opponent: 턴 종료
[Turn 8, Step 24] Agent: 카드 플레이 - Spider Tank (코스트: 3)

--- Game State (Turn 8, Step 25) ---
Agent: Jaina Proudmoore HP: 17, Mana: 5/8
  Hand (5): Animated Armor, Argent Commander, Curio Collector, Utgarde Grapplesniper, Pyroblast
  Field: Frost Elemental[5/5], Spider Tank[3/4]
Opponent: Rexxar HP: 28, Mana: 1/8
  Hand (6)
  Field: Golden Scarab[4/2], Stampeding Kodo[5/6], Arena Patron[3/3]
[Turn 8, Step 25] Agent: 턴 종료

[Turn 8] === Opponent's Turn ===
[Turn 8, Step 25] Opponent: 공격 - Stampeding Kodo[5/6] -> Jaina Proudmoore
[Turn 8, Step 25] Opponent: 카드 플레이 - Book Wyrm -> Spider Tank (코스트: 6)
[Turn 8, Step 25] Opponent: 공격 - Golden Scarab[4/2] -> Jaina Proudmoore
[Turn 8, Step 25] Opponent: 공격 - Arena Patron[3/3] -> Frost Elemental
[Turn 8, Step 25] Opponent: 영웅 능력 사용 -> Golden Scarab
[Turn 8, Step 25] Opponent: 턴 종료
[Turn 9, Step 26] Agent: 카드 플레이 - Curio Collector (코스트: 5)
[Turn 9, Step 27] Agent: 공격 - Spider Tank[3/4] -> Rexxar
[Turn 9, Step 28] Agent: 영웅 능력 사용 -> Golden Scarab
[Turn 9, Step 29] Agent: 공격 - Frost Elemental[5/2] -> Stampeding Kodo

--- Game State (Turn 9, Step 30) ---
Agent: Jaina Proudmoore HP: 8, Mana: 2/9
  Hand (5): Animated Armor, Argent Commander, Utgarde Grapplesniper, Pyroblast, Desert Obelisk
  Field: Spider Tank[3/4], Curio Collector[4/4]
Opponent: Rexxar HP: 25, Mana: 1/9
  Hand (6)
  Field: Golden Scarab[6/3], Stampeding Kodo[5/1], Book Wyrm[3/6]
[Turn 9, Step 30] Agent: 턴 종료

[Turn 9] === Opponent's Turn ===
[Turn 9, Step 30] Opponent: 영웅 능력 사용 -> Stampeding Kodo
[Turn 9, Step 30] Opponent: 공격 - Stampeding Kodo[7/3] -> Curio Collector
[Turn 9, Step 30] Opponent: 카드 플레이 - Grand Crusader (코스트: 6)
[Turn 9, Step 30] Opponent: 공격 - Golden Scarab[6/3] -> Spider Tank
[Turn 9, Step 30] Opponent: 카드 플레이 - Unpowered Mauler (코스트: 2)
[Turn 9, Step 30] Opponent: 턴 종료
[Turn 10, Step 31] Agent: 카드 플레이 - Desert Obelisk (코스트: 5)
[Turn 10, Step 32] Agent: 영웅 능력 사용 -> Book Wyrm
[Turn 10, Step 33] Agent: 턴 종료

[Turn 10] === Opponent's Turn ===
[Turn 10, Step 33] Opponent: 공격 - Book Wyrm[3/5] -> Desert Obelisk
[Turn 10, Step 33] Opponent: 공격 - Grand Crusader[5/5] -> Jaina Proudmoore
[Turn 10, Step 33] Opponent: 카드 플레이 - Piloted Sky Golem (코스트: 6)
[Turn 10, Step 33] Opponent: 카드 플레이 - Ancient Brewmaster -> Piloted Sky Golem (코스트: 4)
[Turn 10, Step 33] Opponent: 턴 종료
[Turn 10, Step 34] Agent: 카드 플레이 - Argent Commander (코스트: 6)

--- Game State (Turn 10, Step 35) ---
Agent: Jaina Proudmoore HP: 3, Mana: 4/10
  Hand (5): Animated Armor, Utgarde Grapplesniper, Pyroblast, Scaled Nightmare, Bloodworm
  Field: Desert Obelisk[0/2], Argent Commander[4/2]
Opponent: Rexxar HP: 25, Mana: 0/10
  Hand (6)
  Field: Book Wyrm[3/5], Grand Crusader[5/5], Unpowered Mauler[2/4], Ancient Brewmaster[5/4]
[Turn 10, Step 35] Agent: 공격 - Argent Commander[4/2] -> Grand Crusader
[Turn 10, Step 36] Agent: 영웅 능력 사용 -> Grand Crusader
[Turn 10, Step 37] Agent: 턴 종료

[Turn 10] === Opponent's Turn ===
[Turn 10, Step 37] Opponent: 공격 - Book Wyrm[3/5] -> Desert Obelisk
[Turn 10, Step 37] Opponent: 카드 플레이 - Piloted Sky Golem (코스트: 6)
[Turn 10, Step 37] Opponent: 공격 - Ancient Brewmaster[5/4] -> Argent Commander
[Turn 10, Step 37] Opponent: 턴 종료
[Turn 10, Step 38] Agent: 카드 플레이 - Utgarde Grapplesniper (코스트: 6)
[Turn 10, Step 39] Agent: 영웅 능력 사용 -> Unpowered Mauler

--- Game State (Turn 10, Step 40) ---
Agent: Jaina Proudmoore HP: 3, Mana: 2/10
  Hand (6): Animated Armor, Pyroblast, Scaled Nightmare, Bloodworm, Ravasaur Runt, Nat, the Darkfisher
  Field: Utgarde Grapplesniper[5/5]
Opponent: Rexxar HP: 25, Mana: 4/10
  Hand (7)
  Field: Book Wyrm[3/5], Unpowered Mauler[2/3], Piloted Sky Golem[6/4]
[Turn 10, Step 40] Agent: 카드 플레이 - Nat, the Darkfisher (코스트: 2)
[Turn 10, Step 41] Agent: 턴 종료

[Turn 10] === Opponent's Turn ===
[Turn 10, Step 41] Opponent: 카드 플레이 - Madam Goya -> Book Wyrm (코스트: 6)
[Turn 10, Step 41] Opponent: 턴 종료
[Turn 10, Step 42] Agent: 카드 플레이 - Scaled Nightmare (코스트: 6)
[Turn 10, Step 43] Agent: 영웅 능력 사용 -> Piloted Sky Golem
[Turn 10, Step 44] Agent: 카드 플레이 - Ravasaur Runt (코스트: 2)

--- Game State (Turn 10, Step 45) ---
Agent: Jaina Proudmoore HP: 3, Mana: 0/10
  Hand (4): Animated Armor, Pyroblast, Bloodworm, Trogg Gloomeater
  Field: Utgarde Grapplesniper[5/5], Nat, the Darkfisher[2/4], Scaled Nightmare[2/8], Ravasaur Runt[2/2]
Opponent: Rexxar HP: 25, Mana: 4/10
  Hand (8)
  Field: Twilight Geomancer[1/4], Unpowered Mauler[2/3], Piloted Sky Golem[6/3], Madam Goya[4/3]
[Turn 10, Step 45] Agent: 선택 - Lightning Speed
[Turn 10, Step 45] Agent: 턴 종료

[Turn 10] === Opponent's Turn ===
[Turn 10, Step 45] Opponent: 공격 - Twilight Geomancer[1/4] -> Scaled Nightmare
[Turn 10, Step 45] Opponent: 카드 플레이 - Dr. Boom (코스트: 7)
[Turn 10, Step 45] Opponent: 영웅 능력 사용 -> Ravasaur Runt
[Turn 10, Step 45] Opponent: 공격 - Piloted Sky Golem[6/3] -> Jaina Proudmoore

--- Game State (Turn 10, Step 46) ---
Agent: Jaina Proudmoore HP: 0, Mana: 0/10
  Hand (4): Animated Armor, Pyroblast, Bloodworm, Trogg Gloomeater
  Field: Utgarde Grapplesniper[5/5], Nat, the Darkfisher[2/4], Scaled Nightmare[2/7], Ravasaur Runt[4/4]
Opponent: Rexxar HP: 25, Mana: 1/10
  Hand (9)
  Field: Twilight Geomancer[1/2], Unpowered Mauler[2/3], Piloted Sky Golem[6/3], Madam Goya[4/3], Boom Bot[1/1], Dr. Boom[7/7], Boom Bot[1/1]

============================================================
게임 종료 - Terminated: True, Truncated: False
승자: Opponent
============================================================

