============================================================
NEW GAME STARTED
Agent: HERO_08 vs Opponent: HERO_05
Action Masking: ON
Masking Expected: ON
============================================================

[Turn 1] === Opponent's Turn ===
[Turn 1, Step 0] Opponent: 턴 종료
[Turn 1, Step 1] Agent: 카드 플레이 - The Coin (코스트: 0)
[Turn 1, Step 2] Agent: 영웅 능력 사용 -> Jaina Proudmoore
[Turn 1, Step 3] Agent: 턴 종료

[Turn 1] === Opponent's Turn ===
[Turn 1, Step 3] Opponent: 카드 플레이 - Crazed Alchemist (코스트: 2)
[Turn 1, Step 3] Opponent: 턴 종료
[Turn 2, Step 4] Agent: 카드 플레이 - Daring Fire-Eater (코스트: 1)

--- Game State (Turn 2, Step 5) ---
Agent: Jaina Proudmoore HP: 29, Mana: 1/2
  Hand (5): Questing Adventurer, Bonechewer Vanguard, Underbelly Ooze, Booty Bay Bookie, Cairne Bloodhoof
  Field: Daring Fire-Eater[1/1]
Opponent: Rexxar HP: 30, Mana: 0/2
  Hand (4)
  Field: Crazed Alchemist[2/2]
[Turn 2, Step 5] Agent: 턴 종료

[Turn 2] === Opponent's Turn ===
[Turn 2, Step 5] Opponent: 카드 플레이 - Earthen Ring Farseer -> Daring Fire-Eater (코스트: 3)
[Turn 2, Step 5] Opponent: 공격 - Crazed Alchemist[2/2] -> Daring Fire-Eater
[Turn 2, Step 5] Opponent: 턴 종료
[Turn 3, Step 6] Agent: 영웅 능력 사용 -> Jaina Proudmoore
[Turn 3, Step 7] Agent: 턴 종료

[Turn 3] === Opponent's Turn ===
[Turn 3, Step 7] Opponent: 카드 플레이 - SN1P-SN4P (코스트: 3)
[Turn 3, Step 7] Opponent: 공격 - Earthen Ring Farseer[3/3] -> Jaina Proudmoore
[Turn 3, Step 7] Opponent: 턴 종료
[Turn 4, Step 8] Agent: 카드 플레이 - Questing Adventurer (코스트: 3)
[Turn 4, Step 9] Agent: 턴 종료

[Turn 4] === Opponent's Turn ===
[Turn 4, Step 9] Opponent: 카드 플레이 - Argent Watchman (코스트: 2)
[Turn 4, Step 9] Opponent: 공격 - Earthen Ring Farseer[3/3] -> Questing Adventurer
[Turn 4, Step 9] Opponent: 카드 플레이 - Blubber Baron (코스트: 3)
[Turn 4, Step 9] Opponent: 턴 종료

--- Game State (Turn 5, Step 10) ---
Agent: Jaina Proudmoore HP: 25, Mana: 5/5
  Hand (7): Bonechewer Vanguard, Underbelly Ooze, Booty Bay Bookie, Cairne Bloodhoof, Volcanic Potion, Gilnean Royal Guard, Patches the Pirate
Opponent: Rexxar HP: 30, Mana: 0/5
  Hand (3)
  Field: Crazed Alchemist[2/1], Earthen Ring Farseer[3/1], SN1P-SN4P[2/3], Argent Watchman[2/4], Blubber Baron[3/3]
[Turn 5, Step 10] Agent: 카드 플레이 - Booty Bay Bookie (코스트: 2)
[Turn 5, Step 11] Agent: 영웅 능력 사용 -> Booty Bay Bookie
[Turn 5, Step 12] Agent: 카드 플레이 - Patches the Pirate (코스트: 1)
[Turn 5, Step 13] Agent: 턴 종료

[Turn 5] === Opponent's Turn ===
[Turn 5, Step 13] Opponent: 카드 플레이 - Spawn of N'Zoth (코스트: 3)
[Turn 5, Step 13] Opponent: 공격 - SN1P-SN4P[2/3] -> Patches the Pirate
[Turn 5, Step 13] Opponent: 카드 플레이 - The Coin (코스트: 0)
[Turn 5, Step 13] Opponent: 턴 종료
[Turn 6, Step 14] Agent: 영웅 능력 사용 -> Argent Watchman

--- Game State (Turn 6, Step 15) ---
Agent: Jaina Proudmoore HP: 25, Mana: 4/6
  Hand (6): Bonechewer Vanguard, Underbelly Ooze, Cairne Bloodhoof, Volcanic Potion, Gilnean Royal Guard, Faceless Rager
  Field: Booty Bay Bookie[3/2]
Opponent: Rexxar HP: 30, Mana: 3/6
  Hand (3)
  Field: Crazed Alchemist[2/1], Earthen Ring Farseer[3/1], SN1P-SN4P[2/2], Argent Watchman[2/3], Blubber Baron[3/3], Spawn of N'Zoth[2/2]
[Turn 6, Step 15] Agent: 공격 - Booty Bay Bookie[3/2] -> Rexxar
[Turn 6, Step 16] Agent: 카드 플레이 - Volcanic Potion (코스트: 3)
[Turn 6, Step 17] Agent: 턴 종료

[Turn 6] === Opponent's Turn ===
[Turn 6, Step 17] Opponent: 카드 플레이 - Fungalmancer (코스트: 5)
[Turn 6, Step 17] Opponent: 공격 - Blubber Baron[6/4] -> Jaina Proudmoore
[Turn 6, Step 17] Opponent: 턴 종료
[Turn 7, Step 18] Agent: 영웅 능력 사용 -> Blubber Baron
[Turn 7, Step 19] Agent: 턴 종료

[Turn 7] === Opponent's Turn ===
[Turn 7, Step 19] Opponent: 영웅 능력 사용
[Turn 7, Step 19] Opponent: 공격 - Microbot[2/2] -> Jaina Proudmoore
[Turn 7, Step 19] Opponent: 공격 - Microbot[2/2] -> Jaina Proudmoore
[Turn 7, Step 19] Opponent: 공격 - Blubber Baron[6/3] -> Jaina Proudmoore
[Turn 7, Step 19] Opponent: 공격 - Fungalmancer[2/2] -> Jaina Proudmoore
[Turn 7, Step 19] Opponent: 카드 플레이 - Frozen Crusher (코스트: 6)
[Turn 7, Step 19] Opponent: 턴 종료

--- Game State (Turn 8, Step 20) ---
Agent: Jaina Proudmoore HP: 5, Mana: 8/8
  Hand (7): Bonechewer Vanguard, Underbelly Ooze, Cairne Bloodhoof, Gilnean Royal Guard, Faceless Rager, Ogre Brute, Devoted Maniac
Opponent: Rexxar HP: 27, Mana: 0/8
  Hand (3)
  Field: Microbot[2/2], Microbot[2/2], Argent Watchman[3/2], Blubber Baron[6/3], Fungalmancer[2/2], Frozen Crusher[8/8]
[Turn 8, Step 20] Agent: 영웅 능력 사용 -> Blubber Baron
[Turn 8, Step 21] Agent: 카드 플레이 - Faceless Rager (코스트: 3)
[Turn 8, Step 22] Agent: 카드 플레이 - Ogre Brute (코스트: 3)
[Turn 8, Step 23] Agent: 턴 종료

[Turn 8] === Opponent's Turn ===
[Turn 8, Step 23] Opponent: 공격 - Fungalmancer[2/2] -> Faceless Rager
[Turn 8, Step 23] Opponent: 공격 - Blubber Baron[6/2] -> Ogre Brute
[Turn 8, Step 23] Opponent: 영웅 능력 사용
[Turn 8, Step 23] Opponent: 카드 플레이 - Frigid Snobold (코스트: 4)
[Turn 8, Step 23] Opponent: 공격 - Microbot[2/2] -> Jaina Proudmoore
[Turn 8, Step 23] Opponent: 공격 - Frozen Crusher[8/8] -> Jaina Proudmoore

--- Game State (Turn 8, Step 24) ---
Agent: Jaina Proudmoore HP: 0, Mana: 0/8
  Hand (5): Bonechewer Vanguard, Underbelly Ooze, Cairne Bloodhoof, Gilnean Royal Guard, Devoted Maniac
Opponent: Rexxar HP: 27, Mana: 3/9
  Hand (3)
  Field: Microbot[2/2], Microbot[2/2], Argent Watchman[3/2], Frozen Crusher[8/8], Frigid Snobold[2/6]

============================================================
게임 종료 - Terminated: True, Truncated: False
승자: Opponent
============================================================

