============================================================
NEW GAME STARTED
Agent: HERO_08 vs Opponent: HERO_05
Action Masking: OFF
Masking Expected: OFF
============================================================
[Turn 1, Step 0] Agent: 유효하지 않은 액션 인덱스(52) → 0로 보정
[Turn 1, Step 0] Agent: 턴 종료

[Turn 1] === Opponent's Turn ===
[Turn 1, Step 0] Opponent: 카드 플레이 - Helpless Hatchling (코스트: 1)
[Turn 1, Step 0] Opponent: 턴 종료
[Turn 2, Step 1] Agent: 유효하지 않은 액션 인덱스(6) → 0로 보정
[Turn 2, Step 1] Agent: 턴 종료

[Turn 2] === Opponent's Turn ===
[Turn 2, Step 1] Opponent: 턴 종료
[Turn 3, Step 2] Agent: 유효하지 않은 액션 인덱스(34) → 6로 보정
[Turn 3, Step 2] Agent: 영웅 능력 사용 -> Helpless Hatchling
[Turn 3, Step 3] Agent: 유효하지 않은 액션 인덱스(3) → 1로 보정
[Turn 3, Step 3] Agent: 카드 플레이 - Raid the Sky Temple (코스트: 1)
[Turn 3, Step 4] Agent: 유효하지 않은 액션 인덱스(4) → 0로 보정
[Turn 3, Step 4] Agent: 턴 종료

[Turn 3] === Opponent's Turn ===
[Turn 3, Step 4] Opponent: 영웅 능력 사용
[Turn 3, Step 4] Opponent: 카드 플레이 - Zombie Chow (코스트: 1)
[Turn 3, Step 4] Opponent: 카드 플레이 - The Coin (코스트: 0)
[Turn 3, Step 4] Opponent: 턴 종료

--- Game State (Turn 4, Step 5) ---
Agent: Jaina Proudmoore HP: 28, Mana: 4/4
  Hand (6): Master Oakheart, Twisted Worgen, Shatter, Anubisath Warbringer, Khadgar, Breath of Sindragosa
Opponent: Rexxar HP: 30, Mana: 0/3
  Hand (5)
  Field: Zombie Chow[2/3]
[Turn 4, Step 5] Agent: 유효하지 않은 액션 인덱스(31) → 3로 보정
[Turn 4, Step 5] Agent: 카드 플레이 - Breath of Sindragosa (코스트: 1)
[Turn 4, Step 6] Agent: 유효하지 않은 액션 인덱스(88) → 4로 보정
[Turn 4, Step 6] Agent: 영웅 능력 사용 -> Jaina Proudmoore
[Turn 4, Step 7] Agent: 유효하지 않은 액션 인덱스(34) → 0로 보정
[Turn 4, Step 7] Agent: 턴 종료

[Turn 4] === Opponent's Turn ===
[Turn 4, Step 7] Opponent: 영웅 능력 사용
[Turn 4, Step 7] Opponent: 카드 플레이 - Zephrys the Great (코스트: 2)
[Turn 4, Step 7] Opponent: 선택 - Inner Rage
[Turn 4, Step 7] Opponent: 턴 종료
[Turn 5, Step 8] Agent: 영웅 능력 사용 -> Zombie Chow
[Turn 5, Step 9] Agent: 유효하지 않은 액션 인덱스(88) → 1로 보정
[Turn 5, Step 9] Agent: 카드 플레이 - Twisted Worgen (코스트: 2)

--- Game State (Turn 5, Step 10) ---
Agent: Jaina Proudmoore HP: 30, Mana: 1/5
  Hand (5): Master Oakheart, Shatter, Anubisath Warbringer, Khadgar, The Voraxx
  Field: Twisted Worgen[3/1]
Opponent: Rexxar HP: 30, Mana: 0/4
  Hand (6)
  Field: Zephrys the Great[3/2]
[Turn 5, Step 10] Agent: 유효하지 않은 액션 인덱스(15) → 0로 보정
[Turn 5, Step 10] Agent: 턴 종료

[Turn 5] === Opponent's Turn ===
[Turn 5, Step 10] Opponent: 턴 종료
[Turn 6, Step 11] Agent: 유효하지 않은 액션 인덱스(71) → 8로 보정
[Turn 6, Step 11] Agent: 공격 - Twisted Worgen[3/1] -> Zephrys the Great
[Turn 6, Step 12] Agent: 유효하지 않은 액션 인덱스(9) → 4로 보정
[Turn 6, Step 12] Agent: 영웅 능력 사용 -> Rexxar
[Turn 6, Step 13] Agent: 유효하지 않은 액션 인덱스(70) → 1로 보정
[Turn 6, Step 13] Agent: 카드 플레이 - Khadgar (코스트: 2)
[Turn 6, Step 14] Agent: 유효하지 않은 액션 인덱스(21) → 0로 보정
[Turn 6, Step 14] Agent: 턴 종료

[Turn 6] === Opponent's Turn ===
[Turn 6, Step 14] Opponent: 카드 플레이 - Mechanical Whelp (코스트: 6)
[Turn 6, Step 14] Opponent: 카드 플레이 - Inner Rage -> Khadgar (코스트: 0)
[Turn 6, Step 14] Opponent: 턴 종료

--- Game State (Turn 7, Step 15) ---
Agent: Jaina Proudmoore HP: 30, Mana: 7/7
  Hand (6): Master Oakheart, Shatter, Anubisath Warbringer, The Voraxx, War Golem, Echoing Ooze
  Field: Khadgar[4/1]
Opponent: Rexxar HP: 29, Mana: 0/6
  Hand (6)
  Field: Mechanical Whelp[2/2]
[Turn 7, Step 15] Agent: 유효하지 않은 액션 인덱스(22) → 2로 보정
[Turn 7, Step 15] Agent: 카드 플레이 - War Golem (코스트: 7)
[Turn 7, Step 16] Agent: 유효하지 않은 액션 인덱스(83) → 2로 보정
[Turn 7, Step 16] Agent: 공격 - Khadgar[4/1] -> Mechanical Whelp
[Turn 7, Step 17] Agent: 유효하지 않은 액션 인덱스(80) → 0로 보정
[Turn 7, Step 17] Agent: 턴 종료

[Turn 7] === Opponent's Turn ===
[Turn 7, Step 17] Opponent: 턴 종료
[Turn 8, Step 18] Agent: 유효하지 않은 액션 인덱스(41) → 1로 보정
[Turn 8, Step 18] Agent: 카드 플레이 - The Voraxx (코스트: 4)
[Turn 8, Step 19] Agent: 유효하지 않은 액션 인덱스(27) → 7로 보정
[Turn 8, Step 19] Agent: 영웅 능력 사용 -> The Voraxx

--- Game State (Turn 8, Step 20) ---
Agent: Jaina Proudmoore HP: 30, Mana: 2/8
  Hand (5): Master Oakheart, Shatter, Anubisath Warbringer, Echoing Ooze, Shieldbreaker
  Field: War Golem[7/7], The Voraxx[3/2]
Opponent: Rexxar HP: 29, Mana: 7/7
  Hand (7)
  Field: Mechanical Dragon[7/7]
[Turn 8, Step 20] Agent: 유효하지 않은 액션 인덱스(37) → 2로 보정
[Turn 8, Step 20] Agent: 카드 플레이 - Shieldbreaker (코스트: 2)
[Turn 8, Step 21] Agent: 유효하지 않은 액션 인덱스(61) → 1로 보정
[Turn 8, Step 21] Agent: 공격 - War Golem[7/7] -> Rexxar
[Turn 8, Step 22] Agent: 유효하지 않은 액션 인덱스(90) → 0로 보정
[Turn 8, Step 22] Agent: 턴 종료

[Turn 8] === Opponent's Turn ===
[Turn 8, Step 22] Opponent: 턴 종료
[Turn 9, Step 23] Agent: 공격 - War Golem[7/7] -> Rexxar
[Turn 9, Step 24] Agent: 유효하지 않은 액션 인덱스(66) → 6로 보정
[Turn 9, Step 24] Agent: 영웅 능력 사용 -> Rexxar

--- Game State (Turn 9, Step 25) ---
Agent: Jaina Proudmoore HP: 30, Mana: 7/9
  Hand (5): Master Oakheart, Shatter, Anubisath Warbringer, Echoing Ooze, Tanaris Hogchopper
  Field: War Golem[7/7], The Voraxx[3/2], Shieldbreaker[2/1]
Opponent: Rexxar HP: 14, Mana: 8/8
  Hand (8)
  Field: Mechanical Dragon[7/7]
[Turn 9, Step 25] Agent: 유효하지 않은 액션 인덱스(92) → 1로 보정
[Turn 9, Step 25] Agent: 카드 플레이 - Echoing Ooze (코스트: 2)
[Turn 9, Step 26] Agent: 유효하지 않은 액션 인덱스(24) → 0로 보정
[Turn 9, Step 26] Agent: 턴 종료

[Turn 9] === Opponent's Turn ===
[Turn 9, Step 26] Opponent: 턴 종료
[Turn 10, Step 27] Agent: 유효하지 않은 액션 인덱스(73) → 4로 보정
[Turn 10, Step 27] Agent: 카드 플레이 - Zoobot (코스트: 3)
[Turn 10, Step 28] Agent: 유효하지 않은 액션 인덱스(37) → 16로 보정
[Turn 10, Step 28] Agent: 공격 - Shieldbreaker[2/1] -> Mechanical Dragon
[Turn 10, Step 29] Agent: 턴 종료

[Turn 10] === Opponent's Turn ===
[Turn 10, Step 29] Opponent: 공격 - Mechanical Dragon[7/5] -> Echoing Ooze
[Turn 10, Step 29] Opponent: 카드 플레이 - Bloodsail Raider (코스트: 2)
[Turn 10, Step 29] Opponent: 턴 종료

--- Game State (Turn 10, Step 30) ---
Agent: Jaina Proudmoore HP: 30, Mana: 10/10
  Hand (5): Master Oakheart, Shatter, Anubisath Warbringer, Tanaris Hogchopper, Tol'vir Stoneshaper
  Field: War Golem[7/7], The Voraxx[3/2], Echoing Ooze[1/2], Zoobot[3/3]
Opponent: Rexxar HP: 14, Mana: 8/10
  Hand (9)
  Field: Mechanical Dragon[7/4], Bloodsail Raider[2/3]
[Turn 10, Step 30] Agent: 유효하지 않은 액션 인덱스(50) → 0로 보정
[Turn 10, Step 30] Agent: 턴 종료

[Turn 10] === Opponent's Turn ===
[Turn 10, Step 30] Opponent: 카드 플레이 - Frostwolf Grunt (코스트: 2)
[Turn 10, Step 30] Opponent: 카드 플레이 - Captain Greenskin (코스트: 5)
[Turn 10, Step 30] Opponent: 공격 - Mechanical Dragon[7/4] -> Zoobot
[Turn 10, Step 30] Opponent: 턴 종료
[Turn 10, Step 31] Agent: 영웅 능력 사용 -> Captain Greenskin
[Turn 10, Step 32] Agent: 유효하지 않은 액션 인덱스(54) → 5로 보정
[Turn 10, Step 32] Agent: 공격 - The Voraxx[3/2] -> Frostwolf Grunt
[Turn 10, Step 33] Agent: 카드 플레이 - Mana Wraith (코스트: 2)
[Turn 10, Step 34] Agent: 유효하지 않은 액션 인덱스(24) → 2로 보정
[Turn 10, Step 34] Agent: 카드 플레이 - Tol'vir Stoneshaper (코스트: 5)

--- Game State (Turn 10, Step 35) ---
Agent: Jaina Proudmoore HP: 30, Mana: 1/10
  Hand (4): Master Oakheart, Shatter, Anubisath Warbringer, Tanaris Hogchopper
  Field: War Golem[7/7], Echoing Ooze[1/2], Mana Wraith[2/2], Tol'vir Stoneshaper[3/5]
Opponent: Rexxar HP: 14, Mana: 3/10
  Hand (8)
  Field: Mechanical Dragon[7/1], Bloodsail Raider[2/3], Captain Greenskin[5/3]
[Turn 10, Step 35] Agent: 유효하지 않은 액션 인덱스(34) → 7로 보정
[Turn 10, Step 35] Agent: 공격 - Echoing Ooze[1/2] -> Bloodsail Raider
[Turn 10, Step 36] Agent: 유효하지 않은 액션 인덱스(36) → 1로 보정
[Turn 10, Step 36] Agent: 공격 - War Golem[7/7] -> Rexxar
[Turn 10, Step 37] Agent: 유효하지 않은 액션 인덱스(96) → 0로 보정
[Turn 10, Step 37] Agent: 턴 종료

[Turn 10] === Opponent's Turn ===
[Turn 10, Step 37] Opponent: 공격 - Mechanical Dragon[7/1] -> Mana Wraith
[Turn 10, Step 37] Opponent: 카드 플레이 - Prince Malchezaar (코스트: 5)
[Turn 10, Step 37] Opponent: 공격 - Bloodsail Raider[2/2] -> War Golem
[Turn 10, Step 37] Opponent: 카드 플레이 - Shrieking Shroom (코스트: 3)
[Turn 10, Step 37] Opponent: 영웅 능력 사용
[Turn 10, Step 37] Opponent: 공격 - Captain Greenskin[5/3] -> Tol'vir Stoneshaper
[Turn 10, Step 37] Opponent: 턴 종료
[Turn 10, Step 38] Agent: 유효하지 않은 액션 인덱스(63) → 3로 보정
[Turn 10, Step 38] Agent: 카드 플레이 - Tanaris Hogchopper (코스트: 4)
[Turn 10, Step 39] Agent: 유효하지 않은 액션 인덱스(32) → 13로 보정
[Turn 10, Step 39] Agent: 영웅 능력 사용 -> Elven Archer

--- Game State (Turn 10, Step 40) ---
Agent: Jaina Proudmoore HP: 28, Mana: 4/10
  Hand (4): Master Oakheart, Shatter, Anubisath Warbringer, Stormpike Commando
  Field: War Golem[7/5], Tanaris Hogchopper[4/4]
Opponent: Rexxar HP: 7, Mana: 0/10
  Hand (7)
  Field: Prince Malchezaar[5/6], Shrieking Shroom[1/2]
[Turn 10, Step 40] Agent: 유효하지 않은 액션 인덱스(20) → 0로 보정
[Turn 10, Step 40] Agent: 턴 종료

[Turn 10] === Opponent's Turn ===
[Turn 10, Step 40] Opponent: 카드 플레이 - Eater of Secrets (코스트: 4)
[Turn 10, Step 40] Opponent: 턴 종료
[Turn 10, Step 41] Agent: 유효하지 않은 액션 인덱스(52) → 22로 보정
[Turn 10, Step 41] Agent: 공격 - War Golem[7/5] -> Shrieking Shroom
[Turn 10, Step 42] Agent: 유효하지 않은 액션 인덱스(28) → 6로 보정
[Turn 10, Step 42] Agent: 카드 플레이 - Stormpike Commando -> Prince Malchezaar (코스트: 5)
[Turn 10, Step 43] Agent: 유효하지 않은 액션 인덱스(67) → 11로 보정
[Turn 10, Step 43] Agent: 공격 - Tanaris Hogchopper[4/4] -> Prince Malchezaar
[Turn 10, Step 44] Agent: 유효하지 않은 액션 인덱스(41) → 1로 보정
[Turn 10, Step 44] Agent: 카드 플레이 - Bittertide Hydra (코스트: 5)

--- Game State (Turn 10, Step 45) ---
Agent: Jaina Proudmoore HP: 28, Mana: 0/10
  Hand (3): Master Oakheart, Shatter, Anubisath Warbringer
  Field: War Golem[7/4], Stormpike Commando[4/2], Bittertide Hydra[8/8]
Opponent: Rexxar HP: 7, Mana: 6/10
  Hand (7)
  Field: Sludge Slurper[2/1], Eater of Secrets[2/4]
[Turn 10, Step 45] Agent: 유효하지 않은 액션 인덱스(38) → 0로 보정
[Turn 10, Step 45] Agent: 턴 종료

[Turn 10] === Opponent's Turn ===
[Turn 10, Step 45] Opponent: 공격 - Eater of Secrets[2/4] -> Stormpike Commando
[Turn 10, Step 45] Opponent: 턴 종료
[Turn 10, Step 46] Agent: 유효하지 않은 액션 인덱스(28) → 0로 보정
[Turn 10, Step 46] Agent: 턴 종료

[Turn 10] === Opponent's Turn ===
[Turn 10, Step 46] Opponent: 카드 플레이 - Ethereal Augmerchant -> War Golem (코스트: 1)
[Turn 10, Step 46] Opponent: 공격 - Sludge Slurper[2/1] -> Bittertide Hydra
[Turn 10, Step 46] Opponent: 카드 플레이 - Goldshire Footman (코스트: 1)
[Turn 10, Step 46] Opponent: 턴 종료
[Turn 10, Step 47] Agent: 유효하지 않은 액션 인덱스(23) → 9로 보정
[Turn 10, Step 47] Agent: 영웅 능력 사용 -> Bittertide Hydra
[Turn 10, Step 48] Agent: 유효하지 않은 액션 인덱스(59) → 5로 보정
[Turn 10, Step 48] Agent: 공격 - Bittertide Hydra[8/5] -> Goldshire Footman
[Turn 10, Step 49] Agent: 유효하지 않은 액션 인덱스(76) → 4로 보정
[Turn 10, Step 49] Agent: 공격 - War Golem[7/3] -> Rexxar

--- Game State (Turn 10, Step 50) ---
Agent: Jaina Proudmoore HP: 19, Mana: 8/10
  Hand (5): Master Oakheart, Shatter, Anubisath Warbringer, Fallen Sun Cleric, Polluted Hoarder
  Field: War Golem[7/3], Bittertide Hydra[8/4]
Opponent: Rexxar HP: 0, Mana: 8/10
  Hand (7)
  Field: Ethereal Augmerchant[2/1]

--- Game State (Turn 10, Step 50) ---
Agent: Jaina Proudmoore HP: 19, Mana: 8/10
  Hand (5): Master Oakheart, Shatter, Anubisath Warbringer, Fallen Sun Cleric, Polluted Hoarder
  Field: War Golem[7/3], Bittertide Hydra[8/4]
Opponent: Rexxar HP: 0, Mana: 8/10
  Hand (7)
  Field: Ethereal Augmerchant[2/1]

============================================================
게임 종료 - Terminated: True, Truncated: False
승자: Agent
============================================================

