============================================================
NEW GAME STARTED
Agent: HERO_08 vs Opponent: HERO_05
Action Masking: OFF
Masking Expected: OFF
============================================================

[Turn 1] === Opponent's Turn ===
[Turn 1, Step 0] Opponent: 턴 종료
[Turn 1, Step 1] Agent: 유효하지 않은 액션 인덱스(10) → 2로 보정
[Turn 1, Step 1] Agent: 카드 플레이 - Skaterbot (코스트: 1)
[Turn 1, Step 2] Agent: 유효하지 않은 액션 인덱스(53) → 1로 보정
[Turn 1, Step 2] Agent: 카드 플레이 - The Coin (코스트: 0)
[Turn 1, Step 3] Agent: 유효하지 않은 액션 인덱스(20) → 0로 보정
[Turn 1, Step 3] Agent: 턴 종료

[Turn 1] === Opponent's Turn ===
[Turn 1, Step 3] Opponent: 턴 종료
[Turn 2, Step 4] Agent: 유효하지 않은 액션 인덱스(14) → 6로 보정
[Turn 2, Step 4] Agent: 영웅 능력 사용 -> Skaterbot

--- Game State (Turn 2, Step 5) ---
Agent: Jaina Proudmoore HP: 30, Mana: 0/2
  Hand (5): Vicious Scalehide, Leper Gnome, Snowchugger, Frost Elemental, Mogor the Ogre
Opponent: Rexxar HP: 30, Mana: 2/2
  Hand (5)
[Turn 2, Step 5] Agent: 유효하지 않은 액션 인덱스(39) → 0로 보정
[Turn 2, Step 5] Agent: 턴 종료

[Turn 2] === Opponent's Turn ===
[Turn 2, Step 5] Opponent: 영웅 능력 사용
[Turn 2, Step 5] Opponent: 턴 종료
[Turn 3, Step 6] Agent: 유효하지 않은 액션 인덱스(49) → 1로 보정
[Turn 3, Step 6] Agent: 카드 플레이 - Vicious Scalehide (코스트: 2)
[Turn 3, Step 7] Agent: 유효하지 않은 액션 인덱스(73) → 1로 보정
[Turn 3, Step 7] Agent: 카드 플레이 - Leper Gnome (코스트: 1)
[Turn 3, Step 8] Agent: 유효하지 않은 액션 인덱스(10) → 0로 보정
[Turn 3, Step 8] Agent: 턴 종료

[Turn 3] === Opponent's Turn ===
[Turn 3, Step 8] Opponent: 카드 플레이 - Hungry Dragon (코스트: 4)
[Turn 3, Step 8] Opponent: 턴 종료
[Turn 4, Step 9] Agent: 유효하지 않은 액션 인덱스(55) → 10로 보정
[Turn 4, Step 9] Agent: 공격 - Vicious Scalehide[1/3] -> Hungry Dragon

--- Game State (Turn 4, Step 10) ---
Agent: Jaina Proudmoore HP: 29, Mana: 4/4
  Hand (5): Snowchugger, Frost Elemental, Mogor the Ogre, Tentacled Menace, Silverback Patriarch
  Field: Weasel Tunneler[1/1], Leper Gnome[1/1]
Opponent: Rexxar HP: 30, Mana: 0/4
  Hand (6)
  Field: Hungry Dragon[5/5]
[Turn 4, Step 10] Agent: 유효하지 않은 액션 인덱스(59) → 11로 보정
[Turn 4, Step 10] Agent: 공격 - Leper Gnome[1/1] -> Hungry Dragon
[Turn 4, Step 11] Agent: 유효하지 않은 액션 인덱스(27) → 0로 보정
[Turn 4, Step 11] Agent: 턴 종료

[Turn 4] === Opponent's Turn ===
[Turn 4, Step 11] Opponent: 영웅 능력 사용
[Turn 4, Step 11] Opponent: 카드 플레이 - Tasty Flyfish (코스트: 2)
[Turn 4, Step 11] Opponent: 턴 종료
[Turn 5, Step 12] Agent: 유효하지 않은 액션 인덱스(54) → 2로 보정
[Turn 5, Step 12] Agent: 카드 플레이 - Tentacled Menace (코스트: 5)
[Turn 5, Step 13] Agent: 유효하지 않은 액션 인덱스(86) → 2로 보정
[Turn 5, Step 13] Agent: 공격 - Weasel Tunneler[1/1] -> Hungry Dragon
[Turn 5, Step 14] Agent: 유효하지 않은 액션 인덱스(7) → 0로 보정
[Turn 5, Step 14] Agent: 턴 종료

[Turn 5] === Opponent's Turn ===
[Turn 5, Step 14] Opponent: 공격 - Hungry Dragon[5/3] -> Tentacled Menace
[Turn 5, Step 14] Opponent: 턴 종료

--- Game State (Turn 6, Step 15) ---
Agent: Jaina Proudmoore HP: 27, Mana: 6/6
  Hand (7): Snowchugger, Frost Elemental, Mogor the Ogre, Silverback Patriarch, Murloc Tidehunter, Magtheridon, Terrorguard Escapee
Opponent: Rexxar HP: 28, Mana: 6/6
  Hand (8)
  Field: Tasty Flyfish[2/2]
[Turn 6, Step 15] Agent: 유효하지 않은 액션 인덱스(14) → 1로 보정
[Turn 6, Step 15] Agent: 카드 플레이 - Snowchugger (코스트: 2)
[Turn 6, Step 16] Agent: 유효하지 않은 액션 인덱스(32) → 5로 보정
[Turn 6, Step 16] Agent: 영웅 능력 사용 -> Jaina Proudmoore
[Turn 6, Step 17] Agent: 유효하지 않은 액션 인덱스(27) → 1로 보정
[Turn 6, Step 17] Agent: 카드 플레이 - Murloc Tidehunter (코스트: 2)
[Turn 6, Step 18] Agent: 유효하지 않은 액션 인덱스(33) → 0로 보정
[Turn 6, Step 18] Agent: 턴 종료

[Turn 6] === Opponent's Turn ===
[Turn 6, Step 18] Opponent: 턴 종료
[Turn 7, Step 19] Agent: 유효하지 않은 액션 인덱스(36) → 12로 보정
[Turn 7, Step 19] Agent: 영웅 능력 사용 -> Jaina Proudmoore

--- Game State (Turn 7, Step 20) ---
Agent: Jaina Proudmoore HP: 25, Mana: 5/7
  Hand (6): Frost Elemental, Mogor the Ogre, Silverback Patriarch, Magtheridon, Terrorguard Escapee, Cogmaster
  Field: Snowchugger[2/3], Murloc Tidehunter[2/1], Murloc Scout[1/1]
Opponent: Rexxar HP: 28, Mana: 7/7
  Hand (9)
  Field: Tasty Flyfish[2/2]
[Turn 7, Step 20] Agent: 유효하지 않은 액션 인덱스(71) → 5로 보정
[Turn 7, Step 20] Agent: 공격 - Snowchugger[2/3] -> Rexxar
[Turn 7, Step 21] Agent: 유효하지 않은 액션 인덱스(69) → 6로 보정
[Turn 7, Step 21] Agent: 공격 - Murloc Tidehunter[2/1] -> Tasty Flyfish
[Turn 7, Step 22] Agent: 유효하지 않은 액션 인덱스(13) → 1로 보정
[Turn 7, Step 22] Agent: 카드 플레이 - Silverback Patriarch (코스트: 3)
[Turn 7, Step 23] Agent: 유효하지 않은 액션 인덱스(50) → 2로 보정
[Turn 7, Step 23] Agent: 공격 - Murloc Scout[1/1] -> Rexxar
[Turn 7, Step 24] Agent: 유효하지 않은 액션 인덱스(71) → 1로 보정
[Turn 7, Step 24] Agent: 카드 플레이 - Cogmaster (코스트: 1)

--- Game State (Turn 7, Step 25) ---
Agent: Jaina Proudmoore HP: 25, Mana: 1/7
  Hand (4): Frost Elemental, Mogor the Ogre, Magtheridon, Terrorguard Escapee
  Field: Snowchugger[2/3], Murloc Scout[1/1], Silverback Patriarch[1/4], Cogmaster[3/2]
Opponent: Rexxar HP: 25, Mana: 7/7
  Hand (9)
[Turn 7, Step 25] Agent: 유효하지 않은 액션 인덱스(59) → 0로 보정
[Turn 7, Step 25] Agent: 턴 종료

[Turn 7] === Opponent's Turn ===
[Turn 7, Step 25] Opponent: 턴 종료
[Turn 8, Step 26] Agent: 카드 플레이 - Frost Elemental -> Jaina Proudmoore (코스트: 6)
[Turn 8, Step 27] Agent: 유효하지 않은 액션 인덱스(88) → 10로 보정
[Turn 8, Step 27] Agent: 공격 - Murloc Scout[1/1] -> Rexxar
[Turn 8, Step 28] Agent: 유효하지 않은 액션 인덱스(36) → 0로 보정
[Turn 8, Step 28] Agent: 턴 종료

[Turn 8] === Opponent's Turn ===
[Turn 8, Step 28] Opponent: 턴 종료
[Turn 9, Step 29] Agent: 유효하지 않은 액션 인덱스(73) → 1로 보정
[Turn 9, Step 29] Agent: 카드 플레이 - Mogor the Ogre (코스트: 6)

--- Game State (Turn 9, Step 30) ---
Agent: Jaina Proudmoore HP: 25, Mana: 3/9
  Hand (4): Magtheridon, Terrorguard Escapee, Tome of Intellect, Tinkmaster Overspark
  Field: Snowchugger[2/3], Murloc Scout[1/1], Silverback Patriarch[1/4], Cogmaster[3/2], Frost Elemental[5/5], Mogor the Ogre[7/6]
Opponent: Rexxar HP: 24, Mana: 9/9
  Hand (10)
[Turn 9, Step 30] Agent: 유효하지 않은 액션 인덱스(45) → 9로 보정
[Turn 9, Step 30] Agent: 영웅 능력 사용 -> Silverback Patriarch
[Turn 9, Step 31] Agent: 공격 - Silverback Patriarch[1/3] -> Rexxar
[Turn 9, Step 32] Agent: 유효하지 않은 액션 인덱스(18) → 0로 보정
[Turn 9, Step 32] Agent: 턴 종료

[Turn 9] === Opponent's Turn ===
[Turn 9, Step 32] Opponent: 카드 플레이 - Servant of Kalimos (코스트: 5)
[Turn 9, Step 32] Opponent: 카드 플레이 - Murloc Tinyfin (코스트: 0)
[Turn 9, Step 32] Opponent: 카드 플레이 - Mo'arg Artificer (코스트: 2)
[Turn 9, Step 32] Opponent: 영웅 능력 사용
[Turn 9, Step 32] Opponent: 턴 종료
[Turn 10, Step 33] Agent: 영웅 능력 사용 -> Mogor the Ogre
[Turn 10, Step 34] Agent: 유효하지 않은 액션 인덱스(38) → 8로 보정
[Turn 10, Step 34] Agent: 공격 - Snowchugger[2/3] -> Murloc Tinyfin

--- Game State (Turn 10, Step 35) ---
Agent: Jaina Proudmoore HP: 23, Mana: 8/10
  Hand (5): Magtheridon, Terrorguard Escapee, Tome of Intellect, Tinkmaster Overspark, Darkscale Healer
  Field: Snowchugger[2/1], Murloc Scout[1/1], Silverback Patriarch[1/3], Cogmaster[3/2], Frost Elemental[5/5], Mogor the Ogre[7/4]
Opponent: Rexxar HP: 23, Mana: 1/10
  Hand (7)
  Field: Servant of Kalimos[4/5], Mo'arg Artificer[2/4]
[Turn 10, Step 35] Agent: 유효하지 않은 액션 인덱스(81) → 18로 보정
[Turn 10, Step 35] Agent: 공격 - Mogor the Ogre[7/4] -> Rexxar
[Turn 10, Step 36] Agent: 공격 - Silverback Patriarch[1/3] -> Servant of Kalimos
[Turn 10, Step 37] Agent: 유효하지 않은 액션 인덱스(28) → 4로 보정
[Turn 10, Step 37] Agent: 카드 플레이 - Tinkmaster Overspark (코스트: 3)
[Turn 10, Step 38] Agent: 유효하지 않은 액션 인덱스(53) → 9로 보정
[Turn 10, Step 38] Agent: 공격 - Frost Elemental[5/5] -> Rexxar
[Turn 10, Step 39] Agent: 유효하지 않은 액션 인덱스(84) → 3로 보정
[Turn 10, Step 39] Agent: 카드 플레이 - Tome of Intellect (코스트: 1)

--- Game State (Turn 10, Step 40) ---
Agent: Jaina Proudmoore HP: 23, Mana: 4/10
  Hand (4): Magtheridon, Terrorguard Escapee, Darkscale Healer, Mirror Entity
  Field: Snowchugger[2/1], Murloc Scout[1/1], Cogmaster[3/2], Frost Elemental[5/5], Tinkmaster Overspark[3/3]
Opponent: Rexxar HP: 18, Mana: 1/10
  Hand (7)
  Field: Devilsaur[5/5]
[Turn 10, Step 40] Agent: 유효하지 않은 액션 인덱스(89) → 1로 보정
[Turn 10, Step 40] Agent: 카드 플레이 - Magtheridon (코스트: 3)
[Turn 10, Step 41] Agent: 공격 - Murloc Scout[1/1] -> Hellfire Warder
[Turn 10, Step 42] Agent: 공격 - Cogmaster[3/2] -> Hellfire Warder
[Turn 10, Step 43] Agent: 유효하지 않은 액션 인덱스(50) → 0로 보정
[Turn 10, Step 43] Agent: 턴 종료

[Turn 10] === Opponent's Turn ===
[Turn 10, Step 43] Opponent: 공격 - Devilsaur[5/5] -> Tinkmaster Overspark
[Turn 10, Step 43] Opponent: 카드 플레이 - Hoard Pillager (코스트: 4)
[Turn 10, Step 43] Opponent: 공격 - Hellfire Warder[1/2] -> Jaina Proudmoore
[Turn 10, Step 43] Opponent: 턴 종료
[Turn 10, Step 44] Agent: 유효하지 않은 액션 인덱스(58) → 0로 보정
[Turn 10, Step 44] Agent: 턴 종료

[Turn 10] === Opponent's Turn ===
[Turn 10, Step 44] Opponent: 턴 종료

--- Game State (Turn 10, Step 45) ---
Agent: Jaina Proudmoore HP: 22, Mana: 10/10
  Hand (5): Terrorguard Escapee, Darkscale Healer, Mirror Entity, Ultrasaur, Saboteur
  Field: Snowchugger[2/1], Cogmaster[3/1], Frost Elemental[5/5], Magtheridon[12/12]
Opponent: Rexxar HP: 18, Mana: 10/10
  Hand (8)
  Field: Devilsaur[5/2], Hellfire Warder[1/3], Hellfire Warder[1/2], Hoard Pillager[4/2]
[Turn 10, Step 45] Agent: 유효하지 않은 액션 인덱스(95) → 5로 보정
[Turn 10, Step 45] Agent: 카드 플레이 - Saboteur (코스트: 3)
[Turn 10, Step 46] Agent: 유효하지 않은 액션 인덱스(80) → 22로 보정
[Turn 10, Step 46] Agent: 공격 - Cogmaster[3/1] -> Hellfire Warder
[Turn 10, Step 47] Agent: 공격 - Snowchugger[2/1] -> Rexxar
[Turn 10, Step 48] Agent: 공격 - Frost Elemental[5/5] -> Hoard Pillager
[Turn 10, Step 49] Agent: 영웅 능력 사용 -> Snowchugger

--- Game State (Turn 10, Step 50) ---
Agent: Jaina Proudmoore HP: 22, Mana: 5/10
  Hand (4): Terrorguard Escapee, Darkscale Healer, Mirror Entity, Ultrasaur
  Field: Frost Elemental[5/1], Magtheridon[12/12], Saboteur[4/3]
Opponent: Rexxar HP: 16, Mana: 10/10
  Hand (8)
  Field: Devilsaur[5/2], Hellfire Warder[1/3]
[Turn 10, Step 50] Agent: 유효하지 않은 액션 인덱스(22) → 2로 보정
[Turn 10, Step 50] Agent: 카드 플레이 - Darkscale Healer (코스트: 5)
[Turn 10, Step 51] Agent: 유효하지 않은 액션 인덱스(40) → 0로 보정
[Turn 10, Step 51] Agent: 턴 종료

[Turn 10] === Opponent's Turn ===
[Turn 10, Step 51] Opponent: 턴 종료
[Turn 10, Step 52] Agent: 공격 - Frost Elemental[5/3] -> Devilsaur
[Turn 10, Step 53] Agent: 유효하지 않은 액션 인덱스(77) → 2로 보정
[Turn 10, Step 53] Agent: 카드 플레이 - Mirror Entity (코스트: 3)
[Turn 10, Step 54] Agent: 유효하지 않은 액션 인덱스(82) → 4로 보정
[Turn 10, Step 54] Agent: 영웅 능력 사용 -> Jaina Proudmoore

--- Game State (Turn 10, Step 55) ---
Agent: Jaina Proudmoore HP: 23, Mana: 5/10
  Hand (3): Terrorguard Escapee, Ultrasaur, Shattered Sun Cleric
  Field: Magtheridon[12/12], Saboteur[4/3], Darkscale Healer[4/5]
Opponent: Rexxar HP: 16, Mana: 10/10
  Hand (9)
  Field: Hellfire Warder[1/3]
[Turn 10, Step 55] Agent: 유효하지 않은 액션 인덱스(45) → 5로 보정
[Turn 10, Step 55] Agent: 공격 - Saboteur[4/3] -> Hellfire Warder
[Turn 10, Step 56] Agent: 유효하지 않은 액션 인덱스(12) → 2로 보정
[Turn 10, Step 56] Agent: 카드 플레이 - Shattered Sun Cleric -> Saboteur (코스트: 3)
[Turn 10, Step 57] Agent: 유효하지 않은 액션 인덱스(14) → 0로 보정
[Turn 10, Step 57] Agent: 턴 종료

[Turn 10] === Opponent's Turn ===
[Turn 10, Step 57] Opponent: 카드 플레이 - Cobra Shot -> Saboteur (코스트: 5)
[Turn 10, Step 57] Opponent: 카드 플레이 - Vryghoul (코스트: 3)
[Turn 10, Step 57] Opponent: 영웅 능력 사용
[Turn 10, Step 57] Opponent: 턴 종료
[Turn 10, Step 58] Agent: 유효하지 않은 액션 인덱스(40) → 8로 보정
[Turn 10, Step 58] Agent: 영웅 능력 사용 -> Vryghoul
[Turn 10, Step 59] Agent: 유효하지 않은 액션 인덱스(99) → 0로 보정
[Turn 10, Step 59] Agent: 턴 종료

[Turn 10] === Opponent's Turn ===
[Turn 10, Step 59] Opponent: 턴 종료

--- Game State (Turn 10, Step 60) ---
Agent: Jaina Proudmoore HP: 18, Mana: 10/10
  Hand (4): Terrorguard Escapee, Ultrasaur, Cursed Disciple, Polymorph
  Field: Magtheridon[12/12], Darkscale Healer[4/5], Shattered Sun Cleric[3/2], Vryghoul[3/1]
Opponent: Rexxar HP: 16, Mana: 10/10
  Hand (9)
  Field: Ghoul[2/2]
[Turn 10, Step 60] Agent: 유효하지 않은 액션 인덱스(71) → 11로 보정
[Turn 10, Step 60] Agent: 영웅 능력 사용 -> Shattered Sun Cleric
[Turn 10, Step 61] Agent: 유효하지 않은 액션 인덱스(18) → 5로 보정
[Turn 10, Step 61] Agent: 카드 플레이 - Polymorph -> Vryghoul (코스트: 4)
[Turn 10, Step 62] Agent: 유효하지 않은 액션 인덱스(35) → 0로 보정
[Turn 10, Step 62] Agent: 턴 종료

[Turn 10] === Opponent's Turn ===
[Turn 10, Step 62] Opponent: 카드 플레이 - Burly Shovelfist (코스트: 9)
[Turn 10, Step 62] Opponent: 턴 종료
[Turn 10, Step 63] Agent: 유효하지 않은 액션 인덱스(28) → 7로 보정
[Turn 10, Step 63] Agent: 영웅 능력 사용 -> Darkscale Healer
[Turn 10, Step 64] Agent: 공격 - Darkscale Healer[4/4] -> Burly Shovelfist

--- Game State (Turn 10, Step 65) ---
Agent: Jaina Proudmoore HP: 18, Mana: 8/10
  Hand (4): Terrorguard Escapee, Ultrasaur, Cursed Disciple, Dragoncaster
  Field: Magtheridon[12/12], Shattered Sun Cleric[3/1], Sheep[1/1]
Opponent: Rexxar HP: 16, Mana: 1/10
  Hand (9)
  Field: Ghoul[2/2], Burly Shovelfist[9/5]
[Turn 10, Step 65] Agent: 유효하지 않은 액션 인덱스(33) → 3로 보정
[Turn 10, Step 65] Agent: 카드 플레이 - Dragoncaster (코스트: 7)
[Turn 10, Step 66] Agent: 유효하지 않은 액션 인덱스(45) → 3로 보정
[Turn 10, Step 66] Agent: 공격 - Shattered Sun Cleric[3/1] -> Burly Shovelfist
[Turn 10, Step 67] Agent: 유효하지 않은 액션 인덱스(72) → 0로 보정
[Turn 10, Step 67] Agent: 턴 종료

[Turn 10] === Opponent's Turn ===
[Turn 10, Step 67] Opponent: 턴 종료
[Turn 10, Step 68] Agent: 유효하지 않은 액션 인덱스(91) → 6로 보정
[Turn 10, Step 68] Agent: 영웅 능력 사용 -> Rexxar
[Turn 10, Step 69] Agent: 유효하지 않은 액션 인덱스(87) → 7로 보정
[Turn 10, Step 69] Agent: 공격 - Dragoncaster[4/4] -> Rexxar

--- Game State (Turn 10, Step 70) ---
Agent: Jaina Proudmoore HP: 18, Mana: 8/10
  Hand (4): Terrorguard Escapee, Ultrasaur, Cursed Disciple, Flesheating Ghoul
  Field: Magtheridon[12/12], Sheep[1/1], Dragoncaster[4/4]
Opponent: Rexxar HP: 11, Mana: 10/10
  Hand (10)
  Field: Ghoul[2/2], Burly Shovelfist[9/2]
[Turn 10, Step 70] Agent: 유효하지 않은 액션 인덱스(99) → 1로 보정
[Turn 10, Step 70] Agent: 카드 플레이 - Terrorguard Escapee (코스트: 3)
[Turn 10, Step 71] Agent: 유효하지 않은 액션 인덱스(16) → 2로 보정
[Turn 10, Step 71] Agent: 카드 플레이 - Flesheating Ghoul (코스트: 3)
[Turn 10, Step 72] Agent: 유효하지 않은 액션 인덱스(71) → 1로 보정
[Turn 10, Step 72] Agent: 공격 - Sheep[1/1] -> Rexxar
[Turn 10, Step 73] Agent: 유효하지 않은 액션 인덱스(33) → 0로 보정
[Turn 10, Step 73] Agent: 턴 종료

[Turn 10] === Opponent's Turn ===
[Turn 10, Step 73] Opponent: 턴 종료
[Turn 10, Step 74] Agent: 공격 - Dragoncaster[4/4] -> Burly Shovelfist

--- Game State (Turn 10, Step 75) ---
Agent: Jaina Proudmoore HP: 18, Mana: 10/10
  Hand (3): Ultrasaur, Cursed Disciple, Kobold Stickyfinger
  Field: Magtheridon[12/12], Sheep[1/1], Terrorguard Escapee[3/7], Flesheating Ghoul[4/3]
Opponent: Rexxar HP: 10, Mana: 10/10
  Hand (10)
  Field: Ghoul[2/2], Huntress[1/1]
[Turn 10, Step 75] Agent: 공격 - Terrorguard Escapee[3/7] -> Huntress
[Turn 10, Step 76] Agent: 유효하지 않은 액션 인덱스(50) → 8로 보정
[Turn 10, Step 76] Agent: 영웅 능력 사용 -> Terrorguard Escapee
[Turn 10, Step 77] Agent: 유효하지 않은 액션 인덱스(78) → 1로 보정
[Turn 10, Step 77] Agent: 카드 플레이 - Cursed Disciple (코스트: 4)
[Turn 10, Step 78] Agent: 유효하지 않은 액션 인덱스(28) → 3로 보정
[Turn 10, Step 78] Agent: 공격 - Flesheating Ghoul[5/3] -> Rexxar
[Turn 10, Step 79] Agent: 유효하지 않은 액션 인덱스(18) → 0로 보정
[Turn 10, Step 79] Agent: 턴 종료

[Turn 10] === Opponent's Turn ===
[Turn 10, Step 79] Opponent: 턴 종료

--- Game State (Turn 10, Step 80) ---
Agent: Jaina Proudmoore HP: 18, Mana: 10/10
  Hand (3): Argent Horserider, Ultrasaur, Kobold Stickyfinger
  Field: Magtheridon[12/12], Sheep[1/1], Terrorguard Escapee[3/5], Flesheating Ghoul[5/3], Cursed Disciple[5/1]
Opponent: Rexxar HP: 5, Mana: 10/10
  Hand (10)
  Field: Ghoul[2/2]
[Turn 10, Step 80] Agent: 유효하지 않은 액션 인덱스(44) → 6로 보정
[Turn 10, Step 80] Agent: 영웅 능력 사용 -> Ghoul
[Turn 10, Step 81] Agent: 유효하지 않은 액션 인덱스(37) → 4로 보정
[Turn 10, Step 81] Agent: 공격 - Sheep[1/1] -> Ghoul
[Turn 10, Step 82] Agent: 유효하지 않은 액션 인덱스(42) → 0로 보정
[Turn 10, Step 82] Agent: 턴 종료

[Turn 10] === Opponent's Turn ===
[Turn 10, Step 82] Opponent: 카드 플레이 - Arcane Tyrant (코스트: 5)
[Turn 10, Step 82] Opponent: 카드 플레이 - Blackwald Pixie (코스트: 3)
[Turn 10, Step 82] Opponent: 카드 플레이 - Dozing Marksman (코스트: 2)
[Turn 10, Step 82] Opponent: 턴 종료
[Turn 10, Step 83] Agent: 유효하지 않은 액션 인덱스(70) → 20로 보정
[Turn 10, Step 83] Agent: 공격 - Flesheating Ghoul[7/3] -> Dozing Marksman
[Turn 10, Step 84] Agent: 유효하지 않은 액션 인덱스(66) → 12로 보정
[Turn 10, Step 84] Agent: 공격 - Terrorguard Escapee[3/5] -> Rexxar

--- Game State (Turn 10, Step 85) ---
Agent: Jaina Proudmoore HP: 18, Mana: 10/10
  Hand (4): Argent Horserider, Ultrasaur, Kobold Stickyfinger, Mana Reservoir
  Field: Magtheridon[12/12], Terrorguard Escapee[3/5], Flesheating Ghoul[8/3], Cursed Disciple[5/1]
Opponent: Rexxar HP: 2, Mana: 0/10
  Hand (7)
  Field: Arcane Tyrant[4/4], Blackwald Pixie[3/4]
[Turn 10, Step 85] Agent: 유효하지 않은 액션 인덱스(60) → 0로 보정
[Turn 10, Step 85] Agent: 턴 종료

[Turn 10] === Opponent's Turn ===
[Turn 10, Step 85] Opponent: 턴 종료
[Turn 10, Step 86] Agent: 유효하지 않은 액션 인덱스(64) → 20로 보정
[Turn 10, Step 86] Agent: 공격 - Cursed Disciple[5/1] -> Arcane Tyrant
[Turn 10, Step 87] Agent: 영웅 능력 사용 -> Jaina Proudmoore
[Turn 10, Step 88] Agent: 유효하지 않은 액션 인덱스(68) → 5로 보정
[Turn 10, Step 88] Agent: 공격 - Terrorguard Escapee[3/5] -> Rexxar

--- Game State (Turn 10, Step 89) ---
Agent: Jaina Proudmoore HP: 17, Mana: 8/10
  Hand (5): Argent Horserider, Ultrasaur, Kobold Stickyfinger, Mana Reservoir, Sylvanas Windrunner
  Field: Magtheridon[12/12], Terrorguard Escapee[3/5], Flesheating Ghoul[10/3], Cursed Revenant[5/1]
Opponent: Rexxar HP: 0, Mana: 10/10
  Hand (8)
  Field: Blackwald Pixie[3/4]

============================================================
게임 종료 - Terminated: True, Truncated: False
승자: Agent
============================================================

