============================================================
NEW GAME STARTED
Agent: HERO_08 vs Opponent: HERO_05
Action Masking: OFF
Masking Expected: OFF
============================================================
[Turn 1, Step 0] Agent: 카드 플레이 - Ice Lance -> Jaina Proudmoore (코스트: 1)
[Turn 1, Step 1] Agent: 턴 종료

[Turn 1] === Opponent's Turn ===
[Turn 1, Step 1] Opponent: 턴 종료
[Turn 2, Step 2] Agent: 카드 플레이 - Spark Engine (코스트: 2)
[Turn 2, Step 3] Agent: 턴 종료

[Turn 2] === Opponent's Turn ===
[Turn 2, Step 3] Opponent: 카드 플레이 - Sir Finley Mrrgglton (코스트: 1)
[Turn 2, Step 3] Opponent: 선택 - Demon Claws
[Turn 2, Step 3] Opponent: 카드 플레이 - The Coin (코스트: 0)
[Turn 2, Step 3] Opponent: 카드 플레이 - Hench-Clan Hogsteed (코스트: 2)
[Turn 2, Step 3] Opponent: 공격 - Hench-Clan Hogsteed[2/1] -> Spark Engine
[Turn 2, Step 3] Opponent: 턴 종료
[Turn 3, Step 4] Agent: 카드 플레이 - Duskboar (코스트: 2)

--- Game State (Turn 3, Step 5) ---
Agent: Jaina Proudmoore HP: 30, Mana: 1/3
  Hand (4): Eldritch Horror, Raven Familiar, Spark, Proud Defender
  Field: Duskboar[4/1]
Opponent: Rexxar HP: 30, Mana: 0/2
  Hand (4)
  Field: Sir Finley Mrrgglton[1/3], Hench-Clan Squire[1/1]
[Turn 3, Step 5] Agent: 카드 플레이 - Spark (코스트: 1)
[Turn 3, Step 6] Agent: 공격 - Spark[1/1] -> Sir Finley Mrrgglton
[Turn 3, Step 7] Agent: 턴 종료

[Turn 3] === Opponent's Turn ===
[Turn 3, Step 7] Opponent: 턴 종료
[Turn 4, Step 8] Agent: 카드 플레이 - Raven Familiar (코스트: 2)
[Turn 4, Step 9] Agent: 영웅 능력 사용 -> Jaina Proudmoore

--- Game State (Turn 4, Step 10) ---
Agent: Jaina Proudmoore HP: 29, Mana: 0/4
  Hand (4): Eldritch Horror, Proud Defender, War Golem, Shatter
  Field: Duskboar[4/1], Raven Familiar[2/2]
Opponent: Rexxar HP: 30, Mana: 3/3
  Hand (5)
  Field: Sir Finley Mrrgglton[1/2], Hench-Clan Squire[1/1]
[Turn 4, Step 10] Agent: 공격 - Duskboar[4/1] -> Rexxar
[Turn 4, Step 11] Agent: 턴 종료

[Turn 4] === Opponent's Turn ===
[Turn 4, Step 11] Opponent: 공격 - Hench-Clan Squire[1/1] -> Duskboar
[Turn 4, Step 11] Opponent: 카드 플레이 - Baron Rivendare (코스트: 4)
[Turn 4, Step 11] Opponent: 공격 - Sir Finley Mrrgglton[1/2] -> Raven Familiar
[Turn 4, Step 11] Opponent: 턴 종료
[Turn 5, Step 12] Agent: 카드 플레이 - Proud Defender (코스트: 4)
[Turn 5, Step 13] Agent: 공격 - Raven Familiar[2/1] -> Rexxar
[Turn 5, Step 14] Agent: 턴 종료

[Turn 5] === Opponent's Turn ===
[Turn 5, Step 14] Opponent: 공격 - Baron Rivendare[1/7] -> Proud Defender
[Turn 5, Step 14] Opponent: 카드 플레이 - Armored Warhorse (코스트: 4)
[Turn 5, Step 14] Opponent: 영웅 능력 사용
[Turn 5, Step 14] Opponent: 공격 - Armored Warhorse[5/3] -> Proud Defender
[Turn 5, Step 14] Opponent: 턴 종료

--- Game State (Turn 6, Step 15) ---
Agent: Jaina Proudmoore HP: 29, Mana: 6/6
  Hand (5): Eldritch Horror, War Golem, Shatter, Garrison Commander, Gravelsnout Knight
  Field: Raven Familiar[2/1]
Opponent: Rexxar HP: 24, Mana: 0/5
  Hand (5)
  Field: Baron Rivendare[1/5], Armored Warhorse[5/1]
[Turn 6, Step 15] Agent: 카드 플레이 - Garrison Commander (코스트: 2)
[Turn 6, Step 16] Agent: 카드 플레이 - Gravelsnout Knight (코스트: 1)
[Turn 6, Step 17] Agent: 영웅 능력 사용 -> Jaina Proudmoore
[Turn 6, Step 18] Agent: 공격 - Raven Familiar[2/1] -> Rexxar
[Turn 6, Step 19] Agent: 턴 종료

[Turn 6] === Opponent's Turn ===
[Turn 6, Step 19] Opponent: 공격 - Murmy[1/1] -> Raven Familiar
[Turn 6, Step 19] Opponent: 카드 플레이 - Mechanical Yeti (코스트: 4)
[Turn 6, Step 19] Opponent: 공격 - Baron Rivendare[1/5] -> Jaina Proudmoore
[Turn 6, Step 19] Opponent: 영웅 능력 사용
[Turn 6, Step 19] Opponent: 공격 - Rexxar[1/22] -> Garrison Commander
[Turn 6, Step 19] Opponent: 공격 - Armored Warhorse[5/1] -> Garrison Commander
[Turn 6, Step 19] Opponent: 턴 종료

--- Game State (Turn 7, Step 20) ---
Agent: Jaina Proudmoore HP: 27, Mana: 7/7
  Hand (4): Eldritch Horror, War Golem, Shatter, Tasty Flyfish
  Field: Gravelsnout Knight[2/3]
Opponent: Rexxar HP: 20, Mana: 1/6
  Hand (5)
  Field: Baron Rivendare[1/5], Murmy[1/1], Mechanical Yeti[4/5]
[Turn 7, Step 20] Agent: 카드 플레이 - War Golem (코스트: 7)
[Turn 7, Step 21] Agent: 공격 - Gravelsnout Knight[2/3] -> Rexxar
[Turn 7, Step 22] Agent: 턴 종료

[Turn 7] === Opponent's Turn ===
[Turn 7, Step 22] Opponent: 카드 플레이 - Ticking Abomination (코스트: 4)
[Turn 7, Step 22] Opponent: 공격 - Murmy[1/1] -> Gravelsnout Knight
[Turn 7, Step 22] Opponent: 턴 종료
[Turn 8, Step 23] Agent: 카드 플레이 - Eldritch Horror (코스트: 8)
[Turn 8, Step 24] Agent: 공격 - Gravelsnout Knight[2/2] -> Rexxar

--- Game State (Turn 8, Step 25) ---
Agent: Jaina Proudmoore HP: 27, Mana: 0/8
  Hand (3): Shatter, Tasty Flyfish, Shu'ma
  Field: Gravelsnout Knight[2/2], War Golem[7/7], Eldritch Horror[6/10]
Opponent: Rexxar HP: 16, Mana: 3/7
  Hand (5)
  Field: Baron Rivendare[1/5], Mechanical Yeti[4/5], Ticking Abomination[5/6]
[Turn 8, Step 25] Agent: 공격 - War Golem[7/7] -> Rexxar
[Turn 8, Step 26] Agent: 턴 종료

[Turn 8] === Opponent's Turn ===
[Turn 8, Step 26] Opponent: 카드 플레이 - Reno Jackson (코스트: 6)
[Turn 8, Step 26] Opponent: 턴 종료
[Turn 9, Step 27] Agent: 카드 플레이 - Tasty Flyfish (코스트: 2)
[Turn 9, Step 28] Agent: 카드 플레이 - Shu'ma (코스트: 7)
[Turn 9, Step 29] Agent: 공격 - Gravelsnout Knight[2/2] -> Rexxar

--- Game State (Turn 9, Step 30) ---
Agent: Jaina Proudmoore HP: 27, Mana: 0/9
  Hand (2): Shatter, Amani Berserker
  Field: Gravelsnout Knight[2/2], War Golem[7/7], Eldritch Horror[6/10], Tasty Flyfish[2/2], Shu'ma[1/7]
Opponent: Rexxar HP: 28, Mana: 2/8
  Hand (5)
  Field: Baron Rivendare[1/5], Mechanical Yeti[4/5], Ticking Abomination[5/6], Reno Jackson[4/6]
[Turn 9, Step 30] Agent: 공격 - War Golem[7/7] -> Rexxar
[Turn 9, Step 31] Agent: 공격 - Eldritch Horror[6/10] -> Rexxar
[Turn 9, Step 32] Agent: 턴 종료

[Turn 9] === Opponent's Turn ===
[Turn 9, Step 32] Opponent: 공격 - Ticking Abomination[5/6] -> War Golem
[Turn 9, Step 32] Opponent: 턴 종료
[Turn 10, Step 33] Agent: 카드 플레이 - Time Rewinder -> Gravelsnout Knight (코스트: 1)
[Turn 10, Step 34] Agent: 카드 플레이 - Amani Berserker (코스트: 2)

--- Game State (Turn 10, Step 35) ---
Agent: Jaina Proudmoore HP: 27, Mana: 7/10
  Hand (3): Shatter, C'Thun's Chosen, Gravelsnout Knight
  Field: War Golem[7/2], Eldritch Horror[6/10], Tasty Flyfish[2/2], Tentacle[1/1], Shu'ma[1/7], Tentacle[1/1], Amani Berserker[2/3]
Opponent: Rexxar HP: 15, Mana: 9/9
  Hand (7)
[Turn 10, Step 35] Agent: 영웅 능력 사용 -> Jaina Proudmoore
[Turn 10, Step 36] Agent: 공격 - War Golem[7/2] -> Rexxar
[Turn 10, Step 37] Agent: 공격 - Eldritch Horror[6/10] -> Rexxar
[Turn 10, Step 38] Agent: 공격 - Tasty Flyfish[2/2] -> Rexxar

--- Game State (Turn 10, Step 39) ---
Agent: Jaina Proudmoore HP: 26, Mana: 5/10
  Hand (3): Shatter, C'Thun's Chosen, Gravelsnout Knight
  Field: War Golem[7/2], Eldritch Horror[6/10], Tasty Flyfish[2/2], Tentacle[1/1], Shu'ma[1/7], Tentacle[1/1], Amani Berserker[2/3]
Opponent: Rexxar HP: 0, Mana: 9/9
  Hand (7)

============================================================
게임 종료 - Terminated: True, Truncated: False
승자: Agent
============================================================

