============================================================
NEW GAME STARTED
Agent: HERO_08 vs Opponent: HERO_05
Action Masking: OFF
============================================================

[Turn 1] === Opponent's Turn ===
[Turn 1, Step 0] Opponent: 턴 종료
[Turn 1, Step 1] Agent: 유효하지 않은 액션 인덱스(9) → 1로 보정
[Turn 1, Step 1] Agent: 카드 플레이 - The Coin (코스트: 0)
[Turn 1, Step 2] Agent: 유효하지 않은 액션 인덱스(13) → 6로 보정
[Turn 1, Step 2] Agent: 영웅 능력 사용 -> Rexxar
[Turn 1, Step 3] Agent: 유효하지 않은 액션 인덱스(77) → 0로 보정
[Turn 1, Step 3] Agent: 턴 종료

[Turn 1] === Opponent's Turn ===
[Turn 1, Step 3] Opponent: 영웅 능력 사용
[Turn 1, Step 3] Opponent: 턴 종료
[Turn 2, Step 4] Agent: 유효하지 않은 액션 인덱스(50) → 2로 보정
[Turn 2, Step 4] Agent: 카드 플레이 - Gilblin Stalker (코스트: 2)

--- Game State (Turn 2, Step 5) ---
Agent: Jaina Proudmoore HP: 28, Mana: 0/2
  Hand (5): Firetree Witchdoctor, Ruststeed Raider, Dragon Breeder, Faerie Dragon, Shieldbearer
  Field: Gilblin Stalker[2/3]
Opponent: Rexxar HP: 29, Mana: 0/2
  Hand (5)
[Turn 2, Step 5] Agent: 유효하지 않은 액션 인덱스(65) → 0로 보정
[Turn 2, Step 5] Agent: 턴 종료

[Turn 2] === Opponent's Turn ===
[Turn 2, Step 5] Opponent: 턴 종료
[Turn 3, Step 6] Agent: 유효하지 않은 액션 인덱스(39) → 9로 보정
[Turn 3, Step 6] Agent: 공격 - Gilblin Stalker[2/3] -> Rexxar
[Turn 3, Step 7] Agent: 유효하지 않은 액션 인덱스(49) → 4로 보정
[Turn 3, Step 7] Agent: 카드 플레이 - Shieldbearer (코스트: 1)
[Turn 3, Step 8] Agent: 유효하지 않은 액션 인덱스(91) → 3로 보정
[Turn 3, Step 8] Agent: 카드 플레이 - Faerie Dragon (코스트: 2)
[Turn 3, Step 9] Agent: 유효하지 않은 액션 인덱스(59) → 0로 보정
[Turn 3, Step 9] Agent: 턴 종료

[Turn 3] === Opponent's Turn ===
[Turn 3, Step 9] Opponent: 카드 플레이 - Bear Trap (코스트: 2)
[Turn 3, Step 9] Opponent: 영웅 능력 사용
[Turn 3, Step 9] Opponent: 턴 종료

--- Game State (Turn 4, Step 10) ---
Agent: Jaina Proudmoore HP: 26, Mana: 4/4
  Hand (5): Firetree Witchdoctor, Ruststeed Raider, Dragon Breeder, Gluttonous Ooze, Kirin Tor Tricaster
  Field: Gilblin Stalker[2/3], Shieldbearer[0/4], Faerie Dragon[3/2]
Opponent: Rexxar HP: 27, Mana: 0/4
  Hand (6)
[Turn 4, Step 10] Agent: 유효하지 않은 액션 인덱스(24) → 2로 보정
[Turn 4, Step 10] Agent: 카드 플레이 - Dragon Breeder -> Faerie Dragon (코스트: 2)
[Turn 4, Step 11] Agent: 유효하지 않은 액션 인덱스(19) → 9로 보정
[Turn 4, Step 11] Agent: 공격 - Faerie Dragon[3/2] -> Rexxar
[Turn 4, Step 12] Agent: 유효하지 않은 액션 인덱스(61) → 1로 보정
[Turn 4, Step 12] Agent: 카드 플레이 - Firetree Witchdoctor (코스트: 2)
[Turn 4, Step 13] Agent: 선택 - Tome of Intellect
[Turn 4, Step 13] Agent: 유효하지 않은 액션 인덱스(56) → 0로 보정
[Turn 4, Step 13] Agent: 턴 종료

[Turn 4] === Opponent's Turn ===
[Turn 4, Step 13] Opponent: 공격 - Ironfur Grizzly[3/3] -> Shieldbearer
[Turn 4, Step 13] Opponent: 영웅 능력 사용
[Turn 4, Step 13] Opponent: 카드 플레이 - Desert Spear (코스트: 3)
[Turn 4, Step 13] Opponent: 턴 종료
[Turn 5, Step 14] Agent: 유효하지 않은 액션 인덱스(53) → 7로 보정
[Turn 5, Step 14] Agent: 카드 플레이 - Voodoo Doll -> Shieldbearer (코스트: 3)

--- Game State (Turn 5, Step 15) ---
Agent: Jaina Proudmoore HP: 24, Mana: 2/5
  Hand (5): Ruststeed Raider, Gluttonous Ooze, Kirin Tor Tricaster, Faerie Dragon, Tome of Intellect
  Field: Gilblin Stalker[2/3], Shieldbearer[0/1], Faerie Dragon[3/2], Dragon Breeder[2/3], Firetree Witchdoctor[2/2], Voodoo Doll[1/1]
Opponent: Rexxar HP: 24, Mana: 0/5
  Hand (6)
  Field: Ironfur Grizzly[3/3]
[Turn 5, Step 15] Agent: 유효하지 않은 액션 인덱스(41) → 11로 보정
[Turn 5, Step 15] Agent: 공격 - Gilblin Stalker[2/3] -> Ironfur Grizzly
[Turn 5, Step 16] Agent: 유효하지 않은 액션 인덱스(72) → 7로 보정
[Turn 5, Step 16] Agent: 영웅 능력 사용 -> Ironfur Grizzly
[Turn 5, Step 17] Agent: 유효하지 않은 액션 인덱스(24) → 0로 보정
[Turn 5, Step 17] Agent: 턴 종료

[Turn 5] === Opponent's Turn ===
[Turn 5, Step 17] Opponent: 카드 플레이 - Midnight Drake (코스트: 4)
[Turn 5, Step 17] Opponent: 턴 종료
[Turn 6, Step 18] Agent: 유효하지 않은 액션 인덱스(28) → 6로 보정
[Turn 6, Step 18] Agent: 카드 플레이 - Boulderfist Ogre (코스트: 6)
[Turn 6, Step 19] Agent: 유효하지 않은 액션 인덱스(79) → 7로 보정
[Turn 6, Step 19] Agent: 공격 - Voodoo Doll[1/1] -> Rexxar

--- Game State (Turn 6, Step 20) ---
Agent: Jaina Proudmoore HP: 24, Mana: 0/6
  Hand (5): Ruststeed Raider, Gluttonous Ooze, Kirin Tor Tricaster, Faerie Dragon, Tome of Intellect
  Field: Shieldbearer[0/1], Faerie Dragon[3/2], Dragon Breeder[2/3], Firetree Witchdoctor[2/2], Voodoo Doll[1/1], Boulderfist Ogre[6/7]
Opponent: Rexxar HP: 23, Mana: 2/6
  Hand (6)
  Field: Midnight Drake[7/4]
[Turn 6, Step 20] Agent: 유효하지 않은 액션 인덱스(64) → 1로 보정
[Turn 6, Step 20] Agent: 공격 - Faerie Dragon[3/2] -> Rexxar
[Turn 6, Step 21] Agent: 유효하지 않은 액션 인덱스(7) → 2로 보정
[Turn 6, Step 21] Agent: 공격 - Dragon Breeder[2/3] -> Midnight Drake
[Turn 6, Step 22] Agent: 유효하지 않은 액션 인덱스(48) → 0로 보정
[Turn 6, Step 22] Agent: 턴 종료

[Turn 6] === Opponent's Turn ===
[Turn 6, Step 22] Opponent: 카드 플레이 - Prince Taldaram (코스트: 3)
[Turn 6, Step 22] Opponent: 카드 플레이 - Frenzied Felwing (코스트: 4)
[Turn 6, Step 22] Opponent: 공격 - Rexxar[1/20] -> Shieldbearer
[Turn 6, Step 22] Opponent: 공격 - Midnight Drake[7/2] -> Boulderfist Ogre
[Turn 6, Step 22] Opponent: 공격 - Locust[1/1] -> Voodoo Doll
[Turn 6, Step 22] Opponent: 턴 종료
[Turn 7, Step 23] Agent: 유효하지 않은 액션 인덱스(66) → 12로 보정
[Turn 7, Step 23] Agent: 공격 - Faerie Dragon[3/2] -> Rexxar
[Turn 7, Step 24] Agent: 유효하지 않은 액션 인덱스(97) → 7로 보정
[Turn 7, Step 24] Agent: 영웅 능력 사용 -> Jaina Proudmoore

--- Game State (Turn 7, Step 25) ---
Agent: Jaina Proudmoore HP: 23, Mana: 5/7
  Hand (6): Ruststeed Raider, Gluttonous Ooze, Kirin Tor Tricaster, Faerie Dragon, Tome of Intellect, Dragon Egg
  Field: Faerie Dragon[3/2], Firetree Witchdoctor[2/2]
Opponent: Rexxar HP: 17, Mana: 0/7
  Hand (5)
  Field: Prince Taldaram[3/3], Frenzied Felwing[3/2]
[Turn 7, Step 25] Agent: 유효하지 않은 액션 인덱스(46) → 6로 보정
[Turn 7, Step 25] Agent: 카드 플레이 - Dragon Egg (코스트: 1)
[Turn 7, Step 26] Agent: 유효하지 않은 액션 인덱스(26) → 2로 보정
[Turn 7, Step 26] Agent: 카드 플레이 - Kirin Tor Tricaster (코스트: 4)
[Turn 7, Step 27] Agent: 유효하지 않은 액션 인덱스(26) → 2로 보정
[Turn 7, Step 27] Agent: 공격 - Firetree Witchdoctor[2/2] -> Prince Taldaram
[Turn 7, Step 28] Agent: 유효하지 않은 액션 인덱스(78) → 0로 보정
[Turn 7, Step 28] Agent: 턴 종료

[Turn 7] === Opponent's Turn ===
[Turn 7, Step 28] Opponent: 공격 - Frenzied Felwing[3/2] -> Faerie Dragon
[Turn 7, Step 28] Opponent: 카드 플레이 - Moroes (코스트: 3)
[Turn 7, Step 28] Opponent: 턴 종료
[Turn 8, Step 29] Agent: 유효하지 않은 액션 인덱스(40) → 10로 보정
[Turn 8, Step 29] Agent: 영웅 능력 사용 -> Kirin Tor Tricaster

--- Game State (Turn 8, Step 30) ---
Agent: Jaina Proudmoore HP: 23, Mana: 6/8
  Hand (5): Ruststeed Raider, Gluttonous Ooze, Faerie Dragon, Tome of Intellect, Prince Taldaram
  Field: Dragon Egg[0/2], Kirin Tor Tricaster[3/2]
Opponent: Rexxar HP: 17, Mana: 5/8
  Hand (5)
  Field: Prince Taldaram[3/1], Moroes[1/1], Steward[1/1]
[Turn 8, Step 30] Agent: 유효하지 않은 액션 인덱스(96) → 6로 보정
[Turn 8, Step 30] Agent: 공격 - Kirin Tor Tricaster[3/2] -> Rexxar
[Turn 8, Step 31] Agent: 유효하지 않은 액션 인덱스(65) → 5로 보정
[Turn 8, Step 31] Agent: 카드 플레이 - Prince Taldaram (코스트: 3)
[Turn 8, Step 32] Agent: 유효하지 않은 액션 인덱스(97) → 1로 보정
[Turn 8, Step 32] Agent: 카드 플레이 - Gluttonous Ooze (코스트: 3)
[Turn 8, Step 33] Agent: 유효하지 않은 액션 인덱스(65) → 0로 보정
[Turn 8, Step 33] Agent: 턴 종료

[Turn 8] === Opponent's Turn ===
[Turn 8, Step 33] Opponent: 공격 - Prince Taldaram[3/1] -> Prince Taldaram
[Turn 8, Step 33] Opponent: 공격 - Moroes[1/1] -> Dragon Egg
[Turn 8, Step 33] Opponent: 턴 종료
[Turn 9, Step 34] Agent: 카드 플레이 - Faerie Dragon (코스트: 2)

--- Game State (Turn 9, Step 35) ---
Agent: Jaina Proudmoore HP: 23, Mana: 7/9
  Hand (3): Ruststeed Raider, Tome of Intellect, Gadgetzan Auctioneer
  Field: Dragon Egg[0/1], Black Whelp[2/1], Kirin Tor Tricaster[3/2], Gluttonous Ooze[3/3], Faerie Dragon[3/2]
Opponent: Rexxar HP: 14, Mana: 9/9
  Hand (6)
  Field: Moroes[1/1], Steward[1/1], Steward[1/1]
[Turn 9, Step 35] Agent: 유효하지 않은 액션 인덱스(51) → 1로 보정
[Turn 9, Step 35] Agent: 카드 플레이 - Ruststeed Raider (코스트: 5)
[Turn 9, Step 36] Agent: 유효하지 않은 액션 인덱스(27) → 0로 보정
[Turn 9, Step 36] Agent: 턴 종료

[Turn 9] === Opponent's Turn ===
[Turn 9, Step 36] Opponent: 카드 플레이 - Deadly Shot (코스트: 3)
[Turn 9, Step 36] Opponent: 카드 플레이 - Scaled Nightmare (코스트: 6)
[Turn 9, Step 36] Opponent: 공격 - Steward[1/1] -> Ruststeed Raider
[Turn 9, Step 36] Opponent: 공격 - Steward[1/1] -> Ruststeed Raider
[Turn 9, Step 36] Opponent: 턴 종료
[Turn 10, Step 37] Agent: 유효하지 않은 액션 인덱스(98) → 8로 보정
[Turn 10, Step 37] Agent: 영웅 능력 사용 -> Moroes
[Turn 10, Step 38] Agent: 유효하지 않은 액션 인덱스(17) → 1로 보정
[Turn 10, Step 38] Agent: 카드 플레이 - Tome of Intellect (코스트: 2)
[Turn 10, Step 39] Agent: 공격 - Black Whelp[2/1] -> Rexxar

--- Game State (Turn 10, Step 40) ---
Agent: Jaina Proudmoore HP: 23, Mana: 6/10
  Hand (3): Gadgetzan Auctioneer, Soldier of Fortune, Pyroblast
  Field: Dragon Egg[0/1], Black Whelp[2/1], Kirin Tor Tricaster[3/2], Gluttonous Ooze[3/3], Ruststeed Raider[1/6]
Opponent: Rexxar HP: 12, Mana: 1/10
  Hand (5)
  Field: Steward[1/1], Scaled Nightmare[2/8]
[Turn 10, Step 40] Agent: 유효하지 않은 액션 인덱스(78) → 6로 보정
[Turn 10, Step 40] Agent: 공격 - Gluttonous Ooze[3/3] -> Rexxar
[Turn 10, Step 41] Agent: 유효하지 않은 액션 인덱스(62) → 8로 보정
[Turn 10, Step 41] Agent: 공격 - Ruststeed Raider[1/6] -> Scaled Nightmare
[Turn 10, Step 42] Agent: 유효하지 않은 액션 인덱스(43) → 1로 보정
[Turn 10, Step 42] Agent: 카드 플레이 - Gadgetzan Auctioneer (코스트: 6)
[Turn 10, Step 43] Agent: 유효하지 않은 액션 인덱스(11) → 3로 보정
[Turn 10, Step 43] Agent: 공격 - Kirin Tor Tricaster[3/2] -> Scaled Nightmare
[Turn 10, Step 44] Agent: 유효하지 않은 액션 인덱스(49) → 0로 보정
[Turn 10, Step 44] Agent: 턴 종료

[Turn 10] === Opponent's Turn ===
[Turn 10, Step 44] Opponent: 카드 플레이 - Harrison Jones (코스트: 5)
[Turn 10, Step 44] Opponent: 카드 플레이 - Scarab Egg (코스트: 2)
[Turn 10, Step 44] Opponent: 턴 종료

--- Game State (Turn 10, Step 45) ---
Agent: Jaina Proudmoore HP: 23, Mana: 10/10
  Hand (3): Soldier of Fortune, Pyroblast, North Sea Kraken
  Field: Dragon Egg[0/1], Black Whelp[2/1], Gluttonous Ooze[3/3], Ruststeed Raider[1/4], Gadgetzan Auctioneer[4/4]
Opponent: Rexxar HP: 9, Mana: 3/10
  Hand (4)
  Field: Steward[1/1], Scaled Nightmare[4/4], Harrison Jones[5/4], Scarab Egg[0/2]
[Turn 10, Step 45] Agent: 카드 플레이 - North Sea Kraken -> Steward (코스트: 9)
[Turn 10, Step 46] Agent: 유효하지 않은 액션 인덱스(66) → 15로 보정
[Turn 10, Step 46] Agent: 공격 - Gadgetzan Auctioneer[4/4] -> Harrison Jones
[Turn 10, Step 47] Agent: 유효하지 않은 액션 인덱스(25) → 5로 보정
[Turn 10, Step 47] Agent: 공격 - Gluttonous Ooze[3/3] -> Scaled Nightmare
[Turn 10, Step 48] Agent: 유효하지 않은 액션 인덱스(70) → 0로 보정
[Turn 10, Step 48] Agent: 턴 종료

[Turn 10] === Opponent's Turn ===
[Turn 10, Step 48] Opponent: 카드 플레이 - Doomcaller (코스트: 8)
[Turn 10, Step 48] Opponent: 공격 - Scaled Nightmare[8/1] -> Ruststeed Raider
[Turn 10, Step 48] Opponent: 영웅 능력 사용
[Turn 10, Step 48] Opponent: 턴 종료
[Turn 10, Step 49] Agent: 영웅 능력 사용 -> Dragon Egg

--- Game State (Turn 10, Step 50) ---
Agent: Jaina Proudmoore HP: 22, Mana: 8/10
  Hand (3): Soldier of Fortune, Pyroblast, Blazecaller
  Field: Black Whelp[2/1], Black Whelp[2/1], North Sea Kraken[9/7]
Opponent: Rexxar HP: 9, Mana: 0/10
  Hand (4)
  Field: Scarab Egg[0/2], Doomcaller[7/9]
[Turn 10, Step 50] Agent: 유효하지 않은 액션 인덱스(24) → 6로 보정
[Turn 10, Step 50] Agent: 공격 - North Sea Kraken[9/7] -> Rexxar

--- Game State (Turn 10, Step 51) ---
Agent: Jaina Proudmoore HP: 22, Mana: 8/10
  Hand (3): Soldier of Fortune, Pyroblast, Blazecaller
  Field: Black Whelp[2/1], Black Whelp[2/1], North Sea Kraken[9/7]
Opponent: Rexxar HP: 0, Mana: 0/10
  Hand (4)
  Field: Scarab Egg[0/2], Doomcaller[7/9]

============================================================
게임 종료 - Terminated: True, Truncated: False
승자: Agent
============================================================

