============================================================
NEW GAME STARTED
Agent: HERO_08 vs Opponent: HERO_05
Action Masking: OFF
============================================================

[Turn 1] === Opponent's Turn ===
[Turn 1, Step 0] Opponent: 턴 종료
[Turn 1, Step 1] Agent: 유효하지 않은 액션 인덱스(64) → 0로 보정
[Turn 1, Step 1] Agent: 턴 종료

[Turn 1] === Opponent's Turn ===
[Turn 1, Step 1] Opponent: 영웅 능력 사용
[Turn 1, Step 1] Opponent: 턴 종료
[Turn 2, Step 2] Agent: 유효하지 않은 액션 인덱스(44) → 4로 보정
[Turn 2, Step 2] Agent: 카드 플레이 - Infectious Sporeling (코스트: 1)
[Turn 2, Step 3] Agent: 유효하지 않은 액션 인덱스(77) → 2로 보정
[Turn 2, Step 3] Agent: 카드 플레이 - The Coin (코스트: 0)
[Turn 2, Step 4] Agent: 유효하지 않은 액션 인덱스(14) → 0로 보정
[Turn 2, Step 4] Agent: 턴 종료

[Turn 2] === Opponent's Turn ===
[Turn 2, Step 4] Opponent: 턴 종료

--- Game State (Turn 3, Step 5) ---
Agent: Jaina Proudmoore HP: 28, Mana: 3/3
  Hand (6): Bad Luck Albatross, Spitting Camel, Loatheb, Emerald Reaver, Bloodfen Raptor, Unseen Saboteur
  Field: Infectious Sporeling[1/2]
Opponent: Rexxar HP: 30, Mana: 3/3
  Hand (6)
[Turn 3, Step 5] Agent: 턴 종료

[Turn 3] === Opponent's Turn ===
[Turn 3, Step 5] Opponent: 카드 플레이 - Half-Time Scavenger (코스트: 4)
[Turn 3, Step 5] Opponent: 턴 종료
[Turn 4, Step 6] Agent: 유효하지 않은 액션 인덱스(55) → 5로 보정
[Turn 4, Step 6] Agent: 카드 플레이 - Sewer Crawler (코스트: 3)
[Turn 4, Step 7] Agent: 유효하지 않은 액션 인덱스(25) → 1로 보정
[Turn 4, Step 7] Agent: 카드 플레이 - Emerald Reaver (코스트: 1)
[Turn 4, Step 8] Agent: 유효하지 않은 액션 인덱스(65) → 1로 보정
[Turn 4, Step 8] Agent: 공격 - Infectious Sporeling[1/2] -> Rexxar
[Turn 4, Step 9] Agent: 유효하지 않은 액션 인덱스(94) → 0로 보정
[Turn 4, Step 9] Agent: 턴 종료

[Turn 4] === Opponent's Turn ===
[Turn 4, Step 9] Opponent: 턴 종료

--- Game State (Turn 5, Step 10) ---
Agent: Jaina Proudmoore HP: 27, Mana: 5/5
  Hand (6): Bad Luck Albatross, Spitting Camel, Loatheb, Bloodfen Raptor, Unseen Saboteur, Steel Rager
  Field: Infectious Sporeling[1/2], Sewer Crawler[1/1], Giant Rat[2/3], Emerald Reaver[2/1]
Opponent: Rexxar HP: 28, Mana: 5/5
  Hand (7)
  Field: Infectious Sporeling[1/2], Half-Time Scavenger[3/5]
[Turn 5, Step 10] Agent: 유효하지 않은 액션 인덱스(30) → 9로 보정
[Turn 5, Step 10] Agent: 영웅 능력 사용 -> Sewer Crawler
[Turn 5, Step 11] Agent: 유효하지 않은 액션 인덱스(9) → 0로 보정
[Turn 5, Step 11] Agent: 턴 종료

[Turn 5] === Opponent's Turn ===
[Turn 5, Step 11] Opponent: 공격 - Infectious Sporeling[1/2] -> Jaina Proudmoore
[Turn 5, Step 11] Opponent: 카드 플레이 - Shaky Zipgunner (코스트: 3)
[Turn 5, Step 11] Opponent: 카드 플레이 - Rummaging Kobold (코스트: 3)
[Turn 5, Step 11] Opponent: 공격 - Half-Time Scavenger[3/5] -> Infectious Sporeling
[Turn 5, Step 11] Opponent: 턴 종료
[Turn 6, Step 12] Agent: 유효하지 않은 액션 인덱스(51) → 19로 보정
[Turn 6, Step 12] Agent: 공격 - Infectious Sporeling[1/2] -> Infectious Sporeling
[Turn 6, Step 13] Agent: 유효하지 않은 액션 인덱스(30) → 3로 보정
[Turn 6, Step 13] Agent: 카드 플레이 - Loatheb (코스트: 5)
[Turn 6, Step 14] Agent: 유효하지 않은 액션 인덱스(62) → 7로 보정
[Turn 6, Step 14] Agent: 공격 - Emerald Reaver[2/1] -> Infectious Sporeling

--- Game State (Turn 6, Step 15) ---
Agent: Jaina Proudmoore HP: 26, Mana: 1/6
  Hand (6): Bad Luck Albatross, Spitting Camel, Bloodfen Raptor, Unseen Saboteur, Steel Rager, Dalaran Mage
  Field: Infectious Sporeling[1/1], Giant Rat[2/3], Infectious Sporeling[1/2], Loatheb[5/5]
Opponent: Rexxar HP: 28, Mana: 0/6
  Hand (6)
  Field: Infectious Sporeling[1/2], Shaky Zipgunner[3/3], Rummaging Kobold[1/3]
[Turn 6, Step 15] Agent: 유효하지 않은 액션 인덱스(66) → 1로 보정
[Turn 6, Step 15] Agent: 공격 - Giant Rat[2/3] -> Rexxar
[Turn 6, Step 16] Agent: 유효하지 않은 액션 인덱스(57) → 0로 보정
[Turn 6, Step 16] Agent: 턴 종료

[Turn 6] === Opponent's Turn ===
[Turn 6, Step 16] Opponent: 공격 - Rummaging Kobold[1/3] -> Loatheb
[Turn 6, Step 16] Opponent: 카드 플레이 - Fight Promoter (코스트: 6)
[Turn 6, Step 16] Opponent: 공격 - Shaky Zipgunner[3/3] -> Infectious Sporeling
[Turn 6, Step 16] Opponent: 공격 - Infectious Sporeling[1/2] -> Jaina Proudmoore
[Turn 6, Step 16] Opponent: 턴 종료
[Turn 7, Step 17] Agent: 유효하지 않은 액션 인덱스(52) → 24로 보정
[Turn 7, Step 17] Agent: 공격 - Loatheb[5/4] -> Rexxar
[Turn 7, Step 18] Agent: 영웅 능력 사용 -> Jaina Proudmoore
[Turn 7, Step 19] Agent: 유효하지 않은 액션 인덱스(71) → 1로 보정
[Turn 7, Step 19] Agent: 카드 플레이 - Bad Luck Albatross (코스트: 4)

--- Game State (Turn 7, Step 20) ---
Agent: Jaina Proudmoore HP: 24, Mana: 1/7
  Hand (6): Spitting Camel, Bloodfen Raptor, Unseen Saboteur, Steel Rager, Dalaran Mage, Meteorologist
  Field: Giant Rat[2/3], Infectious Sporeling[1/2], Loatheb[5/4], Bad Luck Albatross[4/3]
Opponent: Rexxar HP: 21, Mana: 1/7
  Hand (6)
  Field: Infectious Sporeling[1/2], Infectious Sporeling[1/2], Fight Promoter[4/4]
[Turn 7, Step 20] Agent: 유효하지 않은 액션 인덱스(29) → 2로 보정
[Turn 7, Step 20] Agent: 공격 - Giant Rat[2/3] -> Infectious Sporeling
[Turn 7, Step 21] Agent: 유효하지 않은 액션 인덱스(15) → 3로 보정
[Turn 7, Step 21] Agent: 공격 - Infectious Sporeling[1/2] -> Fight Promoter
[Turn 7, Step 22] Agent: 유효하지 않은 액션 인덱스(82) → 0로 보정
[Turn 7, Step 22] Agent: 턴 종료

[Turn 7] === Opponent's Turn ===
[Turn 7, Step 22] Opponent: 카드 플레이 - Aya Blackpaw (코스트: 6)
[Turn 7, Step 22] Opponent: 턴 종료
[Turn 8, Step 23] Agent: 영웅 능력 사용 -> Infectious Sporeling
[Turn 8, Step 24] Agent: 유효하지 않은 액션 인덱스(96) → 4로 보정
[Turn 8, Step 24] Agent: 카드 플레이 - Steel Rager (코스트: 4)

--- Game State (Turn 8, Step 25) ---
Agent: Jaina Proudmoore HP: 24, Mana: 2/8
  Hand (6): Spitting Camel, Bloodfen Raptor, Unseen Saboteur, Dalaran Mage, Meteorologist, Scaled Nightmare
  Field: Infectious Sporeling[1/1], Loatheb[5/4], Bad Luck Albatross[4/3], Steel Rager[5/1]
Opponent: Rexxar HP: 21, Mana: 2/8
  Hand (6)
  Field: Infectious Sporeling[1/2], Infectious Sporeling[1/2], Aya Blackpaw[5/3], Jade Golem[1/1]
[Turn 8, Step 25] Agent: 유효하지 않은 액션 인덱스(25) → 3로 보정
[Turn 8, Step 25] Agent: 공격 - Infectious Sporeling[1/1] -> Rexxar
[Turn 8, Step 26] Agent: 공격 - Steel Rager[5/1] -> Infectious Sporeling
[Turn 8, Step 27] Agent: 유효하지 않은 액션 인덱스(44) → 0로 보정
[Turn 8, Step 27] Agent: 턴 종료

[Turn 8] === Opponent's Turn ===
[Turn 8, Step 27] Opponent: 공격 - Infectious Sporeling[1/2] -> Infectious Sporeling
[Turn 8, Step 27] Opponent: 카드 플레이 - Hippogryph (코스트: 4)
[Turn 8, Step 27] Opponent: 턴 종료
[Turn 9, Step 28] Agent: 유효하지 않은 액션 인덱스(51) → 7로 보정
[Turn 9, Step 28] Agent: 카드 플레이 - Scaled Nightmare (코스트: 6)
[Turn 9, Step 29] Agent: 유효하지 않은 액션 인덱스(45) → 5로 보정
[Turn 9, Step 29] Agent: 영웅 능력 사용 -> Jaina Proudmoore

--- Game State (Turn 9, Step 30) ---
Agent: Jaina Proudmoore HP: 23, Mana: 1/9
  Hand (6): Pyromaniac, Spitting Camel, Bloodfen Raptor, Unseen Saboteur, Dalaran Mage, Meteorologist
  Field: Infectious Sporeling[1/2], Loatheb[5/4], Bad Luck Albatross[4/3], Infectious Sporeling[1/2], Scaled Nightmare[2/8]
Opponent: Rexxar HP: 20, Mana: 5/9
  Hand (6)
  Field: Infectious Sporeling[1/1], Aya Blackpaw[5/3], Jade Golem[1/1], Hippogryph[2/6]
[Turn 9, Step 30] Agent: 유효하지 않은 액션 인덱스(75) → 0로 보정
[Turn 9, Step 30] Agent: 턴 종료

[Turn 9] === Opponent's Turn ===
[Turn 9, Step 30] Opponent: 공격 - Aya Blackpaw[5/3] -> Loatheb
[Turn 9, Step 30] Opponent: 공격 - Jade Golem[1/1] -> Bad Luck Albatross
[Turn 9, Step 30] Opponent: 영웅 능력 사용
[Turn 9, Step 30] Opponent: 턴 종료
[Turn 10, Step 31] Agent: 공격 - Scaled Nightmare[4/8] -> Hippogryph
[Turn 10, Step 32] Agent: 영웅 능력 사용 -> Infectious Sporeling
[Turn 10, Step 33] Agent: 유효하지 않은 액션 인덱스(49) → 5로 보정
[Turn 10, Step 33] Agent: 카드 플레이 - Dalaran Mage (코스트: 3)
[Turn 10, Step 34] Agent: 유효하지 않은 액션 인덱스(99) → 3로 보정
[Turn 10, Step 34] Agent: 카드 플레이 - Bloodfen Raptor (코스트: 2)

--- Game State (Turn 10, Step 35) ---
Agent: Jaina Proudmoore HP: 23, Mana: 3/10
  Hand (5): Pyromaniac, Spitting Camel, Unseen Saboteur, Meteorologist, Breath of Sindragosa
  Field: Infectious Sporeling[1/2], Bad Luck Albatross[4/2], Infectious Sporeling[1/1], Scaled Nightmare[4/6], Dalaran Mage[1/4], Bloodfen Raptor[3/2]
Opponent: Rexxar HP: 20, Mana: 8/10
  Hand (7)
  Field: Infectious Sporeling[1/1], Jade Golem[2/2], Hippogryph[2/2]
[Turn 10, Step 35] Agent: 유효하지 않은 액션 인덱스(49) → 0로 보정
[Turn 10, Step 35] Agent: 턴 종료

[Turn 10] === Opponent's Turn ===
[Turn 10, Step 35] Opponent: 공격 - Hippogryph[2/2] -> Jaina Proudmoore
[Turn 10, Step 35] Opponent: 공격 - Infectious Sporeling[1/1] -> Scaled Nightmare
[Turn 10, Step 35] Opponent: 카드 플레이 - Chillwind Yeti (코스트: 4)
[Turn 10, Step 35] Opponent: 공격 - Jade Golem[2/2] -> Bad Luck Albatross
[Turn 10, Step 35] Opponent: 카드 플레이 - Ramkahen Wildtamer (코스트: 3)
[Turn 10, Step 35] Opponent: 영웅 능력 사용
[Turn 10, Step 35] Opponent: 턴 종료
[Turn 10, Step 36] Agent: 유효하지 않은 액션 인덱스(59) → 15로 보정
[Turn 10, Step 36] Agent: 영웅 능력 사용 -> Chillwind Yeti
[Turn 10, Step 37] Agent: 유효하지 않은 액션 인덱스(27) → 5로 보정
[Turn 10, Step 37] Agent: 카드 플레이 - Breath of Sindragosa (코스트: 1)
[Turn 10, Step 38] Agent: 공격 - Infectious Sporeling[1/2] -> Hippogryph
[Turn 10, Step 39] Agent: 유효하지 않은 액션 인덱스(99) → 15로 보정
[Turn 10, Step 39] Agent: 공격 - Dalaran Mage[1/4] -> Chillwind Yeti

--- Game State (Turn 10, Step 40) ---
Agent: Jaina Proudmoore HP: 21, Mana: 7/10
  Hand (5): Pyromaniac, Spitting Camel, Unseen Saboteur, Meteorologist, Ysera
  Field: Infectious Sporeling[1/2], Infectious Sporeling[1/1], Bloodfen Raptor[3/2]
Opponent: Rexxar HP: 20, Mana: 1/10
  Hand (6)
  Field: Infectious Sporeling[1/2], Ramkahen Wildtamer[4/3]
[Turn 10, Step 40] Agent: 유효하지 않은 액션 인덱스(17) → 3로 보정
[Turn 10, Step 40] Agent: 카드 플레이 - Unseen Saboteur (코스트: 6)
[Turn 10, Step 41] Agent: 유효하지 않은 액션 인덱스(33) → 3로 보정
[Turn 10, Step 41] Agent: 공격 - Infectious Sporeling[1/2] -> Ramkahen Wildtamer
[Turn 10, Step 42] Agent: 유효하지 않은 액션 인덱스(72) → 2로 보정
[Turn 10, Step 42] Agent: 공격 - Infectious Sporeling[1/1] -> Infectious Sporeling
[Turn 10, Step 43] Agent: 유효하지 않은 액션 인덱스(54) → 2로 보정
[Turn 10, Step 43] Agent: 공격 - Bloodfen Raptor[3/2] -> Infectious Sporeling
[Turn 10, Step 44] Agent: 유효하지 않은 액션 인덱스(57) → 0로 보정
[Turn 10, Step 44] Agent: 턴 종료

[Turn 10] === Opponent's Turn ===
[Turn 10, Step 44] Opponent: 공격 - Infectious Sporeling[1/2] -> Infectious Sporeling
[Turn 10, Step 44] Opponent: 카드 플레이 - Frost Giant (코스트: 7)
[Turn 10, Step 44] Opponent: 영웅 능력 사용
[Turn 10, Step 44] Opponent: 턴 종료

--- Game State (Turn 10, Step 45) ---
Agent: Jaina Proudmoore HP: 21, Mana: 10/10
  Hand (5): Pyromaniac, Spitting Camel, Meteorologist, Ysera, Ice Block
  Field: Infectious Sporeling[1/2], Unseen Saboteur[5/6]
Opponent: Rexxar HP: 20, Mana: 1/10
  Hand (6)
  Field: Infectious Sporeling[1/1], Frost Giant[8/8]
[Turn 10, Step 45] Agent: 영웅 능력 사용 -> Rexxar
[Turn 10, Step 46] Agent: 유효하지 않은 액션 인덱스(42) → 9로 보정
[Turn 10, Step 46] Agent: 공격 - Unseen Saboteur[5/6] -> Infectious Sporeling
[Turn 10, Step 47] Agent: 유효하지 않은 액션 인덱스(70) → 0로 보정
[Turn 10, Step 47] Agent: 턴 종료

[Turn 10] === Opponent's Turn ===
[Turn 10, Step 47] Opponent: 카드 플레이 - Midnight Drake (코스트: 4)
[Turn 10, Step 47] Opponent: 영웅 능력 사용
[Turn 10, Step 47] Opponent: 카드 플레이 - Ogre Magi (코스트: 4)
[Turn 10, Step 47] Opponent: 턴 종료
[Turn 10, Step 48] Agent: 유효하지 않은 액션 인덱스(85) → 19로 보정
[Turn 10, Step 48] Agent: 공격 - Infectious Sporeling[1/2] -> Frost Giant
[Turn 10, Step 49] Agent: 유효하지 않은 액션 인덱스(96) → 11로 보정
[Turn 10, Step 49] Agent: 영웅 능력 사용 -> Ogre Magi

--- Game State (Turn 10, Step 50) ---
Agent: Jaina Proudmoore HP: 21, Mana: 8/10
  Hand (6): Living Monument, Pyromaniac, Spitting Camel, Meteorologist, Ysera, Ice Block
  Field: Infectious Sporeling[1/2]
Opponent: Rexxar HP: 19, Mana: 0/10
  Hand (5)
  Field: Infectious Sporeling[1/2], Midnight Drake[7/4], Ogre Magi[4/3]
[Turn 10, Step 50] Agent: 유효하지 않은 액션 인덱스(40) → 4로 보정
[Turn 10, Step 50] Agent: 카드 플레이 - Ice Block (코스트: 3)
[Turn 10, Step 51] Agent: 유효하지 않은 액션 인덱스(10) → 3로 보정
[Turn 10, Step 51] Agent: 공격 - Infectious Sporeling[1/2] -> Rexxar
[Turn 10, Step 52] Agent: 유효하지 않은 액션 인덱스(67) → 1로 보정
[Turn 10, Step 52] Agent: 카드 플레이 - Pyromaniac (코스트: 3)
[Turn 10, Step 53] Agent: 유효하지 않은 액션 인덱스(68) → 0로 보정
[Turn 10, Step 53] Agent: 턴 종료

[Turn 10] === Opponent's Turn ===
[Turn 10, Step 53] Opponent: 영웅 능력 사용
[Turn 10, Step 53] Opponent: 턴 종료
[Turn 10, Step 54] Agent: 유효하지 않은 액션 인덱스(25) → 4로 보정
[Turn 10, Step 54] Agent: 카드 플레이 - Ysera (코스트: 9)

--- Game State (Turn 10, Step 55) ---
Agent: Jaina Proudmoore HP: 21, Mana: 1/10
  Hand (4): Living Monument, Spitting Camel, Meteorologist, Raven Familiar
  Field: Infectious Sporeling[1/2], Pyromaniac[3/4], Ysera[4/12]
Opponent: Rexxar HP: 18, Mana: 8/10
  Hand (6)
  Field: Infectious Sporeling[1/2], Midnight Drake[7/4], Ogre Magi[4/3]
[Turn 10, Step 55] Agent: 유효하지 않은 액션 인덱스(54) → 0로 보정
[Turn 10, Step 55] Agent: 턴 종료

[Turn 10] === Opponent's Turn ===
[Turn 10, Step 55] Opponent: 공격 - Infectious Sporeling[1/2] -> Jaina Proudmoore
[Turn 10, Step 55] Opponent: 턴 종료
[Turn 10, Step 56] Agent: 유효하지 않은 액션 인덱스(91) → 10로 보정
[Turn 10, Step 56] Agent: 영웅 능력 사용 -> Midnight Drake
[Turn 10, Step 57] Agent: 유효하지 않은 액션 인덱스(85) → 13로 보정
[Turn 10, Step 57] Agent: 공격 - Pyromaniac[3/4] -> Ogre Magi
[Turn 10, Step 58] Agent: 유효하지 않은 액션 인덱스(46) → 10로 보정
[Turn 10, Step 58] Agent: 공격 - Ysera[4/12] -> Infectious Sporeling
[Turn 10, Step 59] Agent: 유효하지 않은 액션 인덱스(62) → 6로 보정
[Turn 10, Step 59] Agent: 공격 - Infectious Sporeling[1/2] -> Rexxar

--- Game State (Turn 10, Step 60) ---
Agent: Jaina Proudmoore HP: 20, Mana: 8/10
  Hand (6): Living Monument, Spitting Camel, Meteorologist, Raven Familiar, Laughing Sister, Parachute Brigand
  Field: Infectious Sporeling[1/2], Infectious Sporeling[1/2]
Opponent: Rexxar HP: 17, Mana: 10/10
  Hand (7)
  Field: Midnight Drake[7/3]
[Turn 10, Step 60] Agent: 유효하지 않은 액션 인덱스(11) → 5로 보정
[Turn 10, Step 60] Agent: 카드 플레이 - Parachute Brigand (코스트: 2)
[Turn 10, Step 61] Agent: 유효하지 않은 액션 인덱스(9) → 4로 보정
[Turn 10, Step 61] Agent: 카드 플레이 - Laughing Sister (코스트: 3)
[Turn 10, Step 62] Agent: 유효하지 않은 액션 인덱스(75) → 0로 보정
[Turn 10, Step 62] Agent: 턴 종료

[Turn 10] === Opponent's Turn ===
[Turn 10, Step 62] Opponent: 턴 종료
[Turn 10, Step 63] Agent: 유효하지 않은 액션 인덱스(72) → 12로 보정
[Turn 10, Step 63] Agent: 공격 - Infectious Sporeling[1/2] -> Rexxar
[Turn 10, Step 64] Agent: 유효하지 않은 액션 인덱스(78) → 6로 보정
[Turn 10, Step 64] Agent: 영웅 능력 사용 -> Jaina Proudmoore

--- Game State (Turn 10, Step 65) ---
Agent: Jaina Proudmoore HP: 19, Mana: 8/10
  Hand (5): Living Monument, Spitting Camel, Meteorologist, Raven Familiar, Runic Egg
  Field: Infectious Sporeling[1/2], Infectious Sporeling[1/2], Parachute Brigand[2/2], Laughing Sister[3/5]
Opponent: Rexxar HP: 16, Mana: 10/10
  Hand (8)
  Field: Midnight Drake[7/3]
[Turn 10, Step 65] Agent: 유효하지 않은 액션 인덱스(43) → 10로 보정
[Turn 10, Step 65] Agent: 공격 - Laughing Sister[3/5] -> Midnight Drake
[Turn 10, Step 66] Agent: 유효하지 않은 액션 인덱스(71) → 1로 보정
[Turn 10, Step 66] Agent: 카드 플레이 - Spitting Camel (코스트: 2)
[Turn 10, Step 67] Agent: 유효하지 않은 액션 인덱스(29) → 5로 보정
[Turn 10, Step 67] Agent: 공격 - Parachute Brigand[2/2] -> Rexxar
[Turn 10, Step 68] Agent: 유효하지 않은 액션 인덱스(39) → 4로 보정
[Turn 10, Step 68] Agent: 공격 - Infectious Sporeling[1/2] -> Rexxar
[Turn 10, Step 69] Agent: 유효하지 않은 액션 인덱스(7) → 3로 보정
[Turn 10, Step 69] Agent: 카드 플레이 - Runic Egg (코스트: 1)

--- Game State (Turn 10, Step 70) ---
Agent: Jaina Proudmoore HP: 19, Mana: 5/10
  Hand (3): Living Monument, Meteorologist, Raven Familiar
  Field: Infectious Sporeling[1/2], Infectious Sporeling[1/2], Parachute Brigand[2/2], Spitting Camel[2/4], Runic Egg[0/2]
Opponent: Rexxar HP: 13, Mana: 10/10
  Hand (8)
[Turn 10, Step 70] Agent: 유효하지 않은 액션 인덱스(25) → 1로 보정
[Turn 10, Step 70] Agent: 카드 플레이 - Raven Familiar (코스트: 2)
[Turn 10, Step 71] Agent: 유효하지 않은 액션 인덱스(17) → 0로 보정
[Turn 10, Step 71] Agent: 턴 종료

[Turn 10] === Opponent's Turn ===
[Turn 10, Step 71] Opponent: 카드 플레이 - Overconfident Orc (코스트: 3)
[Turn 10, Step 71] Opponent: 카드 플레이 - Argent Horserider (코스트: 3)
[Turn 10, Step 71] Opponent: 카드 플레이 - Albatross (코스트: 1)
[Turn 10, Step 71] Opponent: 공격 - Argent Horserider[2/1] -> Jaina Proudmoore
[Turn 10, Step 71] Opponent: 카드 플레이 - Albatross (코스트: 1)
[Turn 10, Step 71] Opponent: 영웅 능력 사용
[Turn 10, Step 71] Opponent: 턴 종료
[Turn 10, Step 72] Agent: 유효하지 않은 액션 인덱스(64) → 1로 보정
[Turn 10, Step 72] Agent: 카드 플레이 - Pit Fighter (코스트: 5)
[Turn 10, Step 73] Agent: 유효하지 않은 액션 인덱스(81) → 5로 보정
[Turn 10, Step 73] Agent: 영웅 능력 사용 -> Parachute Brigand
[Turn 10, Step 74] Agent: 유효하지 않은 액션 인덱스(78) → 0로 보정
[Turn 10, Step 74] Agent: 턴 종료

[Turn 10] === Opponent's Turn ===
[Turn 10, Step 74] Opponent: 공격 - Albatross[1/1] -> Runic Egg
[Turn 10, Step 74] Opponent: 영웅 능력 사용
[Turn 10, Step 74] Opponent: 공격 - Albatross[1/1] -> Infectious Sporeling
[Turn 10, Step 74] Opponent: 공격 - Overconfident Orc[3/6] -> Infectious Sporeling
[Turn 10, Step 74] Opponent: 공격 - Argent Horserider[2/1] -> Jaina Proudmoore
[Turn 10, Step 74] Opponent: 턴 종료

--- Game State (Turn 10, Step 75) ---
Agent: Jaina Proudmoore HP: 15, Mana: 10/10
  Hand (4): Red Mana Wyrm, Living Monument, Meteorologist, Huge Toad
  Field: Infectious Sporeling[1/1], Spitting Camel[2/4], Raven Familiar[2/2], Pit Fighter[5/6]
Opponent: Rexxar HP: 13, Mana: 8/10
  Hand (6)
  Field: Infectious Sporeling[1/2], Argent Horserider[2/1], Albatross[1/1], Infectious Sporeling[1/2]
[Turn 10, Step 75] Agent: 영웅 능력 사용 -> Pit Fighter
[Turn 10, Step 76] Agent: 공격 - Pit Fighter[5/5] -> Infectious Sporeling
[Turn 10, Step 77] Agent: 유효하지 않은 액션 인덱스(67) → 3로 보정
[Turn 10, Step 77] Agent: 카드 플레이 - Huge Toad (코스트: 2)
[Turn 10, Step 78] Agent: 유효하지 않은 액션 인덱스(89) → 14로 보정
[Turn 10, Step 78] Agent: 공격 - Raven Familiar[2/2] -> Infectious Sporeling
[Turn 10, Step 79] Agent: 유효하지 않은 액션 인덱스(83) → 2로 보정
[Turn 10, Step 79] Agent: 카드 플레이 - Meteorologist (코스트: 6)

--- Game State (Turn 10, Step 80) ---
Agent: Jaina Proudmoore HP: 15, Mana: 0/10
  Hand (2): Red Mana Wyrm, Living Monument
  Field: Infectious Sporeling[1/1], Spitting Camel[2/4], Infectious Sporeling[1/2], Infectious Sporeling[1/2], Huge Toad[3/2], Meteorologist[3/3]
Opponent: Rexxar HP: 13, Mana: 8/10
  Hand (6)
  Field: Argent Horserider[2/1]
[Turn 10, Step 80] Agent: 유효하지 않은 액션 인덱스(32) → 2로 보정
[Turn 10, Step 80] Agent: 공격 - Infectious Sporeling[1/1] -> Argent Horserider
[Turn 10, Step 81] Agent: 유효하지 않은 액션 인덱스(12) → 0로 보정
[Turn 10, Step 81] Agent: 턴 종료

[Turn 10] === Opponent's Turn ===
[Turn 10, Step 81] Opponent: 카드 플레이 - Magtheridon (코스트: 4)
[Turn 10, Step 81] Opponent: 공격 - Infectious Sporeling[1/2] -> Hellfire Warder
[Turn 10, Step 81] Opponent: 턴 종료
[Turn 10, Step 82] Agent: 유효하지 않은 액션 인덱스(62) → 6로 보정
[Turn 10, Step 82] Agent: 영웅 능력 사용 -> Infectious Sporeling
[Turn 10, Step 83] Agent: 유효하지 않은 액션 인덱스(17) → 0로 보정
[Turn 10, Step 83] Agent: 턴 종료

[Turn 10] === Opponent's Turn ===
[Turn 10, Step 83] Opponent: 공격 - Infectious Sporeling[1/1] -> Hellfire Warder
[Turn 10, Step 83] Opponent: 카드 플레이 - Saronite Chain Gang (코스트: 4)
[Turn 10, Step 83] Opponent: 카드 플레이 - Gadgetzan Auctioneer (코스트: 6)
[Turn 10, Step 83] Opponent: 턴 종료
[Turn 10, Step 84] Agent: 공격 - Infectious Sporeling[1/2] -> Saronite Chain Gang

--- Game State (Turn 10, Step 85) ---
Agent: Jaina Proudmoore HP: 15, Mana: 10/10
  Hand (4): Red Mana Wyrm, Living Monument, Toki, Time-Tinker, Violet Illusionist
  Field: Spitting Camel[2/4], Infectious Sporeling[1/1], Hellfire Warder[1/3], Infectious Sporeling[1/1], Infectious Sporeling[1/1], Huge Toad[3/2], Meteorologist[3/3]
Opponent: Rexxar HP: 13, Mana: 0/10
  Hand (5)
  Field: Magtheridon[12/12], Saronite Chain Gang[2/3], Infectious Sporeling[1/2], Gadgetzan Auctioneer[4/4]
[Turn 10, Step 85] Agent: 영웅 능력 사용 -> Infectious Sporeling
[Turn 10, Step 86] Agent: 유효하지 않은 액션 인덱스(47) → 7로 보정
[Turn 10, Step 86] Agent: 공격 - Infectious Sporeling[1/1] -> Saronite Chain Gang
[Turn 10, Step 87] Agent: 유효하지 않은 액션 인덱스(48) → 0로 보정
[Turn 10, Step 87] Agent: 턴 종료

[Turn 10] === Opponent's Turn ===
[Turn 10, Step 87] Opponent: 공격 - Infectious Sporeling[1/2] -> Spitting Camel
[Turn 10, Step 87] Opponent: 공격 - Gadgetzan Auctioneer[4/4] -> Huge Toad
[Turn 10, Step 87] Opponent: 공격 - Infectious Sporeling[1/1] -> Infectious Sporeling
[Turn 10, Step 87] Opponent: 카드 플레이 - Kvaldir Raider (코스트: 5)
[Turn 10, Step 87] Opponent: 턴 종료
[Turn 10, Step 88] Agent: 영웅 능력 사용 -> Hellfire Warder
[Turn 10, Step 89] Agent: 유효하지 않은 액션 인덱스(58) → 4로 보정
[Turn 10, Step 89] Agent: 카드 플레이 - Crowd Roaster -> Gadgetzan Auctioneer (코스트: 7)

--- Game State (Turn 10, Step 90) ---
Agent: Jaina Proudmoore HP: 15, Mana: 1/10
  Hand (4): Red Mana Wyrm, Living Monument, Toki, Time-Tinker, Violet Illusionist
  Field: Infectious Sporeling[1/2], Infectious Sporeling[1/2], Hellfire Warder[1/2], Meteorologist[3/2], Crowd Roaster[7/4]
Opponent: Rexxar HP: 13, Mana: 5/10
  Hand (5)
  Field: Magtheridon[12/12], Gadgetzan Auctioneer[4/1], Kvaldir Raider[4/4]
[Turn 10, Step 90] Agent: 공격 - Infectious Sporeling[1/2] -> Gadgetzan Auctioneer
[Turn 10, Step 91] Agent: 유효하지 않은 액션 인덱스(78) → 8로 보정
[Turn 10, Step 91] Agent: 공격 - Meteorologist[3/2] -> Infectious Sporeling
[Turn 10, Step 92] Agent: 유효하지 않은 액션 인덱스(55) → 0로 보정
[Turn 10, Step 92] Agent: 턴 종료

[Turn 10] === Opponent's Turn ===
[Turn 10, Step 92] Opponent: 영웅 능력 사용
[Turn 10, Step 92] Opponent: 카드 플레이 - Infested Tauren (코스트: 4)
[Turn 10, Step 92] Opponent: 카드 플레이 - Zola the Gorgon -> Kvaldir Raider (코스트: 3)
[Turn 10, Step 92] Opponent: 공격 - Kvaldir Raider[6/6] -> Infectious Sporeling
[Turn 10, Step 92] Opponent: 턴 종료
[Turn 10, Step 93] Agent: 유효하지 않은 액션 인덱스(36) → 2로 보정
[Turn 10, Step 93] Agent: 카드 플레이 - Living Monument (코스트: 10)
[Turn 10, Step 94] Agent: 유효하지 않은 액션 인덱스(38) → 2로 보정
[Turn 10, Step 94] Agent: 공격 - Hellfire Warder[1/2] -> Infested Tauren

--- Game State (Turn 10, Step 95) ---
Agent: Jaina Proudmoore HP: 15, Mana: 0/10
  Hand (4): Red Mana Wyrm, Toki, Time-Tinker, Violet Illusionist, Hungry Dragon
  Field: Infectious Sporeling[1/2], Crowd Roaster[7/4], Living Monument[10/10]
Opponent: Rexxar HP: 13, Mana: 1/10
  Hand (5)
  Field: Magtheridon[12/12], Infectious Sporeling[1/2], Infested Tauren[2/2], Zola the Gorgon[2/2]
[Turn 10, Step 95] Agent: 유효하지 않은 액션 인덱스(15) → 0로 보정
[Turn 10, Step 95] Agent: 턴 종료

[Turn 10] === Opponent's Turn ===
[Turn 10, Step 95] Opponent: 공격 - Infectious Sporeling[1/2] -> Living Monument
[Turn 10, Step 95] Opponent: 공격 - Zola the Gorgon[2/2] -> Infectious Sporeling
[Turn 10, Step 95] Opponent: 카드 플레이 - Blood Knight (코스트: 3)
[Turn 10, Step 95] Opponent: 영웅 능력 사용
[Turn 10, Step 95] Opponent: 공격 - Infested Tauren[2/2] -> Crowd Roaster
[Turn 10, Step 95] Opponent: 카드 플레이 - Spider Bomb (코스트: 3)
[Turn 10, Step 95] Opponent: 턴 종료
[Turn 10, Step 96] Agent: 유효하지 않은 액션 인덱스(95) → 23로 보정
[Turn 10, Step 96] Agent: 공격 - Infectious Sporeling[1/2] -> Spider Bomb
[Turn 10, Step 97] Agent: 유효하지 않은 액션 인덱스(81) → 9로 보정
[Turn 10, Step 97] Agent: 영웅 능력 사용 -> Infectious Sporeling
[Turn 10, Step 98] Agent: 유효하지 않은 액션 인덱스(13) → 2로 보정
[Turn 10, Step 98] Agent: 카드 플레이 - Toki, Time-Tinker (코스트: 6)
[Turn 10, Step 99] Agent: 공격 - Crowd Roaster[7/2] -> Slime

--- Game State (Turn 10, Step 100) ---
Agent: Jaina Proudmoore HP: 15, Mana: 2/10
  Hand (5): Red Mana Wyrm, Violet Illusionist, Hungry Dragon, Kodorider, Anomalus
  Field: Toki, Time-Tinker[5/5]
Opponent: Rexxar HP: 13, Mana: 2/10
  Hand (4)
  Field: Magtheridon[12/12], Infectious Sporeling[1/1], Blood Knight[3/3], Infectious Sporeling[1/2]
[Turn 10, Step 100] Agent: 유효하지 않은 액션 인덱스(23) → 0로 보정
[Turn 10, Step 100] Agent: 턴 종료

[Turn 10] === Opponent's Turn ===
[Turn 10, Step 100] Opponent: 턴 종료
[Turn 10, Step 101] Agent: 유효하지 않은 액션 인덱스(94) → 9로 보정
[Turn 10, Step 101] Agent: 영웅 능력 사용 -> Infectious Sporeling
[Turn 10, Step 102] Agent: 유효하지 않은 액션 인덱스(42) → 2로 보정
[Turn 10, Step 102] Agent: 카드 플레이 - Violet Illusionist (코스트: 3)
[Turn 10, Step 103] Agent: 유효하지 않은 액션 인덱스(75) → 3로 보정
[Turn 10, Step 103] Agent: 공격 - Toki, Time-Tinker[5/5] -> Rexxar
[Turn 10, Step 104] Agent: 유효하지 않은 액션 인덱스(37) → 1로 보정
[Turn 10, Step 104] Agent: 카드 플레이 - Red Mana Wyrm (코스트: 5)

--- Game State (Turn 10, Step 105) ---
Agent: Jaina Proudmoore HP: 15, Mana: 0/10
  Hand (4): Hungry Dragon, Kodorider, Anomalus, High Inquisitor Whitemane
  Field: Toki, Time-Tinker[5/5], Violet Illusionist[4/3], Red Mana Wyrm[2/6]
Opponent: Rexxar HP: 8, Mana: 10/10
  Hand (5)
  Field: Magtheridon[12/12], Blood Knight[3/3], Infectious Sporeling[1/2]
[Turn 10, Step 105] Agent: 유효하지 않은 액션 인덱스(63) → 0로 보정
[Turn 10, Step 105] Agent: 턴 종료

[Turn 10] === Opponent's Turn ===
[Turn 10, Step 105] Opponent: 공격 - Infectious Sporeling[1/2] -> Red Mana Wyrm
[Turn 10, Step 105] Opponent: 공격 - Blood Knight[3/3] -> Toki, Time-Tinker
[Turn 10, Step 105] Opponent: 카드 플레이 - Veranus (코스트: 6)
[Turn 10, Step 105] Opponent: 영웅 능력 사용
[Turn 10, Step 105] Opponent: 턴 종료
[Turn 10, Step 106] Agent: 유효하지 않은 액션 인덱스(91) → 1로 보정
[Turn 10, Step 106] Agent: 카드 플레이 - Hungry Dragon (코스트: 4)
[Turn 10, Step 107] Agent: 공격 - Toki, Time-Tinker[5/1] -> Veranus
[Turn 10, Step 108] Agent: 유효하지 않은 액션 인덱스(39) → 7로 보정
[Turn 10, Step 108] Agent: 영웅 능력 사용 -> Veranus
[Turn 10, Step 109] Agent: 유효하지 않은 액션 인덱스(50) → 2로 보정
[Turn 10, Step 109] Agent: 공격 - Violet Illusionist[4/1] -> Rexxar

--- Game State (Turn 10, Step 110) ---
Agent: Jaina Proudmoore HP: 15, Mana: 4/10
  Hand (4): Kodorider, Anomalus, High Inquisitor Whitemane, Giant Wasp
  Field: Violet Illusionist[4/1], Infectious Sporeling[1/1], Hungry Dragon[5/6]
Opponent: Rexxar HP: 4, Mana: 2/10
  Hand (5)
  Field: Magtheridon[12/12], Angry Chicken[1/1]
[Turn 10, Step 110] Agent: 유효하지 않은 액션 인덱스(23) → 3로 보정
[Turn 10, Step 110] Agent: 공격 - Infectious Sporeling[1/1] -> Angry Chicken
[Turn 10, Step 111] Agent: 유효하지 않은 액션 인덱스(7) → 1로 보정
[Turn 10, Step 111] Agent: 카드 플레이 - Giant Wasp (코스트: 3)
[Turn 10, Step 112] Agent: 유효하지 않은 액션 인덱스(32) → 0로 보정
[Turn 10, Step 112] Agent: 턴 종료

[Turn 10] === Opponent's Turn ===
[Turn 10, Step 112] Opponent: 카드 플레이 - Voodoo Doctor -> Violet Illusionist (코스트: 1)
[Turn 10, Step 112] Opponent: 카드 플레이 - Tinkertown Technician (코스트: 3)
[Turn 10, Step 112] Opponent: 공격 - Infectious Sporeling[1/2] -> Jaina Proudmoore
[Turn 10, Step 112] Opponent: 카드 플레이 - Kvaldir Raider (코스트: 5)
[Turn 10, Step 112] Opponent: 턴 종료
[Turn 10, Step 113] Agent: 유효하지 않은 액션 인덱스(88) → 4로 보정
[Turn 10, Step 113] Agent: 영웅 능력 사용 -> Jaina Proudmoore
[Turn 10, Step 114] Agent: 유효하지 않은 액션 인덱스(50) → 12로 보정
[Turn 10, Step 114] Agent: 공격 - Hungry Dragon[5/6] -> Tinkertown Technician

--- Game State (Turn 10, Step 115) ---
Agent: Jaina Proudmoore HP: 12, Mana: 8/10
  Hand (3): Kodorider, Anomalus, High Inquisitor Whitemane
  Field: Violet Illusionist[4/1], Hungry Dragon[5/3], Giant Wasp[2/2]
Opponent: Rexxar HP: 4, Mana: 1/10
  Hand (3)
  Field: Magtheridon[12/12], Infectious Sporeling[1/2], Voodoo Doctor[2/1], Kvaldir Raider[4/4]
[Turn 10, Step 115] Agent: 유효하지 않은 액션 인덱스(55) → 7로 보정
[Turn 10, Step 115] Agent: 공격 - Violet Illusionist[4/1] -> Kvaldir Raider
[Turn 10, Step 116] Agent: 유효하지 않은 액션 인덱스(76) → 6로 보정
[Turn 10, Step 116] Agent: 공격 - Giant Wasp[2/2] -> Voodoo Doctor
[Turn 10, Step 117] Agent: 유효하지 않은 액션 인덱스(61) → 1로 보정
[Turn 10, Step 117] Agent: 카드 플레이 - Kodorider (코스트: 6)
[Turn 10, Step 118] Agent: 유효하지 않은 액션 인덱스(95) → 0로 보정
[Turn 10, Step 118] Agent: 턴 종료

[Turn 10] === Opponent's Turn ===
[Turn 10, Step 118] Opponent: 공격 - Infectious Sporeling[1/2] -> Jaina Proudmoore
[Turn 10, Step 118] Opponent: 카드 플레이 - Siamat (코스트: 7)
[Turn 10, Step 118] Opponent: 선택 - Siamat's Heart
[Turn 10, Step 118] Opponent: 선택 - Siamat's Wind
[Turn 10, Step 118] Opponent: 턴 종료
[Turn 10, Step 119] Agent: 유효하지 않은 액션 인덱스(59) → 4로 보정
[Turn 10, Step 119] Agent: 영웅 능력 사용 -> Rexxar

--- Game State (Turn 10, Step 120) ---
Agent: Jaina Proudmoore HP: 9, Mana: 8/10
  Hand (2): Anomalus, High Inquisitor Whitemane
  Field: Hungry Dragon[5/3], Kodorider[3/5], War Kodo[3/5]
Opponent: Rexxar HP: 3, Mana: 3/10
  Hand (3)
  Field: Magtheridon[12/12], Infectious Sporeling[1/2], Siamat[6/6]
[Turn 10, Step 120] Agent: 유효하지 않은 액션 인덱스(8) → 3로 보정
[Turn 10, Step 120] Agent: 공격 - Hungry Dragon[5/3] -> Siamat
[Turn 10, Step 121] Agent: 유효하지 않은 액션 인덱스(90) → 2로 보정
[Turn 10, Step 121] Agent: 카드 플레이 - High Inquisitor Whitemane (코스트: 7)
[Turn 10, Step 122] Agent: 유효하지 않은 액션 인덱스(45) → 1로 보정
[Turn 10, Step 122] Agent: 공격 - Kodorider[3/5] -> Siamat
[Turn 10, Step 123] Agent: 유효하지 않은 액션 인덱스(25) → 0로 보정
[Turn 10, Step 123] Agent: 턴 종료

[Turn 10] === Opponent's Turn ===
[Turn 10, Step 123] Opponent: 공격 - Infectious Sporeling[1/2] -> Jaina Proudmoore
[Turn 10, Step 123] Opponent: 카드 플레이 - Tasty Flyfish (코스트: 2)
[Turn 10, Step 123] Opponent: 영웅 능력 사용
[Turn 10, Step 123] Opponent: 턴 종료
[Turn 10, Step 124] Agent: 유효하지 않은 액션 인덱스(72) → 0로 보정
[Turn 10, Step 124] Agent: 턴 종료

[Turn 10] === Opponent's Turn ===
[Turn 10, Step 124] Opponent: 공격 - Infectious Sporeling[1/2] -> War Kodo
[Turn 10, Step 124] Opponent: 카드 플레이 - Yogg-Saron, Hope's End (코스트: 10)
[Turn 10, Step 124] Opponent: 턴 종료

--- Game State (Turn 10, Step 125) ---
Agent: Jaina Proudmoore HP: 1, Mana: 10/10
  Hand (1): Anomalus
  Field: Infectious Sporeling[1/2], High Inquisitor Whitemane[6/8], Hungry Dragon[5/6]
Opponent: Rexxar HP: 3, Mana: 0/10
  Hand (3)
  Field: Magtheridon[12/12], Tasty Flyfish[2/2], Yogg-Saron, Hope's End[7/5]
[Turn 10, Step 125] Agent: 유효하지 않은 액션 인덱스(56) → 2로 보정
[Turn 10, Step 125] Agent: 영웅 능력 사용 -> Jaina Proudmoore

--- Game State (Turn 10, Step 126) ---
Agent: Jaina Proudmoore HP: 0, Mana: 8/10
  Hand (1): Anomalus
  Field: Infectious Sporeling[1/2], High Inquisitor Whitemane[6/8], Hungry Dragon[5/6]
Opponent: Rexxar HP: 3, Mana: 0/10
  Hand (3)
  Field: Magtheridon[12/12], Tasty Flyfish[2/2], Yogg-Saron, Hope's End[7/5]

============================================================
게임 종료 - Terminated: True, Truncated: False
승자: Opponent
============================================================

