============================================================
NEW GAME STARTED
Agent: HERO_08 vs Opponent: HERO_05
Action Masking: ON
Masking Expected: ON
============================================================

[Turn 1] === Opponent's Turn ===
[Turn 1, Step 0] Opponent: 턴 종료
[Turn 1, Step 1] Agent: 카드 플레이 - Mogu Cultist (코스트: 1)
[Turn 1, Step 2] Agent: 카드 플레이 - The Coin (코스트: 0)
[Turn 1, Step 3] Agent: 턴 종료

[Turn 1] === Opponent's Turn ===
[Turn 1, Step 3] Opponent: 턴 종료
[Turn 2, Step 4] Agent: 공격 - Mogu Cultist[1/1] -> Rexxar

--- Game State (Turn 2, Step 5) ---
Agent: Jaina Proudmoore HP: 30, Mana: 2/2
  Hand (5): Dragonhawk Rider, Simulacrum, Knife Juggler, Dalaran Crusader, Baron Rivendare
  Field: Mogu Cultist[1/1]
Opponent: Rexxar HP: 29, Mana: 2/2
  Hand (5)
[Turn 2, Step 5] Agent: 영웅 능력 사용 -> Mogu Cultist
[Turn 2, Step 6] Agent: 턴 종료

[Turn 2] === Opponent's Turn ===
[Turn 2, Step 6] Opponent: 영웅 능력 사용
[Turn 2, Step 6] Opponent: 턴 종료
[Turn 3, Step 7] Agent: 영웅 능력 사용 -> Rexxar
[Turn 3, Step 8] Agent: 턴 종료

[Turn 3] === Opponent's Turn ===
[Turn 3, Step 8] Opponent: 영웅 능력 사용
[Turn 3, Step 8] Opponent: 카드 플레이 - Wyrmrest Purifier (코스트: 2)
[Turn 3, Step 8] Opponent: 턴 종료
[Turn 4, Step 9] Agent: 카드 플레이 - Ghastly Conjurer (코스트: 4)

--- Game State (Turn 4, Step 10) ---
Agent: Jaina Proudmoore HP: 26, Mana: 0/4
  Hand (7): Dragonhawk Rider, Simulacrum, Knife Juggler, Dalaran Crusader, Baron Rivendare, Violet Wurm, Mirror Image
  Field: Ghastly Conjurer[2/6]
Opponent: Rexxar HP: 28, Mana: 0/4
  Hand (6)
  Field: Wyrmrest Purifier[3/2]
[Turn 4, Step 10] Agent: 턴 종료

[Turn 4] === Opponent's Turn ===
[Turn 4, Step 10] Opponent: 카드 플레이 - Eaglehorn Bow (코스트: 3)
[Turn 4, Step 10] Opponent: 공격 - Wyrmrest Purifier[3/2] -> Ghastly Conjurer
[Turn 4, Step 10] Opponent: 턴 종료
[Turn 5, Step 11] Agent: 영웅 능력 사용 -> Rexxar
[Turn 5, Step 12] Agent: 카드 플레이 - Knife Juggler (코스트: 2)
[Turn 5, Step 13] Agent: 턴 종료

[Turn 5] === Opponent's Turn ===
[Turn 5, Step 13] Opponent: 카드 플레이 - Animal Companion (코스트: 3)
[Turn 5, Step 13] Opponent: 영웅 능력 사용
[Turn 5, Step 13] Opponent: 턴 종료
[Turn 6, Step 14] Agent: 영웅 능력 사용 -> Rexxar

--- Game State (Turn 6, Step 15) ---
Agent: Jaina Proudmoore HP: 24, Mana: 4/6
  Hand (8): Leeroy Jenkins, Dragonhawk Rider, Simulacrum, Dalaran Crusader, Baron Rivendare, Violet Wurm, Mirror Image, Sunreaver Warmage
  Field: Ghastly Conjurer[2/3], Knife Juggler[2/2]
Opponent: Rexxar HP: 26, Mana: 1/6
  Hand (6)
  Field: Misha[4/4]
[Turn 6, Step 15] Agent: 카드 플레이 - Mirror Image (코스트: 1)
[Turn 6, Step 16] Agent: 공격 - Knife Juggler[2/2] -> Misha
[Turn 6, Step 17] Agent: 공격 - Ghastly Conjurer[2/3] -> Misha
[Turn 6, Step 18] Agent: 카드 플레이 - Simulacrum (코스트: 3)
[Turn 6, Step 19] Agent: 턴 종료

[Turn 6] === Opponent's Turn ===
[Turn 6, Step 19] Opponent: 카드 플레이 - Goldshire Footman (코스트: 1)
[Turn 6, Step 19] Opponent: 카드 플레이 - Hench-Clan Sneak (코스트: 3)
[Turn 6, Step 19] Opponent: 카드 플레이 - Bear Trap (코스트: 2)
[Turn 6, Step 19] Opponent: 공격 - Rexxar[3/25] -> Mirror Image
[Turn 6, Step 19] Opponent: 턴 종료

--- Game State (Turn 7, Step 20) ---
Agent: Jaina Proudmoore HP: 24, Mana: 7/7
  Hand (8): Leeroy Jenkins, Dragonhawk Rider, Dalaran Crusader, Baron Rivendare, Violet Wurm, Sunreaver Warmage, Dragonhawk Rider, Sylvanas Windrunner
  Field: Mirror Image[0/2]
Opponent: Rexxar HP: 25, Mana: 1/7
  Hand (4)
  Field: Goldshire Footman[1/2], Hench-Clan Sneak[3/3]
[Turn 7, Step 20] Agent: 카드 플레이 - Sunreaver Warmage (코스트: 5)
[Turn 7, Step 21] Agent: 영웅 능력 사용 -> Jaina Proudmoore
[Turn 7, Step 22] Agent: 턴 종료

[Turn 7] === Opponent's Turn ===
[Turn 7, Step 22] Opponent: 카드 플레이 - Hemet, Jungle Hunter (코스트: 6)
[Turn 7, Step 22] Opponent: 공격 - Hench-Clan Sneak[3/3] -> Mirror Image
[Turn 7, Step 22] Opponent: 공격 - Goldshire Footman[1/2] -> Jaina Proudmoore
[Turn 7, Step 22] Opponent: 영웅 능력 사용
[Turn 7, Step 22] Opponent: 공격 - Rexxar[3/25] -> Jaina Proudmoore
[Turn 7, Step 22] Opponent: 턴 종료
[Turn 8, Step 23] Agent: 공격 - Sunreaver Warmage[4/4] -> Goldshire Footman
[Turn 8, Step 24] Agent: 카드 플레이 - Baron Rivendare (코스트: 4)

--- Game State (Turn 8, Step 25) ---
Agent: Jaina Proudmoore HP: 17, Mana: 4/8
  Hand (7): Subject 9, Leeroy Jenkins, Dragonhawk Rider, Dalaran Crusader, Violet Wurm, Dragonhawk Rider, Sylvanas Windrunner
  Field: Sunreaver Warmage[4/3], Baron Rivendare[1/7]
Opponent: Rexxar HP: 25, Mana: 0/8
  Hand (4)
  Field: Hench-Clan Sneak[3/3], Hemet, Jungle Hunter[6/6]
[Turn 8, Step 25] Agent: 턴 종료

[Turn 8] === Opponent's Turn ===
[Turn 8, Step 25] Opponent: 카드 플레이 - Gelbin Mekkatorque (코스트: 6)
[Turn 8, Step 25] Opponent: 공격 - Hench-Clan Sneak[3/3] -> Sunreaver Warmage
[Turn 8, Step 25] Opponent: 공격 - Hemet, Jungle Hunter[6/6] -> Jaina Proudmoore
[Turn 8, Step 25] Opponent: 턴 종료
[Turn 9, Step 26] Agent: 영웅 능력 사용 -> Rexxar
[Turn 9, Step 27] Agent: 카드 플레이 - Ravencaller (코스트: 3)
[Turn 9, Step 28] Agent: 공격 - Baron Rivendare[1/7] -> Rexxar
[Turn 9, Step 29] Agent: 카드 플레이 - Bladed Cultist (코스트: 1)

--- Game State (Turn 9, Step 30) ---
Agent: Jaina Proudmoore HP: 11, Mana: 3/9
  Hand (8): Subject 9, Leeroy Jenkins, Dragonhawk Rider, Dalaran Crusader, Violet Wurm, Dragonhawk Rider, Sylvanas Windrunner, Raptor Hatchling
  Field: Baron Rivendare[1/7], Ravencaller[2/1], Bladed Cultist[2/3]
Opponent: Rexxar HP: 28, Mana: 3/9
  Hand (4)
  Field: Hemet, Jungle Hunter[6/6], Gelbin Mekkatorque[6/6], Repair Bot[0/3], Ironfur Grizzly[3/3]
[Turn 9, Step 30] Agent: 카드 플레이 - Dragonhawk Rider (코스트: 3)
[Turn 9, Step 31] Agent: 턴 종료

[Turn 9] === Opponent's Turn ===
[Turn 9, Step 31] Opponent: 공격 - Hemet, Jungle Hunter[6/6] -> Dragonhawk Rider
[Turn 9, Step 31] Opponent: 공격 - Ironfur Grizzly[3/3] -> Jaina Proudmoore
[Turn 9, Step 31] Opponent: 공격 - Gelbin Mekkatorque[6/6] -> Ravencaller
[Turn 9, Step 31] Opponent: 카드 플레이 - Hyena Alpha (코스트: 4)
[Turn 9, Step 31] Opponent: 턴 종료
[Turn 10, Step 32] Agent: 카드 플레이 - Violet Wurm (코스트: 8)
[Turn 10, Step 33] Agent: 영웅 능력 사용 -> Violet Wurm
[Turn 10, Step 34] Agent: 공격 - Bladed Cultist[2/3] -> Ironfur Grizzly

--- Game State (Turn 10, Step 35) ---
Agent: Jaina Proudmoore HP: 8, Mana: 0/10
  Hand (7): Subject 9, Leeroy Jenkins, Dalaran Crusader, Dragonhawk Rider, Sylvanas Windrunner, Raptor Hatchling, Windfury Harpy
  Field: Baron Rivendare[1/7], Violet Wurm[7/6]
Opponent: Rexxar HP: 28, Mana: 6/10
  Hand (4)
  Field: Hemet, Jungle Hunter[6/3], Gelbin Mekkatorque[6/6], Repair Bot[0/3], Ironfur Grizzly[3/1], Hyena Alpha[3/3]
[Turn 10, Step 35] Agent: 공격 - Baron Rivendare[1/7] -> Ironfur Grizzly
[Turn 10, Step 36] Agent: 턴 종료

[Turn 10] === Opponent's Turn ===
[Turn 10, Step 36] Opponent: 카드 플레이 - Dispatch Kodo -> Hemet, Jungle Hunter (코스트: 4)
[Turn 10, Step 36] Opponent: 공격 - Hemet, Jungle Hunter[6/1] -> Jaina Proudmoore
[Turn 10, Step 36] Opponent: 공격 - Gelbin Mekkatorque[6/6] -> Jaina Proudmoore

--- Game State (Turn 10, Step 37) ---
Agent: Jaina Proudmoore HP: 0, Mana: 0/10
  Hand (7): Subject 9, Leeroy Jenkins, Dalaran Crusader, Dragonhawk Rider, Sylvanas Windrunner, Raptor Hatchling, Windfury Harpy
  Field: Baron Rivendare[1/4], Violet Wurm[7/6]
Opponent: Rexxar HP: 28, Mana: 6/10
  Hand (4)
  Field: Hemet, Jungle Hunter[6/1], Gelbin Mekkatorque[6/6], Repair Bot[0/3], Hyena Alpha[3/3], Dispatch Kodo[2/4]

============================================================
게임 종료 - Terminated: True, Truncated: False
승자: Opponent
============================================================

