============================================================
NEW GAME STARTED
Agent: HERO_08 vs Opponent: HERO_05
Action Masking: OFF
============================================================

[Turn 1] === Opponent's Turn ===
[Turn 1, Step 0] Opponent: 턴 종료
[Turn 1, Step 1] Agent: 유효하지 않은 액션 인덱스(15) → 1로 보정
[Turn 1, Step 1] Agent: 카드 플레이 - The Coin (코스트: 0)
[Turn 1, Step 2] Agent: 유효하지 않은 액션 인덱스(34) → 2로 보정
[Turn 1, Step 2] Agent: 영웅 능력 사용 -> Jaina Proudmoore
[Turn 1, Step 3] Agent: 유효하지 않은 액션 인덱스(2) → 0로 보정
[Turn 1, Step 3] Agent: 턴 종료

[Turn 1] === Opponent's Turn ===
[Turn 1, Step 3] Opponent: 영웅 능력 사용
[Turn 1, Step 3] Opponent: 턴 종료
[Turn 2, Step 4] Agent: 유효하지 않은 액션 인덱스(65) → 0로 보정
[Turn 2, Step 4] Agent: 턴 종료

[Turn 2] === Opponent's Turn ===
[Turn 2, Step 4] Opponent: 카드 플레이 - Rat Trap (코스트: 2)
[Turn 2, Step 4] Opponent: 턴 종료

--- Game State (Turn 3, Step 5) ---
Agent: Jaina Proudmoore HP: 27, Mana: 3/3
  Hand (7): Galvanizer, Darkmire Moonkin, Trogg Gloomeater, Fel Orc Soulfiend, Felsoul Inquisitor, Magic Trick, Deathwing, Dragonlord
Opponent: Rexxar HP: 30, Mana: 1/3
  Hand (5)
[Turn 3, Step 5] Agent: 유효하지 않은 액션 인덱스(47) → 5로 보정
[Turn 3, Step 5] Agent: 영웅 능력 사용 -> Rexxar
[Turn 3, Step 6] Agent: 유효하지 않은 액션 인덱스(23) → 1로 보정
[Turn 3, Step 6] Agent: 카드 플레이 - Magic Trick (코스트: 1)
[Turn 3, Step 7] Agent: 선택 - Forgotten Torch
[Turn 3, Step 7] Agent: 유효하지 않은 액션 인덱스(20) → 0로 보정
[Turn 3, Step 7] Agent: 턴 종료

[Turn 3] === Opponent's Turn ===
[Turn 3, Step 7] Opponent: 영웅 능력 사용
[Turn 3, Step 7] Opponent: 턴 종료
[Turn 4, Step 8] Agent: 유효하지 않은 액션 인덱스(74) → 2로 보정
[Turn 4, Step 8] Agent: 카드 플레이 - Fel Orc Soulfiend (코스트: 3)
[Turn 4, Step 9] Agent: 유효하지 않은 액션 인덱스(32) → 0로 보정
[Turn 4, Step 9] Agent: 턴 종료

[Turn 4] === Opponent's Turn ===
[Turn 4, Step 9] Opponent: 턴 종료

--- Game State (Turn 5, Step 10) ---
Agent: Jaina Proudmoore HP: 25, Mana: 5/5
  Hand (8): Galvanizer, Darkmire Moonkin, Trogg Gloomeater, Felsoul Inquisitor, Deathwing, Dragonlord, Forgotten Torch, Am'gam Rager, Mana Addict
  Field: Fel Orc Soulfiend[3/5]
Opponent: Rexxar HP: 29, Mana: 5/5
  Hand (7)
[Turn 5, Step 10] Agent: 유효하지 않은 액션 인덱스(36) → 10로 보정
[Turn 5, Step 10] Agent: 영웅 능력 사용 -> Rexxar
[Turn 5, Step 11] Agent: 유효하지 않은 액션 인덱스(95) → 7로 보정
[Turn 5, Step 11] Agent: 공격 - Fel Orc Soulfiend[3/5] -> Rexxar
[Turn 5, Step 12] Agent: 유효하지 않은 액션 인덱스(32) → 4로 보정
[Turn 5, Step 12] Agent: 카드 플레이 - Forgotten Torch -> Fel Orc Soulfiend (코스트: 3)
[Turn 5, Step 13] Agent: 유효하지 않은 액션 인덱스(95) → 0로 보정
[Turn 5, Step 13] Agent: 턴 종료

[Turn 5] === Opponent's Turn ===
[Turn 5, Step 13] Opponent: 카드 플레이 - Exploding Bloatbat (코스트: 4)
[Turn 5, Step 13] Opponent: 영웅 능력 사용
[Turn 5, Step 13] Opponent: 턴 종료
[Turn 6, Step 14] Agent: 유효하지 않은 액션 인덱스(64) → 4로 보정
[Turn 6, Step 14] Agent: 카드 플레이 - Felsoul Inquisitor (코스트: 4)

--- Game State (Turn 6, Step 15) ---
Agent: Jaina Proudmoore HP: 23, Mana: 2/6
  Hand (7): Ogre Brute, Galvanizer, Darkmire Moonkin, Trogg Gloomeater, Deathwing, Dragonlord, Am'gam Rager, Mana Addict
  Field: Felsoul Inquisitor[1/6]
Opponent: Rexxar HP: 25, Mana: 0/6
  Hand (7)
  Field: Exploding Bloatbat[2/1]
[Turn 6, Step 15] Agent: 유효하지 않은 액션 인덱스(63) → 0로 보정
[Turn 6, Step 15] Agent: 턴 종료

[Turn 6] === Opponent's Turn ===
[Turn 6, Step 15] Opponent: 카드 플레이 - Giggling Inventor (코스트: 6)
[Turn 6, Step 15] Opponent: 턴 종료
[Turn 7, Step 16] Agent: 유효하지 않은 액션 인덱스(32) → 9로 보정
[Turn 7, Step 16] Agent: 카드 플레이 - Roaring Torch -> Exploding Bloatbat (코스트: 3)
[Turn 7, Step 17] Agent: 유효하지 않은 액션 인덱스(99) → 8로 보정
[Turn 7, Step 17] Agent: 영웅 능력 사용 -> Giggling Inventor
[Turn 7, Step 18] Agent: 유효하지 않은 액션 인덱스(5) → 0로 보정
[Turn 7, Step 18] Agent: 턴 종료

[Turn 7] === Opponent's Turn ===
[Turn 7, Step 18] Opponent: 카드 플레이 - Disguised Wanderer (코스트: 4)
[Turn 7, Step 18] Opponent: 턴 종료
[Turn 8, Step 19] Agent: 유효하지 않은 액션 인덱스(56) → 18로 보정
[Turn 8, Step 19] Agent: 공격 - Felsoul Inquisitor[1/4] -> Annoy-o-Tron

--- Game State (Turn 8, Step 20) ---
Agent: Jaina Proudmoore HP: 23, Mana: 8/8
  Hand (8): Ogre Brute, Galvanizer, Darkmire Moonkin, Trogg Gloomeater, Deathwing, Dragonlord, Am'gam Rager, Mana Addict, Rolling Fireball
  Field: Felsoul Inquisitor[1/3]
Opponent: Rexxar HP: 25, Mana: 4/8
  Hand (7)
  Field: Annoy-o-Tron[1/2], Annoy-o-Tron[1/2], Disguised Wanderer[3/3]
[Turn 8, Step 20] Agent: 유효하지 않은 액션 인덱스(36) → 2로 보정
[Turn 8, Step 20] Agent: 카드 플레이 - Galvanizer (코스트: 2)
[Turn 8, Step 21] Agent: 유효하지 않은 액션 인덱스(21) → 4로 보정
[Turn 8, Step 21] Agent: 카드 플레이 - Mana Addict (코스트: 2)
[Turn 8, Step 22] Agent: 유효하지 않은 액션 인덱스(14) → 3로 보정
[Turn 8, Step 22] Agent: 영웅 능력 사용 -> Jaina Proudmoore
[Turn 8, Step 23] Agent: 유효하지 않은 액션 인덱스(59) → 0로 보정
[Turn 8, Step 23] Agent: 턴 종료

[Turn 8] === Opponent's Turn ===
[Turn 8, Step 23] Opponent: 카드 플레이 - Pit Crocolisk -> Galvanizer (코스트: 8)
[Turn 8, Step 23] Opponent: 공격 - Annoy-o-Tron[1/2] -> Felsoul Inquisitor
[Turn 8, Step 23] Opponent: 턴 종료
[Turn 9, Step 24] Agent: 유효하지 않은 액션 인덱스(61) → 13로 보정
[Turn 9, Step 24] Agent: 영웅 능력 사용 -> Rexxar

--- Game State (Turn 9, Step 25) ---
Agent: Jaina Proudmoore HP: 23, Mana: 7/9
  Hand (7): Al'ar, Ogre Brute, Darkmire Moonkin, Trogg Gloomeater, Deathwing, Dragonlord, Am'gam Rager, Rolling Fireball
  Field: Felsoul Inquisitor[1/2], Mana Addict[1/3]
Opponent: Rexxar HP: 24, Mana: 1/9
  Hand (7)
  Field: Annoy-o-Tron[1/2], Annoy-o-Tron[1/1], Disguised Wanderer[3/3], Pit Crocolisk[5/6]
[Turn 9, Step 25] Agent: 카드 플레이 - Ogre Brute (코스트: 3)
[Turn 9, Step 26] Agent: 유효하지 않은 액션 인덱스(63) → 3로 보정
[Turn 9, Step 26] Agent: 공격 - Felsoul Inquisitor[1/2] -> Annoy-o-Tron
[Turn 9, Step 27] Agent: 유효하지 않은 액션 인덱스(92) → 2로 보정
[Turn 9, Step 27] Agent: 공격 - Mana Addict[1/3] -> Annoy-o-Tron
[Turn 9, Step 28] Agent: 유효하지 않은 액션 인덱스(14) → 0로 보정
[Turn 9, Step 28] Agent: 턴 종료

[Turn 9] === Opponent's Turn ===
[Turn 9, Step 28] Opponent: 턴 종료
[Turn 10, Step 29] Agent: 유효하지 않은 액션 인덱스(95) → 23로 보정
[Turn 10, Step 29] Agent: 공격 - Ogre Brute[4/4] -> Annoy-o-Tron

--- Game State (Turn 10, Step 30) ---
Agent: Jaina Proudmoore HP: 24, Mana: 10/10
  Hand (7): Al'ar, Darkmire Moonkin, Trogg Gloomeater, Deathwing, Dragonlord, Am'gam Rager, Rolling Fireball, Bonechewer Brawler
  Field: Felsoul Inquisitor[1/1], Mana Addict[1/2], Ogre Brute[4/1]
Opponent: Rexxar HP: 24, Mana: 10/10
  Hand (8)
  Field: Annoy-o-Tron[1/2], Rustsworn Inquisitor[9/1], Pit Crocolisk[5/6]
[Turn 10, Step 30] Agent: 유효하지 않은 액션 인덱스(42) → 19로 보정
[Turn 10, Step 30] Agent: 영웅 능력 사용 -> Ogre Brute
[Turn 10, Step 31] Agent: 공격 - Mana Addict[1/2] -> Annoy-o-Tron
[Turn 10, Step 32] Agent: 유효하지 않은 액션 인덱스(90) → 6로 보정
[Turn 10, Step 32] Agent: 카드 플레이 - Rolling Fireball -> Annoy-o-Tron (코스트: 5)
[Turn 10, Step 33] Agent: 유효하지 않은 액션 인덱스(65) → 1로 보정
[Turn 10, Step 33] Agent: 카드 플레이 - Am'gam Rager (코스트: 3)
[Turn 10, Step 34] Agent: 유효하지 않은 액션 인덱스(16) → 0로 보정
[Turn 10, Step 34] Agent: 턴 종료

[Turn 10] === Opponent's Turn ===
[Turn 10, Step 34] Opponent: 카드 플레이 - Jeweled Scarab (코스트: 2)
[Turn 10, Step 34] Opponent: 선택 - Bloodscalp Strategist
[Turn 10, Step 34] Opponent: 영웅 능력 사용
[Turn 10, Step 34] Opponent: 카드 플레이 - Dragonhawk Rider (코스트: 3)
[Turn 10, Step 34] Opponent: 카드 플레이 - Bloodscalp Strategist (코스트: 3)
[Turn 10, Step 34] Opponent: 턴 종료

--- Game State (Turn 10, Step 35) ---
Agent: Jaina Proudmoore HP: 22, Mana: 10/10
  Hand (6): Al'ar, Darkmire Moonkin, Trogg Gloomeater, Deathwing, Dragonlord, Bonechewer Brawler, Counterspell
  Field: Felsoul Inquisitor[1/1], Mana Addict[1/1], Am'gam Rager[1/5]
Opponent: Rexxar HP: 24, Mana: 0/10
  Hand (7)
  Field: Jeweled Scarab[1/1], Dragonhawk Rider[3/3], Bloodscalp Strategist[2/4]
[Turn 10, Step 35] Agent: 유효하지 않은 액션 인덱스(31) → 4로 보정
[Turn 10, Step 35] Agent: 카드 플레이 - Deathwing, Dragonlord (코스트: 10)
[Turn 10, Step 36] Agent: 유효하지 않은 액션 인덱스(15) → 2로 보정
[Turn 10, Step 36] Agent: 공격 - Felsoul Inquisitor[1/1] -> Jeweled Scarab
[Turn 10, Step 37] Agent: 유효하지 않은 액션 인덱스(64) → 1로 보정
[Turn 10, Step 37] Agent: 공격 - Mana Addict[1/1] -> Rexxar
[Turn 10, Step 38] Agent: 유효하지 않은 액션 인덱스(56) → 0로 보정
[Turn 10, Step 38] Agent: 턴 종료

[Turn 10] === Opponent's Turn ===
[Turn 10, Step 38] Opponent: 공격 - Bloodscalp Strategist[2/4] -> Am'gam Rager
[Turn 10, Step 38] Opponent: 카드 플레이 - The Skeleton Knight (코스트: 6)
[Turn 10, Step 38] Opponent: 턴 종료
[Turn 10, Step 39] Agent: 유효하지 않은 액션 인덱스(34) → 7로 보정
[Turn 10, Step 39] Agent: 영웅 능력 사용 -> Jaina Proudmoore

--- Game State (Turn 10, Step 40) ---
Agent: Jaina Proudmoore HP: 22, Mana: 8/10
  Hand (6): Al'ar, Darkmire Moonkin, Trogg Gloomeater, Bonechewer Brawler, Counterspell, Skeram Cultist
  Field: Mana Addict[1/1], Am'gam Rager[1/3], Deathwing, Dragonlord[12/12]
Opponent: Rexxar HP: 23, Mana: 4/10
  Hand (7)
  Field: Dragonhawk Rider[3/3], Bloodscalp Strategist[2/3], The Skeleton Knight[7/4]
[Turn 10, Step 40] Agent: 유효하지 않은 액션 인덱스(98) → 3로 보정
[Turn 10, Step 40] Agent: 카드 플레이 - Trogg Gloomeater (코스트: 5)
[Turn 10, Step 41] Agent: 공격 - Deathwing, Dragonlord[12/12] -> Dragonhawk Rider
[Turn 10, Step 42] Agent: 유효하지 않은 액션 인덱스(15) → 6로 보정
[Turn 10, Step 42] Agent: 공격 - Am'gam Rager[1/3] -> Rexxar
[Turn 10, Step 43] Agent: 유효하지 않은 액션 인덱스(8) → 2로 보정
[Turn 10, Step 43] Agent: 카드 플레이 - Counterspell (코스트: 3)
[Turn 10, Step 44] Agent: 유효하지 않은 액션 인덱스(75) → 3로 보정
[Turn 10, Step 44] Agent: 공격 - Mana Addict[3/1] -> The Skeleton Knight

--- Game State (Turn 10, Step 45) ---
Agent: Jaina Proudmoore HP: 22, Mana: 0/10
  Hand (4): Al'ar, Darkmire Moonkin, Bonechewer Brawler, Skeram Cultist
  Field: Am'gam Rager[1/3], Deathwing, Dragonlord[12/9], Trogg Gloomeater[1/5]
Opponent: Rexxar HP: 22, Mana: 4/10
  Hand (7)
  Field: Bloodscalp Strategist[2/3], The Skeleton Knight[7/1]
[Turn 10, Step 45] Agent: 유효하지 않은 액션 인덱스(86) → 0로 보정
[Turn 10, Step 45] Agent: 턴 종료

[Turn 10] === Opponent's Turn ===
[Turn 10, Step 45] Opponent: 턴 종료
[Turn 10, Step 46] Agent: 유효하지 않은 액션 인덱스(71) → 5로 보정
[Turn 10, Step 46] Agent: 카드 플레이 - Prince Valanar (코스트: 4)
[Turn 10, Step 47] Agent: 유효하지 않은 액션 인덱스(59) → 17로 보정
[Turn 10, Step 47] Agent: 공격 - Deathwing, Dragonlord[12/9] -> The Skeleton Knight
[Turn 10, Step 48] Agent: 유효하지 않은 액션 인덱스(63) → 3로 보정
[Turn 10, Step 48] Agent: 카드 플레이 - Skeram Cultist (코스트: 6)
[Turn 10, Step 49] Agent: 유효하지 않은 액션 인덱스(71) → 1로 보정
[Turn 10, Step 49] Agent: 공격 - Am'gam Rager[1/3] -> Rexxar

--- Game State (Turn 10, Step 50) ---
Agent: Jaina Proudmoore HP: 22, Mana: 0/10
  Hand (3): Al'ar, Darkmire Moonkin, Bonechewer Brawler
  Field: Am'gam Rager[1/3], Deathwing, Dragonlord[12/2], Trogg Gloomeater[1/5], Prince Valanar[4/4], Skeram Cultist[7/6]
Opponent: Rexxar HP: 21, Mana: 10/10
  Hand (8)
  Field: Bloodscalp Strategist[2/3]
[Turn 10, Step 50] Agent: 유효하지 않은 액션 인덱스(68) → 2로 보정
[Turn 10, Step 50] Agent: 공격 - Trogg Gloomeater[1/5] -> Bloodscalp Strategist
[Turn 10, Step 51] Agent: 유효하지 않은 액션 인덱스(4) → 0로 보정
[Turn 10, Step 51] Agent: 턴 종료

[Turn 10] === Opponent's Turn ===
[Turn 10, Step 51] Opponent: 카드 플레이 - Corridor Creeper (코스트: 3)
[Turn 10, Step 51] Opponent: 카드 플레이 - Magtheridon (코스트: 4)
[Turn 10, Step 51] Opponent: 영웅 능력 사용
[Turn 10, Step 51] Opponent: 턴 종료
[Turn 10, Step 52] Agent: 유효하지 않은 액션 인덱스(86) → 2로 보정
[Turn 10, Step 52] Agent: 영웅 능력 사용 -> Rexxar
[Turn 10, Step 53] Agent: 공격 - Skeram Cultist[7/6] -> Rexxar
[Turn 10, Step 54] Agent: 유효하지 않은 액션 인덱스(62) → 2로 보정
[Turn 10, Step 54] Agent: 공격 - Am'gam Rager[1/3] -> Corridor Creeper

--- Game State (Turn 10, Step 55) ---
Agent: Jaina Proudmoore HP: 20, Mana: 8/10
  Hand (4): Magic Carpet, Al'ar, Darkmire Moonkin, Bonechewer Brawler
  Field: Am'gam Rager[1/1], Deathwing, Dragonlord[12/2], Hellfire Warder[1/3], Hellfire Warder[1/3], Hellfire Warder[1/3], Trogg Gloomeater[1/3], Prince Valanar[4/4], Skeram Cultist[7/6]
Opponent: Rexxar HP: 13, Mana: 1/10
  Hand (7)
  Field: Corridor Creeper[2/4], Magtheridon[12/12]
[Turn 10, Step 55] Agent: 유효하지 않은 액션 인덱스(30) → 4로 보정
[Turn 10, Step 55] Agent: 공격 - Hellfire Warder[1/3] -> Corridor Creeper
[Turn 10, Step 56] Agent: 유효하지 않은 액션 인덱스(39) → 6로 보정
[Turn 10, Step 56] Agent: 공격 - Hellfire Warder[1/3] -> Corridor Creeper
[Turn 10, Step 57] Agent: 유효하지 않은 액션 인덱스(18) → 0로 보정
[Turn 10, Step 57] Agent: 턴 종료

[Turn 10] === Opponent's Turn ===
[Turn 10, Step 57] Opponent: 카드 플레이 - Boompistol Bully (코스트: 5)
[Turn 10, Step 57] Opponent: 턴 종료
[Turn 10, Step 58] Agent: 공격 - Prince Valanar[4/4] -> Boompistol Bully
[Turn 10, Step 59] Agent: 영웅 능력 사용 -> Hellfire Warder

--- Game State (Turn 10, Step 60) ---
Agent: Jaina Proudmoore HP: 20, Mana: 8/10
  Hand (5): Magic Carpet, Al'ar, Darkmire Moonkin, Bonechewer Brawler, Dread Corsair
  Field: Am'gam Rager[1/1], Deathwing, Dragonlord[12/2], Hellfire Warder[1/3], Hellfire Warder[1/1], Trogg Gloomeater[1/3], Skeram Cultist[7/6]
Opponent: Rexxar HP: 13, Mana: 5/10
  Hand (7)
  Field: Corridor Creeper[2/2], Magtheridon[12/12], Boompistol Bully[5/1]
[Turn 10, Step 60] Agent: 공격 - Am'gam Rager[1/1] -> Rexxar
[Turn 10, Step 61] Agent: 턴 종료

[Turn 10] === Opponent's Turn ===
[Turn 10, Step 61] Opponent: 카드 플레이 - Al'ar (코스트: 5)
[Turn 10, Step 61] Opponent: 턴 종료
[Turn 10, Step 62] Agent: 유효하지 않은 액션 인덱스(44) → 2로 보정
[Turn 10, Step 62] Agent: 카드 플레이 - Al'ar (코스트: 5)
[Turn 10, Step 63] Agent: 유효하지 않은 액션 인덱스(66) → 29로 보정
[Turn 10, Step 63] Agent: 공격 - Trogg Gloomeater[1/3] -> Rexxar
[Turn 10, Step 64] Agent: 유효하지 않은 액션 인덱스(59) → 26로 보정
[Turn 10, Step 64] Agent: 공격 - Hellfire Warder[1/1] -> Corridor Creeper

--- Game State (Turn 10, Step 65) ---
Agent: Jaina Proudmoore HP: 20, Mana: 5/10
  Hand (5): Magic Carpet, Darkmire Moonkin, Bonechewer Brawler, Dread Corsair, Bloodworm
  Field: Am'gam Rager[1/1], Deathwing, Dragonlord[12/2], Hellfire Warder[1/3], Trogg Gloomeater[1/3], Skeram Cultist[7/6], Al'ar[7/3]
Opponent: Rexxar HP: 11, Mana: 5/10
  Hand (7)
  Field: Corridor Creeper[2/1], Magtheridon[12/12], Boompistol Bully[5/1], Al'ar[7/3]
[Turn 10, Step 65] Agent: 유효하지 않은 액션 인덱스(84) → 20로 보정
[Turn 10, Step 65] Agent: 공격 - Deathwing, Dragonlord[12/2] -> Rexxar

--- Game State (Turn 10, Step 66) ---
Agent: Jaina Proudmoore HP: 20, Mana: 5/10
  Hand (5): Magic Carpet, Darkmire Moonkin, Bonechewer Brawler, Dread Corsair, Bloodworm
  Field: Am'gam Rager[1/1], Deathwing, Dragonlord[12/2], Hellfire Warder[1/3], Trogg Gloomeater[1/3], Skeram Cultist[7/6], Al'ar[7/3]
Opponent: Rexxar HP: 0, Mana: 5/10
  Hand (7)
  Field: Corridor Creeper[2/1], Magtheridon[12/12], Boompistol Bully[5/1], Al'ar[7/3]

============================================================
게임 종료 - Terminated: True, Truncated: False
승자: Agent
============================================================

