============================================================
NEW GAME STARTED
Agent: HERO_08 vs Opponent: HERO_05
Action Masking: OFF
Masking Expected: OFF
============================================================
[Turn 1, Step 0] Agent: 카드 플레이 - Arcane Artificer (코스트: 1)
[Turn 1, Step 1] Agent: 턴 종료

[Turn 1] === Opponent's Turn ===
[Turn 1, Step 1] Opponent: 카드 플레이 - Gurubashi Chicken (코스트: 1)
[Turn 1, Step 1] Opponent: 카드 플레이 - The Coin (코스트: 0)
[Turn 1, Step 1] Opponent: 턴 종료
[Turn 2, Step 2] Agent: 카드 플레이 - Acherus Veteran -> Arcane Artificer (코스트: 1)
[Turn 2, Step 3] Agent: 공격 - Arcane Artificer[2/2] -> Rexxar
[Turn 2, Step 4] Agent: 턴 종료

[Turn 2] === Opponent's Turn ===
[Turn 2, Step 4] Opponent: 턴 종료

--- Game State (Turn 3, Step 5) ---
Agent: Jaina Proudmoore HP: 30, Mana: 3/3
  Hand (4): Ice Block, Kobold Apprentice, Boisterous Bard, Jar Dealer
  Field: Arcane Artificer[2/2], Acherus Veteran[2/1]
Opponent: Rexxar HP: 28, Mana: 2/2
  Hand (5)
  Field: Gurubashi Chicken[1/1]
[Turn 3, Step 5] Agent: 카드 플레이 - Ice Block (코스트: 3)
[Turn 3, Step 6] Agent: 공격 - Arcane Artificer[2/2] -> Rexxar
[Turn 3, Step 7] Agent: 공격 - Acherus Veteran[2/1] -> Rexxar
[Turn 3, Step 8] Agent: 턴 종료

[Turn 3] === Opponent's Turn ===
[Turn 3, Step 8] Opponent: 영웅 능력 사용
[Turn 3, Step 8] Opponent: 공격 - Gurubashi Chicken[1/1] -> Arcane Artificer
[Turn 3, Step 8] Opponent: 턴 종료
[Turn 4, Step 9] Agent: 카드 플레이 - Kobold Apprentice (코스트: 3)

--- Game State (Turn 4, Step 10) ---
Agent: Jaina Proudmoore HP: 30, Mana: 1/4
  Hand (3): Pit Fighter, Boisterous Bard, Jar Dealer
  Field: Arcane Artificer[2/1], Acherus Veteran[2/1], Kobold Apprentice[2/1]
Opponent: Rexxar HP: 24, Mana: 1/3
  Hand (6)
[Turn 4, Step 10] Agent: 카드 플레이 - Jar Dealer (코스트: 1)
[Turn 4, Step 11] Agent: 공격 - Arcane Artificer[2/1] -> Rexxar
[Turn 4, Step 12] Agent: 공격 - Acherus Veteran[2/1] -> Rexxar
[Turn 4, Step 13] Agent: 턴 종료

[Turn 4] === Opponent's Turn ===
[Turn 4, Step 13] Opponent: 카드 플레이 - Doomsayer (코스트: 2)
[Turn 4, Step 13] Opponent: 영웅 능력 사용
[Turn 4, Step 13] Opponent: 턴 종료
[Turn 5, Step 14] Agent: 카드 플레이 - Pit Fighter (코스트: 5)

--- Game State (Turn 5, Step 15) ---
Agent: Jaina Proudmoore HP: 29, Mana: 0/5
  Hand (2): Boisterous Bard, Stormwind Knight
  Field: Arcane Artificer[2/1], Acherus Veteran[2/1], Kobold Apprentice[2/1], Jar Dealer[1/1], Pit Fighter[5/6]
Opponent: Rexxar HP: 20, Mana: 0/4
  Hand (6)
  Field: Doomsayer[0/7]
[Turn 5, Step 15] Agent: 공격 - Arcane Artificer[2/1] -> Rexxar
[Turn 5, Step 16] Agent: 공격 - Acherus Veteran[2/1] -> Rexxar
[Turn 5, Step 17] Agent: 공격 - Kobold Apprentice[2/1] -> Rexxar
[Turn 5, Step 18] Agent: 공격 - Jar Dealer[1/1] -> Rexxar
[Turn 5, Step 19] Agent: 턴 종료

[Turn 5] === Opponent's Turn ===
[Turn 5, Step 19] Opponent: 카드 플레이 - Magtheridon (코스트: 4)
[Turn 5, Step 19] Opponent: 턴 종료

--- Game State (Turn 6, Step 20) ---
Agent: Jaina Proudmoore HP: 29, Mana: 6/6
  Hand (4): Boisterous Bard, Stormwind Knight, Gurubashi Chicken, Shifting Scroll
  Field: Hellfire Warder[1/3], Hellfire Warder[1/3], Hellfire Warder[1/3]
Opponent: Rexxar HP: 13, Mana: 1/5
  Hand (6)
  Field: Magtheridon[12/12]
[Turn 6, Step 20] Agent: 카드 플레이 - Boisterous Bard (코스트: 3)
[Turn 6, Step 21] Agent: 카드 플레이 - Gurubashi Chicken (코스트: 1)
[Turn 6, Step 22] Agent: 영웅 능력 사용 -> Jaina Proudmoore
[Turn 6, Step 23] Agent: 공격 - Hellfire Warder[1/4] -> Rexxar
[Turn 6, Step 24] Agent: 공격 - Hellfire Warder[1/4] -> Rexxar

--- Game State (Turn 6, Step 25) ---
Agent: Jaina Proudmoore HP: 28, Mana: 0/6
  Hand (2): Stormwind Knight, Shifting Scroll
  Field: Hellfire Warder[1/4], Hellfire Warder[1/4], Hellfire Warder[1/4], Boisterous Bard[3/2], Gurubashi Chicken[1/1]
Opponent: Rexxar HP: 11, Mana: 1/5
  Hand (6)
  Field: Magtheridon[12/12]
[Turn 6, Step 25] Agent: 공격 - Hellfire Warder[1/4] -> Rexxar
[Turn 6, Step 26] Agent: 턴 종료

[Turn 6] === Opponent's Turn ===
[Turn 6, Step 26] Opponent: 카드 플레이 - Tanglefur Mystic (코스트: 3)
[Turn 6, Step 26] Opponent: 카드 플레이 - Scalerider (코스트: 3)
[Turn 6, Step 26] Opponent: 턴 종료
[Turn 7, Step 27] Agent: 카드 플레이 - Teron Gorefiend (코스트: 3)
[Turn 7, Step 28] Agent: 카드 플레이 - Stormwind Knight (코스트: 4)
[Turn 7, Step 29] Agent: 공격 - Stormwind Knight[2/5] -> Rexxar

--- Game State (Turn 7, Step 30) ---
Agent: Jaina Proudmoore HP: 28, Mana: 0/7
  Hand (2): Molten Reflection, Dwarven Archaeologist
  Field: Teron Gorefiend[3/4], Stormwind Knight[2/5]
Opponent: Rexxar HP: 8, Mana: 0/6
  Hand (6)
  Field: Magtheridon[12/12], Tanglefur Mystic[3/4], Scalerider[3/3]
[Turn 7, Step 30] Agent: 턴 종료

[Turn 7] === Opponent's Turn ===
[Turn 7, Step 30] Opponent: 공격 - Scalerider[3/3] -> Jaina Proudmoore
[Turn 7, Step 30] Opponent: 카드 플레이 - Mana Cyclone (코스트: 2)
[Turn 7, Step 30] Opponent: 공격 - Tanglefur Mystic[3/4] -> Teron Gorefiend
[Turn 7, Step 30] Opponent: 카드 플레이 - Kobold Monk (코스트: 4)
[Turn 7, Step 30] Opponent: 턴 종료
[Turn 8, Step 31] Agent: 카드 플레이 - Unexpected Results (코스트: 3)
[Turn 8, Step 32] Agent: 카드 플레이 - Dwarven Archaeologist (코스트: 2)
[Turn 8, Step 33] Agent: 영웅 능력 사용 -> Jaina Proudmoore
[Turn 8, Step 34] Agent: 공격 - Teron Gorefiend[3/1] -> Rexxar

--- Game State (Turn 8, Step 35) ---
Agent: Jaina Proudmoore HP: 24, Mana: 1/8
  Hand (1): Kalecgos
  Field: Teron Gorefiend[3/1], Stormwind Knight[2/5], Dead Ringer[2/1], Netherspite Historian[1/3], Dwarven Archaeologist[2/3]
Opponent: Rexxar HP: 5, Mana: 1/7
  Hand (5)
  Field: Magtheridon[12/12], Tanglefur Mystic[3/1], Scalerider[3/3], Mana Cyclone[2/2], Kobold Monk[3/6]
[Turn 8, Step 35] Agent: 공격 - Stormwind Knight[2/5] -> Rexxar
[Turn 8, Step 36] Agent: 턴 종료

[Turn 8] === Opponent's Turn ===
[Turn 8, Step 36] Opponent: 카드 플레이 - Carnivorous Cube -> Scalerider (코스트: 5)
[Turn 8, Step 36] Opponent: 카드 플레이 - Chopshop Copter (코스트: 3)
[Turn 8, Step 36] Opponent: 공격 - Kobold Monk[3/6] -> Stormwind Knight
[Turn 8, Step 36] Opponent: 공격 - Mana Cyclone[2/2] -> Dwarven Archaeologist
[Turn 8, Step 36] Opponent: 공격 - Tanglefur Mystic[3/1] -> Jaina Proudmoore
[Turn 8, Step 36] Opponent: 턴 종료
[Turn 9, Step 37] Agent: 카드 플레이 - Escaped Manasaber (코스트: 4)
[Turn 9, Step 38] Agent: 영웅 능력 사용 -> Jaina Proudmoore
[Turn 9, Step 39] Agent: 공격 - Teron Gorefiend[3/1] -> Rexxar

--- Game State (Turn 9, Step 40) ---
Agent: Jaina Proudmoore HP: 20, Mana: 3/9
  Hand (1): Kalecgos
  Field: Teron Gorefiend[3/1], Stormwind Knight[2/2], Dead Ringer[2/1], Netherspite Historian[1/3], Dwarven Archaeologist[2/1], Escaped Manasaber[3/5]
Opponent: Rexxar HP: 0, Mana: 0/8
  Hand (4)
  Field: Magtheridon[12/12], Tanglefur Mystic[3/1], Kobold Monk[3/4], Carnivorous Cube[4/6], Chopshop Copter[2/4]

--- Game State (Turn 9, Step 40) ---
Agent: Jaina Proudmoore HP: 20, Mana: 3/9
  Hand (1): Kalecgos
  Field: Teron Gorefiend[3/1], Stormwind Knight[2/2], Dead Ringer[2/1], Netherspite Historian[1/3], Dwarven Archaeologist[2/1], Escaped Manasaber[3/5]
Opponent: Rexxar HP: 0, Mana: 0/8
  Hand (4)
  Field: Magtheridon[12/12], Tanglefur Mystic[3/1], Kobold Monk[3/4], Carnivorous Cube[4/6], Chopshop Copter[2/4]

============================================================
게임 종료 - Terminated: True, Truncated: False
승자: Agent
============================================================

