============================================================
NEW GAME STARTED
Agent: HERO_08 vs Opponent: HERO_05
Action Masking: OFF
Masking Expected: OFF
============================================================
[Turn 1, Step 0] Agent: 턴 종료

[Turn 1] === Opponent's Turn ===
[Turn 1, Step 0] Opponent: 카드 플레이 - The Coin (코스트: 0)
[Turn 1, Step 0] Opponent: 카드 플레이 - Firetree Witchdoctor (코스트: 2)
[Turn 1, Step 0] Opponent: 선택 - Arcane Shot
[Turn 1, Step 0] Opponent: 턴 종료
[Turn 2, Step 1] Agent: 카드 플레이 - Upgradeable Framebot (코스트: 2)
[Turn 2, Step 2] Agent: 턴 종료

[Turn 2] === Opponent's Turn ===
[Turn 2, Step 2] Opponent: 카드 플레이 - Arcane Shot -> Firetree Witchdoctor (코스트: 1)
[Turn 2, Step 2] Opponent: 턴 종료
[Turn 3, Step 3] Agent: 카드 플레이 - Rockpool Hunter (코스트: 2)
[Turn 3, Step 4] Agent: 공격 - Upgradeable Framebot[1/5] -> Rexxar

--- Game State (Turn 3, Step 5) ---
Agent: Jaina Proudmoore HP: 30, Mana: 1/3
  Hand (4): Subject 9, Wee Spellstopper, Nefarian, Effigy
  Field: Upgradeable Framebot[1/5], Rockpool Hunter[2/3]
Opponent: Rexxar HP: 29, Mana: 1/2
  Hand (5)
[Turn 3, Step 5] Agent: 턴 종료

[Turn 3] === Opponent's Turn ===
[Turn 3, Step 5] Opponent: 카드 플레이 - Sergeant Sally (코스트: 3)
[Turn 3, Step 5] Opponent: 턴 종료
[Turn 4, Step 6] Agent: 카드 플레이 - Wee Spellstopper (코스트: 4)
[Turn 4, Step 7] Agent: 공격 - Upgradeable Framebot[1/5] -> Rexxar
[Turn 4, Step 8] Agent: 공격 - Rockpool Hunter[2/3] -> Rexxar
[Turn 4, Step 9] Agent: 턴 종료

[Turn 4] === Opponent's Turn ===
[Turn 4, Step 9] Opponent: 턴 종료

--- Game State (Turn 5, Step 10) ---
Agent: Jaina Proudmoore HP: 30, Mana: 5/5
  Hand (5): Subject 9, Nefarian, Effigy, Evasive Feywing, Ship's Cannon
  Field: Upgradeable Framebot[1/5], Rockpool Hunter[2/3], Wee Spellstopper[2/5]
Opponent: Rexxar HP: 26, Mana: 4/4
  Hand (6)
  Field: Sergeant Sally[1/1]
[Turn 5, Step 10] Agent: 카드 플레이 - Subject 9 (코스트: 5)
[Turn 5, Step 11] Agent: 공격 - Upgradeable Framebot[1/5] -> Rexxar
[Turn 5, Step 12] Agent: 공격 - Rockpool Hunter[2/3] -> Rexxar
[Turn 5, Step 13] Agent: 공격 - Wee Spellstopper[2/5] -> Rexxar
[Turn 5, Step 14] Agent: 턴 종료

[Turn 5] === Opponent's Turn ===
[Turn 5, Step 14] Opponent: 공격 - Sergeant Sally[1/1] -> Upgradeable Framebot
[Turn 5, Step 14] Opponent: 카드 플레이 - Scrap Shot -> Wee Spellstopper (코스트: 4)
[Turn 5, Step 14] Opponent: 카드 플레이 - Skaterbot (코스트: 1)
[Turn 5, Step 14] Opponent: 공격 - Skaterbot[1/1] -> Subject 9
[Turn 5, Step 14] Opponent: 턴 종료

--- Game State (Turn 6, Step 15) ---
Agent: Jaina Proudmoore HP: 30, Mana: 6/6
  Hand (5): Nefarian, Effigy, Evasive Feywing, Ship's Cannon, Polluted Hoarder
  Field: Upgradeable Framebot[1/3], Rockpool Hunter[2/2], Wee Spellstopper[2/1], Subject 9[4/2]
Opponent: Rexxar HP: 21, Mana: 0/5
  Hand (5)
[Turn 6, Step 15] Agent: 카드 플레이 - Effigy (코스트: 3)
[Turn 6, Step 16] Agent: 카드 플레이 - Ship's Cannon (코스트: 2)
[Turn 6, Step 17] Agent: 공격 - Upgradeable Framebot[1/3] -> Rexxar
[Turn 6, Step 18] Agent: 공격 - Rockpool Hunter[2/2] -> Rexxar
[Turn 6, Step 19] Agent: 공격 - Wee Spellstopper[2/1] -> Rexxar

--- Game State (Turn 6, Step 20) ---
Agent: Jaina Proudmoore HP: 30, Mana: 1/6
  Hand (3): Nefarian, Evasive Feywing, Polluted Hoarder
  Field: Upgradeable Framebot[1/3], Rockpool Hunter[2/2], Wee Spellstopper[2/1], Subject 9[4/2], Ship's Cannon[2/3]
Opponent: Rexxar HP: 16, Mana: 0/5
  Hand (5)
[Turn 6, Step 20] Agent: 공격 - Subject 9[4/2] -> Rexxar
[Turn 6, Step 21] Agent: 턴 종료

[Turn 6] === Opponent's Turn ===
[Turn 6, Step 21] Opponent: 카드 플레이 - Stonetusk Boar (코스트: 1)
[Turn 6, Step 21] Opponent: 카드 플레이 - Twilight Guardian (코스트: 4)
[Turn 6, Step 21] Opponent: 턴 종료
[Turn 7, Step 22] Agent: 카드 플레이 - Evasive Feywing (코스트: 4)
[Turn 7, Step 23] Agent: 영웅 능력 사용 -> Jaina Proudmoore
[Turn 7, Step 24] Agent: 공격 - Upgradeable Framebot[1/3] -> Rexxar

--- Game State (Turn 7, Step 25) ---
Agent: Jaina Proudmoore HP: 29, Mana: 1/7
  Hand (3): Nefarian, Polluted Hoarder, Dragonmaw Poacher
  Field: Upgradeable Framebot[1/3], Rockpool Hunter[2/2], Wee Spellstopper[2/1], Subject 9[4/2], Ship's Cannon[2/3], Evasive Feywing[5/4]
Opponent: Rexxar HP: 11, Mana: 1/6
  Hand (4)
  Field: Stonetusk Boar[4/4], Twilight Guardian[2/6]
[Turn 7, Step 25] Agent: 공격 - Rockpool Hunter[2/2] -> Rexxar
[Turn 7, Step 26] Agent: 공격 - Wee Spellstopper[2/1] -> Rexxar
[Turn 7, Step 27] Agent: 공격 - Subject 9[4/2] -> Rexxar
[Turn 7, Step 28] Agent: 공격 - Ship's Cannon[2/3] -> Rexxar
[Turn 7, Step 29] Agent: 턴 종료

[Turn 7] === Opponent's Turn ===
[Turn 7, Step 29] Opponent: 영웅 능력 사용
[Turn 7, Step 29] Opponent: 공격 - Twilight Guardian[2/6] -> Rockpool Hunter
[Turn 7, Step 29] Opponent: 카드 플레이 - Fiery Bat (코스트: 1)
[Turn 7, Step 29] Opponent: 턴 종료

--- Game State (Turn 8, Step 30) ---
Agent: Jaina Proudmoore HP: 27, Mana: 8/8
  Hand (4): Nefarian, Polluted Hoarder, Dragonmaw Poacher, Swamp Leech
  Field: Upgradeable Framebot[1/3], Wee Spellstopper[2/1], Subject 9[4/2], Ship's Cannon[2/3], Evasive Feywing[5/4], Drywhisker Armorer[2/2]
Opponent: Rexxar HP: 1, Mana: 4/7
  Hand (4)
  Field: Stonetusk Boar[4/4], Twilight Guardian[2/4], Fiery Bat[2/1]
[Turn 8, Step 30] Agent: 카드 플레이 - Polluted Hoarder (코스트: 4)
[Turn 8, Step 31] Agent: 영웅 능력 사용 -> Jaina Proudmoore
[Turn 8, Step 32] Agent: 공격 - Upgradeable Framebot[1/3] -> Rexxar

--- Game State (Turn 8, Step 33) ---
Agent: Jaina Proudmoore HP: 26, Mana: 2/8
  Hand (3): Nefarian, Dragonmaw Poacher, Swamp Leech
  Field: Upgradeable Framebot[1/3], Wee Spellstopper[2/1], Subject 9[4/2], Ship's Cannon[2/3], Evasive Feywing[5/4], Drywhisker Armorer[2/2], Polluted Hoarder[4/2]
Opponent: Rexxar HP: 0, Mana: 4/7
  Hand (4)
  Field: Stonetusk Boar[4/4], Twilight Guardian[2/4], Fiery Bat[2/1]

============================================================
게임 종료 - Terminated: True, Truncated: False
승자: Agent
============================================================

