============================================================
NEW GAME STARTED
Agent: HERO_08 vs Opponent: HERO_05
Action Masking: OFF
============================================================

[Turn 1] === Opponent's Turn ===
[Turn 1, Step 0] Opponent: 카드 플레이 - Timber Wolf (코스트: 1)
[Turn 1, Step 0] Opponent: 턴 종료
[Turn 1, Step 1] Agent: 유효하지 않은 액션 인덱스(75) → 1로 보정
[Turn 1, Step 1] Agent: 카드 플레이 - The Coin (코스트: 0)
[Turn 1, Step 2] Agent: 유효하지 않은 액션 인덱스(16) → 0로 보정
[Turn 1, Step 2] Agent: 턴 종료

[Turn 1] === Opponent's Turn ===
[Turn 1, Step 2] Opponent: 영웅 능력 사용
[Turn 1, Step 2] Opponent: 턴 종료
[Turn 2, Step 3] Agent: 유효하지 않은 액션 인덱스(77) → 1로 보정
[Turn 2, Step 3] Agent: 영웅 능력 사용 -> Jaina Proudmoore
[Turn 2, Step 4] Agent: 유효하지 않은 액션 인덱스(86) → 0로 보정
[Turn 2, Step 4] Agent: 턴 종료

[Turn 2] === Opponent's Turn ===
[Turn 2, Step 4] Opponent: 턴 종료

--- Game State (Turn 3, Step 5) ---
Agent: Jaina Proudmoore HP: 27, Mana: 3/3
  Hand (7): Hench-Clan Thug, Big-Time Racketeer, Fencing Coach, Crowd Favorite, Mad Hatter, Chromaggus, E.M.P. Operative
Opponent: Rexxar HP: 30, Mana: 3/3
  Hand (5)
  Field: Timber Wolf[1/1]
[Turn 3, Step 5] Agent: 유효하지 않은 액션 인덱스(70) → 4로 보정
[Turn 3, Step 5] Agent: 영웅 능력 사용 -> Rexxar
[Turn 3, Step 6] Agent: 유효하지 않은 액션 인덱스(98) → 0로 보정
[Turn 3, Step 6] Agent: 턴 종료

[Turn 3] === Opponent's Turn ===
[Turn 3, Step 6] Opponent: 턴 종료
[Turn 4, Step 7] Agent: 유효하지 않은 액션 인덱스(44) → 4로 보정
[Turn 4, Step 7] Agent: 카드 플레이 - Mad Hatter (코스트: 4)
[Turn 4, Step 8] Agent: 유효하지 않은 액션 인덱스(82) → 0로 보정
[Turn 4, Step 8] Agent: 턴 종료

[Turn 4] === Opponent's Turn ===
[Turn 4, Step 8] Opponent: 카드 플레이 - Argent Horserider (코스트: 3)
[Turn 4, Step 8] Opponent: 카드 플레이 - Potion Vendor (코스트: 1)
[Turn 4, Step 8] Opponent: 공격 - Timber Wolf[4/4] -> Mad Hatter
[Turn 4, Step 8] Opponent: 공격 - Argent Horserider[2/1] -> Jaina Proudmoore
[Turn 4, Step 8] Opponent: 턴 종료
[Turn 5, Step 9] Agent: 유효하지 않은 액션 인덱스(28) → 6로 보정
[Turn 5, Step 9] Agent: 영웅 능력 사용 -> Jaina Proudmoore

--- Game State (Turn 5, Step 10) ---
Agent: Jaina Proudmoore HP: 24, Mana: 3/5
  Hand (8): Hench-Clan Thug, Big-Time Racketeer, Fencing Coach, Crowd Favorite, Chromaggus, E.M.P. Operative, Holomancer, Ancient of Blossoms
Opponent: Rexxar HP: 30, Mana: 1/5
  Hand (5)
  Field: Timber Wolf[4/1], Argent Horserider[2/1], Potion Vendor[1/1]
[Turn 5, Step 10] Agent: 유효하지 않은 액션 인덱스(24) → 0로 보정
[Turn 5, Step 10] Agent: 턴 종료

[Turn 5] === Opponent's Turn ===
[Turn 5, Step 10] Opponent: 턴 종료
[Turn 6, Step 11] Agent: 유효하지 않은 액션 인덱스(58) → 2로 보정
[Turn 6, Step 11] Agent: 카드 플레이 - Big-Time Racketeer (코스트: 6)
[Turn 6, Step 12] Agent: 유효하지 않은 액션 인덱스(17) → 0로 보정
[Turn 6, Step 12] Agent: 턴 종료

[Turn 6] === Opponent's Turn ===
[Turn 6, Step 12] Opponent: 공격 - Timber Wolf[4/1] -> Big-Time Racketeer
[Turn 6, Step 12] Opponent: 턴 종료
[Turn 7, Step 13] Agent: 유효하지 않은 액션 인덱스(62) → 11로 보정
[Turn 7, Step 13] Agent: 영웅 능력 사용 -> Argent Horserider
[Turn 7, Step 14] Agent: 유효하지 않은 액션 인덱스(36) → 3로 보정
[Turn 7, Step 14] Agent: 카드 플레이 - Crowd Favorite (코스트: 4)

--- Game State (Turn 7, Step 15) ---
Agent: Jaina Proudmoore HP: 24, Mana: 1/7
  Hand (8): Hench-Clan Thug, Fencing Coach, Chromaggus, E.M.P. Operative, Holomancer, Ancient of Blossoms, Sandbinder, Spellshifter
  Field: "Little Friend"[6/6], Crowd Favorite[4/4]
Opponent: Rexxar HP: 30, Mana: 7/7
  Hand (7)
  Field: Argent Horserider[2/1], Potion Vendor[1/1]
[Turn 7, Step 15] Agent: 유효하지 않은 액션 인덱스(84) → 0로 보정
[Turn 7, Step 15] Agent: 턴 종료

[Turn 7] === Opponent's Turn ===
[Turn 7, Step 15] Opponent: 공격 - Argent Horserider[2/1] -> Crowd Favorite
[Turn 7, Step 15] Opponent: 카드 플레이 - Sharkfin Fan (코스트: 2)
[Turn 7, Step 15] Opponent: 공격 - Potion Vendor[1/1] -> "Little Friend"
[Turn 7, Step 15] Opponent: 영웅 능력 사용
[Turn 7, Step 15] Opponent: 카드 플레이 - Toxmonger (코스트: 4)
[Turn 7, Step 15] Opponent: 턴 종료
[Turn 8, Step 16] Agent: 턴 종료

[Turn 8] === Opponent's Turn ===
[Turn 8, Step 16] Opponent: 공격 - Sharkfin Fan[2/2] -> "Little Friend"
[Turn 8, Step 16] Opponent: 카드 플레이 - Bloodworm (코스트: 5)
[Turn 8, Step 16] Opponent: 카드 플레이 - Tinkmaster Overspark (코스트: 3)
[Turn 8, Step 16] Opponent: 턴 종료
[Turn 9, Step 17] Agent: 유효하지 않은 액션 인덱스(28) → 1로 보정
[Turn 9, Step 17] Agent: 카드 플레이 - Hench-Clan Thug (코스트: 3)
[Turn 9, Step 18] Agent: 유효하지 않은 액션 인덱스(93) → 12로 보정
[Turn 9, Step 18] Agent: 영웅 능력 사용 -> Rexxar
[Turn 9, Step 19] Agent: 유효하지 않은 액션 인덱스(46) → 14로 보정
[Turn 9, Step 19] Agent: 공격 - Crowd Favorite[4/2] -> Devilsaur

--- Game State (Turn 9, Step 20) ---
Agent: Jaina Proudmoore HP: 22, Mana: 4/9
  Hand (9): Fencing Coach, Chromaggus, E.M.P. Operative, Holomancer, Ancient of Blossoms, Sandbinder, Spellshifter, Spellbook Binder, Beaming Sidekick
  Field: "Little Friend"[6/3], Hench-Clan Thug[3/3]
Opponent: Rexxar HP: 29, Mana: 1/9
  Hand (5)
  Field: Toxmonger[2/4], Devilsaur[5/1], Tinkmaster Overspark[3/3]
[Turn 9, Step 20] Agent: 유효하지 않은 액션 인덱스(18) → 7로 보정
[Turn 9, Step 20] Agent: 공격 - "Little Friend"[6/3] -> Rexxar
[Turn 9, Step 21] Agent: 유효하지 않은 액션 인덱스(92) → 1로 보정
[Turn 9, Step 21] Agent: 카드 플레이 - Fencing Coach (코스트: 3)
[Turn 9, Step 22] Agent: 유효하지 않은 액션 인덱스(25) → 1로 보정
[Turn 9, Step 22] Agent: 카드 플레이 - Beaming Sidekick -> "Little Friend" (코스트: 1)
[Turn 9, Step 23] Agent: 유효하지 않은 액션 인덱스(60) → 0로 보정
[Turn 9, Step 23] Agent: 턴 종료

[Turn 9] === Opponent's Turn ===
[Turn 9, Step 23] Opponent: 공격 - Tinkmaster Overspark[3/3] -> "Little Friend"
[Turn 9, Step 23] Opponent: 카드 플레이 - Boommaster Flark (코스트: 7)
[Turn 9, Step 23] Opponent: 공격 - Toxmonger[2/4] -> Beaming Sidekick
[Turn 9, Step 23] Opponent: 영웅 능력 사용
[Turn 9, Step 23] Opponent: 턴 종료
[Turn 10, Step 24] Agent: 영웅 능력 사용 -> Toxmonger

--- Game State (Turn 10, Step 25) ---
Agent: Jaina Proudmoore HP: 20, Mana: 10/10
  Hand (8): Chromaggus, E.M.P. Operative, Holomancer, Ancient of Blossoms, Sandbinder, Spellshifter, Spellbook Binder, Tinkertown Technician
  Field: "Little Friend"[6/2], Hench-Clan Thug[3/3], Fencing Coach[2/2]
Opponent: Rexxar HP: 23, Mana: 1/10
  Hand (5)
  Field: Toxmonger[2/2], Devilsaur[5/1], Goblin Bomb[0/2], Goblin Bomb[0/2], Boommaster Flark[5/5], Goblin Bomb[0/2], Goblin Bomb[0/2]
[Turn 10, Step 25] Agent: 공격 - Fencing Coach[2/2] -> Goblin Bomb
[Turn 10, Step 26] Agent: 카드 플레이 - Spellshifter (코스트: 2)
[Turn 10, Step 27] Agent: 유효하지 않은 액션 인덱스(29) → 5로 보정
[Turn 10, Step 27] Agent: 카드 플레이 - Holomancer (코스트: 5)
[Turn 10, Step 28] Agent: 유효하지 않은 액션 인덱스(93) → 8로 보정
[Turn 10, Step 28] Agent: 공격 - "Little Friend"[6/2] -> Boommaster Flark
[Turn 10, Step 29] Agent: 유효하지 않은 액션 인덱스(89) → 8로 보정
[Turn 10, Step 29] Agent: 공격 - Hench-Clan Thug[3/3] -> Goblin Bomb

--- Game State (Turn 10, Step 30) ---
Agent: Jaina Proudmoore HP: 16, Mana: 3/10
  Hand (6): Chromaggus, E.M.P. Operative, Ancient of Blossoms, Sandbinder, Spellbook Binder, Tinkertown Technician
  Field: Hench-Clan Thug[3/3], Fencing Coach[2/2], Spellshifter[4/1], Holomancer[3/3]
Opponent: Rexxar HP: 23, Mana: 1/10
  Hand (5)
  Field: Toxmonger[2/2], Devilsaur[5/1], Goblin Bomb[0/2], Goblin Bomb[0/2]
[Turn 10, Step 30] Agent: 유효하지 않은 액션 인덱스(40) → 1로 보정
[Turn 10, Step 30] Agent: 카드 플레이 - Spellbook Binder (코스트: 2)
[Turn 10, Step 31] Agent: 유효하지 않은 액션 인덱스(41) → 0로 보정
[Turn 10, Step 31] Agent: 턴 종료

[Turn 10] === Opponent's Turn ===
[Turn 10, Step 31] Opponent: 공격 - Toxmonger[2/2] -> Jaina Proudmoore
[Turn 10, Step 31] Opponent: 공격 - Devilsaur[5/1] -> Holomancer
[Turn 10, Step 31] Opponent: 턴 종료
[Turn 10, Step 32] Agent: 유효하지 않은 액션 인덱스(55) → 15로 보정
[Turn 10, Step 32] Agent: 영웅 능력 사용 -> Jaina Proudmoore
[Turn 10, Step 33] Agent: 공격 - Fencing Coach[2/2] -> Toxmonger
[Turn 10, Step 34] Agent: 유효하지 않은 액션 인덱스(33) → 11로 보정
[Turn 10, Step 34] Agent: 카드 플레이 - Meteor -> Spellshifter (코스트: 6)

--- Game State (Turn 10, Step 35) ---
Agent: Jaina Proudmoore HP: 13, Mana: 2/10
  Hand (6): Chromaggus, E.M.P. Operative, Ancient of Blossoms, Sandbinder, Tinkertown Technician, Blizzard
Opponent: Rexxar HP: 23, Mana: 10/10
  Hand (6)
  Field: Goblin Bomb[0/2], Goblin Bomb[0/2]
[Turn 10, Step 35] Agent: 유효하지 않은 액션 인덱스(42) → 0로 보정
[Turn 10, Step 35] Agent: 턴 종료

[Turn 10] === Opponent's Turn ===
[Turn 10, Step 35] Opponent: 턴 종료
[Turn 10, Step 36] Agent: 유효하지 않은 액션 인덱스(96) → 5로 보정
[Turn 10, Step 36] Agent: 카드 플레이 - Sandbinder (코스트: 4)
[Turn 10, Step 37] Agent: 유효하지 않은 액션 인덱스(65) → 5로 보정
[Turn 10, Step 37] Agent: 카드 플레이 - Blizzard (코스트: 6)
[Turn 10, Step 38] Agent: 유효하지 않은 액션 인덱스(58) → 0로 보정
[Turn 10, Step 38] Agent: 턴 종료

[Turn 10] === Opponent's Turn ===
[Turn 10, Step 38] Opponent: 턴 종료
[Turn 10, Step 39] Agent: 유효하지 않은 액션 인덱스(66) → 0로 보정
[Turn 10, Step 39] Agent: 턴 종료

[Turn 10] === Opponent's Turn ===
[Turn 10, Step 39] Opponent: 카드 플레이 - Ultrasaur (코스트: 10)
[Turn 10, Step 39] Opponent: 턴 종료

--- Game State (Turn 10, Step 40) ---
Agent: Jaina Proudmoore HP: 9, Mana: 10/10
  Hand (7): Chromaggus, E.M.P. Operative, Ancient of Blossoms, Tinkertown Technician, Murloc Tidehunter, Phalanx Commander, Hex Lord Malacrass
  Field: Sandbinder[2/4]
Opponent: Rexxar HP: 23, Mana: 0/10
  Hand (8)
  Field: Ultrasaur[7/14]
[Turn 10, Step 40] Agent: 유효하지 않은 액션 인덱스(76) → 6로 보정
[Turn 10, Step 40] Agent: 카드 플레이 - Phalanx Commander (코스트: 5)
[Turn 10, Step 41] Agent: 카드 플레이 - E.M.P. Operative (코스트: 5)
[Turn 10, Step 42] Agent: 유효하지 않은 액션 인덱스(58) → 1로 보정
[Turn 10, Step 42] Agent: 공격 - Sandbinder[2/4] -> Rexxar
[Turn 10, Step 43] Agent: 유효하지 않은 액션 인덱스(52) → 0로 보정
[Turn 10, Step 43] Agent: 턴 종료

[Turn 10] === Opponent's Turn ===
[Turn 10, Step 43] Opponent: 카드 플레이 - Octosari (코스트: 8)
[Turn 10, Step 43] Opponent: 영웅 능력 사용
[Turn 10, Step 43] Opponent: 공격 - Ultrasaur[7/14] -> Sandbinder
[Turn 10, Step 43] Opponent: 턴 종료
[Turn 10, Step 44] Agent: 유효하지 않은 액션 인덱스(77) → 1로 보정
[Turn 10, Step 44] Agent: 카드 플레이 - Icehowl (코스트: 9)

--- Game State (Turn 10, Step 45) ---
Agent: Jaina Proudmoore HP: 7, Mana: 1/10
  Hand (5): Chromaggus, Ancient of Blossoms, Tinkertown Technician, Murloc Tidehunter, Hex Lord Malacrass
  Field: Phalanx Commander[4/5], E.M.P. Operative[3/3], Icehowl[10/10]
Opponent: Rexxar HP: 21, Mana: 0/10
  Hand (8)
  Field: Ultrasaur[7/12], Octosari[8/8]
[Turn 10, Step 45] Agent: 유효하지 않은 액션 인덱스(91) → 1로 보정
[Turn 10, Step 45] Agent: 공격 - Phalanx Commander[4/5] -> Rexxar
[Turn 10, Step 46] Agent: 유효하지 않은 액션 인덱스(25) → 1로 보정
[Turn 10, Step 46] Agent: 공격 - E.M.P. Operative[3/3] -> Rexxar
[Turn 10, Step 47] Agent: 유효하지 않은 액션 인덱스(56) → 2로 보정
[Turn 10, Step 47] Agent: 공격 - Icehowl[10/10] -> Octosari
[Turn 10, Step 48] Agent: 유효하지 않은 액션 인덱스(62) → 0로 보정
[Turn 10, Step 48] Agent: 턴 종료

[Turn 10] === Opponent's Turn ===
[Turn 10, Step 48] Opponent: 턴 종료
[Turn 10, Step 49] Agent: 유효하지 않은 액션 인덱스(75) → 3로 보정
[Turn 10, Step 49] Agent: 카드 플레이 - Ancient of Blossoms (코스트: 6)

--- Game State (Turn 10, Step 50) ---
Agent: Jaina Proudmoore HP: 7, Mana: 4/10
  Hand (5): Blood of The Ancient One, Chromaggus, Tinkertown Technician, Murloc Tidehunter, Hex Lord Malacrass
  Field: Phalanx Commander[4/5], E.M.P. Operative[3/3], Icehowl[10/2], Ancient of Blossoms[5/8]
Opponent: Rexxar HP: 14, Mana: 10/10
  Hand (10)
  Field: Ultrasaur[7/12]
[Turn 10, Step 50] Agent: 카드 플레이 - Murloc Tidehunter (코스트: 2)
[Turn 10, Step 51] Agent: 유효하지 않은 액션 인덱스(83) → 8로 보정
[Turn 10, Step 51] Agent: 영웅 능력 사용 -> Murloc Tidehunter
[Turn 10, Step 52] Agent: 유효하지 않은 액션 인덱스(75) → 3로 보정
[Turn 10, Step 52] Agent: 공격 - E.M.P. Operative[3/3] -> Rexxar
[Turn 10, Step 53] Agent: 유효하지 않은 액션 인덱스(41) → 1로 보정
[Turn 10, Step 53] Agent: 공격 - Phalanx Commander[4/5] -> Rexxar
[Turn 10, Step 54] Agent: 유효하지 않은 액션 인덱스(91) → 1로 보정
[Turn 10, Step 54] Agent: 공격 - Icehowl[10/2] -> Ultrasaur

--- Game State (Turn 10, Step 55) ---
Agent: Jaina Proudmoore HP: 7, Mana: 0/10
  Hand (4): Blood of The Ancient One, Chromaggus, Tinkertown Technician, Hex Lord Malacrass
  Field: Phalanx Commander[4/5], E.M.P. Operative[3/3], Ancient of Blossoms[5/8], Murloc Scout[1/1]
Opponent: Rexxar HP: 7, Mana: 10/10
  Hand (10)
  Field: Ultrasaur[7/2]
[Turn 10, Step 55] Agent: 유효하지 않은 액션 인덱스(48) → 0로 보정
[Turn 10, Step 55] Agent: 턴 종료

[Turn 10] === Opponent's Turn ===
[Turn 10, Step 55] Opponent: 카드 플레이 - Sea Giant (코스트: 5)
[Turn 10, Step 55] Opponent: 공격 - Ultrasaur[7/2] -> Ancient of Blossoms
[Turn 10, Step 55] Opponent: 카드 플레이 - Hot Air Balloon (코스트: 1)
[Turn 10, Step 55] Opponent: 카드 플레이 - Spawn of N'Zoth (코스트: 3)
[Turn 10, Step 55] Opponent: 카드 플레이 - Helpless Hatchling (코스트: 1)
[Turn 10, Step 55] Opponent: 턴 종료
[Turn 10, Step 56] Agent: 유효하지 않은 액션 인덱스(60) → 24로 보정
[Turn 10, Step 56] Agent: 공격 - E.M.P. Operative[3/3] -> Spawn of N'Zoth
[Turn 10, Step 57] Agent: 유효하지 않은 액션 인덱스(52) → 25로 보정
[Turn 10, Step 57] Agent: 공격 - Murloc Scout[1/1] -> Hot Air Balloon
[Turn 10, Step 58] Agent: 공격 - Ancient of Blossoms[5/1] -> Helpless Hatchling
[Turn 10, Step 59] Agent: 카드 플레이 - Hex Lord Malacrass (코스트: 8)

--- Game State (Turn 10, Step 60) ---
Agent: Jaina Proudmoore HP: 7, Mana: 2/10
  Hand (8): Blood of The Ancient One, Chromaggus, Tinkertown Technician, Furnacefire Colossus, Big-Time Racketeer, Crowd Favorite, Fencing Coach, Hench-Clan Thug
  Field: Phalanx Commander[4/5], E.M.P. Operative[3/1], Hex Lord Malacrass[5/5]
Opponent: Rexxar HP: 7, Mana: 0/10
  Hand (6)
  Field: Sea Giant[9/9], Hot Air Balloon[2/2]
[Turn 10, Step 60] Agent: 유효하지 않은 액션 인덱스(60) → 5로 보정
[Turn 10, Step 60] Agent: 영웅 능력 사용 -> Sea Giant
[Turn 10, Step 61] Agent: 유효하지 않은 액션 인덱스(24) → 0로 보정
[Turn 10, Step 61] Agent: 턴 종료

[Turn 10] === Opponent's Turn ===
[Turn 10, Step 61] Opponent: 턴 종료
[Turn 10, Step 62] Agent: 공격 - Hex Lord Malacrass[5/5] -> Sea Giant
[Turn 10, Step 63] Agent: 유효하지 않은 액션 인덱스(58) → 4로 보정
[Turn 10, Step 63] Agent: 카드 플레이 - Furnacefire Colossus (코스트: 6)
[Turn 10, Step 64] Agent: 영웅 능력 사용 -> E.M.P. Operative

--- Game State (Turn 10, Step 65) ---
Agent: Jaina Proudmoore HP: 7, Mana: 2/10
  Hand (8): Blood of The Ancient One, Chromaggus, Tinkertown Technician, Big-Time Racketeer, Crowd Favorite, Fencing Coach, Hench-Clan Thug, Earthen Ring Farseer
  Field: Phalanx Commander[4/5], Furnacefire Colossus[6/6]
Opponent: Rexxar HP: 7, Mana: 10/10
  Hand (7)
  Field: Sea Giant[9/3], Hot Air Balloon[2/3]
[Turn 10, Step 65] Agent: 유효하지 않은 액션 인덱스(38) → 2로 보정
[Turn 10, Step 65] Agent: 공격 - Phalanx Commander[4/5] -> Sea Giant
[Turn 10, Step 66] Agent: 유효하지 않은 액션 인덱스(24) → 0로 보정
[Turn 10, Step 66] Agent: 턴 종료

[Turn 10] === Opponent's Turn ===
[Turn 10, Step 66] Opponent: 영웅 능력 사용
[Turn 10, Step 66] Opponent: 턴 종료
[Turn 10, Step 67] Agent: 카드 플레이 - Crowd Favorite (코스트: 4)
[Turn 10, Step 68] Agent: 유효하지 않은 액션 인덱스(84) → 12로 보정
[Turn 10, Step 68] Agent: 영웅 능력 사용 -> Rexxar
[Turn 10, Step 69] Agent: 유효하지 않은 액션 인덱스(43) → 10로 보정
[Turn 10, Step 69] Agent: 공격 - Furnacefire Colossus[6/6] -> Hot Air Balloon

--- Game State (Turn 10, Step 70) ---
Agent: Jaina Proudmoore HP: 5, Mana: 4/10
  Hand (8): Blood of The Ancient One, Chromaggus, Tinkertown Technician, Big-Time Racketeer, Fencing Coach, Hench-Clan Thug, Earthen Ring Farseer, Mechanical Whelp
  Field: Furnacefire Colossus[6/4], Crowd Favorite[4/4]
Opponent: Rexxar HP: 6, Mana: 8/10
  Hand (8)
[Turn 10, Step 70] Agent: 유효하지 않은 액션 인덱스(79) → 7로 보정
[Turn 10, Step 70] Agent: 카드 플레이 - Earthen Ring Farseer -> Crowd Favorite (코스트: 3)
[Turn 10, Step 71] Agent: 턴 종료

[Turn 10] === Opponent's Turn ===
[Turn 10, Step 71] Opponent: 턴 종료
[Turn 10, Step 72] Agent: 유효하지 않은 액션 인덱스(99) → 14로 보정
[Turn 10, Step 72] Agent: 공격 - Furnacefire Colossus[6/4] -> Rexxar

--- Game State (Turn 10, Step 73) ---
Agent: Jaina Proudmoore HP: 5, Mana: 10/10
  Hand (8): Blood of The Ancient One, Chromaggus, Tinkertown Technician, Big-Time Racketeer, Fencing Coach, Hench-Clan Thug, Mechanical Whelp, Coliseum Manager
  Field: Furnacefire Colossus[6/4], Crowd Favorite[5/5], Earthen Ring Farseer[3/3]
Opponent: Rexxar HP: 0, Mana: 10/10
  Hand (8)

============================================================
게임 종료 - Terminated: True, Truncated: False
승자: Agent
============================================================

