============================================================
NEW GAME STARTED
Agent: HERO_08 vs Opponent: HERO_05
Action Masking: OFF
============================================================

[Turn 1] === Opponent's Turn ===
[Turn 1, Step 0] Opponent: 카드 플레이 - Mistress of Mixtures (코스트: 1)
[Turn 1, Step 0] Opponent: 턴 종료
[Turn 1, Step 1] Agent: 유효하지 않은 액션 인덱스(47) → 2로 보정
[Turn 1, Step 1] Agent: 카드 플레이 - The Coin (코스트: 0)
[Turn 1, Step 2] Agent: 영웅 능력 사용 -> Jaina Proudmoore
[Turn 1, Step 3] Agent: 유효하지 않은 액션 인덱스(99) → 0로 보정
[Turn 1, Step 3] Agent: 턴 종료

[Turn 1] === Opponent's Turn ===
[Turn 1, Step 3] Opponent: 카드 플레이 - Unpowered Mauler (코스트: 2)
[Turn 1, Step 3] Opponent: 턴 종료
[Turn 2, Step 4] Agent: 유효하지 않은 액션 인덱스(8) → 1로 보정
[Turn 2, Step 4] Agent: 카드 플레이 - Tome of Intellect (코스트: 1)

--- Game State (Turn 2, Step 5) ---
Agent: Jaina Proudmoore HP: 29, Mana: 1/2
  Hand (6): Bog Creeper, Ragnaros the Firelord, Twilight Drake, Dragonmaw Sky Stalker, Scarab Egg, Flamestrike
Opponent: Rexxar HP: 30, Mana: 0/2
  Hand (3)
  Field: Mistress of Mixtures[2/2], Unpowered Mauler[2/4]
[Turn 2, Step 5] Agent: 유효하지 않은 액션 인덱스(30) → 0로 보정
[Turn 2, Step 5] Agent: 턴 종료

[Turn 2] === Opponent's Turn ===
[Turn 2, Step 5] Opponent: 턴 종료
[Turn 3, Step 6] Agent: 유효하지 않은 액션 인덱스(94) → 3로 보정
[Turn 3, Step 6] Agent: 영웅 능력 사용 -> Jaina Proudmoore
[Turn 3, Step 7] Agent: 유효하지 않은 액션 인덱스(55) → 0로 보정
[Turn 3, Step 7] Agent: 턴 종료

[Turn 3] === Opponent's Turn ===
[Turn 3, Step 7] Opponent: 카드 플레이 - Timber Wolf (코스트: 1)
[Turn 3, Step 7] Opponent: 공격 - Mistress of Mixtures[2/2] -> Jaina Proudmoore
[Turn 3, Step 7] Opponent: 카드 플레이 - Squirming Tentacle (코스트: 3)
[Turn 3, Step 7] Opponent: 턴 종료
[Turn 4, Step 8] Agent: 유효하지 않은 액션 인덱스(17) → 7로 보정
[Turn 4, Step 8] Agent: 영웅 능력 사용 -> Unpowered Mauler
[Turn 4, Step 9] Agent: 유효하지 않은 액션 인덱스(91) → 1로 보정
[Turn 4, Step 9] Agent: 카드 플레이 - Scarab Egg (코스트: 2)

--- Game State (Turn 4, Step 10) ---
Agent: Jaina Proudmoore HP: 26, Mana: 0/4
  Hand (7): Bog Creeper, Ragnaros the Firelord, Twilight Drake, Dragonmaw Sky Stalker, Flamestrike, Licensed Adventurer, Azerite Elemental
  Field: Scarab Egg[0/2]
Opponent: Rexxar HP: 30, Mana: 0/4
  Hand (3)
  Field: Mistress of Mixtures[2/2], Unpowered Mauler[2/3], Timber Wolf[1/1], Squirming Tentacle[2/4]
[Turn 4, Step 10] Agent: 유효하지 않은 액션 인덱스(42) → 0로 보정
[Turn 4, Step 10] Agent: 턴 종료

[Turn 4] === Opponent's Turn ===
[Turn 4, Step 10] Opponent: 영웅 능력 사용
[Turn 4, Step 10] Opponent: 공격 - Timber Wolf[1/1] -> Jaina Proudmoore
[Turn 4, Step 10] Opponent: 턴 종료
[Turn 5, Step 11] Agent: 유효하지 않은 액션 인덱스(33) → 9로 보정
[Turn 5, Step 11] Agent: 영웅 능력 사용 -> Timber Wolf
[Turn 5, Step 12] Agent: 유효하지 않은 액션 인덱스(56) → 2로 보정
[Turn 5, Step 12] Agent: 카드 플레이 - Licensed Adventurer (코스트: 2)
[Turn 5, Step 13] Agent: 유효하지 않은 액션 인덱스(3) → 0로 보정
[Turn 5, Step 13] Agent: 턴 종료

[Turn 5] === Opponent's Turn ===
[Turn 5, Step 13] Opponent: 턴 종료
[Turn 6, Step 14] Agent: 유효하지 않은 액션 인덱스(43) → 1로 보정
[Turn 6, Step 14] Agent: 카드 플레이 - Teron Gorefiend (코스트: 3)

--- Game State (Turn 6, Step 15) ---
Agent: Jaina Proudmoore HP: 23, Mana: 3/6
  Hand (7): Bog Creeper, Ragnaros the Firelord, Twilight Drake, Dragonmaw Sky Stalker, Flamestrike, Azerite Elemental, Frozen Clone
  Field: Scarab[1/1], Scarab[1/1], Scarab[1/1], Teron Gorefiend[3/4]
Opponent: Rexxar HP: 30, Mana: 6/6
  Hand (5)
  Field: Mistress of Mixtures[2/2], Unpowered Mauler[2/3], Squirming Tentacle[2/4]
[Turn 6, Step 15] Agent: 유효하지 않은 액션 인덱스(98) → 10로 보정
[Turn 6, Step 15] Agent: 영웅 능력 사용 -> Scarab
[Turn 6, Step 16] Agent: 유효하지 않은 액션 인덱스(28) → 0로 보정
[Turn 6, Step 16] Agent: 턴 종료

[Turn 6] === Opponent's Turn ===
[Turn 6, Step 16] Opponent: 공격 - Mistress of Mixtures[2/2] -> Teron Gorefiend
[Turn 6, Step 16] Opponent: 공격 - Squirming Tentacle[2/4] -> Scarab
[Turn 6, Step 16] Opponent: 카드 플레이 - Zoobot (코스트: 3)
[Turn 6, Step 16] Opponent: 카드 플레이 - Shroom Brewer -> Teron Gorefiend (코스트: 4)
[Turn 6, Step 16] Opponent: 턴 종료
[Turn 7, Step 17] Agent: 유효하지 않은 액션 인덱스(89) → 17로 보정
[Turn 7, Step 17] Agent: 공격 - Teron Gorefiend[3/4] -> Squirming Tentacle
[Turn 7, Step 18] Agent: 유효하지 않은 액션 인덱스(63) → 6로 보정
[Turn 7, Step 18] Agent: 카드 플레이 - Frozen Clone (코스트: 3)
[Turn 7, Step 19] Agent: 유효하지 않은 액션 인덱스(51) → 9로 보정
[Turn 7, Step 19] Agent: 영웅 능력 사용 -> Shroom Brewer

--- Game State (Turn 7, Step 20) ---
Agent: Jaina Proudmoore HP: 27, Mana: 2/7
  Hand (7): Bog Creeper, Ragnaros the Firelord, Twilight Drake, Dragonmaw Sky Stalker, Flamestrike, Azerite Elemental, Living Dragonbreath
  Field: Scarab[1/1], Teron Gorefiend[3/2]
Opponent: Rexxar HP: 30, Mana: 0/7
  Hand (4)
  Field: Unpowered Mauler[2/3], Zoobot[3/3], Shroom Brewer[4/3]
[Turn 7, Step 20] Agent: 유효하지 않은 액션 인덱스(83) → 3로 보정
[Turn 7, Step 20] Agent: 공격 - Scarab[1/1] -> Zoobot
[Turn 7, Step 21] Agent: 유효하지 않은 액션 인덱스(22) → 0로 보정
[Turn 7, Step 21] Agent: 턴 종료

[Turn 7] === Opponent's Turn ===
[Turn 7, Step 21] Opponent: 카드 플레이 - Ball of Spiders (코스트: 6)
[Turn 7, Step 21] Opponent: 턴 종료
[Turn 8, Step 22] Agent: 유효하지 않은 액션 인덱스(28) → 3로 보정
[Turn 8, Step 22] Agent: 카드 플레이 - Twilight Drake (코스트: 4)
[Turn 8, Step 23] Agent: 유효하지 않은 액션 인덱스(37) → 17로 보정
[Turn 8, Step 23] Agent: 공격 - Teron Gorefiend[3/2] -> Webspinner
[Turn 8, Step 24] Agent: 유효하지 않은 액션 인덱스(98) → 2로 보정
[Turn 8, Step 24] Agent: 카드 플레이 - SI:7 Infiltrator (코스트: 4)

--- Game State (Turn 8, Step 25) ---
Agent: Jaina Proudmoore HP: 27, Mana: 0/8
  Hand (6): Bog Creeper, Ragnaros the Firelord, Dragonmaw Sky Stalker, Flamestrike, Azerite Elemental, Living Dragonbreath
  Field: Teron Gorefiend[3/1], Twilight Drake[4/8], SI:7 Infiltrator[5/4]
Opponent: Rexxar HP: 30, Mana: 2/8
  Hand (5)
  Field: Unpowered Mauler[2/3], Zoobot[3/2], Shroom Brewer[4/3], Webspinner[1/1], Webspinner[1/1]
[Turn 8, Step 25] Agent: 유효하지 않은 액션 인덱스(5) → 0로 보정
[Turn 8, Step 25] Agent: 턴 종료

[Turn 8] === Opponent's Turn ===
[Turn 8, Step 25] Opponent: 공격 - Webspinner[1/1] -> SI:7 Infiltrator
[Turn 8, Step 25] Opponent: 공격 - Zoobot[3/2] -> Twilight Drake
[Turn 8, Step 25] Opponent: 턴 종료
[Turn 9, Step 26] Agent: 카드 플레이 - Flamestrike (코스트: 7)
[Turn 9, Step 27] Agent: 유효하지 않은 액션 인덱스(42) → 6로 보정
[Turn 9, Step 27] Agent: 공격 - Teron Gorefiend[3/1] -> Rexxar
[Turn 9, Step 28] Agent: 유효하지 않은 액션 인덱스(95) → 7로 보정
[Turn 9, Step 28] Agent: 공격 - SI:7 Infiltrator[5/3] -> Rexxar
[Turn 9, Step 29] Agent: 영웅 능력 사용 -> Teron Gorefiend

--- Game State (Turn 9, Step 30) ---
Agent: Jaina Proudmoore HP: 27, Mana: 0/9
  Hand (6): Bog Creeper, Ragnaros the Firelord, Dragonmaw Sky Stalker, Azerite Elemental, Living Dragonbreath, Ornery Tortoise
  Field: Twilight Drake[4/5], SI:7 Infiltrator[5/3], Scarab Egg[1/3], Licensed Adventurer[4/3]
Opponent: Rexxar HP: 22, Mana: 9/9
  Hand (8)
[Turn 9, Step 30] Agent: 유효하지 않은 액션 인덱스(64) → 0로 보정
[Turn 9, Step 30] Agent: 턴 종료

[Turn 9] === Opponent's Turn ===
[Turn 9, Step 30] Opponent: 턴 종료
[Turn 10, Step 31] Agent: 유효하지 않은 액션 인덱스(26) → 8로 보정
[Turn 10, Step 31] Agent: 영웅 능력 사용 -> Jaina Proudmoore
[Turn 10, Step 32] Agent: 유효하지 않은 액션 인덱스(31) → 7로 보정
[Turn 10, Step 32] Agent: 카드 플레이 - Ornery Tortoise (코스트: 3)
[Turn 10, Step 33] Agent: 유효하지 않은 액션 인덱스(27) → 6로 보정
[Turn 10, Step 33] Agent: 공격 - Licensed Adventurer[4/3] -> Rexxar
[Turn 10, Step 34] Agent: 유효하지 않은 액션 인덱스(96) → 0로 보정
[Turn 10, Step 34] Agent: 턴 종료

[Turn 10] === Opponent's Turn ===
[Turn 10, Step 34] Opponent: 카드 플레이 - Baron Geddon (코스트: 7)
[Turn 10, Step 34] Opponent: 턴 종료

--- Game State (Turn 10, Step 35) ---
Agent: Jaina Proudmoore HP: 19, Mana: 10/10
  Hand (9): The Lich King, Bog Creeper, Ragnaros the Firelord, Dragonmaw Sky Stalker, Azerite Elemental, Living Dragonbreath, Baron Geddon, Baron Geddon, Fire Plume Phoenix
  Field: Twilight Drake[4/3], SI:7 Infiltrator[5/1], Scarab Egg[1/1], Licensed Adventurer[4/1], Ornery Tortoise[3/3]
Opponent: Rexxar HP: 16, Mana: 3/10
  Hand (9)
  Field: Baron Geddon[7/5]
[Turn 10, Step 35] Agent: 카드 플레이 - Azerite Elemental (코스트: 5)
[Turn 10, Step 36] Agent: 영웅 능력 사용 -> Jaina Proudmoore
[Turn 10, Step 37] Agent: 유효하지 않은 액션 인덱스(68) → 8로 보정
[Turn 10, Step 37] Agent: 공격 - Licensed Adventurer[4/1] -> Rexxar
[Turn 10, Step 38] Agent: 유효하지 않은 액션 인덱스(22) → 2로 보정
[Turn 10, Step 38] Agent: 공격 - Twilight Drake[4/3] -> Rexxar
[Turn 10, Step 39] Agent: 카드 플레이 - Living Dragonbreath (코스트: 3)

--- Game State (Turn 10, Step 40) ---
Agent: Jaina Proudmoore HP: 18, Mana: 0/10
  Hand (7): The Lich King, Bog Creeper, Ragnaros the Firelord, Dragonmaw Sky Stalker, Baron Geddon, Baron Geddon, Fire Plume Phoenix
  Field: Twilight Drake[4/3], SI:7 Infiltrator[5/1], Scarab Egg[1/1], Licensed Adventurer[4/1], Ornery Tortoise[3/3], Azerite Elemental[2/7], Living Dragonbreath[3/4]
Opponent: Rexxar HP: 8, Mana: 3/10
  Hand (9)
  Field: Baron Geddon[7/5]
[Turn 10, Step 40] Agent: 유효하지 않은 액션 인덱스(95) → 4로 보정
[Turn 10, Step 40] Agent: 공격 - Scarab Egg[1/1] -> Baron Geddon
[Turn 10, Step 41] Agent: 유효하지 않은 액션 인덱스(24) → 4로 보정
[Turn 10, Step 41] Agent: 공격 - Ornery Tortoise[3/3] -> Baron Geddon
[Turn 10, Step 42] Agent: 유효하지 않은 액션 인덱스(20) → 2로 보정
[Turn 10, Step 42] Agent: 공격 - SI:7 Infiltrator[5/1] -> Baron Geddon
[Turn 10, Step 43] Agent: 유효하지 않은 액션 인덱스(46) → 0로 보정
[Turn 10, Step 43] Agent: 턴 종료

[Turn 10] === Opponent's Turn ===
[Turn 10, Step 43] Opponent: 턴 종료
[Turn 10, Step 44] Agent: 유효하지 않은 액션 인덱스(97) → 16로 보정
[Turn 10, Step 44] Agent: 영웅 능력 사용 -> Rexxar

--- Game State (Turn 10, Step 45) ---
Agent: Jaina Proudmoore HP: 18, Mana: 8/10
  Hand (8): The Lich King, Bog Creeper, Ragnaros the Firelord, Dragonmaw Sky Stalker, Baron Geddon, Baron Geddon, Fire Plume Phoenix, Whirlwind Tempest
  Field: Twilight Drake[4/3], Scarab[1/1], Licensed Adventurer[4/1], Azerite Elemental[2/7], Living Dragonbreath[3/4]
Opponent: Rexxar HP: 7, Mana: 10/10
  Hand (10)
[Turn 10, Step 45] Agent: 카드 플레이 - Fire Plume Phoenix -> Living Dragonbreath (코스트: 4)
[Turn 10, Step 46] Agent: 유효하지 않은 액션 인덱스(18) → 0로 보정
[Turn 10, Step 46] Agent: 턴 종료

[Turn 10] === Opponent's Turn ===
[Turn 10, Step 46] Opponent: 카드 플레이 - Scalerider -> Rexxar (코스트: 3)
[Turn 10, Step 46] Opponent: 턴 종료
[Turn 10, Step 47] Agent: 공격 - Azerite Elemental[2/7] -> Scalerider
[Turn 10, Step 48] Agent: 유효하지 않은 액션 인덱스(33) → 5로 보정
[Turn 10, Step 48] Agent: 카드 플레이 - Baron Geddon (코스트: 7)
[Turn 10, Step 49] Agent: 공격 - Twilight Drake[4/3] -> Scalerider

--- Game State (Turn 10, Step 50) ---
Agent: Jaina Proudmoore HP: 18, Mana: 3/10
  Hand (7): The Lich King, Bog Creeper, Ragnaros the Firelord, Dragonmaw Sky Stalker, Baron Geddon, Whirlwind Tempest, Missile Launcher
  Field: Scarab[1/1], Licensed Adventurer[4/1], Azerite Elemental[2/4], Living Dragonbreath[3/2], Fire Plume Phoenix[3/3], Baron Geddon[7/5]
Opponent: Rexxar HP: 5, Mana: 7/10
  Hand (9)
[Turn 10, Step 50] Agent: 유효하지 않은 액션 인덱스(53) → 1로 보정
[Turn 10, Step 50] Agent: 영웅 능력 사용 -> Jaina Proudmoore
[Turn 10, Step 51] Agent: 유효하지 않은 액션 인덱스(22) → 2로 보정
[Turn 10, Step 51] Agent: 공격 - Licensed Adventurer[4/1] -> Rexxar
[Turn 10, Step 52] Agent: 유효하지 않은 액션 인덱스(28) → 0로 보정
[Turn 10, Step 52] Agent: 턴 종료

--- Game State (Turn 10, Step 53) ---
Agent: Jaina Proudmoore HP: 15, Mana: 1/10
  Hand (7): The Lich King, Bog Creeper, Ragnaros the Firelord, Dragonmaw Sky Stalker, Baron Geddon, Whirlwind Tempest, Missile Launcher
  Field: Scarab[1/-1], Licensed Adventurer[4/-1], Azerite Elemental[2/2], Living Dragonbreath[3/0], Fire Plume Phoenix[3/1], Baron Geddon[7/5]
Opponent: Rexxar HP: 0, Mana: 7/10
  Hand (9)

============================================================
게임 종료 - Terminated: True, Truncated: False
승자: Agent
============================================================

