============================================================
NEW GAME STARTED
Agent: HERO_08 vs Opponent: HERO_05
Action Masking: OFF
============================================================

[Turn 1] === Opponent's Turn ===
[Turn 1, Step 0] Opponent: 턴 종료
[Turn 1, Step 1] Agent: 유효하지 않은 액션 인덱스(48) → 0로 보정
[Turn 1, Step 1] Agent: 턴 종료

[Turn 1] === Opponent's Turn ===
[Turn 1, Step 1] Opponent: 영웅 능력 사용
[Turn 1, Step 1] Opponent: 턴 종료
[Turn 2, Step 2] Agent: 유효하지 않은 액션 인덱스(66) → 2로 보정
[Turn 2, Step 2] Agent: 카드 플레이 - Arcane Flakmage (코스트: 2)
[Turn 2, Step 3] Agent: 유효하지 않은 액션 인덱스(86) → 0로 보정
[Turn 2, Step 3] Agent: 턴 종료

[Turn 2] === Opponent's Turn ===
[Turn 2, Step 3] Opponent: 턴 종료
[Turn 3, Step 4] Agent: 유효하지 않은 액션 인덱스(55) → 0로 보정
[Turn 3, Step 4] Agent: 턴 종료

[Turn 3] === Opponent's Turn ===
[Turn 3, Step 4] Opponent: 카드 플레이 - Fire Plume Phoenix -> Jaina Proudmoore (코스트: 4)
[Turn 3, Step 4] Opponent: 턴 종료

--- Game State (Turn 4, Step 5) ---
Agent: Jaina Proudmoore HP: 26, Mana: 4/4
  Hand (8): Master Swordsmith, Inkmaster Solia, Apexis Smuggler, The Coin, Murloc Raider, King Mukla, Drakkari Trickster, Crazed Worshipper
  Field: Arcane Flakmage[3/2]
Opponent: Rexxar HP: 30, Mana: 0/4
  Hand (6)
  Field: Fire Plume Phoenix[3/3]
[Turn 4, Step 5] Agent: 유효하지 않은 액션 인덱스(69) → 4로 보정
[Turn 4, Step 5] Agent: 카드 플레이 - Murloc Raider (코스트: 1)
[Turn 4, Step 6] Agent: 유효하지 않은 액션 인덱스(31) → 5로 보정
[Turn 4, Step 6] Agent: 카드 플레이 - Drakkari Trickster (코스트: 3)
[Turn 4, Step 7] Agent: 유효하지 않은 액션 인덱스(66) → 2로 보정
[Turn 4, Step 7] Agent: 공격 - Arcane Flakmage[3/2] -> Rexxar
[Turn 4, Step 8] Agent: 유효하지 않은 액션 인덱스(7) → 1로 보정
[Turn 4, Step 8] Agent: 카드 플레이 - The Coin (코스트: 0)
[Turn 4, Step 9] Agent: 유효하지 않은 액션 인덱스(29) → 0로 보정
[Turn 4, Step 9] Agent: 턴 종료

[Turn 4] === Opponent's Turn ===
[Turn 4, Step 9] Opponent: 카드 플레이 - Crazed Alchemist -> Fire Plume Phoenix (코스트: 2)
[Turn 4, Step 9] Opponent: 공격 - Fire Plume Phoenix[3/3] -> Arcane Flakmage
[Turn 4, Step 9] Opponent: 카드 플레이 - Violet Illusionist (코스트: 3)
[Turn 4, Step 9] Opponent: 턴 종료

--- Game State (Turn 5, Step 10) ---
Agent: Jaina Proudmoore HP: 26, Mana: 5/5
  Hand (7): Thunder Lizard, Master Swordsmith, Inkmaster Solia, Apexis Smuggler, King Mukla, Crazed Worshipper, Escaped Manasaber
  Field: Murloc Raider[2/1], Drakkari Trickster[3/4]
Opponent: Rexxar HP: 27, Mana: 0/5
  Hand (6)
  Field: Crazed Alchemist[2/2], Violet Illusionist[4/3]
[Turn 5, Step 10] Agent: 유효하지 않은 액션 인덱스(78) → 2로 보정
[Turn 5, Step 10] Agent: 카드 플레이 - Master Swordsmith (코스트: 2)
[Turn 5, Step 11] Agent: 유효하지 않은 액션 인덱스(18) → 1로 보정
[Turn 5, Step 11] Agent: 카드 플레이 - Thunder Lizard (코스트: 3)
[Turn 5, Step 12] Agent: 공격 - Drakkari Trickster[3/4] -> Rexxar
[Turn 5, Step 13] Agent: 유효하지 않은 액션 인덱스(78) → 2로 보정
[Turn 5, Step 13] Agent: 공격 - Murloc Raider[2/1] -> Crazed Alchemist
[Turn 5, Step 14] Agent: 유효하지 않은 액션 인덱스(82) → 0로 보정
[Turn 5, Step 14] Agent: 턴 종료

[Turn 5] === Opponent's Turn ===
[Turn 5, Step 14] Opponent: 턴 종료

--- Game State (Turn 6, Step 15) ---
Agent: Jaina Proudmoore HP: 26, Mana: 6/6
  Hand (6): Inkmaster Solia, Apexis Smuggler, King Mukla, Crazed Worshipper, Escaped Manasaber, Sunborne Val'kyr
  Field: Drakkari Trickster[4/4], Master Swordsmith[1/3], Thunder Lizard[3/3]
Opponent: Rexxar HP: 24, Mana: 6/6
  Hand (7)
  Field: Violet Illusionist[4/3]
[Turn 6, Step 15] Agent: 유효하지 않은 액션 인덱스(49) → 13로 보정
[Turn 6, Step 15] Agent: 공격 - Drakkari Trickster[4/4] -> Violet Illusionist
[Turn 6, Step 16] Agent: 유효하지 않은 액션 인덱스(37) → 1로 보정
[Turn 6, Step 16] Agent: 카드 플레이 - Apexis Smuggler (코스트: 2)
[Turn 6, Step 17] Agent: 유효하지 않은 액션 인덱스(37) → 7로 보정
[Turn 6, Step 17] Agent: 영웅 능력 사용 -> Apexis Smuggler
[Turn 6, Step 18] Agent: 유효하지 않은 액션 인덱스(18) → 0로 보정
[Turn 6, Step 18] Agent: 턴 종료

[Turn 6] === Opponent's Turn ===
[Turn 6, Step 18] Opponent: 카드 플레이 - Bloodsail Raider (코스트: 2)
[Turn 6, Step 18] Opponent: 카드 플레이 - Crazed Alchemist -> Master Swordsmith (코스트: 2)
[Turn 6, Step 18] Opponent: 턴 종료
[Turn 7, Step 19] Agent: 유효하지 않은 액션 인덱스(96) → 4로 보정
[Turn 7, Step 19] Agent: 카드 플레이 - Escaped Manasaber (코스트: 4)

--- Game State (Turn 7, Step 20) ---
Agent: Jaina Proudmoore HP: 26, Mana: 3/7
  Hand (5): Inkmaster Solia, King Mukla, Crazed Worshipper, Sunborne Val'kyr, Xavius
  Field: Master Swordsmith[3/1], Thunder Lizard[4/3], Apexis Smuggler[2/2], Escaped Manasaber[3/5]
Opponent: Rexxar HP: 24, Mana: 3/7
  Hand (6)
  Field: Bloodsail Raider[2/3], Crazed Alchemist[2/2]
[Turn 7, Step 20] Agent: 유효하지 않은 액션 인덱스(20) → 1로 보정
[Turn 7, Step 20] Agent: 카드 플레이 - King Mukla (코스트: 3)
[Turn 7, Step 21] Agent: 유효하지 않은 액션 인덱스(39) → 9로 보정
[Turn 7, Step 21] Agent: 공격 - Apexis Smuggler[2/2] -> Crazed Alchemist
[Turn 7, Step 22] Agent: 유효하지 않은 액션 인덱스(5) → 0로 보정
[Turn 7, Step 22] Agent: 턴 종료

[Turn 7] === Opponent's Turn ===
[Turn 7, Step 22] Opponent: 카드 플레이 - Bananas -> King Mukla (코스트: 1)
[Turn 7, Step 22] Opponent: 턴 종료
[Turn 8, Step 23] Agent: 유효하지 않은 액션 인덱스(94) → 10로 보정
[Turn 8, Step 23] Agent: 영웅 능력 사용 -> Bloodsail Raider
[Turn 8, Step 24] Agent: 유효하지 않은 액션 인덱스(22) → 9로 보정
[Turn 8, Step 24] Agent: 공격 - Escaped Manasaber[3/5] -> Rexxar

--- Game State (Turn 8, Step 25) ---
Agent: Jaina Proudmoore HP: 26, Mana: 7/8
  Hand (5): Inkmaster Solia, Crazed Worshipper, Sunborne Val'kyr, Xavius, Escaped Manasaber
  Field: Master Swordsmith[3/1], Thunder Lizard[5/3], Escaped Manasaber[3/5], King Mukla[6/6]
Opponent: Rexxar HP: 21, Mana: 7/8
  Hand (8)
  Field: Bloodsail Raider[2/2]
[Turn 8, Step 25] Agent: 유효하지 않은 액션 인덱스(46) → 10로 보정
[Turn 8, Step 25] Agent: 공격 - King Mukla[6/6] -> Rexxar
[Turn 8, Step 26] Agent: 유효하지 않은 액션 인덱스(61) → 1로 보정
[Turn 8, Step 26] Agent: 카드 플레이 - Inkmaster Solia (코스트: 7)
[Turn 8, Step 27] Agent: 유효하지 않은 액션 인덱스(37) → 2로 보정
[Turn 8, Step 27] Agent: 공격 - Master Swordsmith[3/1] -> Bloodsail Raider
[Turn 8, Step 28] Agent: 유효하지 않은 액션 인덱스(54) → 0로 보정
[Turn 8, Step 28] Agent: 턴 종료

[Turn 8] === Opponent's Turn ===
[Turn 8, Step 28] Opponent: 카드 플레이 - Bananas -> King Mukla (코스트: 1)
[Turn 8, Step 28] Opponent: 카드 플레이 - Gnomish Experimenter (코스트: 3)
[Turn 8, Step 28] Opponent: 카드 플레이 - Sen'jin Shieldmasta (코스트: 4)
[Turn 8, Step 28] Opponent: 턴 종료
[Turn 9, Step 29] Agent: 유효하지 않은 액션 인덱스(94) → 4로 보정
[Turn 9, Step 29] Agent: 카드 플레이 - Escaped Manasaber (코스트: 4)

--- Game State (Turn 9, Step 30) ---
Agent: Jaina Proudmoore HP: 26, Mana: 5/9
  Hand (4): Crazed Worshipper, Sunborne Val'kyr, Xavius, Spellbender
  Field: Thunder Lizard[5/3], Escaped Manasaber[3/5], King Mukla[7/7], Inkmaster Solia[5/5], Escaped Manasaber[3/5]
Opponent: Rexxar HP: 15, Mana: 1/9
  Hand (7)
  Field: Gnomish Experimenter[3/2], Sen'jin Shieldmasta[3/5]
[Turn 9, Step 30] Agent: 유효하지 않은 액션 인덱스(18) → 1로 보정
[Turn 9, Step 30] Agent: 카드 플레이 - Crazed Worshipper (코스트: 5)
[Turn 9, Step 31] Agent: 유효하지 않은 액션 인덱스(17) → 2로 보정
[Turn 9, Step 31] Agent: 공격 - Escaped Manasaber[3/5] -> Sen'jin Shieldmasta
[Turn 9, Step 32] Agent: 유효하지 않은 액션 인덱스(58) → 2로 보정
[Turn 9, Step 32] Agent: 공격 - King Mukla[7/7] -> Sen'jin Shieldmasta
[Turn 9, Step 33] Agent: 유효하지 않은 액션 인덱스(25) → 0로 보정
[Turn 9, Step 33] Agent: 턴 종료

[Turn 9] === Opponent's Turn ===
[Turn 9, Step 33] Opponent: 카드 플레이 - Arch-Thief Rafaam (코스트: 9)
[Turn 9, Step 33] Opponent: 선택 - Mirror of Doom
[Turn 9, Step 33] Opponent: 공격 - Gnomish Experimenter[3/2] -> Crazed Worshipper
[Turn 9, Step 33] Opponent: 카드 플레이 - Chicken (코스트: 1)
[Turn 9, Step 33] Opponent: 턴 종료
[Turn 10, Step 34] Agent: 공격 - Crazed Worshipper[3/3] -> Chicken

--- Game State (Turn 10, Step 35) ---
Agent: Jaina Proudmoore HP: 26, Mana: 10/10
  Hand (4): Sunborne Val'kyr, Xavius, Spellbender, Emperor Thaurissan
  Field: Thunder Lizard[5/3], Escaped Manasaber[3/2], King Mukla[7/4], Inkmaster Solia[5/5], Escaped Manasaber[3/5], Crazed Worshipper[3/2]
Opponent: Rexxar HP: 15, Mana: 0/10
  Hand (7)
  Field: Arch-Thief Rafaam[7/8]
[Turn 10, Step 35] Agent: 유효하지 않은 액션 인덱스(72) → 0로 보정
[Turn 10, Step 35] Agent: 턴 종료

[Turn 10] === Opponent's Turn ===
[Turn 10, Step 35] Opponent: 턴 종료
[Turn 10, Step 36] Agent: 유효하지 않은 액션 인덱스(90) → 9로 보정
[Turn 10, Step 36] Agent: 영웅 능력 사용 -> Escaped Manasaber
[Turn 10, Step 37] Agent: 유효하지 않은 액션 인덱스(39) → 3로 보정
[Turn 10, Step 37] Agent: 카드 플레이 - Spellbender (코스트: 3)
[Turn 10, Step 38] Agent: 유효하지 않은 액션 인덱스(90) → 0로 보정
[Turn 10, Step 38] Agent: 턴 종료

[Turn 10] === Opponent's Turn ===
[Turn 10, Step 38] Opponent: 카드 플레이 - Cauldron Elemental (코스트: 8)
[Turn 10, Step 38] Opponent: 공격 - Arch-Thief Rafaam[7/8] -> Crazed Worshipper
[Turn 10, Step 38] Opponent: 카드 플레이 - Plated Beetle (코스트: 2)
[Turn 10, Step 38] Opponent: 턴 종료
[Turn 10, Step 39] Agent: 유효하지 않은 액션 인덱스(62) → 24로 보정
[Turn 10, Step 39] Agent: 공격 - Escaped Manasaber[3/1] -> Cauldron Elemental

--- Game State (Turn 10, Step 40) ---
Agent: Jaina Proudmoore HP: 26, Mana: 10/10
  Hand (5): Sunborne Val'kyr, Xavius, Emperor Thaurissan, Lost Tallstrider, Bomb Squad
  Field: Thunder Lizard[5/3], King Mukla[7/4], Inkmaster Solia[5/5], Escaped Manasaber[3/5]
Opponent: Rexxar HP: 15, Mana: 0/10
  Hand (7)
  Field: Arch-Thief Rafaam[7/5], Cauldron Elemental[7/4], Plated Beetle[2/3]
[Turn 10, Step 40] Agent: 유효하지 않은 액션 인덱스(66) → 0로 보정
[Turn 10, Step 40] Agent: 턴 종료

[Turn 10] === Opponent's Turn ===
[Turn 10, Step 40] Opponent: 카드 플레이 - Mirror of Doom (코스트: 10)
[Turn 10, Step 40] Opponent: 공격 - Cauldron Elemental[7/4] -> Inkmaster Solia
[Turn 10, Step 40] Opponent: 공격 - Arch-Thief Rafaam[7/5] -> King Mukla
[Turn 10, Step 40] Opponent: 공격 - Plated Beetle[2/3] -> Jaina Proudmoore
[Turn 10, Step 40] Opponent: 턴 종료
[Turn 10, Step 41] Agent: 유효하지 않은 액션 인덱스(58) → 18로 보정
[Turn 10, Step 41] Agent: 공격 - Escaped Manasaber[3/5] -> Plated Beetle
[Turn 10, Step 42] Agent: 공격 - Thunder Lizard[5/3] -> Mummy Zombie
[Turn 10, Step 43] Agent: 유효하지 않은 액션 인덱스(62) → 2로 보정
[Turn 10, Step 43] Agent: 카드 플레이 - Xavius (코스트: 6)
[Turn 10, Step 44] Agent: 유효하지 않은 액션 인덱스(45) → 3로 보정
[Turn 10, Step 44] Agent: 영웅 능력 사용 -> Jaina Proudmoore

--- Game State (Turn 10, Step 45) ---
Agent: Jaina Proudmoore HP: 23, Mana: 2/10
  Hand (5): Sunborne Val'kyr, Emperor Thaurissan, Lost Tallstrider, Bomb Squad, Quicksand Elemental
  Field: Escaped Manasaber[3/3], Xavius[7/5]
Opponent: Rexxar HP: 15, Mana: 0/10
  Hand (7)
[Turn 10, Step 45] Agent: 유효하지 않은 액션 인덱스(96) → 0로 보정
[Turn 10, Step 45] Agent: 턴 종료

[Turn 10] === Opponent's Turn ===
[Turn 10, Step 45] Opponent: 턴 종료
[Turn 10, Step 46] Agent: 유효하지 않은 액션 인덱스(71) → 11로 보정
[Turn 10, Step 46] Agent: 공격 - Xavius[7/5] -> Rexxar
[Turn 10, Step 47] Agent: 턴 종료

[Turn 10] === Opponent's Turn ===
[Turn 10, Step 47] Opponent: 카드 플레이 - Faceless Behemoth (코스트: 10)
[Turn 10, Step 47] Opponent: 턴 종료
[Turn 10, Step 48] Agent: 유효하지 않은 액션 인덱스(88) → 3로 보정
[Turn 10, Step 48] Agent: 카드 플레이 - Lost Tallstrider (코스트: 4)
[Turn 10, Step 49] Agent: 유효하지 않은 액션 인덱스(40) → 4로 보정
[Turn 10, Step 49] Agent: 카드 플레이 - Quicksand Elemental (코스트: 2)

--- Game State (Turn 10, Step 50) ---
Agent: Jaina Proudmoore HP: 23, Mana: 4/10
  Hand (5): Sunborne Val'kyr, Emperor Thaurissan, Bomb Squad, Mana Bind, Khadgar
  Field: Escaped Manasaber[3/3], Xavius[7/5], Xavian Satyr[2/1], Xavian Satyr[2/1], Lost Tallstrider[5/4], Quicksand Elemental[3/2]
Opponent: Rexxar HP: 11, Mana: 0/10
  Hand (8)
  Field: Faceless Behemoth[8/10]
[Turn 10, Step 50] Agent: 유효하지 않은 액션 인덱스(86) → 6로 보정
[Turn 10, Step 50] Agent: 영웅 능력 사용 -> Xavius
[Turn 10, Step 51] Agent: 유효하지 않은 액션 인덱스(62) → 2로 보정
[Turn 10, Step 51] Agent: 공격 - Escaped Manasaber[3/3] -> Rexxar
[Turn 10, Step 52] Agent: 유효하지 않은 액션 인덱스(63) → 3로 보정
[Turn 10, Step 52] Agent: 공격 - Xavius[7/4] -> Rexxar
[Turn 10, Step 53] Agent: 유효하지 않은 액션 인덱스(48) → 0로 보정
[Turn 10, Step 53] Agent: 턴 종료

[Turn 10] === Opponent's Turn ===
[Turn 10, Step 53] Opponent: 카드 플레이 - Hogger, Doom of Elwynn (코스트: 7)
[Turn 10, Step 53] Opponent: 턴 종료
[Turn 10, Step 54] Agent: 공격 - Xavian Satyr[2/1] -> Hogger, Doom of Elwynn

--- Game State (Turn 10, Step 55) ---
Agent: Jaina Proudmoore HP: 23, Mana: 10/10
  Hand (6): Sunborne Val'kyr, Emperor Thaurissan, Bomb Squad, Learn Draconic, Khadgar, Mind Control Tech
  Field: Escaped Manasaber[3/3], Xavius[7/4], Xavian Satyr[2/1], Lost Tallstrider[5/4], Quicksand Elemental[3/2]
Opponent: Rexxar HP: 1, Mana: 3/10
  Hand (8)
  Field: Faceless Behemoth[10/10], Hogger, Doom of Elwynn[6/4], Gnoll[2/2]
[Turn 10, Step 55] Agent: 유효하지 않은 액션 인덱스(38) → 14로 보정
[Turn 10, Step 55] Agent: 영웅 능력 사용 -> Lost Tallstrider
[Turn 10, Step 56] Agent: 유효하지 않은 액션 인덱스(62) → 6로 보정
[Turn 10, Step 56] Agent: 카드 플레이 - Learn Draconic (코스트: 1)
[Turn 10, Step 57] Agent: 유효하지 않은 액션 인덱스(35) → 9로 보정
[Turn 10, Step 57] Agent: 공격 - Xavius[7/4] -> Gnoll
[Turn 10, Step 58] Agent: 유효하지 않은 액션 인덱스(87) → 11로 보정
[Turn 10, Step 58] Agent: 공격 - Xavian Satyr[2/1] -> Faceless Behemoth
[Turn 10, Step 59] Agent: 유효하지 않은 액션 인덱스(39) → 7로 보정
[Turn 10, Step 59] Agent: 공격 - Escaped Manasaber[3/3] -> Rexxar

--- Game State (Turn 10, Step 60) ---
Agent: Jaina Proudmoore HP: 23, Mana: 8/10
  Hand (5): Sunborne Val'kyr, Emperor Thaurissan, Bomb Squad, Khadgar, Mind Control Tech
  Field: Escaped Manasaber[3/3], Xavius[7/2], Xavian Satyr[2/1], Lost Tallstrider[5/3], Quicksand Elemental[3/2]
Opponent: Rexxar HP: 0, Mana: 3/10
  Hand (8)
  Field: Faceless Behemoth[10/8], Hogger, Doom of Elwynn[6/4]

--- Game State (Turn 10, Step 60) ---
Agent: Jaina Proudmoore HP: 23, Mana: 8/10
  Hand (5): Sunborne Val'kyr, Emperor Thaurissan, Bomb Squad, Khadgar, Mind Control Tech
  Field: Escaped Manasaber[3/3], Xavius[7/2], Xavian Satyr[2/1], Lost Tallstrider[5/3], Quicksand Elemental[3/2]
Opponent: Rexxar HP: 0, Mana: 3/10
  Hand (8)
  Field: Faceless Behemoth[10/8], Hogger, Doom of Elwynn[6/4]

============================================================
게임 종료 - Terminated: True, Truncated: False
승자: Agent
============================================================

