============================================================
NEW GAME STARTED
Agent: HERO_08 vs Opponent: HERO_05
Action Masking: ON
Masking Expected: ON
============================================================

[Turn 1] === Opponent's Turn ===
[Turn 1, Step 0] Opponent: 카드 플레이 - Smuggler's Crate (코스트: 1)
[Turn 1, Step 0] Opponent: 턴 종료
[Turn 1, Step 1] Agent: 카드 플레이 - The Coin (코스트: 0)
[Turn 1, Step 2] Agent: 영웅 능력 사용 -> Jaina Proudmoore
[Turn 1, Step 3] Agent: 턴 종료

[Turn 1] === Opponent's Turn ===
[Turn 1, Step 3] Opponent: 턴 종료
[Turn 2, Step 4] Agent: 카드 플레이 - Spark Engine (코스트: 2)

--- Game State (Turn 2, Step 5) ---
Agent: Jaina Proudmoore HP: 29, Mana: 0/2
  Hand (6): Mimiron's Head, Arcane Flakmage, Argent Horserider, Meteorologist, Snapjaw Shellfighter, Spark
  Field: Spark Engine[2/1]
Opponent: Rexxar HP: 30, Mana: 2/2
  Hand (4)
[Turn 2, Step 5] Agent: 턴 종료

[Turn 2] === Opponent's Turn ===
[Turn 2, Step 5] Opponent: 카드 플레이 - Faithful Lumi (코스트: 1)
[Turn 2, Step 5] Opponent: 영웅 능력 사용
[Turn 2, Step 5] Opponent: 턴 종료
[Turn 3, Step 6] Agent: 영웅 능력 사용 -> Faithful Lumi
[Turn 3, Step 7] Agent: 카드 플레이 - Spark (코스트: 1)
[Turn 3, Step 8] Agent: 턴 종료

[Turn 3] === Opponent's Turn ===
[Turn 3, Step 8] Opponent: 턴 종료
[Turn 4, Step 9] Agent: 카드 플레이 - Argent Horserider (코스트: 3)

--- Game State (Turn 4, Step 10) ---
Agent: Jaina Proudmoore HP: 27, Mana: 1/4
  Hand (6): Mimiron's Head, Arcane Flakmage, Meteorologist, Snapjaw Shellfighter, Barista Lynchen, Bonechewer Brawler
  Field: Spark Engine[2/1], Spark[1/1], Argent Horserider[2/1]
Opponent: Rexxar HP: 30, Mana: 4/4
  Hand (5)
[Turn 4, Step 10] Agent: 공격 - Spark[1/1] -> Rexxar
[Turn 4, Step 11] Agent: 턴 종료

[Turn 4] === Opponent's Turn ===
[Turn 4, Step 11] Opponent: 카드 플레이 - Rattling Rascal (코스트: 4)
[Turn 4, Step 11] Opponent: 턴 종료
[Turn 5, Step 12] Agent: 카드 플레이 - Mimiron's Head (코스트: 5)
[Turn 5, Step 13] Agent: 공격 - Spark Engine[2/1] -> Skeletal Enforcer
[Turn 5, Step 14] Agent: 공격 - Spark[1/1] -> Skeletal Enforcer

--- Game State (Turn 5, Step 15) ---
Agent: Jaina Proudmoore HP: 27, Mana: 0/5
  Hand (6): Captured Jormungar, Arcane Flakmage, Meteorologist, Snapjaw Shellfighter, Barista Lynchen, Bonechewer Brawler
  Field: Argent Horserider[2/1], Mimiron's Head[4/5]
Opponent: Rexxar HP: 29, Mana: 1/5
  Hand (5)
  Field: Rattling Rascal[2/2], Skeletal Enforcer[5/2]
[Turn 5, Step 15] Agent: 공격 - Argent Horserider[2/1] -> Rattling Rascal
[Turn 5, Step 16] Agent: 턴 종료

[Turn 5] === Opponent's Turn ===
[Turn 5, Step 16] Opponent: 턴 종료
[Turn 6, Step 17] Agent: 카드 플레이 - Barista Lynchen (코스트: 5)
[Turn 6, Step 18] Agent: 턴 종료

[Turn 6] === Opponent's Turn ===
[Turn 6, Step 18] Opponent: 카드 플레이 - Ice Cream Peddler (코스트: 4)
[Turn 6, Step 18] Opponent: 공격 - Skeletal Enforcer[5/2] -> Barista Lynchen
[Turn 6, Step 18] Opponent: 카드 플레이 - Deadly Shot (코스트: 3)
[Turn 6, Step 18] Opponent: 턴 종료
[Turn 7, Step 19] Agent: 영웅 능력 사용 -> Mimiron's Head

--- Game State (Turn 7, Step 20) ---
Agent: Jaina Proudmoore HP: 27, Mana: 5/7
  Hand (9): Captured Jormungar, Arcane Flakmage, Meteorologist, Snapjaw Shellfighter, Bonechewer Brawler, Medivh, the Guardian, Meteorologist, Medivh, the Guardian, Tanglefur Mystic
  Field: Skeletal Enforcer[5/5], Mimiron's Head[4/4]
Opponent: Rexxar HP: 29, Mana: 0/7
  Hand (5)
  Field: Ice Cream Peddler[3/5]
[Turn 7, Step 20] Agent: 카드 플레이 - Arcane Flakmage (코스트: 2)
[Turn 7, Step 21] Agent: 공격 - Skeletal Enforcer[5/5] -> Ice Cream Peddler
[Turn 7, Step 22] Agent: 공격 - Mimiron's Head[4/4] -> Rexxar
[Turn 7, Step 23] Agent: 카드 플레이 - Bonechewer Brawler (코스트: 2)
[Turn 7, Step 24] Agent: 턴 종료

[Turn 7] === Opponent's Turn ===
[Turn 7, Step 24] Opponent: 영웅 능력 사용
[Turn 7, Step 24] Opponent: 턴 종료

--- Game State (Turn 8, Step 25) ---
Agent: Jaina Proudmoore HP: 25, Mana: 8/8
  Hand (8): Captured Jormungar, Meteorologist, Snapjaw Shellfighter, Medivh, the Guardian, Meteorologist, Medivh, the Guardian, Tanglefur Mystic, Piloted Sky Golem
  Field: Skeletal Enforcer[5/2], Mimiron's Head[4/4], Arcane Flakmage[3/2], Bonechewer Brawler[2/3]
Opponent: Rexxar HP: 25, Mana: 6/8
  Hand (6)
[Turn 8, Step 25] Agent: 영웅 능력 사용 -> Jaina Proudmoore
[Turn 8, Step 26] Agent: 카드 플레이 - Snapjaw Shellfighter (코스트: 5)
[Turn 8, Step 27] Agent: 공격 - Skeletal Enforcer[5/2] -> Rexxar
[Turn 8, Step 28] Agent: 공격 - Arcane Flakmage[3/2] -> Rexxar
[Turn 8, Step 29] Agent: 공격 - Bonechewer Brawler[2/3] -> Rexxar

--- Game State (Turn 8, Step 30) ---
Agent: Jaina Proudmoore HP: 24, Mana: 1/8
  Hand (7): Captured Jormungar, Meteorologist, Medivh, the Guardian, Meteorologist, Medivh, the Guardian, Tanglefur Mystic, Piloted Sky Golem
  Field: Skeletal Enforcer[5/2], Mimiron's Head[4/4], Arcane Flakmage[3/2], Bonechewer Brawler[2/3], Snapjaw Shellfighter[3/8]
Opponent: Rexxar HP: 15, Mana: 6/8
  Hand (6)
[Turn 8, Step 30] Agent: 공격 - Mimiron's Head[4/4] -> Rexxar
[Turn 8, Step 31] Agent: 턴 종료

[Turn 8] === Opponent's Turn ===
[Turn 8, Step 31] Opponent: 카드 플레이 - Twin Emperor Vek'lor (코스트: 7)
[Turn 8, Step 31] Opponent: 영웅 능력 사용
[Turn 8, Step 31] Opponent: 턴 종료
[Turn 9, Step 32] Agent: 공격 - Skeletal Enforcer[5/2] -> Twin Emperor Vek'lor
[Turn 9, Step 33] Agent: 영웅 능력 사용 -> Twin Emperor Vek'lor
[Turn 9, Step 34] Agent: 카드 플레이 - Tanglefur Mystic (코스트: 3)

--- Game State (Turn 9, Step 35) ---
Agent: Jaina Proudmoore HP: 22, Mana: 4/9
  Hand (8): Captured Jormungar, Meteorologist, Medivh, the Guardian, Meteorologist, Medivh, the Guardian, Piloted Sky Golem, Ancient Shade, Imprisoned Felmaw
  Field: Mimiron's Head[4/4], Arcane Flakmage[3/2], Bonechewer Brawler[2/3], Snapjaw Shellfighter[3/8], Tanglefur Mystic[3/4]
Opponent: Rexxar HP: 11, Mana: 0/9
  Hand (7)
[Turn 9, Step 35] Agent: 카드 플레이 - Imprisoned Felmaw (코스트: 2)
[Turn 9, Step 36] Agent: 공격 - Snapjaw Shellfighter[3/8] -> Rexxar
[Turn 9, Step 37] Agent: 공격 - Arcane Flakmage[3/2] -> Rexxar
[Turn 9, Step 38] Agent: 공격 - Mimiron's Head[4/4] -> Rexxar
[Turn 9, Step 39] Agent: 턴 종료

[Turn 9] === Opponent's Turn ===
[Turn 9, Step 39] Opponent: 카드 플레이 - Don Han'Cho (코스트: 7)
[Turn 9, Step 39] Opponent: 카드 플레이 - Cheaty Anklebiter -> Jaina Proudmoore (코스트: 2)
[Turn 9, Step 39] Opponent: 턴 종료

--- Game State (Turn 10, Step 40) ---
Agent: Jaina Proudmoore HP: 21, Mana: 10/10
  Hand (8): Captured Jormungar, Meteorologist, Medivh, the Guardian, Meteorologist, Medivh, the Guardian, Piloted Sky Golem, Ancient Shade, Elise the Trailblazer
  Field: Mimiron's Head[4/4], Arcane Flakmage[3/2], Bonechewer Brawler[2/3], Snapjaw Shellfighter[3/8], Tanglefur Mystic[3/4], Imprisoned Felmaw[5/4]
Opponent: Rexxar HP: 2, Mana: 1/10
  Hand (6)
  Field: Don Han'Cho[5/6], Cheaty Anklebiter[2/1]
[Turn 10, Step 40] Agent: 카드 플레이 - Medivh, the Guardian (코스트: 8)
[Turn 10, Step 41] Agent: 영웅 능력 사용 -> Mimiron's Head
[Turn 10, Step 42] Agent: 공격 - Snapjaw Shellfighter[3/8] -> Rexxar

--- Game State (Turn 10, Step 43) ---
Agent: Jaina Proudmoore HP: 21, Mana: 0/10
  Hand (7): Captured Jormungar, Meteorologist, Medivh, the Guardian, Meteorologist, Piloted Sky Golem, Ancient Shade, Elise the Trailblazer
  Field: Mimiron's Head[4/3], Arcane Flakmage[3/2], Bonechewer Brawler[2/3], Snapjaw Shellfighter[3/8], Tanglefur Mystic[3/4], Imprisoned Felmaw[5/4], Medivh, the Guardian[7/7]
Opponent: Rexxar HP: 0, Mana: 1/10
  Hand (6)
  Field: Don Han'Cho[5/6], Cheaty Anklebiter[2/1]

============================================================
게임 종료 - Terminated: True, Truncated: False
승자: Agent
============================================================

