============================================================
NEW GAME STARTED
Agent: HERO_08 vs Opponent: HERO_05
Action Masking: ON
Masking Expected: ON
============================================================
[Turn 1, Step 0] Agent: 턴 종료

[Turn 1] === Opponent's Turn ===
[Turn 1, Step 0] Opponent: 턴 종료
[Turn 2, Step 1] Agent: 영웅 능력 사용 -> Jaina Proudmoore
[Turn 2, Step 2] Agent: 턴 종료

[Turn 2] === Opponent's Turn ===
[Turn 2, Step 2] Opponent: 영웅 능력 사용
[Turn 2, Step 2] Opponent: 카드 플레이 - The Coin (코스트: 0)
[Turn 2, Step 2] Opponent: 턴 종료
[Turn 3, Step 3] Agent: 턴 종료

[Turn 3] === Opponent's Turn ===
[Turn 3, Step 3] Opponent: 카드 플레이 - Soup Vendor (코스트: 2)
[Turn 3, Step 3] Opponent: 턴 종료
[Turn 4, Step 4] Agent: 카드 플레이 - Swamp Leech (코스트: 1)

--- Game State (Turn 4, Step 5) ---
Agent: Jaina Proudmoore HP: 27, Mana: 3/4
  Hand (6): Big Ol' Whelp, Black Cat, Backstreet Leper, Leyline Manipulator, Bad Luck Albatross, Sneed's Old Shredder
  Field: Swamp Leech[2/1]
Opponent: Rexxar HP: 30, Mana: 1/3
  Hand (6)
  Field: Soup Vendor[1/4]
[Turn 4, Step 5] Agent: 턴 종료

[Turn 4] === Opponent's Turn ===
[Turn 4, Step 5] Opponent: 카드 플레이 - Felsoul Inquisitor (코스트: 4)
[Turn 4, Step 5] Opponent: 공격 - Soup Vendor[1/4] -> Swamp Leech
[Turn 4, Step 5] Opponent: 턴 종료
[Turn 5, Step 6] Agent: 카드 플레이 - Big Ol' Whelp (코스트: 5)
[Turn 5, Step 7] Agent: 턴 종료

[Turn 5] === Opponent's Turn ===
[Turn 5, Step 7] Opponent: 카드 플레이 - Belligerent Gnome (코스트: 2)
[Turn 5, Step 7] Opponent: 공격 - Felsoul Inquisitor[1/6] -> Jaina Proudmoore
[Turn 5, Step 7] Opponent: 턴 종료
[Turn 6, Step 8] Agent: 카드 플레이 - Whizbang the Wonderful (코스트: 4)
[Turn 6, Step 9] Agent: 영웅 능력 사용 -> Jaina Proudmoore

--- Game State (Turn 6, Step 10) ---
Agent: Jaina Proudmoore HP: 27, Mana: 0/6
  Hand (7): Black Cat, Backstreet Leper, Leyline Manipulator, Bad Luck Albatross, Sneed's Old Shredder, Inkmaster Solia, Soulbound Ashtongue
  Field: Big Ol' Whelp[5/5], Whizbang the Wonderful[4/5]
Opponent: Rexxar HP: 30, Mana: 3/5
  Hand (6)
  Field: Soup Vendor[1/2], Felsoul Inquisitor[1/6], Belligerent Gnome[1/4]
[Turn 6, Step 10] Agent: 공격 - Big Ol' Whelp[5/5] -> Felsoul Inquisitor
[Turn 6, Step 11] Agent: 턴 종료

[Turn 6] === Opponent's Turn ===
[Turn 6, Step 11] Opponent: 공격 - Soup Vendor[1/2] -> Jaina Proudmoore
[Turn 6, Step 11] Opponent: 카드 플레이 - Boompistol Bully (코스트: 5)
[Turn 6, Step 11] Opponent: 공격 - Felsoul Inquisitor[1/1] -> Whizbang the Wonderful
[Turn 6, Step 11] Opponent: 공격 - Belligerent Gnome[1/4] -> Whizbang the Wonderful
[Turn 6, Step 11] Opponent: 턴 종료
[Turn 7, Step 12] Agent: 영웅 능력 사용 -> Boompistol Bully
[Turn 7, Step 13] Agent: 공격 - Big Ol' Whelp[5/4] -> Boompistol Bully
[Turn 7, Step 14] Agent: 카드 플레이 - Backstreet Leper (코스트: 3)

--- Game State (Turn 7, Step 15) ---
Agent: Jaina Proudmoore HP: 26, Mana: 2/7
  Hand (7): Black Cat, Leyline Manipulator, Bad Luck Albatross, Sneed's Old Shredder, Inkmaster Solia, Soulbound Ashtongue, Feral Gibberer
  Field: Whizbang the Wonderful[4/3], Backstreet Leper[3/1]
Opponent: Rexxar HP: 30, Mana: 1/6
  Hand (6)
  Field: Soup Vendor[1/2]
[Turn 7, Step 15] Agent: 공격 - Whizbang the Wonderful[4/3] -> Soup Vendor
[Turn 7, Step 16] Agent: 카드 플레이 - Soulbound Ashtongue (코스트: 1)
[Turn 7, Step 17] Agent: 카드 플레이 - Feral Gibberer (코스트: 1)
[Turn 7, Step 18] Agent: 턴 종료

[Turn 7] === Opponent's Turn ===
[Turn 7, Step 18] Opponent: 턴 종료
[Turn 8, Step 19] Agent: 영웅 능력 사용 -> Whizbang the Wonderful

--- Game State (Turn 8, Step 20) ---
Agent: Jaina Proudmoore HP: 26, Mana: 6/8
  Hand (6): Black Cat, Leyline Manipulator, Bad Luck Albatross, Sneed's Old Shredder, Inkmaster Solia, Flamestrike
  Field: Whizbang the Wonderful[4/1], Backstreet Leper[3/1], Soulbound Ashtongue[1/4], Feral Gibberer[1/1]
Opponent: Rexxar HP: 30, Mana: 7/7
  Hand (7)
[Turn 8, Step 20] Agent: 공격 - Whizbang the Wonderful[4/1] -> Rexxar
[Turn 8, Step 21] Agent: 카드 플레이 - Leyline Manipulator (코스트: 4)
[Turn 8, Step 22] Agent: 공격 - Soulbound Ashtongue[1/4] -> Rexxar
[Turn 8, Step 23] Agent: 카드 플레이 - Bad Luck Albatross (코스트: 2)
[Turn 8, Step 24] Agent: 공격 - Feral Gibberer[1/1] -> Rexxar

--- Game State (Turn 8, Step 25) ---
Agent: Jaina Proudmoore HP: 26, Mana: 0/8
  Hand (5): Black Cat, Sneed's Old Shredder, Inkmaster Solia, Flamestrike, Feral Gibberer
  Field: Whizbang the Wonderful[4/1], Backstreet Leper[3/1], Soulbound Ashtongue[1/4], Feral Gibberer[1/1], Leyline Manipulator[4/5], Bad Luck Albatross[4/3]
Opponent: Rexxar HP: 24, Mana: 7/7
  Hand (7)
[Turn 8, Step 25] Agent: 공격 - Backstreet Leper[3/1] -> Rexxar
[Turn 8, Step 26] Agent: 턴 종료

[Turn 8] === Opponent's Turn ===
[Turn 8, Step 26] Opponent: 카드 플레이 - Gnomish Experimenter (코스트: 3)
[Turn 8, Step 26] Opponent: 카드 플레이 - Spitting Camel (코스트: 2)
[Turn 8, Step 26] Opponent: 카드 플레이 - Arcane Golem (코스트: 3)
[Turn 8, Step 26] Opponent: 턴 종료
[Turn 10, Step 27] Agent: 카드 플레이 - Sneed's Old Shredder (코스트: 6)
[Turn 10, Step 28] Agent: 공격 - Bad Luck Albatross[4/3] -> Spitting Camel
[Turn 10, Step 29] Agent: 공격 - Leyline Manipulator[4/5] -> Gnomish Experimenter

--- Game State (Turn 10, Step 30) ---
Agent: Jaina Proudmoore HP: 26, Mana: 4/10
  Hand (5): Black Cat, Inkmaster Solia, Flamestrike, Feral Gibberer, Murloc Tastyfin
  Field: Whizbang the Wonderful[4/1], Backstreet Leper[3/1], Soulbound Ashtongue[1/4], Feral Gibberer[1/1], Leyline Manipulator[4/2], Bad Luck Albatross[4/1], Sneed's Old Shredder[5/7]
Opponent: Rexxar HP: 21, Mana: 0/8
  Hand (6)
  Field: Arcane Golem[4/4]
[Turn 10, Step 30] Agent: 영웅 능력 사용 -> Arcane Golem
[Turn 10, Step 31] Agent: 공격 - Whizbang the Wonderful[4/1] -> Arcane Golem
[Turn 10, Step 32] Agent: 턴 종료

[Turn 10] === Opponent's Turn ===
[Turn 10, Step 32] Opponent: 턴 종료
[Turn 10, Step 33] Agent: 공격 - Feral Gibberer[1/1] -> Rexxar
[Turn 10, Step 34] Agent: 공격 - Backstreet Leper[3/1] -> Rexxar

--- Game State (Turn 10, Step 35) ---
Agent: Jaina Proudmoore HP: 26, Mana: 10/10
  Hand (7): Black Cat, Inkmaster Solia, Flamestrike, Feral Gibberer, Murloc Tastyfin, Cloakscale Chemist, Feral Gibberer
  Field: Backstreet Leper[3/1], Soulbound Ashtongue[1/4], Feral Gibberer[1/1], Leyline Manipulator[4/2], Bad Luck Albatross[4/1], Sneed's Old Shredder[5/7]
Opponent: Rexxar HP: 17, Mana: 9/9
  Hand (7)
[Turn 10, Step 35] Agent: 카드 플레이 - Black Cat (코스트: 1)
[Turn 10, Step 36] Agent: 공격 - Leyline Manipulator[4/2] -> Rexxar
[Turn 10, Step 37] Agent: 영웅 능력 사용 -> Feral Gibberer
[Turn 10, Step 38] Agent: 공격 - Sneed's Old Shredder[5/7] -> Rexxar
[Turn 10, Step 39] Agent: 공격 - Bad Luck Albatross[4/1] -> Rexxar

--- Game State (Turn 10, Step 40) ---
Agent: Jaina Proudmoore HP: 26, Mana: 7/10
  Hand (6): Inkmaster Solia, Flamestrike, Feral Gibberer, Murloc Tastyfin, Cloakscale Chemist, Feral Gibberer
  Field: Backstreet Leper[3/1], Soulbound Ashtongue[1/4], Leyline Manipulator[4/2], Bad Luck Albatross[4/1], Sneed's Old Shredder[5/7], Black Cat[3/3]
Opponent: Rexxar HP: 4, Mana: 9/9
  Hand (7)
[Turn 10, Step 40] Agent: 카드 플레이 - Inkmaster Solia (코스트: 5)
[Turn 10, Step 41] Agent: 카드 플레이 - Flamestrike (코스트: 0)
[Turn 10, Step 42] Agent: 턴 종료

[Turn 10] === Opponent's Turn ===
[Turn 10, Step 42] Opponent: 카드 플레이 - Grotesque Dragonhawk (코스트: 7)
[Turn 10, Step 42] Opponent: 영웅 능력 사용
[Turn 10, Step 42] Opponent: 카드 플레이 - Chicken (코스트: 1)
[Turn 10, Step 42] Opponent: 턴 종료
[Turn 10, Step 43] Agent: 공격 - Sneed's Old Shredder[5/7] -> Grotesque Dragonhawk
[Turn 10, Step 44] Agent: 공격 - Leyline Manipulator[4/2] -> Chicken

--- Game State (Turn 10, Step 45) ---
Agent: Jaina Proudmoore HP: 24, Mana: 10/10
  Hand (5): Feral Gibberer, Murloc Tastyfin, Cloakscale Chemist, Feral Gibberer, Safeguard
  Field: Backstreet Leper[3/1], Soulbound Ashtongue[1/4], Leyline Manipulator[4/1], Bad Luck Albatross[4/1], Sneed's Old Shredder[5/2], Black Cat[3/3], Inkmaster Solia[5/5]
Opponent: Rexxar HP: 4, Mana: 0/10
  Hand (6)
[Turn 10, Step 45] Agent: 영웅 능력 사용 -> Inkmaster Solia
[Turn 10, Step 46] Agent: 공격 - Bad Luck Albatross[4/1] -> Rexxar

--- Game State (Turn 10, Step 47) ---
Agent: Jaina Proudmoore HP: 24, Mana: 8/10
  Hand (5): Feral Gibberer, Murloc Tastyfin, Cloakscale Chemist, Feral Gibberer, Safeguard
  Field: Backstreet Leper[3/1], Soulbound Ashtongue[1/4], Leyline Manipulator[4/1], Bad Luck Albatross[4/1], Sneed's Old Shredder[5/2], Black Cat[3/3], Inkmaster Solia[5/4]
Opponent: Rexxar HP: 0, Mana: 0/10
  Hand (6)

============================================================
게임 종료 - Terminated: True, Truncated: False
승자: Agent
============================================================

