============================================================
NEW GAME STARTED
Agent: HERO_08 vs Opponent: HERO_05
Action Masking: OFF
Masking Expected: OFF
============================================================
[Turn 1, Step 0] Agent: 카드 플레이 - Murloc Tinyfin (코스트: 0)
[Turn 1, Step 1] Agent: 카드 플레이 - Ice Lance -> Jaina Proudmoore (코스트: 1)
[Turn 1, Step 2] Agent: 턴 종료

[Turn 1] === Opponent's Turn ===
[Turn 1, Step 2] Opponent: 턴 종료
[Turn 2, Step 3] Agent: 영웅 능력 사용 -> Jaina Proudmoore
[Turn 2, Step 4] Agent: 공격 - Murloc Tinyfin[1/1] -> Rexxar

--- Game State (Turn 2, Step 5) ---
Agent: Jaina Proudmoore HP: 29, Mana: 0/2
  Hand (3): Igneous Elemental, Rattling Rascal, Burly Shovelfist
  Field: Murloc Tinyfin[1/1]
Opponent: Rexxar HP: 29, Mana: 1/1
  Hand (6)
[Turn 2, Step 5] Agent: 턴 종료

[Turn 2] === Opponent's Turn ===
[Turn 2, Step 5] Opponent: 턴 종료
[Turn 3, Step 6] Agent: 카드 플레이 - Igneous Elemental (코스트: 3)
[Turn 3, Step 7] Agent: 공격 - Murloc Tinyfin[1/1] -> Rexxar
[Turn 3, Step 8] Agent: 턴 종료

[Turn 3] === Opponent's Turn ===
[Turn 3, Step 8] Opponent: 카드 플레이 - Augmented Elekk (코스트: 3)
[Turn 3, Step 8] Opponent: 카드 플레이 - The Coin (코스트: 0)
[Turn 3, Step 8] Opponent: 턴 종료
[Turn 4, Step 9] Agent: 공격 - Murloc Tinyfin[1/1] -> Augmented Elekk

--- Game State (Turn 4, Step 10) ---
Agent: Jaina Proudmoore HP: 29, Mana: 4/4
  Hand (4): Molten Reflection, Rattling Rascal, Burly Shovelfist, Eccentric Scribe
  Field: Igneous Elemental[2/3]
Opponent: Rexxar HP: 28, Mana: 0/3
  Hand (6)
  Field: Augmented Elekk[3/3]
[Turn 4, Step 10] Agent: 카드 플레이 - Molten Reflection -> Igneous Elemental (코스트: 4)
[Turn 4, Step 11] Agent: 공격 - Igneous Elemental[2/3] -> Rexxar
[Turn 4, Step 12] Agent: 턴 종료

[Turn 4] === Opponent's Turn ===
[Turn 4, Step 12] Opponent: 카드 플레이 - Novice Engineer (코스트: 2)
[Turn 4, Step 12] Opponent: 공격 - Augmented Elekk[3/3] -> Igneous Elemental
[Turn 4, Step 12] Opponent: 카드 플레이 - Blowgill Sniper -> Jaina Proudmoore (코스트: 2)
[Turn 4, Step 12] Opponent: 턴 종료
[Turn 5, Step 13] Agent: 영웅 능력 사용 -> Blowgill Sniper
[Turn 5, Step 14] Agent: 카드 플레이 - Flame Elemental (코스트: 1)

--- Game State (Turn 5, Step 15) ---
Agent: Jaina Proudmoore HP: 28, Mana: 2/5
  Hand (5): Rattling Rascal, Burly Shovelfist, Eccentric Scribe, Flame Elemental, EVIL Cable Rat
  Field: Igneous Elemental[2/3], Flame Elemental[1/2]
Opponent: Rexxar HP: 26, Mana: 0/4
  Hand (6)
  Field: Augmented Elekk[3/1], Novice Engineer[1/1]
[Turn 5, Step 15] Agent: 카드 플레이 - Flame Elemental (코스트: 1)
[Turn 5, Step 16] Agent: 공격 - Igneous Elemental[2/3] -> Rexxar
[Turn 5, Step 17] Agent: 턴 종료

[Turn 5] === Opponent's Turn ===
[Turn 5, Step 17] Opponent: 공격 - Augmented Elekk[3/1] -> Igneous Elemental
[Turn 5, Step 17] Opponent: 카드 플레이 - Rotnest Drake (코스트: 5)
[Turn 5, Step 17] Opponent: 공격 - Novice Engineer[1/1] -> Flame Elemental
[Turn 5, Step 17] Opponent: 턴 종료
[Turn 6, Step 18] Agent: 공격 - Flame Elemental[1/2] -> Rotnest Drake
[Turn 6, Step 19] Agent: 영웅 능력 사용 -> Rotnest Drake

--- Game State (Turn 6, Step 20) ---
Agent: Jaina Proudmoore HP: 28, Mana: 4/6
  Hand (7): Rattling Rascal, Burly Shovelfist, Eccentric Scribe, EVIL Cable Rat, Flame Elemental, Flame Elemental, Goblin Sapper
  Field: Flame Elemental[1/1]
Opponent: Rexxar HP: 24, Mana: 0/5
  Hand (6)
  Field: Rotnest Drake[6/3]
[Turn 6, Step 20] Agent: 카드 플레이 - Rattling Rascal (코스트: 4)
[Turn 6, Step 21] Agent: 공격 - Flame Elemental[1/1] -> Rexxar
[Turn 6, Step 22] Agent: 턴 종료

[Turn 6] === Opponent's Turn ===
[Turn 6, Step 22] Opponent: 카드 플레이 - Twisted Worgen (코스트: 2)
[Turn 6, Step 22] Opponent: 카드 플레이 - Desert Camel (코스트: 3)
[Turn 6, Step 22] Opponent: 공격 - Stonetusk Boar[1/1] -> Skeletal Enforcer
[Turn 6, Step 22] Opponent: 공격 - Rotnest Drake[6/3] -> Rattling Rascal
[Turn 6, Step 22] Opponent: 턴 종료
[Turn 7, Step 23] Agent: 공격 - Murloc Raider[2/1] -> Rotnest Drake
[Turn 7, Step 24] Agent: 공격 - Flame Elemental[1/1] -> Desert Camel

--- Game State (Turn 7, Step 25) ---
Agent: Jaina Proudmoore HP: 28, Mana: 7/7
  Hand (7): Burly Shovelfist, Eccentric Scribe, EVIL Cable Rat, Flame Elemental, Flame Elemental, Goblin Sapper, Chromatic Egg
  Field: Skeletal Enforcer[5/4]
Opponent: Rexxar HP: 23, Mana: 1/6
  Hand (5)
  Field: Skeletal Enforcer[5/5], Twisted Worgen[3/1], Desert Camel[2/3]
[Turn 7, Step 25] Agent: 영웅 능력 사용 -> Desert Camel
[Turn 7, Step 26] Agent: 카드 플레이 - EVIL Cable Rat (코스트: 2)
[Turn 7, Step 27] Agent: 카드 플레이 - Flame Elemental (코스트: 1)
[Turn 7, Step 28] Agent: 카드 플레이 - Flame Elemental (코스트: 1)
[Turn 7, Step 29] Agent: 카드 플레이 - Goblin Lackey -> Skeletal Enforcer (코스트: 1)

--- Game State (Turn 7, Step 30) ---
Agent: Jaina Proudmoore HP: 28, Mana: 0/7
  Hand (4): Burly Shovelfist, Eccentric Scribe, Goblin Sapper, Chromatic Egg
  Field: Skeletal Enforcer[6/4], EVIL Cable Rat[1/1], Flame Elemental[1/2], Flame Elemental[1/2], Goblin Lackey[1/1]
Opponent: Rexxar HP: 23, Mana: 1/6
  Hand (5)
  Field: Skeletal Enforcer[5/5], Twisted Worgen[3/1], Desert Camel[2/2]
[Turn 7, Step 30] Agent: 공격 - Skeletal Enforcer[6/4] -> Rexxar
[Turn 7, Step 31] Agent: 턴 종료

[Turn 7] === Opponent's Turn ===
[Turn 7, Step 31] Opponent: 공격 - Desert Camel[2/2] -> EVIL Cable Rat
[Turn 7, Step 31] Opponent: 카드 플레이 - Nat, the Darkfisher (코스트: 2)
[Turn 7, Step 31] Opponent: 공격 - Twisted Worgen[3/1] -> Flame Elemental
[Turn 7, Step 31] Opponent: 공격 - Skeletal Enforcer[5/5] -> Jaina Proudmoore
[Turn 7, Step 31] Opponent: 카드 플레이 - Spectral Knight (코스트: 5)
[Turn 7, Step 31] Opponent: 턴 종료
[Turn 8, Step 32] Agent: 공격 - Goblin Lackey[1/1] -> Nat, the Darkfisher
[Turn 8, Step 33] Agent: 공격 - Skeletal Enforcer[6/4] -> Desert Camel
[Turn 8, Step 34] Agent: 공격 - Flame Elemental[1/2] -> Spectral Knight

--- Game State (Turn 8, Step 35) ---
Agent: Jaina Proudmoore HP: 23, Mana: 8/8
  Hand (6): Burly Shovelfist, Eccentric Scribe, Goblin Sapper, Chromatic Egg, Furious Ettin, Don Han'Cho
  Field: Skeletal Enforcer[6/2]
Opponent: Rexxar HP: 17, Mana: 0/7
  Hand (4)
  Field: Skeletal Enforcer[5/5], Nat, the Darkfisher[2/3], Spectral Knight[4/5]
[Turn 8, Step 35] Agent: 영웅 능력 사용 -> Nat, the Darkfisher
[Turn 8, Step 36] Agent: 카드 플레이 - Eccentric Scribe (코스트: 6)
[Turn 8, Step 37] Agent: 턴 종료

[Turn 8] === Opponent's Turn ===
[Turn 8, Step 37] Opponent: 턴 종료
[Turn 9, Step 38] Agent: 공격 - Skeletal Enforcer[6/2] -> Nat, the Darkfisher
[Turn 9, Step 39] Agent: 영웅 능력 사용 -> Eccentric Scribe

--- Game State (Turn 9, Step 40) ---
Agent: Jaina Proudmoore HP: 23, Mana: 7/9
  Hand (6): Burly Shovelfist, Goblin Sapper, Chromatic Egg, Furious Ettin, Don Han'Cho, Void Ripper
  Field: Eccentric Scribe[6/3]
Opponent: Rexxar HP: 17, Mana: 8/8
  Hand (5)
  Field: Skeletal Enforcer[5/5], Spectral Knight[4/5]
[Turn 9, Step 40] Agent: 카드 플레이 - Goblin Sapper (코스트: 3)
[Turn 9, Step 41] Agent: 카드 플레이 - Void Ripper (코스트: 3)
[Turn 9, Step 42] Agent: 공격 - Eccentric Scribe[3/6] -> Rexxar
[Turn 9, Step 43] Agent: 턴 종료

[Turn 9] === Opponent's Turn ===
[Turn 9, Step 43] Opponent: 공격 - Skeletal Enforcer[5/5] -> Jaina Proudmoore
[Turn 9, Step 43] Opponent: 공격 - Spectral Knight[5/4] -> Void Ripper
[Turn 9, Step 43] Opponent: 카드 플레이 - Gahz'rilla (코스트: 7)
[Turn 9, Step 43] Opponent: 카드 플레이 - Kobold Geomancer (코스트: 2)
[Turn 9, Step 43] Opponent: 턴 종료
[Turn 10, Step 44] Agent: 공격 - Eccentric Scribe[3/6] -> Spectral Knight

--- Game State (Turn 10, Step 45) ---
Agent: Jaina Proudmoore HP: 18, Mana: 10/10
  Hand (5): Burly Shovelfist, Chromatic Egg, Furious Ettin, Don Han'Cho, Infectious Sporeling
  Field: Eccentric Scribe[3/1], Goblin Sapper[4/2]
Opponent: Rexxar HP: 14, Mana: 0/9
  Hand (4)
  Field: Skeletal Enforcer[5/5], Gahz'rilla[6/9], Kobold Geomancer[2/2]
[Turn 10, Step 45] Agent: 공격 - Goblin Sapper[4/2] -> Gahz'rilla
[Turn 10, Step 46] Agent: 영웅 능력 사용 -> Gahz'rilla
[Turn 10, Step 47] Agent: 카드 플레이 - Chromatic Egg (코스트: 5)
[Turn 10, Step 48] Agent: 선택 - Ysera
[Turn 10, Step 48] Agent: 턴 종료

[Turn 10] === Opponent's Turn ===
[Turn 10, Step 48] Opponent: 공격 - Skeletal Enforcer[5/5] -> Chromatic Egg
[Turn 10, Step 48] Opponent: 공격 - Gahz'rilla[24/4] -> Eccentric Scribe
[Turn 10, Step 48] Opponent: 카드 플레이 - The Curator (코스트: 7)
[Turn 10, Step 48] Opponent: 공격 - Kobold Geomancer[2/2] -> Vengeful Scroll
[Turn 10, Step 48] Opponent: 카드 플레이 - Fungal Enchanter (코스트: 3)
[Turn 10, Step 48] Opponent: 턴 종료
[Turn 10, Step 49] Agent: 영웅 능력 사용 -> Fungal Enchanter

--- Game State (Turn 10, Step 50) ---
Agent: Jaina Proudmoore HP: 18, Mana: 8/10
  Hand (5): Burly Shovelfist, Furious Ettin, Don Han'Cho, Infectious Sporeling, Shatter
  Field: Vengeful Scroll[1/1], Vengeful Scroll[1/1], Vengeful Scroll[1/1], Ysera[4/12]
Opponent: Rexxar HP: 16, Mana: 0/10
  Hand (5)
  Field: Skeletal Enforcer[5/5], Gahz'rilla[48/3], Kobold Geomancer[2/2], The Curator[4/6], Fungal Enchanter[3/2]
[Turn 10, Step 50] Agent: 카드 플레이 - Furious Ettin (코스트: 7)
[Turn 10, Step 51] Agent: 카드 플레이 - Infectious Sporeling (코스트: 1)
[Turn 10, Step 52] Agent: 공격 - Vengeful Scroll[1/1] -> The Curator
[Turn 10, Step 53] Agent: 공격 - Vengeful Scroll[1/1] -> The Curator
[Turn 10, Step 54] Agent: 공격 - Vengeful Scroll[1/1] -> The Curator

--- Game State (Turn 10, Step 55) ---
Agent: Jaina Proudmoore HP: 18, Mana: 0/10
  Hand (3): Burly Shovelfist, Don Han'Cho, Shatter
  Field: Ysera[4/12], Furious Ettin[5/9], Infectious Sporeling[1/2]
Opponent: Rexxar HP: 16, Mana: 0/10
  Hand (5)
  Field: Skeletal Enforcer[5/5], Gahz'rilla[48/3], Kobold Geomancer[2/2], The Curator[4/3], Fungal Enchanter[3/2]
[Turn 10, Step 55] Agent: 공격 - Ysera[4/12] -> The Curator
[Turn 10, Step 56] Agent: 턴 종료

[Turn 10] === Opponent's Turn ===
[Turn 10, Step 56] Opponent: 카드 플레이 - Crowd Roaster -> Infectious Sporeling (코스트: 7)
[Turn 10, Step 56] Opponent: 카드 플레이 - Snipe (코스트: 2)
[Turn 10, Step 56] Opponent: 공격 - Gahz'rilla[48/3] -> Furious Ettin
[Turn 10, Step 56] Opponent: 공격 - Fungal Enchanter[3/2] -> Jaina Proudmoore
[Turn 10, Step 56] Opponent: 공격 - Skeletal Enforcer[5/5] -> Ysera
[Turn 10, Step 56] Opponent: 공격 - Kobold Geomancer[2/2] -> Infectious Sporeling
[Turn 10, Step 56] Opponent: 턴 종료
[Turn 10, Step 57] Agent: 영웅 능력 사용 -> Infectious Sporeling
[Turn 10, Step 58] Agent: 공격 - Ysera[4/3] -> Infectious Sporeling
[Turn 10, Step 59] Agent: 카드 플레이 - Don Han'Cho (코스트: 7)

--- Game State (Turn 10, Step 60) ---
Agent: Jaina Proudmoore HP: 15, Mana: 1/10
  Hand (4): Burly Shovelfist, Shatter, Nightmare, Evolved Kobold
  Field: Infectious Sporeling[1/2], Don Han'Cho[5/2]
Opponent: Rexxar HP: 16, Mana: 1/10
  Hand (4)
  Field: Skeletal Enforcer[5/1], Fungal Enchanter[3/2], Crowd Roaster[7/4]
[Turn 10, Step 60] Agent: 카드 플레이 - Nightmare -> Skeletal Enforcer (코스트: 0)
[Turn 10, Step 61] Agent: 턴 종료

[Turn 10] === Opponent's Turn ===
[Turn 10, Step 61] Opponent: 공격 - Fungal Enchanter[3/2] -> Jaina Proudmoore
[Turn 10, Step 61] Opponent: 카드 플레이 - Pressure Plate (코스트: 2)
[Turn 10, Step 61] Opponent: 카드 플레이 - Volcanosaur (코스트: 7)
[Turn 10, Step 61] Opponent: 선택 - Lightning Speed
[Turn 10, Step 61] Opponent: 선택 - Lightning Speed
[Turn 10, Step 61] Opponent: 공격 - Crowd Roaster[7/4] -> Infectious Sporeling
[Turn 10, Step 61] Opponent: 공격 - Skeletal Enforcer[5/1] -> Jaina Proudmoore
[Turn 10, Step 61] Opponent: 턴 종료
[Turn 10, Step 62] Agent: 공격 - Don Han'Cho[5/2] -> Volcanosaur
[Turn 10, Step 63] Agent: 카드 플레이 - Burly Shovelfist (코스트: 9)
[Turn 10, Step 64] Agent: 공격 - Burly Shovelfist[9/9] -> Skeletal Enforcer

--- Game State (Turn 10, Step 65) ---
Agent: Jaina Proudmoore HP: 7, Mana: 1/10
  Hand (3): Shatter, Evolved Kobold, Cauldron Elemental
  Field: Burly Shovelfist[9/4]
Opponent: Rexxar HP: 16, Mana: 1/10
  Hand (3)
  Field: Fungal Enchanter[3/2], Infectious Sporeling[1/2], Volcanosaur[5/1]
[Turn 10, Step 65] Agent: 턴 종료

[Turn 10] === Opponent's Turn ===
[Turn 10, Step 65] Opponent: 공격 - Volcanosaur[5/1] -> Burly Shovelfist
[Turn 10, Step 65] Opponent: 공격 - Fungal Enchanter[3/2] -> Jaina Proudmoore
[Turn 10, Step 65] Opponent: 카드 플레이 - Baron Geddon (코스트: 7)
[Turn 10, Step 65] Opponent: 영웅 능력 사용
[Turn 10, Step 65] Opponent: 공격 - Infectious Sporeling[1/2] -> Jaina Proudmoore
[Turn 10, Step 65] Opponent: 턴 종료
[Turn 10, Step 66] Agent: 카드 플레이 - Evolved Kobold (코스트: 4)
[Turn 10, Step 67] Agent: 카드 플레이 - Mechwarper (코스트: 2)
[Turn 10, Step 68] Agent: 영웅 능력 사용 -> Jaina Proudmoore

--- Game State (Turn 10, Step 69) ---
Agent: Jaina Proudmoore HP: 0, Mana: 2/10
  Hand (2): Shatter, Cauldron Elemental
  Field: Evolved Kobold[7/7], Mechwarper[2/3]
Opponent: Rexxar HP: 14, Mana: 1/10
  Hand (3)
  Field: Baron Geddon[7/5]

============================================================
게임 종료 - Terminated: True, Truncated: False
승자: Opponent
============================================================

