============================================================
NEW GAME STARTED
Agent: HERO_08 vs Opponent: HERO_05
Action Masking: OFF
============================================================

[Turn 1] === Opponent's Turn ===
[Turn 1, Step 0] Opponent: 카드 플레이 - Arcane Anomaly (코스트: 1)
[Turn 1, Step 0] Opponent: 턴 종료
[Turn 1, Step 1] Agent: 유효하지 않은 액션 인덱스(47) → 2로 보정
[Turn 1, Step 1] Agent: 카드 플레이 - Learn Draconic (코스트: 1)
[Turn 1, Step 2] Agent: 유효하지 않은 액션 인덱스(61) → 1로 보정
[Turn 1, Step 2] Agent: 카드 플레이 - The Coin (코스트: 0)
[Turn 1, Step 3] Agent: 턴 종료

[Turn 1] === Opponent's Turn ===
[Turn 1, Step 3] Opponent: 카드 플레이 - Rockpool Hunter (코스트: 2)
[Turn 1, Step 3] Opponent: 공격 - Arcane Anomaly[2/1] -> Jaina Proudmoore
[Turn 1, Step 3] Opponent: 턴 종료
[Turn 2, Step 4] Agent: 유효하지 않은 액션 인덱스(45) → 3로 보정
[Turn 2, Step 4] Agent: 영웅 능력 사용 -> Jaina Proudmoore

--- Game State (Turn 2, Step 5) ---
Agent: Jaina Proudmoore HP: 27, Mana: 0/2
  Hand (5): Recombobulator, Evasive Chimaera, Raging Worgen, Simulacrum, Kael'thas Sunstrider
Opponent: Rexxar HP: 30, Mana: 0/2
  Hand (3)
  Field: Arcane Anomaly[2/1], Rockpool Hunter[2/3]
[Turn 2, Step 5] Agent: 유효하지 않은 액션 인덱스(31) → 0로 보정
[Turn 2, Step 5] Agent: 턴 종료

[Turn 2] === Opponent's Turn ===
[Turn 2, Step 5] Opponent: 영웅 능력 사용
[Turn 2, Step 5] Opponent: 공격 - Arcane Anomaly[2/1] -> Jaina Proudmoore
[Turn 2, Step 5] Opponent: 공격 - Rockpool Hunter[2/3] -> Jaina Proudmoore
[Turn 2, Step 5] Opponent: 턴 종료
[Turn 3, Step 6] Agent: 유효하지 않은 액션 인덱스(29) → 2로 보정
[Turn 3, Step 6] Agent: 카드 플레이 - Evasive Chimaera (코스트: 2)
[Turn 3, Step 7] Agent: 유효하지 않은 액션 인덱스(40) → 0로 보정
[Turn 3, Step 7] Agent: 턴 종료

[Turn 3] === Opponent's Turn ===
[Turn 3, Step 7] Opponent: 공격 - Arcane Anomaly[2/1] -> Jaina Proudmoore
[Turn 3, Step 7] Opponent: 영웅 능력 사용
[Turn 3, Step 7] Opponent: 턴 종료
[Turn 4, Step 8] Agent: 유효하지 않은 액션 인덱스(56) → 4로 보정
[Turn 4, Step 8] Agent: 카드 플레이 - Unpowered Steambot (코스트: 4)
[Turn 4, Step 9] Agent: 유효하지 않은 액션 인덱스(27) → 3로 보정
[Turn 4, Step 9] Agent: 공격 - Evasive Chimaera[2/1] -> Rockpool Hunter

--- Game State (Turn 4, Step 10) ---
Agent: Jaina Proudmoore HP: 17, Mana: 0/4
  Hand (5): Recombobulator, Raging Worgen, Simulacrum, Kael'thas Sunstrider, Hungry Dragon
  Field: Unpowered Steambot[0/9]
Opponent: Rexxar HP: 30, Mana: 2/4
  Hand (5)
  Field: Arcane Anomaly[2/1]
[Turn 4, Step 10] Agent: 유효하지 않은 액션 인덱스(63) → 0로 보정
[Turn 4, Step 10] Agent: 턴 종료

[Turn 4] === Opponent's Turn ===
[Turn 4, Step 10] Opponent: 공격 - Arcane Anomaly[2/1] -> Unpowered Steambot
[Turn 4, Step 10] Opponent: 카드 플레이 - Piloted Reaper (코스트: 4)
[Turn 4, Step 10] Opponent: 턴 종료
[Turn 5, Step 11] Agent: 유효하지 않은 액션 인덱스(52) → 8로 보정
[Turn 5, Step 11] Agent: 영웅 능력 사용 -> Arcane Anomaly
[Turn 5, Step 12] Agent: 유효하지 않은 액션 인덱스(50) → 2로 보정
[Turn 5, Step 12] Agent: 카드 플레이 - Raging Worgen (코스트: 3)
[Turn 5, Step 13] Agent: 유효하지 않은 액션 인덱스(90) → 0로 보정
[Turn 5, Step 13] Agent: 턴 종료

[Turn 5] === Opponent's Turn ===
[Turn 5, Step 13] Opponent: 카드 플레이 - Abomination (코스트: 5)
[Turn 5, Step 13] Opponent: 턴 종료
[Turn 6, Step 14] Agent: 유효하지 않은 액션 인덱스(17) → 3로 보정
[Turn 6, Step 14] Agent: 카드 플레이 - Simulacrum (코스트: 3)

--- Game State (Turn 6, Step 15) ---
Agent: Jaina Proudmoore HP: 17, Mana: 3/6
  Hand (6): Recombobulator, Kael'thas Sunstrider, Hungry Dragon, Kobold Monk, Cinderstorm, Recombobulator
  Field: Unpowered Steambot[0/7], Raging Worgen[3/3]
Opponent: Rexxar HP: 30, Mana: 1/6
  Hand (5)
  Field: Piloted Reaper[4/3], Abomination[4/4]
[Turn 6, Step 15] Agent: 유효하지 않은 액션 인덱스(90) → 12로 보정
[Turn 6, Step 15] Agent: 공격 - Raging Worgen[3/3] -> Abomination
[Turn 6, Step 16] Agent: 유효하지 않은 액션 인덱스(35) → 8로 보정
[Turn 6, Step 16] Agent: 영웅 능력 사용 -> Abomination
[Turn 6, Step 17] Agent: 유효하지 않은 액션 인덱스(66) → 0로 보정
[Turn 6, Step 17] Agent: 턴 종료

[Turn 6] === Opponent's Turn ===
[Turn 6, Step 17] Opponent: 카드 플레이 - Star Aligner (코스트: 7)
[Turn 6, Step 17] Opponent: 공격 - Piloted Reaper[4/1] -> Unpowered Steambot
[Turn 6, Step 17] Opponent: 턴 종료
[Turn 7, Step 18] Agent: 영웅 능력 사용 -> Unpowered Steambot
[Turn 7, Step 19] Agent: 유효하지 않은 액션 인덱스(22) → 1로 보정
[Turn 7, Step 19] Agent: 카드 플레이 - Recombobulator (코스트: 2)

--- Game State (Turn 7, Step 20) ---
Agent: Jaina Proudmoore HP: 15, Mana: 3/7
  Hand (6): Kael'thas Sunstrider, Hungry Dragon, Kobold Monk, Cinderstorm, Recombobulator, Crowd Favorite
  Field: Recombobulator[3/2]
Opponent: Rexxar HP: 28, Mana: 0/7
  Hand (5)
  Field: Piloted Reaper[4/1], Star Aligner[7/7]
[Turn 7, Step 20] Agent: 유효하지 않은 액션 인덱스(30) → 0로 보정
[Turn 7, Step 20] Agent: 턴 종료

[Turn 7] === Opponent's Turn ===
[Turn 7, Step 20] Opponent: 카드 플레이 - Hench-Clan Hogsteed (코스트: 2)
[Turn 7, Step 20] Opponent: 카드 플레이 - Omega Defender (코스트: 4)
[Turn 7, Step 20] Opponent: 턴 종료
[Turn 8, Step 21] Agent: 유효하지 않은 액션 인덱스(83) → 3로 보정
[Turn 8, Step 21] Agent: 카드 플레이 - Hungry Dragon (코스트: 4)
[Turn 8, Step 22] Agent: 유효하지 않은 액션 인덱스(99) → 14로 보정
[Turn 8, Step 22] Agent: 영웅 능력 사용 -> Hungry Dragon
[Turn 8, Step 23] Agent: 유효하지 않은 액션 인덱스(27) → 3로 보정
[Turn 8, Step 23] Agent: 공격 - Recombobulator[3/2] -> Omega Defender
[Turn 8, Step 24] Agent: 유효하지 않은 액션 인덱스(93) → 1로 보정
[Turn 8, Step 24] Agent: 카드 플레이 - Recombobulator -> Hungry Dragon (코스트: 2)

--- Game State (Turn 8, Step 25) ---
Agent: Jaina Proudmoore HP: 15, Mana: 0/8
  Hand (5): Coldwraith, Kael'thas Sunstrider, Kobold Monk, Cinderstorm, Crowd Favorite
  Field: Polluted Hoarder[4/2], Recombobulator[3/2]
Opponent: Rexxar HP: 28, Mana: 2/8
  Hand (4)
  Field: Piloted Reaper[4/1], Star Aligner[7/7], Jeweled Macaw[1/1], Hench-Clan Hogsteed[2/1], Omega Defender[2/3]
[Turn 8, Step 25] Agent: 유효하지 않은 액션 인덱스(6) → 0로 보정
[Turn 8, Step 25] Agent: 턴 종료

[Turn 8] === Opponent's Turn ===
[Turn 8, Step 25] Opponent: 턴 종료
[Turn 9, Step 26] Agent: 유효하지 않은 액션 인덱스(78) → 6로 보정
[Turn 9, Step 26] Agent: 카드 플레이 - Archmage Arugal (코스트: 2)
[Turn 9, Step 27] Agent: 유효하지 않은 액션 인덱스(34) → 16로 보정
[Turn 9, Step 27] Agent: 공격 - Polluted Hoarder[4/2] -> Omega Defender
[Turn 9, Step 28] Agent: 유효하지 않은 액션 인덱스(56) → 16로 보정
[Turn 9, Step 28] Agent: 공격 - Recombobulator[3/2] -> Piloted Reaper
[Turn 9, Step 29] Agent: 유효하지 않은 액션 인덱스(55) → 3로 보정
[Turn 9, Step 29] Agent: 카드 플레이 - Kobold Monk (코스트: 4)

--- Game State (Turn 9, Step 30) ---
Agent: Jaina Proudmoore HP: 15, Mana: 3/9
  Hand (5): Coldwraith, Kael'thas Sunstrider, Cinderstorm, Crowd Favorite, Young Priestess
  Field: Archmage Arugal[2/2], Kobold Monk[3/6]
Opponent: Rexxar HP: 28, Mana: 9/9
  Hand (4)
  Field: Gilblin Stalker[2/3], Star Aligner[7/7], Jeweled Macaw[1/1], Hench-Clan Hogsteed[2/1]
[Turn 9, Step 30] Agent: 유효하지 않은 액션 인덱스(40) → 7로 보정
[Turn 9, Step 30] Agent: 영웅 능력 사용 -> Hench-Clan Hogsteed
[Turn 9, Step 31] Agent: 유효하지 않은 액션 인덱스(14) → 0로 보정
[Turn 9, Step 31] Agent: 턴 종료

[Turn 9] === Opponent's Turn ===
[Turn 9, Step 31] Opponent: 영웅 능력 사용
[Turn 9, Step 31] Opponent: 카드 플레이 - Terrorguard Escapee (코스트: 3)
[Turn 9, Step 31] Opponent: 공격 - Gilblin Stalker[2/3] -> Kobold Monk
[Turn 9, Step 31] Opponent: 공격 - Jeweled Macaw[1/1] -> Kobold Monk
[Turn 9, Step 31] Opponent: 공격 - Hench-Clan Squire[1/1] -> Huntress
[Turn 9, Step 31] Opponent: 카드 플레이 - EVIL Cable Rat (코스트: 2)
[Turn 9, Step 31] Opponent: 공격 - Star Aligner[7/7] -> Jaina Proudmoore
[Turn 9, Step 31] Opponent: 카드 플레이 - Brainstormer (코스트: 3)
[Turn 9, Step 31] Opponent: 턴 종료
[Turn 10, Step 32] Agent: 유효하지 않은 액션 인덱스(81) → 6로 보정
[Turn 10, Step 32] Agent: 카드 플레이 - Icehowl (코스트: 9)
[Turn 10, Step 33] Agent: 유효하지 않은 액션 인덱스(88) → 8로 보정
[Turn 10, Step 33] Agent: 공격 - Kobold Monk[3/3] -> Star Aligner
[Turn 10, Step 34] Agent: 유효하지 않은 액션 인덱스(85) → 8로 보정
[Turn 10, Step 34] Agent: 공격 - Icehowl[10/10] -> Terrorguard Escapee

--- Game State (Turn 10, Step 35) ---
Agent: Jaina Proudmoore HP: 6, Mana: 1/10
  Hand (5): Coldwraith, Kael'thas Sunstrider, Cinderstorm, Crowd Favorite, Young Priestess
  Field: Archmage Arugal[2/2], Icehowl[10/7]
Opponent: Rexxar HP: 28, Mana: 0/10
  Hand (3)
  Field: Star Aligner[7/4], EVIL Cable Rat[1/1], Brainstormer[3/1]
[Turn 10, Step 35] Agent: 공격 - Archmage Arugal[2/2] -> Brainstormer
[Turn 10, Step 36] Agent: 유효하지 않은 액션 인덱스(17) → 1로 보정
[Turn 10, Step 36] Agent: 카드 플레이 - Young Priestess (코스트: 1)
[Turn 10, Step 37] Agent: 턴 종료

[Turn 10] === Opponent's Turn ===
[Turn 10, Step 37] Opponent: 공격 - Star Aligner[7/4] -> Young Priestess
[Turn 10, Step 37] Opponent: 카드 플레이 - The Boogeymonster (코스트: 8)
[Turn 10, Step 37] Opponent: 영웅 능력 사용
[Turn 10, Step 37] Opponent: 공격 - EVIL Cable Rat[1/1] -> Icehowl
[Turn 10, Step 37] Opponent: 턴 종료
[Turn 10, Step 38] Agent: 유효하지 않은 액션 인덱스(51) → 12로 보정
[Turn 10, Step 38] Agent: 공격 - Icehowl[10/7] -> The Boogeymonster
[Turn 10, Step 39] Agent: 유효하지 않은 액션 인덱스(96) → 6로 보정
[Turn 10, Step 39] Agent: 영웅 능력 사용 -> Jaina Proudmoore

--- Game State (Turn 10, Step 40) ---
Agent: Jaina Proudmoore HP: 3, Mana: 8/10
  Hand (5): Coldwraith, Kael'thas Sunstrider, Cinderstorm, Crowd Favorite, C'Thun's Chosen
  Field: Icehowl[10/1]
Opponent: Rexxar HP: 28, Mana: 0/10
  Hand (3)
  Field: Star Aligner[7/2]
[Turn 10, Step 40] Agent: 유효하지 않은 액션 인덱스(98) → 2로 보정
[Turn 10, Step 40] Agent: 카드 플레이 - Kael'thas Sunstrider (코스트: 7)
[Turn 10, Step 41] Agent: 유효하지 않은 액션 인덱스(26) → 0로 보정
[Turn 10, Step 41] Agent: 턴 종료

[Turn 10] === Opponent's Turn ===
[Turn 10, Step 41] Opponent: 턴 종료
[Turn 10, Step 42] Agent: 유효하지 않은 액션 인덱스(32) → 4로 보정
[Turn 10, Step 42] Agent: 카드 플레이 - C'Thun's Chosen (코스트: 4)
[Turn 10, Step 43] Agent: 유효하지 않은 액션 인덱스(84) → 0로 보정
[Turn 10, Step 43] Agent: 턴 종료

[Turn 10] === Opponent's Turn ===
[Turn 10, Step 43] Opponent: 카드 플레이 - Titanic Lackey -> Star Aligner (코스트: 1)
[Turn 10, Step 43] Opponent: 영웅 능력 사용
[Turn 10, Step 43] Opponent: 카드 플레이 - Ebon Dragonsmith (코스트: 4)
[Turn 10, Step 43] Opponent: 공격 - Star Aligner[7/4] -> C'Thun's Chosen
[Turn 10, Step 43] Opponent: 턴 종료
[Turn 10, Step 44] Agent: 유효하지 않은 액션 인덱스(66) → 3로 보정
[Turn 10, Step 44] Agent: 카드 플레이 - Crowd Favorite (코스트: 4)

--- Game State (Turn 10, Step 45) ---
Agent: Jaina Proudmoore HP: 1, Mana: 6/10
  Hand (4): Coldwraith, Cinderstorm, Simulacrum, Babbling Book
  Field: Icehowl[10/1], Kael'thas Sunstrider[4/7], C'Thun's Chosen[4/2], Crowd Favorite[4/4]
Opponent: Rexxar HP: 28, Mana: 3/10
  Hand (3)
  Field: Titanic Lackey[1/1], Ebon Dragonsmith[3/4]
[Turn 10, Step 45] Agent: 유효하지 않은 액션 인덱스(22) → 1로 보정
[Turn 10, Step 45] Agent: 카드 플레이 - Coldwraith (코스트: 3)
[Turn 10, Step 46] Agent: 유효하지 않은 액션 인덱스(70) → 7로 보정
[Turn 10, Step 46] Agent: 영웅 능력 사용 -> Kael'thas Sunstrider
[Turn 10, Step 47] Agent: 유효하지 않은 액션 인덱스(85) → 5로 보정
[Turn 10, Step 47] Agent: 공격 - Kael'thas Sunstrider[4/6] -> Titanic Lackey
[Turn 10, Step 48] Agent: 유효하지 않은 액션 인덱스(75) → 0로 보정
[Turn 10, Step 48] Agent: 턴 종료

[Turn 10] === Opponent's Turn ===
[Turn 10, Step 48] Opponent: 영웅 능력 사용

--- Game State (Turn 10, Step 49) ---
Agent: Jaina Proudmoore HP: 0, Mana: 1/10
  Hand (3): Cinderstorm, Simulacrum, Babbling Book
  Field: Icehowl[10/1], Kael'thas Sunstrider[4/5], C'Thun's Chosen[4/2], Crowd Favorite[5/5], Coldwraith[3/4]
Opponent: Rexxar HP: 28, Mana: 8/10
  Hand (4)
  Field: Ebon Dragonsmith[3/4]

============================================================
게임 종료 - Terminated: True, Truncated: False
승자: Opponent
============================================================

