============================================================
NEW GAME STARTED
Agent: HERO_08 vs Opponent: HERO_05
Action Masking: OFF
============================================================

[Turn 1] === Opponent's Turn ===
[Turn 1, Step 0] Opponent: 턴 종료
[Turn 1, Step 1] Agent: 유효하지 않은 액션 인덱스(32) → 0로 보정
[Turn 1, Step 1] Agent: 턴 종료

[Turn 1] === Opponent's Turn ===
[Turn 1, Step 1] Opponent: 영웅 능력 사용
[Turn 1, Step 1] Opponent: 턴 종료
[Turn 2, Step 2] Agent: 유효하지 않은 액션 인덱스(68) → 3로 보정
[Turn 2, Step 2] Agent: 영웅 능력 사용 -> Jaina Proudmoore
[Turn 2, Step 3] Agent: 유효하지 않은 액션 인덱스(90) → 0로 보정
[Turn 2, Step 3] Agent: 턴 종료

[Turn 2] === Opponent's Turn ===
[Turn 2, Step 3] Opponent: 턴 종료
[Turn 3, Step 4] Agent: 유효하지 않은 액션 인덱스(27) → 3로 보정
[Turn 3, Step 4] Agent: 카드 플레이 - The Coin (코스트: 0)

--- Game State (Turn 3, Step 5) ---
Agent: Jaina Proudmoore HP: 27, Mana: 4/3
  Hand (7): Bonfire Elemental, Prince Keleseth, Pterrordax Hatchling, The Boogeymonster, Conjurer's Calling, Maiden of the Lake, Ogre Magi
Opponent: Rexxar HP: 30, Mana: 3/3
  Hand (6)
[Turn 3, Step 5] Agent: 유효하지 않은 액션 인덱스(71) → 1로 보정
[Turn 3, Step 5] Agent: 카드 플레이 - Prince Keleseth (코스트: 2)
[Turn 3, Step 6] Agent: 유효하지 않은 액션 인덱스(70) → 2로 보정
[Turn 3, Step 6] Agent: 영웅 능력 사용 -> Rexxar
[Turn 3, Step 7] Agent: 유효하지 않은 액션 인덱스(41) → 0로 보정
[Turn 3, Step 7] Agent: 턴 종료

[Turn 3] === Opponent's Turn ===
[Turn 3, Step 7] Opponent: 영웅 능력 사용
[Turn 3, Step 7] Opponent: 카드 플레이 - Zayle, Shadow Cloak (코스트: 2)
[Turn 3, Step 7] Opponent: 턴 종료
[Turn 4, Step 8] Agent: 유효하지 않은 액션 인덱스(55) → 13로 보정
[Turn 4, Step 8] Agent: 공격 - Prince Keleseth[2/2] -> Zayle, Shadow Cloak
[Turn 4, Step 9] Agent: 유효하지 않은 액션 인덱스(58) → 2로 보정
[Turn 4, Step 9] Agent: 카드 플레이 - Maiden of the Lake (코스트: 4)

--- Game State (Turn 4, Step 10) ---
Agent: Jaina Proudmoore HP: 25, Mana: 0/4
  Hand (6): Bonfire Elemental, Pterrordax Hatchling, The Boogeymonster, Conjurer's Calling, Ogre Magi, Dark Iron Dwarf
  Field: Maiden of the Lake[2/6]
Opponent: Rexxar HP: 29, Mana: 0/4
  Hand (6)
[Turn 4, Step 10] Agent: 유효하지 않은 액션 인덱스(82) → 0로 보정
[Turn 4, Step 10] Agent: 턴 종료

[Turn 4] === Opponent's Turn ===
[Turn 4, Step 10] Opponent: 카드 플레이 - Servant of Kalimos (코스트: 5)
[Turn 4, Step 10] Opponent: 턴 종료
[Turn 5, Step 11] Agent: 유효하지 않은 액션 인덱스(86) → 11로 보정
[Turn 5, Step 11] Agent: 영웅 능력 사용 -> Maiden of the Lake
[Turn 5, Step 12] Agent: 유효하지 않은 액션 인덱스(12) → 2로 보정
[Turn 5, Step 12] Agent: 카드 플레이 - Conjurer's Calling -> Maiden of the Lake (코스트: 4)
[Turn 5, Step 13] Agent: 유효하지 않은 액션 인덱스(69) → 0로 보정
[Turn 5, Step 13] Agent: 턴 종료

[Turn 5] === Opponent's Turn ===
[Turn 5, Step 13] Opponent: 턴 종료
[Turn 6, Step 14] Agent: 유효하지 않은 액션 인덱스(41) → 1로 보정
[Turn 6, Step 14] Agent: 카드 플레이 - Bonfire Elemental (코스트: 5)

--- Game State (Turn 6, Step 15) ---
Agent: Jaina Proudmoore HP: 25, Mana: 1/6
  Hand (7): Pterrordax Hatchling, The Boogeymonster, Ogre Magi, Dark Iron Dwarf, Magic Dart Frog, Conjurer's Calling, Gilnean Royal Guard
  Field: Arcanosmith[3/2], Keeper of the Grove[2/2], Bonfire Elemental[5/5]
Opponent: Rexxar HP: 29, Mana: 6/6
  Hand (7)
  Field: Servant of Kalimos[4/5]
[Turn 6, Step 15] Agent: 유효하지 않은 액션 인덱스(45) → 0로 보정
[Turn 6, Step 15] Agent: 턴 종료

[Turn 6] === Opponent's Turn ===
[Turn 6, Step 15] Opponent: 카드 플레이 - Gentle Megasaur (코스트: 4)
[Turn 6, Step 15] Opponent: 턴 종료
[Turn 7, Step 16] Agent: 카드 플레이 - Conjurer's Calling -> Gentle Megasaur (코스트: 4)
[Turn 7, Step 17] Agent: 유효하지 않은 액션 인덱스(91) → 3로 보정
[Turn 7, Step 17] Agent: 카드 플레이 - Tuskarr Fisherman -> Arcanosmith (코스트: 2)
[Turn 7, Step 18] Agent: 유효하지 않은 액션 인덱스(85) → 1로 보정
[Turn 7, Step 18] Agent: 공격 - Arcanosmith[3/2] -> Rexxar
[Turn 7, Step 19] Agent: 유효하지 않은 액션 인덱스(79) → 4로 보정
[Turn 7, Step 19] Agent: 공격 - Bonfire Elemental[5/5] -> Servant of Kalimos

--- Game State (Turn 7, Step 20) ---
Agent: Jaina Proudmoore HP: 25, Mana: 1/7
  Hand (6): Pterrordax Hatchling, The Boogeymonster, Ogre Magi, Dark Iron Dwarf, Magic Dart Frog, Gilnean Royal Guard
  Field: Arcanosmith[3/2], Keeper of the Grove[2/2], Bonfire Elemental[5/1], Eager Underling[2/2], Voidcaller[3/4], Tuskarr Fisherman[2/3]
Opponent: Rexxar HP: 26, Mana: 3/7
  Hand (7)
[Turn 7, Step 20] Agent: 유효하지 않은 액션 인덱스(33) → 1로 보정
[Turn 7, Step 20] Agent: 공격 - Keeper of the Grove[2/2] -> Rexxar
[Turn 7, Step 21] Agent: 유효하지 않은 액션 인덱스(40) → 0로 보정
[Turn 7, Step 21] Agent: 턴 종료

[Turn 7] === Opponent's Turn ===
[Turn 7, Step 21] Opponent: 카드 플레이 - Drakonid Crusher (코스트: 6)
[Turn 7, Step 21] Opponent: 카드 플레이 - Rabble Bouncer (코스트: 1)
[Turn 7, Step 21] Opponent: 턴 종료
[Turn 8, Step 22] Agent: 유효하지 않은 액션 인덱스(98) → 26로 보정
[Turn 8, Step 22] Agent: 영웅 능력 사용 -> Voidcaller
[Turn 8, Step 23] Agent: 카드 플레이 - Dark Iron Dwarf -> Voidcaller (코스트: 4)
[Turn 8, Step 24] Agent: 유효하지 않은 액션 인덱스(57) → 1로 보정
[Turn 8, Step 24] Agent: 공격 - Arcanosmith[3/2] -> Rabble Bouncer

--- Game State (Turn 8, Step 25) ---
Agent: Jaina Proudmoore HP: 25, Mana: 2/8
  Hand (6): Pterrordax Hatchling, The Boogeymonster, Ogre Magi, Magic Dart Frog, Gilnean Royal Guard, Shattered Sun Cleric
  Field: Keeper of the Grove[2/2], Bonfire Elemental[5/1], Eager Underling[2/2], Voidcaller[5/3], Tuskarr Fisherman[2/3], Dark Iron Dwarf[4/4]
Opponent: Rexxar HP: 24, Mana: 1/8
  Hand (6)
  Field: Drakonid Crusher[6/6], Rabble Bouncer[2/4]
[Turn 8, Step 25] Agent: 유효하지 않은 액션 인덱스(99) → 1로 보정
[Turn 8, Step 25] Agent: 카드 플레이 - Magic Dart Frog (코스트: 2)
[Turn 8, Step 26] Agent: 유효하지 않은 액션 인덱스(30) → 0로 보정
[Turn 8, Step 26] Agent: 턴 종료

[Turn 8] === Opponent's Turn ===
[Turn 8, Step 26] Opponent: 공격 - Rabble Bouncer[2/4] -> Tuskarr Fisherman
[Turn 8, Step 26] Opponent: 턴 종료
[Turn 9, Step 27] Agent: 유효하지 않은 액션 인덱스(53) → 15로 보정
[Turn 9, Step 27] Agent: 공격 - Voidcaller[3/3] -> Rabble Bouncer
[Turn 9, Step 28] Agent: 유효하지 않은 액션 인덱스(63) → 17로 보정
[Turn 9, Step 28] Agent: 공격 - Tuskarr Fisherman[2/1] -> Rexxar
[Turn 9, Step 29] Agent: 유효하지 않은 액션 인덱스(45) → 3로 보정
[Turn 9, Step 29] Agent: 영웅 능력 사용 -> Keeper of the Grove

--- Game State (Turn 9, Step 30) ---
Agent: Jaina Proudmoore HP: 25, Mana: 7/9
  Hand (6): Pterrordax Hatchling, The Boogeymonster, Ogre Magi, Gilnean Royal Guard, Shattered Sun Cleric, Blackwald Pixie
  Field: Keeper of the Grove[2/1], Bonfire Elemental[5/1], Eager Underling[2/2], Voidcaller[3/1], Tuskarr Fisherman[2/1], Dark Iron Dwarf[4/4], Magic Dart Frog[1/3]
Opponent: Rexxar HP: 22, Mana: 9/9
  Hand (7)
  Field: Drakonid Crusher[6/6]
[Turn 9, Step 30] Agent: 공격 - Magic Dart Frog[1/3] -> Rexxar
[Turn 9, Step 31] Agent: 유효하지 않은 액션 인덱스(62) → 8로 보정
[Turn 9, Step 31] Agent: 공격 - Dark Iron Dwarf[4/4] -> Drakonid Crusher
[Turn 9, Step 32] Agent: 유효하지 않은 액션 인덱스(35) → 3로 보정
[Turn 9, Step 32] Agent: 카드 플레이 - Shattered Sun Cleric -> Keeper of the Grove (코스트: 3)
[Turn 9, Step 33] Agent: 유효하지 않은 액션 인덱스(49) → 0로 보정
[Turn 9, Step 33] Agent: 턴 종료

[Turn 9] === Opponent's Turn ===
[Turn 9, Step 33] Opponent: 공격 - Drakonid Crusher[6/2] -> Shattered Sun Cleric
[Turn 9, Step 33] Opponent: 카드 플레이 - Tunnel Blaster (코스트: 7)
[Turn 9, Step 33] Opponent: 영웅 능력 사용
[Turn 9, Step 33] Opponent: 턴 종료
[Turn 10, Step 34] Agent: 유효하지 않은 액션 인덱스(38) → 10로 보정
[Turn 10, Step 34] Agent: 카드 플레이 - Faceless Manipulator -> Tuskarr Fisherman (코스트: 5)

--- Game State (Turn 10, Step 35) ---
Agent: Jaina Proudmoore HP: 23, Mana: 5/10
  Hand (5): Pterrordax Hatchling, The Boogeymonster, Ogre Magi, Gilnean Royal Guard, Blackwald Pixie
  Field: Keeper of the Grove[3/2], Bonfire Elemental[5/1], Eager Underling[2/2], Voidcaller[3/1], Tuskarr Fisherman[2/1], Magic Dart Frog[1/3], Tuskarr Fisherman[2/1]
Opponent: Rexxar HP: 21, Mana: 1/10
  Hand (7)
  Field: Tunnel Blaster[3/7]
[Turn 10, Step 35] Agent: 유효하지 않은 액션 인덱스(25) → 8로 보정
[Turn 10, Step 35] Agent: 영웅 능력 사용 -> Magic Dart Frog
[Turn 10, Step 36] Agent: 유효하지 않은 액션 인덱스(71) → 1로 보정
[Turn 10, Step 36] Agent: 공격 - Keeper of the Grove[3/2] -> Tunnel Blaster
[Turn 10, Step 37] Agent: 유효하지 않은 액션 인덱스(41) → 1로 보정
[Turn 10, Step 37] Agent: 카드 플레이 - Pterrordax Hatchling (코스트: 3)
[Turn 10, Step 38] Agent: 선택 - Shrouding Mist
[Turn 10, Step 38] Agent: 유효하지 않은 액션 인덱스(10) → 4로 보정
[Turn 10, Step 38] Agent: 공격 - Tuskarr Fisherman[2/1] -> Tunnel Blaster
[Turn 10, Step 39] Agent: 유효하지 않은 액션 인덱스(82) → 2로 보정
[Turn 10, Step 39] Agent: 공격 - Eager Underling[2/2] -> Tunnel Blaster

--- Game State (Turn 10, Step 40) ---
Agent: Jaina Proudmoore HP: 23, Mana: 0/10
  Hand (4): The Boogeymonster, Ogre Magi, Gilnean Royal Guard, Blackwald Pixie
Opponent: Rexxar HP: 21, Mana: 1/10
  Hand (7)
[Turn 10, Step 40] Agent: 유효하지 않은 액션 인덱스(17) → 0로 보정
[Turn 10, Step 40] Agent: 턴 종료

[Turn 10] === Opponent's Turn ===
[Turn 10, Step 40] Opponent: 카드 플레이 - Brightwing (코스트: 3)
[Turn 10, Step 40] Opponent: 카드 플레이 - Ramkahen Wildtamer (코스트: 3)
[Turn 10, Step 40] Opponent: 카드 플레이 - Deathlord (코스트: 3)
[Turn 10, Step 40] Opponent: 턴 종료
[Turn 10, Step 41] Agent: 유효하지 않은 액션 인덱스(30) → 8로 보정
[Turn 10, Step 41] Agent: 영웅 능력 사용 -> Brightwing
[Turn 10, Step 42] Agent: 유효하지 않은 액션 인덱스(37) → 1로 보정
[Turn 10, Step 42] Agent: 카드 플레이 - The Boogeymonster (코스트: 8)
[Turn 10, Step 43] Agent: 유효하지 않은 액션 인덱스(98) → 0로 보정
[Turn 10, Step 43] Agent: 턴 종료

[Turn 10] === Opponent's Turn ===
[Turn 10, Step 43] Opponent: 카드 플레이 - Squirming Tentacle (코스트: 3)
[Turn 10, Step 43] Opponent: 카드 플레이 - Kael'thas Sunstrider (코스트: 7)
[Turn 10, Step 43] Opponent: 공격 - Deathlord[2/8] -> Jaina Proudmoore
[Turn 10, Step 43] Opponent: 공격 - Brightwing[3/1] -> Jaina Proudmoore
[Turn 10, Step 43] Opponent: 턴 종료
[Turn 10, Step 44] Agent: 유효하지 않은 액션 인덱스(32) → 0로 보정
[Turn 10, Step 44] Agent: 턴 종료

[Turn 10] === Opponent's Turn ===
[Turn 10, Step 44] Opponent: 공격 - Brightwing[3/1] -> Jaina Proudmoore
[Turn 10, Step 44] Opponent: 공격 - Deathlord[2/8] -> Jaina Proudmoore
[Turn 10, Step 44] Opponent: 카드 플레이 - Blubber Baron (코스트: 3)
[Turn 10, Step 44] Opponent: 턴 종료

--- Game State (Turn 10, Step 45) ---
Agent: Jaina Proudmoore HP: 13, Mana: 10/10
  Hand (6): Nightblade, Ogre Magi, Gilnean Royal Guard, Blackwald Pixie, Hired Gun, Darkspeaker
  Field: The Boogeymonster[6/7]
Opponent: Rexxar HP: 21, Mana: 7/10
  Hand (6)
  Field: Brightwing[3/1], Ramkahen Wildtamer[4/3], Deathlord[2/8], Squirming Tentacle[2/4], Kael'thas Sunstrider[4/7], Blubber Baron[6/6]
[Turn 10, Step 45] Agent: 유효하지 않은 액션 인덱스(50) → 14로 보정
[Turn 10, Step 45] Agent: 영웅 능력 사용 -> Kael'thas Sunstrider
[Turn 10, Step 46] Agent: 유효하지 않은 액션 인덱스(80) → 8로 보정
[Turn 10, Step 46] Agent: 공격 - The Boogeymonster[6/7] -> Squirming Tentacle
[Turn 10, Step 47] Agent: 유효하지 않은 액션 인덱스(29) → 1로 보정
[Turn 10, Step 47] Agent: 카드 플레이 - Nightblade (코스트: 5)
[Turn 10, Step 48] Agent: 유효하지 않은 액션 인덱스(95) → 2로 보정
[Turn 10, Step 48] Agent: 카드 플레이 - Hired Gun (코스트: 3)
[Turn 10, Step 49] Agent: 유효하지 않은 액션 인덱스(47) → 0로 보정
[Turn 10, Step 49] Agent: 턴 종료

[Turn 10] === Opponent's Turn ===
[Turn 10, Step 49] Opponent: 공격 - Blubber Baron[6/6] -> Hired Gun
[Turn 10, Step 49] Opponent: 카드 플레이 - Ultrasaur (코스트: 10)
[Turn 10, Step 49] Opponent: 공격 - Brightwing[3/1] -> Nightblade
[Turn 10, Step 49] Opponent: 공격 - Ramkahen Wildtamer[4/3] -> Jaina Proudmoore
[Turn 10, Step 49] Opponent: 공격 - Kael'thas Sunstrider[4/6] -> The Boogeymonster
[Turn 10, Step 49] Opponent: 공격 - Deathlord[2/8] -> Nightblade
[Turn 10, Step 49] Opponent: 턴 종료

--- Game State (Turn 10, Step 50) ---
Agent: Jaina Proudmoore HP: 9, Mana: 10/10
  Hand (5): Ogre Magi, Gilnean Royal Guard, Blackwald Pixie, Darkspeaker, Azure Explorer
  Field: The Boogeymonster[8/3]
Opponent: Rexxar HP: 18, Mana: 0/10
  Hand (6)
  Field: Ramkahen Wildtamer[4/3], Deathlord[2/4], Blubber Baron[6/2], Ultrasaur[7/14]
[Turn 10, Step 50] Agent: 유효하지 않은 액션 인덱스(81) → 11로 보정
[Turn 10, Step 50] Agent: 영웅 능력 사용 -> Blubber Baron
[Turn 10, Step 51] Agent: 유효하지 않은 액션 인덱스(27) → 6로 보정
[Turn 10, Step 51] Agent: 공격 - The Boogeymonster[8/3] -> Deathlord
[Turn 10, Step 52] Agent: 유효하지 않은 액션 인덱스(80) → 3로 보정
[Turn 10, Step 52] Agent: 카드 플레이 - Blackwald Pixie (코스트: 3)
[Turn 10, Step 53] Agent: 카드 플레이 - Darkspeaker -> Blackwald Pixie (코스트: 5)
[Turn 10, Step 54] Agent: 유효하지 않은 액션 인덱스(68) → 0로 보정
[Turn 10, Step 54] Agent: 턴 종료

[Turn 10] === Opponent's Turn ===
[Turn 10, Step 54] Opponent: 턴 종료

--- Game State (Turn 10, Step 55) ---
Agent: Jaina Proudmoore HP: 9, Mana: 10/10
  Hand (4): Ogre Magi, Gilnean Royal Guard, Azure Explorer, Knife Juggler
  Field: The Boogeymonster[10/3], Razorfen Hunter[2/3], Blackwald Pixie[3/6], Darkspeaker[3/4]
Opponent: Rexxar HP: 18, Mana: 10/10
  Hand (7)
  Field: Ramkahen Wildtamer[4/3], Blubber Baron[6/1], Ultrasaur[7/14]
[Turn 10, Step 55] Agent: 카드 플레이 - Azure Explorer (코스트: 4)
[Turn 10, Step 56] Agent: 선택 - Azure Drake
[Turn 10, Step 56] Agent: 유효하지 않은 액션 인덱스(93) → 3로 보정
[Turn 10, Step 56] Agent: 카드 플레이 - Azure Drake (코스트: 5)
[Turn 10, Step 57] Agent: 유효하지 않은 액션 인덱스(44) → 8로 보정
[Turn 10, Step 57] Agent: 공격 - Razorfen Hunter[2/3] -> Blubber Baron
[Turn 10, Step 58] Agent: 유효하지 않은 액션 인덱스(58) → 8로 보정
[Turn 10, Step 58] Agent: 공격 - Darkspeaker[3/4] -> Ramkahen Wildtamer
[Turn 10, Step 59] Agent: 유효하지 않은 액션 인덱스(48) → 3로 보정
[Turn 10, Step 59] Agent: 공격 - Blackwald Pixie[3/6] -> Rexxar

--- Game State (Turn 10, Step 60) ---
Agent: Jaina Proudmoore HP: 9, Mana: 1/10
  Hand (4): Ogre Magi, Gilnean Royal Guard, Knife Juggler, Sea Giant
  Field: The Boogeymonster[10/3], Blackwald Pixie[3/6], Azure Explorer[2/3], Azure Drake[4/4]
Opponent: Rexxar HP: 15, Mana: 10/10
  Hand (7)
  Field: Ultrasaur[7/14]
[Turn 10, Step 60] Agent: 유효하지 않은 액션 인덱스(86) → 2로 보정
[Turn 10, Step 60] Agent: 공격 - The Boogeymonster[10/3] -> Ultrasaur
[Turn 10, Step 61] Agent: 유효하지 않은 액션 인덱스(44) → 0로 보정
[Turn 10, Step 61] Agent: 턴 종료

[Turn 10] === Opponent's Turn ===
[Turn 10, Step 61] Opponent: 턴 종료
[Turn 10, Step 62] Agent: 유효하지 않은 액션 인덱스(32) → 14로 보정
[Turn 10, Step 62] Agent: 공격 - Azure Explorer[2/3] -> Rexxar
[Turn 10, Step 63] Agent: 유효하지 않은 액션 인덱스(20) → 4로 보정
[Turn 10, Step 63] Agent: 카드 플레이 - Sea Giant (코스트: 6)
[Turn 10, Step 64] Agent: 유효하지 않은 액션 인덱스(20) → 5로 보정
[Turn 10, Step 64] Agent: 영웅 능력 사용 -> Rexxar

--- Game State (Turn 10, Step 65) ---
Agent: Jaina Proudmoore HP: 9, Mana: 2/10
  Hand (4): Ogre Magi, Gilnean Royal Guard, Knife Juggler, River Crocolisk
  Field: Blackwald Pixie[3/6], Azure Explorer[2/3], Azure Drake[4/4], Sea Giant[8/8]
Opponent: Rexxar HP: 12, Mana: 10/10
  Hand (8)
  Field: Ultrasaur[7/4]
[Turn 10, Step 65] Agent: 유효하지 않은 액션 인덱스(50) → 1로 보정
[Turn 10, Step 65] Agent: 카드 플레이 - Knife Juggler (코스트: 2)
[Turn 10, Step 66] Agent: 유효하지 않은 액션 인덱스(40) → 0로 보정
[Turn 10, Step 66] Agent: 턴 종료

[Turn 10] === Opponent's Turn ===
[Turn 10, Step 66] Opponent: 턴 종료
[Turn 10, Step 67] Agent: 유효하지 않은 액션 인덱스(34) → 11로 보정
[Turn 10, Step 67] Agent: 영웅 능력 사용 -> Sea Giant
[Turn 10, Step 68] Agent: 유효하지 않은 액션 인덱스(66) → 6로 보정
[Turn 10, Step 68] Agent: 공격 - Blackwald Pixie[3/6] -> Ultrasaur
[Turn 10, Step 69] Agent: 유효하지 않은 액션 인덱스(42) → 3로 보정
[Turn 10, Step 69] Agent: 카드 플레이 - River Crocolisk (코스트: 2)

--- Game State (Turn 10, Step 70) ---
Agent: Jaina Proudmoore HP: 9, Mana: 6/10
  Hand (3): Ogre Magi, Gilnean Royal Guard, Faithful Lumi
  Field: Azure Explorer[2/3], Azure Drake[4/4], Sea Giant[8/7], Knife Juggler[2/2], River Crocolisk[2/3]
Opponent: Rexxar HP: 11, Mana: 10/10
  Hand (9)
  Field: Ultrasaur[7/1]
[Turn 10, Step 70] Agent: 유효하지 않은 액션 인덱스(49) → 5로 보정
[Turn 10, Step 70] Agent: 공격 - Azure Drake[4/4] -> Rexxar
[Turn 10, Step 71] Agent: 유효하지 않은 액션 인덱스(87) → 6로 보정
[Turn 10, Step 71] Agent: 공격 - Sea Giant[8/7] -> Ultrasaur
[Turn 10, Step 72] Agent: 유효하지 않은 액션 인덱스(8) → 3로 보정
[Turn 10, Step 72] Agent: 공격 - Azure Explorer[2/3] -> Rexxar
[Turn 10, Step 73] Agent: 유효하지 않은 액션 인덱스(82) → 2로 보정
[Turn 10, Step 73] Agent: 카드 플레이 - Faithful Lumi (코스트: 1)
[Turn 10, Step 74] Agent: 유효하지 않은 액션 인덱스(66) → 0로 보정
[Turn 10, Step 74] Agent: 턴 종료

[Turn 10] === Opponent's Turn ===
[Turn 10, Step 74] Opponent: 카드 플레이 - Ultrasaur (코스트: 10)
[Turn 10, Step 74] Opponent: 턴 종료

--- Game State (Turn 10, Step 75) ---
Agent: Jaina Proudmoore HP: 9, Mana: 10/10
  Hand (3): Ogre Magi, Gilnean Royal Guard, Xavius
  Field: Azure Explorer[2/3], Azure Drake[4/4], Knife Juggler[2/2], River Crocolisk[2/3], Faithful Lumi[1/1]
Opponent: Rexxar HP: 4, Mana: 0/10
  Hand (9)
  Field: Ultrasaur[7/14]
[Turn 10, Step 75] Agent: 유효하지 않은 액션 인덱스(72) → 6로 보정
[Turn 10, Step 75] Agent: 영웅 능력 사용 -> Azure Explorer
[Turn 10, Step 76] Agent: 유효하지 않은 액션 인덱스(82) → 12로 보정
[Turn 10, Step 76] Agent: 공격 - Faithful Lumi[1/1] -> Rexxar
[Turn 10, Step 77] Agent: 유효하지 않은 액션 인덱스(20) → 8로 보정
[Turn 10, Step 77] Agent: 공격 - Knife Juggler[2/2] -> Rexxar
[Turn 10, Step 78] Agent: 유효하지 않은 액션 인덱스(42) → 2로 보정
[Turn 10, Step 78] Agent: 카드 플레이 - Gilnean Royal Guard (코스트: 8)

--- Game State (Turn 10, Step 79) ---
Agent: Jaina Proudmoore HP: 9, Mana: 0/10
  Hand (2): Ogre Magi, Xavius
  Field: Azure Explorer[2/2], Azure Drake[4/4], Knife Juggler[2/2], River Crocolisk[2/3], Faithful Lumi[1/1], Gilnean Royal Guard[3/8]
Opponent: Rexxar HP: 0, Mana: 0/10
  Hand (9)
  Field: Ultrasaur[7/14]

============================================================
게임 종료 - Terminated: True, Truncated: False
승자: Agent
============================================================

