============================================================
NEW GAME STARTED
Agent: HERO_08 vs Opponent: HERO_05
Action Masking: OFF
Masking Expected: OFF
============================================================
[Turn 1, Step 0] Agent: 턴 종료

[Turn 1] === Opponent's Turn ===
[Turn 1, Step 0] Opponent: 턴 종료
[Turn 2, Step 1] Agent: 카드 플레이 - Transmogrifier (코스트: 2)
[Turn 2, Step 2] Agent: 턴 종료

[Turn 2] === Opponent's Turn ===
[Turn 2, Step 2] Opponent: 카드 플레이 - Jeweled Scarab (코스트: 2)
[Turn 2, Step 2] Opponent: 선택 - Fire Hawk
[Turn 2, Step 2] Opponent: 카드 플레이 - The Coin (코스트: 0)
[Turn 2, Step 2] Opponent: 카드 플레이 - Jar Dealer (코스트: 1)
[Turn 2, Step 2] Opponent: 턴 종료
[Turn 3, Step 3] Agent: 카드 플레이 - Apexis Smuggler (코스트: 2)
[Turn 3, Step 4] Agent: 공격 - Transmogrifier[2/3] -> Rexxar

--- Game State (Turn 3, Step 5) ---
Agent: Jaina Proudmoore HP: 30, Mana: 1/3
  Hand (4): Griftah, Meteorologist, Zephrys the Great, Ragnaros the Firelord
  Field: Transmogrifier[2/3], Apexis Smuggler[2/3]
Opponent: Rexxar HP: 28, Mana: 0/2
  Hand (5)
  Field: Jeweled Scarab[1/1], Jar Dealer[1/1]
[Turn 3, Step 5] Agent: 턴 종료

[Turn 3] === Opponent's Turn ===
[Turn 3, Step 5] Opponent: 카드 플레이 - Pterrordax Hatchling (코스트: 3)
[Turn 3, Step 5] Opponent: 선택 - Flaming Claws
[Turn 3, Step 5] Opponent: 공격 - Jeweled Scarab[1/1] -> Transmogrifier
[Turn 3, Step 5] Opponent: 공격 - Jar Dealer[1/1] -> Apexis Smuggler
[Turn 3, Step 5] Opponent: 턴 종료
[Turn 4, Step 6] Agent: 카드 플레이 - Griftah (코스트: 4)
[Turn 4, Step 7] Agent: 선택 - Fencing Coach
[Turn 4, Step 7] Agent: 선택 - Fire Plume Phoenix
[Turn 4, Step 7] Agent: 턴 종료

[Turn 4] === Opponent's Turn ===
[Turn 4, Step 7] Opponent: 공격 - Pterrordax Hatchling[5/2] -> Jaina Proudmoore
[Turn 4, Step 7] Opponent: 카드 플레이 - Fire Plume Phoenix -> Pterrordax Hatchling (코스트: 4)
[Turn 4, Step 7] Opponent: 턴 종료
[Turn 5, Step 8] Agent: 카드 플레이 - Zephrys the Great (코스트: 2)
[Turn 5, Step 9] Agent: 카드 플레이 - Fencing Coach (코스트: 3)

--- Game State (Turn 5, Step 10) ---
Agent: Jaina Proudmoore HP: 25, Mana: 0/5
  Hand (4): Meteorologist, Ragnaros the Firelord, Krag'wa, the Frog, Veranus
  Field: Transmogrifier[2/2], Apexis Smuggler[2/2], Griftah[4/5], Zephrys the Great[3/2], Fencing Coach[2/2]
Opponent: Rexxar HP: 28, Mana: 0/4
  Hand (7)
  Field: Fire Plume Phoenix[3/3]
[Turn 5, Step 10] Agent: 영웅 능력 사용 -> Jaina Proudmoore
[Turn 5, Step 11] Agent: 공격 - Transmogrifier[2/2] -> Rexxar
[Turn 5, Step 12] Agent: 공격 - Apexis Smuggler[2/2] -> Rexxar
[Turn 5, Step 13] Agent: 공격 - Griftah[4/5] -> Rexxar
[Turn 5, Step 14] Agent: 턴 종료

[Turn 5] === Opponent's Turn ===
[Turn 5, Step 14] Opponent: 공격 - Fire Plume Phoenix[3/3] -> Fencing Coach
[Turn 5, Step 14] Opponent: 카드 플레이 - Abusive Sergeant -> Transmogrifier (코스트: 1)
[Turn 5, Step 14] Opponent: 카드 플레이 - Toxicologist (코스트: 2)
[Turn 5, Step 14] Opponent: 카드 플레이 - Pompous Thespian (코스트: 2)
[Turn 5, Step 14] Opponent: 턴 종료

--- Game State (Turn 6, Step 15) ---
Agent: Jaina Proudmoore HP: 24, Mana: 6/6
  Hand (5): Meteorologist, Ragnaros the Firelord, Krag'wa, the Frog, Veranus, Deathwing
  Field: Transmogrifier[2/2], Apexis Smuggler[2/2], Griftah[4/5], Zephrys the Great[3/2]
Opponent: Rexxar HP: 20, Mana: 0/5
  Hand (5)
  Field: Fire Plume Phoenix[3/1], Abusive Sergeant[1/1], Toxicologist[2/2], Pompous Thespian[3/2]
[Turn 6, Step 15] Agent: 카드 플레이 - Meteorologist (코스트: 6)
[Turn 6, Step 16] Agent: 공격 - Transmogrifier[2/2] -> Pompous Thespian
[Turn 6, Step 17] Agent: 공격 - Apexis Smuggler[2/2] -> Rexxar
[Turn 6, Step 18] Agent: 공격 - Griftah[4/5] -> Rexxar
[Turn 6, Step 19] Agent: 공격 - Zephrys the Great[3/2] -> Rexxar

--- Game State (Turn 6, Step 20) ---
Agent: Jaina Proudmoore HP: 24, Mana: 0/6
  Hand (4): Ragnaros the Firelord, Krag'wa, the Frog, Veranus, Deathwing
  Field: Apexis Smuggler[2/2], Griftah[4/5], Zephrys the Great[3/2], Meteorologist[3/3]
Opponent: Rexxar HP: 11, Mana: 0/5
  Hand (5)
[Turn 6, Step 20] Agent: 턴 종료

[Turn 6] === Opponent's Turn ===
[Turn 6, Step 20] Opponent: 카드 플레이 - Evasive Feywing (코스트: 4)
[Turn 6, Step 20] Opponent: 턴 종료
[Turn 7, Step 21] Agent: 카드 플레이 - Krag'wa, the Frog (코스트: 6)
[Turn 7, Step 22] Agent: 공격 - Apexis Smuggler[2/2] -> Rexxar
[Turn 7, Step 23] Agent: 공격 - Griftah[4/5] -> Rexxar
[Turn 7, Step 24] Agent: 공격 - Zephrys the Great[3/2] -> Rexxar

--- Game State (Turn 7, Step 25) ---
Agent: Jaina Proudmoore HP: 24, Mana: 1/7
  Hand (4): Ragnaros the Firelord, Veranus, Deathwing, Hench-Clan Hogsteed
  Field: Apexis Smuggler[2/2], Griftah[4/5], Zephrys the Great[3/2], Meteorologist[3/3], Krag'wa, the Frog[4/6]
Opponent: Rexxar HP: 2, Mana: 2/6
  Hand (5)
  Field: Evasive Feywing[5/4]
[Turn 7, Step 25] Agent: 공격 - Meteorologist[3/3] -> Rexxar

--- Game State (Turn 7, Step 26) ---
Agent: Jaina Proudmoore HP: 24, Mana: 1/7
  Hand (4): Ragnaros the Firelord, Veranus, Deathwing, Hench-Clan Hogsteed
  Field: Apexis Smuggler[2/2], Griftah[4/5], Zephrys the Great[3/2], Meteorologist[3/3], Krag'wa, the Frog[4/6]
Opponent: Rexxar HP: 0, Mana: 2/6
  Hand (5)
  Field: Evasive Feywing[5/4]

============================================================
게임 종료 - Terminated: True, Truncated: False
승자: Agent
============================================================

