============================================================
NEW GAME STARTED
Agent: HERO_08 vs Opponent: HERO_05
Action Masking: ON
Masking Expected: ON
============================================================

[Turn 1] === Opponent's Turn ===
[Turn 1, Step 0] Opponent: 턴 종료
[Turn 1, Step 1] Agent: 턴 종료

[Turn 1] === Opponent's Turn ===
[Turn 1, Step 1] Opponent: 카드 플레이 - Zephrys the Great (코스트: 2)
[Turn 1, Step 1] Opponent: 선택 - Twilight Drake
[Turn 1, Step 1] Opponent: 턴 종료
[Turn 2, Step 2] Agent: 카드 플레이 - Tuskarr Fisherman (코스트: 2)
[Turn 2, Step 3] Agent: 턴 종료

[Turn 2] === Opponent's Turn ===
[Turn 2, Step 3] Opponent: 공격 - Zephrys the Great[3/2] -> Jaina Proudmoore
[Turn 2, Step 3] Opponent: 영웅 능력 사용
[Turn 2, Step 3] Opponent: 턴 종료
[Turn 3, Step 4] Agent: 카드 플레이 - Pumpkin Peasant (코스트: 3)

--- Game State (Turn 3, Step 5) ---
Agent: Jaina Proudmoore HP: 25, Mana: 0/3
  Hand (6): Walnut Sprite, Mirror Image, Argent Squire, Blowtorch Saboteur, The Coin, Unpowered Steambot
  Field: Tuskarr Fisherman[2/3], Pumpkin Peasant[2/4]
Opponent: Rexxar HP: 30, Mana: 1/3
  Hand (6)
  Field: Zephrys the Great[3/2]
[Turn 3, Step 5] Agent: 공격 - Tuskarr Fisherman[2/3] -> Zephrys the Great
[Turn 3, Step 6] Agent: 카드 플레이 - The Coin (코스트: 0)
[Turn 3, Step 7] Agent: 카드 플레이 - Argent Squire (코스트: 1)
[Turn 3, Step 8] Agent: 턴 종료

[Turn 3] === Opponent's Turn ===
[Turn 3, Step 8] Opponent: 턴 종료
[Turn 4, Step 9] Agent: 영웅 능력 사용 -> Pumpkin Peasant

--- Game State (Turn 4, Step 10) ---
Agent: Jaina Proudmoore HP: 25, Mana: 2/4
  Hand (5): Walnut Sprite, Mirror Image, Blowtorch Saboteur, Unpowered Steambot, Fungalmancer
  Field: Pumpkin Peasant[2/3], Argent Squire[1/1]
Opponent: Rexxar HP: 30, Mana: 4/4
  Hand (7)
[Turn 4, Step 10] Agent: 카드 플레이 - Mirror Image (코스트: 1)
[Turn 4, Step 11] Agent: 공격 - Argent Squire[1/1] -> Rexxar
[Turn 4, Step 12] Agent: 공격 - Pumpkin Peasant[2/3] -> Rexxar
[Turn 4, Step 13] Agent: 턴 종료

[Turn 4] === Opponent's Turn ===
[Turn 4, Step 13] Opponent: 카드 플레이 - Infested Goblin (코스트: 3)
[Turn 4, Step 13] Opponent: 카드 플레이 - Unpowered Mauler (코스트: 2)
[Turn 4, Step 13] Opponent: 턴 종료
[Turn 5, Step 14] Agent: 영웅 능력 사용 -> Rexxar

--- Game State (Turn 5, Step 15) ---
Agent: Jaina Proudmoore HP: 27, Mana: 3/5
  Hand (5): Walnut Sprite, Blowtorch Saboteur, Unpowered Steambot, Fungalmancer, Sewer Crawler
  Field: Pumpkin Peasant[2/3], Argent Squire[1/1], Mirror Image[0/2], Mirror Image[0/2]
Opponent: Rexxar HP: 26, Mana: 0/5
  Hand (6)
  Field: Infested Goblin[2/3], Unpowered Mauler[2/4]
[Turn 5, Step 15] Agent: 카드 플레이 - Walnut Sprite (코스트: 3)
[Turn 5, Step 16] Agent: 공격 - Pumpkin Peasant[2/3] -> Infested Goblin
[Turn 5, Step 17] Agent: 턴 종료

[Turn 5] === Opponent's Turn ===
[Turn 5, Step 17] Opponent: 카드 플레이 - Master Jouster (코스트: 6)
[Turn 5, Step 17] Opponent: 턴 종료
[Turn 6, Step 18] Agent: 영웅 능력 사용 -> Jaina Proudmoore
[Turn 6, Step 19] Agent: 턴 종료

[Turn 6] === Opponent's Turn ===
[Turn 6, Step 19] Opponent: 공격 - Master Jouster[5/6] -> Mirror Image
[Turn 6, Step 19] Opponent: 턴 종료

--- Game State (Turn 7, Step 20) ---
Agent: Jaina Proudmoore HP: 28, Mana: 7/7
  Hand (6): Blowtorch Saboteur, Unpowered Steambot, Fungalmancer, Sewer Crawler, Bonemare, Saboteur
  Field: Pumpkin Peasant[2/1], Argent Squire[1/1], Mirror Image[0/2], Walnut Sprite[3/3]
Opponent: Rexxar HP: 26, Mana: 7/7
  Hand (7)
  Field: Infested Goblin[2/1], Unpowered Mauler[2/4], Master Jouster[5/6]
[Turn 7, Step 20] Agent: 카드 플레이 - Blowtorch Saboteur (코스트: 3)
[Turn 7, Step 21] Agent: 공격 - Walnut Sprite[3/3] -> Infested Goblin
[Turn 7, Step 22] Agent: 영웅 능력 사용 -> Mirror Image
[Turn 7, Step 23] Agent: 공격 - Pumpkin Peasant[2/1] -> Master Jouster
[Turn 7, Step 24] Agent: 턴 종료

[Turn 7] === Opponent's Turn ===
[Turn 7, Step 24] Opponent: 턴 종료

--- Game State (Turn 8, Step 25) ---
Agent: Jaina Proudmoore HP: 28, Mana: 8/8
  Hand (6): Unpowered Steambot, Fungalmancer, Sewer Crawler, Bonemare, Saboteur, Hozen Healer
  Field: Argent Squire[1/1], Mirror Image[0/1], Walnut Sprite[3/1], Blowtorch Saboteur[3/4]
Opponent: Rexxar HP: 26, Mana: 8/8
  Hand (10)
  Field: Unpowered Mauler[2/4], Master Jouster[5/6]
[Turn 8, Step 25] Agent: 카드 플레이 - Hozen Healer -> Master Jouster (코스트: 4)
[Turn 8, Step 26] Agent: 턴 종료

[Turn 8] === Opponent's Turn ===
[Turn 8, Step 26] Opponent: 공격 - Master Jouster[5/6] -> Mirror Image
[Turn 8, Step 26] Opponent: 카드 플레이 - Scarab (코스트: 1)
[Turn 8, Step 26] Opponent: 턴 종료
[Turn 9, Step 27] Agent: 카드 플레이 - Bonemare -> Hozen Healer (코스트: 8)
[Turn 9, Step 28] Agent: 턴 종료

[Turn 9] === Opponent's Turn ===
[Turn 9, Step 28] Opponent: 카드 플레이 - Twilight Drake (코스트: 4)
[Turn 9, Step 28] Opponent: 카드 플레이 - Scarab (코스트: 1)
[Turn 9, Step 28] Opponent: 영웅 능력 사용
[Turn 9, Step 28] Opponent: 공격 - Scarab[1/1] -> Hozen Healer
[Turn 9, Step 28] Opponent: 공격 - Master Jouster[5/6] -> Hozen Healer
[Turn 9, Step 28] Opponent: 턴 종료
[Turn 10, Step 29] Agent: 공격 - Bonemare[5/5] -> Scarab

--- Game State (Turn 10, Step 30) ---
Agent: Jaina Proudmoore HP: 26, Mana: 10/10
  Hand (6): Unpowered Steambot, Fungalmancer, Sewer Crawler, Saboteur, Arcane Giant, Walnut Sprite
  Field: Argent Squire[1/1], Walnut Sprite[3/1], Blowtorch Saboteur[3/4], Hozen Healer[6/4], Bonemare[5/4]
Opponent: Rexxar HP: 26, Mana: 3/10
  Hand (8)
  Field: Unpowered Mauler[2/4], Twilight Drake[4/10]
[Turn 10, Step 30] Agent: 영웅 능력 사용 -> Unpowered Mauler
[Turn 10, Step 31] Agent: 카드 플레이 - Saboteur (코스트: 3)
[Turn 10, Step 32] Agent: 카드 플레이 - Walnut Sprite (코스트: 3)
[Turn 10, Step 33] Agent: 공격 - Argent Squire[1/1] -> Rexxar
[Turn 10, Step 34] Agent: 턴 종료

[Turn 10] === Opponent's Turn ===
[Turn 10, Step 34] Opponent: 카드 플레이 - Rhok'delar (코스트: 7)
[Turn 10, Step 34] Opponent: 카드 플레이 - Silent Knight (코스트: 3)
[Turn 10, Step 34] Opponent: 공격 - Twilight Drake[4/10] -> Hozen Healer
[Turn 10, Step 34] Opponent: 공격 - Rexxar[4/25] -> Argent Squire
[Turn 10, Step 34] Opponent: 턴 종료

--- Game State (Turn 10, Step 35) ---
Agent: Jaina Proudmoore HP: 26, Mana: 10/10
  Hand (5): Unpowered Steambot, Fungalmancer, Sewer Crawler, Arcane Giant, Gurubashi Chicken
  Field: Argent Squire[1/1], Walnut Sprite[3/1], Blowtorch Saboteur[3/4], Bonemare[5/4], Saboteur[4/3], Walnut Sprite[3/3]
Opponent: Rexxar HP: 24, Mana: 0/10
  Hand (7)
  Field: Unpowered Mauler[2/3], Twilight Drake[4/4], Silent Knight[2/2]
[Turn 10, Step 35] Agent: 공격 - Argent Squire[1/1] -> Unpowered Mauler
[Turn 10, Step 36] Agent: 공격 - Walnut Sprite[3/3] -> Rexxar
[Turn 10, Step 37] Agent: 공격 - Saboteur[4/3] -> Rexxar
[Turn 10, Step 38] Agent: 영웅 능력 사용 -> Walnut Sprite
[Turn 10, Step 39] Agent: 공격 - Blowtorch Saboteur[3/4] -> Unpowered Mauler

--- Game State (Turn 10, Step 40) ---
Agent: Jaina Proudmoore HP: 26, Mana: 8/10
  Hand (5): Unpowered Steambot, Fungalmancer, Sewer Crawler, Arcane Giant, Gurubashi Chicken
  Field: Blowtorch Saboteur[3/2], Bonemare[5/4], Saboteur[4/3], Walnut Sprite[3/3]
Opponent: Rexxar HP: 17, Mana: 0/10
  Hand (7)
  Field: Twilight Drake[4/4], Silent Knight[2/2]
[Turn 10, Step 40] Agent: 공격 - Bonemare[5/4] -> Rexxar
[Turn 10, Step 41] Agent: 카드 플레이 - Unpowered Steambot (코스트: 4)
[Turn 10, Step 42] Agent: 턴 종료

[Turn 10] === Opponent's Turn ===
[Turn 10, Step 42] Opponent: 턴 종료
[Turn 10, Step 43] Agent: 영웅 능력 사용 -> Blowtorch Saboteur
[Turn 10, Step 44] Agent: 공격 - Walnut Sprite[3/3] -> Twilight Drake

--- Game State (Turn 10, Step 45) ---
Agent: Jaina Proudmoore HP: 26, Mana: 8/10
  Hand (5): Cyclopian Horror, Fungalmancer, Sewer Crawler, Arcane Giant, Gurubashi Chicken
  Field: Blowtorch Saboteur[3/1], Bonemare[5/4], Saboteur[4/3], Unpowered Steambot[0/9]
Opponent: Rexxar HP: 12, Mana: 10/10
  Hand (8)
  Field: Twilight Drake[4/1], Silent Knight[2/2]
[Turn 10, Step 45] Agent: 카드 플레이 - Fungalmancer (코스트: 5)
[Turn 10, Step 46] Agent: 공격 - Saboteur[4/3] -> Twilight Drake
[Turn 10, Step 47] Agent: 턴 종료

[Turn 10] === Opponent's Turn ===
[Turn 10, Step 47] Opponent: 턴 종료
[Turn 10, Step 48] Agent: 공격 - Blowtorch Saboteur[3/1] -> Rexxar
[Turn 10, Step 49] Agent: 영웅 능력 사용 -> Fungalmancer

--- Game State (Turn 10, Step 50) ---
Agent: Jaina Proudmoore HP: 26, Mana: 8/10
  Hand (5): Cyclopian Horror, Sewer Crawler, Arcane Giant, Gurubashi Chicken, Soulbound Ashtongue
  Field: Blowtorch Saboteur[3/1], Bonemare[5/4], Unpowered Steambot[2/11], Fungalmancer[2/1]
Opponent: Rexxar HP: 9, Mana: 10/10
  Hand (9)
  Field: Silent Knight[2/2]
[Turn 10, Step 50] Agent: 공격 - Fungalmancer[2/1] -> Rexxar
[Turn 10, Step 51] Agent: 공격 - Unpowered Steambot[2/11] -> Rexxar
[Turn 10, Step 52] Agent: 카드 플레이 - Sewer Crawler (코스트: 3)
[Turn 10, Step 53] Agent: 공격 - Bonemare[5/4] -> Rexxar

--- Game State (Turn 10, Step 54) ---
Agent: Jaina Proudmoore HP: 26, Mana: 5/10
  Hand (4): Cyclopian Horror, Arcane Giant, Gurubashi Chicken, Soulbound Ashtongue
  Field: Blowtorch Saboteur[3/1], Bonemare[5/4], Unpowered Steambot[2/11], Fungalmancer[2/1], Sewer Crawler[1/1], Giant Rat[2/3]
Opponent: Rexxar HP: 0, Mana: 10/10
  Hand (9)
  Field: Silent Knight[2/2]

============================================================
게임 종료 - Terminated: True, Truncated: False
승자: Agent
============================================================

