============================================================
NEW GAME STARTED
Agent: HERO_08 vs Opponent: HERO_05
Action Masking: OFF
Masking Expected: OFF
============================================================
[Turn 1, Step 0] Agent: 턴 종료

[Turn 1] === Opponent's Turn ===
[Turn 1, Step 0] Opponent: 카드 플레이 - Mecharoo (코스트: 1)
[Turn 1, Step 0] Opponent: 카드 플레이 - The Coin (코스트: 0)
[Turn 1, Step 0] Opponent: 카드 플레이 - Fire Fly (코스트: 1)
[Turn 1, Step 0] Opponent: 턴 종료
[Turn 2, Step 1] Agent: 카드 플레이 - Spellbook Binder (코스트: 2)
[Turn 2, Step 2] Agent: 턴 종료

[Turn 2] === Opponent's Turn ===
[Turn 2, Step 2] Opponent: 영웅 능력 사용
[Turn 2, Step 2] Opponent: 공격 - Fire Fly[1/2] -> Jaina Proudmoore
[Turn 2, Step 2] Opponent: 공격 - Mecharoo[1/1] -> Spellbook Binder
[Turn 2, Step 2] Opponent: 턴 종료
[Turn 3, Step 3] Agent: 카드 플레이 - Cinderstorm (코스트: 3)
[Turn 3, Step 4] Agent: 공격 - Spellbook Binder[3/1] -> Rexxar

--- Game State (Turn 3, Step 5) ---
Agent: Jaina Proudmoore HP: 27, Mana: 0/3
  Hand (4): Mechanical Yeti, Tomb Lurker, Kodorider, Fallen Hero
  Field: Spellbook Binder[3/1]
Opponent: Rexxar HP: 25, Mana: 0/2
  Hand (5)
[Turn 3, Step 5] Agent: 턴 종료

[Turn 3] === Opponent's Turn ===
[Turn 3, Step 5] Opponent: 카드 플레이 - Flame Elemental (코스트: 1)
[Turn 3, Step 5] Opponent: 카드 플레이 - Toxic Arrow -> Spellbook Binder (코스트: 2)
[Turn 3, Step 5] Opponent: 턴 종료
[Turn 4, Step 6] Agent: 카드 플레이 - Mechanical Yeti (코스트: 4)
[Turn 4, Step 7] Agent: 턴 종료

[Turn 4] === Opponent's Turn ===
[Turn 4, Step 7] Opponent: 카드 플레이 - Lifedrinker (코스트: 4)
[Turn 4, Step 7] Opponent: 공격 - Flame Elemental[1/2] -> Mechanical Yeti
[Turn 4, Step 7] Opponent: 턴 종료
[Turn 5, Step 8] Agent: 카드 플레이 - Tomb Lurker (코스트: 5)
[Turn 5, Step 9] Agent: 공격 - Mechanical Yeti[4/4] -> Rexxar

--- Game State (Turn 5, Step 10) ---
Agent: Jaina Proudmoore HP: 24, Mana: 0/5
  Hand (5): Kodorider, Fallen Hero, Grimscale Oracle, Kael'thas Sunstrider, Mecharoo
  Field: Mechanical Yeti[4/4], Tomb Lurker[5/3]
Opponent: Rexxar HP: 24, Mana: 0/4
  Hand (4)
  Field: Lifedrinker[3/3]
[Turn 5, Step 10] Agent: 턴 종료

[Turn 5] === Opponent's Turn ===
[Turn 5, Step 10] Opponent: 카드 플레이 - Spellbreaker -> Lifedrinker (코스트: 4)
[Turn 5, Step 10] Opponent: 공격 - Lifedrinker[3/3] -> Mechanical Yeti
[Turn 5, Step 10] Opponent: 턴 종료
[Turn 6, Step 11] Agent: 카드 플레이 - Kodorider (코스트: 6)
[Turn 6, Step 12] Agent: 공격 - Mechanical Yeti[4/1] -> Rexxar
[Turn 6, Step 13] Agent: 공격 - Tomb Lurker[5/3] -> Rexxar
[Turn 6, Step 14] Agent: 턴 종료

[Turn 6] === Opponent's Turn ===
[Turn 6, Step 14] Opponent: 공격 - Spellbreaker[4/3] -> Kodorider
[Turn 6, Step 14] Opponent: 턴 종료

--- Game State (Turn 7, Step 15) ---
Agent: Jaina Proudmoore HP: 24, Mana: 7/7
  Hand (6): Fallen Hero, Grimscale Oracle, Kael'thas Sunstrider, Mecharoo, Mirror Image, Cloud Prince
  Field: Mechanical Yeti[4/1], Tomb Lurker[5/3], Kodorider[3/1]
Opponent: Rexxar HP: 15, Mana: 6/6
  Hand (5)
[Turn 7, Step 15] Agent: 카드 플레이 - Fallen Hero (코스트: 2)
[Turn 7, Step 16] Agent: 카드 플레이 - Grimscale Oracle (코스트: 1)
[Turn 7, Step 17] Agent: 카드 플레이 - Mecharoo (코스트: 1)
[Turn 7, Step 18] Agent: 카드 플레이 - Mirror Image (코스트: 1)
[Turn 7, Step 19] Agent: 영웅 능력 사용 -> Jaina Proudmoore

--- Game State (Turn 7, Step 20) ---
Agent: Jaina Proudmoore HP: 22, Mana: 0/7
  Hand (2): Kael'thas Sunstrider, Cloud Prince
  Field: Mechanical Yeti[4/1], Tomb Lurker[5/3], Kodorider[3/1], Fallen Hero[3/2], Grimscale Oracle[1/1], Mecharoo[1/1], Mirror Image[0/2]
Opponent: Rexxar HP: 15, Mana: 6/6
  Hand (5)
[Turn 7, Step 20] Agent: 공격 - Mechanical Yeti[4/1] -> Rexxar
[Turn 7, Step 21] Agent: 공격 - Tomb Lurker[5/3] -> Rexxar
[Turn 7, Step 22] Agent: 공격 - Kodorider[3/1] -> Rexxar
[Turn 7, Step 23] Agent: 턴 종료

[Turn 7] === Opponent's Turn ===
[Turn 7, Step 23] Opponent: 카드 플레이 - Arcane Shot -> Mechanical Yeti (코스트: 1)
[Turn 7, Step 23] Opponent: 턴 종료
[Turn 8, Step 24] Agent: 카드 플레이 - Kael'thas Sunstrider (코스트: 7)

--- Game State (Turn 8, Step 25) ---
Agent: Jaina Proudmoore HP: 22, Mana: 1/8
  Hand (3): Cloud Prince, Whirling Blades, Lotus Agents
  Field: Tomb Lurker[5/3], Kodorider[3/1], Fallen Hero[3/2], Grimscale Oracle[1/1], Mecharoo[1/1], Mirror Image[0/2], Kael'thas Sunstrider[4/7]
Opponent: Rexxar HP: 3, Mana: 6/7
  Hand (6)
[Turn 8, Step 25] Agent: 카드 플레이 - Whirling Blades -> Tomb Lurker (코스트: 1)
[Turn 8, Step 26] Agent: 공격 - Tomb Lurker[6/3] -> Rexxar

--- Game State (Turn 8, Step 27) ---
Agent: Jaina Proudmoore HP: 22, Mana: 0/8
  Hand (2): Cloud Prince, Lotus Agents
  Field: Tomb Lurker[6/3], Kodorider[3/1], Fallen Hero[3/2], Grimscale Oracle[1/1], Mecharoo[1/1], Mirror Image[0/2], Kael'thas Sunstrider[4/7]
Opponent: Rexxar HP: 0, Mana: 6/7
  Hand (6)

============================================================
게임 종료 - Terminated: True, Truncated: False
승자: Agent
============================================================

