============================================================
NEW GAME STARTED
Agent: HERO_08 vs Opponent: HERO_05
Action Masking: OFF
============================================================

[Turn 1] === Opponent's Turn ===
[Turn 1, Step 0] Opponent: 카드 플레이 - Snowflipper Penguin (코스트: 0)
[Turn 1, Step 0] Opponent: 턴 종료
[Turn 1, Step 1] Agent: 유효하지 않은 액션 인덱스(62) → 2로 보정
[Turn 1, Step 1] Agent: 카드 플레이 - The Coin (코스트: 0)
[Turn 1, Step 2] Agent: 유효하지 않은 액션 인덱스(51) → 3로 보정
[Turn 1, Step 2] Agent: 영웅 능력 사용 -> Jaina Proudmoore
[Turn 1, Step 3] Agent: 유효하지 않은 액션 인덱스(33) → 0로 보정
[Turn 1, Step 3] Agent: 턴 종료

[Turn 1] === Opponent's Turn ===
[Turn 1, Step 3] Opponent: 카드 플레이 - Amani Berserker (코스트: 2)
[Turn 1, Step 3] Opponent: 공격 - Snowflipper Penguin[1/1] -> Jaina Proudmoore
[Turn 1, Step 3] Opponent: 턴 종료
[Turn 2, Step 4] Agent: 유효하지 않은 액션 인덱스(12) → 5로 보정
[Turn 2, Step 4] Agent: 영웅 능력 사용 -> Snowflipper Penguin

--- Game State (Turn 2, Step 5) ---
Agent: Jaina Proudmoore HP: 28, Mana: 0/2
  Hand (6): Wax Elemental, Anubisath Warbringer, Ship's Cannon, Wee Spellstopper, Reno Jackson, Bone Wraith
Opponent: Rexxar HP: 30, Mana: 0/2
  Hand (3)
  Field: Amani Berserker[2/3]
[Turn 2, Step 5] Agent: 유효하지 않은 액션 인덱스(20) → 0로 보정
[Turn 2, Step 5] Agent: 턴 종료

[Turn 2] === Opponent's Turn ===
[Turn 2, Step 5] Opponent: 공격 - Amani Berserker[2/3] -> Jaina Proudmoore
[Turn 2, Step 5] Opponent: 턴 종료
[Turn 3, Step 6] Agent: 유효하지 않은 액션 인덱스(66) → 3로 보정
[Turn 3, Step 6] Agent: 카드 플레이 - Sunreaver Spy (코스트: 2)
[Turn 3, Step 7] Agent: 유효하지 않은 액션 인덱스(20) → 0로 보정
[Turn 3, Step 7] Agent: 턴 종료

[Turn 3] === Opponent's Turn ===
[Turn 3, Step 7] Opponent: 카드 플레이 - Violet Spellsword (코스트: 4)
[Turn 3, Step 7] Opponent: 공격 - Amani Berserker[2/3] -> Sunreaver Spy
[Turn 3, Step 7] Opponent: 턴 종료
[Turn 4, Step 8] Agent: 유효하지 않은 액션 인덱스(49) → 10로 보정
[Turn 4, Step 8] Agent: 공격 - Sunreaver Spy[2/1] -> Rexxar
[Turn 4, Step 9] Agent: 유효하지 않은 액션 인덱스(54) → 4로 보정
[Turn 4, Step 9] Agent: 카드 플레이 - Bone Wraith (코스트: 4)

--- Game State (Turn 4, Step 10) ---
Agent: Jaina Proudmoore HP: 26, Mana: 0/4
  Hand (6): Wax Elemental, Anubisath Warbringer, Ship's Cannon, Wee Spellstopper, Reno Jackson, Master Oakheart
  Field: Sunreaver Spy[2/1], Bone Wraith[2/5]
Opponent: Rexxar HP: 28, Mana: 0/4
  Hand (4)
  Field: Amani Berserker[5/1], Violet Spellsword[1/6]
[Turn 4, Step 10] Agent: 유효하지 않은 액션 인덱스(97) → 0로 보정
[Turn 4, Step 10] Agent: 턴 종료

[Turn 4] === Opponent's Turn ===
[Turn 4, Step 10] Opponent: 턴 종료
[Turn 5, Step 11] Agent: 유효하지 않은 액션 인덱스(54) → 3로 보정
[Turn 5, Step 11] Agent: 카드 플레이 - Ship's Cannon (코스트: 2)
[Turn 5, Step 12] Agent: 유효하지 않은 액션 인덱스(33) → 3로 보정
[Turn 5, Step 12] Agent: 영웅 능력 사용 -> Rexxar
[Turn 5, Step 13] Agent: 공격 - Bone Wraith[2/5] -> Rexxar
[Turn 5, Step 14] Agent: 유효하지 않은 액션 인덱스(63) → 3로 보정
[Turn 5, Step 14] Agent: 공격 - Sunreaver Spy[2/1] -> Amani Berserker

--- Game State (Turn 5, Step 15) ---
Agent: Jaina Proudmoore HP: 26, Mana: 1/5
  Hand (6): Mimiron's Head, Wax Elemental, Anubisath Warbringer, Wee Spellstopper, Reno Jackson, Master Oakheart
  Field: Bone Wraith[2/5], Ship's Cannon[2/3]
Opponent: Rexxar HP: 25, Mana: 5/5
  Hand (5)
  Field: Violet Spellsword[1/6]
[Turn 5, Step 15] Agent: 유효하지 않은 액션 인덱스(97) → 1로 보정
[Turn 5, Step 15] Agent: 카드 플레이 - Wax Elemental (코스트: 1)
[Turn 5, Step 16] Agent: 유효하지 않은 액션 인덱스(87) → 0로 보정
[Turn 5, Step 16] Agent: 턴 종료

[Turn 5] === Opponent's Turn ===
[Turn 5, Step 16] Opponent: 공격 - Violet Spellsword[1/6] -> Bone Wraith
[Turn 5, Step 16] Opponent: 카드 플레이 - Tundra Rhino (코스트: 5)
[Turn 5, Step 16] Opponent: 턴 종료
[Turn 6, Step 17] Agent: 유효하지 않은 액션 인덱스(56) → 2로 보정
[Turn 6, Step 17] Agent: 카드 플레이 - Wee Spellstopper (코스트: 4)
[Turn 6, Step 18] Agent: 공격 - Ship's Cannon[2/3] -> Violet Spellsword
[Turn 6, Step 19] Agent: 유효하지 않은 액션 인덱스(12) → 1로 보정
[Turn 6, Step 19] Agent: 영웅 능력 사용 -> Jaina Proudmoore

--- Game State (Turn 6, Step 20) ---
Agent: Jaina Proudmoore HP: 25, Mana: 0/6
  Hand (5): Mimiron's Head, Anubisath Warbringer, Reno Jackson, Master Oakheart, Streetwise Investigator
  Field: Bone Wraith[2/4], Ship's Cannon[2/2], Wax Elemental[0/2], Wee Spellstopper[2/5]
Opponent: Rexxar HP: 25, Mana: 1/6
  Hand (5)
  Field: Violet Spellsword[1/2], Tundra Rhino[2/5]
[Turn 6, Step 20] Agent: 유효하지 않은 액션 인덱스(18) → 2로 보정
[Turn 6, Step 20] Agent: 공격 - Bone Wraith[2/4] -> Violet Spellsword
[Turn 6, Step 21] Agent: 유효하지 않은 액션 인덱스(87) → 0로 보정
[Turn 6, Step 21] Agent: 턴 종료

[Turn 6] === Opponent's Turn ===
[Turn 6, Step 21] Opponent: 영웅 능력 사용
[Turn 6, Step 21] Opponent: 공격 - Tundra Rhino[2/5] -> Bone Wraith
[Turn 6, Step 21] Opponent: 카드 플레이 - Magma Rager (코스트: 3)
[Turn 6, Step 21] Opponent: 카드 플레이 - Swamp Dragon Egg (코스트: 1)
[Turn 6, Step 21] Opponent: 턴 종료
[Turn 7, Step 22] Agent: 유효하지 않은 액션 인덱스(78) → 3로 보정
[Turn 7, Step 22] Agent: 카드 플레이 - Streetwise Investigator (코스트: 5)
[Turn 7, Step 23] Agent: 유효하지 않은 액션 인덱스(56) → 14로 보정
[Turn 7, Step 23] Agent: 공격 - Ship's Cannon[2/2] -> Tundra Rhino
[Turn 7, Step 24] Agent: 유효하지 않은 액션 인덱스(37) → 5로 보정
[Turn 7, Step 24] Agent: 영웅 능력 사용 -> Wee Spellstopper

--- Game State (Turn 7, Step 25) ---
Agent: Jaina Proudmoore HP: 23, Mana: 0/7
  Hand (5): Mimiron's Head, Anubisath Warbringer, Reno Jackson, Master Oakheart, Corrupted Healbot
  Field: Bone Wraith[2/1], Wax Elemental[0/2], Wee Spellstopper[2/4], Streetwise Investigator[4/6]
Opponent: Rexxar HP: 25, Mana: 1/7
  Hand (4)
  Field: Tundra Rhino[2/1], Magma Rager[5/1], Swamp Dragon Egg[0/3]
[Turn 7, Step 25] Agent: 유효하지 않은 액션 인덱스(76) → 4로 보정
[Turn 7, Step 25] Agent: 공격 - Bone Wraith[2/1] -> Swamp Dragon Egg
[Turn 7, Step 26] Agent: 유효하지 않은 액션 인덱스(20) → 0로 보정
[Turn 7, Step 26] Agent: 턴 종료

[Turn 7] === Opponent's Turn ===
[Turn 7, Step 26] Opponent: 공격 - Tundra Rhino[2/1] -> Wax Elemental
[Turn 7, Step 26] Opponent: 턴 종료
[Turn 8, Step 27] Agent: 카드 플레이 - Glacial Shard -> Magma Rager (코스트: 1)
[Turn 8, Step 28] Agent: 턴 종료

[Turn 8] === Opponent's Turn ===
[Turn 8, Step 28] Opponent: 카드 플레이 - Eggnapper (코스트: 3)
[Turn 8, Step 28] Opponent: 공격 - Tundra Rhino[2/1] -> Wax Elemental
[Turn 8, Step 28] Opponent: 카드 플레이 - Stablemaster -> Tundra Rhino (코스트: 3)
[Turn 8, Step 28] Opponent: 턴 종료
[Turn 9, Step 29] Agent: 유효하지 않은 액션 인덱스(83) → 3로 보정
[Turn 9, Step 29] Agent: 카드 플레이 - Reno Jackson (코스트: 6)

--- Game State (Turn 9, Step 30) ---
Agent: Jaina Proudmoore HP: 30, Mana: 3/9
  Hand (5): Mimiron's Head, Anubisath Warbringer, Master Oakheart, Corrupted Healbot, Faithful Lumi
  Field: Bone Wraith[2/1], Wee Spellstopper[2/4], Streetwise Investigator[4/6], Glacial Shard[2/1], Reno Jackson[4/6]
Opponent: Rexxar HP: 25, Mana: 3/9
  Hand (4)
  Field: Tundra Rhino[2/1], Magma Rager[5/1], Swamp Dragon Egg[0/1], Eggnapper[3/1], Stablemaster[4/2]
[Turn 9, Step 30] Agent: 유효하지 않은 액션 인덱스(77) → 5로 보정
[Turn 9, Step 30] Agent: 영웅 능력 사용 -> Wee Spellstopper
[Turn 9, Step 31] Agent: 유효하지 않은 액션 인덱스(28) → 2로 보정
[Turn 9, Step 31] Agent: 공격 - Bone Wraith[2/1] -> Rexxar
[Turn 9, Step 32] Agent: 공격 - Glacial Shard[2/1] -> Stablemaster
[Turn 9, Step 33] Agent: 유효하지 않은 액션 인덱스(93) → 9로 보정
[Turn 9, Step 33] Agent: 공격 - Streetwise Investigator[4/6] -> Magma Rager
[Turn 9, Step 34] Agent: 유효하지 않은 액션 인덱스(33) → 3로 보정
[Turn 9, Step 34] Agent: 공격 - Wee Spellstopper[2/3] -> Tundra Rhino

--- Game State (Turn 9, Step 35) ---
Agent: Jaina Proudmoore HP: 30, Mana: 1/9
  Hand (5): Mimiron's Head, Anubisath Warbringer, Master Oakheart, Corrupted Healbot, Faithful Lumi
  Field: Bone Wraith[2/1], Wee Spellstopper[2/1], Streetwise Investigator[4/1], Reno Jackson[4/6]
Opponent: Rexxar HP: 23, Mana: 3/9
  Hand (4)
  Field: Swamp Dragon Egg[0/1], Eggnapper[3/1]
[Turn 9, Step 35] Agent: 유효하지 않은 액션 인덱스(78) → 0로 보정
[Turn 9, Step 35] Agent: 턴 종료

[Turn 9] === Opponent's Turn ===
[Turn 9, Step 35] Opponent: 카드 플레이 - Cloakscale Chemist (코스트: 2)
[Turn 9, Step 35] Opponent: 카드 플레이 - Evasive Drakonid (코스트: 7)
[Turn 9, Step 35] Opponent: 공격 - Eggnapper[3/1] -> Bone Wraith
[Turn 9, Step 35] Opponent: 턴 종료
[Turn 10, Step 36] Agent: 영웅 능력 사용 -> Reno Jackson
[Turn 10, Step 37] Agent: 공격 - Reno Jackson[4/5] -> Evasive Drakonid
[Turn 10, Step 38] Agent: 공격 - Wee Spellstopper[2/1] -> Evasive Drakonid
[Turn 10, Step 39] Agent: 유효하지 않은 액션 인덱스(19) → 5로 보정
[Turn 10, Step 39] Agent: 공격 - Bone Wraith[2/1] -> Evasive Drakonid

--- Game State (Turn 10, Step 40) ---
Agent: Jaina Proudmoore HP: 30, Mana: 8/10
  Hand (6): Mimiron's Head, Anubisath Warbringer, Master Oakheart, Corrupted Healbot, Faithful Lumi, Igneous Elemental
  Field: Streetwise Investigator[4/1]
Opponent: Rexxar HP: 23, Mana: 1/10
  Hand (3)
  Field: Swamp Dragon Egg[0/1], Raptor[1/1], Raptor[1/1], Cloakscale Chemist[1/2]
[Turn 10, Step 40] Agent: 유효하지 않은 액션 인덱스(97) → 7로 보정
[Turn 10, Step 40] Agent: 공격 - Streetwise Investigator[4/1] -> Raptor
[Turn 10, Step 41] Agent: 유효하지 않은 액션 인덱스(88) → 3로 보정
[Turn 10, Step 41] Agent: 카드 플레이 - Faithful Lumi (코스트: 1)
[Turn 10, Step 42] Agent: 유효하지 않은 액션 인덱스(4) → 0로 보정
[Turn 10, Step 42] Agent: 턴 종료

[Turn 10] === Opponent's Turn ===
[Turn 10, Step 42] Opponent: 카드 플레이 - Bright-Eyed Scout (코스트: 4)
[Turn 10, Step 42] Opponent: 카드 플레이 - Bonemare -> Raptor (코스트: 5)
[Turn 10, Step 42] Opponent: 공격 - Raptor[5/5] -> Jaina Proudmoore
[Turn 10, Step 42] Opponent: 공격 - Cloakscale Chemist[1/2] -> Faithful Lumi
[Turn 10, Step 42] Opponent: 턴 종료
[Turn 10, Step 43] Agent: 영웅 능력 사용 -> Cloakscale Chemist
[Turn 10, Step 44] Agent: 유효하지 않은 액션 인덱스(49) → 4로 보정
[Turn 10, Step 44] Agent: 카드 플레이 - Spawn of N'Zoth (코스트: 3)

--- Game State (Turn 10, Step 45) ---
Agent: Jaina Proudmoore HP: 25, Mana: 5/10
  Hand (5): Mimiron's Head, Anubisath Warbringer, Master Oakheart, Corrupted Healbot, Igneous Elemental
  Field: Spawn of N'Zoth[2/2]
Opponent: Rexxar HP: 23, Mana: 1/10
  Hand (3)
  Field: Swamp Dragon Egg[0/1], Raptor[5/5], Cloakscale Chemist[1/1], Bright-Eyed Scout[3/4], Bonemare[5/5]
[Turn 10, Step 45] Agent: 유효하지 않은 액션 인덱스(18) → 2로 보정
[Turn 10, Step 45] Agent: 카드 플레이 - Corrupted Healbot (코스트: 5)
[Turn 10, Step 46] Agent: 유효하지 않은 액션 인덱스(91) → 0로 보정
[Turn 10, Step 46] Agent: 턴 종료

[Turn 10] === Opponent's Turn ===
[Turn 10, Step 46] Opponent: 공격 - Raptor[5/5] -> Jaina Proudmoore
[Turn 10, Step 46] Opponent: 공격 - Cloakscale Chemist[1/1] -> Corrupted Healbot
[Turn 10, Step 46] Opponent: 카드 플레이 - Sideshow Spelleater (코스트: 6)
[Turn 10, Step 46] Opponent: 턴 종료
[Turn 10, Step 47] Agent: 유효하지 않은 액션 인덱스(38) → 4로 보정
[Turn 10, Step 47] Agent: 카드 플레이 - Igneous Elemental (코스트: 3)
[Turn 10, Step 48] Agent: 유효하지 않은 액션 인덱스(98) → 8로 보정
[Turn 10, Step 48] Agent: 영웅 능력 사용 -> Bonemare
[Turn 10, Step 49] Agent: 유효하지 않은 액션 인덱스(56) → 1로 보정
[Turn 10, Step 49] Agent: 카드 플레이 - Mimiron's Head (코스트: 5)

--- Game State (Turn 10, Step 50) ---
Agent: Jaina Proudmoore HP: 20, Mana: 0/10
  Hand (3): Anubisath Warbringer, Master Oakheart, Splitting Image
  Field: Spawn of N'Zoth[2/2], Corrupted Healbot[6/5], Igneous Elemental[2/3], Mimiron's Head[4/5]
Opponent: Rexxar HP: 23, Mana: 4/10
  Hand (3)
  Field: Swamp Dragon Egg[0/1], Raptor[5/5], Bright-Eyed Scout[3/4], Bonemare[5/4], Sideshow Spelleater[6/5]
[Turn 10, Step 50] Agent: 유효하지 않은 액션 인덱스(61) → 1로 보정
[Turn 10, Step 50] Agent: 공격 - Spawn of N'Zoth[2/2] -> Raptor
[Turn 10, Step 51] Agent: 유효하지 않은 액션 인덱스(36) → 0로 보정
[Turn 10, Step 51] Agent: 턴 종료

[Turn 10] === Opponent's Turn ===
[Turn 10, Step 51] Opponent: 공격 - Raptor[5/3] -> Igneous Elemental
[Turn 10, Step 51] Opponent: 공격 - Bonemare[5/4] -> Jaina Proudmoore
[Turn 10, Step 51] Opponent: 턴 종료
[Turn 10, Step 52] Agent: 유효하지 않은 액션 인덱스(53) → 3로 보정
[Turn 10, Step 52] Agent: 카드 플레이 - Splitting Image (코스트: 3)
[Turn 10, Step 53] Agent: 유효하지 않은 액션 인덱스(66) → 0로 보정
[Turn 10, Step 53] Agent: 턴 종료

[Turn 10] === Opponent's Turn ===
[Turn 10, Step 53] Opponent: 영웅 능력 사용 -> Rexxar
[Turn 10, Step 53] Opponent: 턴 종료
[Turn 10, Step 54] Agent: 유효하지 않은 액션 인덱스(37) → 12로 보정
[Turn 10, Step 54] Agent: 영웅 능력 사용 -> Corrupted Healbot

--- Game State (Turn 10, Step 55) ---
Agent: Jaina Proudmoore HP: 15, Mana: 8/10
  Hand (6): Anubisath Warbringer, Master Oakheart, Flame Elemental, Flame Elemental, Wailing Soul, Scaleworm
  Field: Corrupted Healbot[7/5], Mimiron's Head[5/6]
Opponent: Rexxar HP: 22, Mana: 8/10
  Hand (5)
  Field: Swamp Dragon Egg[0/1], Bright-Eyed Scout[3/4], Bonemare[5/4], Sideshow Spelleater[6/5]
[Turn 10, Step 55] Agent: 유효하지 않은 액션 인덱스(68) → 8로 보정
[Turn 10, Step 55] Agent: 공격 - Corrupted Healbot[7/5] -> Bonemare
[Turn 10, Step 56] Agent: 유효하지 않은 액션 인덱스(63) → 0로 보정
[Turn 10, Step 56] Agent: 턴 종료

[Turn 10] === Opponent's Turn ===
[Turn 10, Step 56] Opponent: 공격 - Sideshow Spelleater[6/5] -> Jaina Proudmoore
[Turn 10, Step 56] Opponent: 공격 - Bright-Eyed Scout[3/4] -> Jaina Proudmoore
[Turn 10, Step 56] Opponent: 카드 플레이 - Jeweled Scarab (코스트: 2)
[Turn 10, Step 56] Opponent: 선택 - Blistering Rot
[Turn 10, Step 56] Opponent: 카드 플레이 - Flight Master (코스트: 3)
[Turn 10, Step 56] Opponent: 영웅 능력 사용 -> Sideshow Spelleater
[Turn 10, Step 56] Opponent: 카드 플레이 - Blistering Rot (코스트: 3)
[Turn 10, Step 56] Opponent: 턴 종료
[Turn 10, Step 57] Agent: 유효하지 않은 액션 인덱스(84) → 14로 보정
[Turn 10, Step 57] Agent: 영웅 능력 사용 -> Jeweled Scarab
[Turn 10, Step 58] Agent: 공격 - Mimiron's Head[5/6] -> Gryphon
[Turn 10, Step 59] Agent: 유효하지 않은 액션 인덱스(21) → 9로 보정
[Turn 10, Step 59] Agent: 공격 - Gryphon[2/2] -> Sideshow Spelleater

--- Game State (Turn 10, Step 60) ---
Agent: Jaina Proudmoore HP: 6, Mana: 8/10
  Hand (7): Sunreaver Warmage, Anubisath Warbringer, Master Oakheart, Flame Elemental, Flame Elemental, Wailing Soul, Scaleworm
  Field: Mimiron's Head[5/4]
Opponent: Rexxar HP: 30, Mana: 0/10
  Hand (4)
  Field: Swamp Dragon Egg[0/1], Bright-Eyed Scout[3/4], Sideshow Spelleater[6/2], Flight Master[3/4], Blistering Rot[1/2]
[Turn 10, Step 60] Agent: 유효하지 않은 액션 인덱스(84) → 0로 보정
[Turn 10, Step 60] Agent: 턴 종료

[Turn 10] === Opponent's Turn ===
[Turn 10, Step 60] Opponent: 영웅 능력 사용 -> Swamp Dragon Egg
[Turn 10, Step 60] Opponent: 턴 종료
[Turn 10, Step 61] Agent: 유효하지 않은 액션 인덱스(88) → 19로 보정
[Turn 10, Step 61] Agent: 공격 - Mimiron's Head[5/4] -> Sideshow Spelleater
[Turn 10, Step 62] Agent: 유효하지 않은 액션 인덱스(38) → 8로 보정
[Turn 10, Step 62] Agent: 카드 플레이 - Void Ripper (코스트: 3)
[Turn 10, Step 63] Agent: 유효하지 않은 액션 인덱스(69) → 4로 보정
[Turn 10, Step 63] Agent: 카드 플레이 - Wailing Soul (코스트: 4)
[Turn 10, Step 64] Agent: 유효하지 않은 액션 인덱스(69) → 3로 보정
[Turn 10, Step 64] Agent: 영웅 능력 사용 -> Jaina Proudmoore

--- Game State (Turn 10, Step 65) ---
Agent: Jaina Proudmoore HP: 5, Mana: 1/10
  Hand (6): Sunreaver Warmage, Anubisath Warbringer, Master Oakheart, Flame Elemental, Flame Elemental, Scaleworm
  Field: Void Ripper[3/3], Wailing Soul[3/5]
Opponent: Rexxar HP: 30, Mana: 8/10
  Hand (6)
  Field: Bright-Eyed Scout[4/3], Flight Master[4/3], Blistering Rot[2/1], Living Rot[2/1]
[Turn 10, Step 65] Agent: 유효하지 않은 액션 인덱스(76) → 1로 보정
[Turn 10, Step 65] Agent: 카드 플레이 - Flame Elemental (코스트: 1)
[Turn 10, Step 66] Agent: 유효하지 않은 액션 인덱스(24) → 0로 보정
[Turn 10, Step 66] Agent: 턴 종료

[Turn 10] === Opponent's Turn ===
[Turn 10, Step 66] Opponent: 영웅 능력 사용 -> Blistering Rot
[Turn 10, Step 66] Opponent: 카드 플레이 - Backroom Bouncer (코스트: 4)
[Turn 10, Step 66] Opponent: 턴 종료
[Turn 10, Step 67] Agent: 공격 - Wailing Soul[3/5] -> Living Rot
[Turn 10, Step 68] Agent: 유효하지 않은 액션 인덱스(90) → 21로 보정
[Turn 10, Step 68] Agent: 공격 - Flame Elemental[1/2] -> Flight Master
[Turn 10, Step 69] Agent: 유효하지 않은 액션 인덱스(93) → 3로 보정
[Turn 10, Step 69] Agent: 카드 플레이 - Master Oakheart (코스트: 9)

--- Game State (Turn 10, Step 70) ---
Agent: Jaina Proudmoore HP: 5, Mana: 1/10
  Hand (5): Sunreaver Warmage, Anubisath Warbringer, Flame Elemental, Scaleworm, Bright-Eyed Scout
  Field: Void Ripper[3/3], Wailing Soul[3/3], Master Oakheart[5/5], Loot Hoarder[2/1], Swamp Leech[2/1]
Opponent: Rexxar HP: 30, Mana: 4/10
  Hand (6)
  Field: Bright-Eyed Scout[4/3], Flight Master[4/2], Backroom Bouncer[5/4]
[Turn 10, Step 70] Agent: 유효하지 않은 액션 인덱스(80) → 2로 보정
[Turn 10, Step 70] Agent: 공격 - Void Ripper[3/3] -> Rexxar
[Turn 10, Step 71] Agent: 유효하지 않은 액션 인덱스(57) → 1로 보정
[Turn 10, Step 71] Agent: 카드 플레이 - Flame Elemental (코스트: 1)
[Turn 10, Step 72] Agent: 유효하지 않은 액션 인덱스(95) → 0로 보정
[Turn 10, Step 72] Agent: 턴 종료

[Turn 10] === Opponent's Turn ===
[Turn 10, Step 72] Opponent: 턴 종료
[Turn 10, Step 73] Agent: 공격 - Master Oakheart[5/5] -> Rexxar
[Turn 10, Step 74] Agent: 유효하지 않은 액션 인덱스(47) → 10로 보정
[Turn 10, Step 74] Agent: 영웅 능력 사용 -> Void Ripper

--- Game State (Turn 10, Step 75) ---
Agent: Jaina Proudmoore HP: 5, Mana: 8/10
  Hand (5): Sunreaver Warmage, Anubisath Warbringer, Scaleworm, Bright-Eyed Scout, Spellshifter
  Field: Void Ripper[3/2], Wailing Soul[3/3], Master Oakheart[5/5], Loot Hoarder[2/1], Swamp Leech[2/1], Flame Elemental[1/2]
Opponent: Rexxar HP: 22, Mana: 10/10
  Hand (7)
  Field: Bright-Eyed Scout[4/3], Flight Master[4/2], Backroom Bouncer[5/4]
[Turn 10, Step 75] Agent: 유효하지 않은 액션 인덱스(90) → 15로 보정
[Turn 10, Step 75] Agent: 공격 - Loot Hoarder[2/1] -> Flight Master
[Turn 10, Step 76] Agent: 유효하지 않은 액션 인덱스(97) → 7로 보정
[Turn 10, Step 76] Agent: 공격 - Void Ripper[3/2] -> Bright-Eyed Scout
[Turn 10, Step 77] Agent: 유효하지 않은 액션 인덱스(58) → 10로 보정
[Turn 10, Step 77] Agent: 공격 - Flame Elemental[1/2] -> Rexxar
[Turn 10, Step 78] Agent: 유효하지 않은 액션 인덱스(36) → 6로 보정
[Turn 10, Step 78] Agent: 공격 - Wailing Soul[3/3] -> Rexxar
[Turn 10, Step 79] Agent: 유효하지 않은 액션 인덱스(74) → 2로 보정
[Turn 10, Step 79] Agent: 카드 플레이 - Scaleworm (코스트: 4)

--- Game State (Turn 10, Step 80) ---
Agent: Jaina Proudmoore HP: 5, Mana: 4/10
  Hand (5): Sunreaver Warmage, Anubisath Warbringer, Bright-Eyed Scout, Spellshifter, Pit Fighter
  Field: Wailing Soul[3/3], Master Oakheart[5/5], Swamp Leech[2/1], Flame Elemental[1/2], Scaleworm[4/4]
Opponent: Rexxar HP: 18, Mana: 10/10
  Hand (7)
  Field: Backroom Bouncer[7/4]
[Turn 10, Step 80] Agent: 유효하지 않은 액션 인덱스(39) → 4로 보정
[Turn 10, Step 80] Agent: 공격 - Swamp Leech[2/1] -> Backroom Bouncer
[Turn 10, Step 81] Agent: 유효하지 않은 액션 인덱스(51) → 0로 보정
[Turn 10, Step 81] Agent: 턴 종료

[Turn 10] === Opponent's Turn ===
[Turn 10, Step 81] Opponent: 턴 종료
[Turn 10, Step 82] Agent: 카드 플레이 - Spellshifter (코스트: 2)
[Turn 10, Step 83] Agent: 유효하지 않은 액션 인덱스(51) → 9로 보정
[Turn 10, Step 83] Agent: 영웅 능력 사용 -> Master Oakheart
[Turn 10, Step 84] Agent: 유효하지 않은 액션 인덱스(57) → 5로 보정
[Turn 10, Step 84] Agent: 공격 - Wailing Soul[3/3] -> Rexxar

--- Game State (Turn 10, Step 85) ---
Agent: Jaina Proudmoore HP: 7, Mana: 6/10
  Hand (5): Sunreaver Warmage, Anubisath Warbringer, Bright-Eyed Scout, Pit Fighter, Target Dummy
  Field: Wailing Soul[3/3], Master Oakheart[5/4], Flame Elemental[1/2], Scaleworm[4/4], Spellshifter[4/1]
Opponent: Rexxar HP: 15, Mana: 10/10
  Hand (8)
  Field: Backroom Bouncer[7/2]
[Turn 10, Step 85] Agent: 유효하지 않은 액션 인덱스(50) → 6로 보정
[Turn 10, Step 85] Agent: 공격 - Master Oakheart[5/4] -> Backroom Bouncer
[Turn 10, Step 86] Agent: 유효하지 않은 액션 인덱스(71) → 1로 보정
[Turn 10, Step 86] Agent: 카드 플레이 - Sunreaver Warmage (코스트: 5)
[Turn 10, Step 87] Agent: 유효하지 않은 액션 인덱스(73) → 1로 보정
[Turn 10, Step 87] Agent: 카드 플레이 - Target Dummy (코스트: 0)
[Turn 10, Step 88] Agent: 유효하지 않은 액션 인덱스(32) → 2로 보정
[Turn 10, Step 88] Agent: 공격 - Scaleworm[4/4] -> Rexxar
[Turn 10, Step 89] Agent: 유효하지 않은 액션 인덱스(55) → 1로 보정
[Turn 10, Step 89] Agent: 공격 - Flame Elemental[1/2] -> Rexxar

--- Game State (Turn 10, Step 90) ---
Agent: Jaina Proudmoore HP: 7, Mana: 1/10
  Hand (3): Anubisath Warbringer, Bright-Eyed Scout, Pit Fighter
  Field: Wailing Soul[3/3], Flame Elemental[1/2], Scaleworm[4/4], Spellshifter[4/1], Sunreaver Warmage[4/4], Target Dummy[0/2]
Opponent: Rexxar HP: 10, Mana: 10/10
  Hand (8)
[Turn 10, Step 90] Agent: 유효하지 않은 액션 인덱스(13) → 0로 보정
[Turn 10, Step 90] Agent: 턴 종료

[Turn 10] === Opponent's Turn ===
[Turn 10, Step 90] Opponent: 영웅 능력 사용 -> Sunreaver Warmage
[Turn 10, Step 90] Opponent: 턴 종료
[Turn 10, Step 91] Agent: 유효하지 않은 액션 인덱스(99) → 9로 보정
[Turn 10, Step 91] Agent: 영웅 능력 사용 -> Scaleworm
[Turn 10, Step 92] Agent: 유효하지 않은 액션 인덱스(70) → 7로 보정
[Turn 10, Step 92] Agent: 공격 - Spellshifter[4/1] -> Rexxar
[Turn 10, Step 93] Agent: 유효하지 않은 액션 인덱스(76) → 4로 보정
[Turn 10, Step 93] Agent: 공격 - Wailing Soul[3/3] -> Rexxar
[Turn 10, Step 94] Agent: 유효하지 않은 액션 인덱스(27) → 6로 보정
[Turn 10, Step 94] Agent: 공격 - Sunreaver Warmage[4/3] -> Rexxar

--- Game State (Turn 10, Step 95) ---
Agent: Jaina Proudmoore HP: 7, Mana: 8/10
  Hand (4): Anubisath Warbringer, Bright-Eyed Scout, Pit Fighter, Southsea Deckhand
  Field: Wailing Soul[3/3], Flame Elemental[1/2], Scaleworm[4/3], Spellshifter[4/1], Sunreaver Warmage[4/3], Target Dummy[0/2]
Opponent: Rexxar HP: 0, Mana: 8/10
  Hand (9)

--- Game State (Turn 10, Step 95) ---
Agent: Jaina Proudmoore HP: 7, Mana: 8/10
  Hand (4): Anubisath Warbringer, Bright-Eyed Scout, Pit Fighter, Southsea Deckhand
  Field: Wailing Soul[3/3], Flame Elemental[1/2], Scaleworm[4/3], Spellshifter[4/1], Sunreaver Warmage[4/3], Target Dummy[0/2]
Opponent: Rexxar HP: 0, Mana: 8/10
  Hand (9)

============================================================
게임 종료 - Terminated: True, Truncated: False
승자: Agent
============================================================

