============================================================
NEW GAME STARTED
Agent: HERO_08 vs Opponent: HERO_05
Action Masking: OFF
Masking Expected: OFF
============================================================
[Turn 1, Step 0] Agent: 턴 종료

[Turn 1] === Opponent's Turn ===
[Turn 1, Step 0] Opponent: 카드 플레이 - The Coin (코스트: 0)
[Turn 1, Step 0] Opponent: 카드 플레이 - Mechwarper (코스트: 2)
[Turn 1, Step 0] Opponent: 턴 종료
[Turn 2, Step 1] Agent: 영웅 능력 사용 -> Jaina Proudmoore
[Turn 2, Step 2] Agent: 턴 종료

[Turn 2] === Opponent's Turn ===
[Turn 2, Step 2] Opponent: 공격 - Mechwarper[2/3] -> Jaina Proudmoore
[Turn 2, Step 2] Opponent: 턴 종료
[Turn 3, Step 3] Agent: 카드 플레이 - Ironbeak Owl -> Mechwarper (코스트: 3)
[Turn 3, Step 4] Agent: 턴 종료

[Turn 3] === Opponent's Turn ===
[Turn 3, Step 4] Opponent: 턴 종료

--- Game State (Turn 4, Step 5) ---
Agent: Jaina Proudmoore HP: 27, Mana: 4/4
  Hand (6): Lotus Agents, Gazlowe, Curio Collector, Omega Defender, Marsh Drake, Frostwolf Warlord
  Field: Ironbeak Owl[2/1]
Opponent: Rexxar HP: 30, Mana: 3/3
  Hand (6)
  Field: Mechwarper[2/3]
[Turn 4, Step 5] Agent: 카드 플레이 - Omega Defender (코스트: 4)
[Turn 4, Step 6] Agent: 공격 - Ironbeak Owl[2/1] -> Rexxar
[Turn 4, Step 7] Agent: 턴 종료

[Turn 4] === Opponent's Turn ===
[Turn 4, Step 7] Opponent: 카드 플레이 - Crackling Razormaw (코스트: 2)
[Turn 4, Step 7] Opponent: 카드 플레이 - Steamwheedle Sniper (코스트: 2)
[Turn 4, Step 7] Opponent: 공격 - Mechwarper[2/3] -> Omega Defender
[Turn 4, Step 7] Opponent: 턴 종료
[Turn 5, Step 8] Agent: 카드 플레이 - Elise Starseeker (코스트: 4)
[Turn 5, Step 9] Agent: 공격 - Ironbeak Owl[2/1] -> Rexxar

--- Game State (Turn 5, Step 10) ---
Agent: Jaina Proudmoore HP: 27, Mana: 1/5
  Hand (5): Lotus Agents, Gazlowe, Curio Collector, Marsh Drake, Frostwolf Warlord
  Field: Ironbeak Owl[2/1], Omega Defender[2/4], Elise Starseeker[3/5]
Opponent: Rexxar HP: 26, Mana: 0/4
  Hand (5)
  Field: Mechwarper[2/1], Crackling Razormaw[3/2], Steamwheedle Sniper[2/3]
[Turn 5, Step 10] Agent: 공격 - Omega Defender[2/4] -> Rexxar
[Turn 5, Step 11] Agent: 턴 종료

[Turn 5] === Opponent's Turn ===
[Turn 5, Step 11] Opponent: 공격 - Crackling Razormaw[3/2] -> Omega Defender
[Turn 5, Step 11] Opponent: 카드 플레이 - Wretched Tiller (코스트: 1)
[Turn 5, Step 11] Opponent: 카드 플레이 - Patches the Pirate (코스트: 1)
[Turn 5, Step 11] Opponent: 카드 플레이 - Sir Finley Mrrgglton (코스트: 1)
[Turn 5, Step 11] Opponent: 선택 - Fireblast
[Turn 5, Step 11] Opponent: 턴 종료
[Turn 6, Step 12] Agent: 공격 - Elise Starseeker[3/5] -> Rexxar
[Turn 6, Step 13] Agent: 카드 플레이 - Lotus Agents (코스트: 5)
[Turn 6, Step 14] Agent: 선택 - Claw
[Turn 6, Step 14] Agent: 턴 종료

[Turn 6] === Opponent's Turn ===
[Turn 6, Step 14] Opponent: 카드 플레이 - Toxmonger (코스트: 4)
[Turn 6, Step 14] Opponent: 영웅 능력 사용 -> Wretched Tiller
[Turn 6, Step 14] Opponent: 턴 종료

--- Game State (Turn 7, Step 15) ---
Agent: Jaina Proudmoore HP: 27, Mana: 7/7
  Hand (7): Gazlowe, Curio Collector, Marsh Drake, Frostwolf Warlord, Imprisoned Vilefiend, Claw, Blazing Battlemage
  Field: Ironbeak Owl[2/1], Omega Defender[2/1], Elise Starseeker[3/5], Lotus Agents[5/3]
Opponent: Rexxar HP: 21, Mana: 0/6
  Hand (3)
  Field: Mechwarper[2/1], Steamwheedle Sniper[2/3], Patches the Pirate[1/1], Sir Finley Mrrgglton[1/3], Toxmonger[2/4]
[Turn 7, Step 15] Agent: 공격 - Lotus Agents[5/3] -> Mechwarper
[Turn 7, Step 16] Agent: 공격 - Elise Starseeker[3/5] -> Steamwheedle Sniper
[Turn 7, Step 17] Agent: 카드 플레이 - Gazlowe (코스트: 6)
[Turn 7, Step 18] Agent: 카드 플레이 - Claw (코스트: 1)
[Turn 7, Step 19] Agent: 공격 - Ironbeak Owl[2/1] -> Rexxar

--- Game State (Turn 7, Step 20) ---
Agent: Jaina Proudmoore HP: 27, Mana: 0/7
  Hand (6): Curio Collector, Marsh Drake, Frostwolf Warlord, Imprisoned Vilefiend, Blazing Battlemage, Steel Rager
  Field: Ironbeak Owl[2/1], Omega Defender[2/1], Elise Starseeker[3/3], Lotus Agents[5/1], Gazlowe[3/6]
Opponent: Rexxar HP: 19, Mana: 0/6
  Hand (3)
  Field: Patches the Pirate[1/1], Sir Finley Mrrgglton[1/3], Toxmonger[2/4]
[Turn 7, Step 20] Agent: 공격 - Omega Defender[2/1] -> Rexxar
[Turn 7, Step 21] Agent: 공격 - Jaina Proudmoore[2/27] -> Rexxar
[Turn 7, Step 22] Agent: 턴 종료

[Turn 7] === Opponent's Turn ===
[Turn 7, Step 22] Opponent: 영웅 능력 사용 -> Jaina Proudmoore
[Turn 7, Step 22] Opponent: 카드 플레이 - Murloc Tinyfin (코스트: 0)
[Turn 7, Step 22] Opponent: 공격 - Sir Finley Mrrgglton[1/3] -> Omega Defender
[Turn 7, Step 22] Opponent: 공격 - Patches the Pirate[1/1] -> Lotus Agents
[Turn 7, Step 22] Opponent: 턴 종료
[Turn 8, Step 23] Agent: 카드 플레이 - Curio Collector (코스트: 5)
[Turn 8, Step 24] Agent: 카드 플레이 - Marsh Drake (코스트: 3)

--- Game State (Turn 8, Step 25) ---
Agent: Jaina Proudmoore HP: 27, Mana: 0/8
  Hand (5): Frostwolf Warlord, Imprisoned Vilefiend, Blazing Battlemage, Steel Rager, Hoarding Dragon
  Field: Ironbeak Owl[2/1], Elise Starseeker[3/3], Gazlowe[3/6], Curio Collector[4/4], Marsh Drake[5/4]
Opponent: Rexxar HP: 15, Mana: 5/7
  Hand (3)
  Field: Sir Finley Mrrgglton[1/1], Toxmonger[2/4], Murloc Tinyfin[1/1], Drakeslayer[2/1]
[Turn 8, Step 25] Agent: 공격 - Ironbeak Owl[2/1] -> Rexxar
[Turn 8, Step 26] Agent: 공격 - Elise Starseeker[3/3] -> Rexxar
[Turn 8, Step 27] Agent: 공격 - Gazlowe[3/6] -> Rexxar
[Turn 8, Step 28] Agent: 턴 종료

[Turn 8] === Opponent's Turn ===
[Turn 8, Step 28] Opponent: 공격 - Drakeslayer[2/1] -> Elise Starseeker
[Turn 8, Step 28] Opponent: 영웅 능력 사용 -> Murloc Tinyfin
[Turn 8, Step 28] Opponent: 공격 - Sir Finley Mrrgglton[1/1] -> Gazlowe
[Turn 8, Step 28] Opponent: 턴 종료
[Turn 9, Step 29] Agent: 카드 플레이 - Frostwolf Warlord (코스트: 5)

--- Game State (Turn 9, Step 30) ---
Agent: Jaina Proudmoore HP: 27, Mana: 4/9
  Hand (5): Imprisoned Vilefiend, Blazing Battlemage, Steel Rager, Hoarding Dragon, Stoneskin Basilisk
  Field: Ironbeak Owl[2/1], Gazlowe[3/5], Curio Collector[4/4], Marsh Drake[5/4], Frostwolf Warlord[8/8]
Opponent: Rexxar HP: 7, Mana: 6/8
  Hand (4)
  Field: Toxmonger[2/4]
[Turn 9, Step 30] Agent: 카드 플레이 - Imprisoned Vilefiend (코스트: 2)
[Turn 9, Step 31] Agent: 카드 플레이 - Blazing Battlemage (코스트: 1)
[Turn 9, Step 32] Agent: 공격 - Ironbeak Owl[2/1] -> Rexxar
[Turn 9, Step 33] Agent: 공격 - Gazlowe[3/5] -> Rexxar
[Turn 9, Step 34] Agent: 공격 - Curio Collector[4/4] -> Rexxar

--- Game State (Turn 9, Step 35) ---
Agent: Jaina Proudmoore HP: 27, Mana: 1/9
  Hand (3): Steel Rager, Hoarding Dragon, Stoneskin Basilisk
  Field: Ironbeak Owl[2/1], Gazlowe[3/5], Curio Collector[4/4], Marsh Drake[5/4], Frostwolf Warlord[8/8], Imprisoned Vilefiend[3/5], Blazing Battlemage[2/2]
Opponent: Rexxar HP: 0, Mana: 6/8
  Hand (4)
  Field: Toxmonger[2/4]

--- Game State (Turn 9, Step 35) ---
Agent: Jaina Proudmoore HP: 27, Mana: 1/9
  Hand (3): Steel Rager, Hoarding Dragon, Stoneskin Basilisk
  Field: Ironbeak Owl[2/1], Gazlowe[3/5], Curio Collector[4/4], Marsh Drake[5/4], Frostwolf Warlord[8/8], Imprisoned Vilefiend[3/5], Blazing Battlemage[2/2]
Opponent: Rexxar HP: 0, Mana: 6/8
  Hand (4)
  Field: Toxmonger[2/4]

============================================================
게임 종료 - Terminated: True, Truncated: False
승자: Agent
============================================================

